#Timing report of worst 26 path(s)
# Unit scale: 1e-09 seconds
# Output precision: 3

#Path 1
Startpoint: G1.inpad[0] (.input clocked by virtual_io_clock)
Endpoint  : out:G878.outpad[0] (.output clocked by virtual_io_clock)
Path Type : setup

Point                                                             Incr      Path
--------------------------------------------------------------------------------
clock virtual_io_clock (rise edge)                               0.000     0.000
clock source latency                                             0.000     0.000
input external delay                                             0.000     0.000
G1.inpad[0] (.input)                                             0.000     0.000
new_n114.in[0] (.names)                                          1.014     1.014
new_n114.out[0] (.names)                                         0.261     1.275
new_n113.in[2] (.names)                                          1.014     2.289
new_n113.out[0] (.names)                                         0.261     2.550
new_n123.in[1] (.names)                                          1.014     3.563
new_n123.out[0] (.names)                                         0.261     3.824
new_n121.in[0] (.names)                                          1.014     4.838
new_n121.out[0] (.names)                                         0.261     5.099
new_n143.in[0] (.names)                                          1.014     6.113
new_n143.out[0] (.names)                                         0.261     6.374
new_n142.in[0] (.names)                                          1.014     7.388
new_n142.out[0] (.names)                                         0.261     7.649
G878.in[1] (.names)                                              1.014     8.663
G878.out[0] (.names)                                             0.261     8.924
out:G878.outpad[0] (.output)                                     1.014     9.938
data arrival time                                                          9.938

clock virtual_io_clock (rise edge)                               0.000     0.000
clock source latency                                             0.000     0.000
clock uncertainty                                                0.000     0.000
output external delay                                            0.000     0.000
data required time                                                         0.000
--------------------------------------------------------------------------------
data required time                                                         0.000
data arrival time                                                         -9.938
--------------------------------------------------------------------------------
slack (VIOLATED)                                                          -9.938


#Path 2
Startpoint: G1.inpad[0] (.input clocked by virtual_io_clock)
Endpoint  : out:G876.outpad[0] (.output clocked by virtual_io_clock)
Path Type : setup

Point                                                             Incr      Path
--------------------------------------------------------------------------------
clock virtual_io_clock (rise edge)                               0.000     0.000
clock source latency                                             0.000     0.000
input external delay                                             0.000     0.000
G1.inpad[0] (.input)                                             0.000     0.000
new_n114.in[0] (.names)                                          1.014     1.014
new_n114.out[0] (.names)                                         0.261     1.275
new_n113.in[2] (.names)                                          1.014     2.289
new_n113.out[0] (.names)                                         0.261     2.550
new_n123.in[1] (.names)                                          1.014     3.563
new_n123.out[0] (.names)                                         0.261     3.824
new_n121.in[0] (.names)                                          1.014     4.838
new_n121.out[0] (.names)                                         0.261     5.099
new_n143.in[0] (.names)                                          1.014     6.113
new_n143.out[0] (.names)                                         0.261     6.374
new_n142.in[0] (.names)                                          1.014     7.388
new_n142.out[0] (.names)                                         0.261     7.649
G876.in[0] (.names)                                              1.014     8.663
G876.out[0] (.names)                                             0.261     8.924
out:G876.outpad[0] (.output)                                     1.014     9.938
data arrival time                                                          9.938

clock virtual_io_clock (rise edge)                               0.000     0.000
clock source latency                                             0.000     0.000
clock uncertainty                                                0.000     0.000
output external delay                                            0.000     0.000
data required time                                                         0.000
--------------------------------------------------------------------------------
data required time                                                         0.000
data arrival time                                                         -9.938
--------------------------------------------------------------------------------
slack (VIOLATED)                                                          -9.938


#Path 3
Startpoint: G1.inpad[0] (.input clocked by virtual_io_clock)
Endpoint  : out:G880.outpad[0] (.output clocked by virtual_io_clock)
Path Type : setup

Point                                                             Incr      Path
--------------------------------------------------------------------------------
clock virtual_io_clock (rise edge)                               0.000     0.000
clock source latency                                             0.000     0.000
input external delay                                             0.000     0.000
G1.inpad[0] (.input)                                             0.000     0.000
new_n114.in[0] (.names)                                          1.014     1.014
new_n114.out[0] (.names)                                         0.261     1.275
new_n113.in[2] (.names)                                          1.014     2.289
new_n113.out[0] (.names)                                         0.261     2.550
new_n123.in[1] (.names)                                          1.014     3.563
new_n123.out[0] (.names)                                         0.261     3.824
new_n121.in[0] (.names)                                          1.014     4.838
new_n121.out[0] (.names)                                         0.261     5.099
new_n156.in[0] (.names)                                          1.014     6.113
new_n156.out[0] (.names)                                         0.261     6.374
new_n170.in[0] (.names)                                          1.014     7.388
new_n170.out[0] (.names)                                         0.261     7.649
G880.in[1] (.names)                                              1.014     8.663
G880.out[0] (.names)                                             0.261     8.924
out:G880.outpad[0] (.output)                                     1.014     9.938
data arrival time                                                          9.938

clock virtual_io_clock (rise edge)                               0.000     0.000
clock source latency                                             0.000     0.000
clock uncertainty                                                0.000     0.000
output external delay                                            0.000     0.000
data required time                                                         0.000
--------------------------------------------------------------------------------
data required time                                                         0.000
data arrival time                                                         -9.938
--------------------------------------------------------------------------------
slack (VIOLATED)                                                          -9.938


#Path 4
Startpoint: G1.inpad[0] (.input clocked by virtual_io_clock)
Endpoint  : out:G879.outpad[0] (.output clocked by virtual_io_clock)
Path Type : setup

Point                                                             Incr      Path
--------------------------------------------------------------------------------
clock virtual_io_clock (rise edge)                               0.000     0.000
clock source latency                                             0.000     0.000
input external delay                                             0.000     0.000
G1.inpad[0] (.input)                                             0.000     0.000
new_n114.in[0] (.names)                                          1.014     1.014
new_n114.out[0] (.names)                                         0.261     1.275
new_n113.in[2] (.names)                                          1.014     2.289
new_n113.out[0] (.names)                                         0.261     2.550
new_n123.in[1] (.names)                                          1.014     3.563
new_n123.out[0] (.names)                                         0.261     3.824
new_n121.in[0] (.names)                                          1.014     4.838
new_n121.out[0] (.names)                                         0.261     5.099
new_n156.in[0] (.names)                                          1.014     6.113
new_n156.out[0] (.names)                                         0.261     6.374
new_n164.in[0] (.names)                                          1.014     7.388
new_n164.out[0] (.names)                                         0.261     7.649
G879.in[1] (.names)                                              1.014     8.663
G879.out[0] (.names)                                             0.261     8.924
out:G879.outpad[0] (.output)                                     1.014     9.938
data arrival time                                                          9.938

clock virtual_io_clock (rise edge)                               0.000     0.000
clock source latency                                             0.000     0.000
clock uncertainty                                                0.000     0.000
output external delay                                            0.000     0.000
data required time                                                         0.000
--------------------------------------------------------------------------------
data required time                                                         0.000
data arrival time                                                         -9.938
--------------------------------------------------------------------------------
slack (VIOLATED)                                                          -9.938


#Path 5
Startpoint: G1.inpad[0] (.input clocked by virtual_io_clock)
Endpoint  : out:G877.outpad[0] (.output clocked by virtual_io_clock)
Path Type : setup

Point                                                             Incr      Path
--------------------------------------------------------------------------------
clock virtual_io_clock (rise edge)                               0.000     0.000
clock source latency                                             0.000     0.000
input external delay                                             0.000     0.000
G1.inpad[0] (.input)                                             0.000     0.000
new_n114.in[0] (.names)                                          1.014     1.014
new_n114.out[0] (.names)                                         0.261     1.275
new_n113.in[2] (.names)                                          1.014     2.289
new_n113.out[0] (.names)                                         0.261     2.550
new_n123.in[1] (.names)                                          1.014     3.563
new_n123.out[0] (.names)                                         0.261     3.824
new_n121.in[0] (.names)                                          1.014     4.838
new_n121.out[0] (.names)                                         0.261     5.099
new_n156.in[0] (.names)                                          1.014     6.113
new_n156.out[0] (.names)                                         0.261     6.374
new_n155.in[2] (.names)                                          1.014     7.388
new_n155.out[0] (.names)                                         0.261     7.649
G877.in[4] (.names)                                              1.014     8.663
G877.out[0] (.names)                                             0.261     8.924
out:G877.outpad[0] (.output)                                     1.014     9.938
data arrival time                                                          9.938

clock virtual_io_clock (rise edge)                               0.000     0.000
clock source latency                                             0.000     0.000
clock uncertainty                                                0.000     0.000
output external delay                                            0.000     0.000
data required time                                                         0.000
--------------------------------------------------------------------------------
data required time                                                         0.000
data arrival time                                                         -9.938
--------------------------------------------------------------------------------
slack (VIOLATED)                                                          -9.938


#Path 6
Startpoint: G1.inpad[0] (.input clocked by virtual_io_clock)
Endpoint  : out:G873.outpad[0] (.output clocked by virtual_io_clock)
Path Type : setup

Point                                                             Incr      Path
--------------------------------------------------------------------------------
clock virtual_io_clock (rise edge)                               0.000     0.000
clock source latency                                             0.000     0.000
input external delay                                             0.000     0.000
G1.inpad[0] (.input)                                             0.000     0.000
new_n114.in[0] (.names)                                          1.014     1.014
new_n114.out[0] (.names)                                         0.261     1.275
new_n113.in[2] (.names)                                          1.014     2.289
new_n113.out[0] (.names)                                         0.261     2.550
new_n123.in[1] (.names)                                          1.014     3.563
new_n123.out[0] (.names)                                         0.261     3.824
new_n121.in[0] (.names)                                          1.014     4.838
new_n121.out[0] (.names)                                         0.261     5.099
new_n120.in[2] (.names)                                          1.014     6.113
new_n120.out[0] (.names)                                         0.261     6.374
new_n119.in[4] (.names)                                          1.014     7.388
new_n119.out[0] (.names)                                         0.261     7.649
G873.in[4] (.names)                                              1.014     8.663
G873.out[0] (.names)                                             0.261     8.924
out:G873.outpad[0] (.output)                                     1.014     9.938
data arrival time                                                          9.938

clock virtual_io_clock (rise edge)                               0.000     0.000
clock source latency                                             0.000     0.000
clock uncertainty                                                0.000     0.000
output external delay                                            0.000     0.000
data required time                                                         0.000
--------------------------------------------------------------------------------
data required time                                                         0.000
data arrival time                                                         -9.938
--------------------------------------------------------------------------------
slack (VIOLATED)                                                          -9.938


#Path 7
Startpoint: G1.inpad[0] (.input clocked by virtual_io_clock)
Endpoint  : out:G874.outpad[0] (.output clocked by virtual_io_clock)
Path Type : setup

Point                                                             Incr      Path
--------------------------------------------------------------------------------
clock virtual_io_clock (rise edge)                               0.000     0.000
clock source latency                                             0.000     0.000
input external delay                                             0.000     0.000
G1.inpad[0] (.input)                                             0.000     0.000
new_n114.in[0] (.names)                                          1.014     1.014
new_n114.out[0] (.names)                                         0.261     1.275
new_n113.in[2] (.names)                                          1.014     2.289
new_n113.out[0] (.names)                                         0.261     2.550
new_n110.in[1] (.names)                                          1.014     3.563
new_n110.out[0] (.names)                                         0.261     3.824
new_n132.in[0] (.names)                                          1.014     4.838
new_n132.out[0] (.names)                                         0.261     5.099
new_n131.in[0] (.names)                                          1.014     6.113
new_n131.out[0] (.names)                                         0.261     6.374
G874.in[2] (.names)                                              1.014     7.388
G874.out[0] (.names)                                             0.261     7.649
out:G874.outpad[0] (.output)                                     1.014     8.663
data arrival time                                                          8.663

clock virtual_io_clock (rise edge)                               0.000     0.000
clock source latency                                             0.000     0.000
clock uncertainty                                                0.000     0.000
output external delay                                            0.000     0.000
data required time                                                         0.000
--------------------------------------------------------------------------------
data required time                                                         0.000
data arrival time                                                         -8.663
--------------------------------------------------------------------------------
slack (VIOLATED)                                                          -8.663


#Path 8
Startpoint: G1.inpad[0] (.input clocked by virtual_io_clock)
Endpoint  : out:G875.outpad[0] (.output clocked by virtual_io_clock)
Path Type : setup

Point                                                             Incr      Path
--------------------------------------------------------------------------------
clock virtual_io_clock (rise edge)                               0.000     0.000
clock source latency                                             0.000     0.000
input external delay                                             0.000     0.000
G1.inpad[0] (.input)                                             0.000     0.000
new_n114.in[0] (.names)                                          1.014     1.014
new_n114.out[0] (.names)                                         0.261     1.275
new_n113.in[2] (.names)                                          1.014     2.289
new_n113.out[0] (.names)                                         0.261     2.550
new_n122.in[0] (.names)                                          1.014     3.563
new_n122.out[0] (.names)                                         0.261     3.824
new_n140.in[0] (.names)                                          1.014     4.838
new_n140.out[0] (.names)                                         0.261     5.099
G875.in[2] (.names)                                              1.014     6.113
G875.out[0] (.names)                                             0.261     6.374
out:G875.outpad[0] (.output)                                     1.014     7.388
data arrival time                                                          7.388

clock virtual_io_clock (rise edge)                               0.000     0.000
clock source latency                                             0.000     0.000
clock uncertainty                                                0.000     0.000
output external delay                                            0.000     0.000
data required time                                                         0.000
--------------------------------------------------------------------------------
data required time                                                         0.000
data arrival time                                                         -7.388
--------------------------------------------------------------------------------
slack (VIOLATED)                                                          -7.388


#Path 9
Startpoint: G1.inpad[0] (.input clocked by virtual_io_clock)
Endpoint  : out:G872.outpad[0] (.output clocked by virtual_io_clock)
Path Type : setup

Point                                                             Incr      Path
--------------------------------------------------------------------------------
clock virtual_io_clock (rise edge)                               0.000     0.000
clock source latency                                             0.000     0.000
input external delay                                             0.000     0.000
G1.inpad[0] (.input)                                             0.000     0.000
new_n114.in[0] (.names)                                          1.014     1.014
new_n114.out[0] (.names)                                         0.261     1.275
new_n113.in[2] (.names)                                          1.014     2.289
new_n113.out[0] (.names)                                         0.261     2.550
new_n110.in[1] (.names)                                          1.014     3.563
new_n110.out[0] (.names)                                         0.261     3.824
new_n117.in[2] (.names)                                          1.014     4.838
new_n117.out[0] (.names)                                         0.261     5.099
G872.in[4] (.names)                                              1.014     6.113
G872.out[0] (.names)                                             0.261     6.374
out:G872.outpad[0] (.output)                                     1.014     7.388
data arrival time                                                          7.388

clock virtual_io_clock (rise edge)                               0.000     0.000
clock source latency                                             0.000     0.000
clock uncertainty                                                0.000     0.000
output external delay                                            0.000     0.000
data required time                                                         0.000
--------------------------------------------------------------------------------
data required time                                                         0.000
data arrival time                                                         -7.388
--------------------------------------------------------------------------------
slack (VIOLATED)                                                          -7.388


#Path 10
Startpoint: G3.inpad[0] (.input clocked by virtual_io_clock)
Endpoint  : out:G867.outpad[0] (.output clocked by virtual_io_clock)
Path Type : setup

Point                                                             Incr      Path
--------------------------------------------------------------------------------
clock virtual_io_clock (rise edge)                               0.000     0.000
clock source latency                                             0.000     0.000
input external delay                                             0.000     0.000
G3.inpad[0] (.input)                                             0.000     0.000
new_n101.in[0] (.names)                                          1.014     1.014
new_n101.out[0] (.names)                                         0.261     1.275
G867.in[0] (.names)                                              1.014     2.289
G867.out[0] (.names)                                             0.261     2.550
out:G867.outpad[0] (.output)                                     1.014     3.563
data arrival time                                                          3.563

clock virtual_io_clock (rise edge)                               0.000     0.000
clock source latency                                             0.000     0.000
clock uncertainty                                                0.000     0.000
output external delay                                            0.000     0.000
data required time                                                         0.000
--------------------------------------------------------------------------------
data required time                                                         0.000
data arrival time                                                         -3.563
--------------------------------------------------------------------------------
slack (VIOLATED)                                                          -3.563


#Path 11
Startpoint: G45.inpad[0] (.input clocked by virtual_io_clock)
Endpoint  : out:G871.outpad[0] (.output clocked by virtual_io_clock)
Path Type : setup

Point                                                             Incr      Path
--------------------------------------------------------------------------------
clock virtual_io_clock (rise edge)                               0.000     0.000
clock source latency                                             0.000     0.000
input external delay                                             0.000     0.000
G45.inpad[0] (.input)                                            0.000     0.000
new_n107.in[0] (.names)                                          1.014     1.014
new_n107.out[0] (.names)                                         0.261     1.275
G871.in[0] (.names)                                              1.014     2.289
G871.out[0] (.names)                                             0.261     2.550
out:G871.outpad[0] (.output)                                     1.014     3.563
data arrival time                                                          3.563

clock virtual_io_clock (rise edge)                               0.000     0.000
clock source latency                                             0.000     0.000
clock uncertainty                                                0.000     0.000
output external delay                                            0.000     0.000
data required time                                                         0.000
--------------------------------------------------------------------------------
data required time                                                         0.000
data arrival time                                                         -3.563
--------------------------------------------------------------------------------
slack (VIOLATED)                                                          -3.563


#Path 12
Startpoint: G28.inpad[0] (.input clocked by virtual_io_clock)
Endpoint  : out:G870.outpad[0] (.output clocked by virtual_io_clock)
Path Type : setup

Point                                                             Incr      Path
--------------------------------------------------------------------------------
clock virtual_io_clock (rise edge)                               0.000     0.000
clock source latency                                             0.000     0.000
input external delay                                             0.000     0.000
G28.inpad[0] (.input)                                            0.000     0.000
new_n105.in[0] (.names)                                          1.014     1.014
new_n105.out[0] (.names)                                         0.261     1.275
G870.in[0] (.names)                                              1.014     2.289
G870.out[0] (.names)                                             0.261     2.550
out:G870.outpad[0] (.output)                                     1.014     3.563
data arrival time                                                          3.563

clock virtual_io_clock (rise edge)                               0.000     0.000
clock source latency                                             0.000     0.000
clock uncertainty                                                0.000     0.000
output external delay                                            0.000     0.000
data required time                                                         0.000
--------------------------------------------------------------------------------
data required time                                                         0.000
data arrival time                                                         -3.563
--------------------------------------------------------------------------------
slack (VIOLATED)                                                          -3.563


#Path 13
Startpoint: G3.inpad[0] (.input clocked by virtual_io_clock)
Endpoint  : out:G868.outpad[0] (.output clocked by virtual_io_clock)
Path Type : setup

Point                                                             Incr      Path
--------------------------------------------------------------------------------
clock virtual_io_clock (rise edge)                               0.000     0.000
clock source latency                                             0.000     0.000
input external delay                                             0.000     0.000
G3.inpad[0] (.input)                                             0.000     0.000
new_n101.in[0] (.names)                                          1.014     1.014
new_n101.out[0] (.names)                                         0.261     1.275
G868.in[0] (.names)                                              1.014     2.289
G868.out[0] (.names)                                             0.261     2.550
out:G868.outpad[0] (.output)                                     1.014     3.563
data arrival time                                                          3.563

clock virtual_io_clock (rise edge)                               0.000     0.000
clock source latency                                             0.000     0.000
clock uncertainty                                                0.000     0.000
output external delay                                            0.000     0.000
data required time                                                         0.000
--------------------------------------------------------------------------------
data required time                                                         0.000
data arrival time                                                         -3.563
--------------------------------------------------------------------------------
slack (VIOLATED)                                                          -3.563


#Path 14
Startpoint: G8.inpad[0] (.input clocked by virtual_io_clock)
Endpoint  : out:G865.outpad[0] (.output clocked by virtual_io_clock)
Path Type : setup

Point                                                             Incr      Path
--------------------------------------------------------------------------------
clock virtual_io_clock (rise edge)                               0.000     0.000
clock source latency                                             0.000     0.000
input external delay                                             0.000     0.000
G8.inpad[0] (.input)                                             0.000     0.000
G857.in[0] (.names)                                              1.014     1.014
G857.out[0] (.names)                                             0.261     1.275
G865.in[0] (.names)                                              1.014     2.289
G865.out[0] (.names)                                             0.261     2.550
out:G865.outpad[0] (.output)                                     1.014     3.563
data arrival time                                                          3.563

clock virtual_io_clock (rise edge)                               0.000     0.000
clock source latency                                             0.000     0.000
clock uncertainty                                                0.000     0.000
output external delay                                            0.000     0.000
data required time                                                         0.000
--------------------------------------------------------------------------------
data required time                                                         0.000
data arrival time                                                         -3.563
--------------------------------------------------------------------------------
slack (VIOLATED)                                                          -3.563


#Path 15
Startpoint: G8.inpad[0] (.input clocked by virtual_io_clock)
Endpoint  : out:G860.outpad[0] (.output clocked by virtual_io_clock)
Path Type : setup

Point                                                             Incr      Path
--------------------------------------------------------------------------------
clock virtual_io_clock (rise edge)                               0.000     0.000
clock source latency                                             0.000     0.000
input external delay                                             0.000     0.000
G8.inpad[0] (.input)                                             0.000     0.000
G857.in[0] (.names)                                              1.014     1.014
G857.out[0] (.names)                                             0.261     1.275
G860.in[0] (.names)                                              1.014     2.289
G860.out[0] (.names)                                             0.261     2.550
out:G860.outpad[0] (.output)                                     1.014     3.563
data arrival time                                                          3.563

clock virtual_io_clock (rise edge)                               0.000     0.000
clock source latency                                             0.000     0.000
clock uncertainty                                                0.000     0.000
output external delay                                            0.000     0.000
data required time                                                         0.000
--------------------------------------------------------------------------------
data required time                                                         0.000
data arrival time                                                         -3.563
--------------------------------------------------------------------------------
slack (VIOLATED)                                                          -3.563


#Path 16
Startpoint: G8.inpad[0] (.input clocked by virtual_io_clock)
Endpoint  : out:G855.outpad[0] (.output clocked by virtual_io_clock)
Path Type : setup

Point                                                             Incr      Path
--------------------------------------------------------------------------------
clock virtual_io_clock (rise edge)                               0.000     0.000
clock source latency                                             0.000     0.000
input external delay                                             0.000     0.000
G8.inpad[0] (.input)                                             0.000     0.000
G855.in[0] (.names)                                              1.014     1.014
G855.out[0] (.names)                                             0.261     1.275
out:G855.outpad[0] (.output)                                     1.014     2.289
data arrival time                                                          2.289

clock virtual_io_clock (rise edge)                               0.000     0.000
clock source latency                                             0.000     0.000
clock uncertainty                                                0.000     0.000
output external delay                                            0.000     0.000
data required time                                                         0.000
--------------------------------------------------------------------------------
data required time                                                         0.000
data arrival time                                                         -2.289
--------------------------------------------------------------------------------
slack (VIOLATED)                                                          -2.289


#Path 17
Startpoint: G21.inpad[0] (.input clocked by virtual_io_clock)
Endpoint  : out:G869.outpad[0] (.output clocked by virtual_io_clock)
Path Type : setup

Point                                                             Incr      Path
--------------------------------------------------------------------------------
clock virtual_io_clock (rise edge)                               0.000     0.000
clock source latency                                             0.000     0.000
input external delay                                             0.000     0.000
G21.inpad[0] (.input)                                            0.000     0.000
G869.in[0] (.names)                                              1.014     1.014
G869.out[0] (.names)                                             0.261     1.275
out:G869.outpad[0] (.output)                                     1.014     2.289
data arrival time                                                          2.289

clock virtual_io_clock (rise edge)                               0.000     0.000
clock source latency                                             0.000     0.000
clock uncertainty                                                0.000     0.000
output external delay                                            0.000     0.000
data required time                                                         0.000
--------------------------------------------------------------------------------
data required time                                                         0.000
data arrival time                                                         -2.289
--------------------------------------------------------------------------------
slack (VIOLATED)                                                          -2.289


#Path 18
Startpoint: G1.inpad[0] (.input clocked by virtual_io_clock)
Endpoint  : out:G866.outpad[0] (.output clocked by virtual_io_clock)
Path Type : setup

Point                                                             Incr      Path
--------------------------------------------------------------------------------
clock virtual_io_clock (rise edge)                               0.000     0.000
clock source latency                                             0.000     0.000
input external delay                                             0.000     0.000
G1.inpad[0] (.input)                                             0.000     0.000
G866.in[0] (.names)                                              1.014     1.014
G866.out[0] (.names)                                             0.261     1.275
out:G866.outpad[0] (.output)                                     1.014     2.289
data arrival time                                                          2.289

clock virtual_io_clock (rise edge)                               0.000     0.000
clock source latency                                             0.000     0.000
clock uncertainty                                                0.000     0.000
output external delay                                            0.000     0.000
data required time                                                         0.000
--------------------------------------------------------------------------------
data required time                                                         0.000
data arrival time                                                         -2.289
--------------------------------------------------------------------------------
slack (VIOLATED)                                                          -2.289


#Path 19
Startpoint: G20.inpad[0] (.input clocked by virtual_io_clock)
Endpoint  : out:G864.outpad[0] (.output clocked by virtual_io_clock)
Path Type : setup

Point                                                             Incr      Path
--------------------------------------------------------------------------------
clock virtual_io_clock (rise edge)                               0.000     0.000
clock source latency                                             0.000     0.000
input external delay                                             0.000     0.000
G20.inpad[0] (.input)                                            0.000     0.000
G864.in[0] (.names)                                              1.014     1.014
G864.out[0] (.names)                                             0.261     1.275
out:G864.outpad[0] (.output)                                     1.014     2.289
data arrival time                                                          2.289

clock virtual_io_clock (rise edge)                               0.000     0.000
clock source latency                                             0.000     0.000
clock uncertainty                                                0.000     0.000
output external delay                                            0.000     0.000
data required time                                                         0.000
--------------------------------------------------------------------------------
data required time                                                         0.000
data arrival time                                                         -2.289
--------------------------------------------------------------------------------
slack (VIOLATED)                                                          -2.289


#Path 20
Startpoint: G8.inpad[0] (.input clocked by virtual_io_clock)
Endpoint  : out:G863.outpad[0] (.output clocked by virtual_io_clock)
Path Type : setup

Point                                                             Incr      Path
--------------------------------------------------------------------------------
clock virtual_io_clock (rise edge)                               0.000     0.000
clock source latency                                             0.000     0.000
input external delay                                             0.000     0.000
G8.inpad[0] (.input)                                             0.000     0.000
G863.in[0] (.names)                                              1.014     1.014
G863.out[0] (.names)                                             0.261     1.275
out:G863.outpad[0] (.output)                                     1.014     2.289
data arrival time                                                          2.289

clock virtual_io_clock (rise edge)                               0.000     0.000
clock source latency                                             0.000     0.000
clock uncertainty                                                0.000     0.000
output external delay                                            0.000     0.000
data required time                                                         0.000
--------------------------------------------------------------------------------
data required time                                                         0.000
data arrival time                                                         -2.289
--------------------------------------------------------------------------------
slack (VIOLATED)                                                          -2.289


#Path 21
Startpoint: G17.inpad[0] (.input clocked by virtual_io_clock)
Endpoint  : out:G862.outpad[0] (.output clocked by virtual_io_clock)
Path Type : setup

Point                                                             Incr      Path
--------------------------------------------------------------------------------
clock virtual_io_clock (rise edge)                               0.000     0.000
clock source latency                                             0.000     0.000
input external delay                                             0.000     0.000
G17.inpad[0] (.input)                                            0.000     0.000
G862.in[0] (.names)                                              1.014     1.014
G862.out[0] (.names)                                             0.261     1.275
out:G862.outpad[0] (.output)                                     1.014     2.289
data arrival time                                                          2.289

clock virtual_io_clock (rise edge)                               0.000     0.000
clock source latency                                             0.000     0.000
clock uncertainty                                                0.000     0.000
output external delay                                            0.000     0.000
data required time                                                         0.000
--------------------------------------------------------------------------------
data required time                                                         0.000
data arrival time                                                         -2.289
--------------------------------------------------------------------------------
slack (VIOLATED)                                                          -2.289


#Path 22
Startpoint: G16.inpad[0] (.input clocked by virtual_io_clock)
Endpoint  : out:G861.outpad[0] (.output clocked by virtual_io_clock)
Path Type : setup

Point                                                             Incr      Path
--------------------------------------------------------------------------------
clock virtual_io_clock (rise edge)                               0.000     0.000
clock source latency                                             0.000     0.000
input external delay                                             0.000     0.000
G16.inpad[0] (.input)                                            0.000     0.000
G861.in[0] (.names)                                              1.014     1.014
G861.out[0] (.names)                                             0.261     1.275
out:G861.outpad[0] (.output)                                     1.014     2.289
data arrival time                                                          2.289

clock virtual_io_clock (rise edge)                               0.000     0.000
clock source latency                                             0.000     0.000
clock uncertainty                                                0.000     0.000
output external delay                                            0.000     0.000
data required time                                                         0.000
--------------------------------------------------------------------------------
data required time                                                         0.000
data arrival time                                                         -2.289
--------------------------------------------------------------------------------
slack (VIOLATED)                                                          -2.289


#Path 23
Startpoint: G4.inpad[0] (.input clocked by virtual_io_clock)
Endpoint  : out:G859.outpad[0] (.output clocked by virtual_io_clock)
Path Type : setup

Point                                                             Incr      Path
--------------------------------------------------------------------------------
clock virtual_io_clock (rise edge)                               0.000     0.000
clock source latency                                             0.000     0.000
input external delay                                             0.000     0.000
G4.inpad[0] (.input)                                             0.000     0.000
G859.in[0] (.names)                                              1.014     1.014
G859.out[0] (.names)                                             0.261     1.275
out:G859.outpad[0] (.output)                                     1.014     2.289
data arrival time                                                          2.289

clock virtual_io_clock (rise edge)                               0.000     0.000
clock source latency                                             0.000     0.000
clock uncertainty                                                0.000     0.000
output external delay                                            0.000     0.000
data required time                                                         0.000
--------------------------------------------------------------------------------
data required time                                                         0.000
data arrival time                                                         -2.289
--------------------------------------------------------------------------------
slack (VIOLATED)                                                          -2.289


#Path 24
Startpoint: G18.inpad[0] (.input clocked by virtual_io_clock)
Endpoint  : out:G858.outpad[0] (.output clocked by virtual_io_clock)
Path Type : setup

Point                                                             Incr      Path
--------------------------------------------------------------------------------
clock virtual_io_clock (rise edge)                               0.000     0.000
clock source latency                                             0.000     0.000
input external delay                                             0.000     0.000
G18.inpad[0] (.input)                                            0.000     0.000
G858.in[0] (.names)                                              1.014     1.014
G858.out[0] (.names)                                             0.261     1.275
out:G858.outpad[0] (.output)                                     1.014     2.289
data arrival time                                                          2.289

clock virtual_io_clock (rise edge)                               0.000     0.000
clock source latency                                             0.000     0.000
clock uncertainty                                                0.000     0.000
output external delay                                            0.000     0.000
data required time                                                         0.000
--------------------------------------------------------------------------------
data required time                                                         0.000
data arrival time                                                         -2.289
--------------------------------------------------------------------------------
slack (VIOLATED)                                                          -2.289


#Path 25
Startpoint: G8.inpad[0] (.input clocked by virtual_io_clock)
Endpoint  : out:G857.outpad[0] (.output clocked by virtual_io_clock)
Path Type : setup

Point                                                             Incr      Path
--------------------------------------------------------------------------------
clock virtual_io_clock (rise edge)                               0.000     0.000
clock source latency                                             0.000     0.000
input external delay                                             0.000     0.000
G8.inpad[0] (.input)                                             0.000     0.000
G857.in[0] (.names)                                              1.014     1.014
G857.out[0] (.names)                                             0.261     1.275
out:G857.outpad[0] (.output)                                     1.014     2.289
data arrival time                                                          2.289

clock virtual_io_clock (rise edge)                               0.000     0.000
clock source latency                                             0.000     0.000
clock uncertainty                                                0.000     0.000
output external delay                                            0.000     0.000
data required time                                                         0.000
--------------------------------------------------------------------------------
data required time                                                         0.000
data arrival time                                                         -2.289
--------------------------------------------------------------------------------
slack (VIOLATED)                                                          -2.289


#Path 26
Startpoint: G6.inpad[0] (.input clocked by virtual_io_clock)
Endpoint  : out:G856.outpad[0] (.output clocked by virtual_io_clock)
Path Type : setup

Point                                                             Incr      Path
--------------------------------------------------------------------------------
clock virtual_io_clock (rise edge)                               0.000     0.000
clock source latency                                             0.000     0.000
input external delay                                             0.000     0.000
G6.inpad[0] (.input)                                             0.000     0.000
G856.in[0] (.names)                                              1.014     1.014
G856.out[0] (.names)                                             0.261     1.275
out:G856.outpad[0] (.output)                                     1.014     2.289
data arrival time                                                          2.289

clock virtual_io_clock (rise edge)                               0.000     0.000
clock source latency                                             0.000     0.000
clock uncertainty                                                0.000     0.000
output external delay                                            0.000     0.000
data required time                                                         0.000
--------------------------------------------------------------------------------
data required time                                                         0.000
data arrival time                                                         -2.289
--------------------------------------------------------------------------------
slack (VIOLATED)                                                          -2.289


#End of timing report
