#Timing report of worst 26 path(s)
# Unit scale: 1e-09 seconds
# Output precision: 3

#Path 1
Startpoint: G18.inpad[0] (.input clocked by virtual_io_clock)
Endpoint  : out:G858.outpad[0] (.output clocked by virtual_io_clock)
Path Type : hold

Point                                                             Incr      Path
--------------------------------------------------------------------------------
clock virtual_io_clock (rise edge)                               0.000     0.000
clock source latency                                             0.000     0.000
input external delay                                             0.000     0.000
G18.inpad[0] (.input)                                            0.000     0.000
G858.in[0] (.names)                                              1.513     1.513
G858.out[0] (.names)                                             0.193     1.706
out:G858.outpad[0] (.output)                                     2.901     4.607
data arrival time                                                          4.607

clock virtual_io_clock (rise edge)                               0.000     0.000
clock source latency                                             0.000     0.000
clock uncertainty                                                0.000     0.000
output external delay                                            0.000     0.000
data required time                                                         0.000
--------------------------------------------------------------------------------
data required time                                                        -0.000
data arrival time                                                          4.607
--------------------------------------------------------------------------------
slack (MET)                                                                4.607


#Path 2
Startpoint: G22.inpad[0] (.input clocked by virtual_io_clock)
Endpoint  : out:G869.outpad[0] (.output clocked by virtual_io_clock)
Path Type : hold

Point                                                             Incr      Path
--------------------------------------------------------------------------------
clock virtual_io_clock (rise edge)                               0.000     0.000
clock source latency                                             0.000     0.000
input external delay                                             0.000     0.000
G22.inpad[0] (.input)                                            0.000     0.000
G869.in[2] (.names)                                              1.512     1.512
G869.out[0] (.names)                                             0.193     1.705
out:G869.outpad[0] (.output)                                     2.991     4.696
data arrival time                                                          4.696

clock virtual_io_clock (rise edge)                               0.000     0.000
clock source latency                                             0.000     0.000
clock uncertainty                                                0.000     0.000
output external delay                                            0.000     0.000
data required time                                                         0.000
--------------------------------------------------------------------------------
data required time                                                        -0.000
data arrival time                                                          4.696
--------------------------------------------------------------------------------
slack (MET)                                                                4.696


#Path 3
Startpoint: G23.inpad[0] (.input clocked by virtual_io_clock)
Endpoint  : out:G864.outpad[0] (.output clocked by virtual_io_clock)
Path Type : hold

Point                                                             Incr      Path
--------------------------------------------------------------------------------
clock virtual_io_clock (rise edge)                               0.000     0.000
clock source latency                                             0.000     0.000
input external delay                                             0.000     0.000
G23.inpad[0] (.input)                                            0.000     0.000
G864.in[2] (.names)                                              1.513     1.513
G864.out[0] (.names)                                             0.193     1.706
out:G864.outpad[0] (.output)                                     3.260     4.966
data arrival time                                                          4.966

clock virtual_io_clock (rise edge)                               0.000     0.000
clock source latency                                             0.000     0.000
clock uncertainty                                                0.000     0.000
output external delay                                            0.000     0.000
data required time                                                         0.000
--------------------------------------------------------------------------------
data required time                                                        -0.000
data arrival time                                                          4.966
--------------------------------------------------------------------------------
slack (MET)                                                                4.966


#Path 4
Startpoint: G11.inpad[0] (.input clocked by virtual_io_clock)
Endpoint  : out:G861.outpad[0] (.output clocked by virtual_io_clock)
Path Type : hold

Point                                                             Incr      Path
--------------------------------------------------------------------------------
clock virtual_io_clock (rise edge)                               0.000     0.000
clock source latency                                             0.000     0.000
input external delay                                             0.000     0.000
G11.inpad[0] (.input)                                            0.000     0.000
G861.in[2] (.names)                                              1.699     1.699
G861.out[0] (.names)                                             0.193     1.892
out:G861.outpad[0] (.output)                                     3.315     5.207
data arrival time                                                          5.207

clock virtual_io_clock (rise edge)                               0.000     0.000
clock source latency                                             0.000     0.000
clock uncertainty                                                0.000     0.000
output external delay                                            0.000     0.000
data required time                                                         0.000
--------------------------------------------------------------------------------
data required time                                                        -0.000
data arrival time                                                          5.207
--------------------------------------------------------------------------------
slack (MET)                                                                5.207


#Path 5
Startpoint: G35.inpad[0] (.input clocked by virtual_io_clock)
Endpoint  : out:G873.outpad[0] (.output clocked by virtual_io_clock)
Path Type : hold

Point                                                             Incr      Path
--------------------------------------------------------------------------------
clock virtual_io_clock (rise edge)                               0.000     0.000
clock source latency                                             0.000     0.000
input external delay                                             0.000     0.000
G35.inpad[0] (.input)                                            0.000     0.000
new_n129.in[2] (.names)                                          1.653     1.653
new_n129.out[0] (.names)                                         0.193     1.846
G873.in[3] (.names)                                              0.064     1.910
G873.out[0] (.names)                                             0.193     2.103
out:G873.outpad[0] (.output)                                     3.176     5.279
data arrival time                                                          5.279

clock virtual_io_clock (rise edge)                               0.000     0.000
clock source latency                                             0.000     0.000
clock uncertainty                                                0.000     0.000
output external delay                                            0.000     0.000
data required time                                                         0.000
--------------------------------------------------------------------------------
data required time                                                        -0.000
data arrival time                                                          5.279
--------------------------------------------------------------------------------
slack (MET)                                                                5.279


#Path 6
Startpoint: G28.inpad[0] (.input clocked by virtual_io_clock)
Endpoint  : out:G874.outpad[0] (.output clocked by virtual_io_clock)
Path Type : hold

Point                                                             Incr      Path
--------------------------------------------------------------------------------
clock virtual_io_clock (rise edge)                               0.000     0.000
clock source latency                                             0.000     0.000
input external delay                                             0.000     0.000
G28.inpad[0] (.input)                                            0.000     0.000
G874.in[1] (.names)                                              1.839     1.839
G874.out[0] (.names)                                             0.193     2.032
out:G874.outpad[0] (.output)                                     3.256     5.288
data arrival time                                                          5.288

clock virtual_io_clock (rise edge)                               0.000     0.000
clock source latency                                             0.000     0.000
clock uncertainty                                                0.000     0.000
output external delay                                            0.000     0.000
data required time                                                         0.000
--------------------------------------------------------------------------------
data required time                                                        -0.000
data arrival time                                                          5.288
--------------------------------------------------------------------------------
slack (MET)                                                                5.288


#Path 7
Startpoint: G11.inpad[0] (.input clocked by virtual_io_clock)
Endpoint  : out:G863.outpad[0] (.output clocked by virtual_io_clock)
Path Type : hold

Point                                                             Incr      Path
--------------------------------------------------------------------------------
clock virtual_io_clock (rise edge)                               0.000     0.000
clock source latency                                             0.000     0.000
input external delay                                             0.000     0.000
G11.inpad[0] (.input)                                            0.000     0.000
G863.in[2] (.names)                                              1.699     1.699
G863.out[0] (.names)                                             0.193     1.892
out:G863.outpad[0] (.output)                                     3.423     5.316
data arrival time                                                          5.316

clock virtual_io_clock (rise edge)                               0.000     0.000
clock source latency                                             0.000     0.000
clock uncertainty                                                0.000     0.000
output external delay                                            0.000     0.000
data required time                                                         0.000
--------------------------------------------------------------------------------
data required time                                                        -0.000
data arrival time                                                          5.316
--------------------------------------------------------------------------------
slack (MET)                                                                5.316


#Path 8
Startpoint: G11.inpad[0] (.input clocked by virtual_io_clock)
Endpoint  : out:G862.outpad[0] (.output clocked by virtual_io_clock)
Path Type : hold

Point                                                             Incr      Path
--------------------------------------------------------------------------------
clock virtual_io_clock (rise edge)                               0.000     0.000
clock source latency                                             0.000     0.000
input external delay                                             0.000     0.000
G11.inpad[0] (.input)                                            0.000     0.000
G862.in[2] (.names)                                              1.699     1.699
G862.out[0] (.names)                                             0.193     1.892
out:G862.outpad[0] (.output)                                     3.454     5.346
data arrival time                                                          5.346

clock virtual_io_clock (rise edge)                               0.000     0.000
clock source latency                                             0.000     0.000
clock uncertainty                                                0.000     0.000
output external delay                                            0.000     0.000
data required time                                                         0.000
--------------------------------------------------------------------------------
data required time                                                        -0.000
data arrival time                                                          5.346
--------------------------------------------------------------------------------
slack (MET)                                                                5.346


#Path 9
Startpoint: G4.inpad[0] (.input clocked by virtual_io_clock)
Endpoint  : out:G860.outpad[0] (.output clocked by virtual_io_clock)
Path Type : hold

Point                                                             Incr      Path
--------------------------------------------------------------------------------
clock virtual_io_clock (rise edge)                               0.000     0.000
clock source latency                                             0.000     0.000
input external delay                                             0.000     0.000
G4.inpad[0] (.input)                                             0.000     0.000
G860.in[1] (.names)                                              1.790     1.790
G860.out[0] (.names)                                             0.193     1.983
out:G860.outpad[0] (.output)                                     3.371     5.354
data arrival time                                                          5.354

clock virtual_io_clock (rise edge)                               0.000     0.000
clock source latency                                             0.000     0.000
clock uncertainty                                                0.000     0.000
output external delay                                            0.000     0.000
data required time                                                         0.000
--------------------------------------------------------------------------------
data required time                                                        -0.000
data arrival time                                                          5.354
--------------------------------------------------------------------------------
slack (MET)                                                                5.354


#Path 10
Startpoint: G51.inpad[0] (.input clocked by virtual_io_clock)
Endpoint  : out:G880.outpad[0] (.output clocked by virtual_io_clock)
Path Type : hold

Point                                                             Incr      Path
--------------------------------------------------------------------------------
clock virtual_io_clock (rise edge)                               0.000     0.000
clock source latency                                             0.000     0.000
input external delay                                             0.000     0.000
G51.inpad[0] (.input)                                            0.000     0.000
G880.in[0] (.names)                                              1.959     1.959
G880.out[0] (.names)                                             0.193     2.152
out:G880.outpad[0] (.output)                                     3.233     5.385
data arrival time                                                          5.385

clock virtual_io_clock (rise edge)                               0.000     0.000
clock source latency                                             0.000     0.000
clock uncertainty                                                0.000     0.000
output external delay                                            0.000     0.000
data required time                                                         0.000
--------------------------------------------------------------------------------
data required time                                                        -0.000
data arrival time                                                          5.385
--------------------------------------------------------------------------------
slack (MET)                                                                5.385


#Path 11
Startpoint: G2.inpad[0] (.input clocked by virtual_io_clock)
Endpoint  : out:G859.outpad[0] (.output clocked by virtual_io_clock)
Path Type : hold

Point                                                             Incr      Path
--------------------------------------------------------------------------------
clock virtual_io_clock (rise edge)                               0.000     0.000
clock source latency                                             0.000     0.000
input external delay                                             0.000     0.000
G2.inpad[0] (.input)                                             0.000     0.000
G859.in[2] (.names)                                              1.787     1.787
G859.out[0] (.names)                                             0.193     1.980
out:G859.outpad[0] (.output)                                     3.449     5.429
data arrival time                                                          5.429

clock virtual_io_clock (rise edge)                               0.000     0.000
clock source latency                                             0.000     0.000
clock uncertainty                                                0.000     0.000
output external delay                                            0.000     0.000
data required time                                                         0.000
--------------------------------------------------------------------------------
data required time                                                        -0.000
data arrival time                                                          5.429
--------------------------------------------------------------------------------
slack (MET)                                                                5.429


#Path 12
Startpoint: G50.inpad[0] (.input clocked by virtual_io_clock)
Endpoint  : out:G875.outpad[0] (.output clocked by virtual_io_clock)
Path Type : hold

Point                                                             Incr      Path
--------------------------------------------------------------------------------
clock virtual_io_clock (rise edge)                               0.000     0.000
clock source latency                                             0.000     0.000
input external delay                                             0.000     0.000
G50.inpad[0] (.input)                                            0.000     0.000
G875.in[0] (.names)                                              1.810     1.810
G875.out[0] (.names)                                             0.193     2.003
out:G875.outpad[0] (.output)                                     3.430     5.433
data arrival time                                                          5.433

clock virtual_io_clock (rise edge)                               0.000     0.000
clock source latency                                             0.000     0.000
clock uncertainty                                                0.000     0.000
output external delay                                            0.000     0.000
data required time                                                         0.000
--------------------------------------------------------------------------------
data required time                                                        -0.000
data arrival time                                                          5.433
--------------------------------------------------------------------------------
slack (MET)                                                                5.433


#Path 13
Startpoint: G52.inpad[0] (.input clocked by virtual_io_clock)
Endpoint  : out:G872.outpad[0] (.output clocked by virtual_io_clock)
Path Type : hold

Point                                                             Incr      Path
--------------------------------------------------------------------------------
clock virtual_io_clock (rise edge)                               0.000     0.000
clock source latency                                             0.000     0.000
input external delay                                             0.000     0.000
G52.inpad[0] (.input)                                            0.000     0.000
G872.in[1] (.names)                                              1.931     1.931
G872.out[0] (.names)                                             0.193     2.124
out:G872.outpad[0] (.output)                                     3.313     5.437
data arrival time                                                          5.437

clock virtual_io_clock (rise edge)                               0.000     0.000
clock source latency                                             0.000     0.000
clock uncertainty                                                0.000     0.000
output external delay                                            0.000     0.000
data required time                                                         0.000
--------------------------------------------------------------------------------
data required time                                                        -0.000
data arrival time                                                          5.437
--------------------------------------------------------------------------------
slack (MET)                                                                5.437


#Path 14
Startpoint: G4.inpad[0] (.input clocked by virtual_io_clock)
Endpoint  : out:G865.outpad[0] (.output clocked by virtual_io_clock)
Path Type : hold

Point                                                             Incr      Path
--------------------------------------------------------------------------------
clock virtual_io_clock (rise edge)                               0.000     0.000
clock source latency                                             0.000     0.000
input external delay                                             0.000     0.000
G4.inpad[0] (.input)                                             0.000     0.000
G865.in[1] (.names)                                              1.790     1.790
G865.out[0] (.names)                                             0.193     1.983
out:G865.outpad[0] (.output)                                     3.459     5.441
data arrival time                                                          5.441

clock virtual_io_clock (rise edge)                               0.000     0.000
clock source latency                                             0.000     0.000
clock uncertainty                                                0.000     0.000
output external delay                                            0.000     0.000
data required time                                                         0.000
--------------------------------------------------------------------------------
data required time                                                        -0.000
data arrival time                                                          5.441
--------------------------------------------------------------------------------
slack (MET)                                                                5.441


#Path 15
Startpoint: G51.inpad[0] (.input clocked by virtual_io_clock)
Endpoint  : out:G878.outpad[0] (.output clocked by virtual_io_clock)
Path Type : hold

Point                                                             Incr      Path
--------------------------------------------------------------------------------
clock virtual_io_clock (rise edge)                               0.000     0.000
clock source latency                                             0.000     0.000
input external delay                                             0.000     0.000
G51.inpad[0] (.input)                                            0.000     0.000
G878.in[0] (.names)                                              1.959     1.959
G878.out[0] (.names)                                             0.193     2.152
out:G878.outpad[0] (.output)                                     3.294     5.446
data arrival time                                                          5.446

clock virtual_io_clock (rise edge)                               0.000     0.000
clock source latency                                             0.000     0.000
clock uncertainty                                                0.000     0.000
output external delay                                            0.000     0.000
data required time                                                         0.000
--------------------------------------------------------------------------------
data required time                                                        -0.000
data arrival time                                                          5.446
--------------------------------------------------------------------------------
slack (MET)                                                                5.446


#Path 16
Startpoint: G47.inpad[0] (.input clocked by virtual_io_clock)
Endpoint  : out:G871.outpad[0] (.output clocked by virtual_io_clock)
Path Type : hold

Point                                                             Incr      Path
--------------------------------------------------------------------------------
clock virtual_io_clock (rise edge)                               0.000     0.000
clock source latency                                             0.000     0.000
input external delay                                             0.000     0.000
G47.inpad[0] (.input)                                            0.000     0.000
new_n107.in[2] (.names)                                          1.706     1.706
new_n107.out[0] (.names)                                         0.193     1.899
G871.in[0] (.names)                                              0.064     1.963
G871.out[0] (.names)                                             0.193     2.156
out:G871.outpad[0] (.output)                                     3.293     5.449
data arrival time                                                          5.449

clock virtual_io_clock (rise edge)                               0.000     0.000
clock source latency                                             0.000     0.000
clock uncertainty                                                0.000     0.000
output external delay                                            0.000     0.000
data required time                                                         0.000
--------------------------------------------------------------------------------
data required time                                                        -0.000
data arrival time                                                          5.449
--------------------------------------------------------------------------------
slack (MET)                                                                5.449


#Path 17
Startpoint: G8.inpad[0] (.input clocked by virtual_io_clock)
Endpoint  : out:G857.outpad[0] (.output clocked by virtual_io_clock)
Path Type : hold

Point                                                             Incr      Path
--------------------------------------------------------------------------------
clock virtual_io_clock (rise edge)                               0.000     0.000
clock source latency                                             0.000     0.000
input external delay                                             0.000     0.000
G8.inpad[0] (.input)                                             0.000     0.000
G857.in[0] (.names)                                              1.832     1.832
G857.out[0] (.names)                                             0.193     2.025
out:G857.outpad[0] (.output)                                     3.427     5.452
data arrival time                                                          5.452

clock virtual_io_clock (rise edge)                               0.000     0.000
clock source latency                                             0.000     0.000
clock uncertainty                                                0.000     0.000
output external delay                                            0.000     0.000
data required time                                                         0.000
--------------------------------------------------------------------------------
data required time                                                        -0.000
data arrival time                                                          5.452
--------------------------------------------------------------------------------
slack (MET)                                                                5.452


#Path 18
Startpoint: G27.inpad[0] (.input clocked by virtual_io_clock)
Endpoint  : out:G870.outpad[0] (.output clocked by virtual_io_clock)
Path Type : hold

Point                                                             Incr      Path
--------------------------------------------------------------------------------
clock virtual_io_clock (rise edge)                               0.000     0.000
clock source latency                                             0.000     0.000
input external delay                                             0.000     0.000
G27.inpad[0] (.input)                                            0.000     0.000
G870.in[5] (.names)                                              1.809     1.809
G870.out[0] (.names)                                             0.193     2.002
out:G870.outpad[0] (.output)                                     3.462     5.464
data arrival time                                                          5.464

clock virtual_io_clock (rise edge)                               0.000     0.000
clock source latency                                             0.000     0.000
clock uncertainty                                                0.000     0.000
output external delay                                            0.000     0.000
data required time                                                         0.000
--------------------------------------------------------------------------------
data required time                                                        -0.000
data arrival time                                                          5.464
--------------------------------------------------------------------------------
slack (MET)                                                                5.464


#Path 19
Startpoint: G1.inpad[0] (.input clocked by virtual_io_clock)
Endpoint  : out:G866.outpad[0] (.output clocked by virtual_io_clock)
Path Type : hold

Point                                                             Incr      Path
--------------------------------------------------------------------------------
clock virtual_io_clock (rise edge)                               0.000     0.000
clock source latency                                             0.000     0.000
input external delay                                             0.000     0.000
G1.inpad[0] (.input)                                             0.000     0.000
G866.in[0] (.names)                                              1.634     1.634
G866.out[0] (.names)                                             0.193     1.827
out:G866.outpad[0] (.output)                                     3.674     5.501
data arrival time                                                          5.501

clock virtual_io_clock (rise edge)                               0.000     0.000
clock source latency                                             0.000     0.000
clock uncertainty                                                0.000     0.000
output external delay                                            0.000     0.000
data required time                                                         0.000
--------------------------------------------------------------------------------
data required time                                                        -0.000
data arrival time                                                          5.501
--------------------------------------------------------------------------------
slack (MET)                                                                5.501


#Path 20
Startpoint: G44.inpad[0] (.input clocked by virtual_io_clock)
Endpoint  : out:G877.outpad[0] (.output clocked by virtual_io_clock)
Path Type : hold

Point                                                             Incr      Path
--------------------------------------------------------------------------------
clock virtual_io_clock (rise edge)                               0.000     0.000
clock source latency                                             0.000     0.000
input external delay                                             0.000     0.000
G44.inpad[0] (.input)                                            0.000     0.000
G877.in[2] (.names)                                              1.917     1.917
G877.out[0] (.names)                                             0.193     2.110
out:G877.outpad[0] (.output)                                     3.407     5.517
data arrival time                                                          5.517

clock virtual_io_clock (rise edge)                               0.000     0.000
clock source latency                                             0.000     0.000
clock uncertainty                                                0.000     0.000
output external delay                                            0.000     0.000
data required time                                                         0.000
--------------------------------------------------------------------------------
data required time                                                        -0.000
data arrival time                                                          5.517
--------------------------------------------------------------------------------
slack (MET)                                                                5.517


#Path 21
Startpoint: G41.inpad[0] (.input clocked by virtual_io_clock)
Endpoint  : out:G876.outpad[0] (.output clocked by virtual_io_clock)
Path Type : hold

Point                                                             Incr      Path
--------------------------------------------------------------------------------
clock virtual_io_clock (rise edge)                               0.000     0.000
clock source latency                                             0.000     0.000
input external delay                                             0.000     0.000
G41.inpad[0] (.input)                                            0.000     0.000
G876.in[1] (.names)                                              2.013     2.013
G876.out[0] (.names)                                             0.193     2.206
out:G876.outpad[0] (.output)                                     3.361     5.567
data arrival time                                                          5.567

clock virtual_io_clock (rise edge)                               0.000     0.000
clock source latency                                             0.000     0.000
clock uncertainty                                                0.000     0.000
output external delay                                            0.000     0.000
data required time                                                         0.000
--------------------------------------------------------------------------------
data required time                                                        -0.000
data arrival time                                                          5.567
--------------------------------------------------------------------------------
slack (MET)                                                                5.567


#Path 22
Startpoint: G16.inpad[0] (.input clocked by virtual_io_clock)
Endpoint  : out:G855.outpad[0] (.output clocked by virtual_io_clock)
Path Type : hold

Point                                                             Incr      Path
--------------------------------------------------------------------------------
clock virtual_io_clock (rise edge)                               0.000     0.000
clock source latency                                             0.000     0.000
input external delay                                             0.000     0.000
G16.inpad[0] (.input)                                            0.000     0.000
G855.in[1] (.names)                                              1.821     1.821
G855.out[0] (.names)                                             0.193     2.014
out:G855.outpad[0] (.output)                                     3.573     5.587
data arrival time                                                          5.587

clock virtual_io_clock (rise edge)                               0.000     0.000
clock source latency                                             0.000     0.000
clock uncertainty                                                0.000     0.000
output external delay                                            0.000     0.000
data required time                                                         0.000
--------------------------------------------------------------------------------
data required time                                                        -0.000
data arrival time                                                          5.587
--------------------------------------------------------------------------------
slack (MET)                                                                5.587


#Path 23
Startpoint: G51.inpad[0] (.input clocked by virtual_io_clock)
Endpoint  : out:G879.outpad[0] (.output clocked by virtual_io_clock)
Path Type : hold

Point                                                             Incr      Path
--------------------------------------------------------------------------------
clock virtual_io_clock (rise edge)                               0.000     0.000
clock source latency                                             0.000     0.000
input external delay                                             0.000     0.000
G51.inpad[0] (.input)                                            0.000     0.000
G879.in[0] (.names)                                              1.959     1.959
G879.out[0] (.names)                                             0.193     2.152
out:G879.outpad[0] (.output)                                     3.451     5.603
data arrival time                                                          5.603

clock virtual_io_clock (rise edge)                               0.000     0.000
clock source latency                                             0.000     0.000
clock uncertainty                                                0.000     0.000
output external delay                                            0.000     0.000
data required time                                                         0.000
--------------------------------------------------------------------------------
data required time                                                        -0.000
data arrival time                                                          5.603
--------------------------------------------------------------------------------
slack (MET)                                                                5.603


#Path 24
Startpoint: G11.inpad[0] (.input clocked by virtual_io_clock)
Endpoint  : out:G868.outpad[0] (.output clocked by virtual_io_clock)
Path Type : hold

Point                                                             Incr      Path
--------------------------------------------------------------------------------
clock virtual_io_clock (rise edge)                               0.000     0.000
clock source latency                                             0.000     0.000
input external delay                                             0.000     0.000
G11.inpad[0] (.input)                                            0.000     0.000
G868.in[1] (.names)                                              1.835     1.835
G868.out[0] (.names)                                             0.193     2.028
out:G868.outpad[0] (.output)                                     3.576     5.605
data arrival time                                                          5.605

clock virtual_io_clock (rise edge)                               0.000     0.000
clock source latency                                             0.000     0.000
clock uncertainty                                                0.000     0.000
output external delay                                            0.000     0.000
data required time                                                         0.000
--------------------------------------------------------------------------------
data required time                                                        -0.000
data arrival time                                                          5.605
--------------------------------------------------------------------------------
slack (MET)                                                                5.605


#Path 25
Startpoint: G6.inpad[0] (.input clocked by virtual_io_clock)
Endpoint  : out:G867.outpad[0] (.output clocked by virtual_io_clock)
Path Type : hold

Point                                                             Incr      Path
--------------------------------------------------------------------------------
clock virtual_io_clock (rise edge)                               0.000     0.000
clock source latency                                             0.000     0.000
input external delay                                             0.000     0.000
G6.inpad[0] (.input)                                             0.000     0.000
G867.in[1] (.names)                                              1.949     1.949
G867.out[0] (.names)                                             0.193     2.142
out:G867.outpad[0] (.output)                                     3.527     5.669
data arrival time                                                          5.669

clock virtual_io_clock (rise edge)                               0.000     0.000
clock source latency                                             0.000     0.000
clock uncertainty                                                0.000     0.000
output external delay                                            0.000     0.000
data required time                                                         0.000
--------------------------------------------------------------------------------
data required time                                                        -0.000
data arrival time                                                          5.669
--------------------------------------------------------------------------------
slack (MET)                                                                5.669


#Path 26
Startpoint: G17.inpad[0] (.input clocked by virtual_io_clock)
Endpoint  : out:G856.outpad[0] (.output clocked by virtual_io_clock)
Path Type : hold

Point                                                             Incr      Path
--------------------------------------------------------------------------------
clock virtual_io_clock (rise edge)                               0.000     0.000
clock source latency                                             0.000     0.000
input external delay                                             0.000     0.000
G17.inpad[0] (.input)                                            0.000     0.000
G856.in[1] (.names)                                              1.907     1.907
G856.out[0] (.names)                                             0.193     2.100
out:G856.outpad[0] (.output)                                     3.607     5.707
data arrival time                                                          5.707

clock virtual_io_clock (rise edge)                               0.000     0.000
clock source latency                                             0.000     0.000
clock uncertainty                                                0.000     0.000
output external delay                                            0.000     0.000
data required time                                                         0.000
--------------------------------------------------------------------------------
data required time                                                        -0.000
data arrival time                                                          5.707
--------------------------------------------------------------------------------
slack (MET)                                                                5.707


#End of timing report
