#Timing report of worst 26 path(s)
# Unit scale: 1e-09 seconds
# Output precision: 3

#Path 1
Startpoint: G5.inpad[0] (.input clocked by virtual_io_clock)
Endpoint  : out:G879.outpad[0] (.output clocked by virtual_io_clock)
Path Type : setup

Point                                                             Incr      Path
--------------------------------------------------------------------------------
clock virtual_io_clock (rise edge)                               0.000     0.000
clock source latency                                             0.000     0.000
input external delay                                             0.000     0.000
G5.inpad[0] (.input)                                             0.000     0.000
new_n114.in[1] (.names)                                          1.969     1.969
new_n114.out[0] (.names)                                         0.261     2.230
new_n113.in[2] (.names)                                          0.100     2.330
new_n113.out[0] (.names)                                         0.261     2.591
new_n123.in[1] (.names)                                          0.100     2.691
new_n123.out[0] (.names)                                         0.261     2.952
new_n121.in[0] (.names)                                          0.100     3.052
new_n121.out[0] (.names)                                         0.261     3.313
new_n156.in[0] (.names)                                          0.100     3.413
new_n156.out[0] (.names)                                         0.261     3.674
new_n164.in[0] (.names)                                          0.331     4.005
new_n164.out[0] (.names)                                         0.261     4.266
G879.in[1] (.names)                                              0.100     4.366
G879.out[0] (.names)                                             0.261     4.627
out:G879.outpad[0] (.output)                                     3.674     8.301
data arrival time                                                          8.301

clock virtual_io_clock (rise edge)                               0.000     0.000
clock source latency                                             0.000     0.000
clock uncertainty                                                0.000     0.000
output external delay                                            0.000     0.000
data required time                                                         0.000
--------------------------------------------------------------------------------
data required time                                                         0.000
data arrival time                                                         -8.301
--------------------------------------------------------------------------------
slack (VIOLATED)                                                          -8.301


#Path 2
Startpoint: G5.inpad[0] (.input clocked by virtual_io_clock)
Endpoint  : out:G877.outpad[0] (.output clocked by virtual_io_clock)
Path Type : setup

Point                                                             Incr      Path
--------------------------------------------------------------------------------
clock virtual_io_clock (rise edge)                               0.000     0.000
clock source latency                                             0.000     0.000
input external delay                                             0.000     0.000
G5.inpad[0] (.input)                                             0.000     0.000
new_n114.in[1] (.names)                                          1.969     1.969
new_n114.out[0] (.names)                                         0.261     2.230
new_n113.in[2] (.names)                                          0.100     2.330
new_n113.out[0] (.names)                                         0.261     2.591
new_n123.in[1] (.names)                                          0.100     2.691
new_n123.out[0] (.names)                                         0.261     2.952
new_n121.in[0] (.names)                                          0.100     3.052
new_n121.out[0] (.names)                                         0.261     3.313
new_n156.in[0] (.names)                                          0.100     3.413
new_n156.out[0] (.names)                                         0.261     3.674
new_n155.in[2] (.names)                                          0.331     4.005
new_n155.out[0] (.names)                                         0.261     4.266
G877.in[4] (.names)                                              0.100     4.366
G877.out[0] (.names)                                             0.261     4.627
out:G877.outpad[0] (.output)                                     3.630     8.256
data arrival time                                                          8.256

clock virtual_io_clock (rise edge)                               0.000     0.000
clock source latency                                             0.000     0.000
clock uncertainty                                                0.000     0.000
output external delay                                            0.000     0.000
data required time                                                         0.000
--------------------------------------------------------------------------------
data required time                                                         0.000
data arrival time                                                         -8.256
--------------------------------------------------------------------------------
slack (VIOLATED)                                                          -8.256


#Path 3
Startpoint: G5.inpad[0] (.input clocked by virtual_io_clock)
Endpoint  : out:G880.outpad[0] (.output clocked by virtual_io_clock)
Path Type : setup

Point                                                             Incr      Path
--------------------------------------------------------------------------------
clock virtual_io_clock (rise edge)                               0.000     0.000
clock source latency                                             0.000     0.000
input external delay                                             0.000     0.000
G5.inpad[0] (.input)                                             0.000     0.000
new_n114.in[1] (.names)                                          1.969     1.969
new_n114.out[0] (.names)                                         0.261     2.230
new_n113.in[2] (.names)                                          0.100     2.330
new_n113.out[0] (.names)                                         0.261     2.591
new_n123.in[1] (.names)                                          0.100     2.691
new_n123.out[0] (.names)                                         0.261     2.952
new_n121.in[0] (.names)                                          0.100     3.052
new_n121.out[0] (.names)                                         0.261     3.313
new_n156.in[0] (.names)                                          0.100     3.413
new_n156.out[0] (.names)                                         0.261     3.674
new_n170.in[0] (.names)                                          0.331     4.005
new_n170.out[0] (.names)                                         0.261     4.266
G880.in[1] (.names)                                              0.100     4.366
G880.out[0] (.names)                                             0.261     4.627
out:G880.outpad[0] (.output)                                     3.456     8.083
data arrival time                                                          8.083

clock virtual_io_clock (rise edge)                               0.000     0.000
clock source latency                                             0.000     0.000
clock uncertainty                                                0.000     0.000
output external delay                                            0.000     0.000
data required time                                                         0.000
--------------------------------------------------------------------------------
data required time                                                         0.000
data arrival time                                                         -8.083
--------------------------------------------------------------------------------
slack (VIOLATED)                                                          -8.083


#Path 4
Startpoint: G5.inpad[0] (.input clocked by virtual_io_clock)
Endpoint  : out:G876.outpad[0] (.output clocked by virtual_io_clock)
Path Type : setup

Point                                                             Incr      Path
--------------------------------------------------------------------------------
clock virtual_io_clock (rise edge)                               0.000     0.000
clock source latency                                             0.000     0.000
input external delay                                             0.000     0.000
G5.inpad[0] (.input)                                             0.000     0.000
new_n114.in[1] (.names)                                          1.969     1.969
new_n114.out[0] (.names)                                         0.261     2.230
new_n113.in[2] (.names)                                          0.100     2.330
new_n113.out[0] (.names)                                         0.261     2.591
new_n123.in[1] (.names)                                          0.100     2.691
new_n123.out[0] (.names)                                         0.261     2.952
new_n121.in[0] (.names)                                          0.100     3.052
new_n121.out[0] (.names)                                         0.261     3.313
new_n143.in[0] (.names)                                          0.196     3.509
new_n143.out[0] (.names)                                         0.261     3.770
new_n142.in[0] (.names)                                          0.100     3.870
new_n142.out[0] (.names)                                         0.261     4.131
G876.in[0] (.names)                                              0.100     4.231
G876.out[0] (.names)                                             0.261     4.492
out:G876.outpad[0] (.output)                                     3.584     8.076
data arrival time                                                          8.076

clock virtual_io_clock (rise edge)                               0.000     0.000
clock source latency                                             0.000     0.000
clock uncertainty                                                0.000     0.000
output external delay                                            0.000     0.000
data required time                                                         0.000
--------------------------------------------------------------------------------
data required time                                                         0.000
data arrival time                                                         -8.076
--------------------------------------------------------------------------------
slack (VIOLATED)                                                          -8.076


#Path 5
Startpoint: G5.inpad[0] (.input clocked by virtual_io_clock)
Endpoint  : out:G878.outpad[0] (.output clocked by virtual_io_clock)
Path Type : setup

Point                                                             Incr      Path
--------------------------------------------------------------------------------
clock virtual_io_clock (rise edge)                               0.000     0.000
clock source latency                                             0.000     0.000
input external delay                                             0.000     0.000
G5.inpad[0] (.input)                                             0.000     0.000
new_n114.in[1] (.names)                                          1.969     1.969
new_n114.out[0] (.names)                                         0.261     2.230
new_n113.in[2] (.names)                                          0.100     2.330
new_n113.out[0] (.names)                                         0.261     2.591
new_n123.in[1] (.names)                                          0.100     2.691
new_n123.out[0] (.names)                                         0.261     2.952
new_n121.in[0] (.names)                                          0.100     3.052
new_n121.out[0] (.names)                                         0.261     3.313
new_n143.in[0] (.names)                                          0.196     3.509
new_n143.out[0] (.names)                                         0.261     3.770
new_n142.in[0] (.names)                                          0.100     3.870
new_n142.out[0] (.names)                                         0.261     4.131
G878.in[1] (.names)                                              0.100     4.231
G878.out[0] (.names)                                             0.261     4.492
out:G878.outpad[0] (.output)                                     3.517     8.008
data arrival time                                                          8.008

clock virtual_io_clock (rise edge)                               0.000     0.000
clock source latency                                             0.000     0.000
clock uncertainty                                                0.000     0.000
output external delay                                            0.000     0.000
data required time                                                         0.000
--------------------------------------------------------------------------------
data required time                                                         0.000
data arrival time                                                         -8.008
--------------------------------------------------------------------------------
slack (VIOLATED)                                                          -8.008


#Path 6
Startpoint: G5.inpad[0] (.input clocked by virtual_io_clock)
Endpoint  : out:G873.outpad[0] (.output clocked by virtual_io_clock)
Path Type : setup

Point                                                             Incr      Path
--------------------------------------------------------------------------------
clock virtual_io_clock (rise edge)                               0.000     0.000
clock source latency                                             0.000     0.000
input external delay                                             0.000     0.000
G5.inpad[0] (.input)                                             0.000     0.000
new_n114.in[1] (.names)                                          1.969     1.969
new_n114.out[0] (.names)                                         0.261     2.230
new_n113.in[2] (.names)                                          0.100     2.330
new_n113.out[0] (.names)                                         0.261     2.591
new_n123.in[1] (.names)                                          0.100     2.691
new_n123.out[0] (.names)                                         0.261     2.952
new_n121.in[0] (.names)                                          0.100     3.052
new_n121.out[0] (.names)                                         0.261     3.313
new_n120.in[2] (.names)                                          0.196     3.509
new_n120.out[0] (.names)                                         0.261     3.770
new_n119.in[4] (.names)                                          0.100     3.870
new_n119.out[0] (.names)                                         0.261     4.131
G873.in[4] (.names)                                              0.100     4.231
G873.out[0] (.names)                                             0.261     4.492
out:G873.outpad[0] (.output)                                     3.399     7.891
data arrival time                                                          7.891

clock virtual_io_clock (rise edge)                               0.000     0.000
clock source latency                                             0.000     0.000
clock uncertainty                                                0.000     0.000
output external delay                                            0.000     0.000
data required time                                                         0.000
--------------------------------------------------------------------------------
data required time                                                         0.000
data arrival time                                                         -7.891
--------------------------------------------------------------------------------
slack (VIOLATED)                                                          -7.891


#Path 7
Startpoint: G5.inpad[0] (.input clocked by virtual_io_clock)
Endpoint  : out:G875.outpad[0] (.output clocked by virtual_io_clock)
Path Type : setup

Point                                                             Incr      Path
--------------------------------------------------------------------------------
clock virtual_io_clock (rise edge)                               0.000     0.000
clock source latency                                             0.000     0.000
input external delay                                             0.000     0.000
G5.inpad[0] (.input)                                             0.000     0.000
new_n114.in[1] (.names)                                          1.969     1.969
new_n114.out[0] (.names)                                         0.261     2.230
new_n113.in[2] (.names)                                          0.100     2.330
new_n113.out[0] (.names)                                         0.261     2.591
new_n133.in[0] (.names)                                          0.196     2.787
new_n133.out[0] (.names)                                         0.261     3.048
new_n138.in[4] (.names)                                          0.332     3.379
new_n138.out[0] (.names)                                         0.261     3.640
G875.in[3] (.names)                                              0.196     3.836
G875.out[0] (.names)                                             0.261     4.097
out:G875.outpad[0] (.output)                                     3.653     7.750
data arrival time                                                          7.750

clock virtual_io_clock (rise edge)                               0.000     0.000
clock source latency                                             0.000     0.000
clock uncertainty                                                0.000     0.000
output external delay                                            0.000     0.000
data required time                                                         0.000
--------------------------------------------------------------------------------
data required time                                                         0.000
data arrival time                                                         -7.750
--------------------------------------------------------------------------------
slack (VIOLATED)                                                          -7.750


#Path 8
Startpoint: G5.inpad[0] (.input clocked by virtual_io_clock)
Endpoint  : out:G874.outpad[0] (.output clocked by virtual_io_clock)
Path Type : setup

Point                                                             Incr      Path
--------------------------------------------------------------------------------
clock virtual_io_clock (rise edge)                               0.000     0.000
clock source latency                                             0.000     0.000
input external delay                                             0.000     0.000
G5.inpad[0] (.input)                                             0.000     0.000
new_n114.in[1] (.names)                                          1.969     1.969
new_n114.out[0] (.names)                                         0.261     2.230
new_n113.in[2] (.names)                                          0.100     2.330
new_n113.out[0] (.names)                                         0.261     2.591
new_n110.in[1] (.names)                                          0.196     2.787
new_n110.out[0] (.names)                                         0.261     3.048
new_n132.in[0] (.names)                                          0.100     3.148
new_n132.out[0] (.names)                                         0.261     3.409
new_n131.in[0] (.names)                                          0.100     3.509
new_n131.out[0] (.names)                                         0.261     3.770
G874.in[2] (.names)                                              0.100     3.870
G874.out[0] (.names)                                             0.261     4.131
out:G874.outpad[0] (.output)                                     3.479     7.610
data arrival time                                                          7.610

clock virtual_io_clock (rise edge)                               0.000     0.000
clock source latency                                             0.000     0.000
clock uncertainty                                                0.000     0.000
output external delay                                            0.000     0.000
data required time                                                         0.000
--------------------------------------------------------------------------------
data required time                                                         0.000
data arrival time                                                         -7.610
--------------------------------------------------------------------------------
slack (VIOLATED)                                                          -7.610


#Path 9
Startpoint: G5.inpad[0] (.input clocked by virtual_io_clock)
Endpoint  : out:G872.outpad[0] (.output clocked by virtual_io_clock)
Path Type : setup

Point                                                             Incr      Path
--------------------------------------------------------------------------------
clock virtual_io_clock (rise edge)                               0.000     0.000
clock source latency                                             0.000     0.000
input external delay                                             0.000     0.000
G5.inpad[0] (.input)                                             0.000     0.000
new_n114.in[1] (.names)                                          1.969     1.969
new_n114.out[0] (.names)                                         0.261     2.230
new_n113.in[2] (.names)                                          0.100     2.330
new_n113.out[0] (.names)                                         0.261     2.591
new_n110.in[1] (.names)                                          0.196     2.787
new_n110.out[0] (.names)                                         0.261     3.048
new_n109.in[4] (.names)                                          0.333     3.381
new_n109.out[0] (.names)                                         0.261     3.642
G872.in[5] (.names)                                              0.100     3.742
G872.out[0] (.names)                                             0.261     4.003
out:G872.outpad[0] (.output)                                     3.536     7.538
data arrival time                                                          7.538

clock virtual_io_clock (rise edge)                               0.000     0.000
clock source latency                                             0.000     0.000
clock uncertainty                                                0.000     0.000
output external delay                                            0.000     0.000
data required time                                                         0.000
--------------------------------------------------------------------------------
data required time                                                         0.000
data arrival time                                                         -7.538
--------------------------------------------------------------------------------
slack (VIOLATED)                                                          -7.538


#Path 10
Startpoint: G30.inpad[0] (.input clocked by virtual_io_clock)
Endpoint  : out:G870.outpad[0] (.output clocked by virtual_io_clock)
Path Type : setup

Point                                                             Incr      Path
--------------------------------------------------------------------------------
clock virtual_io_clock (rise edge)                               0.000     0.000
clock source latency                                             0.000     0.000
input external delay                                             0.000     0.000
G30.inpad[0] (.input)                                            0.000     0.000
new_n105.in[2] (.names)                                          2.287     2.287
new_n105.out[0] (.names)                                         0.261     2.548
G870.in[0] (.names)                                              0.100     2.648
G870.out[0] (.names)                                             0.261     2.909
out:G870.outpad[0] (.output)                                     3.685     6.594
data arrival time                                                          6.594

clock virtual_io_clock (rise edge)                               0.000     0.000
clock source latency                                             0.000     0.000
clock uncertainty                                                0.000     0.000
output external delay                                            0.000     0.000
data required time                                                         0.000
--------------------------------------------------------------------------------
data required time                                                         0.000
data arrival time                                                         -6.594
--------------------------------------------------------------------------------
slack (VIOLATED)                                                          -6.594


#Path 11
Startpoint: G3.inpad[0] (.input clocked by virtual_io_clock)
Endpoint  : out:G868.outpad[0] (.output clocked by virtual_io_clock)
Path Type : setup

Point                                                             Incr      Path
--------------------------------------------------------------------------------
clock virtual_io_clock (rise edge)                               0.000     0.000
clock source latency                                             0.000     0.000
input external delay                                             0.000     0.000
G3.inpad[0] (.input)                                             0.000     0.000
new_n101.in[0] (.names)                                          2.022     2.022
new_n101.out[0] (.names)                                         0.261     2.283
G868.in[0] (.names)                                              0.100     2.383
G868.out[0] (.names)                                             0.261     2.644
out:G868.outpad[0] (.output)                                     3.799     6.443
data arrival time                                                          6.443

clock virtual_io_clock (rise edge)                               0.000     0.000
clock source latency                                             0.000     0.000
clock uncertainty                                                0.000     0.000
output external delay                                            0.000     0.000
data required time                                                         0.000
--------------------------------------------------------------------------------
data required time                                                         0.000
data arrival time                                                         -6.443
--------------------------------------------------------------------------------
slack (VIOLATED)                                                          -6.443


#Path 12
Startpoint: G7.inpad[0] (.input clocked by virtual_io_clock)
Endpoint  : out:G865.outpad[0] (.output clocked by virtual_io_clock)
Path Type : setup

Point                                                             Incr      Path
--------------------------------------------------------------------------------
clock virtual_io_clock (rise edge)                               0.000     0.000
clock source latency                                             0.000     0.000
input external delay                                             0.000     0.000
G7.inpad[0] (.input)                                             0.000     0.000
G857.in[2] (.names)                                              2.118     2.118
G857.out[0] (.names)                                             0.261     2.379
G865.in[0] (.names)                                              0.100     2.479
G865.out[0] (.names)                                             0.261     2.740
out:G865.outpad[0] (.output)                                     3.682     6.422
data arrival time                                                          6.422

clock virtual_io_clock (rise edge)                               0.000     0.000
clock source latency                                             0.000     0.000
clock uncertainty                                                0.000     0.000
output external delay                                            0.000     0.000
data required time                                                         0.000
--------------------------------------------------------------------------------
data required time                                                         0.000
data arrival time                                                         -6.422
--------------------------------------------------------------------------------
slack (VIOLATED)                                                          -6.422


#Path 13
Startpoint: G49.inpad[0] (.input clocked by virtual_io_clock)
Endpoint  : out:G871.outpad[0] (.output clocked by virtual_io_clock)
Path Type : setup

Point                                                             Incr      Path
--------------------------------------------------------------------------------
clock virtual_io_clock (rise edge)                               0.000     0.000
clock source latency                                             0.000     0.000
input external delay                                             0.000     0.000
G49.inpad[0] (.input)                                            0.000     0.000
new_n107.in[4] (.names)                                          2.276     2.276
new_n107.out[0] (.names)                                         0.261     2.537
G871.in[0] (.names)                                              0.100     2.637
G871.out[0] (.names)                                             0.261     2.898
out:G871.outpad[0] (.output)                                     3.516     6.414
data arrival time                                                          6.414

clock virtual_io_clock (rise edge)                               0.000     0.000
clock source latency                                             0.000     0.000
clock uncertainty                                                0.000     0.000
output external delay                                            0.000     0.000
data required time                                                         0.000
--------------------------------------------------------------------------------
data required time                                                         0.000
data arrival time                                                         -6.414
--------------------------------------------------------------------------------
slack (VIOLATED)                                                          -6.414


#Path 14
Startpoint: G3.inpad[0] (.input clocked by virtual_io_clock)
Endpoint  : out:G867.outpad[0] (.output clocked by virtual_io_clock)
Path Type : setup

Point                                                             Incr      Path
--------------------------------------------------------------------------------
clock virtual_io_clock (rise edge)                               0.000     0.000
clock source latency                                             0.000     0.000
input external delay                                             0.000     0.000
G3.inpad[0] (.input)                                             0.000     0.000
new_n101.in[0] (.names)                                          2.022     2.022
new_n101.out[0] (.names)                                         0.261     2.283
G867.in[0] (.names)                                              0.100     2.383
G867.out[0] (.names)                                             0.261     2.644
out:G867.outpad[0] (.output)                                     3.750     6.395
data arrival time                                                          6.395

clock virtual_io_clock (rise edge)                               0.000     0.000
clock source latency                                             0.000     0.000
clock uncertainty                                                0.000     0.000
output external delay                                            0.000     0.000
data required time                                                         0.000
--------------------------------------------------------------------------------
data required time                                                         0.000
data arrival time                                                         -6.395
--------------------------------------------------------------------------------
slack (VIOLATED)                                                          -6.395


#Path 15
Startpoint: G7.inpad[0] (.input clocked by virtual_io_clock)
Endpoint  : out:G860.outpad[0] (.output clocked by virtual_io_clock)
Path Type : setup

Point                                                             Incr      Path
--------------------------------------------------------------------------------
clock virtual_io_clock (rise edge)                               0.000     0.000
clock source latency                                             0.000     0.000
input external delay                                             0.000     0.000
G7.inpad[0] (.input)                                             0.000     0.000
G857.in[2] (.names)                                              2.118     2.118
G857.out[0] (.names)                                             0.261     2.379
G860.in[0] (.names)                                              0.100     2.479
G860.out[0] (.names)                                             0.261     2.740
out:G860.outpad[0] (.output)                                     3.594     6.334
data arrival time                                                          6.334

clock virtual_io_clock (rise edge)                               0.000     0.000
clock source latency                                             0.000     0.000
clock uncertainty                                                0.000     0.000
output external delay                                            0.000     0.000
data required time                                                         0.000
--------------------------------------------------------------------------------
data required time                                                         0.000
data arrival time                                                         -6.334
--------------------------------------------------------------------------------
slack (VIOLATED)                                                          -6.334


#Path 16
Startpoint: G7.inpad[0] (.input clocked by virtual_io_clock)
Endpoint  : out:G856.outpad[0] (.output clocked by virtual_io_clock)
Path Type : setup

Point                                                             Incr      Path
--------------------------------------------------------------------------------
clock virtual_io_clock (rise edge)                               0.000     0.000
clock source latency                                             0.000     0.000
input external delay                                             0.000     0.000
G7.inpad[0] (.input)                                             0.000     0.000
G856.in[2] (.names)                                              2.118     2.118
G856.out[0] (.names)                                             0.261     2.379
out:G856.outpad[0] (.output)                                     3.830     6.209
data arrival time                                                          6.209

clock virtual_io_clock (rise edge)                               0.000     0.000
clock source latency                                             0.000     0.000
clock uncertainty                                                0.000     0.000
output external delay                                            0.000     0.000
data required time                                                         0.000
--------------------------------------------------------------------------------
data required time                                                         0.000
data arrival time                                                         -6.209
--------------------------------------------------------------------------------
slack (VIOLATED)                                                          -6.209


#Path 17
Startpoint: G6.inpad[0] (.input clocked by virtual_io_clock)
Endpoint  : out:G855.outpad[0] (.output clocked by virtual_io_clock)
Path Type : setup

Point                                                             Incr      Path
--------------------------------------------------------------------------------
clock virtual_io_clock (rise edge)                               0.000     0.000
clock source latency                                             0.000     0.000
input external delay                                             0.000     0.000
G6.inpad[0] (.input)                                             0.000     0.000
G855.in[2] (.names)                                              2.111     2.111
G855.out[0] (.names)                                             0.261     2.372
out:G855.outpad[0] (.output)                                     3.796     6.168
data arrival time                                                          6.168

clock virtual_io_clock (rise edge)                               0.000     0.000
clock source latency                                             0.000     0.000
clock uncertainty                                                0.000     0.000
output external delay                                            0.000     0.000
data required time                                                         0.000
--------------------------------------------------------------------------------
data required time                                                         0.000
data arrival time                                                         -6.168
--------------------------------------------------------------------------------
slack (VIOLATED)                                                          -6.168


#Path 18
Startpoint: G5.inpad[0] (.input clocked by virtual_io_clock)
Endpoint  : out:G866.outpad[0] (.output clocked by virtual_io_clock)
Path Type : setup

Point                                                             Incr      Path
--------------------------------------------------------------------------------
clock virtual_io_clock (rise edge)                               0.000     0.000
clock source latency                                             0.000     0.000
input external delay                                             0.000     0.000
G5.inpad[0] (.input)                                             0.000     0.000
G866.in[1] (.names)                                              1.969     1.969
G866.out[0] (.names)                                             0.261     2.230
out:G866.outpad[0] (.output)                                     3.897     6.127
data arrival time                                                          6.127

clock virtual_io_clock (rise edge)                               0.000     0.000
clock source latency                                             0.000     0.000
clock uncertainty                                                0.000     0.000
output external delay                                            0.000     0.000
data required time                                                         0.000
--------------------------------------------------------------------------------
data required time                                                         0.000
data arrival time                                                         -6.127
--------------------------------------------------------------------------------
slack (VIOLATED)                                                          -6.127


#Path 19
Startpoint: G3.inpad[0] (.input clocked by virtual_io_clock)
Endpoint  : out:G859.outpad[0] (.output clocked by virtual_io_clock)
Path Type : setup

Point                                                             Incr      Path
--------------------------------------------------------------------------------
clock virtual_io_clock (rise edge)                               0.000     0.000
clock source latency                                             0.000     0.000
input external delay                                             0.000     0.000
G3.inpad[0] (.input)                                             0.000     0.000
G859.in[1] (.names)                                              2.175     2.175
G859.out[0] (.names)                                             0.261     2.436
out:G859.outpad[0] (.output)                                     3.672     6.108
data arrival time                                                          6.108

clock virtual_io_clock (rise edge)                               0.000     0.000
clock source latency                                             0.000     0.000
clock uncertainty                                                0.000     0.000
output external delay                                            0.000     0.000
data required time                                                         0.000
--------------------------------------------------------------------------------
data required time                                                         0.000
data arrival time                                                         -6.108
--------------------------------------------------------------------------------
slack (VIOLATED)                                                          -6.108


#Path 20
Startpoint: G7.inpad[0] (.input clocked by virtual_io_clock)
Endpoint  : out:G862.outpad[0] (.output clocked by virtual_io_clock)
Path Type : setup

Point                                                             Incr      Path
--------------------------------------------------------------------------------
clock virtual_io_clock (rise edge)                               0.000     0.000
clock source latency                                             0.000     0.000
input external delay                                             0.000     0.000
G7.inpad[0] (.input)                                             0.000     0.000
G862.in[1] (.names)                                              2.118     2.118
G862.out[0] (.names)                                             0.261     2.379
out:G862.outpad[0] (.output)                                     3.677     6.056
data arrival time                                                          6.056

clock virtual_io_clock (rise edge)                               0.000     0.000
clock source latency                                             0.000     0.000
clock uncertainty                                                0.000     0.000
output external delay                                            0.000     0.000
data required time                                                         0.000
--------------------------------------------------------------------------------
data required time                                                         0.000
data arrival time                                                         -6.056
--------------------------------------------------------------------------------
slack (VIOLATED)                                                          -6.056


#Path 21
Startpoint: G7.inpad[0] (.input clocked by virtual_io_clock)
Endpoint  : out:G857.outpad[0] (.output clocked by virtual_io_clock)
Path Type : setup

Point                                                             Incr      Path
--------------------------------------------------------------------------------
clock virtual_io_clock (rise edge)                               0.000     0.000
clock source latency                                             0.000     0.000
input external delay                                             0.000     0.000
G7.inpad[0] (.input)                                             0.000     0.000
G857.in[2] (.names)                                              2.118     2.118
G857.out[0] (.names)                                             0.261     2.379
out:G857.outpad[0] (.output)                                     3.650     6.028
data arrival time                                                          6.028

clock virtual_io_clock (rise edge)                               0.000     0.000
clock source latency                                             0.000     0.000
clock uncertainty                                                0.000     0.000
output external delay                                            0.000     0.000
data required time                                                         0.000
--------------------------------------------------------------------------------
data required time                                                         0.000
data arrival time                                                         -6.028
--------------------------------------------------------------------------------
slack (VIOLATED)                                                          -6.028


#Path 22
Startpoint: G7.inpad[0] (.input clocked by virtual_io_clock)
Endpoint  : out:G863.outpad[0] (.output clocked by virtual_io_clock)
Path Type : setup

Point                                                             Incr      Path
--------------------------------------------------------------------------------
clock virtual_io_clock (rise edge)                               0.000     0.000
clock source latency                                             0.000     0.000
input external delay                                             0.000     0.000
G7.inpad[0] (.input)                                             0.000     0.000
G863.in[1] (.names)                                              2.118     2.118
G863.out[0] (.names)                                             0.261     2.379
out:G863.outpad[0] (.output)                                     3.646     6.025
data arrival time                                                          6.025

clock virtual_io_clock (rise edge)                               0.000     0.000
clock source latency                                             0.000     0.000
clock uncertainty                                                0.000     0.000
output external delay                                            0.000     0.000
data required time                                                         0.000
--------------------------------------------------------------------------------
data required time                                                         0.000
data arrival time                                                         -6.025
--------------------------------------------------------------------------------
slack (VIOLATED)                                                          -6.025


#Path 23
Startpoint: G17.inpad[0] (.input clocked by virtual_io_clock)
Endpoint  : out:G861.outpad[0] (.output clocked by virtual_io_clock)
Path Type : setup

Point                                                             Incr      Path
--------------------------------------------------------------------------------
clock virtual_io_clock (rise edge)                               0.000     0.000
clock source latency                                             0.000     0.000
input external delay                                             0.000     0.000
G17.inpad[0] (.input)                                            0.000     0.000
G861.in[1] (.names)                                              2.074     2.074
G861.out[0] (.names)                                             0.261     2.335
out:G861.outpad[0] (.output)                                     3.538     5.873
data arrival time                                                          5.873

clock virtual_io_clock (rise edge)                               0.000     0.000
clock source latency                                             0.000     0.000
clock uncertainty                                                0.000     0.000
output external delay                                            0.000     0.000
data required time                                                         0.000
--------------------------------------------------------------------------------
data required time                                                         0.000
data arrival time                                                         -5.873
--------------------------------------------------------------------------------
slack (VIOLATED)                                                          -5.873


#Path 24
Startpoint: G21.inpad[0] (.input clocked by virtual_io_clock)
Endpoint  : out:G864.outpad[0] (.output clocked by virtual_io_clock)
Path Type : setup

Point                                                             Incr      Path
--------------------------------------------------------------------------------
clock virtual_io_clock (rise edge)                               0.000     0.000
clock source latency                                             0.000     0.000
input external delay                                             0.000     0.000
G21.inpad[0] (.input)                                            0.000     0.000
G864.in[1] (.names)                                              1.684     1.684
G864.out[0] (.names)                                             0.261     1.945
out:G864.outpad[0] (.output)                                     3.483     5.427
data arrival time                                                          5.427

clock virtual_io_clock (rise edge)                               0.000     0.000
clock source latency                                             0.000     0.000
clock uncertainty                                                0.000     0.000
output external delay                                            0.000     0.000
data required time                                                         0.000
--------------------------------------------------------------------------------
data required time                                                         0.000
data arrival time                                                         -5.427
--------------------------------------------------------------------------------
slack (VIOLATED)                                                          -5.427


#Path 25
Startpoint: G21.inpad[0] (.input clocked by virtual_io_clock)
Endpoint  : out:G869.outpad[0] (.output clocked by virtual_io_clock)
Path Type : setup

Point                                                             Incr      Path
--------------------------------------------------------------------------------
clock virtual_io_clock (rise edge)                               0.000     0.000
clock source latency                                             0.000     0.000
input external delay                                             0.000     0.000
G21.inpad[0] (.input)                                            0.000     0.000
G869.in[0] (.names)                                              1.684     1.684
G869.out[0] (.names)                                             0.261     1.945
out:G869.outpad[0] (.output)                                     3.214     5.159
data arrival time                                                          5.159

clock virtual_io_clock (rise edge)                               0.000     0.000
clock source latency                                             0.000     0.000
clock uncertainty                                                0.000     0.000
output external delay                                            0.000     0.000
data required time                                                         0.000
--------------------------------------------------------------------------------
data required time                                                         0.000
data arrival time                                                         -5.159
--------------------------------------------------------------------------------
slack (VIOLATED)                                                          -5.159


#Path 26
Startpoint: G18.inpad[0] (.input clocked by virtual_io_clock)
Endpoint  : out:G858.outpad[0] (.output clocked by virtual_io_clock)
Path Type : setup

Point                                                             Incr      Path
--------------------------------------------------------------------------------
clock virtual_io_clock (rise edge)                               0.000     0.000
clock source latency                                             0.000     0.000
input external delay                                             0.000     0.000
G18.inpad[0] (.input)                                            0.000     0.000
G858.in[0] (.names)                                              1.680     1.680
G858.out[0] (.names)                                             0.261     1.941
out:G858.outpad[0] (.output)                                     3.124     5.065
data arrival time                                                          5.065

clock virtual_io_clock (rise edge)                               0.000     0.000
clock source latency                                             0.000     0.000
clock uncertainty                                                0.000     0.000
output external delay                                            0.000     0.000
data required time                                                         0.000
--------------------------------------------------------------------------------
data required time                                                         0.000
data arrival time                                                         -5.065
--------------------------------------------------------------------------------
slack (VIOLATED)                                                          -5.065


#End of timing report
