#Packing pin usage report
Type: io
	Input Pin Usage:
		Max: 1.00 (0.02)
		Avg: 0.47 (0.01)
		Min: 0.00 (0.00)
		Histogram:
		[        0:      5.5) 5434 (100.0%) |**********************************************
		[      5.5:       11)    0 (  0.0%) |
		[       11:       16)    0 (  0.0%) |
		[       16:       22)    0 (  0.0%) |
		[       22:       28)    0 (  0.0%) |
		[       28:       33)    0 (  0.0%) |
		[       33:       38)    0 (  0.0%) |
		[       38:       44)    0 (  0.0%) |
		[       44:       50)    0 (  0.0%) |
		[       50:       55)    0 (  0.0%) |
	Output Pin Usage:
		Max: 1.00 (0.03)
		Avg: 0.53 (0.01)
		Min: 0.00 (0.00)
		Histogram:
		[        0:        4) 5434 (100.0%) |**********************************************
		[        4:        8)    0 (  0.0%) |
		[        8:       12)    0 (  0.0%) |
		[       12:       16)    0 (  0.0%) |
		[       16:       20)    0 (  0.0%) |
		[       20:       24)    0 (  0.0%) |
		[       24:       28)    0 (  0.0%) |
		[       28:       32)    0 (  0.0%) |
		[       32:       36)    0 (  0.0%) |
		[       36:       40)    0 (  0.0%) |

Type: LAB
	Input Pin Usage:
		Max: 62.00 (0.68)
		Avg: 41.29 (0.45)
		Min: 0.00 (0.00)
		Histogram:
		[        0:      9.1)  17 (  4.9%) |*******
		[      9.1:       18)   7 (  2.0%) |***
		[       18:       27)  11 (  3.2%) |****
		[       27:       36)  46 ( 13.3%) |******************
		[       36:       46) 119 ( 34.5%) |**********************************************
		[       46:       55) 122 ( 35.4%) |***********************************************
		[       55:       64)  23 (  6.7%) |*********
		[       64:       73)   0 (  0.0%) |
		[       73:       82)   0 (  0.0%) |
		[       82:       91)   0 (  0.0%) |
	Output Pin Usage:
		Max: 20.00 (0.48)
		Avg: 11.25 (0.27)
		Min: 1.00 (0.02)
		Histogram:
		[        0:      4.2) 43 ( 12.5%) |*************************
		[      4.2:      8.4) 81 ( 23.5%) |***********************************************
		[      8.4:       13) 70 ( 20.3%) |****************************************
		[       13:       17) 68 ( 19.7%) |***************************************
		[       17:       21) 83 ( 24.1%) |************************************************
		[       21:       25)  0 (  0.0%) |
		[       25:       29)  0 (  0.0%) |
		[       29:       34)  0 (  0.0%) |
		[       34:       38)  0 (  0.0%) |
		[       38:       42)  0 (  0.0%) |

