#Packing pin usage report
Type: io
	Input Pin Usage:
		Max: 1.00 (0.02)
		Avg: 0.43 (0.01)
		Min: 0.00 (0.00)
		Histogram:
		[        0:      5.5) 58 (100.0%) |************************************************
		[      5.5:       11)  0 (  0.0%) |
		[       11:       16)  0 (  0.0%) |
		[       16:       22)  0 (  0.0%) |
		[       22:       28)  0 (  0.0%) |
		[       28:       33)  0 (  0.0%) |
		[       33:       38)  0 (  0.0%) |
		[       38:       44)  0 (  0.0%) |
		[       44:       50)  0 (  0.0%) |
		[       50:       55)  0 (  0.0%) |
	Output Pin Usage:
		Max: 1.00 (0.03)
		Avg: 0.57 (0.01)
		Min: 0.00 (0.00)
		Histogram:
		[        0:        4) 58 (100.0%) |************************************************
		[        4:        8)  0 (  0.0%) |
		[        8:       12)  0 (  0.0%) |
		[       12:       16)  0 (  0.0%) |
		[       16:       20)  0 (  0.0%) |
		[       20:       24)  0 (  0.0%) |
		[       24:       28)  0 (  0.0%) |
		[       28:       32)  0 (  0.0%) |
		[       32:       36)  0 (  0.0%) |
		[       36:       40)  0 (  0.0%) |

Type: LAB
	Input Pin Usage:
		Max: 33.00 (0.36)
		Avg: 30.50 (0.34)
		Min: 27.00 (0.30)
		Histogram:
		[        0:      9.1) 0 (  0.0%) |
		[      9.1:       18) 0 (  0.0%) |
		[       18:       27) 1 ( 25.0%) |****************
		[       27:       36) 3 ( 75.0%) |*************************************************
		[       36:       46) 0 (  0.0%) |
		[       46:       55) 0 (  0.0%) |
		[       55:       64) 0 (  0.0%) |
		[       64:       73) 0 (  0.0%) |
		[       73:       82) 0 (  0.0%) |
		[       82:       91) 0 (  0.0%) |
	Output Pin Usage:
		Max: 17.00 (0.40)
		Avg: 13.50 (0.32)
		Min: 10.00 (0.24)
		Histogram:
		[        0:      4.2) 0 (  0.0%) |
		[      4.2:      8.4) 0 (  0.0%) |
		[      8.4:       13) 1 ( 25.0%) |*************************
		[       13:       17) 2 ( 50.0%) |*************************************************
		[       17:       21) 1 ( 25.0%) |*************************
		[       21:       25) 0 (  0.0%) |
		[       25:       29) 0 (  0.0%) |
		[       29:       34) 0 (  0.0%) |
		[       34:       38) 0 (  0.0%) |
		[       38:       42) 0 (  0.0%) |

