#Timing report of worst 25 path(s)
# Unit scale: 1e-09 seconds
# Output precision: 3

#Path 1
Startpoint: G8.inpad[0] (.input clocked by virtual_io_clock)
Endpoint  : out:G1891.outpad[0] (.output clocked by virtual_io_clock)
Path Type : setup

Point                                                             Incr      Path
--------------------------------------------------------------------------------
clock virtual_io_clock (rise edge)                               0.000     0.000
clock source latency                                             0.000     0.000
input external delay                                             0.000     0.000
G8.inpad[0] (.input)                                             0.000     0.000
new_n63.in[0] (.names)                                           1.014     1.014
new_n63.out[0] (.names)                                          0.261     1.275
new_n62.in[3] (.names)                                           1.014     2.289
new_n62.out[0] (.names)                                          0.261     2.550
new_n89.in[1] (.names)                                           1.014     3.563
new_n89.out[0] (.names)                                          0.261     3.824
new_n100.in[0] (.names)                                          1.014     4.838
new_n100.out[0] (.names)                                         0.261     5.099
G1891.in[0] (.names)                                             1.014     6.113
G1891.out[0] (.names)                                            0.261     6.374
out:G1891.outpad[0] (.output)                                    1.014     7.388
data arrival time                                                          7.388

clock virtual_io_clock (rise edge)                               0.000     0.000
clock source latency                                             0.000     0.000
clock uncertainty                                                0.000     0.000
output external delay                                            0.000     0.000
data required time                                                         0.000
--------------------------------------------------------------------------------
data required time                                                         0.000
data arrival time                                                         -7.388
--------------------------------------------------------------------------------
slack (VIOLATED)                                                          -7.388


#Path 2
Startpoint: G12.inpad[0] (.input clocked by virtual_io_clock)
Endpoint  : out:G1907.outpad[0] (.output clocked by virtual_io_clock)
Path Type : setup

Point                                                             Incr      Path
--------------------------------------------------------------------------------
clock virtual_io_clock (rise edge)                               0.000     0.000
clock source latency                                             0.000     0.000
input external delay                                             0.000     0.000
G12.inpad[0] (.input)                                            0.000     0.000
new_n77.in[0] (.names)                                           1.014     1.014
new_n77.out[0] (.names)                                          0.261     1.275
new_n76.in[1] (.names)                                           1.014     2.289
new_n76.out[0] (.names)                                          0.261     2.550
new_n68.in[1] (.names)                                           1.014     3.563
new_n68.out[0] (.names)                                          0.261     3.824
new_n129.in[0] (.names)                                          1.014     4.838
new_n129.out[0] (.names)                                         0.261     5.099
G1907.in[3] (.names)                                             1.014     6.113
G1907.out[0] (.names)                                            0.261     6.374
out:G1907.outpad[0] (.output)                                    1.014     7.388
data arrival time                                                          7.388

clock virtual_io_clock (rise edge)                               0.000     0.000
clock source latency                                             0.000     0.000
clock uncertainty                                                0.000     0.000
output external delay                                            0.000     0.000
data required time                                                         0.000
--------------------------------------------------------------------------------
data required time                                                         0.000
data arrival time                                                         -7.388
--------------------------------------------------------------------------------
slack (VIOLATED)                                                          -7.388


#Path 3
Startpoint: G12.inpad[0] (.input clocked by virtual_io_clock)
Endpoint  : out:G1908.outpad[0] (.output clocked by virtual_io_clock)
Path Type : setup

Point                                                             Incr      Path
--------------------------------------------------------------------------------
clock virtual_io_clock (rise edge)                               0.000     0.000
clock source latency                                             0.000     0.000
input external delay                                             0.000     0.000
G12.inpad[0] (.input)                                            0.000     0.000
new_n77.in[0] (.names)                                           1.014     1.014
new_n77.out[0] (.names)                                          0.261     1.275
new_n76.in[1] (.names)                                           1.014     2.289
new_n76.out[0] (.names)                                          0.261     2.550
new_n68.in[1] (.names)                                           1.014     3.563
new_n68.out[0] (.names)                                          0.261     3.824
new_n116.in[0] (.names)                                          1.014     4.838
new_n116.out[0] (.names)                                         0.261     5.099
G1908.in[0] (.names)                                             1.014     6.113
G1908.out[0] (.names)                                            0.261     6.374
out:G1908.outpad[0] (.output)                                    1.014     7.388
data arrival time                                                          7.388

clock virtual_io_clock (rise edge)                               0.000     0.000
clock source latency                                             0.000     0.000
clock uncertainty                                                0.000     0.000
output external delay                                            0.000     0.000
data required time                                                         0.000
--------------------------------------------------------------------------------
data required time                                                         0.000
data arrival time                                                         -7.388
--------------------------------------------------------------------------------
slack (VIOLATED)                                                          -7.388


#Path 4
Startpoint: G12.inpad[0] (.input clocked by virtual_io_clock)
Endpoint  : out:G1905.outpad[0] (.output clocked by virtual_io_clock)
Path Type : setup

Point                                                             Incr      Path
--------------------------------------------------------------------------------
clock virtual_io_clock (rise edge)                               0.000     0.000
clock source latency                                             0.000     0.000
input external delay                                             0.000     0.000
G12.inpad[0] (.input)                                            0.000     0.000
new_n77.in[0] (.names)                                           1.014     1.014
new_n77.out[0] (.names)                                          0.261     1.275
new_n76.in[1] (.names)                                           1.014     2.289
new_n76.out[0] (.names)                                          0.261     2.550
new_n68.in[1] (.names)                                           1.014     3.563
new_n68.out[0] (.names)                                          0.261     3.824
new_n116.in[0] (.names)                                          1.014     4.838
new_n116.out[0] (.names)                                         0.261     5.099
G1905.in[0] (.names)                                             1.014     6.113
G1905.out[0] (.names)                                            0.261     6.374
out:G1905.outpad[0] (.output)                                    1.014     7.388
data arrival time                                                          7.388

clock virtual_io_clock (rise edge)                               0.000     0.000
clock source latency                                             0.000     0.000
clock uncertainty                                                0.000     0.000
output external delay                                            0.000     0.000
data required time                                                         0.000
--------------------------------------------------------------------------------
data required time                                                         0.000
data arrival time                                                         -7.388
--------------------------------------------------------------------------------
slack (VIOLATED)                                                          -7.388


#Path 5
Startpoint: G12.inpad[0] (.input clocked by virtual_io_clock)
Endpoint  : out:G1904.outpad[0] (.output clocked by virtual_io_clock)
Path Type : setup

Point                                                             Incr      Path
--------------------------------------------------------------------------------
clock virtual_io_clock (rise edge)                               0.000     0.000
clock source latency                                             0.000     0.000
input external delay                                             0.000     0.000
G12.inpad[0] (.input)                                            0.000     0.000
new_n77.in[0] (.names)                                           1.014     1.014
new_n77.out[0] (.names)                                          0.261     1.275
new_n76.in[1] (.names)                                           1.014     2.289
new_n76.out[0] (.names)                                          0.261     2.550
new_n68.in[1] (.names)                                           1.014     3.563
new_n68.out[0] (.names)                                          0.261     3.824
new_n116.in[0] (.names)                                          1.014     4.838
new_n116.out[0] (.names)                                         0.261     5.099
G1904.in[0] (.names)                                             1.014     6.113
G1904.out[0] (.names)                                            0.261     6.374
out:G1904.outpad[0] (.output)                                    1.014     7.388
data arrival time                                                          7.388

clock virtual_io_clock (rise edge)                               0.000     0.000
clock source latency                                             0.000     0.000
clock uncertainty                                                0.000     0.000
output external delay                                            0.000     0.000
data required time                                                         0.000
--------------------------------------------------------------------------------
data required time                                                         0.000
data arrival time                                                         -7.388
--------------------------------------------------------------------------------
slack (VIOLATED)                                                          -7.388


#Path 6
Startpoint: G12.inpad[0] (.input clocked by virtual_io_clock)
Endpoint  : out:G1903.outpad[0] (.output clocked by virtual_io_clock)
Path Type : setup

Point                                                             Incr      Path
--------------------------------------------------------------------------------
clock virtual_io_clock (rise edge)                               0.000     0.000
clock source latency                                             0.000     0.000
input external delay                                             0.000     0.000
G12.inpad[0] (.input)                                            0.000     0.000
new_n77.in[0] (.names)                                           1.014     1.014
new_n77.out[0] (.names)                                          0.261     1.275
new_n76.in[1] (.names)                                           1.014     2.289
new_n76.out[0] (.names)                                          0.261     2.550
new_n68.in[1] (.names)                                           1.014     3.563
new_n68.out[0] (.names)                                          0.261     3.824
new_n116.in[0] (.names)                                          1.014     4.838
new_n116.out[0] (.names)                                         0.261     5.099
G1903.in[0] (.names)                                             1.014     6.113
G1903.out[0] (.names)                                            0.261     6.374
out:G1903.outpad[0] (.output)                                    1.014     7.388
data arrival time                                                          7.388

clock virtual_io_clock (rise edge)                               0.000     0.000
clock source latency                                             0.000     0.000
clock uncertainty                                                0.000     0.000
output external delay                                            0.000     0.000
data required time                                                         0.000
--------------------------------------------------------------------------------
data required time                                                         0.000
data arrival time                                                         -7.388
--------------------------------------------------------------------------------
slack (VIOLATED)                                                          -7.388


#Path 7
Startpoint: G12.inpad[0] (.input clocked by virtual_io_clock)
Endpoint  : out:G1902.outpad[0] (.output clocked by virtual_io_clock)
Path Type : setup

Point                                                             Incr      Path
--------------------------------------------------------------------------------
clock virtual_io_clock (rise edge)                               0.000     0.000
clock source latency                                             0.000     0.000
input external delay                                             0.000     0.000
G12.inpad[0] (.input)                                            0.000     0.000
new_n77.in[0] (.names)                                           1.014     1.014
new_n77.out[0] (.names)                                          0.261     1.275
new_n76.in[1] (.names)                                           1.014     2.289
new_n76.out[0] (.names)                                          0.261     2.550
new_n68.in[1] (.names)                                           1.014     3.563
new_n68.out[0] (.names)                                          0.261     3.824
new_n116.in[0] (.names)                                          1.014     4.838
new_n116.out[0] (.names)                                         0.261     5.099
G1902.in[0] (.names)                                             1.014     6.113
G1902.out[0] (.names)                                            0.261     6.374
out:G1902.outpad[0] (.output)                                    1.014     7.388
data arrival time                                                          7.388

clock virtual_io_clock (rise edge)                               0.000     0.000
clock source latency                                             0.000     0.000
clock uncertainty                                                0.000     0.000
output external delay                                            0.000     0.000
data required time                                                         0.000
--------------------------------------------------------------------------------
data required time                                                         0.000
data arrival time                                                         -7.388
--------------------------------------------------------------------------------
slack (VIOLATED)                                                          -7.388


#Path 8
Startpoint: G12.inpad[0] (.input clocked by virtual_io_clock)
Endpoint  : out:G1901.outpad[0] (.output clocked by virtual_io_clock)
Path Type : setup

Point                                                             Incr      Path
--------------------------------------------------------------------------------
clock virtual_io_clock (rise edge)                               0.000     0.000
clock source latency                                             0.000     0.000
input external delay                                             0.000     0.000
G12.inpad[0] (.input)                                            0.000     0.000
new_n77.in[0] (.names)                                           1.014     1.014
new_n77.out[0] (.names)                                          0.261     1.275
new_n76.in[1] (.names)                                           1.014     2.289
new_n76.out[0] (.names)                                          0.261     2.550
new_n68.in[1] (.names)                                           1.014     3.563
new_n68.out[0] (.names)                                          0.261     3.824
new_n116.in[0] (.names)                                          1.014     4.838
new_n116.out[0] (.names)                                         0.261     5.099
G1901.in[0] (.names)                                             1.014     6.113
G1901.out[0] (.names)                                            0.261     6.374
out:G1901.outpad[0] (.output)                                    1.014     7.388
data arrival time                                                          7.388

clock virtual_io_clock (rise edge)                               0.000     0.000
clock source latency                                             0.000     0.000
clock uncertainty                                                0.000     0.000
output external delay                                            0.000     0.000
data required time                                                         0.000
--------------------------------------------------------------------------------
data required time                                                         0.000
data arrival time                                                         -7.388
--------------------------------------------------------------------------------
slack (VIOLATED)                                                          -7.388


#Path 9
Startpoint: G12.inpad[0] (.input clocked by virtual_io_clock)
Endpoint  : out:G1900.outpad[0] (.output clocked by virtual_io_clock)
Path Type : setup

Point                                                             Incr      Path
--------------------------------------------------------------------------------
clock virtual_io_clock (rise edge)                               0.000     0.000
clock source latency                                             0.000     0.000
input external delay                                             0.000     0.000
G12.inpad[0] (.input)                                            0.000     0.000
new_n77.in[0] (.names)                                           1.014     1.014
new_n77.out[0] (.names)                                          0.261     1.275
new_n76.in[1] (.names)                                           1.014     2.289
new_n76.out[0] (.names)                                          0.261     2.550
new_n68.in[1] (.names)                                           1.014     3.563
new_n68.out[0] (.names)                                          0.261     3.824
new_n116.in[0] (.names)                                          1.014     4.838
new_n116.out[0] (.names)                                         0.261     5.099
G1900.in[0] (.names)                                             1.014     6.113
G1900.out[0] (.names)                                            0.261     6.374
out:G1900.outpad[0] (.output)                                    1.014     7.388
data arrival time                                                          7.388

clock virtual_io_clock (rise edge)                               0.000     0.000
clock source latency                                             0.000     0.000
clock uncertainty                                                0.000     0.000
output external delay                                            0.000     0.000
data required time                                                         0.000
--------------------------------------------------------------------------------
data required time                                                         0.000
data arrival time                                                         -7.388
--------------------------------------------------------------------------------
slack (VIOLATED)                                                          -7.388


#Path 10
Startpoint: G8.inpad[0] (.input clocked by virtual_io_clock)
Endpoint  : out:G1906.outpad[0] (.output clocked by virtual_io_clock)
Path Type : setup

Point                                                             Incr      Path
--------------------------------------------------------------------------------
clock virtual_io_clock (rise edge)                               0.000     0.000
clock source latency                                             0.000     0.000
input external delay                                             0.000     0.000
G8.inpad[0] (.input)                                             0.000     0.000
new_n63.in[0] (.names)                                           1.014     1.014
new_n63.out[0] (.names)                                          0.261     1.275
new_n62.in[3] (.names)                                           1.014     2.289
new_n62.out[0] (.names)                                          0.261     2.550
new_n89.in[1] (.names)                                           1.014     3.563
new_n89.out[0] (.names)                                          0.261     3.824
new_n88.in[0] (.names)                                           1.014     4.838
new_n88.out[0] (.names)                                          0.261     5.099
G1906.in[0] (.names)                                             1.014     6.113
G1906.out[0] (.names)                                            0.261     6.374
out:G1906.outpad[0] (.output)                                    1.014     7.388
data arrival time                                                          7.388

clock virtual_io_clock (rise edge)                               0.000     0.000
clock source latency                                             0.000     0.000
clock uncertainty                                                0.000     0.000
output external delay                                            0.000     0.000
data required time                                                         0.000
--------------------------------------------------------------------------------
data required time                                                         0.000
data arrival time                                                         -7.388
--------------------------------------------------------------------------------
slack (VIOLATED)                                                          -7.388


#Path 11
Startpoint: G8.inpad[0] (.input clocked by virtual_io_clock)
Endpoint  : out:G1894.outpad[0] (.output clocked by virtual_io_clock)
Path Type : setup

Point                                                             Incr      Path
--------------------------------------------------------------------------------
clock virtual_io_clock (rise edge)                               0.000     0.000
clock source latency                                             0.000     0.000
input external delay                                             0.000     0.000
G8.inpad[0] (.input)                                             0.000     0.000
new_n63.in[0] (.names)                                           1.014     1.014
new_n63.out[0] (.names)                                          0.261     1.275
new_n62.in[3] (.names)                                           1.014     2.289
new_n62.out[0] (.names)                                          0.261     2.550
new_n89.in[1] (.names)                                           1.014     3.563
new_n89.out[0] (.names)                                          0.261     3.824
new_n100.in[0] (.names)                                          1.014     4.838
new_n100.out[0] (.names)                                         0.261     5.099
G1894.in[0] (.names)                                             1.014     6.113
G1894.out[0] (.names)                                            0.261     6.374
out:G1894.outpad[0] (.output)                                    1.014     7.388
data arrival time                                                          7.388

clock virtual_io_clock (rise edge)                               0.000     0.000
clock source latency                                             0.000     0.000
clock uncertainty                                                0.000     0.000
output external delay                                            0.000     0.000
data required time                                                         0.000
--------------------------------------------------------------------------------
data required time                                                         0.000
data arrival time                                                         -7.388
--------------------------------------------------------------------------------
slack (VIOLATED)                                                          -7.388


#Path 12
Startpoint: G8.inpad[0] (.input clocked by virtual_io_clock)
Endpoint  : out:G1893.outpad[0] (.output clocked by virtual_io_clock)
Path Type : setup

Point                                                             Incr      Path
--------------------------------------------------------------------------------
clock virtual_io_clock (rise edge)                               0.000     0.000
clock source latency                                             0.000     0.000
input external delay                                             0.000     0.000
G8.inpad[0] (.input)                                             0.000     0.000
new_n63.in[0] (.names)                                           1.014     1.014
new_n63.out[0] (.names)                                          0.261     1.275
new_n62.in[3] (.names)                                           1.014     2.289
new_n62.out[0] (.names)                                          0.261     2.550
new_n89.in[1] (.names)                                           1.014     3.563
new_n89.out[0] (.names)                                          0.261     3.824
new_n100.in[0] (.names)                                          1.014     4.838
new_n100.out[0] (.names)                                         0.261     5.099
G1893.in[0] (.names)                                             1.014     6.113
G1893.out[0] (.names)                                            0.261     6.374
out:G1893.outpad[0] (.output)                                    1.014     7.388
data arrival time                                                          7.388

clock virtual_io_clock (rise edge)                               0.000     0.000
clock source latency                                             0.000     0.000
clock uncertainty                                                0.000     0.000
output external delay                                            0.000     0.000
data required time                                                         0.000
--------------------------------------------------------------------------------
data required time                                                         0.000
data arrival time                                                         -7.388
--------------------------------------------------------------------------------
slack (VIOLATED)                                                          -7.388


#Path 13
Startpoint: G8.inpad[0] (.input clocked by virtual_io_clock)
Endpoint  : out:G1892.outpad[0] (.output clocked by virtual_io_clock)
Path Type : setup

Point                                                             Incr      Path
--------------------------------------------------------------------------------
clock virtual_io_clock (rise edge)                               0.000     0.000
clock source latency                                             0.000     0.000
input external delay                                             0.000     0.000
G8.inpad[0] (.input)                                             0.000     0.000
new_n63.in[0] (.names)                                           1.014     1.014
new_n63.out[0] (.names)                                          0.261     1.275
new_n62.in[3] (.names)                                           1.014     2.289
new_n62.out[0] (.names)                                          0.261     2.550
new_n89.in[1] (.names)                                           1.014     3.563
new_n89.out[0] (.names)                                          0.261     3.824
new_n100.in[0] (.names)                                          1.014     4.838
new_n100.out[0] (.names)                                         0.261     5.099
G1892.in[0] (.names)                                             1.014     6.113
G1892.out[0] (.names)                                            0.261     6.374
out:G1892.outpad[0] (.output)                                    1.014     7.388
data arrival time                                                          7.388

clock virtual_io_clock (rise edge)                               0.000     0.000
clock source latency                                             0.000     0.000
clock uncertainty                                                0.000     0.000
output external delay                                            0.000     0.000
data required time                                                         0.000
--------------------------------------------------------------------------------
data required time                                                         0.000
data arrival time                                                         -7.388
--------------------------------------------------------------------------------
slack (VIOLATED)                                                          -7.388


#Path 14
Startpoint: G8.inpad[0] (.input clocked by virtual_io_clock)
Endpoint  : out:G1887.outpad[0] (.output clocked by virtual_io_clock)
Path Type : setup

Point                                                             Incr      Path
--------------------------------------------------------------------------------
clock virtual_io_clock (rise edge)                               0.000     0.000
clock source latency                                             0.000     0.000
input external delay                                             0.000     0.000
G8.inpad[0] (.input)                                             0.000     0.000
new_n63.in[0] (.names)                                           1.014     1.014
new_n63.out[0] (.names)                                          0.261     1.275
new_n62.in[3] (.names)                                           1.014     2.289
new_n62.out[0] (.names)                                          0.261     2.550
new_n89.in[1] (.names)                                           1.014     3.563
new_n89.out[0] (.names)                                          0.261     3.824
new_n88.in[0] (.names)                                           1.014     4.838
new_n88.out[0] (.names)                                          0.261     5.099
G1887.in[0] (.names)                                             1.014     6.113
G1887.out[0] (.names)                                            0.261     6.374
out:G1887.outpad[0] (.output)                                    1.014     7.388
data arrival time                                                          7.388

clock virtual_io_clock (rise edge)                               0.000     0.000
clock source latency                                             0.000     0.000
clock uncertainty                                                0.000     0.000
output external delay                                            0.000     0.000
data required time                                                         0.000
--------------------------------------------------------------------------------
data required time                                                         0.000
data arrival time                                                         -7.388
--------------------------------------------------------------------------------
slack (VIOLATED)                                                          -7.388


#Path 15
Startpoint: G8.inpad[0] (.input clocked by virtual_io_clock)
Endpoint  : out:G1886.outpad[0] (.output clocked by virtual_io_clock)
Path Type : setup

Point                                                             Incr      Path
--------------------------------------------------------------------------------
clock virtual_io_clock (rise edge)                               0.000     0.000
clock source latency                                             0.000     0.000
input external delay                                             0.000     0.000
G8.inpad[0] (.input)                                             0.000     0.000
new_n63.in[0] (.names)                                           1.014     1.014
new_n63.out[0] (.names)                                          0.261     1.275
new_n62.in[3] (.names)                                           1.014     2.289
new_n62.out[0] (.names)                                          0.261     2.550
new_n89.in[1] (.names)                                           1.014     3.563
new_n89.out[0] (.names)                                          0.261     3.824
new_n88.in[0] (.names)                                           1.014     4.838
new_n88.out[0] (.names)                                          0.261     5.099
G1886.in[0] (.names)                                             1.014     6.113
G1886.out[0] (.names)                                            0.261     6.374
out:G1886.outpad[0] (.output)                                    1.014     7.388
data arrival time                                                          7.388

clock virtual_io_clock (rise edge)                               0.000     0.000
clock source latency                                             0.000     0.000
clock uncertainty                                                0.000     0.000
output external delay                                            0.000     0.000
data required time                                                         0.000
--------------------------------------------------------------------------------
data required time                                                         0.000
data arrival time                                                         -7.388
--------------------------------------------------------------------------------
slack (VIOLATED)                                                          -7.388


#Path 16
Startpoint: G8.inpad[0] (.input clocked by virtual_io_clock)
Endpoint  : out:G1885.outpad[0] (.output clocked by virtual_io_clock)
Path Type : setup

Point                                                             Incr      Path
--------------------------------------------------------------------------------
clock virtual_io_clock (rise edge)                               0.000     0.000
clock source latency                                             0.000     0.000
input external delay                                             0.000     0.000
G8.inpad[0] (.input)                                             0.000     0.000
new_n63.in[0] (.names)                                           1.014     1.014
new_n63.out[0] (.names)                                          0.261     1.275
new_n62.in[3] (.names)                                           1.014     2.289
new_n62.out[0] (.names)                                          0.261     2.550
new_n89.in[1] (.names)                                           1.014     3.563
new_n89.out[0] (.names)                                          0.261     3.824
new_n88.in[0] (.names)                                           1.014     4.838
new_n88.out[0] (.names)                                          0.261     5.099
G1885.in[0] (.names)                                             1.014     6.113
G1885.out[0] (.names)                                            0.261     6.374
out:G1885.outpad[0] (.output)                                    1.014     7.388
data arrival time                                                          7.388

clock virtual_io_clock (rise edge)                               0.000     0.000
clock source latency                                             0.000     0.000
clock uncertainty                                                0.000     0.000
output external delay                                            0.000     0.000
data required time                                                         0.000
--------------------------------------------------------------------------------
data required time                                                         0.000
data arrival time                                                         -7.388
--------------------------------------------------------------------------------
slack (VIOLATED)                                                          -7.388


#Path 17
Startpoint: G8.inpad[0] (.input clocked by virtual_io_clock)
Endpoint  : out:G1884.outpad[0] (.output clocked by virtual_io_clock)
Path Type : setup

Point                                                             Incr      Path
--------------------------------------------------------------------------------
clock virtual_io_clock (rise edge)                               0.000     0.000
clock source latency                                             0.000     0.000
input external delay                                             0.000     0.000
G8.inpad[0] (.input)                                             0.000     0.000
new_n63.in[0] (.names)                                           1.014     1.014
new_n63.out[0] (.names)                                          0.261     1.275
new_n62.in[3] (.names)                                           1.014     2.289
new_n62.out[0] (.names)                                          0.261     2.550
new_n89.in[1] (.names)                                           1.014     3.563
new_n89.out[0] (.names)                                          0.261     3.824
new_n88.in[0] (.names)                                           1.014     4.838
new_n88.out[0] (.names)                                          0.261     5.099
G1884.in[0] (.names)                                             1.014     6.113
G1884.out[0] (.names)                                            0.261     6.374
out:G1884.outpad[0] (.output)                                    1.014     7.388
data arrival time                                                          7.388

clock virtual_io_clock (rise edge)                               0.000     0.000
clock source latency                                             0.000     0.000
clock uncertainty                                                0.000     0.000
output external delay                                            0.000     0.000
data required time                                                         0.000
--------------------------------------------------------------------------------
data required time                                                         0.000
data arrival time                                                         -7.388
--------------------------------------------------------------------------------
slack (VIOLATED)                                                          -7.388


#Path 18
Startpoint: G8.inpad[0] (.input clocked by virtual_io_clock)
Endpoint  : out:G1899.outpad[0] (.output clocked by virtual_io_clock)
Path Type : setup

Point                                                             Incr      Path
--------------------------------------------------------------------------------
clock virtual_io_clock (rise edge)                               0.000     0.000
clock source latency                                             0.000     0.000
input external delay                                             0.000     0.000
G8.inpad[0] (.input)                                             0.000     0.000
new_n63.in[0] (.names)                                           1.014     1.014
new_n63.out[0] (.names)                                          0.261     1.275
new_n62.in[3] (.names)                                           1.014     2.289
new_n62.out[0] (.names)                                          0.261     2.550
new_n61.in[1] (.names)                                           1.014     3.563
new_n61.out[0] (.names)                                          0.261     3.824
G1899.in[0] (.names)                                             1.014     4.838
G1899.out[0] (.names)                                            0.261     5.099
out:G1899.outpad[0] (.output)                                    1.014     6.113
data arrival time                                                          6.113

clock virtual_io_clock (rise edge)                               0.000     0.000
clock source latency                                             0.000     0.000
clock uncertainty                                                0.000     0.000
output external delay                                            0.000     0.000
data required time                                                         0.000
--------------------------------------------------------------------------------
data required time                                                         0.000
data arrival time                                                         -6.113
--------------------------------------------------------------------------------
slack (VIOLATED)                                                          -6.113


#Path 19
Startpoint: G8.inpad[0] (.input clocked by virtual_io_clock)
Endpoint  : out:G1895.outpad[0] (.output clocked by virtual_io_clock)
Path Type : setup

Point                                                             Incr      Path
--------------------------------------------------------------------------------
clock virtual_io_clock (rise edge)                               0.000     0.000
clock source latency                                             0.000     0.000
input external delay                                             0.000     0.000
G8.inpad[0] (.input)                                             0.000     0.000
new_n63.in[0] (.names)                                           1.014     1.014
new_n63.out[0] (.names)                                          0.261     1.275
new_n62.in[3] (.names)                                           1.014     2.289
new_n62.out[0] (.names)                                          0.261     2.550
new_n61.in[1] (.names)                                           1.014     3.563
new_n61.out[0] (.names)                                          0.261     3.824
G1895.in[0] (.names)                                             1.014     4.838
G1895.out[0] (.names)                                            0.261     5.099
out:G1895.outpad[0] (.output)                                    1.014     6.113
data arrival time                                                          6.113

clock virtual_io_clock (rise edge)                               0.000     0.000
clock source latency                                             0.000     0.000
clock uncertainty                                                0.000     0.000
output external delay                                            0.000     0.000
data required time                                                         0.000
--------------------------------------------------------------------------------
data required time                                                         0.000
data arrival time                                                         -6.113
--------------------------------------------------------------------------------
slack (VIOLATED)                                                          -6.113


#Path 20
Startpoint: G8.inpad[0] (.input clocked by virtual_io_clock)
Endpoint  : out:G1890.outpad[0] (.output clocked by virtual_io_clock)
Path Type : setup

Point                                                             Incr      Path
--------------------------------------------------------------------------------
clock virtual_io_clock (rise edge)                               0.000     0.000
clock source latency                                             0.000     0.000
input external delay                                             0.000     0.000
G8.inpad[0] (.input)                                             0.000     0.000
new_n63.in[0] (.names)                                           1.014     1.014
new_n63.out[0] (.names)                                          0.261     1.275
new_n62.in[3] (.names)                                           1.014     2.289
new_n62.out[0] (.names)                                          0.261     2.550
new_n61.in[1] (.names)                                           1.014     3.563
new_n61.out[0] (.names)                                          0.261     3.824
G1890.in[0] (.names)                                             1.014     4.838
G1890.out[0] (.names)                                            0.261     5.099
out:G1890.outpad[0] (.output)                                    1.014     6.113
data arrival time                                                          6.113

clock virtual_io_clock (rise edge)                               0.000     0.000
clock source latency                                             0.000     0.000
clock uncertainty                                                0.000     0.000
output external delay                                            0.000     0.000
data required time                                                         0.000
--------------------------------------------------------------------------------
data required time                                                         0.000
data arrival time                                                         -6.113
--------------------------------------------------------------------------------
slack (VIOLATED)                                                          -6.113


#Path 21
Startpoint: G8.inpad[0] (.input clocked by virtual_io_clock)
Endpoint  : out:G1889.outpad[0] (.output clocked by virtual_io_clock)
Path Type : setup

Point                                                             Incr      Path
--------------------------------------------------------------------------------
clock virtual_io_clock (rise edge)                               0.000     0.000
clock source latency                                             0.000     0.000
input external delay                                             0.000     0.000
G8.inpad[0] (.input)                                             0.000     0.000
new_n63.in[0] (.names)                                           1.014     1.014
new_n63.out[0] (.names)                                          0.261     1.275
new_n62.in[3] (.names)                                           1.014     2.289
new_n62.out[0] (.names)                                          0.261     2.550
new_n61.in[1] (.names)                                           1.014     3.563
new_n61.out[0] (.names)                                          0.261     3.824
G1889.in[0] (.names)                                             1.014     4.838
G1889.out[0] (.names)                                            0.261     5.099
out:G1889.outpad[0] (.output)                                    1.014     6.113
data arrival time                                                          6.113

clock virtual_io_clock (rise edge)                               0.000     0.000
clock source latency                                             0.000     0.000
clock uncertainty                                                0.000     0.000
output external delay                                            0.000     0.000
data required time                                                         0.000
--------------------------------------------------------------------------------
data required time                                                         0.000
data arrival time                                                         -6.113
--------------------------------------------------------------------------------
slack (VIOLATED)                                                          -6.113


#Path 22
Startpoint: G8.inpad[0] (.input clocked by virtual_io_clock)
Endpoint  : out:G1888.outpad[0] (.output clocked by virtual_io_clock)
Path Type : setup

Point                                                             Incr      Path
--------------------------------------------------------------------------------
clock virtual_io_clock (rise edge)                               0.000     0.000
clock source latency                                             0.000     0.000
input external delay                                             0.000     0.000
G8.inpad[0] (.input)                                             0.000     0.000
new_n63.in[0] (.names)                                           1.014     1.014
new_n63.out[0] (.names)                                          0.261     1.275
new_n62.in[3] (.names)                                           1.014     2.289
new_n62.out[0] (.names)                                          0.261     2.550
new_n61.in[1] (.names)                                           1.014     3.563
new_n61.out[0] (.names)                                          0.261     3.824
G1888.in[0] (.names)                                             1.014     4.838
G1888.out[0] (.names)                                            0.261     5.099
out:G1888.outpad[0] (.output)                                    1.014     6.113
data arrival time                                                          6.113

clock virtual_io_clock (rise edge)                               0.000     0.000
clock source latency                                             0.000     0.000
clock uncertainty                                                0.000     0.000
output external delay                                            0.000     0.000
data required time                                                         0.000
--------------------------------------------------------------------------------
data required time                                                         0.000
data arrival time                                                         -6.113
--------------------------------------------------------------------------------
slack (VIOLATED)                                                          -6.113


#Path 23
Startpoint: G8.inpad[0] (.input clocked by virtual_io_clock)
Endpoint  : out:G1897.outpad[0] (.output clocked by virtual_io_clock)
Path Type : setup

Point                                                             Incr      Path
--------------------------------------------------------------------------------
clock virtual_io_clock (rise edge)                               0.000     0.000
clock source latency                                             0.000     0.000
input external delay                                             0.000     0.000
G8.inpad[0] (.input)                                             0.000     0.000
new_n63.in[0] (.names)                                           1.014     1.014
new_n63.out[0] (.names)                                          0.261     1.275
new_n62.in[3] (.names)                                           1.014     2.289
new_n62.out[0] (.names)                                          0.261     2.550
new_n61.in[1] (.names)                                           1.014     3.563
new_n61.out[0] (.names)                                          0.261     3.824
G1897.in[0] (.names)                                             1.014     4.838
G1897.out[0] (.names)                                            0.261     5.099
out:G1897.outpad[0] (.output)                                    1.014     6.113
data arrival time                                                          6.113

clock virtual_io_clock (rise edge)                               0.000     0.000
clock source latency                                             0.000     0.000
clock uncertainty                                                0.000     0.000
output external delay                                            0.000     0.000
data required time                                                         0.000
--------------------------------------------------------------------------------
data required time                                                         0.000
data arrival time                                                         -6.113
--------------------------------------------------------------------------------
slack (VIOLATED)                                                          -6.113


#Path 24
Startpoint: G8.inpad[0] (.input clocked by virtual_io_clock)
Endpoint  : out:G1896.outpad[0] (.output clocked by virtual_io_clock)
Path Type : setup

Point                                                             Incr      Path
--------------------------------------------------------------------------------
clock virtual_io_clock (rise edge)                               0.000     0.000
clock source latency                                             0.000     0.000
input external delay                                             0.000     0.000
G8.inpad[0] (.input)                                             0.000     0.000
new_n63.in[0] (.names)                                           1.014     1.014
new_n63.out[0] (.names)                                          0.261     1.275
new_n62.in[3] (.names)                                           1.014     2.289
new_n62.out[0] (.names)                                          0.261     2.550
new_n61.in[1] (.names)                                           1.014     3.563
new_n61.out[0] (.names)                                          0.261     3.824
G1896.in[0] (.names)                                             1.014     4.838
G1896.out[0] (.names)                                            0.261     5.099
out:G1896.outpad[0] (.output)                                    1.014     6.113
data arrival time                                                          6.113

clock virtual_io_clock (rise edge)                               0.000     0.000
clock source latency                                             0.000     0.000
clock uncertainty                                                0.000     0.000
output external delay                                            0.000     0.000
data required time                                                         0.000
--------------------------------------------------------------------------------
data required time                                                         0.000
data arrival time                                                         -6.113
--------------------------------------------------------------------------------
slack (VIOLATED)                                                          -6.113


#Path 25
Startpoint: G8.inpad[0] (.input clocked by virtual_io_clock)
Endpoint  : out:G1898.outpad[0] (.output clocked by virtual_io_clock)
Path Type : setup

Point                                                             Incr      Path
--------------------------------------------------------------------------------
clock virtual_io_clock (rise edge)                               0.000     0.000
clock source latency                                             0.000     0.000
input external delay                                             0.000     0.000
G8.inpad[0] (.input)                                             0.000     0.000
new_n63.in[0] (.names)                                           1.014     1.014
new_n63.out[0] (.names)                                          0.261     1.275
new_n62.in[3] (.names)                                           1.014     2.289
new_n62.out[0] (.names)                                          0.261     2.550
new_n61.in[1] (.names)                                           1.014     3.563
new_n61.out[0] (.names)                                          0.261     3.824
G1898.in[0] (.names)                                             1.014     4.838
G1898.out[0] (.names)                                            0.261     5.099
out:G1898.outpad[0] (.output)                                    1.014     6.113
data arrival time                                                          6.113

clock virtual_io_clock (rise edge)                               0.000     0.000
clock source latency                                             0.000     0.000
clock uncertainty                                                0.000     0.000
output external delay                                            0.000     0.000
data required time                                                         0.000
--------------------------------------------------------------------------------
data required time                                                         0.000
data arrival time                                                         -6.113
--------------------------------------------------------------------------------
slack (VIOLATED)                                                          -6.113


#End of timing report
