#Timing report of worst 25 path(s)
# Unit scale: 1e-09 seconds
# Output precision: 3

#Path 1
Startpoint: G31.inpad[0] (.input clocked by virtual_io_clock)
Endpoint  : out:G1908.outpad[0] (.output clocked by virtual_io_clock)
Path Type : hold

Point                                                             Incr      Path
--------------------------------------------------------------------------------
clock virtual_io_clock (rise edge)                               0.000     0.000
clock source latency                                             0.000     0.000
input external delay                                             0.000     0.000
G31.inpad[0] (.input)                                            0.000     0.000
G1908.in[1] (.names)                                             1.784     1.784
G1908.out[0] (.names)                                            0.193     1.977
out:G1908.outpad[0] (.output)                                    3.144     5.121
data arrival time                                                          5.121

clock virtual_io_clock (rise edge)                               0.000     0.000
clock source latency                                             0.000     0.000
clock uncertainty                                                0.000     0.000
output external delay                                            0.000     0.000
data required time                                                         0.000
--------------------------------------------------------------------------------
data required time                                                        -0.000
data arrival time                                                          5.121
--------------------------------------------------------------------------------
slack (MET)                                                                5.121


#Path 2
Startpoint: G33.inpad[0] (.input clocked by virtual_io_clock)
Endpoint  : out:G1900.outpad[0] (.output clocked by virtual_io_clock)
Path Type : hold

Point                                                             Incr      Path
--------------------------------------------------------------------------------
clock virtual_io_clock (rise edge)                               0.000     0.000
clock source latency                                             0.000     0.000
input external delay                                             0.000     0.000
G33.inpad[0] (.input)                                            0.000     0.000
G1900.in[4] (.names)                                             1.664     1.664
G1900.out[0] (.names)                                            0.193     1.857
out:G1900.outpad[0] (.output)                                    3.268     5.125
data arrival time                                                          5.125

clock virtual_io_clock (rise edge)                               0.000     0.000
clock source latency                                             0.000     0.000
clock uncertainty                                                0.000     0.000
output external delay                                            0.000     0.000
data required time                                                         0.000
--------------------------------------------------------------------------------
data required time                                                        -0.000
data arrival time                                                          5.125
--------------------------------------------------------------------------------
slack (MET)                                                                5.125


#Path 3
Startpoint: G33.inpad[0] (.input clocked by virtual_io_clock)
Endpoint  : out:G1907.outpad[0] (.output clocked by virtual_io_clock)
Path Type : hold

Point                                                             Incr      Path
--------------------------------------------------------------------------------
clock virtual_io_clock (rise edge)                               0.000     0.000
clock source latency                                             0.000     0.000
input external delay                                             0.000     0.000
G33.inpad[0] (.input)                                            0.000     0.000
G1907.in[1] (.names)                                             1.690     1.690
G1907.out[0] (.names)                                            0.193     1.883
out:G1907.outpad[0] (.output)                                    3.293     5.176
data arrival time                                                          5.176

clock virtual_io_clock (rise edge)                               0.000     0.000
clock source latency                                             0.000     0.000
clock uncertainty                                                0.000     0.000
output external delay                                            0.000     0.000
data required time                                                         0.000
--------------------------------------------------------------------------------
data required time                                                        -0.000
data arrival time                                                          5.176
--------------------------------------------------------------------------------
slack (MET)                                                                5.176


#Path 4
Startpoint: G5.inpad[0] (.input clocked by virtual_io_clock)
Endpoint  : out:G1891.outpad[0] (.output clocked by virtual_io_clock)
Path Type : hold

Point                                                             Incr      Path
--------------------------------------------------------------------------------
clock virtual_io_clock (rise edge)                               0.000     0.000
clock source latency                                             0.000     0.000
input external delay                                             0.000     0.000
G5.inpad[0] (.input)                                             0.000     0.000
G1891.in[1] (.names)                                             1.674     1.674
G1891.out[0] (.names)                                            0.193     1.867
out:G1891.outpad[0] (.output)                                    3.312     5.179
data arrival time                                                          5.179

clock virtual_io_clock (rise edge)                               0.000     0.000
clock source latency                                             0.000     0.000
clock uncertainty                                                0.000     0.000
output external delay                                            0.000     0.000
data required time                                                         0.000
--------------------------------------------------------------------------------
data required time                                                        -0.000
data arrival time                                                          5.179
--------------------------------------------------------------------------------
slack (MET)                                                                5.179


#Path 5
Startpoint: G7.inpad[0] (.input clocked by virtual_io_clock)
Endpoint  : out:G1893.outpad[0] (.output clocked by virtual_io_clock)
Path Type : hold

Point                                                             Incr      Path
--------------------------------------------------------------------------------
clock virtual_io_clock (rise edge)                               0.000     0.000
clock source latency                                             0.000     0.000
input external delay                                             0.000     0.000
G7.inpad[0] (.input)                                             0.000     0.000
G1893.in[1] (.names)                                             1.675     1.675
G1893.out[0] (.names)                                            0.193     1.868
out:G1893.outpad[0] (.output)                                    3.344     5.212
data arrival time                                                          5.212

clock virtual_io_clock (rise edge)                               0.000     0.000
clock source latency                                             0.000     0.000
clock uncertainty                                                0.000     0.000
output external delay                                            0.000     0.000
data required time                                                         0.000
--------------------------------------------------------------------------------
data required time                                                        -0.000
data arrival time                                                          5.212
--------------------------------------------------------------------------------
slack (MET)                                                                5.212


#Path 6
Startpoint: G11.inpad[0] (.input clocked by virtual_io_clock)
Endpoint  : out:G1896.outpad[0] (.output clocked by virtual_io_clock)
Path Type : hold

Point                                                             Incr      Path
--------------------------------------------------------------------------------
clock virtual_io_clock (rise edge)                               0.000     0.000
clock source latency                                             0.000     0.000
input external delay                                             0.000     0.000
G11.inpad[0] (.input)                                            0.000     0.000
G1896.in[2] (.names)                                             1.696     1.696
G1896.out[0] (.names)                                            0.193     1.889
out:G1896.outpad[0] (.output)                                    3.328     5.217
data arrival time                                                          5.217

clock virtual_io_clock (rise edge)                               0.000     0.000
clock source latency                                             0.000     0.000
clock uncertainty                                                0.000     0.000
output external delay                                            0.000     0.000
data required time                                                         0.000
--------------------------------------------------------------------------------
data required time                                                        -0.000
data arrival time                                                          5.217
--------------------------------------------------------------------------------
slack (MET)                                                                5.217


#Path 7
Startpoint: G9.inpad[0] (.input clocked by virtual_io_clock)
Endpoint  : out:G1895.outpad[0] (.output clocked by virtual_io_clock)
Path Type : hold

Point                                                             Incr      Path
--------------------------------------------------------------------------------
clock virtual_io_clock (rise edge)                               0.000     0.000
clock source latency                                             0.000     0.000
input external delay                                             0.000     0.000
G9.inpad[0] (.input)                                             0.000     0.000
G1895.in[2] (.names)                                             1.789     1.789
G1895.out[0] (.names)                                            0.193     1.982
out:G1895.outpad[0] (.output)                                    3.238     5.219
data arrival time                                                          5.219

clock virtual_io_clock (rise edge)                               0.000     0.000
clock source latency                                             0.000     0.000
clock uncertainty                                                0.000     0.000
output external delay                                            0.000     0.000
data required time                                                         0.000
--------------------------------------------------------------------------------
data required time                                                        -0.000
data arrival time                                                          5.219
--------------------------------------------------------------------------------
slack (MET)                                                                5.219


#Path 8
Startpoint: G31.inpad[0] (.input clocked by virtual_io_clock)
Endpoint  : out:G1903.outpad[0] (.output clocked by virtual_io_clock)
Path Type : hold

Point                                                             Incr      Path
--------------------------------------------------------------------------------
clock virtual_io_clock (rise edge)                               0.000     0.000
clock source latency                                             0.000     0.000
input external delay                                             0.000     0.000
G31.inpad[0] (.input)                                            0.000     0.000
G1903.in[1] (.names)                                             1.673     1.673
G1903.out[0] (.names)                                            0.193     1.866
out:G1903.outpad[0] (.output)                                    3.376     5.242
data arrival time                                                          5.242

clock virtual_io_clock (rise edge)                               0.000     0.000
clock source latency                                             0.000     0.000
clock uncertainty                                                0.000     0.000
output external delay                                            0.000     0.000
data required time                                                         0.000
--------------------------------------------------------------------------------
data required time                                                        -0.000
data arrival time                                                          5.242
--------------------------------------------------------------------------------
slack (MET)                                                                5.242


#Path 9
Startpoint: G1.inpad[0] (.input clocked by virtual_io_clock)
Endpoint  : out:G1884.outpad[0] (.output clocked by virtual_io_clock)
Path Type : hold

Point                                                             Incr      Path
--------------------------------------------------------------------------------
clock virtual_io_clock (rise edge)                               0.000     0.000
clock source latency                                             0.000     0.000
input external delay                                             0.000     0.000
G1.inpad[0] (.input)                                             0.000     0.000
G1884.in[1] (.names)                                             1.692     1.692
G1884.out[0] (.names)                                            0.193     1.885
out:G1884.outpad[0] (.output)                                    3.388     5.273
data arrival time                                                          5.273

clock virtual_io_clock (rise edge)                               0.000     0.000
clock source latency                                             0.000     0.000
clock uncertainty                                                0.000     0.000
output external delay                                            0.000     0.000
data required time                                                         0.000
--------------------------------------------------------------------------------
data required time                                                        -0.000
data arrival time                                                          5.273
--------------------------------------------------------------------------------
slack (MET)                                                                5.273


#Path 10
Startpoint: G2.inpad[0] (.input clocked by virtual_io_clock)
Endpoint  : out:G1885.outpad[0] (.output clocked by virtual_io_clock)
Path Type : hold

Point                                                             Incr      Path
--------------------------------------------------------------------------------
clock virtual_io_clock (rise edge)                               0.000     0.000
clock source latency                                             0.000     0.000
input external delay                                             0.000     0.000
G2.inpad[0] (.input)                                             0.000     0.000
G1885.in[1] (.names)                                             1.709     1.709
G1885.out[0] (.names)                                            0.193     1.902
out:G1885.outpad[0] (.output)                                    3.376     5.278
data arrival time                                                          5.278

clock virtual_io_clock (rise edge)                               0.000     0.000
clock source latency                                             0.000     0.000
clock uncertainty                                                0.000     0.000
output external delay                                            0.000     0.000
data required time                                                         0.000
--------------------------------------------------------------------------------
data required time                                                        -0.000
data arrival time                                                          5.278
--------------------------------------------------------------------------------
slack (MET)                                                                5.278


#Path 11
Startpoint: G31.inpad[0] (.input clocked by virtual_io_clock)
Endpoint  : out:G1904.outpad[0] (.output clocked by virtual_io_clock)
Path Type : hold

Point                                                             Incr      Path
--------------------------------------------------------------------------------
clock virtual_io_clock (rise edge)                               0.000     0.000
clock source latency                                             0.000     0.000
input external delay                                             0.000     0.000
G31.inpad[0] (.input)                                            0.000     0.000
G1904.in[1] (.names)                                             1.673     1.673
G1904.out[0] (.names)                                            0.193     1.866
out:G1904.outpad[0] (.output)                                    3.421     5.287
data arrival time                                                          5.287

clock virtual_io_clock (rise edge)                               0.000     0.000
clock source latency                                             0.000     0.000
clock uncertainty                                                0.000     0.000
output external delay                                            0.000     0.000
data required time                                                         0.000
--------------------------------------------------------------------------------
data required time                                                        -0.000
data arrival time                                                          5.287
--------------------------------------------------------------------------------
slack (MET)                                                                5.287


#Path 12
Startpoint: G6.inpad[0] (.input clocked by virtual_io_clock)
Endpoint  : out:G1892.outpad[0] (.output clocked by virtual_io_clock)
Path Type : hold

Point                                                             Incr      Path
--------------------------------------------------------------------------------
clock virtual_io_clock (rise edge)                               0.000     0.000
clock source latency                                             0.000     0.000
input external delay                                             0.000     0.000
G6.inpad[0] (.input)                                             0.000     0.000
G1892.in[1] (.names)                                             1.692     1.692
G1892.out[0] (.names)                                            0.193     1.885
out:G1892.outpad[0] (.output)                                    3.407     5.292
data arrival time                                                          5.292

clock virtual_io_clock (rise edge)                               0.000     0.000
clock source latency                                             0.000     0.000
clock uncertainty                                                0.000     0.000
output external delay                                            0.000     0.000
data required time                                                         0.000
--------------------------------------------------------------------------------
data required time                                                        -0.000
data arrival time                                                          5.292
--------------------------------------------------------------------------------
slack (MET)                                                                5.292


#Path 13
Startpoint: G12.inpad[0] (.input clocked by virtual_io_clock)
Endpoint  : out:G1897.outpad[0] (.output clocked by virtual_io_clock)
Path Type : hold

Point                                                             Incr      Path
--------------------------------------------------------------------------------
clock virtual_io_clock (rise edge)                               0.000     0.000
clock source latency                                             0.000     0.000
input external delay                                             0.000     0.000
G12.inpad[0] (.input)                                            0.000     0.000
G1897.in[2] (.names)                                             1.812     1.812
G1897.out[0] (.names)                                            0.193     2.005
out:G1897.outpad[0] (.output)                                    3.314     5.319
data arrival time                                                          5.319

clock virtual_io_clock (rise edge)                               0.000     0.000
clock source latency                                             0.000     0.000
clock uncertainty                                                0.000     0.000
output external delay                                            0.000     0.000
data required time                                                         0.000
--------------------------------------------------------------------------------
data required time                                                        -0.000
data arrival time                                                          5.319
--------------------------------------------------------------------------------
slack (MET)                                                                5.319


#Path 14
Startpoint: G10.inpad[0] (.input clocked by virtual_io_clock)
Endpoint  : out:G1888.outpad[0] (.output clocked by virtual_io_clock)
Path Type : hold

Point                                                             Incr      Path
--------------------------------------------------------------------------------
clock virtual_io_clock (rise edge)                               0.000     0.000
clock source latency                                             0.000     0.000
input external delay                                             0.000     0.000
G10.inpad[0] (.input)                                            0.000     0.000
G1888.in[2] (.names)                                             1.828     1.828
G1888.out[0] (.names)                                            0.193     2.021
out:G1888.outpad[0] (.output)                                    3.312     5.333
data arrival time                                                          5.333

clock virtual_io_clock (rise edge)                               0.000     0.000
clock source latency                                             0.000     0.000
clock uncertainty                                                0.000     0.000
output external delay                                            0.000     0.000
data required time                                                         0.000
--------------------------------------------------------------------------------
data required time                                                        -0.000
data arrival time                                                          5.333
--------------------------------------------------------------------------------
slack (MET)                                                                5.333


#Path 15
Startpoint: G14.inpad[0] (.input clocked by virtual_io_clock)
Endpoint  : out:G1899.outpad[0] (.output clocked by virtual_io_clock)
Path Type : hold

Point                                                             Incr      Path
--------------------------------------------------------------------------------
clock virtual_io_clock (rise edge)                               0.000     0.000
clock source latency                                             0.000     0.000
input external delay                                             0.000     0.000
G14.inpad[0] (.input)                                            0.000     0.000
G1899.in[2] (.names)                                             1.896     1.896
G1899.out[0] (.names)                                            0.193     2.089
out:G1899.outpad[0] (.output)                                    3.274     5.363
data arrival time                                                          5.363

clock virtual_io_clock (rise edge)                               0.000     0.000
clock source latency                                             0.000     0.000
clock uncertainty                                                0.000     0.000
output external delay                                            0.000     0.000
data required time                                                         0.000
--------------------------------------------------------------------------------
data required time                                                        -0.000
data arrival time                                                          5.363
--------------------------------------------------------------------------------
slack (MET)                                                                5.363


#Path 16
Startpoint: G31.inpad[0] (.input clocked by virtual_io_clock)
Endpoint  : out:G1902.outpad[0] (.output clocked by virtual_io_clock)
Path Type : hold

Point                                                             Incr      Path
--------------------------------------------------------------------------------
clock virtual_io_clock (rise edge)                               0.000     0.000
clock source latency                                             0.000     0.000
input external delay                                             0.000     0.000
G31.inpad[0] (.input)                                            0.000     0.000
G1902.in[1] (.names)                                             1.673     1.673
G1902.out[0] (.names)                                            0.193     1.866
out:G1902.outpad[0] (.output)                                    3.508     5.374
data arrival time                                                          5.374

clock virtual_io_clock (rise edge)                               0.000     0.000
clock source latency                                             0.000     0.000
clock uncertainty                                                0.000     0.000
output external delay                                            0.000     0.000
data required time                                                         0.000
--------------------------------------------------------------------------------
data required time                                                        -0.000
data arrival time                                                          5.374
--------------------------------------------------------------------------------
slack (MET)                                                                5.374


#Path 17
Startpoint: G4.inpad[0] (.input clocked by virtual_io_clock)
Endpoint  : out:G1887.outpad[0] (.output clocked by virtual_io_clock)
Path Type : hold

Point                                                             Incr      Path
--------------------------------------------------------------------------------
clock virtual_io_clock (rise edge)                               0.000     0.000
clock source latency                                             0.000     0.000
input external delay                                             0.000     0.000
G4.inpad[0] (.input)                                             0.000     0.000
G1887.in[1] (.names)                                             1.823     1.823
G1887.out[0] (.names)                                            0.193     2.016
out:G1887.outpad[0] (.output)                                    3.362     5.378
data arrival time                                                          5.378

clock virtual_io_clock (rise edge)                               0.000     0.000
clock source latency                                             0.000     0.000
clock uncertainty                                                0.000     0.000
output external delay                                            0.000     0.000
data required time                                                         0.000
--------------------------------------------------------------------------------
data required time                                                        -0.000
data arrival time                                                          5.378
--------------------------------------------------------------------------------
slack (MET)                                                                5.378


#Path 18
Startpoint: G33.inpad[0] (.input clocked by virtual_io_clock)
Endpoint  : out:G1906.outpad[0] (.output clocked by virtual_io_clock)
Path Type : hold

Point                                                             Incr      Path
--------------------------------------------------------------------------------
clock virtual_io_clock (rise edge)                               0.000     0.000
clock source latency                                             0.000     0.000
input external delay                                             0.000     0.000
G33.inpad[0] (.input)                                            0.000     0.000
G1906.in[1] (.names)                                             1.765     1.765
G1906.out[0] (.names)                                            0.193     1.958
out:G1906.outpad[0] (.output)                                    3.424     5.382
data arrival time                                                          5.382

clock virtual_io_clock (rise edge)                               0.000     0.000
clock source latency                                             0.000     0.000
clock uncertainty                                                0.000     0.000
output external delay                                            0.000     0.000
data required time                                                         0.000
--------------------------------------------------------------------------------
data required time                                                        -0.000
data arrival time                                                          5.382
--------------------------------------------------------------------------------
slack (MET)                                                                5.382


#Path 19
Startpoint: G15.inpad[0] (.input clocked by virtual_io_clock)
Endpoint  : out:G1889.outpad[0] (.output clocked by virtual_io_clock)
Path Type : hold

Point                                                             Incr      Path
--------------------------------------------------------------------------------
clock virtual_io_clock (rise edge)                               0.000     0.000
clock source latency                                             0.000     0.000
input external delay                                             0.000     0.000
G15.inpad[0] (.input)                                            0.000     0.000
G1889.in[2] (.names)                                             1.838     1.838
G1889.out[0] (.names)                                            0.193     2.031
out:G1889.outpad[0] (.output)                                    3.374     5.405
data arrival time                                                          5.405

clock virtual_io_clock (rise edge)                               0.000     0.000
clock source latency                                             0.000     0.000
clock uncertainty                                                0.000     0.000
output external delay                                            0.000     0.000
data required time                                                         0.000
--------------------------------------------------------------------------------
data required time                                                        -0.000
data arrival time                                                          5.405
--------------------------------------------------------------------------------
slack (MET)                                                                5.405


#Path 20
Startpoint: G13.inpad[0] (.input clocked by virtual_io_clock)
Endpoint  : out:G1898.outpad[0] (.output clocked by virtual_io_clock)
Path Type : hold

Point                                                             Incr      Path
--------------------------------------------------------------------------------
clock virtual_io_clock (rise edge)                               0.000     0.000
clock source latency                                             0.000     0.000
input external delay                                             0.000     0.000
G13.inpad[0] (.input)                                            0.000     0.000
G1898.in[2] (.names)                                             1.702     1.702
G1898.out[0] (.names)                                            0.193     1.895
out:G1898.outpad[0] (.output)                                    3.522     5.418
data arrival time                                                          5.418

clock virtual_io_clock (rise edge)                               0.000     0.000
clock source latency                                             0.000     0.000
clock uncertainty                                                0.000     0.000
output external delay                                            0.000     0.000
data required time                                                         0.000
--------------------------------------------------------------------------------
data required time                                                        -0.000
data arrival time                                                          5.418
--------------------------------------------------------------------------------
slack (MET)                                                                5.418


#Path 21
Startpoint: G8.inpad[0] (.input clocked by virtual_io_clock)
Endpoint  : out:G1894.outpad[0] (.output clocked by virtual_io_clock)
Path Type : hold

Point                                                             Incr      Path
--------------------------------------------------------------------------------
clock virtual_io_clock (rise edge)                               0.000     0.000
clock source latency                                             0.000     0.000
input external delay                                             0.000     0.000
G8.inpad[0] (.input)                                             0.000     0.000
G1894.in[1] (.names)                                             1.912     1.912
G1894.out[0] (.names)                                            0.193     2.105
out:G1894.outpad[0] (.output)                                    3.322     5.427
data arrival time                                                          5.427

clock virtual_io_clock (rise edge)                               0.000     0.000
clock source latency                                             0.000     0.000
clock uncertainty                                                0.000     0.000
output external delay                                            0.000     0.000
data required time                                                         0.000
--------------------------------------------------------------------------------
data required time                                                        -0.000
data arrival time                                                          5.427
--------------------------------------------------------------------------------
slack (MET)                                                                5.427


#Path 22
Startpoint: G31.inpad[0] (.input clocked by virtual_io_clock)
Endpoint  : out:G1905.outpad[0] (.output clocked by virtual_io_clock)
Path Type : hold

Point                                                             Incr      Path
--------------------------------------------------------------------------------
clock virtual_io_clock (rise edge)                               0.000     0.000
clock source latency                                             0.000     0.000
input external delay                                             0.000     0.000
G31.inpad[0] (.input)                                            0.000     0.000
new_n126.in[0] (.names)                                          1.673     1.673
new_n126.out[0] (.names)                                         0.193     1.866
G1905.in[1] (.names)                                             0.064     1.930
G1905.out[0] (.names)                                            0.193     2.123
out:G1905.outpad[0] (.output)                                    3.305     5.428
data arrival time                                                          5.428

clock virtual_io_clock (rise edge)                               0.000     0.000
clock source latency                                             0.000     0.000
clock uncertainty                                                0.000     0.000
output external delay                                            0.000     0.000
data required time                                                         0.000
--------------------------------------------------------------------------------
data required time                                                        -0.000
data arrival time                                                          5.428
--------------------------------------------------------------------------------
slack (MET)                                                                5.428


#Path 23
Startpoint: G3.inpad[0] (.input clocked by virtual_io_clock)
Endpoint  : out:G1886.outpad[0] (.output clocked by virtual_io_clock)
Path Type : hold

Point                                                             Incr      Path
--------------------------------------------------------------------------------
clock virtual_io_clock (rise edge)                               0.000     0.000
clock source latency                                             0.000     0.000
input external delay                                             0.000     0.000
G3.inpad[0] (.input)                                             0.000     0.000
G1886.in[1] (.names)                                             1.839     1.839
G1886.out[0] (.names)                                            0.193     2.032
out:G1886.outpad[0] (.output)                                    3.449     5.481
data arrival time                                                          5.481

clock virtual_io_clock (rise edge)                               0.000     0.000
clock source latency                                             0.000     0.000
clock uncertainty                                                0.000     0.000
output external delay                                            0.000     0.000
data required time                                                         0.000
--------------------------------------------------------------------------------
data required time                                                        -0.000
data arrival time                                                          5.481
--------------------------------------------------------------------------------
slack (MET)                                                                5.481


#Path 24
Startpoint: G31.inpad[0] (.input clocked by virtual_io_clock)
Endpoint  : out:G1901.outpad[0] (.output clocked by virtual_io_clock)
Path Type : hold

Point                                                             Incr      Path
--------------------------------------------------------------------------------
clock virtual_io_clock (rise edge)                               0.000     0.000
clock source latency                                             0.000     0.000
input external delay                                             0.000     0.000
G31.inpad[0] (.input)                                            0.000     0.000
new_n120.in[0] (.names)                                          1.673     1.673
new_n120.out[0] (.names)                                         0.193     1.866
G1901.in[1] (.names)                                             0.128     1.994
G1901.out[0] (.names)                                            0.193     2.187
out:G1901.outpad[0] (.output)                                    3.323     5.510
data arrival time                                                          5.510

clock virtual_io_clock (rise edge)                               0.000     0.000
clock source latency                                             0.000     0.000
clock uncertainty                                                0.000     0.000
output external delay                                            0.000     0.000
data required time                                                         0.000
--------------------------------------------------------------------------------
data required time                                                        -0.000
data arrival time                                                          5.510
--------------------------------------------------------------------------------
slack (MET)                                                                5.510


#Path 25
Startpoint: G16.inpad[0] (.input clocked by virtual_io_clock)
Endpoint  : out:G1890.outpad[0] (.output clocked by virtual_io_clock)
Path Type : hold

Point                                                             Incr      Path
--------------------------------------------------------------------------------
clock virtual_io_clock (rise edge)                               0.000     0.000
clock source latency                                             0.000     0.000
input external delay                                             0.000     0.000
G16.inpad[0] (.input)                                            0.000     0.000
G1890.in[2] (.names)                                             1.867     1.867
G1890.out[0] (.names)                                            0.193     2.060
out:G1890.outpad[0] (.output)                                    3.456     5.515
data arrival time                                                          5.515

clock virtual_io_clock (rise edge)                               0.000     0.000
clock source latency                                             0.000     0.000
clock uncertainty                                                0.000     0.000
output external delay                                            0.000     0.000
data required time                                                         0.000
--------------------------------------------------------------------------------
data required time                                                        -0.000
data arrival time                                                          5.515
--------------------------------------------------------------------------------
slack (MET)                                                                5.515


#End of timing report
