#Timing report of worst 25 path(s)
# Unit scale: 1e-09 seconds
# Output precision: 3

#Path 1
Startpoint: G9.inpad[0] (.input clocked by virtual_io_clock)
Endpoint  : out:G1902.outpad[0] (.output clocked by virtual_io_clock)
Path Type : setup

Point                                                             Incr      Path
--------------------------------------------------------------------------------
clock virtual_io_clock (rise edge)                               0.000     0.000
clock source latency                                             0.000     0.000
input external delay                                             0.000     0.000
G9.inpad[0] (.input)                                             0.000     0.000
new_n82.in[4] (.names)                                           2.104     2.104
new_n82.out[0] (.names)                                          0.261     2.365
new_n81.in[3] (.names)                                           0.332     2.697
new_n81.out[0] (.names)                                          0.261     2.958
new_n68.in[3] (.names)                                           0.100     3.058
new_n68.out[0] (.names)                                          0.261     3.319
new_n116.in[0] (.names)                                          0.100     3.419
new_n116.out[0] (.names)                                         0.261     3.680
G1902.in[0] (.names)                                             0.332     4.012
G1902.out[0] (.names)                                            0.261     4.273
out:G1902.outpad[0] (.output)                                    3.731     8.004
data arrival time                                                          8.004

clock virtual_io_clock (rise edge)                               0.000     0.000
clock source latency                                             0.000     0.000
clock uncertainty                                                0.000     0.000
output external delay                                            0.000     0.000
data required time                                                         0.000
--------------------------------------------------------------------------------
data required time                                                         0.000
data arrival time                                                         -8.004
--------------------------------------------------------------------------------
slack (VIOLATED)                                                          -8.004


#Path 2
Startpoint: G9.inpad[0] (.input clocked by virtual_io_clock)
Endpoint  : out:G1886.outpad[0] (.output clocked by virtual_io_clock)
Path Type : setup

Point                                                             Incr      Path
--------------------------------------------------------------------------------
clock virtual_io_clock (rise edge)                               0.000     0.000
clock source latency                                             0.000     0.000
input external delay                                             0.000     0.000
G9.inpad[0] (.input)                                             0.000     0.000
new_n82.in[4] (.names)                                           2.104     2.104
new_n82.out[0] (.names)                                          0.261     2.365
new_n81.in[3] (.names)                                           0.332     2.697
new_n81.out[0] (.names)                                          0.261     2.958
new_n91.in[1] (.names)                                           0.100     3.058
new_n91.out[0] (.names)                                          0.261     3.319
new_n88.in[1] (.names)                                           0.100     3.419
new_n88.out[0] (.names)                                          0.261     3.680
G1886.in[0] (.names)                                             0.332     4.012
G1886.out[0] (.names)                                            0.261     4.273
out:G1886.outpad[0] (.output)                                    3.672     7.945
data arrival time                                                          7.945

clock virtual_io_clock (rise edge)                               0.000     0.000
clock source latency                                             0.000     0.000
clock uncertainty                                                0.000     0.000
output external delay                                            0.000     0.000
data required time                                                         0.000
--------------------------------------------------------------------------------
data required time                                                         0.000
data arrival time                                                         -7.945
--------------------------------------------------------------------------------
slack (VIOLATED)                                                          -7.945


#Path 3
Startpoint: G9.inpad[0] (.input clocked by virtual_io_clock)
Endpoint  : out:G1906.outpad[0] (.output clocked by virtual_io_clock)
Path Type : setup

Point                                                             Incr      Path
--------------------------------------------------------------------------------
clock virtual_io_clock (rise edge)                               0.000     0.000
clock source latency                                             0.000     0.000
input external delay                                             0.000     0.000
G9.inpad[0] (.input)                                             0.000     0.000
new_n82.in[4] (.names)                                           2.104     2.104
new_n82.out[0] (.names)                                          0.261     2.365
new_n81.in[3] (.names)                                           0.332     2.697
new_n81.out[0] (.names)                                          0.261     2.958
new_n101.in[1] (.names)                                          0.100     3.058
new_n101.out[0] (.names)                                         0.261     3.319
new_n100.in[1] (.names)                                          0.100     3.419
new_n100.out[0] (.names)                                         0.261     3.680
G1906.in[3] (.names)                                             0.332     4.012
G1906.out[0] (.names)                                            0.261     4.273
out:G1906.outpad[0] (.output)                                    3.647     7.920
data arrival time                                                          7.920

clock virtual_io_clock (rise edge)                               0.000     0.000
clock source latency                                             0.000     0.000
clock uncertainty                                                0.000     0.000
output external delay                                            0.000     0.000
data required time                                                         0.000
--------------------------------------------------------------------------------
data required time                                                         0.000
data arrival time                                                         -7.920
--------------------------------------------------------------------------------
slack (VIOLATED)                                                          -7.920


#Path 4
Startpoint: G9.inpad[0] (.input clocked by virtual_io_clock)
Endpoint  : out:G1904.outpad[0] (.output clocked by virtual_io_clock)
Path Type : setup

Point                                                             Incr      Path
--------------------------------------------------------------------------------
clock virtual_io_clock (rise edge)                               0.000     0.000
clock source latency                                             0.000     0.000
input external delay                                             0.000     0.000
G9.inpad[0] (.input)                                             0.000     0.000
new_n82.in[4] (.names)                                           2.104     2.104
new_n82.out[0] (.names)                                          0.261     2.365
new_n81.in[3] (.names)                                           0.332     2.697
new_n81.out[0] (.names)                                          0.261     2.958
new_n68.in[3] (.names)                                           0.100     3.058
new_n68.out[0] (.names)                                          0.261     3.319
new_n116.in[0] (.names)                                          0.100     3.419
new_n116.out[0] (.names)                                         0.261     3.680
G1904.in[0] (.names)                                             0.334     4.014
G1904.out[0] (.names)                                            0.261     4.275
out:G1904.outpad[0] (.output)                                    3.644     7.919
data arrival time                                                          7.919

clock virtual_io_clock (rise edge)                               0.000     0.000
clock source latency                                             0.000     0.000
clock uncertainty                                                0.000     0.000
output external delay                                            0.000     0.000
data required time                                                         0.000
--------------------------------------------------------------------------------
data required time                                                         0.000
data arrival time                                                         -7.919
--------------------------------------------------------------------------------
slack (VIOLATED)                                                          -7.919


#Path 5
Startpoint: G9.inpad[0] (.input clocked by virtual_io_clock)
Endpoint  : out:G1903.outpad[0] (.output clocked by virtual_io_clock)
Path Type : setup

Point                                                             Incr      Path
--------------------------------------------------------------------------------
clock virtual_io_clock (rise edge)                               0.000     0.000
clock source latency                                             0.000     0.000
input external delay                                             0.000     0.000
G9.inpad[0] (.input)                                             0.000     0.000
new_n82.in[4] (.names)                                           2.104     2.104
new_n82.out[0] (.names)                                          0.261     2.365
new_n81.in[3] (.names)                                           0.332     2.697
new_n81.out[0] (.names)                                          0.261     2.958
new_n68.in[3] (.names)                                           0.100     3.058
new_n68.out[0] (.names)                                          0.261     3.319
new_n116.in[0] (.names)                                          0.100     3.419
new_n116.out[0] (.names)                                         0.261     3.680
G1903.in[0] (.names)                                             0.334     4.014
G1903.out[0] (.names)                                            0.261     4.275
out:G1903.outpad[0] (.output)                                    3.599     7.875
data arrival time                                                          7.875

clock virtual_io_clock (rise edge)                               0.000     0.000
clock source latency                                             0.000     0.000
clock uncertainty                                                0.000     0.000
output external delay                                            0.000     0.000
data required time                                                         0.000
--------------------------------------------------------------------------------
data required time                                                         0.000
data arrival time                                                         -7.875
--------------------------------------------------------------------------------
slack (VIOLATED)                                                          -7.875


#Path 6
Startpoint: G9.inpad[0] (.input clocked by virtual_io_clock)
Endpoint  : out:G1885.outpad[0] (.output clocked by virtual_io_clock)
Path Type : setup

Point                                                             Incr      Path
--------------------------------------------------------------------------------
clock virtual_io_clock (rise edge)                               0.000     0.000
clock source latency                                             0.000     0.000
input external delay                                             0.000     0.000
G9.inpad[0] (.input)                                             0.000     0.000
new_n82.in[4] (.names)                                           2.104     2.104
new_n82.out[0] (.names)                                          0.261     2.365
new_n81.in[3] (.names)                                           0.332     2.697
new_n81.out[0] (.names)                                          0.261     2.958
new_n91.in[1] (.names)                                           0.100     3.058
new_n91.out[0] (.names)                                          0.261     3.319
new_n88.in[1] (.names)                                           0.100     3.419
new_n88.out[0] (.names)                                          0.261     3.680
G1885.in[0] (.names)                                             0.332     4.012
G1885.out[0] (.names)                                            0.261     4.273
out:G1885.outpad[0] (.output)                                    3.599     7.872
data arrival time                                                          7.872

clock virtual_io_clock (rise edge)                               0.000     0.000
clock source latency                                             0.000     0.000
clock uncertainty                                                0.000     0.000
output external delay                                            0.000     0.000
data required time                                                         0.000
--------------------------------------------------------------------------------
data required time                                                         0.000
data arrival time                                                         -7.872
--------------------------------------------------------------------------------
slack (VIOLATED)                                                          -7.872


#Path 7
Startpoint: G9.inpad[0] (.input clocked by virtual_io_clock)
Endpoint  : out:G1901.outpad[0] (.output clocked by virtual_io_clock)
Path Type : setup

Point                                                             Incr      Path
--------------------------------------------------------------------------------
clock virtual_io_clock (rise edge)                               0.000     0.000
clock source latency                                             0.000     0.000
input external delay                                             0.000     0.000
G9.inpad[0] (.input)                                             0.000     0.000
new_n82.in[4] (.names)                                           2.104     2.104
new_n82.out[0] (.names)                                          0.261     2.365
new_n81.in[3] (.names)                                           0.332     2.697
new_n81.out[0] (.names)                                          0.261     2.958
new_n68.in[3] (.names)                                           0.100     3.058
new_n68.out[0] (.names)                                          0.261     3.319
new_n116.in[0] (.names)                                          0.100     3.419
new_n116.out[0] (.names)                                         0.261     3.680
G1901.in[0] (.names)                                             0.332     4.012
G1901.out[0] (.names)                                            0.261     4.273
out:G1901.outpad[0] (.output)                                    3.546     7.819
data arrival time                                                          7.819

clock virtual_io_clock (rise edge)                               0.000     0.000
clock source latency                                             0.000     0.000
clock uncertainty                                                0.000     0.000
output external delay                                            0.000     0.000
data required time                                                         0.000
--------------------------------------------------------------------------------
data required time                                                         0.000
data arrival time                                                         -7.819
--------------------------------------------------------------------------------
slack (VIOLATED)                                                          -7.819


#Path 8
Startpoint: G9.inpad[0] (.input clocked by virtual_io_clock)
Endpoint  : out:G1894.outpad[0] (.output clocked by virtual_io_clock)
Path Type : setup

Point                                                             Incr      Path
--------------------------------------------------------------------------------
clock virtual_io_clock (rise edge)                               0.000     0.000
clock source latency                                             0.000     0.000
input external delay                                             0.000     0.000
G9.inpad[0] (.input)                                             0.000     0.000
new_n82.in[4] (.names)                                           2.104     2.104
new_n82.out[0] (.names)                                          0.261     2.365
new_n81.in[3] (.names)                                           0.332     2.697
new_n81.out[0] (.names)                                          0.261     2.958
new_n101.in[1] (.names)                                          0.100     3.058
new_n101.out[0] (.names)                                         0.261     3.319
new_n100.in[1] (.names)                                          0.100     3.419
new_n100.out[0] (.names)                                         0.261     3.680
G1894.in[0] (.names)                                             0.332     4.012
G1894.out[0] (.names)                                            0.261     4.273
out:G1894.outpad[0] (.output)                                    3.545     7.819
data arrival time                                                          7.819

clock virtual_io_clock (rise edge)                               0.000     0.000
clock source latency                                             0.000     0.000
clock uncertainty                                                0.000     0.000
output external delay                                            0.000     0.000
data required time                                                         0.000
--------------------------------------------------------------------------------
data required time                                                         0.000
data arrival time                                                         -7.819
--------------------------------------------------------------------------------
slack (VIOLATED)                                                          -7.819


#Path 9
Startpoint: G9.inpad[0] (.input clocked by virtual_io_clock)
Endpoint  : out:G1905.outpad[0] (.output clocked by virtual_io_clock)
Path Type : setup

Point                                                             Incr      Path
--------------------------------------------------------------------------------
clock virtual_io_clock (rise edge)                               0.000     0.000
clock source latency                                             0.000     0.000
input external delay                                             0.000     0.000
G9.inpad[0] (.input)                                             0.000     0.000
new_n82.in[4] (.names)                                           2.104     2.104
new_n82.out[0] (.names)                                          0.261     2.365
new_n81.in[3] (.names)                                           0.332     2.697
new_n81.out[0] (.names)                                          0.261     2.958
new_n68.in[3] (.names)                                           0.100     3.058
new_n68.out[0] (.names)                                          0.261     3.319
new_n116.in[0] (.names)                                          0.100     3.419
new_n116.out[0] (.names)                                         0.261     3.680
G1905.in[0] (.names)                                             0.334     4.014
G1905.out[0] (.names)                                            0.261     4.275
out:G1905.outpad[0] (.output)                                    3.528     7.804
data arrival time                                                          7.804

clock virtual_io_clock (rise edge)                               0.000     0.000
clock source latency                                             0.000     0.000
clock uncertainty                                                0.000     0.000
output external delay                                            0.000     0.000
data required time                                                         0.000
--------------------------------------------------------------------------------
data required time                                                         0.000
data arrival time                                                         -7.804
--------------------------------------------------------------------------------
slack (VIOLATED)                                                          -7.804


#Path 10
Startpoint: G9.inpad[0] (.input clocked by virtual_io_clock)
Endpoint  : out:G1892.outpad[0] (.output clocked by virtual_io_clock)
Path Type : setup

Point                                                             Incr      Path
--------------------------------------------------------------------------------
clock virtual_io_clock (rise edge)                               0.000     0.000
clock source latency                                             0.000     0.000
input external delay                                             0.000     0.000
G9.inpad[0] (.input)                                             0.000     0.000
new_n82.in[4] (.names)                                           2.104     2.104
new_n82.out[0] (.names)                                          0.261     2.365
new_n81.in[3] (.names)                                           0.332     2.697
new_n81.out[0] (.names)                                          0.261     2.958
new_n101.in[1] (.names)                                          0.100     3.058
new_n101.out[0] (.names)                                         0.261     3.319
new_n100.in[1] (.names)                                          0.100     3.419
new_n100.out[0] (.names)                                         0.261     3.680
G1892.in[0] (.names)                                             0.100     3.780
G1892.out[0] (.names)                                            0.261     4.041
out:G1892.outpad[0] (.output)                                    3.630     7.672
data arrival time                                                          7.672

clock virtual_io_clock (rise edge)                               0.000     0.000
clock source latency                                             0.000     0.000
clock uncertainty                                                0.000     0.000
output external delay                                            0.000     0.000
data required time                                                         0.000
--------------------------------------------------------------------------------
data required time                                                         0.000
data arrival time                                                         -7.672
--------------------------------------------------------------------------------
slack (VIOLATED)                                                          -7.672


#Path 11
Startpoint: G9.inpad[0] (.input clocked by virtual_io_clock)
Endpoint  : out:G1898.outpad[0] (.output clocked by virtual_io_clock)
Path Type : setup

Point                                                             Incr      Path
--------------------------------------------------------------------------------
clock virtual_io_clock (rise edge)                               0.000     0.000
clock source latency                                             0.000     0.000
input external delay                                             0.000     0.000
G9.inpad[0] (.input)                                             0.000     0.000
new_n82.in[4] (.names)                                           2.104     2.104
new_n82.out[0] (.names)                                          0.261     2.365
new_n81.in[3] (.names)                                           0.332     2.697
new_n81.out[0] (.names)                                          0.261     2.958
new_n68.in[3] (.names)                                           0.100     3.058
new_n68.out[0] (.names)                                          0.261     3.319
G1898.in[1] (.names)                                             0.333     3.652
G1898.out[0] (.names)                                            0.261     3.913
out:G1898.outpad[0] (.output)                                    3.745     7.658
data arrival time                                                          7.658

clock virtual_io_clock (rise edge)                               0.000     0.000
clock source latency                                             0.000     0.000
clock uncertainty                                                0.000     0.000
output external delay                                            0.000     0.000
data required time                                                         0.000
--------------------------------------------------------------------------------
data required time                                                         0.000
data arrival time                                                         -7.658
--------------------------------------------------------------------------------
slack (VIOLATED)                                                          -7.658


#Path 12
Startpoint: G9.inpad[0] (.input clocked by virtual_io_clock)
Endpoint  : out:G1884.outpad[0] (.output clocked by virtual_io_clock)
Path Type : setup

Point                                                             Incr      Path
--------------------------------------------------------------------------------
clock virtual_io_clock (rise edge)                               0.000     0.000
clock source latency                                             0.000     0.000
input external delay                                             0.000     0.000
G9.inpad[0] (.input)                                             0.000     0.000
new_n82.in[4] (.names)                                           2.104     2.104
new_n82.out[0] (.names)                                          0.261     2.365
new_n81.in[3] (.names)                                           0.332     2.697
new_n81.out[0] (.names)                                          0.261     2.958
new_n91.in[1] (.names)                                           0.100     3.058
new_n91.out[0] (.names)                                          0.261     3.319
new_n88.in[1] (.names)                                           0.100     3.419
new_n88.out[0] (.names)                                          0.261     3.680
G1884.in[0] (.names)                                             0.100     3.780
G1884.out[0] (.names)                                            0.261     4.041
out:G1884.outpad[0] (.output)                                    3.611     7.653
data arrival time                                                          7.653

clock virtual_io_clock (rise edge)                               0.000     0.000
clock source latency                                             0.000     0.000
clock uncertainty                                                0.000     0.000
output external delay                                            0.000     0.000
data required time                                                         0.000
--------------------------------------------------------------------------------
data required time                                                         0.000
data arrival time                                                         -7.653
--------------------------------------------------------------------------------
slack (VIOLATED)                                                          -7.653


#Path 13
Startpoint: G9.inpad[0] (.input clocked by virtual_io_clock)
Endpoint  : out:G1900.outpad[0] (.output clocked by virtual_io_clock)
Path Type : setup

Point                                                             Incr      Path
--------------------------------------------------------------------------------
clock virtual_io_clock (rise edge)                               0.000     0.000
clock source latency                                             0.000     0.000
input external delay                                             0.000     0.000
G9.inpad[0] (.input)                                             0.000     0.000
new_n82.in[4] (.names)                                           2.104     2.104
new_n82.out[0] (.names)                                          0.261     2.365
new_n81.in[3] (.names)                                           0.332     2.697
new_n81.out[0] (.names)                                          0.261     2.958
new_n117.in[3] (.names)                                          0.333     3.291
new_n117.out[0] (.names)                                         0.261     3.552
G1900.in[3] (.names)                                             0.332     3.884
G1900.out[0] (.names)                                            0.261     4.145
out:G1900.outpad[0] (.output)                                    3.491     7.636
data arrival time                                                          7.636

clock virtual_io_clock (rise edge)                               0.000     0.000
clock source latency                                             0.000     0.000
clock uncertainty                                                0.000     0.000
output external delay                                            0.000     0.000
data required time                                                         0.000
--------------------------------------------------------------------------------
data required time                                                         0.000
data arrival time                                                         -7.636
--------------------------------------------------------------------------------
slack (VIOLATED)                                                          -7.636


#Path 14
Startpoint: G9.inpad[0] (.input clocked by virtual_io_clock)
Endpoint  : out:G1887.outpad[0] (.output clocked by virtual_io_clock)
Path Type : setup

Point                                                             Incr      Path
--------------------------------------------------------------------------------
clock virtual_io_clock (rise edge)                               0.000     0.000
clock source latency                                             0.000     0.000
input external delay                                             0.000     0.000
G9.inpad[0] (.input)                                             0.000     0.000
new_n82.in[4] (.names)                                           2.104     2.104
new_n82.out[0] (.names)                                          0.261     2.365
new_n81.in[3] (.names)                                           0.332     2.697
new_n81.out[0] (.names)                                          0.261     2.958
new_n91.in[1] (.names)                                           0.100     3.058
new_n91.out[0] (.names)                                          0.261     3.319
new_n88.in[1] (.names)                                           0.100     3.419
new_n88.out[0] (.names)                                          0.261     3.680
G1887.in[0] (.names)                                             0.100     3.780
G1887.out[0] (.names)                                            0.261     4.041
out:G1887.outpad[0] (.output)                                    3.585     7.626
data arrival time                                                          7.626

clock virtual_io_clock (rise edge)                               0.000     0.000
clock source latency                                             0.000     0.000
clock uncertainty                                                0.000     0.000
output external delay                                            0.000     0.000
data required time                                                         0.000
--------------------------------------------------------------------------------
data required time                                                         0.000
data arrival time                                                         -7.626
--------------------------------------------------------------------------------
slack (VIOLATED)                                                          -7.626


#Path 15
Startpoint: G9.inpad[0] (.input clocked by virtual_io_clock)
Endpoint  : out:G1893.outpad[0] (.output clocked by virtual_io_clock)
Path Type : setup

Point                                                             Incr      Path
--------------------------------------------------------------------------------
clock virtual_io_clock (rise edge)                               0.000     0.000
clock source latency                                             0.000     0.000
input external delay                                             0.000     0.000
G9.inpad[0] (.input)                                             0.000     0.000
new_n82.in[4] (.names)                                           2.104     2.104
new_n82.out[0] (.names)                                          0.261     2.365
new_n81.in[3] (.names)                                           0.332     2.697
new_n81.out[0] (.names)                                          0.261     2.958
new_n101.in[1] (.names)                                          0.100     3.058
new_n101.out[0] (.names)                                         0.261     3.319
new_n100.in[1] (.names)                                          0.100     3.419
new_n100.out[0] (.names)                                         0.261     3.680
G1893.in[0] (.names)                                             0.100     3.780
G1893.out[0] (.names)                                            0.261     4.041
out:G1893.outpad[0] (.output)                                    3.567     7.608
data arrival time                                                          7.608

clock virtual_io_clock (rise edge)                               0.000     0.000
clock source latency                                             0.000     0.000
clock uncertainty                                                0.000     0.000
output external delay                                            0.000     0.000
data required time                                                         0.000
--------------------------------------------------------------------------------
data required time                                                         0.000
data arrival time                                                         -7.608
--------------------------------------------------------------------------------
slack (VIOLATED)                                                          -7.608


#Path 16
Startpoint: G9.inpad[0] (.input clocked by virtual_io_clock)
Endpoint  : out:G1890.outpad[0] (.output clocked by virtual_io_clock)
Path Type : setup

Point                                                             Incr      Path
--------------------------------------------------------------------------------
clock virtual_io_clock (rise edge)                               0.000     0.000
clock source latency                                             0.000     0.000
input external delay                                             0.000     0.000
G9.inpad[0] (.input)                                             0.000     0.000
new_n82.in[4] (.names)                                           2.104     2.104
new_n82.out[0] (.names)                                          0.261     2.365
new_n81.in[3] (.names)                                           0.332     2.697
new_n81.out[0] (.names)                                          0.261     2.958
new_n91.in[1] (.names)                                           0.100     3.058
new_n91.out[0] (.names)                                          0.261     3.319
G1890.in[1] (.names)                                             0.333     3.652
G1890.out[0] (.names)                                            0.261     3.913
out:G1890.outpad[0] (.output)                                    3.679     7.592
data arrival time                                                          7.592

clock virtual_io_clock (rise edge)                               0.000     0.000
clock source latency                                             0.000     0.000
clock uncertainty                                                0.000     0.000
output external delay                                            0.000     0.000
data required time                                                         0.000
--------------------------------------------------------------------------------
data required time                                                         0.000
data arrival time                                                         -7.592
--------------------------------------------------------------------------------
slack (VIOLATED)                                                          -7.592


#Path 17
Startpoint: G9.inpad[0] (.input clocked by virtual_io_clock)
Endpoint  : out:G1891.outpad[0] (.output clocked by virtual_io_clock)
Path Type : setup

Point                                                             Incr      Path
--------------------------------------------------------------------------------
clock virtual_io_clock (rise edge)                               0.000     0.000
clock source latency                                             0.000     0.000
input external delay                                             0.000     0.000
G9.inpad[0] (.input)                                             0.000     0.000
new_n82.in[4] (.names)                                           2.104     2.104
new_n82.out[0] (.names)                                          0.261     2.365
new_n81.in[3] (.names)                                           0.332     2.697
new_n81.out[0] (.names)                                          0.261     2.958
new_n101.in[1] (.names)                                          0.100     3.058
new_n101.out[0] (.names)                                         0.261     3.319
new_n100.in[1] (.names)                                          0.100     3.419
new_n100.out[0] (.names)                                         0.261     3.680
G1891.in[0] (.names)                                             0.100     3.780
G1891.out[0] (.names)                                            0.261     4.041
out:G1891.outpad[0] (.output)                                    3.535     7.576
data arrival time                                                          7.576

clock virtual_io_clock (rise edge)                               0.000     0.000
clock source latency                                             0.000     0.000
clock uncertainty                                                0.000     0.000
output external delay                                            0.000     0.000
data required time                                                         0.000
--------------------------------------------------------------------------------
data required time                                                         0.000
data arrival time                                                         -7.576
--------------------------------------------------------------------------------
slack (VIOLATED)                                                          -7.576


#Path 18
Startpoint: G9.inpad[0] (.input clocked by virtual_io_clock)
Endpoint  : out:G1907.outpad[0] (.output clocked by virtual_io_clock)
Path Type : setup

Point                                                             Incr      Path
--------------------------------------------------------------------------------
clock virtual_io_clock (rise edge)                               0.000     0.000
clock source latency                                             0.000     0.000
input external delay                                             0.000     0.000
G9.inpad[0] (.input)                                             0.000     0.000
new_n82.in[4] (.names)                                           2.104     2.104
new_n82.out[0] (.names)                                          0.261     2.365
new_n81.in[3] (.names)                                           0.332     2.697
new_n81.out[0] (.names)                                          0.261     2.958
new_n68.in[3] (.names)                                           0.100     3.058
new_n68.out[0] (.names)                                          0.261     3.319
new_n129.in[0] (.names)                                          0.100     3.419
new_n129.out[0] (.names)                                         0.261     3.680
G1907.in[3] (.names)                                             0.100     3.780
G1907.out[0] (.names)                                            0.261     4.041
out:G1907.outpad[0] (.output)                                    3.516     7.557
data arrival time                                                          7.557

clock virtual_io_clock (rise edge)                               0.000     0.000
clock source latency                                             0.000     0.000
clock uncertainty                                                0.000     0.000
output external delay                                            0.000     0.000
data required time                                                         0.000
--------------------------------------------------------------------------------
data required time                                                         0.000
data arrival time                                                         -7.557
--------------------------------------------------------------------------------
slack (VIOLATED)                                                          -7.557


#Path 19
Startpoint: G9.inpad[0] (.input clocked by virtual_io_clock)
Endpoint  : out:G1889.outpad[0] (.output clocked by virtual_io_clock)
Path Type : setup

Point                                                             Incr      Path
--------------------------------------------------------------------------------
clock virtual_io_clock (rise edge)                               0.000     0.000
clock source latency                                             0.000     0.000
input external delay                                             0.000     0.000
G9.inpad[0] (.input)                                             0.000     0.000
new_n82.in[4] (.names)                                           2.104     2.104
new_n82.out[0] (.names)                                          0.261     2.365
new_n81.in[3] (.names)                                           0.332     2.697
new_n81.out[0] (.names)                                          0.261     2.958
new_n91.in[1] (.names)                                           0.100     3.058
new_n91.out[0] (.names)                                          0.261     3.319
G1889.in[1] (.names)                                             0.333     3.652
G1889.out[0] (.names)                                            0.261     3.913
out:G1889.outpad[0] (.output)                                    3.597     7.510
data arrival time                                                          7.510

clock virtual_io_clock (rise edge)                               0.000     0.000
clock source latency                                             0.000     0.000
clock uncertainty                                                0.000     0.000
output external delay                                            0.000     0.000
data required time                                                         0.000
--------------------------------------------------------------------------------
data required time                                                         0.000
data arrival time                                                         -7.510
--------------------------------------------------------------------------------
slack (VIOLATED)                                                          -7.510


#Path 20
Startpoint: G9.inpad[0] (.input clocked by virtual_io_clock)
Endpoint  : out:G1896.outpad[0] (.output clocked by virtual_io_clock)
Path Type : setup

Point                                                             Incr      Path
--------------------------------------------------------------------------------
clock virtual_io_clock (rise edge)                               0.000     0.000
clock source latency                                             0.000     0.000
input external delay                                             0.000     0.000
G9.inpad[0] (.input)                                             0.000     0.000
new_n82.in[4] (.names)                                           2.104     2.104
new_n82.out[0] (.names)                                          0.261     2.365
new_n81.in[3] (.names)                                           0.332     2.697
new_n81.out[0] (.names)                                          0.261     2.958
new_n68.in[3] (.names)                                           0.100     3.058
new_n68.out[0] (.names)                                          0.261     3.319
G1896.in[1] (.names)                                             0.333     3.652
G1896.out[0] (.names)                                            0.261     3.913
out:G1896.outpad[0] (.output)                                    3.551     7.464
data arrival time                                                          7.464

clock virtual_io_clock (rise edge)                               0.000     0.000
clock source latency                                             0.000     0.000
clock uncertainty                                                0.000     0.000
output external delay                                            0.000     0.000
data required time                                                         0.000
--------------------------------------------------------------------------------
data required time                                                         0.000
data arrival time                                                         -7.464
--------------------------------------------------------------------------------
slack (VIOLATED)                                                          -7.464


#Path 21
Startpoint: G9.inpad[0] (.input clocked by virtual_io_clock)
Endpoint  : out:G1897.outpad[0] (.output clocked by virtual_io_clock)
Path Type : setup

Point                                                             Incr      Path
--------------------------------------------------------------------------------
clock virtual_io_clock (rise edge)                               0.000     0.000
clock source latency                                             0.000     0.000
input external delay                                             0.000     0.000
G9.inpad[0] (.input)                                             0.000     0.000
new_n82.in[4] (.names)                                           2.104     2.104
new_n82.out[0] (.names)                                          0.261     2.365
new_n81.in[3] (.names)                                           0.332     2.697
new_n81.out[0] (.names)                                          0.261     2.958
new_n68.in[3] (.names)                                           0.100     3.058
new_n68.out[0] (.names)                                          0.261     3.319
G1897.in[1] (.names)                                             0.333     3.652
G1897.out[0] (.names)                                            0.261     3.913
out:G1897.outpad[0] (.output)                                    3.537     7.449
data arrival time                                                          7.449

clock virtual_io_clock (rise edge)                               0.000     0.000
clock source latency                                             0.000     0.000
clock uncertainty                                                0.000     0.000
output external delay                                            0.000     0.000
data required time                                                         0.000
--------------------------------------------------------------------------------
data required time                                                         0.000
data arrival time                                                         -7.449
--------------------------------------------------------------------------------
slack (VIOLATED)                                                          -7.449


#Path 22
Startpoint: G9.inpad[0] (.input clocked by virtual_io_clock)
Endpoint  : out:G1888.outpad[0] (.output clocked by virtual_io_clock)
Path Type : setup

Point                                                             Incr      Path
--------------------------------------------------------------------------------
clock virtual_io_clock (rise edge)                               0.000     0.000
clock source latency                                             0.000     0.000
input external delay                                             0.000     0.000
G9.inpad[0] (.input)                                             0.000     0.000
new_n82.in[4] (.names)                                           2.104     2.104
new_n82.out[0] (.names)                                          0.261     2.365
new_n81.in[3] (.names)                                           0.332     2.697
new_n81.out[0] (.names)                                          0.261     2.958
new_n91.in[1] (.names)                                           0.100     3.058
new_n91.out[0] (.names)                                          0.261     3.319
G1888.in[1] (.names)                                             0.333     3.652
G1888.out[0] (.names)                                            0.261     3.913
out:G1888.outpad[0] (.output)                                    3.535     7.448
data arrival time                                                          7.448

clock virtual_io_clock (rise edge)                               0.000     0.000
clock source latency                                             0.000     0.000
clock uncertainty                                                0.000     0.000
output external delay                                            0.000     0.000
data required time                                                         0.000
--------------------------------------------------------------------------------
data required time                                                         0.000
data arrival time                                                         -7.448
--------------------------------------------------------------------------------
slack (VIOLATED)                                                          -7.448


#Path 23
Startpoint: G9.inpad[0] (.input clocked by virtual_io_clock)
Endpoint  : out:G1899.outpad[0] (.output clocked by virtual_io_clock)
Path Type : setup

Point                                                             Incr      Path
--------------------------------------------------------------------------------
clock virtual_io_clock (rise edge)                               0.000     0.000
clock source latency                                             0.000     0.000
input external delay                                             0.000     0.000
G9.inpad[0] (.input)                                             0.000     0.000
new_n82.in[4] (.names)                                           2.104     2.104
new_n82.out[0] (.names)                                          0.261     2.365
new_n81.in[3] (.names)                                           0.332     2.697
new_n81.out[0] (.names)                                          0.261     2.958
new_n68.in[3] (.names)                                           0.100     3.058
new_n68.out[0] (.names)                                          0.261     3.319
G1899.in[1] (.names)                                             0.333     3.652
G1899.out[0] (.names)                                            0.261     3.913
out:G1899.outpad[0] (.output)                                    3.497     7.409
data arrival time                                                          7.409

clock virtual_io_clock (rise edge)                               0.000     0.000
clock source latency                                             0.000     0.000
clock uncertainty                                                0.000     0.000
output external delay                                            0.000     0.000
data required time                                                         0.000
--------------------------------------------------------------------------------
data required time                                                         0.000
data arrival time                                                         -7.409
--------------------------------------------------------------------------------
slack (VIOLATED)                                                          -7.409


#Path 24
Startpoint: G9.inpad[0] (.input clocked by virtual_io_clock)
Endpoint  : out:G1908.outpad[0] (.output clocked by virtual_io_clock)
Path Type : setup

Point                                                             Incr      Path
--------------------------------------------------------------------------------
clock virtual_io_clock (rise edge)                               0.000     0.000
clock source latency                                             0.000     0.000
input external delay                                             0.000     0.000
G9.inpad[0] (.input)                                             0.000     0.000
new_n82.in[4] (.names)                                           2.104     2.104
new_n82.out[0] (.names)                                          0.261     2.365
new_n81.in[3] (.names)                                           0.332     2.697
new_n81.out[0] (.names)                                          0.261     2.958
new_n68.in[3] (.names)                                           0.100     3.058
new_n68.out[0] (.names)                                          0.261     3.319
new_n116.in[0] (.names)                                          0.100     3.419
new_n116.out[0] (.names)                                         0.261     3.680
G1908.in[0] (.names)                                             0.100     3.780
G1908.out[0] (.names)                                            0.261     4.041
out:G1908.outpad[0] (.output)                                    3.367     7.408
data arrival time                                                          7.408

clock virtual_io_clock (rise edge)                               0.000     0.000
clock source latency                                             0.000     0.000
clock uncertainty                                                0.000     0.000
output external delay                                            0.000     0.000
data required time                                                         0.000
--------------------------------------------------------------------------------
data required time                                                         0.000
data arrival time                                                         -7.408
--------------------------------------------------------------------------------
slack (VIOLATED)                                                          -7.408


#Path 25
Startpoint: G9.inpad[0] (.input clocked by virtual_io_clock)
Endpoint  : out:G1895.outpad[0] (.output clocked by virtual_io_clock)
Path Type : setup

Point                                                             Incr      Path
--------------------------------------------------------------------------------
clock virtual_io_clock (rise edge)                               0.000     0.000
clock source latency                                             0.000     0.000
input external delay                                             0.000     0.000
G9.inpad[0] (.input)                                             0.000     0.000
new_n82.in[4] (.names)                                           2.104     2.104
new_n82.out[0] (.names)                                          0.261     2.365
new_n81.in[3] (.names)                                           0.332     2.697
new_n81.out[0] (.names)                                          0.261     2.958
new_n101.in[1] (.names)                                          0.100     3.058
new_n101.out[0] (.names)                                         0.261     3.319
G1895.in[1] (.names)                                             0.196     3.515
G1895.out[0] (.names)                                            0.261     3.776
out:G1895.outpad[0] (.output)                                    3.461     7.237
data arrival time                                                          7.237

clock virtual_io_clock (rise edge)                               0.000     0.000
clock source latency                                             0.000     0.000
clock uncertainty                                                0.000     0.000
output external delay                                            0.000     0.000
data required time                                                         0.000
--------------------------------------------------------------------------------
data required time                                                         0.000
data arrival time                                                         -7.237
--------------------------------------------------------------------------------
slack (VIOLATED)                                                          -7.237


#End of timing report
