#Packing pin usage report
Type: io
	Input Pin Usage:
		Max: 1.00 (0.02)
		Avg: 0.16 (0.00)
		Min: 0.00 (0.00)
		Histogram:
		[        0:      5.5) 43 (100.0%) |************************************************
		[      5.5:       11)  0 (  0.0%) |
		[       11:       16)  0 (  0.0%) |
		[       16:       22)  0 (  0.0%) |
		[       22:       28)  0 (  0.0%) |
		[       28:       33)  0 (  0.0%) |
		[       33:       38)  0 (  0.0%) |
		[       38:       44)  0 (  0.0%) |
		[       44:       50)  0 (  0.0%) |
		[       50:       55)  0 (  0.0%) |
	Output Pin Usage:
		Max: 1.00 (0.03)
		Avg: 0.84 (0.02)
		Min: 0.00 (0.00)
		Histogram:
		[        0:        4) 43 (100.0%) |************************************************
		[        4:        8)  0 (  0.0%) |
		[        8:       12)  0 (  0.0%) |
		[       12:       16)  0 (  0.0%) |
		[       16:       20)  0 (  0.0%) |
		[       20:       24)  0 (  0.0%) |
		[       24:       28)  0 (  0.0%) |
		[       28:       32)  0 (  0.0%) |
		[       32:       36)  0 (  0.0%) |
		[       36:       40)  0 (  0.0%) |

Type: LAB
	Input Pin Usage:
		Max: 33.00 (0.36)
		Avg: 20.50 (0.23)
		Min: 4.00 (0.04)
		Histogram:
		[        0:      9.1) 1 ( 16.7%) |*************************
		[      9.1:       18) 1 ( 16.7%) |*************************
		[       18:       27) 2 ( 33.3%) |*************************************************
		[       27:       36) 2 ( 33.3%) |*************************************************
		[       36:       46) 0 (  0.0%) |
		[       46:       55) 0 (  0.0%) |
		[       55:       64) 0 (  0.0%) |
		[       64:       73) 0 (  0.0%) |
		[       73:       82) 0 (  0.0%) |
		[       82:       91) 0 (  0.0%) |
	Output Pin Usage:
		Max: 10.00 (0.24)
		Avg: 5.50 (0.13)
		Min: 1.00 (0.02)
		Histogram:
		[        0:      4.2) 3 ( 50.0%) |*************************************************
		[      4.2:      8.4) 2 ( 33.3%) |*********************************
		[      8.4:       13) 1 ( 16.7%) |****************
		[       13:       17) 0 (  0.0%) |
		[       17:       21) 0 (  0.0%) |
		[       21:       25) 0 (  0.0%) |
		[       25:       29) 0 (  0.0%) |
		[       29:       34) 0 (  0.0%) |
		[       34:       38) 0 (  0.0%) |
		[       38:       42) 0 (  0.0%) |

