#Timing report of worst 7 path(s)
# Unit scale: 1e-09 seconds
# Output precision: 3

#Path 1
Startpoint: pi07.inpad[0] (.input clocked by virtual_io_clock)
Endpoint  : out:po3.outpad[0] (.output clocked by virtual_io_clock)
Path Type : hold

Point                                                             Incr      Path
--------------------------------------------------------------------------------
clock virtual_io_clock (rise edge)                               0.000     0.000
clock source latency                                             0.000     0.000
input external delay                                             0.000     0.000
pi07.inpad[0] (.input)                                           0.000     0.000
new_n108.in[2] (.names)                                          1.559     1.559
new_n108.out[0] (.names)                                         0.193     1.752
po3.in[1] (.names)                                               0.128     1.880
po3.out[0] (.names)                                              0.193     2.073
out:po3.outpad[0] (.output)                                      3.103     5.175
data arrival time                                                          5.175

clock virtual_io_clock (rise edge)                               0.000     0.000
clock source latency                                             0.000     0.000
clock uncertainty                                                0.000     0.000
output external delay                                            0.000     0.000
data required time                                                         0.000
--------------------------------------------------------------------------------
data required time                                                        -0.000
data arrival time                                                          5.175
--------------------------------------------------------------------------------
slack (MET)                                                                5.175


#Path 2
Startpoint: pi11.inpad[0] (.input clocked by virtual_io_clock)
Endpoint  : out:po5.outpad[0] (.output clocked by virtual_io_clock)
Path Type : hold

Point                                                             Incr      Path
--------------------------------------------------------------------------------
clock virtual_io_clock (rise edge)                               0.000     0.000
clock source latency                                             0.000     0.000
input external delay                                             0.000     0.000
pi11.inpad[0] (.input)                                           0.000     0.000
new_n122.in[2] (.names)                                          1.559     1.559
new_n122.out[0] (.names)                                         0.193     1.752
po5.in[2] (.names)                                               0.064     1.816
po5.out[0] (.names)                                              0.193     2.009
out:po5.outpad[0] (.output)                                      3.255     5.264
data arrival time                                                          5.264

clock virtual_io_clock (rise edge)                               0.000     0.000
clock source latency                                             0.000     0.000
clock uncertainty                                                0.000     0.000
output external delay                                            0.000     0.000
data required time                                                         0.000
--------------------------------------------------------------------------------
data required time                                                        -0.000
data arrival time                                                          5.264
--------------------------------------------------------------------------------
slack (MET)                                                                5.264


#Path 3
Startpoint: pi09.inpad[0] (.input clocked by virtual_io_clock)
Endpoint  : out:po6.outpad[0] (.output clocked by virtual_io_clock)
Path Type : hold

Point                                                             Incr      Path
--------------------------------------------------------------------------------
clock virtual_io_clock (rise edge)                               0.000     0.000
clock source latency                                             0.000     0.000
input external delay                                             0.000     0.000
pi09.inpad[0] (.input)                                           0.000     0.000
new_n121.in[2] (.names)                                          1.559     1.559
new_n121.out[0] (.names)                                         0.193     1.752
po6.in[0] (.names)                                               0.064     1.816
po6.out[0] (.names)                                              0.193     2.009
out:po6.outpad[0] (.output)                                      3.377     5.386
data arrival time                                                          5.386

clock virtual_io_clock (rise edge)                               0.000     0.000
clock source latency                                             0.000     0.000
clock uncertainty                                                0.000     0.000
output external delay                                            0.000     0.000
data required time                                                         0.000
--------------------------------------------------------------------------------
data required time                                                        -0.000
data arrival time                                                          5.386
--------------------------------------------------------------------------------
slack (MET)                                                                5.386


#Path 4
Startpoint: pi09.inpad[0] (.input clocked by virtual_io_clock)
Endpoint  : out:po4.outpad[0] (.output clocked by virtual_io_clock)
Path Type : hold

Point                                                             Incr      Path
--------------------------------------------------------------------------------
clock virtual_io_clock (rise edge)                               0.000     0.000
clock source latency                                             0.000     0.000
input external delay                                             0.000     0.000
pi09.inpad[0] (.input)                                           0.000     0.000
new_n121.in[2] (.names)                                          1.559     1.559
new_n121.out[0] (.names)                                         0.193     1.752
po4.in[0] (.names)                                               0.064     1.816
po4.out[0] (.names)                                              0.193     2.009
out:po4.outpad[0] (.output)                                      3.472     5.481
data arrival time                                                          5.481

clock virtual_io_clock (rise edge)                               0.000     0.000
clock source latency                                             0.000     0.000
clock uncertainty                                                0.000     0.000
output external delay                                            0.000     0.000
data required time                                                         0.000
--------------------------------------------------------------------------------
data required time                                                        -0.000
data arrival time                                                          5.481
--------------------------------------------------------------------------------
slack (MET)                                                                5.481


#Path 5
Startpoint: pi13.inpad[0] (.input clocked by virtual_io_clock)
Endpoint  : out:po0.outpad[0] (.output clocked by virtual_io_clock)
Path Type : hold

Point                                                             Incr      Path
--------------------------------------------------------------------------------
clock virtual_io_clock (rise edge)                               0.000     0.000
clock source latency                                             0.000     0.000
input external delay                                             0.000     0.000
pi13.inpad[0] (.input)                                           0.000     0.000
new_n51.in[5] (.names)                                           1.650     1.650
new_n51.out[0] (.names)                                          0.193     1.843
new_n49.in[1] (.names)                                           0.064     1.907
new_n49.out[0] (.names)                                          0.193     2.100
po0.in[1] (.names)                                               0.064     2.164
po0.out[0] (.names)                                              0.193     2.357
out:po0.outpad[0] (.output)                                      3.348     5.705
data arrival time                                                          5.705

clock virtual_io_clock (rise edge)                               0.000     0.000
clock source latency                                             0.000     0.000
clock uncertainty                                                0.000     0.000
output external delay                                            0.000     0.000
data required time                                                         0.000
--------------------------------------------------------------------------------
data required time                                                        -0.000
data arrival time                                                          5.705
--------------------------------------------------------------------------------
slack (MET)                                                                5.705


#Path 6
Startpoint: pi07.inpad[0] (.input clocked by virtual_io_clock)
Endpoint  : out:po2.outpad[0] (.output clocked by virtual_io_clock)
Path Type : hold

Point                                                             Incr      Path
--------------------------------------------------------------------------------
clock virtual_io_clock (rise edge)                               0.000     0.000
clock source latency                                             0.000     0.000
input external delay                                             0.000     0.000
pi07.inpad[0] (.input)                                           0.000     0.000
new_n88.in[4] (.names)                                           1.559     1.559
new_n88.out[0] (.names)                                          0.193     1.752
new_n86.in[3] (.names)                                           0.064     1.816
new_n86.out[0] (.names)                                          0.193     2.009
po2.in[1] (.names)                                               0.265     2.274
po2.out[0] (.names)                                              0.193     2.467
out:po2.outpad[0] (.output)                                      3.302     5.768
data arrival time                                                          5.768

clock virtual_io_clock (rise edge)                               0.000     0.000
clock source latency                                             0.000     0.000
clock uncertainty                                                0.000     0.000
output external delay                                            0.000     0.000
data required time                                                         0.000
--------------------------------------------------------------------------------
data required time                                                        -0.000
data arrival time                                                          5.768
--------------------------------------------------------------------------------
slack (MET)                                                                5.768


#Path 7
Startpoint: pi07.inpad[0] (.input clocked by virtual_io_clock)
Endpoint  : out:po1.outpad[0] (.output clocked by virtual_io_clock)
Path Type : hold

Point                                                             Incr      Path
--------------------------------------------------------------------------------
clock virtual_io_clock (rise edge)                               0.000     0.000
clock source latency                                             0.000     0.000
input external delay                                             0.000     0.000
pi07.inpad[0] (.input)                                           0.000     0.000
new_n62.in[1] (.names)                                           1.559     1.559
new_n62.out[0] (.names)                                          0.193     1.752
new_n60.in[0] (.names)                                           0.064     1.816
new_n60.out[0] (.names)                                          0.193     2.009
new_n53.in[2] (.names)                                           0.064     2.073
new_n53.out[0] (.names)                                          0.193     2.266
po1.in[0] (.names)                                               0.064     2.330
po1.out[0] (.names)                                              0.193     2.523
out:po1.outpad[0] (.output)                                      3.442     5.965
data arrival time                                                          5.965

clock virtual_io_clock (rise edge)                               0.000     0.000
clock source latency                                             0.000     0.000
clock uncertainty                                                0.000     0.000
output external delay                                            0.000     0.000
data required time                                                         0.000
--------------------------------------------------------------------------------
data required time                                                        -0.000
data arrival time                                                          5.965
--------------------------------------------------------------------------------
slack (MET)                                                                5.965


#End of timing report
