#Timing report of worst 7 path(s)
# Unit scale: 1e-09 seconds
# Output precision: 3

#Path 1
Startpoint: pi14.inpad[0] (.input clocked by virtual_io_clock)
Endpoint  : out:po6.outpad[0] (.output clocked by virtual_io_clock)
Path Type : setup

Point                                                             Incr      Path
--------------------------------------------------------------------------------
clock virtual_io_clock (rise edge)                               0.000     0.000
clock source latency                                             0.000     0.000
input external delay                                             0.000     0.000
pi14.inpad[0] (.input)                                           0.000     0.000
new_n51.in[2] (.names)                                           2.117     2.117
new_n51.out[0] (.names)                                          0.261     2.378
new_n54.in[3] (.names)                                           0.196     2.574
new_n54.out[0] (.names)                                          0.261     2.835
new_n53.in[0] (.names)                                           0.100     2.935
new_n53.out[0] (.names)                                          0.261     3.196
new_n89.in[4] (.names)                                           0.333     3.529
new_n89.out[0] (.names)                                          0.261     3.790
po2.in[2] (.names)                                               0.333     4.123
po2.out[0] (.names)                                              0.261     4.384
new_n108.in[1] (.names)                                          0.196     4.580
new_n108.out[0] (.names)                                         0.261     4.841
po6.in[1] (.names)                                               0.471     5.312
po6.out[0] (.names)                                              0.261     5.573
out:po6.outpad[0] (.output)                                      3.600     9.172
data arrival time                                                          9.172

clock virtual_io_clock (rise edge)                               0.000     0.000
clock source latency                                             0.000     0.000
clock uncertainty                                                0.000     0.000
output external delay                                            0.000     0.000
data required time                                                         0.000
--------------------------------------------------------------------------------
data required time                                                         0.000
data arrival time                                                         -9.172
--------------------------------------------------------------------------------
slack (VIOLATED)                                                          -9.172


#Path 2
Startpoint: pi14.inpad[0] (.input clocked by virtual_io_clock)
Endpoint  : out:po5.outpad[0] (.output clocked by virtual_io_clock)
Path Type : setup

Point                                                             Incr      Path
--------------------------------------------------------------------------------
clock virtual_io_clock (rise edge)                               0.000     0.000
clock source latency                                             0.000     0.000
input external delay                                             0.000     0.000
pi14.inpad[0] (.input)                                           0.000     0.000
new_n51.in[2] (.names)                                           2.117     2.117
new_n51.out[0] (.names)                                          0.261     2.378
new_n54.in[3] (.names)                                           0.196     2.574
new_n54.out[0] (.names)                                          0.261     2.835
new_n53.in[0] (.names)                                           0.100     2.935
new_n53.out[0] (.names)                                          0.261     3.196
new_n89.in[4] (.names)                                           0.333     3.529
new_n89.out[0] (.names)                                          0.261     3.790
po2.in[2] (.names)                                               0.333     4.123
po2.out[0] (.names)                                              0.261     4.384
new_n108.in[1] (.names)                                          0.196     4.580
new_n108.out[0] (.names)                                         0.261     4.841
po5.in[1] (.names)                                               0.471     5.312
po5.out[0] (.names)                                              0.261     5.573
out:po5.outpad[0] (.output)                                      3.478     9.051
data arrival time                                                          9.051

clock virtual_io_clock (rise edge)                               0.000     0.000
clock source latency                                             0.000     0.000
clock uncertainty                                                0.000     0.000
output external delay                                            0.000     0.000
data required time                                                         0.000
--------------------------------------------------------------------------------
data required time                                                         0.000
data arrival time                                                         -9.051
--------------------------------------------------------------------------------
slack (VIOLATED)                                                          -9.051


#Path 3
Startpoint: pi14.inpad[0] (.input clocked by virtual_io_clock)
Endpoint  : out:po4.outpad[0] (.output clocked by virtual_io_clock)
Path Type : setup

Point                                                             Incr      Path
--------------------------------------------------------------------------------
clock virtual_io_clock (rise edge)                               0.000     0.000
clock source latency                                             0.000     0.000
input external delay                                             0.000     0.000
pi14.inpad[0] (.input)                                           0.000     0.000
new_n51.in[2] (.names)                                           2.117     2.117
new_n51.out[0] (.names)                                          0.261     2.378
new_n54.in[3] (.names)                                           0.196     2.574
new_n54.out[0] (.names)                                          0.261     2.835
new_n53.in[0] (.names)                                           0.100     2.935
new_n53.out[0] (.names)                                          0.261     3.196
new_n89.in[4] (.names)                                           0.333     3.529
new_n89.out[0] (.names)                                          0.261     3.790
new_n116.in[1] (.names)                                          0.333     4.123
new_n116.out[0] (.names)                                         0.261     4.384
new_n123.in[0] (.names)                                          0.100     4.484
new_n123.out[0] (.names)                                         0.261     4.745
po4.in[2] (.names)                                               0.333     5.078
po4.out[0] (.names)                                              0.261     5.339
out:po4.outpad[0] (.output)                                      3.695     9.033
data arrival time                                                          9.033

clock virtual_io_clock (rise edge)                               0.000     0.000
clock source latency                                             0.000     0.000
clock uncertainty                                                0.000     0.000
output external delay                                            0.000     0.000
data required time                                                         0.000
--------------------------------------------------------------------------------
data required time                                                         0.000
data arrival time                                                         -9.033
--------------------------------------------------------------------------------
slack (VIOLATED)                                                          -9.033


#Path 4
Startpoint: pi14.inpad[0] (.input clocked by virtual_io_clock)
Endpoint  : out:po3.outpad[0] (.output clocked by virtual_io_clock)
Path Type : setup

Point                                                             Incr      Path
--------------------------------------------------------------------------------
clock virtual_io_clock (rise edge)                               0.000     0.000
clock source latency                                             0.000     0.000
input external delay                                             0.000     0.000
pi14.inpad[0] (.input)                                           0.000     0.000
new_n51.in[2] (.names)                                           2.117     2.117
new_n51.out[0] (.names)                                          0.261     2.378
new_n67.in[3] (.names)                                           0.196     2.574
new_n67.out[0] (.names)                                          0.261     2.835
new_n66.in[0] (.names)                                           0.196     3.031
new_n66.out[0] (.names)                                          0.261     3.292
new_n86.in[5] (.names)                                           0.196     3.488
new_n86.out[0] (.names)                                          0.261     3.749
new_n113.in[2] (.names)                                          0.334     4.084
new_n113.out[0] (.names)                                         0.261     4.345
new_n110.in[0] (.names)                                          0.100     4.445
new_n110.out[0] (.names)                                         0.261     4.706
po3.in[3] (.names)                                               0.333     5.039
po3.out[0] (.names)                                              0.261     5.300
out:po3.outpad[0] (.output)                                      3.326     8.626
data arrival time                                                          8.626

clock virtual_io_clock (rise edge)                               0.000     0.000
clock source latency                                             0.000     0.000
clock uncertainty                                                0.000     0.000
output external delay                                            0.000     0.000
data required time                                                         0.000
--------------------------------------------------------------------------------
data required time                                                         0.000
data arrival time                                                         -8.626
--------------------------------------------------------------------------------
slack (VIOLATED)                                                          -8.626


#Path 5
Startpoint: pi14.inpad[0] (.input clocked by virtual_io_clock)
Endpoint  : out:po2.outpad[0] (.output clocked by virtual_io_clock)
Path Type : setup

Point                                                             Incr      Path
--------------------------------------------------------------------------------
clock virtual_io_clock (rise edge)                               0.000     0.000
clock source latency                                             0.000     0.000
input external delay                                             0.000     0.000
pi14.inpad[0] (.input)                                           0.000     0.000
new_n51.in[2] (.names)                                           2.117     2.117
new_n51.out[0] (.names)                                          0.261     2.378
new_n54.in[3] (.names)                                           0.196     2.574
new_n54.out[0] (.names)                                          0.261     2.835
new_n53.in[0] (.names)                                           0.100     2.935
new_n53.out[0] (.names)                                          0.261     3.196
new_n89.in[4] (.names)                                           0.333     3.529
new_n89.out[0] (.names)                                          0.261     3.790
po2.in[2] (.names)                                               0.333     4.123
po2.out[0] (.names)                                              0.261     4.384
out:po2.outpad[0] (.output)                                      3.525     7.909
data arrival time                                                          7.909

clock virtual_io_clock (rise edge)                               0.000     0.000
clock source latency                                             0.000     0.000
clock uncertainty                                                0.000     0.000
output external delay                                            0.000     0.000
data required time                                                         0.000
--------------------------------------------------------------------------------
data required time                                                         0.000
data arrival time                                                         -7.909
--------------------------------------------------------------------------------
slack (VIOLATED)                                                          -7.909


#Path 6
Startpoint: pi14.inpad[0] (.input clocked by virtual_io_clock)
Endpoint  : out:po1.outpad[0] (.output clocked by virtual_io_clock)
Path Type : setup

Point                                                             Incr      Path
--------------------------------------------------------------------------------
clock virtual_io_clock (rise edge)                               0.000     0.000
clock source latency                                             0.000     0.000
input external delay                                             0.000     0.000
pi14.inpad[0] (.input)                                           0.000     0.000
new_n51.in[2] (.names)                                           2.117     2.117
new_n51.out[0] (.names)                                          0.261     2.378
new_n67.in[3] (.names)                                           0.196     2.574
new_n67.out[0] (.names)                                          0.261     2.835
new_n66.in[0] (.names)                                           0.196     3.031
new_n66.out[0] (.names)                                          0.261     3.292
po1.in[1] (.names)                                               0.196     3.488
po1.out[0] (.names)                                              0.261     3.749
out:po1.outpad[0] (.output)                                      3.665     7.414
data arrival time                                                          7.414

clock virtual_io_clock (rise edge)                               0.000     0.000
clock source latency                                             0.000     0.000
clock uncertainty                                                0.000     0.000
output external delay                                            0.000     0.000
data required time                                                         0.000
--------------------------------------------------------------------------------
data required time                                                         0.000
data arrival time                                                         -7.414
--------------------------------------------------------------------------------
slack (VIOLATED)                                                          -7.414


#Path 7
Startpoint: pi14.inpad[0] (.input clocked by virtual_io_clock)
Endpoint  : out:po0.outpad[0] (.output clocked by virtual_io_clock)
Path Type : setup

Point                                                             Incr      Path
--------------------------------------------------------------------------------
clock virtual_io_clock (rise edge)                               0.000     0.000
clock source latency                                             0.000     0.000
input external delay                                             0.000     0.000
pi14.inpad[0] (.input)                                           0.000     0.000
new_n51.in[2] (.names)                                           2.117     2.117
new_n51.out[0] (.names)                                          0.261     2.378
new_n49.in[1] (.names)                                           0.100     2.478
new_n49.out[0] (.names)                                          0.261     2.739
po0.in[1] (.names)                                               0.100     2.839
po0.out[0] (.names)                                              0.261     3.100
out:po0.outpad[0] (.output)                                      3.571     6.671
data arrival time                                                          6.671

clock virtual_io_clock (rise edge)                               0.000     0.000
clock source latency                                             0.000     0.000
clock uncertainty                                                0.000     0.000
output external delay                                            0.000     0.000
data required time                                                         0.000
--------------------------------------------------------------------------------
data required time                                                         0.000
data arrival time                                                         -6.671
--------------------------------------------------------------------------------
slack (VIOLATED)                                                          -6.671


#End of timing report
