#Packing pin usage report
Type: LAB
	Input Pin Usage:
		Max: 44.00 (0.65)
		Avg: 25.80 (0.38)
		Min: 2.00 (0.03)
		Histogram:
		[        0:      6.8)  25 (  4.2%) |****
		[      6.8:       14)   8 (  1.3%) |*
		[       14:       20)  18 (  3.0%) |***
		[       20:       27) 298 ( 49.7%) |***********************************************
		[       27:       34) 223 ( 37.2%) |***********************************
		[       34:       41)  25 (  4.2%) |****
		[       41:       48)   3 (  0.5%) |
		[       48:       54)   0 (  0.0%) |
		[       54:       61)   0 (  0.0%) |
		[       61:       68)   0 (  0.0%) |
	Output Pin Usage:
		Max: 10.00 (0.24)
		Avg: 9.53 (0.23)
		Min: 1.00 (0.02)
		Histogram:
		[        0:      4.1)  34 (  5.7%) |***
		[      4.1:      8.2)   2 (  0.3%) |
		[      8.2:       12) 564 ( 94.0%) |***********************************************
		[       12:       16)   0 (  0.0%) |
		[       16:       20)   0 (  0.0%) |
		[       20:       25)   0 (  0.0%) |
		[       25:       29)   0 (  0.0%) |
		[       29:       33)   0 (  0.0%) |
		[       33:       37)   0 (  0.0%) |
		[       37:       41)   0 (  0.0%) |

Type: io_cell
	Input Pin Usage:
		Max: 1.00 (0.03)
		Avg: 0.33 (0.01)
		Min: 0.00 (0.00)
		Histogram:
		[        0:      3.7) 192 (100.0%) |***********************************************
		[      3.7:      7.4)   0 (  0.0%) |
		[      7.4:       11)   0 (  0.0%) |
		[       11:       15)   0 (  0.0%) |
		[       15:       18)   0 (  0.0%) |
		[       18:       22)   0 (  0.0%) |
		[       22:       26)   0 (  0.0%) |
		[       26:       30)   0 (  0.0%) |
		[       30:       33)   0 (  0.0%) |
		[       33:       37)   0 (  0.0%) |
	Output Pin Usage:
		Max: 1.00 (0.17)
		Avg: 0.67 (0.11)
		Min: 0.00 (0.00)
		Histogram:
		[        0:      0.6)  64 ( 33.3%) |************************
		[      0.6:      1.2) 128 ( 66.7%) |***********************************************
		[      1.2:      1.8)   0 (  0.0%) |
		[      1.8:      2.4)   0 (  0.0%) |
		[      2.4:        3)   0 (  0.0%) |
		[        3:      3.6)   0 (  0.0%) |
		[      3.6:      4.2)   0 (  0.0%) |
		[      4.2:      4.8)   0 (  0.0%) |
		[      4.8:      5.4)   0 (  0.0%) |
		[      5.4:        6)   0 (  0.0%) |

