#Packing pin usage report
Type: io
	Input Pin Usage:
		Max: 1.00 (0.02)
		Avg: 0.34 (0.01)
		Min: 0.00 (0.00)
		Histogram:
		[        0:      5.5) 385 (100.0%) |***********************************************
		[      5.5:       11)   0 (  0.0%) |
		[       11:       16)   0 (  0.0%) |
		[       16:       22)   0 (  0.0%) |
		[       22:       28)   0 (  0.0%) |
		[       28:       33)   0 (  0.0%) |
		[       33:       38)   0 (  0.0%) |
		[       38:       44)   0 (  0.0%) |
		[       44:       50)   0 (  0.0%) |
		[       50:       55)   0 (  0.0%) |
	Output Pin Usage:
		Max: 1.00 (0.03)
		Avg: 0.66 (0.02)
		Min: 0.00 (0.00)
		Histogram:
		[        0:        4) 385 (100.0%) |***********************************************
		[        4:        8)   0 (  0.0%) |
		[        8:       12)   0 (  0.0%) |
		[       12:       16)   0 (  0.0%) |
		[       16:       20)   0 (  0.0%) |
		[       20:       24)   0 (  0.0%) |
		[       24:       28)   0 (  0.0%) |
		[       28:       32)   0 (  0.0%) |
		[       32:       36)   0 (  0.0%) |
		[       36:       40)   0 (  0.0%) |

Type: LAB
	Input Pin Usage:
		Max: 57.00 (0.63)
		Avg: 45.92 (0.50)
		Min: 3.00 (0.03)
		Histogram:
		[        0:      9.1)   9 (  4.3%) |***
		[      9.1:       18)   3 (  1.4%) |*
		[       18:       27)   1 (  0.5%) |
		[       27:       36)   9 (  4.3%) |***
		[       36:       46)  26 ( 12.3%) |********
		[       46:       55) 156 ( 73.9%) |***********************************************
		[       55:       64)   7 (  3.3%) |**
		[       64:       73)   0 (  0.0%) |
		[       73:       82)   0 (  0.0%) |
		[       82:       91)   0 (  0.0%) |
	Output Pin Usage:
		Max: 20.00 (0.48)
		Avg: 5.58 (0.13)
		Min: 1.00 (0.02)
		Histogram:
		[        0:      4.2) 99 ( 46.9%) |************************************************
		[      4.2:      8.4) 67 ( 31.8%) |********************************
		[      8.4:       13) 21 ( 10.0%) |**********
		[       13:       17) 15 (  7.1%) |*******
		[       17:       21)  9 (  4.3%) |****
		[       21:       25)  0 (  0.0%) |
		[       25:       29)  0 (  0.0%) |
		[       29:       34)  0 (  0.0%) |
		[       34:       38)  0 (  0.0%) |
		[       38:       42)  0 (  0.0%) |

