#Timing report of worst 22 path(s)
# Unit scale: 1e-09 seconds
# Output precision: 3

#Path 1
Startpoint: pi22.inpad[0] (.input clocked by virtual_io_clock)
Endpoint  : out:po21.outpad[0] (.output clocked by virtual_io_clock)
Path Type : setup

Point                                                             Incr      Path
--------------------------------------------------------------------------------
clock virtual_io_clock (rise edge)                               0.000     0.000
clock source latency                                             0.000     0.000
input external delay                                             0.000     0.000
pi22.inpad[0] (.input)                                           0.000     0.000
new_n91.in[0] (.names)                                           1.014     1.014
new_n91.out[0] (.names)                                          0.261     1.275
new_n194.in[0] (.names)                                          1.014     2.289
new_n194.out[0] (.names)                                         0.261     2.550
new_n193.in[5] (.names)                                          1.014     3.563
new_n193.out[0] (.names)                                         0.261     3.824
new_n192.in[4] (.names)                                          1.014     4.838
new_n192.out[0] (.names)                                         0.261     5.099
new_n191.in[4] (.names)                                          1.014     6.113
new_n191.out[0] (.names)                                         0.261     6.374
new_n190.in[1] (.names)                                          1.014     7.388
new_n190.out[0] (.names)                                         0.261     7.649
po18.in[0] (.names)                                              1.014     8.663
po18.out[0] (.names)                                             0.261     8.924
po21.in[0] (.names)                                              1.014     9.938
po21.out[0] (.names)                                             0.261    10.199
out:po21.outpad[0] (.output)                                     1.014    11.212
data arrival time                                                         11.212

clock virtual_io_clock (rise edge)                               0.000     0.000
clock source latency                                             0.000     0.000
clock uncertainty                                                0.000     0.000
output external delay                                            0.000     0.000
data required time                                                         0.000
--------------------------------------------------------------------------------
data required time                                                         0.000
data arrival time                                                        -11.212
--------------------------------------------------------------------------------
slack (VIOLATED)                                                         -11.212


#Path 2
Startpoint: pi22.inpad[0] (.input clocked by virtual_io_clock)
Endpoint  : out:po02.outpad[0] (.output clocked by virtual_io_clock)
Path Type : setup

Point                                                             Incr      Path
--------------------------------------------------------------------------------
clock virtual_io_clock (rise edge)                               0.000     0.000
clock source latency                                             0.000     0.000
input external delay                                             0.000     0.000
pi22.inpad[0] (.input)                                           0.000     0.000
new_n90.in[0] (.names)                                           1.014     1.014
new_n90.out[0] (.names)                                          0.261     1.275
new_n89.in[0] (.names)                                           1.014     2.289
new_n89.out[0] (.names)                                          0.261     2.550
new_n267.in[5] (.names)                                          1.014     3.563
new_n267.out[0] (.names)                                         0.261     3.824
new_n266.in[4] (.names)                                          1.014     4.838
new_n266.out[0] (.names)                                         0.261     5.099
new_n265.in[4] (.names)                                          1.014     6.113
new_n265.out[0] (.names)                                         0.261     6.374
new_n264.in[2] (.names)                                          1.014     7.388
new_n264.out[0] (.names)                                         0.261     7.649
new_n290.in[1] (.names)                                          1.014     8.663
new_n290.out[0] (.names)                                         0.261     8.924
po02.in[0] (.names)                                              1.014     9.938
po02.out[0] (.names)                                             0.261    10.199
out:po02.outpad[0] (.output)                                     1.014    11.212
data arrival time                                                         11.212

clock virtual_io_clock (rise edge)                               0.000     0.000
clock source latency                                             0.000     0.000
clock uncertainty                                                0.000     0.000
output external delay                                            0.000     0.000
data required time                                                         0.000
--------------------------------------------------------------------------------
data required time                                                         0.000
data arrival time                                                        -11.212
--------------------------------------------------------------------------------
slack (VIOLATED)                                                         -11.212


#Path 3
Startpoint: pi04.inpad[0] (.input clocked by virtual_io_clock)
Endpoint  : out:po01.outpad[0] (.output clocked by virtual_io_clock)
Path Type : setup

Point                                                             Incr      Path
--------------------------------------------------------------------------------
clock virtual_io_clock (rise edge)                               0.000     0.000
clock source latency                                             0.000     0.000
input external delay                                             0.000     0.000
pi04.inpad[0] (.input)                                           0.000     0.000
new_n125.in[0] (.names)                                          1.014     1.014
new_n125.out[0] (.names)                                         0.261     1.275
new_n124.in[0] (.names)                                          1.014     2.289
new_n124.out[0] (.names)                                         0.261     2.550
new_n131.in[2] (.names)                                          1.014     3.563
new_n131.out[0] (.names)                                         0.261     3.824
new_n136.in[0] (.names)                                          1.014     4.838
new_n136.out[0] (.names)                                         0.261     5.099
new_n135.in[0] (.names)                                          1.014     6.113
new_n135.out[0] (.names)                                         0.261     6.374
po15.in[0] (.names)                                              1.014     7.388
po15.out[0] (.names)                                             0.261     7.649
new_n75.in[0] (.names)                                           1.014     8.663
new_n75.out[0] (.names)                                          0.261     8.924
po01.in[0] (.names)                                              1.014     9.938
po01.out[0] (.names)                                             0.261    10.199
out:po01.outpad[0] (.output)                                     1.014    11.212
data arrival time                                                         11.212

clock virtual_io_clock (rise edge)                               0.000     0.000
clock source latency                                             0.000     0.000
clock uncertainty                                                0.000     0.000
output external delay                                            0.000     0.000
data required time                                                         0.000
--------------------------------------------------------------------------------
data required time                                                         0.000
data arrival time                                                        -11.212
--------------------------------------------------------------------------------
slack (VIOLATED)                                                         -11.212


#Path 4
Startpoint: pi22.inpad[0] (.input clocked by virtual_io_clock)
Endpoint  : out:po00.outpad[0] (.output clocked by virtual_io_clock)
Path Type : setup

Point                                                             Incr      Path
--------------------------------------------------------------------------------
clock virtual_io_clock (rise edge)                               0.000     0.000
clock source latency                                             0.000     0.000
input external delay                                             0.000     0.000
pi22.inpad[0] (.input)                                           0.000     0.000
new_n91.in[0] (.names)                                           1.014     1.014
new_n91.out[0] (.names)                                          0.261     1.275
new_n194.in[0] (.names)                                          1.014     2.289
new_n194.out[0] (.names)                                         0.261     2.550
new_n193.in[5] (.names)                                          1.014     3.563
new_n193.out[0] (.names)                                         0.261     3.824
new_n192.in[4] (.names)                                          1.014     4.838
new_n192.out[0] (.names)                                         0.261     5.099
new_n191.in[4] (.names)                                          1.014     6.113
new_n191.out[0] (.names)                                         0.261     6.374
new_n190.in[1] (.names)                                          1.014     7.388
new_n190.out[0] (.names)                                         0.261     7.649
po18.in[0] (.names)                                              1.014     8.663
po18.out[0] (.names)                                             0.261     8.924
po00.in[1] (.names)                                              1.014     9.938
po00.out[0] (.names)                                             0.261    10.199
out:po00.outpad[0] (.output)                                     1.014    11.212
data arrival time                                                         11.212

clock virtual_io_clock (rise edge)                               0.000     0.000
clock source latency                                             0.000     0.000
clock uncertainty                                                0.000     0.000
output external delay                                            0.000     0.000
data required time                                                         0.000
--------------------------------------------------------------------------------
data required time                                                         0.000
data arrival time                                                        -11.212
--------------------------------------------------------------------------------
slack (VIOLATED)                                                         -11.212


#Path 5
Startpoint: pi02.inpad[0] (.input clocked by virtual_io_clock)
Endpoint  : out:po14.outpad[0] (.output clocked by virtual_io_clock)
Path Type : setup

Point                                                             Incr      Path
--------------------------------------------------------------------------------
clock virtual_io_clock (rise edge)                               0.000     0.000
clock source latency                                             0.000     0.000
input external delay                                             0.000     0.000
pi02.inpad[0] (.input)                                           0.000     0.000
new_n84.in[0] (.names)                                           1.014     1.014
new_n84.out[0] (.names)                                          0.261     1.275
new_n82.in[1] (.names)                                           1.014     2.289
new_n82.out[0] (.names)                                          0.261     2.550
new_n79.in[4] (.names)                                           1.014     3.563
new_n79.out[0] (.names)                                          0.261     3.824
new_n137.in[2] (.names)                                          1.014     4.838
new_n137.out[0] (.names)                                         0.261     5.099
new_n256.in[0] (.names)                                          1.014     6.113
new_n256.out[0] (.names)                                         0.261     6.374
new_n306.in[0] (.names)                                          1.014     7.388
new_n306.out[0] (.names)                                         0.261     7.649
po14.in[2] (.names)                                              1.014     8.663
po14.out[0] (.names)                                             0.261     8.924
out:po14.outpad[0] (.output)                                     1.014     9.938
data arrival time                                                          9.938

clock virtual_io_clock (rise edge)                               0.000     0.000
clock source latency                                             0.000     0.000
clock uncertainty                                                0.000     0.000
output external delay                                            0.000     0.000
data required time                                                         0.000
--------------------------------------------------------------------------------
data required time                                                         0.000
data arrival time                                                         -9.938
--------------------------------------------------------------------------------
slack (VIOLATED)                                                          -9.938


#Path 6
Startpoint: pi22.inpad[0] (.input clocked by virtual_io_clock)
Endpoint  : out:po20.outpad[0] (.output clocked by virtual_io_clock)
Path Type : setup

Point                                                             Incr      Path
--------------------------------------------------------------------------------
clock virtual_io_clock (rise edge)                               0.000     0.000
clock source latency                                             0.000     0.000
input external delay                                             0.000     0.000
pi22.inpad[0] (.input)                                           0.000     0.000
new_n90.in[0] (.names)                                           1.014     1.014
new_n90.out[0] (.names)                                          0.261     1.275
new_n89.in[0] (.names)                                           1.014     2.289
new_n89.out[0] (.names)                                          0.261     2.550
new_n267.in[5] (.names)                                          1.014     3.563
new_n267.out[0] (.names)                                         0.261     3.824
new_n266.in[4] (.names)                                          1.014     4.838
new_n266.out[0] (.names)                                         0.261     5.099
new_n265.in[4] (.names)                                          1.014     6.113
new_n265.out[0] (.names)                                         0.261     6.374
new_n264.in[2] (.names)                                          1.014     7.388
new_n264.out[0] (.names)                                         0.261     7.649
po20.in[0] (.names)                                              1.014     8.663
po20.out[0] (.names)                                             0.261     8.924
out:po20.outpad[0] (.output)                                     1.014     9.938
data arrival time                                                          9.938

clock virtual_io_clock (rise edge)                               0.000     0.000
clock source latency                                             0.000     0.000
clock uncertainty                                                0.000     0.000
output external delay                                            0.000     0.000
data required time                                                         0.000
--------------------------------------------------------------------------------
data required time                                                         0.000
data arrival time                                                         -9.938
--------------------------------------------------------------------------------
slack (VIOLATED)                                                          -9.938


#Path 7
Startpoint: pi02.inpad[0] (.input clocked by virtual_io_clock)
Endpoint  : out:po19.outpad[0] (.output clocked by virtual_io_clock)
Path Type : setup

Point                                                             Incr      Path
--------------------------------------------------------------------------------
clock virtual_io_clock (rise edge)                               0.000     0.000
clock source latency                                             0.000     0.000
input external delay                                             0.000     0.000
pi02.inpad[0] (.input)                                           0.000     0.000
new_n84.in[0] (.names)                                           1.014     1.014
new_n84.out[0] (.names)                                          0.261     1.275
new_n113.in[2] (.names)                                          1.014     2.289
new_n113.out[0] (.names)                                         0.261     2.550
new_n110.in[4] (.names)                                          1.014     3.563
new_n110.out[0] (.names)                                         0.261     3.824
new_n138.in[0] (.names)                                          1.014     4.838
new_n138.out[0] (.names)                                         0.261     5.099
new_n211.in[0] (.names)                                          1.014     6.113
new_n211.out[0] (.names)                                         0.261     6.374
new_n262.in[0] (.names)                                          1.014     7.388
new_n262.out[0] (.names)                                         0.261     7.649
po19.in[0] (.names)                                              1.014     8.663
po19.out[0] (.names)                                             0.261     8.924
out:po19.outpad[0] (.output)                                     1.014     9.938
data arrival time                                                          9.938

clock virtual_io_clock (rise edge)                               0.000     0.000
clock source latency                                             0.000     0.000
clock uncertainty                                                0.000     0.000
output external delay                                            0.000     0.000
data required time                                                         0.000
--------------------------------------------------------------------------------
data required time                                                         0.000
data arrival time                                                         -9.938
--------------------------------------------------------------------------------
slack (VIOLATED)                                                          -9.938


#Path 8
Startpoint: pi22.inpad[0] (.input clocked by virtual_io_clock)
Endpoint  : out:po18.outpad[0] (.output clocked by virtual_io_clock)
Path Type : setup

Point                                                             Incr      Path
--------------------------------------------------------------------------------
clock virtual_io_clock (rise edge)                               0.000     0.000
clock source latency                                             0.000     0.000
input external delay                                             0.000     0.000
pi22.inpad[0] (.input)                                           0.000     0.000
new_n91.in[0] (.names)                                           1.014     1.014
new_n91.out[0] (.names)                                          0.261     1.275
new_n194.in[0] (.names)                                          1.014     2.289
new_n194.out[0] (.names)                                         0.261     2.550
new_n193.in[5] (.names)                                          1.014     3.563
new_n193.out[0] (.names)                                         0.261     3.824
new_n192.in[4] (.names)                                          1.014     4.838
new_n192.out[0] (.names)                                         0.261     5.099
new_n191.in[4] (.names)                                          1.014     6.113
new_n191.out[0] (.names)                                         0.261     6.374
new_n190.in[1] (.names)                                          1.014     7.388
new_n190.out[0] (.names)                                         0.261     7.649
po18.in[0] (.names)                                              1.014     8.663
po18.out[0] (.names)                                             0.261     8.924
out:po18.outpad[0] (.output)                                     1.014     9.938
data arrival time                                                          9.938

clock virtual_io_clock (rise edge)                               0.000     0.000
clock source latency                                             0.000     0.000
clock uncertainty                                                0.000     0.000
output external delay                                            0.000     0.000
data required time                                                         0.000
--------------------------------------------------------------------------------
data required time                                                         0.000
data arrival time                                                         -9.938
--------------------------------------------------------------------------------
slack (VIOLATED)                                                          -9.938


#Path 9
Startpoint: pi04.inpad[0] (.input clocked by virtual_io_clock)
Endpoint  : out:po15.outpad[0] (.output clocked by virtual_io_clock)
Path Type : setup

Point                                                             Incr      Path
--------------------------------------------------------------------------------
clock virtual_io_clock (rise edge)                               0.000     0.000
clock source latency                                             0.000     0.000
input external delay                                             0.000     0.000
pi04.inpad[0] (.input)                                           0.000     0.000
new_n125.in[0] (.names)                                          1.014     1.014
new_n125.out[0] (.names)                                         0.261     1.275
new_n124.in[0] (.names)                                          1.014     2.289
new_n124.out[0] (.names)                                         0.261     2.550
new_n131.in[2] (.names)                                          1.014     3.563
new_n131.out[0] (.names)                                         0.261     3.824
new_n136.in[0] (.names)                                          1.014     4.838
new_n136.out[0] (.names)                                         0.261     5.099
new_n135.in[0] (.names)                                          1.014     6.113
new_n135.out[0] (.names)                                         0.261     6.374
po15.in[0] (.names)                                              1.014     7.388
po15.out[0] (.names)                                             0.261     7.649
out:po15.outpad[0] (.output)                                     1.014     8.663
data arrival time                                                          8.663

clock virtual_io_clock (rise edge)                               0.000     0.000
clock source latency                                             0.000     0.000
clock uncertainty                                                0.000     0.000
output external delay                                            0.000     0.000
data required time                                                         0.000
--------------------------------------------------------------------------------
data required time                                                         0.000
data arrival time                                                         -8.663
--------------------------------------------------------------------------------
slack (VIOLATED)                                                          -8.663


#Path 10
Startpoint: pi22.inpad[0] (.input clocked by virtual_io_clock)
Endpoint  : out:po13.outpad[0] (.output clocked by virtual_io_clock)
Path Type : setup

Point                                                             Incr      Path
--------------------------------------------------------------------------------
clock virtual_io_clock (rise edge)                               0.000     0.000
clock source latency                                             0.000     0.000
input external delay                                             0.000     0.000
pi22.inpad[0] (.input)                                           0.000     0.000
new_n90.in[0] (.names)                                           1.014     1.014
new_n90.out[0] (.names)                                          0.261     1.275
new_n150.in[0] (.names)                                          1.014     2.289
new_n150.out[0] (.names)                                         0.261     2.550
new_n282.in[2] (.names)                                          1.014     3.563
new_n282.out[0] (.names)                                         0.261     3.824
new_n277.in[0] (.names)                                          1.014     4.838
new_n277.out[0] (.names)                                         0.261     5.099
new_n276.in[1] (.names)                                          1.014     6.113
new_n276.out[0] (.names)                                         0.261     6.374
po13.in[0] (.names)                                              1.014     7.388
po13.out[0] (.names)                                             0.261     7.649
out:po13.outpad[0] (.output)                                     1.014     8.663
data arrival time                                                          8.663

clock virtual_io_clock (rise edge)                               0.000     0.000
clock source latency                                             0.000     0.000
clock uncertainty                                                0.000     0.000
output external delay                                            0.000     0.000
data required time                                                         0.000
--------------------------------------------------------------------------------
data required time                                                         0.000
data arrival time                                                         -8.663
--------------------------------------------------------------------------------
slack (VIOLATED)                                                          -8.663


#Path 11
Startpoint: pi02.inpad[0] (.input clocked by virtual_io_clock)
Endpoint  : out:po17.outpad[0] (.output clocked by virtual_io_clock)
Path Type : setup

Point                                                             Incr      Path
--------------------------------------------------------------------------------
clock virtual_io_clock (rise edge)                               0.000     0.000
clock source latency                                             0.000     0.000
input external delay                                             0.000     0.000
pi02.inpad[0] (.input)                                           0.000     0.000
new_n84.in[0] (.names)                                           1.014     1.014
new_n84.out[0] (.names)                                          0.261     1.275
new_n113.in[2] (.names)                                          1.014     2.289
new_n113.out[0] (.names)                                         0.261     2.550
new_n110.in[4] (.names)                                          1.014     3.563
new_n110.out[0] (.names)                                         0.261     3.824
new_n109.in[2] (.names)                                          1.014     4.838
new_n109.out[0] (.names)                                         0.261     5.099
new_n147.in[1] (.names)                                          1.014     6.113
new_n147.out[0] (.names)                                         0.261     6.374
po17.in[0] (.names)                                              1.014     7.388
po17.out[0] (.names)                                             0.261     7.649
out:po17.outpad[0] (.output)                                     1.014     8.663
data arrival time                                                          8.663

clock virtual_io_clock (rise edge)                               0.000     0.000
clock source latency                                             0.000     0.000
clock uncertainty                                                0.000     0.000
output external delay                                            0.000     0.000
data required time                                                         0.000
--------------------------------------------------------------------------------
data required time                                                         0.000
data arrival time                                                         -8.663
--------------------------------------------------------------------------------
slack (VIOLATED)                                                          -8.663


#Path 12
Startpoint: pi04.inpad[0] (.input clocked by virtual_io_clock)
Endpoint  : out:po11.outpad[0] (.output clocked by virtual_io_clock)
Path Type : setup

Point                                                             Incr      Path
--------------------------------------------------------------------------------
clock virtual_io_clock (rise edge)                               0.000     0.000
clock source latency                                             0.000     0.000
input external delay                                             0.000     0.000
pi04.inpad[0] (.input)                                           0.000     0.000
new_n125.in[0] (.names)                                          1.014     1.014
new_n125.out[0] (.names)                                         0.261     1.275
new_n124.in[0] (.names)                                          1.014     2.289
new_n124.out[0] (.names)                                         0.261     2.550
new_n131.in[2] (.names)                                          1.014     3.563
new_n131.out[0] (.names)                                         0.261     3.824
new_n136.in[0] (.names)                                          1.014     4.838
new_n136.out[0] (.names)                                         0.261     5.099
new_n135.in[0] (.names)                                          1.014     6.113
new_n135.out[0] (.names)                                         0.261     6.374
po11.in[2] (.names)                                              1.014     7.388
po11.out[0] (.names)                                             0.261     7.649
out:po11.outpad[0] (.output)                                     1.014     8.663
data arrival time                                                          8.663

clock virtual_io_clock (rise edge)                               0.000     0.000
clock source latency                                             0.000     0.000
clock uncertainty                                                0.000     0.000
output external delay                                            0.000     0.000
data required time                                                         0.000
--------------------------------------------------------------------------------
data required time                                                         0.000
data arrival time                                                         -8.663
--------------------------------------------------------------------------------
slack (VIOLATED)                                                          -8.663


#Path 13
Startpoint: pi22.inpad[0] (.input clocked by virtual_io_clock)
Endpoint  : out:po16.outpad[0] (.output clocked by virtual_io_clock)
Path Type : setup

Point                                                             Incr      Path
--------------------------------------------------------------------------------
clock virtual_io_clock (rise edge)                               0.000     0.000
clock source latency                                             0.000     0.000
input external delay                                             0.000     0.000
pi22.inpad[0] (.input)                                           0.000     0.000
new_n92.in[0] (.names)                                           1.014     1.014
new_n92.out[0] (.names)                                          0.261     1.275
new_n164.in[0] (.names)                                          1.014     2.289
new_n164.out[0] (.names)                                         0.261     2.550
new_n163.in[4] (.names)                                          1.014     3.563
new_n163.out[0] (.names)                                         0.261     3.824
new_n162.in[3] (.names)                                          1.014     4.838
new_n162.out[0] (.names)                                         0.261     5.099
new_n161.in[1] (.names)                                          1.014     6.113
new_n161.out[0] (.names)                                         0.261     6.374
po16.in[0] (.names)                                              1.014     7.388
po16.out[0] (.names)                                             0.261     7.649
out:po16.outpad[0] (.output)                                     1.014     8.663
data arrival time                                                          8.663

clock virtual_io_clock (rise edge)                               0.000     0.000
clock source latency                                             0.000     0.000
clock uncertainty                                                0.000     0.000
output external delay                                            0.000     0.000
data required time                                                         0.000
--------------------------------------------------------------------------------
data required time                                                         0.000
data arrival time                                                         -8.663
--------------------------------------------------------------------------------
slack (VIOLATED)                                                          -8.663


#Path 14
Startpoint: pi04.inpad[0] (.input clocked by virtual_io_clock)
Endpoint  : out:po12.outpad[0] (.output clocked by virtual_io_clock)
Path Type : setup

Point                                                             Incr      Path
--------------------------------------------------------------------------------
clock virtual_io_clock (rise edge)                               0.000     0.000
clock source latency                                             0.000     0.000
input external delay                                             0.000     0.000
pi04.inpad[0] (.input)                                           0.000     0.000
new_n125.in[0] (.names)                                          1.014     1.014
new_n125.out[0] (.names)                                         0.261     1.275
new_n124.in[0] (.names)                                          1.014     2.289
new_n124.out[0] (.names)                                         0.261     2.550
new_n123.in[0] (.names)                                          1.014     3.563
new_n123.out[0] (.names)                                         0.261     3.824
new_n176.in[0] (.names)                                          1.014     4.838
new_n176.out[0] (.names)                                         0.261     5.099
new_n184.in[0] (.names)                                          1.014     6.113
new_n184.out[0] (.names)                                         0.261     6.374
po12.in[2] (.names)                                              1.014     7.388
po12.out[0] (.names)                                             0.261     7.649
out:po12.outpad[0] (.output)                                     1.014     8.663
data arrival time                                                          8.663

clock virtual_io_clock (rise edge)                               0.000     0.000
clock source latency                                             0.000     0.000
clock uncertainty                                                0.000     0.000
output external delay                                            0.000     0.000
data required time                                                         0.000
--------------------------------------------------------------------------------
data required time                                                         0.000
data arrival time                                                         -8.663
--------------------------------------------------------------------------------
slack (VIOLATED)                                                          -8.663


#Path 15
Startpoint: pi02.inpad[0] (.input clocked by virtual_io_clock)
Endpoint  : out:po09.outpad[0] (.output clocked by virtual_io_clock)
Path Type : setup

Point                                                             Incr      Path
--------------------------------------------------------------------------------
clock virtual_io_clock (rise edge)                               0.000     0.000
clock source latency                                             0.000     0.000
input external delay                                             0.000     0.000
pi02.inpad[0] (.input)                                           0.000     0.000
new_n84.in[0] (.names)                                           1.014     1.014
new_n84.out[0] (.names)                                          0.261     1.275
new_n82.in[1] (.names)                                           1.014     2.289
new_n82.out[0] (.names)                                          0.261     2.550
new_n79.in[4] (.names)                                           1.014     3.563
new_n79.out[0] (.names)                                          0.261     3.824
new_n137.in[2] (.names)                                          1.014     4.838
new_n137.out[0] (.names)                                         0.261     5.099
po09.in[0] (.names)                                              1.014     6.113
po09.out[0] (.names)                                             0.261     6.374
out:po09.outpad[0] (.output)                                     1.014     7.388
data arrival time                                                          7.388

clock virtual_io_clock (rise edge)                               0.000     0.000
clock source latency                                             0.000     0.000
clock uncertainty                                                0.000     0.000
output external delay                                            0.000     0.000
data required time                                                         0.000
--------------------------------------------------------------------------------
data required time                                                         0.000
data arrival time                                                         -7.388
--------------------------------------------------------------------------------
slack (VIOLATED)                                                          -7.388


#Path 16
Startpoint: pi02.inpad[0] (.input clocked by virtual_io_clock)
Endpoint  : out:po08.outpad[0] (.output clocked by virtual_io_clock)
Path Type : setup

Point                                                             Incr      Path
--------------------------------------------------------------------------------
clock virtual_io_clock (rise edge)                               0.000     0.000
clock source latency                                             0.000     0.000
input external delay                                             0.000     0.000
pi02.inpad[0] (.input)                                           0.000     0.000
new_n84.in[0] (.names)                                           1.014     1.014
new_n84.out[0] (.names)                                          0.261     1.275
new_n204.in[1] (.names)                                          1.014     2.289
new_n204.out[0] (.names)                                         0.261     2.550
new_n201.in[4] (.names)                                          1.014     3.563
new_n201.out[0] (.names)                                         0.261     3.824
new_n236.in[0] (.names)                                          1.014     4.838
new_n236.out[0] (.names)                                         0.261     5.099
po08.in[0] (.names)                                              1.014     6.113
po08.out[0] (.names)                                             0.261     6.374
out:po08.outpad[0] (.output)                                     1.014     7.388
data arrival time                                                          7.388

clock virtual_io_clock (rise edge)                               0.000     0.000
clock source latency                                             0.000     0.000
clock uncertainty                                                0.000     0.000
output external delay                                            0.000     0.000
data required time                                                         0.000
--------------------------------------------------------------------------------
data required time                                                         0.000
data arrival time                                                         -7.388
--------------------------------------------------------------------------------
slack (VIOLATED)                                                          -7.388


#Path 17
Startpoint: pi04.inpad[0] (.input clocked by virtual_io_clock)
Endpoint  : out:po10.outpad[0] (.output clocked by virtual_io_clock)
Path Type : setup

Point                                                             Incr      Path
--------------------------------------------------------------------------------
clock virtual_io_clock (rise edge)                               0.000     0.000
clock source latency                                             0.000     0.000
input external delay                                             0.000     0.000
pi04.inpad[0] (.input)                                           0.000     0.000
new_n125.in[0] (.names)                                          1.014     1.014
new_n125.out[0] (.names)                                         0.261     1.275
new_n124.in[0] (.names)                                          1.014     2.289
new_n124.out[0] (.names)                                         0.261     2.550
new_n131.in[2] (.names)                                          1.014     3.563
new_n131.out[0] (.names)                                         0.261     3.824
new_n141.in[0] (.names)                                          1.014     4.838
new_n141.out[0] (.names)                                         0.261     5.099
po10.in[0] (.names)                                              1.014     6.113
po10.out[0] (.names)                                             0.261     6.374
out:po10.outpad[0] (.output)                                     1.014     7.388
data arrival time                                                          7.388

clock virtual_io_clock (rise edge)                               0.000     0.000
clock source latency                                             0.000     0.000
clock uncertainty                                                0.000     0.000
output external delay                                            0.000     0.000
data required time                                                         0.000
--------------------------------------------------------------------------------
data required time                                                         0.000
data arrival time                                                         -7.388
--------------------------------------------------------------------------------
slack (VIOLATED)                                                          -7.388


#Path 18
Startpoint: pi13.inpad[0] (.input clocked by virtual_io_clock)
Endpoint  : out:po05.outpad[0] (.output clocked by virtual_io_clock)
Path Type : setup

Point                                                             Incr      Path
--------------------------------------------------------------------------------
clock virtual_io_clock (rise edge)                               0.000     0.000
clock source latency                                             0.000     0.000
input external delay                                             0.000     0.000
pi13.inpad[0] (.input)                                           0.000     0.000
new_n296.in[0] (.names)                                          1.014     1.014
new_n296.out[0] (.names)                                         0.261     1.275
new_n295.in[4] (.names)                                          1.014     2.289
new_n295.out[0] (.names)                                         0.261     2.550
new_n294.in[4] (.names)                                          1.014     3.563
new_n294.out[0] (.names)                                         0.261     3.824
po05.in[2] (.names)                                              1.014     4.838
po05.out[0] (.names)                                             0.261     5.099
out:po05.outpad[0] (.output)                                     1.014     6.113
data arrival time                                                          6.113

clock virtual_io_clock (rise edge)                               0.000     0.000
clock source latency                                             0.000     0.000
clock uncertainty                                                0.000     0.000
output external delay                                            0.000     0.000
data required time                                                         0.000
--------------------------------------------------------------------------------
data required time                                                         0.000
data arrival time                                                         -6.113
--------------------------------------------------------------------------------
slack (VIOLATED)                                                          -6.113


#Path 19
Startpoint: pi16.inpad[0] (.input clocked by virtual_io_clock)
Endpoint  : out:po06.outpad[0] (.output clocked by virtual_io_clock)
Path Type : setup

Point                                                             Incr      Path
--------------------------------------------------------------------------------
clock virtual_io_clock (rise edge)                               0.000     0.000
clock source latency                                             0.000     0.000
input external delay                                             0.000     0.000
pi16.inpad[0] (.input)                                           0.000     0.000
new_n173.in[0] (.names)                                          1.014     1.014
new_n173.out[0] (.names)                                         0.261     1.275
po06.in[0] (.names)                                              1.014     2.289
po06.out[0] (.names)                                             0.261     2.550
out:po06.outpad[0] (.output)                                     1.014     3.563
data arrival time                                                          3.563

clock virtual_io_clock (rise edge)                               0.000     0.000
clock source latency                                             0.000     0.000
clock uncertainty                                                0.000     0.000
output external delay                                            0.000     0.000
data required time                                                         0.000
--------------------------------------------------------------------------------
data required time                                                         0.000
data arrival time                                                         -3.563
--------------------------------------------------------------------------------
slack (VIOLATED)                                                          -3.563


#Path 20
Startpoint: pi12.inpad[0] (.input clocked by virtual_io_clock)
Endpoint  : out:po07.outpad[0] (.output clocked by virtual_io_clock)
Path Type : setup

Point                                                             Incr      Path
--------------------------------------------------------------------------------
clock virtual_io_clock (rise edge)                               0.000     0.000
clock source latency                                             0.000     0.000
input external delay                                             0.000     0.000
pi12.inpad[0] (.input)                                           0.000     0.000
new_n187.in[0] (.names)                                          1.014     1.014
new_n187.out[0] (.names)                                         0.261     1.275
po07.in[0] (.names)                                              1.014     2.289
po07.out[0] (.names)                                             0.261     2.550
out:po07.outpad[0] (.output)                                     1.014     3.563
data arrival time                                                          3.563

clock virtual_io_clock (rise edge)                               0.000     0.000
clock source latency                                             0.000     0.000
clock uncertainty                                                0.000     0.000
output external delay                                            0.000     0.000
data required time                                                         0.000
--------------------------------------------------------------------------------
data required time                                                         0.000
data arrival time                                                         -3.563
--------------------------------------------------------------------------------
slack (VIOLATED)                                                          -3.563


#Path 21
Startpoint: pi13.inpad[0] (.input clocked by virtual_io_clock)
Endpoint  : out:po04.outpad[0] (.output clocked by virtual_io_clock)
Path Type : setup

Point                                                             Incr      Path
--------------------------------------------------------------------------------
clock virtual_io_clock (rise edge)                               0.000     0.000
clock source latency                                             0.000     0.000
input external delay                                             0.000     0.000
pi13.inpad[0] (.input)                                           0.000     0.000
po04.in[0] (.names)                                              1.014     1.014
po04.out[0] (.names)                                             0.261     1.275
out:po04.outpad[0] (.output)                                     1.014     2.289
data arrival time                                                          2.289

clock virtual_io_clock (rise edge)                               0.000     0.000
clock source latency                                             0.000     0.000
clock uncertainty                                                0.000     0.000
output external delay                                            0.000     0.000
data required time                                                         0.000
--------------------------------------------------------------------------------
data required time                                                         0.000
data arrival time                                                         -2.289
--------------------------------------------------------------------------------
slack (VIOLATED)                                                          -2.289


#Path 22
Startpoint: pi12.inpad[0] (.input clocked by virtual_io_clock)
Endpoint  : out:po03.outpad[0] (.output clocked by virtual_io_clock)
Path Type : setup

Point                                                             Incr      Path
--------------------------------------------------------------------------------
clock virtual_io_clock (rise edge)                               0.000     0.000
clock source latency                                             0.000     0.000
input external delay                                             0.000     0.000
pi12.inpad[0] (.input)                                           0.000     0.000
po03.in[0] (.names)                                              1.014     1.014
po03.out[0] (.names)                                             0.261     1.275
out:po03.outpad[0] (.output)                                     1.014     2.289
data arrival time                                                          2.289

clock virtual_io_clock (rise edge)                               0.000     0.000
clock source latency                                             0.000     0.000
clock uncertainty                                                0.000     0.000
output external delay                                            0.000     0.000
data required time                                                         0.000
--------------------------------------------------------------------------------
data required time                                                         0.000
data arrival time                                                         -2.289
--------------------------------------------------------------------------------
slack (VIOLATED)                                                          -2.289


#End of timing report
