#Timing report of worst 22 path(s)
# Unit scale: 1e-09 seconds
# Output precision: 3

#Path 1
Startpoint: pi01.inpad[0] (.input clocked by virtual_io_clock)
Endpoint  : out:po05.outpad[0] (.output clocked by virtual_io_clock)
Path Type : hold

Point                                                             Incr      Path
--------------------------------------------------------------------------------
clock virtual_io_clock (rise edge)                               0.000     0.000
clock source latency                                             0.000     0.000
input external delay                                             0.000     0.000
pi01.inpad[0] (.input)                                           0.000     0.000
po05.in[4] (.names)                                              1.693     1.693
po05.out[0] (.names)                                             0.193     1.886
out:po05.outpad[0] (.output)                                     3.420     5.306
data arrival time                                                          5.306

clock virtual_io_clock (rise edge)                               0.000     0.000
clock source latency                                             0.000     0.000
clock uncertainty                                                0.000     0.000
output external delay                                            0.000     0.000
data required time                                                         0.000
--------------------------------------------------------------------------------
data required time                                                        -0.000
data arrival time                                                          5.306
--------------------------------------------------------------------------------
slack (MET)                                                                5.306


#Path 2
Startpoint: pi03.inpad[0] (.input clocked by virtual_io_clock)
Endpoint  : out:po14.outpad[0] (.output clocked by virtual_io_clock)
Path Type : hold

Point                                                             Incr      Path
--------------------------------------------------------------------------------
clock virtual_io_clock (rise edge)                               0.000     0.000
clock source latency                                             0.000     0.000
input external delay                                             0.000     0.000
pi03.inpad[0] (.input)                                           0.000     0.000
po14.in[4] (.names)                                              1.792     1.792
po14.out[0] (.names)                                             0.193     1.985
out:po14.outpad[0] (.output)                                     3.334     5.319
data arrival time                                                          5.319

clock virtual_io_clock (rise edge)                               0.000     0.000
clock source latency                                             0.000     0.000
clock uncertainty                                                0.000     0.000
output external delay                                            0.000     0.000
data required time                                                         0.000
--------------------------------------------------------------------------------
data required time                                                        -0.000
data arrival time                                                          5.319
--------------------------------------------------------------------------------
slack (MET)                                                                5.319


#Path 3
Startpoint: pi08.inpad[0] (.input clocked by virtual_io_clock)
Endpoint  : out:po06.outpad[0] (.output clocked by virtual_io_clock)
Path Type : hold

Point                                                             Incr      Path
--------------------------------------------------------------------------------
clock virtual_io_clock (rise edge)                               0.000     0.000
clock source latency                                             0.000     0.000
input external delay                                             0.000     0.000
pi08.inpad[0] (.input)                                           0.000     0.000
po06.in[4] (.names)                                              1.840     1.840
po06.out[0] (.names)                                             0.193     2.033
out:po06.outpad[0] (.output)                                     3.323     5.357
data arrival time                                                          5.357

clock virtual_io_clock (rise edge)                               0.000     0.000
clock source latency                                             0.000     0.000
clock uncertainty                                                0.000     0.000
output external delay                                            0.000     0.000
data required time                                                         0.000
--------------------------------------------------------------------------------
data required time                                                        -0.000
data arrival time                                                          5.357
--------------------------------------------------------------------------------
slack (MET)                                                                5.357


#Path 4
Startpoint: pi13.inpad[0] (.input clocked by virtual_io_clock)
Endpoint  : out:po04.outpad[0] (.output clocked by virtual_io_clock)
Path Type : hold

Point                                                             Incr      Path
--------------------------------------------------------------------------------
clock virtual_io_clock (rise edge)                               0.000     0.000
clock source latency                                             0.000     0.000
input external delay                                             0.000     0.000
pi13.inpad[0] (.input)                                           0.000     0.000
po04.in[0] (.names)                                              1.805     1.805
po04.out[0] (.names)                                             0.193     1.998
out:po04.outpad[0] (.output)                                     3.398     5.396
data arrival time                                                          5.396

clock virtual_io_clock (rise edge)                               0.000     0.000
clock source latency                                             0.000     0.000
clock uncertainty                                                0.000     0.000
output external delay                                            0.000     0.000
data required time                                                         0.000
--------------------------------------------------------------------------------
data required time                                                        -0.000
data arrival time                                                          5.396
--------------------------------------------------------------------------------
slack (MET)                                                                5.396


#Path 5
Startpoint: pi03.inpad[0] (.input clocked by virtual_io_clock)
Endpoint  : out:po11.outpad[0] (.output clocked by virtual_io_clock)
Path Type : hold

Point                                                             Incr      Path
--------------------------------------------------------------------------------
clock virtual_io_clock (rise edge)                               0.000     0.000
clock source latency                                             0.000     0.000
input external delay                                             0.000     0.000
pi03.inpad[0] (.input)                                           0.000     0.000
po11.in[3] (.names)                                              1.792     1.792
po11.out[0] (.names)                                             0.193     1.985
out:po11.outpad[0] (.output)                                     3.411     5.396
data arrival time                                                          5.396

clock virtual_io_clock (rise edge)                               0.000     0.000
clock source latency                                             0.000     0.000
clock uncertainty                                                0.000     0.000
output external delay                                            0.000     0.000
data required time                                                         0.000
--------------------------------------------------------------------------------
data required time                                                        -0.000
data arrival time                                                          5.396
--------------------------------------------------------------------------------
slack (MET)                                                                5.396


#Path 6
Startpoint: pi01.inpad[0] (.input clocked by virtual_io_clock)
Endpoint  : out:po16.outpad[0] (.output clocked by virtual_io_clock)
Path Type : hold

Point                                                             Incr      Path
--------------------------------------------------------------------------------
clock virtual_io_clock (rise edge)                               0.000     0.000
clock source latency                                             0.000     0.000
input external delay                                             0.000     0.000
pi01.inpad[0] (.input)                                           0.000     0.000
new_n104.in[1] (.names)                                          1.693     1.693
new_n104.out[0] (.names)                                         0.193     1.886
po16.in[1] (.names)                                              0.064     1.950
po16.out[0] (.names)                                             0.193     2.143
out:po16.outpad[0] (.output)                                     3.298     5.440
data arrival time                                                          5.440

clock virtual_io_clock (rise edge)                               0.000     0.000
clock source latency                                             0.000     0.000
clock uncertainty                                                0.000     0.000
output external delay                                            0.000     0.000
data required time                                                         0.000
--------------------------------------------------------------------------------
data required time                                                        -0.000
data arrival time                                                          5.440
--------------------------------------------------------------------------------
slack (MET)                                                                5.440


#Path 7
Startpoint: pi04.inpad[0] (.input clocked by virtual_io_clock)
Endpoint  : out:po12.outpad[0] (.output clocked by virtual_io_clock)
Path Type : hold

Point                                                             Incr      Path
--------------------------------------------------------------------------------
clock virtual_io_clock (rise edge)                               0.000     0.000
clock source latency                                             0.000     0.000
input external delay                                             0.000     0.000
pi04.inpad[0] (.input)                                           0.000     0.000
new_n175.in[5] (.names)                                          1.693     1.693
new_n175.out[0] (.names)                                         0.193     1.886
po12.in[3] (.names)                                              0.064     1.950
po12.out[0] (.names)                                             0.193     2.143
out:po12.outpad[0] (.output)                                     3.307     5.450
data arrival time                                                          5.450

clock virtual_io_clock (rise edge)                               0.000     0.000
clock source latency                                             0.000     0.000
clock uncertainty                                                0.000     0.000
output external delay                                            0.000     0.000
data required time                                                         0.000
--------------------------------------------------------------------------------
data required time                                                        -0.000
data arrival time                                                          5.450
--------------------------------------------------------------------------------
slack (MET)                                                                5.450


#Path 8
Startpoint: pi10.inpad[0] (.input clocked by virtual_io_clock)
Endpoint  : out:po02.outpad[0] (.output clocked by virtual_io_clock)
Path Type : hold

Point                                                             Incr      Path
--------------------------------------------------------------------------------
clock virtual_io_clock (rise edge)                               0.000     0.000
clock source latency                                             0.000     0.000
input external delay                                             0.000     0.000
pi10.inpad[0] (.input)                                           0.000     0.000
po02.in[2] (.names)                                              1.807     1.807
po02.out[0] (.names)                                             0.193     2.000
out:po02.outpad[0] (.output)                                     3.453     5.452
data arrival time                                                          5.452

clock virtual_io_clock (rise edge)                               0.000     0.000
clock source latency                                             0.000     0.000
clock uncertainty                                                0.000     0.000
output external delay                                            0.000     0.000
data required time                                                         0.000
--------------------------------------------------------------------------------
data required time                                                        -0.000
data arrival time                                                          5.452
--------------------------------------------------------------------------------
slack (MET)                                                                5.452


#Path 9
Startpoint: pi29.inpad[0] (.input clocked by virtual_io_clock)
Endpoint  : out:po03.outpad[0] (.output clocked by virtual_io_clock)
Path Type : hold

Point                                                             Incr      Path
--------------------------------------------------------------------------------
clock virtual_io_clock (rise edge)                               0.000     0.000
clock source latency                                             0.000     0.000
input external delay                                             0.000     0.000
pi29.inpad[0] (.input)                                           0.000     0.000
po03.in[2] (.names)                                              1.783     1.783
po03.out[0] (.names)                                             0.193     1.976
out:po03.outpad[0] (.output)                                     3.493     5.468
data arrival time                                                          5.468

clock virtual_io_clock (rise edge)                               0.000     0.000
clock source latency                                             0.000     0.000
clock uncertainty                                                0.000     0.000
output external delay                                            0.000     0.000
data required time                                                         0.000
--------------------------------------------------------------------------------
data required time                                                        -0.000
data arrival time                                                          5.468
--------------------------------------------------------------------------------
slack (MET)                                                                5.468


#Path 10
Startpoint: pi19.inpad[0] (.input clocked by virtual_io_clock)
Endpoint  : out:po07.outpad[0] (.output clocked by virtual_io_clock)
Path Type : hold

Point                                                             Incr      Path
--------------------------------------------------------------------------------
clock virtual_io_clock (rise edge)                               0.000     0.000
clock source latency                                             0.000     0.000
input external delay                                             0.000     0.000
pi19.inpad[0] (.input)                                           0.000     0.000
po07.in[4] (.names)                                              1.809     1.809
po07.out[0] (.names)                                             0.193     2.002
out:po07.outpad[0] (.output)                                     3.534     5.536
data arrival time                                                          5.536

clock virtual_io_clock (rise edge)                               0.000     0.000
clock source latency                                             0.000     0.000
clock uncertainty                                                0.000     0.000
output external delay                                            0.000     0.000
data required time                                                         0.000
--------------------------------------------------------------------------------
data required time                                                        -0.000
data arrival time                                                          5.536
--------------------------------------------------------------------------------
slack (MET)                                                                5.536


#Path 11
Startpoint: pi37.inpad[0] (.input clocked by virtual_io_clock)
Endpoint  : out:po10.outpad[0] (.output clocked by virtual_io_clock)
Path Type : hold

Point                                                             Incr      Path
--------------------------------------------------------------------------------
clock virtual_io_clock (rise edge)                               0.000     0.000
clock source latency                                             0.000     0.000
input external delay                                             0.000     0.000
pi37.inpad[0] (.input)                                           0.000     0.000
po10.in[2] (.names)                                              1.838     1.838
po10.out[0] (.names)                                             0.193     2.031
out:po10.outpad[0] (.output)                                     3.507     5.538
data arrival time                                                          5.538

clock virtual_io_clock (rise edge)                               0.000     0.000
clock source latency                                             0.000     0.000
clock uncertainty                                                0.000     0.000
output external delay                                            0.000     0.000
data required time                                                         0.000
--------------------------------------------------------------------------------
data required time                                                        -0.000
data arrival time                                                          5.538
--------------------------------------------------------------------------------
slack (MET)                                                                5.538


#Path 12
Startpoint: pi43.inpad[0] (.input clocked by virtual_io_clock)
Endpoint  : out:po00.outpad[0] (.output clocked by virtual_io_clock)
Path Type : hold

Point                                                             Incr      Path
--------------------------------------------------------------------------------
clock virtual_io_clock (rise edge)                               0.000     0.000
clock source latency                                             0.000     0.000
input external delay                                             0.000     0.000
pi43.inpad[0] (.input)                                           0.000     0.000
po00.in[3] (.names)                                              1.975     1.975
po00.out[0] (.names)                                             0.193     2.168
out:po00.outpad[0] (.output)                                     3.383     5.552
data arrival time                                                          5.552

clock virtual_io_clock (rise edge)                               0.000     0.000
clock source latency                                             0.000     0.000
clock uncertainty                                                0.000     0.000
output external delay                                            0.000     0.000
data required time                                                         0.000
--------------------------------------------------------------------------------
data required time                                                        -0.000
data arrival time                                                          5.552
--------------------------------------------------------------------------------
slack (MET)                                                                5.552


#Path 13
Startpoint: pi09.inpad[0] (.input clocked by virtual_io_clock)
Endpoint  : out:po09.outpad[0] (.output clocked by virtual_io_clock)
Path Type : hold

Point                                                             Incr      Path
--------------------------------------------------------------------------------
clock virtual_io_clock (rise edge)                               0.000     0.000
clock source latency                                             0.000     0.000
input external delay                                             0.000     0.000
pi09.inpad[0] (.input)                                           0.000     0.000
new_n234.in[1] (.names)                                          1.810     1.810
new_n234.out[0] (.names)                                         0.193     2.003
po09.in[3] (.names)                                              0.064     2.067
po09.out[0] (.names)                                             0.193     2.260
out:po09.outpad[0] (.output)                                     3.330     5.590
data arrival time                                                          5.590

clock virtual_io_clock (rise edge)                               0.000     0.000
clock source latency                                             0.000     0.000
clock uncertainty                                                0.000     0.000
output external delay                                            0.000     0.000
data required time                                                         0.000
--------------------------------------------------------------------------------
data required time                                                        -0.000
data arrival time                                                          5.590
--------------------------------------------------------------------------------
slack (MET)                                                                5.590


#Path 14
Startpoint: pi37.inpad[0] (.input clocked by virtual_io_clock)
Endpoint  : out:po18.outpad[0] (.output clocked by virtual_io_clock)
Path Type : hold

Point                                                             Incr      Path
--------------------------------------------------------------------------------
clock virtual_io_clock (rise edge)                               0.000     0.000
clock source latency                                             0.000     0.000
input external delay                                             0.000     0.000
pi37.inpad[0] (.input)                                           0.000     0.000
new_n238.in[3] (.names)                                          1.838     1.838
new_n238.out[0] (.names)                                         0.193     2.031
po18.in[4] (.names)                                              0.064     2.095
po18.out[0] (.names)                                             0.193     2.288
out:po18.outpad[0] (.output)                                     3.311     5.599
data arrival time                                                          5.599

clock virtual_io_clock (rise edge)                               0.000     0.000
clock source latency                                             0.000     0.000
clock uncertainty                                                0.000     0.000
output external delay                                            0.000     0.000
data required time                                                         0.000
--------------------------------------------------------------------------------
data required time                                                        -0.000
data arrival time                                                          5.599
--------------------------------------------------------------------------------
slack (MET)                                                                5.599


#Path 15
Startpoint: pi37.inpad[0] (.input clocked by virtual_io_clock)
Endpoint  : out:po17.outpad[0] (.output clocked by virtual_io_clock)
Path Type : hold

Point                                                             Incr      Path
--------------------------------------------------------------------------------
clock virtual_io_clock (rise edge)                               0.000     0.000
clock source latency                                             0.000     0.000
input external delay                                             0.000     0.000
pi37.inpad[0] (.input)                                           0.000     0.000
new_n159.in[4] (.names)                                          1.838     1.838
new_n159.out[0] (.names)                                         0.193     2.031
po17.in[3] (.names)                                              0.064     2.095
po17.out[0] (.names)                                             0.193     2.288
out:po17.outpad[0] (.output)                                     3.387     5.675
data arrival time                                                          5.675

clock virtual_io_clock (rise edge)                               0.000     0.000
clock source latency                                             0.000     0.000
clock uncertainty                                                0.000     0.000
output external delay                                            0.000     0.000
data required time                                                         0.000
--------------------------------------------------------------------------------
data required time                                                        -0.000
data arrival time                                                          5.675
--------------------------------------------------------------------------------
slack (MET)                                                                5.675


#Path 16
Startpoint: pi01.inpad[0] (.input clocked by virtual_io_clock)
Endpoint  : out:po13.outpad[0] (.output clocked by virtual_io_clock)
Path Type : hold

Point                                                             Incr      Path
--------------------------------------------------------------------------------
clock virtual_io_clock (rise edge)                               0.000     0.000
clock source latency                                             0.000     0.000
input external delay                                             0.000     0.000
pi01.inpad[0] (.input)                                           0.000     0.000
new_n144.in[0] (.names)                                          1.693     1.693
new_n144.out[0] (.names)                                         0.193     1.886
po13.in[1] (.names)                                              0.064     1.950
po13.out[0] (.names)                                             0.193     2.143
out:po13.outpad[0] (.output)                                     3.534     5.676
data arrival time                                                          5.676

clock virtual_io_clock (rise edge)                               0.000     0.000
clock source latency                                             0.000     0.000
clock uncertainty                                                0.000     0.000
output external delay                                            0.000     0.000
data required time                                                         0.000
--------------------------------------------------------------------------------
data required time                                                        -0.000
data arrival time                                                          5.676
--------------------------------------------------------------------------------
slack (MET)                                                                5.676


#Path 17
Startpoint: pi12.inpad[0] (.input clocked by virtual_io_clock)
Endpoint  : out:po20.outpad[0] (.output clocked by virtual_io_clock)
Path Type : hold

Point                                                             Incr      Path
--------------------------------------------------------------------------------
clock virtual_io_clock (rise edge)                               0.000     0.000
clock source latency                                             0.000     0.000
input external delay                                             0.000     0.000
pi12.inpad[0] (.input)                                           0.000     0.000
new_n264.in[0] (.names)                                          1.774     1.774
new_n264.out[0] (.names)                                         0.193     1.967
po20.in[0] (.names)                                              0.265     2.232
po20.out[0] (.names)                                             0.193     2.425
out:po20.outpad[0] (.output)                                     3.262     5.687
data arrival time                                                          5.687

clock virtual_io_clock (rise edge)                               0.000     0.000
clock source latency                                             0.000     0.000
clock uncertainty                                                0.000     0.000
output external delay                                            0.000     0.000
data required time                                                         0.000
--------------------------------------------------------------------------------
data required time                                                        -0.000
data arrival time                                                          5.687
--------------------------------------------------------------------------------
slack (MET)                                                                5.687


#Path 18
Startpoint: pi09.inpad[0] (.input clocked by virtual_io_clock)
Endpoint  : out:po08.outpad[0] (.output clocked by virtual_io_clock)
Path Type : hold

Point                                                             Incr      Path
--------------------------------------------------------------------------------
clock virtual_io_clock (rise edge)                               0.000     0.000
clock source latency                                             0.000     0.000
input external delay                                             0.000     0.000
pi09.inpad[0] (.input)                                           0.000     0.000
new_n110.in[0] (.names)                                          1.811     1.811
new_n110.out[0] (.names)                                         0.193     2.004
po08.in[2] (.names)                                              0.064     2.068
po08.out[0] (.names)                                             0.193     2.261
out:po08.outpad[0] (.output)                                     3.451     5.712
data arrival time                                                          5.712

clock virtual_io_clock (rise edge)                               0.000     0.000
clock source latency                                             0.000     0.000
clock uncertainty                                                0.000     0.000
output external delay                                            0.000     0.000
data required time                                                         0.000
--------------------------------------------------------------------------------
data required time                                                        -0.000
data arrival time                                                          5.712
--------------------------------------------------------------------------------
slack (MET)                                                                5.712


#Path 19
Startpoint: pi37.inpad[0] (.input clocked by virtual_io_clock)
Endpoint  : out:po15.outpad[0] (.output clocked by virtual_io_clock)
Path Type : hold

Point                                                             Incr      Path
--------------------------------------------------------------------------------
clock virtual_io_clock (rise edge)                               0.000     0.000
clock source latency                                             0.000     0.000
input external delay                                             0.000     0.000
pi37.inpad[0] (.input)                                           0.000     0.000
new_n135.in[4] (.names)                                          1.838     1.838
new_n135.out[0] (.names)                                         0.193     2.031
po15.in[0] (.names)                                              0.064     2.095
po15.out[0] (.names)                                             0.193     2.288
out:po15.outpad[0] (.output)                                     3.440     5.728
data arrival time                                                          5.728

clock virtual_io_clock (rise edge)                               0.000     0.000
clock source latency                                             0.000     0.000
clock uncertainty                                                0.000     0.000
output external delay                                            0.000     0.000
data required time                                                         0.000
--------------------------------------------------------------------------------
data required time                                                        -0.000
data arrival time                                                          5.728
--------------------------------------------------------------------------------
slack (MET)                                                                5.728


#Path 20
Startpoint: pi01.inpad[0] (.input clocked by virtual_io_clock)
Endpoint  : out:po19.outpad[0] (.output clocked by virtual_io_clock)
Path Type : hold

Point                                                             Incr      Path
--------------------------------------------------------------------------------
clock virtual_io_clock (rise edge)                               0.000     0.000
clock source latency                                             0.000     0.000
input external delay                                             0.000     0.000
pi01.inpad[0] (.input)                                           0.000     0.000
new_n105.in[0] (.names)                                          1.693     1.693
new_n105.out[0] (.names)                                         0.193     1.886
po19.in[2] (.names)                                              0.274     2.160
po19.out[0] (.names)                                             0.193     2.353
out:po19.outpad[0] (.output)                                     3.386     5.738
data arrival time                                                          5.738

clock virtual_io_clock (rise edge)                               0.000     0.000
clock source latency                                             0.000     0.000
clock uncertainty                                                0.000     0.000
output external delay                                            0.000     0.000
data required time                                                         0.000
--------------------------------------------------------------------------------
data required time                                                        -0.000
data arrival time                                                          5.738
--------------------------------------------------------------------------------
slack (MET)                                                                5.738


#Path 21
Startpoint: pi12.inpad[0] (.input clocked by virtual_io_clock)
Endpoint  : out:po21.outpad[0] (.output clocked by virtual_io_clock)
Path Type : hold

Point                                                             Incr      Path
--------------------------------------------------------------------------------
clock virtual_io_clock (rise edge)                               0.000     0.000
clock source latency                                             0.000     0.000
input external delay                                             0.000     0.000
pi12.inpad[0] (.input)                                           0.000     0.000
new_n264.in[0] (.names)                                          1.774     1.774
new_n264.out[0] (.names)                                         0.193     1.967
new_n290.in[1] (.names)                                          0.064     2.031
new_n290.out[0] (.names)                                         0.193     2.224
po21.in[2] (.names)                                              0.064     2.288
po21.out[0] (.names)                                             0.193     2.481
out:po21.outpad[0] (.output)                                     3.334     5.815
data arrival time                                                          5.815

clock virtual_io_clock (rise edge)                               0.000     0.000
clock source latency                                             0.000     0.000
clock uncertainty                                                0.000     0.000
output external delay                                            0.000     0.000
data required time                                                         0.000
--------------------------------------------------------------------------------
data required time                                                        -0.000
data arrival time                                                          5.815
--------------------------------------------------------------------------------
slack (MET)                                                                5.815


#Path 22
Startpoint: pi12.inpad[0] (.input clocked by virtual_io_clock)
Endpoint  : out:po01.outpad[0] (.output clocked by virtual_io_clock)
Path Type : hold

Point                                                             Incr      Path
--------------------------------------------------------------------------------
clock virtual_io_clock (rise edge)                               0.000     0.000
clock source latency                                             0.000     0.000
input external delay                                             0.000     0.000
pi12.inpad[0] (.input)                                           0.000     0.000
new_n264.in[0] (.names)                                          1.774     1.774
new_n264.out[0] (.names)                                         0.193     1.967
new_n263.in[0] (.names)                                          0.064     2.031
new_n263.out[0] (.names)                                         0.193     2.224
po01.in[3] (.names)                                              0.064     2.288
po01.out[0] (.names)                                             0.193     2.481
out:po01.outpad[0] (.output)                                     3.386     5.866
data arrival time                                                          5.866

clock virtual_io_clock (rise edge)                               0.000     0.000
clock source latency                                             0.000     0.000
clock uncertainty                                                0.000     0.000
output external delay                                            0.000     0.000
data required time                                                         0.000
--------------------------------------------------------------------------------
data required time                                                        -0.000
data arrival time                                                          5.866
--------------------------------------------------------------------------------
slack (MET)                                                                5.866


#End of timing report
