#Timing report of worst 22 path(s)
# Unit scale: 1e-09 seconds
# Output precision: 3

#Path 1
Startpoint: pi27.inpad[0] (.input clocked by virtual_io_clock)
Endpoint  : out:po02.outpad[0] (.output clocked by virtual_io_clock)
Path Type : setup

Point                                                             Incr      Path
--------------------------------------------------------------------------------
clock virtual_io_clock (rise edge)                               0.000     0.000
clock source latency                                             0.000     0.000
input external delay                                             0.000     0.000
pi27.inpad[0] (.input)                                           0.000     0.000
new_n203.in[2] (.names)                                          2.111     2.111
new_n203.out[0] (.names)                                         0.261     2.372
new_n202.in[0] (.names)                                          0.100     2.472
new_n202.out[0] (.names)                                         0.261     2.733
new_n201.in[5] (.names)                                          0.471     3.204
new_n201.out[0] (.names)                                         0.261     3.465
new_n200.in[2] (.names)                                          0.332     3.797
new_n200.out[0] (.names)                                         0.261     4.058
new_n260.in[4] (.names)                                          0.196     4.254
new_n260.out[0] (.names)                                         0.261     4.515
new_n255.in[3] (.names)                                          0.470     4.985
new_n255.out[0] (.names)                                         0.261     5.246
po19.in[3] (.names)                                              0.100     5.346
po19.out[0] (.names)                                             0.261     5.607
po02.in[4] (.names)                                              0.333     5.939
po02.out[0] (.names)                                             0.261     6.200
out:po02.outpad[0] (.output)                                     3.676     9.876
data arrival time                                                          9.876

clock virtual_io_clock (rise edge)                               0.000     0.000
clock source latency                                             0.000     0.000
clock uncertainty                                                0.000     0.000
output external delay                                            0.000     0.000
data required time                                                         0.000
--------------------------------------------------------------------------------
data required time                                                         0.000
data arrival time                                                         -9.876
--------------------------------------------------------------------------------
slack (VIOLATED)                                                          -9.876


#Path 2
Startpoint: pi27.inpad[0] (.input clocked by virtual_io_clock)
Endpoint  : out:po01.outpad[0] (.output clocked by virtual_io_clock)
Path Type : setup

Point                                                             Incr      Path
--------------------------------------------------------------------------------
clock virtual_io_clock (rise edge)                               0.000     0.000
clock source latency                                             0.000     0.000
input external delay                                             0.000     0.000
pi27.inpad[0] (.input)                                           0.000     0.000
new_n203.in[2] (.names)                                          2.111     2.111
new_n203.out[0] (.names)                                         0.261     2.372
new_n202.in[0] (.names)                                          0.100     2.472
new_n202.out[0] (.names)                                         0.261     2.733
new_n201.in[5] (.names)                                          0.471     3.204
new_n201.out[0] (.names)                                         0.261     3.465
new_n200.in[2] (.names)                                          0.332     3.797
new_n200.out[0] (.names)                                         0.261     4.058
new_n260.in[4] (.names)                                          0.196     4.254
new_n260.out[0] (.names)                                         0.261     4.515
new_n255.in[3] (.names)                                          0.470     4.985
new_n255.out[0] (.names)                                         0.261     5.246
po19.in[3] (.names)                                              0.100     5.346
po19.out[0] (.names)                                             0.261     5.607
po01.in[2] (.names)                                              0.333     5.939
po01.out[0] (.names)                                             0.261     6.200
out:po01.outpad[0] (.output)                                     3.609     9.809
data arrival time                                                          9.809

clock virtual_io_clock (rise edge)                               0.000     0.000
clock source latency                                             0.000     0.000
clock uncertainty                                                0.000     0.000
output external delay                                            0.000     0.000
data required time                                                         0.000
--------------------------------------------------------------------------------
data required time                                                         0.000
data arrival time                                                         -9.809
--------------------------------------------------------------------------------
slack (VIOLATED)                                                          -9.809


#Path 3
Startpoint: pi27.inpad[0] (.input clocked by virtual_io_clock)
Endpoint  : out:po00.outpad[0] (.output clocked by virtual_io_clock)
Path Type : setup

Point                                                             Incr      Path
--------------------------------------------------------------------------------
clock virtual_io_clock (rise edge)                               0.000     0.000
clock source latency                                             0.000     0.000
input external delay                                             0.000     0.000
pi27.inpad[0] (.input)                                           0.000     0.000
new_n203.in[2] (.names)                                          2.111     2.111
new_n203.out[0] (.names)                                         0.261     2.372
new_n202.in[0] (.names)                                          0.100     2.472
new_n202.out[0] (.names)                                         0.261     2.733
new_n201.in[5] (.names)                                          0.471     3.204
new_n201.out[0] (.names)                                         0.261     3.465
new_n200.in[2] (.names)                                          0.332     3.797
new_n200.out[0] (.names)                                         0.261     4.058
new_n260.in[4] (.names)                                          0.196     4.254
new_n260.out[0] (.names)                                         0.261     4.515
new_n255.in[3] (.names)                                          0.470     4.985
new_n255.out[0] (.names)                                         0.261     5.246
po19.in[3] (.names)                                              0.100     5.346
po19.out[0] (.names)                                             0.261     5.607
po00.in[2] (.names)                                              0.333     5.939
po00.out[0] (.names)                                             0.261     6.200
out:po00.outpad[0] (.output)                                     3.606     9.807
data arrival time                                                          9.807

clock virtual_io_clock (rise edge)                               0.000     0.000
clock source latency                                             0.000     0.000
clock uncertainty                                                0.000     0.000
output external delay                                            0.000     0.000
data required time                                                         0.000
--------------------------------------------------------------------------------
data required time                                                         0.000
data arrival time                                                         -9.807
--------------------------------------------------------------------------------
slack (VIOLATED)                                                          -9.807


#Path 4
Startpoint: pi27.inpad[0] (.input clocked by virtual_io_clock)
Endpoint  : out:po21.outpad[0] (.output clocked by virtual_io_clock)
Path Type : setup

Point                                                             Incr      Path
--------------------------------------------------------------------------------
clock virtual_io_clock (rise edge)                               0.000     0.000
clock source latency                                             0.000     0.000
input external delay                                             0.000     0.000
pi27.inpad[0] (.input)                                           0.000     0.000
new_n203.in[2] (.names)                                          2.111     2.111
new_n203.out[0] (.names)                                         0.261     2.372
new_n202.in[0] (.names)                                          0.100     2.472
new_n202.out[0] (.names)                                         0.261     2.733
new_n201.in[5] (.names)                                          0.471     3.204
new_n201.out[0] (.names)                                         0.261     3.465
new_n200.in[2] (.names)                                          0.332     3.797
new_n200.out[0] (.names)                                         0.261     4.058
new_n260.in[4] (.names)                                          0.196     4.254
new_n260.out[0] (.names)                                         0.261     4.515
new_n255.in[3] (.names)                                          0.470     4.985
new_n255.out[0] (.names)                                         0.261     5.246
po19.in[3] (.names)                                              0.100     5.346
po19.out[0] (.names)                                             0.261     5.607
po21.in[1] (.names)                                              0.333     5.939
po21.out[0] (.names)                                             0.261     6.200
out:po21.outpad[0] (.output)                                     3.557     9.758
data arrival time                                                          9.758

clock virtual_io_clock (rise edge)                               0.000     0.000
clock source latency                                             0.000     0.000
clock uncertainty                                                0.000     0.000
output external delay                                            0.000     0.000
data required time                                                         0.000
--------------------------------------------------------------------------------
data required time                                                         0.000
data arrival time                                                         -9.758
--------------------------------------------------------------------------------
slack (VIOLATED)                                                          -9.758


#Path 5
Startpoint: pi27.inpad[0] (.input clocked by virtual_io_clock)
Endpoint  : out:po14.outpad[0] (.output clocked by virtual_io_clock)
Path Type : setup

Point                                                             Incr      Path
--------------------------------------------------------------------------------
clock virtual_io_clock (rise edge)                               0.000     0.000
clock source latency                                             0.000     0.000
input external delay                                             0.000     0.000
pi27.inpad[0] (.input)                                           0.000     0.000
new_n203.in[2] (.names)                                          2.111     2.111
new_n203.out[0] (.names)                                         0.261     2.372
new_n202.in[0] (.names)                                          0.100     2.472
new_n202.out[0] (.names)                                         0.261     2.733
new_n201.in[5] (.names)                                          0.471     3.204
new_n201.out[0] (.names)                                         0.261     3.465
new_n200.in[2] (.names)                                          0.332     3.797
new_n200.out[0] (.names)                                         0.261     4.058
new_n260.in[4] (.names)                                          0.196     4.254
new_n260.out[0] (.names)                                         0.261     4.515
new_n306.in[3] (.names)                                          0.470     4.985
new_n306.out[0] (.names)                                         0.261     5.246
po14.in[2] (.names)                                              0.333     5.578
po14.out[0] (.names)                                             0.261     5.839
out:po14.outpad[0] (.output)                                     3.557     9.397
data arrival time                                                          9.397

clock virtual_io_clock (rise edge)                               0.000     0.000
clock source latency                                             0.000     0.000
clock uncertainty                                                0.000     0.000
output external delay                                            0.000     0.000
data required time                                                         0.000
--------------------------------------------------------------------------------
data required time                                                         0.000
data arrival time                                                         -9.397
--------------------------------------------------------------------------------
slack (VIOLATED)                                                          -9.397


#Path 6
Startpoint: pi15.inpad[0] (.input clocked by virtual_io_clock)
Endpoint  : out:po20.outpad[0] (.output clocked by virtual_io_clock)
Path Type : setup

Point                                                             Incr      Path
--------------------------------------------------------------------------------
clock virtual_io_clock (rise edge)                               0.000     0.000
clock source latency                                             0.000     0.000
input external delay                                             0.000     0.000
pi15.inpad[0] (.input)                                           0.000     0.000
new_n129.in[0] (.names)                                          2.063     2.063
new_n129.out[0] (.names)                                         0.261     2.324
new_n127.in[0] (.names)                                          0.100     2.424
new_n127.out[0] (.names)                                         0.261     2.685
new_n126.in[4] (.names)                                          0.332     3.017
new_n126.out[0] (.names)                                         0.261     3.278
new_n138.in[2] (.names)                                          0.334     3.612
new_n138.out[0] (.names)                                         0.261     3.873
new_n211.in[0] (.names)                                          0.469     4.342
new_n211.out[0] (.names)                                         0.261     4.603
new_n273.in[4] (.names)                                          0.333     4.936
new_n273.out[0] (.names)                                         0.261     5.197
po20.in[2] (.names)                                              0.332     5.529
po20.out[0] (.names)                                             0.261     5.790
out:po20.outpad[0] (.output)                                     3.485     9.275
data arrival time                                                          9.275

clock virtual_io_clock (rise edge)                               0.000     0.000
clock source latency                                             0.000     0.000
clock uncertainty                                                0.000     0.000
output external delay                                            0.000     0.000
data required time                                                         0.000
--------------------------------------------------------------------------------
data required time                                                         0.000
data arrival time                                                         -9.275
--------------------------------------------------------------------------------
slack (VIOLATED)                                                          -9.275


#Path 7
Startpoint: pi27.inpad[0] (.input clocked by virtual_io_clock)
Endpoint  : out:po19.outpad[0] (.output clocked by virtual_io_clock)
Path Type : setup

Point                                                             Incr      Path
--------------------------------------------------------------------------------
clock virtual_io_clock (rise edge)                               0.000     0.000
clock source latency                                             0.000     0.000
input external delay                                             0.000     0.000
pi27.inpad[0] (.input)                                           0.000     0.000
new_n203.in[2] (.names)                                          2.111     2.111
new_n203.out[0] (.names)                                         0.261     2.372
new_n202.in[0] (.names)                                          0.100     2.472
new_n202.out[0] (.names)                                         0.261     2.733
new_n201.in[5] (.names)                                          0.471     3.204
new_n201.out[0] (.names)                                         0.261     3.465
new_n200.in[2] (.names)                                          0.332     3.797
new_n200.out[0] (.names)                                         0.261     4.058
new_n260.in[4] (.names)                                          0.196     4.254
new_n260.out[0] (.names)                                         0.261     4.515
new_n255.in[3] (.names)                                          0.470     4.985
new_n255.out[0] (.names)                                         0.261     5.246
po19.in[3] (.names)                                              0.100     5.346
po19.out[0] (.names)                                             0.261     5.607
out:po19.outpad[0] (.output)                                     3.609     9.215
data arrival time                                                          9.215

clock virtual_io_clock (rise edge)                               0.000     0.000
clock source latency                                             0.000     0.000
clock uncertainty                                                0.000     0.000
output external delay                                            0.000     0.000
data required time                                                         0.000
--------------------------------------------------------------------------------
data required time                                                         0.000
data arrival time                                                         -9.215
--------------------------------------------------------------------------------
slack (VIOLATED)                                                          -9.215


#Path 8
Startpoint: pi27.inpad[0] (.input clocked by virtual_io_clock)
Endpoint  : out:po18.outpad[0] (.output clocked by virtual_io_clock)
Path Type : setup

Point                                                             Incr      Path
--------------------------------------------------------------------------------
clock virtual_io_clock (rise edge)                               0.000     0.000
clock source latency                                             0.000     0.000
input external delay                                             0.000     0.000
pi27.inpad[0] (.input)                                           0.000     0.000
new_n203.in[2] (.names)                                          2.111     2.111
new_n203.out[0] (.names)                                         0.261     2.372
new_n202.in[0] (.names)                                          0.100     2.472
new_n202.out[0] (.names)                                         0.261     2.733
new_n201.in[5] (.names)                                          0.471     3.204
new_n201.out[0] (.names)                                         0.261     3.465
new_n236.in[0] (.names)                                          0.332     3.797
new_n236.out[0] (.names)                                         0.261     4.058
new_n226.in[2] (.names)                                          0.332     4.389
new_n226.out[0] (.names)                                         0.261     4.650
new_n210.in[0] (.names)                                          0.332     4.982
new_n210.out[0] (.names)                                         0.261     5.243
po18.in[3] (.names)                                              0.100     5.343
po18.out[0] (.names)                                             0.261     5.604
out:po18.outpad[0] (.output)                                     3.534     9.138
data arrival time                                                          9.138

clock virtual_io_clock (rise edge)                               0.000     0.000
clock source latency                                             0.000     0.000
clock uncertainty                                                0.000     0.000
output external delay                                            0.000     0.000
data required time                                                         0.000
--------------------------------------------------------------------------------
data required time                                                         0.000
data arrival time                                                         -9.138
--------------------------------------------------------------------------------
slack (VIOLATED)                                                          -9.138


#Path 9
Startpoint: pi15.inpad[0] (.input clocked by virtual_io_clock)
Endpoint  : out:po13.outpad[0] (.output clocked by virtual_io_clock)
Path Type : setup

Point                                                             Incr      Path
--------------------------------------------------------------------------------
clock virtual_io_clock (rise edge)                               0.000     0.000
clock source latency                                             0.000     0.000
input external delay                                             0.000     0.000
pi15.inpad[0] (.input)                                           0.000     0.000
new_n129.in[0] (.names)                                          2.063     2.063
new_n129.out[0] (.names)                                         0.261     2.324
new_n216.in[4] (.names)                                          0.332     2.656
new_n216.out[0] (.names)                                         0.261     2.917
new_n213.in[4] (.names)                                          0.100     3.017
new_n213.out[0] (.names)                                         0.261     3.278
new_n212.in[2] (.names)                                          0.470     3.748
new_n212.out[0] (.names)                                         0.261     4.009
new_n286.in[3] (.names)                                          0.333     4.342
new_n286.out[0] (.names)                                         0.261     4.603
po13.in[4] (.names)                                              0.100     4.703
po13.out[0] (.names)                                             0.261     4.964
out:po13.outpad[0] (.output)                                     3.757     8.720
data arrival time                                                          8.720

clock virtual_io_clock (rise edge)                               0.000     0.000
clock source latency                                             0.000     0.000
clock uncertainty                                                0.000     0.000
output external delay                                            0.000     0.000
data required time                                                         0.000
--------------------------------------------------------------------------------
data required time                                                         0.000
data arrival time                                                         -8.720
--------------------------------------------------------------------------------
slack (VIOLATED)                                                          -8.720


#Path 10
Startpoint: pi15.inpad[0] (.input clocked by virtual_io_clock)
Endpoint  : out:po11.outpad[0] (.output clocked by virtual_io_clock)
Path Type : setup

Point                                                             Incr      Path
--------------------------------------------------------------------------------
clock virtual_io_clock (rise edge)                               0.000     0.000
clock source latency                                             0.000     0.000
input external delay                                             0.000     0.000
pi15.inpad[0] (.input)                                           0.000     0.000
new_n129.in[0] (.names)                                          2.063     2.063
new_n129.out[0] (.names)                                         0.261     2.324
new_n127.in[0] (.names)                                          0.100     2.424
new_n127.out[0] (.names)                                         0.261     2.685
new_n126.in[4] (.names)                                          0.332     3.017
new_n126.out[0] (.names)                                         0.261     3.278
new_n138.in[2] (.names)                                          0.334     3.612
new_n138.out[0] (.names)                                         0.261     3.873
new_n135.in[3] (.names)                                          0.196     4.069
new_n135.out[0] (.names)                                         0.261     4.330
po11.in[2] (.names)                                              0.334     4.664
po11.out[0] (.names)                                             0.261     4.925
out:po11.outpad[0] (.output)                                     3.634     8.559
data arrival time                                                          8.559

clock virtual_io_clock (rise edge)                               0.000     0.000
clock source latency                                             0.000     0.000
clock uncertainty                                                0.000     0.000
output external delay                                            0.000     0.000
data required time                                                         0.000
--------------------------------------------------------------------------------
data required time                                                         0.000
data arrival time                                                         -8.559
--------------------------------------------------------------------------------
slack (VIOLATED)                                                          -8.559


#Path 11
Startpoint: pi15.inpad[0] (.input clocked by virtual_io_clock)
Endpoint  : out:po16.outpad[0] (.output clocked by virtual_io_clock)
Path Type : setup

Point                                                             Incr      Path
--------------------------------------------------------------------------------
clock virtual_io_clock (rise edge)                               0.000     0.000
clock source latency                                             0.000     0.000
input external delay                                             0.000     0.000
pi15.inpad[0] (.input)                                           0.000     0.000
new_n129.in[0] (.names)                                          2.063     2.063
new_n129.out[0] (.names)                                         0.261     2.324
new_n127.in[0] (.names)                                          0.100     2.424
new_n127.out[0] (.names)                                         0.261     2.685
new_n126.in[4] (.names)                                          0.332     3.017
new_n126.out[0] (.names)                                         0.261     3.278
new_n138.in[2] (.names)                                          0.334     3.612
new_n138.out[0] (.names)                                         0.261     3.873
new_n135.in[3] (.names)                                          0.196     4.069
new_n135.out[0] (.names)                                         0.261     4.330
po16.in[3] (.names)                                              0.334     4.664
po16.out[0] (.names)                                             0.261     4.925
out:po16.outpad[0] (.output)                                     3.521     8.445
data arrival time                                                          8.445

clock virtual_io_clock (rise edge)                               0.000     0.000
clock source latency                                             0.000     0.000
clock uncertainty                                                0.000     0.000
output external delay                                            0.000     0.000
data required time                                                         0.000
--------------------------------------------------------------------------------
data required time                                                         0.000
data arrival time                                                         -8.445
--------------------------------------------------------------------------------
slack (VIOLATED)                                                          -8.445


#Path 12
Startpoint: pi15.inpad[0] (.input clocked by virtual_io_clock)
Endpoint  : out:po15.outpad[0] (.output clocked by virtual_io_clock)
Path Type : setup

Point                                                             Incr      Path
--------------------------------------------------------------------------------
clock virtual_io_clock (rise edge)                               0.000     0.000
clock source latency                                             0.000     0.000
input external delay                                             0.000     0.000
pi15.inpad[0] (.input)                                           0.000     0.000
new_n129.in[0] (.names)                                          2.063     2.063
new_n129.out[0] (.names)                                         0.261     2.324
new_n127.in[0] (.names)                                          0.100     2.424
new_n127.out[0] (.names)                                         0.261     2.685
new_n126.in[4] (.names)                                          0.332     3.017
new_n126.out[0] (.names)                                         0.261     3.278
new_n138.in[2] (.names)                                          0.334     3.612
new_n138.out[0] (.names)                                         0.261     3.873
new_n135.in[3] (.names)                                          0.196     4.069
new_n135.out[0] (.names)                                         0.261     4.330
po15.in[0] (.names)                                              0.100     4.430
po15.out[0] (.names)                                             0.261     4.691
out:po15.outpad[0] (.output)                                     3.663     8.354
data arrival time                                                          8.354

clock virtual_io_clock (rise edge)                               0.000     0.000
clock source latency                                             0.000     0.000
clock uncertainty                                                0.000     0.000
output external delay                                            0.000     0.000
data required time                                                         0.000
--------------------------------------------------------------------------------
data required time                                                         0.000
data arrival time                                                         -8.354
--------------------------------------------------------------------------------
slack (VIOLATED)                                                          -8.354


#Path 13
Startpoint: pi15.inpad[0] (.input clocked by virtual_io_clock)
Endpoint  : out:po17.outpad[0] (.output clocked by virtual_io_clock)
Path Type : setup

Point                                                             Incr      Path
--------------------------------------------------------------------------------
clock virtual_io_clock (rise edge)                               0.000     0.000
clock source latency                                             0.000     0.000
input external delay                                             0.000     0.000
pi15.inpad[0] (.input)                                           0.000     0.000
new_n129.in[0] (.names)                                          2.063     2.063
new_n129.out[0] (.names)                                         0.261     2.324
new_n127.in[0] (.names)                                          0.100     2.424
new_n127.out[0] (.names)                                         0.261     2.685
new_n126.in[4] (.names)                                          0.332     3.017
new_n126.out[0] (.names)                                         0.261     3.278
new_n138.in[2] (.names)                                          0.334     3.612
new_n138.out[0] (.names)                                         0.261     3.873
new_n159.in[3] (.names)                                          0.196     4.069
new_n159.out[0] (.names)                                         0.261     4.330
po17.in[3] (.names)                                              0.100     4.430
po17.out[0] (.names)                                             0.261     4.691
out:po17.outpad[0] (.output)                                     3.610     8.301
data arrival time                                                          8.301

clock virtual_io_clock (rise edge)                               0.000     0.000
clock source latency                                             0.000     0.000
clock uncertainty                                                0.000     0.000
output external delay                                            0.000     0.000
data required time                                                         0.000
--------------------------------------------------------------------------------
data required time                                                         0.000
data arrival time                                                         -8.301
--------------------------------------------------------------------------------
slack (VIOLATED)                                                          -8.301


#Path 14
Startpoint: pi27.inpad[0] (.input clocked by virtual_io_clock)
Endpoint  : out:po09.outpad[0] (.output clocked by virtual_io_clock)
Path Type : setup

Point                                                             Incr      Path
--------------------------------------------------------------------------------
clock virtual_io_clock (rise edge)                               0.000     0.000
clock source latency                                             0.000     0.000
input external delay                                             0.000     0.000
pi27.inpad[0] (.input)                                           0.000     0.000
new_n203.in[2] (.names)                                          2.111     2.111
new_n203.out[0] (.names)                                         0.261     2.372
new_n202.in[0] (.names)                                          0.100     2.472
new_n202.out[0] (.names)                                         0.261     2.733
new_n201.in[5] (.names)                                          0.471     3.204
new_n201.out[0] (.names)                                         0.261     3.465
new_n236.in[0] (.names)                                          0.332     3.797
new_n236.out[0] (.names)                                         0.261     4.058
po09.in[2] (.names)                                              0.332     4.389
po09.out[0] (.names)                                             0.261     4.650
out:po09.outpad[0] (.output)                                     3.553     8.204
data arrival time                                                          8.204

clock virtual_io_clock (rise edge)                               0.000     0.000
clock source latency                                             0.000     0.000
clock uncertainty                                                0.000     0.000
output external delay                                            0.000     0.000
data required time                                                         0.000
--------------------------------------------------------------------------------
data required time                                                         0.000
data arrival time                                                         -8.204
--------------------------------------------------------------------------------
slack (VIOLATED)                                                          -8.204


#Path 15
Startpoint: pi13.inpad[0] (.input clocked by virtual_io_clock)
Endpoint  : out:po10.outpad[0] (.output clocked by virtual_io_clock)
Path Type : setup

Point                                                             Incr      Path
--------------------------------------------------------------------------------
clock virtual_io_clock (rise edge)                               0.000     0.000
clock source latency                                             0.000     0.000
input external delay                                             0.000     0.000
pi13.inpad[0] (.input)                                           0.000     0.000
new_n125.in[3] (.names)                                          2.004     2.004
new_n125.out[0] (.names)                                         0.261     2.265
new_n124.in[0] (.names)                                          0.100     2.365
new_n124.out[0] (.names)                                         0.261     2.626
new_n123.in[0] (.names)                                          0.333     2.959
new_n123.out[0] (.names)                                         0.261     3.220
new_n116.in[2] (.names)                                          0.333     3.553
new_n116.out[0] (.names)                                         0.261     3.814
po10.in[1] (.names)                                              0.334     4.148
po10.out[0] (.names)                                             0.261     4.409
out:po10.outpad[0] (.output)                                     3.730     8.139
data arrival time                                                          8.139

clock virtual_io_clock (rise edge)                               0.000     0.000
clock source latency                                             0.000     0.000
clock uncertainty                                                0.000     0.000
output external delay                                            0.000     0.000
data required time                                                         0.000
--------------------------------------------------------------------------------
data required time                                                         0.000
data arrival time                                                         -8.139
--------------------------------------------------------------------------------
slack (VIOLATED)                                                          -8.139


#Path 16
Startpoint: pi27.inpad[0] (.input clocked by virtual_io_clock)
Endpoint  : out:po08.outpad[0] (.output clocked by virtual_io_clock)
Path Type : setup

Point                                                             Incr      Path
--------------------------------------------------------------------------------
clock virtual_io_clock (rise edge)                               0.000     0.000
clock source latency                                             0.000     0.000
input external delay                                             0.000     0.000
pi27.inpad[0] (.input)                                           0.000     0.000
new_n203.in[2] (.names)                                          2.111     2.111
new_n203.out[0] (.names)                                         0.261     2.372
new_n202.in[0] (.names)                                          0.100     2.472
new_n202.out[0] (.names)                                         0.261     2.733
new_n201.in[5] (.names)                                          0.471     3.204
new_n201.out[0] (.names)                                         0.261     3.465
new_n236.in[0] (.names)                                          0.332     3.797
new_n236.out[0] (.names)                                         0.261     4.058
po08.in[0] (.names)                                              0.100     4.158
po08.out[0] (.names)                                             0.261     4.419
out:po08.outpad[0] (.output)                                     3.674     8.092
data arrival time                                                          8.092

clock virtual_io_clock (rise edge)                               0.000     0.000
clock source latency                                             0.000     0.000
clock uncertainty                                                0.000     0.000
output external delay                                            0.000     0.000
data required time                                                         0.000
--------------------------------------------------------------------------------
data required time                                                         0.000
data arrival time                                                         -8.092
--------------------------------------------------------------------------------
slack (VIOLATED)                                                          -8.092


#Path 17
Startpoint: pi13.inpad[0] (.input clocked by virtual_io_clock)
Endpoint  : out:po12.outpad[0] (.output clocked by virtual_io_clock)
Path Type : setup

Point                                                             Incr      Path
--------------------------------------------------------------------------------
clock virtual_io_clock (rise edge)                               0.000     0.000
clock source latency                                             0.000     0.000
input external delay                                             0.000     0.000
pi13.inpad[0] (.input)                                           0.000     0.000
new_n125.in[3] (.names)                                          2.004     2.004
new_n125.out[0] (.names)                                         0.261     2.265
new_n124.in[0] (.names)                                          0.100     2.365
new_n124.out[0] (.names)                                         0.261     2.626
new_n123.in[0] (.names)                                          0.333     2.959
new_n123.out[0] (.names)                                         0.261     3.220
new_n176.in[0] (.names)                                          0.333     3.553
new_n176.out[0] (.names)                                         0.261     3.814
new_n184.in[0] (.names)                                          0.100     3.914
new_n184.out[0] (.names)                                         0.261     4.175
po12.in[2] (.names)                                              0.100     4.275
po12.out[0] (.names)                                             0.261     4.536
out:po12.outpad[0] (.output)                                     3.530     8.066
data arrival time                                                          8.066

clock virtual_io_clock (rise edge)                               0.000     0.000
clock source latency                                             0.000     0.000
clock uncertainty                                                0.000     0.000
output external delay                                            0.000     0.000
data required time                                                         0.000
--------------------------------------------------------------------------------
data required time                                                         0.000
data arrival time                                                         -8.066
--------------------------------------------------------------------------------
slack (VIOLATED)                                                          -8.066


#Path 18
Startpoint: pi07.inpad[0] (.input clocked by virtual_io_clock)
Endpoint  : out:po05.outpad[0] (.output clocked by virtual_io_clock)
Path Type : setup

Point                                                             Incr      Path
--------------------------------------------------------------------------------
clock virtual_io_clock (rise edge)                               0.000     0.000
clock source latency                                             0.000     0.000
input external delay                                             0.000     0.000
pi07.inpad[0] (.input)                                           0.000     0.000
new_n296.in[1] (.names)                                          2.121     2.121
new_n296.out[0] (.names)                                         0.261     2.382
new_n295.in[4] (.names)                                          0.196     2.578
new_n295.out[0] (.names)                                         0.261     2.839
new_n294.in[4] (.names)                                          0.100     2.939
new_n294.out[0] (.names)                                         0.261     3.200
po05.in[2] (.names)                                              0.100     3.300
po05.out[0] (.names)                                             0.261     3.561
out:po05.outpad[0] (.output)                                     3.643     7.204
data arrival time                                                          7.204

clock virtual_io_clock (rise edge)                               0.000     0.000
clock source latency                                             0.000     0.000
clock uncertainty                                                0.000     0.000
output external delay                                            0.000     0.000
data required time                                                         0.000
--------------------------------------------------------------------------------
data required time                                                         0.000
data arrival time                                                         -7.204
--------------------------------------------------------------------------------
slack (VIOLATED)                                                          -7.204


#Path 19
Startpoint: pi28.inpad[0] (.input clocked by virtual_io_clock)
Endpoint  : out:po07.outpad[0] (.output clocked by virtual_io_clock)
Path Type : setup

Point                                                             Incr      Path
--------------------------------------------------------------------------------
clock virtual_io_clock (rise edge)                               0.000     0.000
clock source latency                                             0.000     0.000
input external delay                                             0.000     0.000
pi28.inpad[0] (.input)                                           0.000     0.000
new_n187.in[1] (.names)                                          2.004     2.004
new_n187.out[0] (.names)                                         0.261     2.265
po07.in[0] (.names)                                              0.333     2.598
po07.out[0] (.names)                                             0.261     2.859
out:po07.outpad[0] (.output)                                     3.757     6.617
data arrival time                                                          6.617

clock virtual_io_clock (rise edge)                               0.000     0.000
clock source latency                                             0.000     0.000
clock uncertainty                                                0.000     0.000
output external delay                                            0.000     0.000
data required time                                                         0.000
--------------------------------------------------------------------------------
data required time                                                         0.000
data arrival time                                                         -6.617
--------------------------------------------------------------------------------
slack (VIOLATED)                                                          -6.617


#Path 20
Startpoint: pi16.inpad[0] (.input clocked by virtual_io_clock)
Endpoint  : out:po06.outpad[0] (.output clocked by virtual_io_clock)
Path Type : setup

Point                                                             Incr      Path
--------------------------------------------------------------------------------
clock virtual_io_clock (rise edge)                               0.000     0.000
clock source latency                                             0.000     0.000
input external delay                                             0.000     0.000
pi16.inpad[0] (.input)                                           0.000     0.000
new_n173.in[0] (.names)                                          2.129     2.129
new_n173.out[0] (.names)                                         0.261     2.390
po06.in[0] (.names)                                              0.100     2.490
po06.out[0] (.names)                                             0.261     2.751
out:po06.outpad[0] (.output)                                     3.546     6.298
data arrival time                                                          6.298

clock virtual_io_clock (rise edge)                               0.000     0.000
clock source latency                                             0.000     0.000
clock uncertainty                                                0.000     0.000
output external delay                                            0.000     0.000
data required time                                                         0.000
--------------------------------------------------------------------------------
data required time                                                         0.000
data arrival time                                                         -6.298
--------------------------------------------------------------------------------
slack (VIOLATED)                                                          -6.298


#Path 21
Startpoint: pi28.inpad[0] (.input clocked by virtual_io_clock)
Endpoint  : out:po03.outpad[0] (.output clocked by virtual_io_clock)
Path Type : setup

Point                                                             Incr      Path
--------------------------------------------------------------------------------
clock virtual_io_clock (rise edge)                               0.000     0.000
clock source latency                                             0.000     0.000
input external delay                                             0.000     0.000
pi28.inpad[0] (.input)                                           0.000     0.000
po03.in[1] (.names)                                              2.004     2.004
po03.out[0] (.names)                                             0.261     2.265
out:po03.outpad[0] (.output)                                     3.716     5.981
data arrival time                                                          5.981

clock virtual_io_clock (rise edge)                               0.000     0.000
clock source latency                                             0.000     0.000
clock uncertainty                                                0.000     0.000
output external delay                                            0.000     0.000
data required time                                                         0.000
--------------------------------------------------------------------------------
data required time                                                         0.000
data arrival time                                                         -5.981
--------------------------------------------------------------------------------
slack (VIOLATED)                                                          -5.981


#Path 22
Startpoint: pi00.inpad[0] (.input clocked by virtual_io_clock)
Endpoint  : out:po04.outpad[0] (.output clocked by virtual_io_clock)
Path Type : setup

Point                                                             Incr      Path
--------------------------------------------------------------------------------
clock virtual_io_clock (rise edge)                               0.000     0.000
clock source latency                                             0.000     0.000
input external delay                                             0.000     0.000
pi00.inpad[0] (.input)                                           0.000     0.000
po04.in[2] (.names)                                              2.007     2.007
po04.out[0] (.names)                                             0.261     2.268
out:po04.outpad[0] (.output)                                     3.621     5.889
data arrival time                                                          5.889

clock virtual_io_clock (rise edge)                               0.000     0.000
clock source latency                                             0.000     0.000
clock uncertainty                                                0.000     0.000
output external delay                                            0.000     0.000
data required time                                                         0.000
--------------------------------------------------------------------------------
data required time                                                         0.000
data arrival time                                                         -5.889
--------------------------------------------------------------------------------
slack (VIOLATED)                                                          -5.889


#End of timing report
