#Packing pin usage report
Type: io
	Input Pin Usage:
		Max: 1.00 (0.02)
		Avg: 0.34 (0.01)
		Min: 0.00 (0.00)
		Histogram:
		[        0:      5.5) 385 (100.0%) |***********************************************
		[      5.5:       11)   0 (  0.0%) |
		[       11:       16)   0 (  0.0%) |
		[       16:       22)   0 (  0.0%) |
		[       22:       28)   0 (  0.0%) |
		[       28:       33)   0 (  0.0%) |
		[       33:       38)   0 (  0.0%) |
		[       38:       44)   0 (  0.0%) |
		[       44:       50)   0 (  0.0%) |
		[       50:       55)   0 (  0.0%) |
	Output Pin Usage:
		Max: 1.00 (0.03)
		Avg: 0.66 (0.02)
		Min: 0.00 (0.00)
		Histogram:
		[        0:        4) 385 (100.0%) |***********************************************
		[        4:        8)   0 (  0.0%) |
		[        8:       12)   0 (  0.0%) |
		[       12:       16)   0 (  0.0%) |
		[       16:       20)   0 (  0.0%) |
		[       20:       24)   0 (  0.0%) |
		[       24:       28)   0 (  0.0%) |
		[       28:       32)   0 (  0.0%) |
		[       32:       36)   0 (  0.0%) |
		[       36:       40)   0 (  0.0%) |

Type: LAB
	Input Pin Usage:
		Max: 55.00 (0.60)
		Avg: 47.22 (0.52)
		Min: 5.00 (0.05)
		Histogram:
		[        0:      9.1)   7 (  4.0%) |**
		[      9.1:       18)   1 (  0.6%) |
		[       18:       27)   1 (  0.6%) |
		[       27:       36)   9 (  5.1%) |***
		[       36:       46)  17 (  9.7%) |******
		[       46:       55) 138 ( 78.9%) |***********************************************
		[       55:       64)   2 (  1.1%) |*
		[       64:       73)   0 (  0.0%) |
		[       73:       82)   0 (  0.0%) |
		[       82:       91)   0 (  0.0%) |
	Output Pin Usage:
		Max: 17.00 (0.40)
		Avg: 4.51 (0.11)
		Min: 1.00 (0.02)
		Histogram:
		[        0:      4.2) 118 ( 67.4%) |***********************************************
		[      4.2:      8.4)  40 ( 22.9%) |****************
		[      8.4:       13)   9 (  5.1%) |****
		[       13:       17)   5 (  2.9%) |**
		[       17:       21)   3 (  1.7%) |*
		[       21:       25)   0 (  0.0%) |
		[       25:       29)   0 (  0.0%) |
		[       29:       34)   0 (  0.0%) |
		[       34:       38)   0 (  0.0%) |
		[       38:       42)   0 (  0.0%) |

