#Packing pin usage report
Type: io
	Input Pin Usage:
		Max: 1.00 (0.02)
		Avg: 0.46 (0.01)
		Min: 0.00 (0.00)
		Histogram:
		[        0:      5.5) 1457 (100.0%) |**********************************************
		[      5.5:       11)    0 (  0.0%) |
		[       11:       16)    0 (  0.0%) |
		[       16:       22)    0 (  0.0%) |
		[       22:       28)    0 (  0.0%) |
		[       28:       33)    0 (  0.0%) |
		[       33:       38)    0 (  0.0%) |
		[       38:       44)    0 (  0.0%) |
		[       44:       50)    0 (  0.0%) |
		[       50:       55)    0 (  0.0%) |
	Output Pin Usage:
		Max: 1.00 (0.03)
		Avg: 0.54 (0.01)
		Min: 0.00 (0.00)
		Histogram:
		[        0:        4) 1457 (100.0%) |**********************************************
		[        4:        8)    0 (  0.0%) |
		[        8:       12)    0 (  0.0%) |
		[       12:       16)    0 (  0.0%) |
		[       16:       20)    0 (  0.0%) |
		[       20:       24)    0 (  0.0%) |
		[       24:       28)    0 (  0.0%) |
		[       28:       32)    0 (  0.0%) |
		[       32:       36)    0 (  0.0%) |
		[       36:       40)    0 (  0.0%) |

Type: LAB
	Input Pin Usage:
		Max: 46.00 (0.51)
		Avg: 22.50 (0.25)
		Min: 0.00 (0.00)
		Histogram:
		[        0:      9.1) 29 ( 13.2%) |**********************
		[      9.1:       18) 64 ( 29.2%) |************************************************
		[       18:       27) 50 ( 22.8%) |**************************************
		[       27:       36) 50 ( 22.8%) |**************************************
		[       36:       46) 22 ( 10.0%) |*****************
		[       46:       55)  4 (  1.8%) |***
		[       55:       64)  0 (  0.0%) |
		[       64:       73)  0 (  0.0%) |
		[       73:       82)  0 (  0.0%) |
		[       82:       91)  0 (  0.0%) |
	Output Pin Usage:
		Max: 20.00 (0.48)
		Avg: 8.89 (0.21)
		Min: 1.00 (0.02)
		Histogram:
		[        0:      4.2) 35 ( 16.0%) |**********************
		[      4.2:      8.4) 75 ( 34.2%) |************************************************
		[      8.4:       13) 70 ( 32.0%) |*********************************************
		[       13:       17) 22 ( 10.0%) |**************
		[       17:       21) 17 (  7.8%) |***********
		[       21:       25)  0 (  0.0%) |
		[       25:       29)  0 (  0.0%) |
		[       29:       34)  0 (  0.0%) |
		[       34:       38)  0 (  0.0%) |
		[       38:       42)  0 (  0.0%) |

