#Timing report of worst 25 path(s)
# Unit scale: 1e-09 seconds
# Output precision: 3

#Path 1
Startpoint: pi06.inpad[0] (.input clocked by virtual_io_clock)
Endpoint  : out:po09.outpad[0] (.output clocked by virtual_io_clock)
Path Type : setup

Point                                                             Incr      Path
--------------------------------------------------------------------------------
clock virtual_io_clock (rise edge)                               0.000     0.000
clock source latency                                             0.000     0.000
input external delay                                             0.000     0.000
pi06.inpad[0] (.input)                                           0.000     0.000
new_n63.in[0] (.names)                                           1.014     1.014
new_n63.out[0] (.names)                                          0.261     1.275
new_n62.in[3] (.names)                                           1.014     2.289
new_n62.out[0] (.names)                                          0.261     2.550
new_n89.in[1] (.names)                                           1.014     3.563
new_n89.out[0] (.names)                                          0.261     3.824
new_n100.in[0] (.names)                                          1.014     4.838
new_n100.out[0] (.names)                                         0.261     5.099
po09.in[0] (.names)                                              1.014     6.113
po09.out[0] (.names)                                             0.261     6.374
out:po09.outpad[0] (.output)                                     1.014     7.388
data arrival time                                                          7.388

clock virtual_io_clock (rise edge)                               0.000     0.000
clock source latency                                             0.000     0.000
clock uncertainty                                                0.000     0.000
output external delay                                            0.000     0.000
data required time                                                         0.000
--------------------------------------------------------------------------------
data required time                                                         0.000
data arrival time                                                         -7.388
--------------------------------------------------------------------------------
slack (VIOLATED)                                                          -7.388


#Path 2
Startpoint: pi11.inpad[0] (.input clocked by virtual_io_clock)
Endpoint  : out:po23.outpad[0] (.output clocked by virtual_io_clock)
Path Type : setup

Point                                                             Incr      Path
--------------------------------------------------------------------------------
clock virtual_io_clock (rise edge)                               0.000     0.000
clock source latency                                             0.000     0.000
input external delay                                             0.000     0.000
pi11.inpad[0] (.input)                                           0.000     0.000
new_n77.in[0] (.names)                                           1.014     1.014
new_n77.out[0] (.names)                                          0.261     1.275
new_n76.in[1] (.names)                                           1.014     2.289
new_n76.out[0] (.names)                                          0.261     2.550
new_n68.in[1] (.names)                                           1.014     3.563
new_n68.out[0] (.names)                                          0.261     3.824
new_n129.in[0] (.names)                                          1.014     4.838
new_n129.out[0] (.names)                                         0.261     5.099
po23.in[3] (.names)                                              1.014     6.113
po23.out[0] (.names)                                             0.261     6.374
out:po23.outpad[0] (.output)                                     1.014     7.388
data arrival time                                                          7.388

clock virtual_io_clock (rise edge)                               0.000     0.000
clock source latency                                             0.000     0.000
clock uncertainty                                                0.000     0.000
output external delay                                            0.000     0.000
data required time                                                         0.000
--------------------------------------------------------------------------------
data required time                                                         0.000
data arrival time                                                         -7.388
--------------------------------------------------------------------------------
slack (VIOLATED)                                                          -7.388


#Path 3
Startpoint: pi11.inpad[0] (.input clocked by virtual_io_clock)
Endpoint  : out:po24.outpad[0] (.output clocked by virtual_io_clock)
Path Type : setup

Point                                                             Incr      Path
--------------------------------------------------------------------------------
clock virtual_io_clock (rise edge)                               0.000     0.000
clock source latency                                             0.000     0.000
input external delay                                             0.000     0.000
pi11.inpad[0] (.input)                                           0.000     0.000
new_n77.in[0] (.names)                                           1.014     1.014
new_n77.out[0] (.names)                                          0.261     1.275
new_n76.in[1] (.names)                                           1.014     2.289
new_n76.out[0] (.names)                                          0.261     2.550
new_n68.in[1] (.names)                                           1.014     3.563
new_n68.out[0] (.names)                                          0.261     3.824
new_n115.in[0] (.names)                                          1.014     4.838
new_n115.out[0] (.names)                                         0.261     5.099
po24.in[0] (.names)                                              1.014     6.113
po24.out[0] (.names)                                             0.261     6.374
out:po24.outpad[0] (.output)                                     1.014     7.388
data arrival time                                                          7.388

clock virtual_io_clock (rise edge)                               0.000     0.000
clock source latency                                             0.000     0.000
clock uncertainty                                                0.000     0.000
output external delay                                            0.000     0.000
data required time                                                         0.000
--------------------------------------------------------------------------------
data required time                                                         0.000
data arrival time                                                         -7.388
--------------------------------------------------------------------------------
slack (VIOLATED)                                                          -7.388


#Path 4
Startpoint: pi11.inpad[0] (.input clocked by virtual_io_clock)
Endpoint  : out:po21.outpad[0] (.output clocked by virtual_io_clock)
Path Type : setup

Point                                                             Incr      Path
--------------------------------------------------------------------------------
clock virtual_io_clock (rise edge)                               0.000     0.000
clock source latency                                             0.000     0.000
input external delay                                             0.000     0.000
pi11.inpad[0] (.input)                                           0.000     0.000
new_n77.in[0] (.names)                                           1.014     1.014
new_n77.out[0] (.names)                                          0.261     1.275
new_n76.in[1] (.names)                                           1.014     2.289
new_n76.out[0] (.names)                                          0.261     2.550
new_n68.in[1] (.names)                                           1.014     3.563
new_n68.out[0] (.names)                                          0.261     3.824
new_n115.in[0] (.names)                                          1.014     4.838
new_n115.out[0] (.names)                                         0.261     5.099
po21.in[0] (.names)                                              1.014     6.113
po21.out[0] (.names)                                             0.261     6.374
out:po21.outpad[0] (.output)                                     1.014     7.388
data arrival time                                                          7.388

clock virtual_io_clock (rise edge)                               0.000     0.000
clock source latency                                             0.000     0.000
clock uncertainty                                                0.000     0.000
output external delay                                            0.000     0.000
data required time                                                         0.000
--------------------------------------------------------------------------------
data required time                                                         0.000
data arrival time                                                         -7.388
--------------------------------------------------------------------------------
slack (VIOLATED)                                                          -7.388


#Path 5
Startpoint: pi11.inpad[0] (.input clocked by virtual_io_clock)
Endpoint  : out:po20.outpad[0] (.output clocked by virtual_io_clock)
Path Type : setup

Point                                                             Incr      Path
--------------------------------------------------------------------------------
clock virtual_io_clock (rise edge)                               0.000     0.000
clock source latency                                             0.000     0.000
input external delay                                             0.000     0.000
pi11.inpad[0] (.input)                                           0.000     0.000
new_n77.in[0] (.names)                                           1.014     1.014
new_n77.out[0] (.names)                                          0.261     1.275
new_n76.in[1] (.names)                                           1.014     2.289
new_n76.out[0] (.names)                                          0.261     2.550
new_n68.in[1] (.names)                                           1.014     3.563
new_n68.out[0] (.names)                                          0.261     3.824
new_n115.in[0] (.names)                                          1.014     4.838
new_n115.out[0] (.names)                                         0.261     5.099
po20.in[0] (.names)                                              1.014     6.113
po20.out[0] (.names)                                             0.261     6.374
out:po20.outpad[0] (.output)                                     1.014     7.388
data arrival time                                                          7.388

clock virtual_io_clock (rise edge)                               0.000     0.000
clock source latency                                             0.000     0.000
clock uncertainty                                                0.000     0.000
output external delay                                            0.000     0.000
data required time                                                         0.000
--------------------------------------------------------------------------------
data required time                                                         0.000
data arrival time                                                         -7.388
--------------------------------------------------------------------------------
slack (VIOLATED)                                                          -7.388


#Path 6
Startpoint: pi11.inpad[0] (.input clocked by virtual_io_clock)
Endpoint  : out:po19.outpad[0] (.output clocked by virtual_io_clock)
Path Type : setup

Point                                                             Incr      Path
--------------------------------------------------------------------------------
clock virtual_io_clock (rise edge)                               0.000     0.000
clock source latency                                             0.000     0.000
input external delay                                             0.000     0.000
pi11.inpad[0] (.input)                                           0.000     0.000
new_n77.in[0] (.names)                                           1.014     1.014
new_n77.out[0] (.names)                                          0.261     1.275
new_n76.in[1] (.names)                                           1.014     2.289
new_n76.out[0] (.names)                                          0.261     2.550
new_n68.in[1] (.names)                                           1.014     3.563
new_n68.out[0] (.names)                                          0.261     3.824
new_n115.in[0] (.names)                                          1.014     4.838
new_n115.out[0] (.names)                                         0.261     5.099
po19.in[0] (.names)                                              1.014     6.113
po19.out[0] (.names)                                             0.261     6.374
out:po19.outpad[0] (.output)                                     1.014     7.388
data arrival time                                                          7.388

clock virtual_io_clock (rise edge)                               0.000     0.000
clock source latency                                             0.000     0.000
clock uncertainty                                                0.000     0.000
output external delay                                            0.000     0.000
data required time                                                         0.000
--------------------------------------------------------------------------------
data required time                                                         0.000
data arrival time                                                         -7.388
--------------------------------------------------------------------------------
slack (VIOLATED)                                                          -7.388


#Path 7
Startpoint: pi11.inpad[0] (.input clocked by virtual_io_clock)
Endpoint  : out:po18.outpad[0] (.output clocked by virtual_io_clock)
Path Type : setup

Point                                                             Incr      Path
--------------------------------------------------------------------------------
clock virtual_io_clock (rise edge)                               0.000     0.000
clock source latency                                             0.000     0.000
input external delay                                             0.000     0.000
pi11.inpad[0] (.input)                                           0.000     0.000
new_n77.in[0] (.names)                                           1.014     1.014
new_n77.out[0] (.names)                                          0.261     1.275
new_n76.in[1] (.names)                                           1.014     2.289
new_n76.out[0] (.names)                                          0.261     2.550
new_n68.in[1] (.names)                                           1.014     3.563
new_n68.out[0] (.names)                                          0.261     3.824
new_n115.in[0] (.names)                                          1.014     4.838
new_n115.out[0] (.names)                                         0.261     5.099
po18.in[2] (.names)                                              1.014     6.113
po18.out[0] (.names)                                             0.261     6.374
out:po18.outpad[0] (.output)                                     1.014     7.388
data arrival time                                                          7.388

clock virtual_io_clock (rise edge)                               0.000     0.000
clock source latency                                             0.000     0.000
clock uncertainty                                                0.000     0.000
output external delay                                            0.000     0.000
data required time                                                         0.000
--------------------------------------------------------------------------------
data required time                                                         0.000
data arrival time                                                         -7.388
--------------------------------------------------------------------------------
slack (VIOLATED)                                                          -7.388


#Path 8
Startpoint: pi11.inpad[0] (.input clocked by virtual_io_clock)
Endpoint  : out:po17.outpad[0] (.output clocked by virtual_io_clock)
Path Type : setup

Point                                                             Incr      Path
--------------------------------------------------------------------------------
clock virtual_io_clock (rise edge)                               0.000     0.000
clock source latency                                             0.000     0.000
input external delay                                             0.000     0.000
pi11.inpad[0] (.input)                                           0.000     0.000
new_n77.in[0] (.names)                                           1.014     1.014
new_n77.out[0] (.names)                                          0.261     1.275
new_n76.in[1] (.names)                                           1.014     2.289
new_n76.out[0] (.names)                                          0.261     2.550
new_n68.in[1] (.names)                                           1.014     3.563
new_n68.out[0] (.names)                                          0.261     3.824
new_n115.in[0] (.names)                                          1.014     4.838
new_n115.out[0] (.names)                                         0.261     5.099
po17.in[2] (.names)                                              1.014     6.113
po17.out[0] (.names)                                             0.261     6.374
out:po17.outpad[0] (.output)                                     1.014     7.388
data arrival time                                                          7.388

clock virtual_io_clock (rise edge)                               0.000     0.000
clock source latency                                             0.000     0.000
clock uncertainty                                                0.000     0.000
output external delay                                            0.000     0.000
data required time                                                         0.000
--------------------------------------------------------------------------------
data required time                                                         0.000
data arrival time                                                         -7.388
--------------------------------------------------------------------------------
slack (VIOLATED)                                                          -7.388


#Path 9
Startpoint: pi11.inpad[0] (.input clocked by virtual_io_clock)
Endpoint  : out:po16.outpad[0] (.output clocked by virtual_io_clock)
Path Type : setup

Point                                                             Incr      Path
--------------------------------------------------------------------------------
clock virtual_io_clock (rise edge)                               0.000     0.000
clock source latency                                             0.000     0.000
input external delay                                             0.000     0.000
pi11.inpad[0] (.input)                                           0.000     0.000
new_n77.in[0] (.names)                                           1.014     1.014
new_n77.out[0] (.names)                                          0.261     1.275
new_n76.in[1] (.names)                                           1.014     2.289
new_n76.out[0] (.names)                                          0.261     2.550
new_n68.in[1] (.names)                                           1.014     3.563
new_n68.out[0] (.names)                                          0.261     3.824
new_n115.in[0] (.names)                                          1.014     4.838
new_n115.out[0] (.names)                                         0.261     5.099
po16.in[0] (.names)                                              1.014     6.113
po16.out[0] (.names)                                             0.261     6.374
out:po16.outpad[0] (.output)                                     1.014     7.388
data arrival time                                                          7.388

clock virtual_io_clock (rise edge)                               0.000     0.000
clock source latency                                             0.000     0.000
clock uncertainty                                                0.000     0.000
output external delay                                            0.000     0.000
data required time                                                         0.000
--------------------------------------------------------------------------------
data required time                                                         0.000
data arrival time                                                         -7.388
--------------------------------------------------------------------------------
slack (VIOLATED)                                                          -7.388


#Path 10
Startpoint: pi06.inpad[0] (.input clocked by virtual_io_clock)
Endpoint  : out:po22.outpad[0] (.output clocked by virtual_io_clock)
Path Type : setup

Point                                                             Incr      Path
--------------------------------------------------------------------------------
clock virtual_io_clock (rise edge)                               0.000     0.000
clock source latency                                             0.000     0.000
input external delay                                             0.000     0.000
pi06.inpad[0] (.input)                                           0.000     0.000
new_n63.in[0] (.names)                                           1.014     1.014
new_n63.out[0] (.names)                                          0.261     1.275
new_n62.in[3] (.names)                                           1.014     2.289
new_n62.out[0] (.names)                                          0.261     2.550
new_n89.in[1] (.names)                                           1.014     3.563
new_n89.out[0] (.names)                                          0.261     3.824
new_n88.in[0] (.names)                                           1.014     4.838
new_n88.out[0] (.names)                                          0.261     5.099
po22.in[0] (.names)                                              1.014     6.113
po22.out[0] (.names)                                             0.261     6.374
out:po22.outpad[0] (.output)                                     1.014     7.388
data arrival time                                                          7.388

clock virtual_io_clock (rise edge)                               0.000     0.000
clock source latency                                             0.000     0.000
clock uncertainty                                                0.000     0.000
output external delay                                            0.000     0.000
data required time                                                         0.000
--------------------------------------------------------------------------------
data required time                                                         0.000
data arrival time                                                         -7.388
--------------------------------------------------------------------------------
slack (VIOLATED)                                                          -7.388


#Path 11
Startpoint: pi06.inpad[0] (.input clocked by virtual_io_clock)
Endpoint  : out:po12.outpad[0] (.output clocked by virtual_io_clock)
Path Type : setup

Point                                                             Incr      Path
--------------------------------------------------------------------------------
clock virtual_io_clock (rise edge)                               0.000     0.000
clock source latency                                             0.000     0.000
input external delay                                             0.000     0.000
pi06.inpad[0] (.input)                                           0.000     0.000
new_n63.in[0] (.names)                                           1.014     1.014
new_n63.out[0] (.names)                                          0.261     1.275
new_n62.in[3] (.names)                                           1.014     2.289
new_n62.out[0] (.names)                                          0.261     2.550
new_n89.in[1] (.names)                                           1.014     3.563
new_n89.out[0] (.names)                                          0.261     3.824
new_n100.in[0] (.names)                                          1.014     4.838
new_n100.out[0] (.names)                                         0.261     5.099
po12.in[0] (.names)                                              1.014     6.113
po12.out[0] (.names)                                             0.261     6.374
out:po12.outpad[0] (.output)                                     1.014     7.388
data arrival time                                                          7.388

clock virtual_io_clock (rise edge)                               0.000     0.000
clock source latency                                             0.000     0.000
clock uncertainty                                                0.000     0.000
output external delay                                            0.000     0.000
data required time                                                         0.000
--------------------------------------------------------------------------------
data required time                                                         0.000
data arrival time                                                         -7.388
--------------------------------------------------------------------------------
slack (VIOLATED)                                                          -7.388


#Path 12
Startpoint: pi06.inpad[0] (.input clocked by virtual_io_clock)
Endpoint  : out:po11.outpad[0] (.output clocked by virtual_io_clock)
Path Type : setup

Point                                                             Incr      Path
--------------------------------------------------------------------------------
clock virtual_io_clock (rise edge)                               0.000     0.000
clock source latency                                             0.000     0.000
input external delay                                             0.000     0.000
pi06.inpad[0] (.input)                                           0.000     0.000
new_n63.in[0] (.names)                                           1.014     1.014
new_n63.out[0] (.names)                                          0.261     1.275
new_n62.in[3] (.names)                                           1.014     2.289
new_n62.out[0] (.names)                                          0.261     2.550
new_n89.in[1] (.names)                                           1.014     3.563
new_n89.out[0] (.names)                                          0.261     3.824
new_n100.in[0] (.names)                                          1.014     4.838
new_n100.out[0] (.names)                                         0.261     5.099
po11.in[0] (.names)                                              1.014     6.113
po11.out[0] (.names)                                             0.261     6.374
out:po11.outpad[0] (.output)                                     1.014     7.388
data arrival time                                                          7.388

clock virtual_io_clock (rise edge)                               0.000     0.000
clock source latency                                             0.000     0.000
clock uncertainty                                                0.000     0.000
output external delay                                            0.000     0.000
data required time                                                         0.000
--------------------------------------------------------------------------------
data required time                                                         0.000
data arrival time                                                         -7.388
--------------------------------------------------------------------------------
slack (VIOLATED)                                                          -7.388


#Path 13
Startpoint: pi06.inpad[0] (.input clocked by virtual_io_clock)
Endpoint  : out:po10.outpad[0] (.output clocked by virtual_io_clock)
Path Type : setup

Point                                                             Incr      Path
--------------------------------------------------------------------------------
clock virtual_io_clock (rise edge)                               0.000     0.000
clock source latency                                             0.000     0.000
input external delay                                             0.000     0.000
pi06.inpad[0] (.input)                                           0.000     0.000
new_n63.in[0] (.names)                                           1.014     1.014
new_n63.out[0] (.names)                                          0.261     1.275
new_n62.in[3] (.names)                                           1.014     2.289
new_n62.out[0] (.names)                                          0.261     2.550
new_n89.in[1] (.names)                                           1.014     3.563
new_n89.out[0] (.names)                                          0.261     3.824
new_n100.in[0] (.names)                                          1.014     4.838
new_n100.out[0] (.names)                                         0.261     5.099
po10.in[0] (.names)                                              1.014     6.113
po10.out[0] (.names)                                             0.261     6.374
out:po10.outpad[0] (.output)                                     1.014     7.388
data arrival time                                                          7.388

clock virtual_io_clock (rise edge)                               0.000     0.000
clock source latency                                             0.000     0.000
clock uncertainty                                                0.000     0.000
output external delay                                            0.000     0.000
data required time                                                         0.000
--------------------------------------------------------------------------------
data required time                                                         0.000
data arrival time                                                         -7.388
--------------------------------------------------------------------------------
slack (VIOLATED)                                                          -7.388


#Path 14
Startpoint: pi06.inpad[0] (.input clocked by virtual_io_clock)
Endpoint  : out:po05.outpad[0] (.output clocked by virtual_io_clock)
Path Type : setup

Point                                                             Incr      Path
--------------------------------------------------------------------------------
clock virtual_io_clock (rise edge)                               0.000     0.000
clock source latency                                             0.000     0.000
input external delay                                             0.000     0.000
pi06.inpad[0] (.input)                                           0.000     0.000
new_n63.in[0] (.names)                                           1.014     1.014
new_n63.out[0] (.names)                                          0.261     1.275
new_n62.in[3] (.names)                                           1.014     2.289
new_n62.out[0] (.names)                                          0.261     2.550
new_n89.in[1] (.names)                                           1.014     3.563
new_n89.out[0] (.names)                                          0.261     3.824
new_n88.in[0] (.names)                                           1.014     4.838
new_n88.out[0] (.names)                                          0.261     5.099
po05.in[0] (.names)                                              1.014     6.113
po05.out[0] (.names)                                             0.261     6.374
out:po05.outpad[0] (.output)                                     1.014     7.388
data arrival time                                                          7.388

clock virtual_io_clock (rise edge)                               0.000     0.000
clock source latency                                             0.000     0.000
clock uncertainty                                                0.000     0.000
output external delay                                            0.000     0.000
data required time                                                         0.000
--------------------------------------------------------------------------------
data required time                                                         0.000
data arrival time                                                         -7.388
--------------------------------------------------------------------------------
slack (VIOLATED)                                                          -7.388


#Path 15
Startpoint: pi06.inpad[0] (.input clocked by virtual_io_clock)
Endpoint  : out:po04.outpad[0] (.output clocked by virtual_io_clock)
Path Type : setup

Point                                                             Incr      Path
--------------------------------------------------------------------------------
clock virtual_io_clock (rise edge)                               0.000     0.000
clock source latency                                             0.000     0.000
input external delay                                             0.000     0.000
pi06.inpad[0] (.input)                                           0.000     0.000
new_n63.in[0] (.names)                                           1.014     1.014
new_n63.out[0] (.names)                                          0.261     1.275
new_n62.in[3] (.names)                                           1.014     2.289
new_n62.out[0] (.names)                                          0.261     2.550
new_n89.in[1] (.names)                                           1.014     3.563
new_n89.out[0] (.names)                                          0.261     3.824
new_n88.in[0] (.names)                                           1.014     4.838
new_n88.out[0] (.names)                                          0.261     5.099
po04.in[0] (.names)                                              1.014     6.113
po04.out[0] (.names)                                             0.261     6.374
out:po04.outpad[0] (.output)                                     1.014     7.388
data arrival time                                                          7.388

clock virtual_io_clock (rise edge)                               0.000     0.000
clock source latency                                             0.000     0.000
clock uncertainty                                                0.000     0.000
output external delay                                            0.000     0.000
data required time                                                         0.000
--------------------------------------------------------------------------------
data required time                                                         0.000
data arrival time                                                         -7.388
--------------------------------------------------------------------------------
slack (VIOLATED)                                                          -7.388


#Path 16
Startpoint: pi06.inpad[0] (.input clocked by virtual_io_clock)
Endpoint  : out:po02.outpad[0] (.output clocked by virtual_io_clock)
Path Type : setup

Point                                                             Incr      Path
--------------------------------------------------------------------------------
clock virtual_io_clock (rise edge)                               0.000     0.000
clock source latency                                             0.000     0.000
input external delay                                             0.000     0.000
pi06.inpad[0] (.input)                                           0.000     0.000
new_n63.in[0] (.names)                                           1.014     1.014
new_n63.out[0] (.names)                                          0.261     1.275
new_n62.in[3] (.names)                                           1.014     2.289
new_n62.out[0] (.names)                                          0.261     2.550
new_n89.in[1] (.names)                                           1.014     3.563
new_n89.out[0] (.names)                                          0.261     3.824
new_n88.in[0] (.names)                                           1.014     4.838
new_n88.out[0] (.names)                                          0.261     5.099
po02.in[0] (.names)                                              1.014     6.113
po02.out[0] (.names)                                             0.261     6.374
out:po02.outpad[0] (.output)                                     1.014     7.388
data arrival time                                                          7.388

clock virtual_io_clock (rise edge)                               0.000     0.000
clock source latency                                             0.000     0.000
clock uncertainty                                                0.000     0.000
output external delay                                            0.000     0.000
data required time                                                         0.000
--------------------------------------------------------------------------------
data required time                                                         0.000
data arrival time                                                         -7.388
--------------------------------------------------------------------------------
slack (VIOLATED)                                                          -7.388


#Path 17
Startpoint: pi06.inpad[0] (.input clocked by virtual_io_clock)
Endpoint  : out:po01.outpad[0] (.output clocked by virtual_io_clock)
Path Type : setup

Point                                                             Incr      Path
--------------------------------------------------------------------------------
clock virtual_io_clock (rise edge)                               0.000     0.000
clock source latency                                             0.000     0.000
input external delay                                             0.000     0.000
pi06.inpad[0] (.input)                                           0.000     0.000
new_n63.in[0] (.names)                                           1.014     1.014
new_n63.out[0] (.names)                                          0.261     1.275
new_n62.in[3] (.names)                                           1.014     2.289
new_n62.out[0] (.names)                                          0.261     2.550
new_n89.in[1] (.names)                                           1.014     3.563
new_n89.out[0] (.names)                                          0.261     3.824
new_n88.in[0] (.names)                                           1.014     4.838
new_n88.out[0] (.names)                                          0.261     5.099
po01.in[0] (.names)                                              1.014     6.113
po01.out[0] (.names)                                             0.261     6.374
out:po01.outpad[0] (.output)                                     1.014     7.388
data arrival time                                                          7.388

clock virtual_io_clock (rise edge)                               0.000     0.000
clock source latency                                             0.000     0.000
clock uncertainty                                                0.000     0.000
output external delay                                            0.000     0.000
data required time                                                         0.000
--------------------------------------------------------------------------------
data required time                                                         0.000
data arrival time                                                         -7.388
--------------------------------------------------------------------------------
slack (VIOLATED)                                                          -7.388


#Path 18
Startpoint: pi06.inpad[0] (.input clocked by virtual_io_clock)
Endpoint  : out:po00.outpad[0] (.output clocked by virtual_io_clock)
Path Type : setup

Point                                                             Incr      Path
--------------------------------------------------------------------------------
clock virtual_io_clock (rise edge)                               0.000     0.000
clock source latency                                             0.000     0.000
input external delay                                             0.000     0.000
pi06.inpad[0] (.input)                                           0.000     0.000
new_n63.in[0] (.names)                                           1.014     1.014
new_n63.out[0] (.names)                                          0.261     1.275
new_n62.in[3] (.names)                                           1.014     2.289
new_n62.out[0] (.names)                                          0.261     2.550
new_n61.in[1] (.names)                                           1.014     3.563
new_n61.out[0] (.names)                                          0.261     3.824
po00.in[0] (.names)                                              1.014     4.838
po00.out[0] (.names)                                             0.261     5.099
out:po00.outpad[0] (.output)                                     1.014     6.113
data arrival time                                                          6.113

clock virtual_io_clock (rise edge)                               0.000     0.000
clock source latency                                             0.000     0.000
clock uncertainty                                                0.000     0.000
output external delay                                            0.000     0.000
data required time                                                         0.000
--------------------------------------------------------------------------------
data required time                                                         0.000
data arrival time                                                         -6.113
--------------------------------------------------------------------------------
slack (VIOLATED)                                                          -6.113


#Path 19
Startpoint: pi06.inpad[0] (.input clocked by virtual_io_clock)
Endpoint  : out:po13.outpad[0] (.output clocked by virtual_io_clock)
Path Type : setup

Point                                                             Incr      Path
--------------------------------------------------------------------------------
clock virtual_io_clock (rise edge)                               0.000     0.000
clock source latency                                             0.000     0.000
input external delay                                             0.000     0.000
pi06.inpad[0] (.input)                                           0.000     0.000
new_n63.in[0] (.names)                                           1.014     1.014
new_n63.out[0] (.names)                                          0.261     1.275
new_n62.in[3] (.names)                                           1.014     2.289
new_n62.out[0] (.names)                                          0.261     2.550
new_n61.in[1] (.names)                                           1.014     3.563
new_n61.out[0] (.names)                                          0.261     3.824
po13.in[0] (.names)                                              1.014     4.838
po13.out[0] (.names)                                             0.261     5.099
out:po13.outpad[0] (.output)                                     1.014     6.113
data arrival time                                                          6.113

clock virtual_io_clock (rise edge)                               0.000     0.000
clock source latency                                             0.000     0.000
clock uncertainty                                                0.000     0.000
output external delay                                            0.000     0.000
data required time                                                         0.000
--------------------------------------------------------------------------------
data required time                                                         0.000
data arrival time                                                         -6.113
--------------------------------------------------------------------------------
slack (VIOLATED)                                                          -6.113


#Path 20
Startpoint: pi06.inpad[0] (.input clocked by virtual_io_clock)
Endpoint  : out:po08.outpad[0] (.output clocked by virtual_io_clock)
Path Type : setup

Point                                                             Incr      Path
--------------------------------------------------------------------------------
clock virtual_io_clock (rise edge)                               0.000     0.000
clock source latency                                             0.000     0.000
input external delay                                             0.000     0.000
pi06.inpad[0] (.input)                                           0.000     0.000
new_n63.in[0] (.names)                                           1.014     1.014
new_n63.out[0] (.names)                                          0.261     1.275
new_n62.in[3] (.names)                                           1.014     2.289
new_n62.out[0] (.names)                                          0.261     2.550
new_n61.in[1] (.names)                                           1.014     3.563
new_n61.out[0] (.names)                                          0.261     3.824
po08.in[0] (.names)                                              1.014     4.838
po08.out[0] (.names)                                             0.261     5.099
out:po08.outpad[0] (.output)                                     1.014     6.113
data arrival time                                                          6.113

clock virtual_io_clock (rise edge)                               0.000     0.000
clock source latency                                             0.000     0.000
clock uncertainty                                                0.000     0.000
output external delay                                            0.000     0.000
data required time                                                         0.000
--------------------------------------------------------------------------------
data required time                                                         0.000
data arrival time                                                         -6.113
--------------------------------------------------------------------------------
slack (VIOLATED)                                                          -6.113


#Path 21
Startpoint: pi06.inpad[0] (.input clocked by virtual_io_clock)
Endpoint  : out:po07.outpad[0] (.output clocked by virtual_io_clock)
Path Type : setup

Point                                                             Incr      Path
--------------------------------------------------------------------------------
clock virtual_io_clock (rise edge)                               0.000     0.000
clock source latency                                             0.000     0.000
input external delay                                             0.000     0.000
pi06.inpad[0] (.input)                                           0.000     0.000
new_n63.in[0] (.names)                                           1.014     1.014
new_n63.out[0] (.names)                                          0.261     1.275
new_n62.in[3] (.names)                                           1.014     2.289
new_n62.out[0] (.names)                                          0.261     2.550
new_n61.in[1] (.names)                                           1.014     3.563
new_n61.out[0] (.names)                                          0.261     3.824
po07.in[0] (.names)                                              1.014     4.838
po07.out[0] (.names)                                             0.261     5.099
out:po07.outpad[0] (.output)                                     1.014     6.113
data arrival time                                                          6.113

clock virtual_io_clock (rise edge)                               0.000     0.000
clock source latency                                             0.000     0.000
clock uncertainty                                                0.000     0.000
output external delay                                            0.000     0.000
data required time                                                         0.000
--------------------------------------------------------------------------------
data required time                                                         0.000
data arrival time                                                         -6.113
--------------------------------------------------------------------------------
slack (VIOLATED)                                                          -6.113


#Path 22
Startpoint: pi06.inpad[0] (.input clocked by virtual_io_clock)
Endpoint  : out:po06.outpad[0] (.output clocked by virtual_io_clock)
Path Type : setup

Point                                                             Incr      Path
--------------------------------------------------------------------------------
clock virtual_io_clock (rise edge)                               0.000     0.000
clock source latency                                             0.000     0.000
input external delay                                             0.000     0.000
pi06.inpad[0] (.input)                                           0.000     0.000
new_n63.in[0] (.names)                                           1.014     1.014
new_n63.out[0] (.names)                                          0.261     1.275
new_n62.in[3] (.names)                                           1.014     2.289
new_n62.out[0] (.names)                                          0.261     2.550
new_n61.in[1] (.names)                                           1.014     3.563
new_n61.out[0] (.names)                                          0.261     3.824
po06.in[0] (.names)                                              1.014     4.838
po06.out[0] (.names)                                             0.261     5.099
out:po06.outpad[0] (.output)                                     1.014     6.113
data arrival time                                                          6.113

clock virtual_io_clock (rise edge)                               0.000     0.000
clock source latency                                             0.000     0.000
clock uncertainty                                                0.000     0.000
output external delay                                            0.000     0.000
data required time                                                         0.000
--------------------------------------------------------------------------------
data required time                                                         0.000
data arrival time                                                         -6.113
--------------------------------------------------------------------------------
slack (VIOLATED)                                                          -6.113


#Path 23
Startpoint: pi06.inpad[0] (.input clocked by virtual_io_clock)
Endpoint  : out:po15.outpad[0] (.output clocked by virtual_io_clock)
Path Type : setup

Point                                                             Incr      Path
--------------------------------------------------------------------------------
clock virtual_io_clock (rise edge)                               0.000     0.000
clock source latency                                             0.000     0.000
input external delay                                             0.000     0.000
pi06.inpad[0] (.input)                                           0.000     0.000
new_n63.in[0] (.names)                                           1.014     1.014
new_n63.out[0] (.names)                                          0.261     1.275
new_n62.in[3] (.names)                                           1.014     2.289
new_n62.out[0] (.names)                                          0.261     2.550
new_n61.in[1] (.names)                                           1.014     3.563
new_n61.out[0] (.names)                                          0.261     3.824
po15.in[0] (.names)                                              1.014     4.838
po15.out[0] (.names)                                             0.261     5.099
out:po15.outpad[0] (.output)                                     1.014     6.113
data arrival time                                                          6.113

clock virtual_io_clock (rise edge)                               0.000     0.000
clock source latency                                             0.000     0.000
clock uncertainty                                                0.000     0.000
output external delay                                            0.000     0.000
data required time                                                         0.000
--------------------------------------------------------------------------------
data required time                                                         0.000
data arrival time                                                         -6.113
--------------------------------------------------------------------------------
slack (VIOLATED)                                                          -6.113


#Path 24
Startpoint: pi06.inpad[0] (.input clocked by virtual_io_clock)
Endpoint  : out:po14.outpad[0] (.output clocked by virtual_io_clock)
Path Type : setup

Point                                                             Incr      Path
--------------------------------------------------------------------------------
clock virtual_io_clock (rise edge)                               0.000     0.000
clock source latency                                             0.000     0.000
input external delay                                             0.000     0.000
pi06.inpad[0] (.input)                                           0.000     0.000
new_n63.in[0] (.names)                                           1.014     1.014
new_n63.out[0] (.names)                                          0.261     1.275
new_n62.in[3] (.names)                                           1.014     2.289
new_n62.out[0] (.names)                                          0.261     2.550
new_n61.in[1] (.names)                                           1.014     3.563
new_n61.out[0] (.names)                                          0.261     3.824
po14.in[0] (.names)                                              1.014     4.838
po14.out[0] (.names)                                             0.261     5.099
out:po14.outpad[0] (.output)                                     1.014     6.113
data arrival time                                                          6.113

clock virtual_io_clock (rise edge)                               0.000     0.000
clock source latency                                             0.000     0.000
clock uncertainty                                                0.000     0.000
output external delay                                            0.000     0.000
data required time                                                         0.000
--------------------------------------------------------------------------------
data required time                                                         0.000
data arrival time                                                         -6.113
--------------------------------------------------------------------------------
slack (VIOLATED)                                                          -6.113


#Path 25
Startpoint: pi06.inpad[0] (.input clocked by virtual_io_clock)
Endpoint  : out:po03.outpad[0] (.output clocked by virtual_io_clock)
Path Type : setup

Point                                                             Incr      Path
--------------------------------------------------------------------------------
clock virtual_io_clock (rise edge)                               0.000     0.000
clock source latency                                             0.000     0.000
input external delay                                             0.000     0.000
pi06.inpad[0] (.input)                                           0.000     0.000
new_n63.in[0] (.names)                                           1.014     1.014
new_n63.out[0] (.names)                                          0.261     1.275
new_n62.in[3] (.names)                                           1.014     2.289
new_n62.out[0] (.names)                                          0.261     2.550
new_n61.in[1] (.names)                                           1.014     3.563
new_n61.out[0] (.names)                                          0.261     3.824
po03.in[0] (.names)                                              1.014     4.838
po03.out[0] (.names)                                             0.261     5.099
out:po03.outpad[0] (.output)                                     1.014     6.113
data arrival time                                                          6.113

clock virtual_io_clock (rise edge)                               0.000     0.000
clock source latency                                             0.000     0.000
clock uncertainty                                                0.000     0.000
output external delay                                            0.000     0.000
data required time                                                         0.000
--------------------------------------------------------------------------------
data required time                                                         0.000
data arrival time                                                         -6.113
--------------------------------------------------------------------------------
slack (VIOLATED)                                                          -6.113


#End of timing report
