#Timing report of worst 25 path(s)
# Unit scale: 1e-09 seconds
# Output precision: 3

#Path 1
Startpoint: pi14.inpad[0] (.input clocked by virtual_io_clock)
Endpoint  : out:po21.outpad[0] (.output clocked by virtual_io_clock)
Path Type : setup

Point                                                             Incr      Path
--------------------------------------------------------------------------------
clock virtual_io_clock (rise edge)                               0.000     0.000
clock source latency                                             0.000     0.000
input external delay                                             0.000     0.000
pi14.inpad[0] (.input)                                           0.000     0.000
new_n82.in[4] (.names)                                           2.095     2.095
new_n82.out[0] (.names)                                          0.261     2.356
new_n81.in[3] (.names)                                           0.100     2.456
new_n81.out[0] (.names)                                          0.261     2.717
new_n91.in[1] (.names)                                           0.333     3.050
new_n91.out[0] (.names)                                          0.261     3.311
new_n115.in[3] (.names)                                          0.100     3.411
new_n115.out[0] (.names)                                         0.261     3.672
po21.in[0] (.names)                                              0.332     4.003
po21.out[0] (.names)                                             0.261     4.264
out:po21.outpad[0] (.output)                                     3.633     7.897
data arrival time                                                          7.897

clock virtual_io_clock (rise edge)                               0.000     0.000
clock source latency                                             0.000     0.000
clock uncertainty                                                0.000     0.000
output external delay                                            0.000     0.000
data required time                                                         0.000
--------------------------------------------------------------------------------
data required time                                                         0.000
data arrival time                                                         -7.897
--------------------------------------------------------------------------------
slack (VIOLATED)                                                          -7.897


#Path 2
Startpoint: pi14.inpad[0] (.input clocked by virtual_io_clock)
Endpoint  : out:po02.outpad[0] (.output clocked by virtual_io_clock)
Path Type : setup

Point                                                             Incr      Path
--------------------------------------------------------------------------------
clock virtual_io_clock (rise edge)                               0.000     0.000
clock source latency                                             0.000     0.000
input external delay                                             0.000     0.000
pi14.inpad[0] (.input)                                           0.000     0.000
new_n82.in[4] (.names)                                           2.095     2.095
new_n82.out[0] (.names)                                          0.261     2.356
new_n81.in[3] (.names)                                           0.100     2.456
new_n81.out[0] (.names)                                          0.261     2.717
new_n91.in[1] (.names)                                           0.333     3.050
new_n91.out[0] (.names)                                          0.261     3.311
new_n88.in[1] (.names)                                           0.100     3.411
new_n88.out[0] (.names)                                          0.261     3.672
po02.in[0] (.names)                                              0.332     4.004
po02.out[0] (.names)                                             0.261     4.265
out:po02.outpad[0] (.output)                                     3.617     7.882
data arrival time                                                          7.882

clock virtual_io_clock (rise edge)                               0.000     0.000
clock source latency                                             0.000     0.000
clock uncertainty                                                0.000     0.000
output external delay                                            0.000     0.000
data required time                                                         0.000
--------------------------------------------------------------------------------
data required time                                                         0.000
data arrival time                                                         -7.882
--------------------------------------------------------------------------------
slack (VIOLATED)                                                          -7.882


#Path 3
Startpoint: pi14.inpad[0] (.input clocked by virtual_io_clock)
Endpoint  : out:po05.outpad[0] (.output clocked by virtual_io_clock)
Path Type : setup

Point                                                             Incr      Path
--------------------------------------------------------------------------------
clock virtual_io_clock (rise edge)                               0.000     0.000
clock source latency                                             0.000     0.000
input external delay                                             0.000     0.000
pi14.inpad[0] (.input)                                           0.000     0.000
new_n82.in[4] (.names)                                           2.095     2.095
new_n82.out[0] (.names)                                          0.261     2.356
new_n81.in[3] (.names)                                           0.100     2.456
new_n81.out[0] (.names)                                          0.261     2.717
new_n91.in[1] (.names)                                           0.333     3.050
new_n91.out[0] (.names)                                          0.261     3.311
new_n88.in[1] (.names)                                           0.100     3.411
new_n88.out[0] (.names)                                          0.261     3.672
po05.in[0] (.names)                                              0.331     4.003
po05.out[0] (.names)                                             0.261     4.264
out:po05.outpad[0] (.output)                                     3.585     7.849
data arrival time                                                          7.849

clock virtual_io_clock (rise edge)                               0.000     0.000
clock source latency                                             0.000     0.000
clock uncertainty                                                0.000     0.000
output external delay                                            0.000     0.000
data required time                                                         0.000
--------------------------------------------------------------------------------
data required time                                                         0.000
data arrival time                                                         -7.849
--------------------------------------------------------------------------------
slack (VIOLATED)                                                          -7.849


#Path 4
Startpoint: pi14.inpad[0] (.input clocked by virtual_io_clock)
Endpoint  : out:po12.outpad[0] (.output clocked by virtual_io_clock)
Path Type : setup

Point                                                             Incr      Path
--------------------------------------------------------------------------------
clock virtual_io_clock (rise edge)                               0.000     0.000
clock source latency                                             0.000     0.000
input external delay                                             0.000     0.000
pi14.inpad[0] (.input)                                           0.000     0.000
new_n82.in[4] (.names)                                           2.095     2.095
new_n82.out[0] (.names)                                          0.261     2.356
new_n81.in[3] (.names)                                           0.100     2.456
new_n81.out[0] (.names)                                          0.261     2.717
new_n101.in[1] (.names)                                          0.333     3.050
new_n101.out[0] (.names)                                         0.261     3.311
new_n100.in[1] (.names)                                          0.100     3.411
new_n100.out[0] (.names)                                         0.261     3.672
po12.in[0] (.names)                                              0.332     4.004
po12.out[0] (.names)                                             0.261     4.265
out:po12.outpad[0] (.output)                                     3.548     7.813
data arrival time                                                          7.813

clock virtual_io_clock (rise edge)                               0.000     0.000
clock source latency                                             0.000     0.000
clock uncertainty                                                0.000     0.000
output external delay                                            0.000     0.000
data required time                                                         0.000
--------------------------------------------------------------------------------
data required time                                                         0.000
data arrival time                                                         -7.813
--------------------------------------------------------------------------------
slack (VIOLATED)                                                          -7.813


#Path 5
Startpoint: pi14.inpad[0] (.input clocked by virtual_io_clock)
Endpoint  : out:po22.outpad[0] (.output clocked by virtual_io_clock)
Path Type : setup

Point                                                             Incr      Path
--------------------------------------------------------------------------------
clock virtual_io_clock (rise edge)                               0.000     0.000
clock source latency                                             0.000     0.000
input external delay                                             0.000     0.000
pi14.inpad[0] (.input)                                           0.000     0.000
new_n82.in[4] (.names)                                           2.095     2.095
new_n82.out[0] (.names)                                          0.261     2.356
new_n81.in[3] (.names)                                           0.100     2.456
new_n81.out[0] (.names)                                          0.261     2.717
new_n91.in[1] (.names)                                           0.333     3.050
new_n91.out[0] (.names)                                          0.261     3.311
new_n88.in[1] (.names)                                           0.100     3.411
new_n88.out[0] (.names)                                          0.261     3.672
po22.in[0] (.names)                                              0.332     4.004
po22.out[0] (.names)                                             0.261     4.265
out:po22.outpad[0] (.output)                                     3.523     7.788
data arrival time                                                          7.788

clock virtual_io_clock (rise edge)                               0.000     0.000
clock source latency                                             0.000     0.000
clock uncertainty                                                0.000     0.000
output external delay                                            0.000     0.000
data required time                                                         0.000
--------------------------------------------------------------------------------
data required time                                                         0.000
data arrival time                                                         -7.788
--------------------------------------------------------------------------------
slack (VIOLATED)                                                          -7.788


#Path 6
Startpoint: pi14.inpad[0] (.input clocked by virtual_io_clock)
Endpoint  : out:po17.outpad[0] (.output clocked by virtual_io_clock)
Path Type : setup

Point                                                             Incr      Path
--------------------------------------------------------------------------------
clock virtual_io_clock (rise edge)                               0.000     0.000
clock source latency                                             0.000     0.000
input external delay                                             0.000     0.000
pi14.inpad[0] (.input)                                           0.000     0.000
new_n82.in[4] (.names)                                           2.095     2.095
new_n82.out[0] (.names)                                          0.261     2.356
new_n81.in[3] (.names)                                           0.100     2.456
new_n81.out[0] (.names)                                          0.261     2.717
new_n91.in[1] (.names)                                           0.333     3.050
new_n91.out[0] (.names)                                          0.261     3.311
new_n115.in[3] (.names)                                          0.100     3.411
new_n115.out[0] (.names)                                         0.261     3.672
po17.in[2] (.names)                                              0.333     4.004
po17.out[0] (.names)                                             0.261     4.265
out:po17.outpad[0] (.output)                                     3.518     7.783
data arrival time                                                          7.783

clock virtual_io_clock (rise edge)                               0.000     0.000
clock source latency                                             0.000     0.000
clock uncertainty                                                0.000     0.000
output external delay                                            0.000     0.000
data required time                                                         0.000
--------------------------------------------------------------------------------
data required time                                                         0.000
data arrival time                                                         -7.783
--------------------------------------------------------------------------------
slack (VIOLATED)                                                          -7.783


#Path 7
Startpoint: pi14.inpad[0] (.input clocked by virtual_io_clock)
Endpoint  : out:po18.outpad[0] (.output clocked by virtual_io_clock)
Path Type : setup

Point                                                             Incr      Path
--------------------------------------------------------------------------------
clock virtual_io_clock (rise edge)                               0.000     0.000
clock source latency                                             0.000     0.000
input external delay                                             0.000     0.000
pi14.inpad[0] (.input)                                           0.000     0.000
new_n82.in[4] (.names)                                           2.095     2.095
new_n82.out[0] (.names)                                          0.261     2.356
new_n81.in[3] (.names)                                           0.100     2.456
new_n81.out[0] (.names)                                          0.261     2.717
new_n91.in[1] (.names)                                           0.333     3.050
new_n91.out[0] (.names)                                          0.261     3.311
new_n115.in[3] (.names)                                          0.100     3.411
new_n115.out[0] (.names)                                         0.261     3.672
po18.in[2] (.names)                                              0.333     4.004
po18.out[0] (.names)                                             0.261     4.265
out:po18.outpad[0] (.output)                                     3.509     7.775
data arrival time                                                          7.775

clock virtual_io_clock (rise edge)                               0.000     0.000
clock source latency                                             0.000     0.000
clock uncertainty                                                0.000     0.000
output external delay                                            0.000     0.000
data required time                                                         0.000
--------------------------------------------------------------------------------
data required time                                                         0.000
data arrival time                                                         -7.775
--------------------------------------------------------------------------------
slack (VIOLATED)                                                          -7.775


#Path 8
Startpoint: pi14.inpad[0] (.input clocked by virtual_io_clock)
Endpoint  : out:po24.outpad[0] (.output clocked by virtual_io_clock)
Path Type : setup

Point                                                             Incr      Path
--------------------------------------------------------------------------------
clock virtual_io_clock (rise edge)                               0.000     0.000
clock source latency                                             0.000     0.000
input external delay                                             0.000     0.000
pi14.inpad[0] (.input)                                           0.000     0.000
new_n82.in[4] (.names)                                           2.095     2.095
new_n82.out[0] (.names)                                          0.261     2.356
new_n81.in[3] (.names)                                           0.100     2.456
new_n81.out[0] (.names)                                          0.261     2.717
new_n91.in[1] (.names)                                           0.333     3.050
new_n91.out[0] (.names)                                          0.261     3.311
new_n115.in[3] (.names)                                          0.100     3.411
new_n115.out[0] (.names)                                         0.261     3.672
po24.in[0] (.names)                                              0.100     3.772
po24.out[0] (.names)                                             0.261     4.033
out:po24.outpad[0] (.output)                                     3.673     7.706
data arrival time                                                          7.706

clock virtual_io_clock (rise edge)                               0.000     0.000
clock source latency                                             0.000     0.000
clock uncertainty                                                0.000     0.000
output external delay                                            0.000     0.000
data required time                                                         0.000
--------------------------------------------------------------------------------
data required time                                                         0.000
data arrival time                                                         -7.706
--------------------------------------------------------------------------------
slack (VIOLATED)                                                          -7.706


#Path 9
Startpoint: pi14.inpad[0] (.input clocked by virtual_io_clock)
Endpoint  : out:po19.outpad[0] (.output clocked by virtual_io_clock)
Path Type : setup

Point                                                             Incr      Path
--------------------------------------------------------------------------------
clock virtual_io_clock (rise edge)                               0.000     0.000
clock source latency                                             0.000     0.000
input external delay                                             0.000     0.000
pi14.inpad[0] (.input)                                           0.000     0.000
new_n82.in[4] (.names)                                           2.095     2.095
new_n82.out[0] (.names)                                          0.261     2.356
new_n81.in[3] (.names)                                           0.100     2.456
new_n81.out[0] (.names)                                          0.261     2.717
new_n91.in[1] (.names)                                           0.333     3.050
new_n91.out[0] (.names)                                          0.261     3.311
new_n115.in[3] (.names)                                          0.100     3.411
new_n115.out[0] (.names)                                         0.261     3.672
po19.in[0] (.names)                                              0.100     3.772
po19.out[0] (.names)                                             0.261     4.033
out:po19.outpad[0] (.output)                                     3.658     7.691
data arrival time                                                          7.691

clock virtual_io_clock (rise edge)                               0.000     0.000
clock source latency                                             0.000     0.000
clock uncertainty                                                0.000     0.000
output external delay                                            0.000     0.000
data required time                                                         0.000
--------------------------------------------------------------------------------
data required time                                                         0.000
data arrival time                                                         -7.691
--------------------------------------------------------------------------------
slack (VIOLATED)                                                          -7.691


#Path 10
Startpoint: pi14.inpad[0] (.input clocked by virtual_io_clock)
Endpoint  : out:po23.outpad[0] (.output clocked by virtual_io_clock)
Path Type : setup

Point                                                             Incr      Path
--------------------------------------------------------------------------------
clock virtual_io_clock (rise edge)                               0.000     0.000
clock source latency                                             0.000     0.000
input external delay                                             0.000     0.000
pi14.inpad[0] (.input)                                           0.000     0.000
new_n82.in[4] (.names)                                           2.095     2.095
new_n82.out[0] (.names)                                          0.261     2.356
new_n81.in[3] (.names)                                           0.100     2.456
new_n81.out[0] (.names)                                          0.261     2.717
new_n91.in[1] (.names)                                           0.333     3.050
new_n91.out[0] (.names)                                          0.261     3.311
new_n129.in[1] (.names)                                          0.100     3.411
new_n129.out[0] (.names)                                         0.261     3.672
po23.in[3] (.names)                                              0.100     3.772
po23.out[0] (.names)                                             0.261     4.033
out:po23.outpad[0] (.output)                                     3.629     7.661
data arrival time                                                          7.661

clock virtual_io_clock (rise edge)                               0.000     0.000
clock source latency                                             0.000     0.000
clock uncertainty                                                0.000     0.000
output external delay                                            0.000     0.000
data required time                                                         0.000
--------------------------------------------------------------------------------
data required time                                                         0.000
data arrival time                                                         -7.661
--------------------------------------------------------------------------------
slack (VIOLATED)                                                          -7.661


#Path 11
Startpoint: pi14.inpad[0] (.input clocked by virtual_io_clock)
Endpoint  : out:po10.outpad[0] (.output clocked by virtual_io_clock)
Path Type : setup

Point                                                             Incr      Path
--------------------------------------------------------------------------------
clock virtual_io_clock (rise edge)                               0.000     0.000
clock source latency                                             0.000     0.000
input external delay                                             0.000     0.000
pi14.inpad[0] (.input)                                           0.000     0.000
new_n82.in[4] (.names)                                           2.095     2.095
new_n82.out[0] (.names)                                          0.261     2.356
new_n81.in[3] (.names)                                           0.100     2.456
new_n81.out[0] (.names)                                          0.261     2.717
new_n101.in[1] (.names)                                          0.333     3.050
new_n101.out[0] (.names)                                         0.261     3.311
new_n100.in[1] (.names)                                          0.100     3.411
new_n100.out[0] (.names)                                         0.261     3.672
po10.in[0] (.names)                                              0.100     3.772
po10.out[0] (.names)                                             0.261     4.033
out:po10.outpad[0] (.output)                                     3.623     7.656
data arrival time                                                          7.656

clock virtual_io_clock (rise edge)                               0.000     0.000
clock source latency                                             0.000     0.000
clock uncertainty                                                0.000     0.000
output external delay                                            0.000     0.000
data required time                                                         0.000
--------------------------------------------------------------------------------
data required time                                                         0.000
data arrival time                                                         -7.656
--------------------------------------------------------------------------------
slack (VIOLATED)                                                          -7.656


#Path 12
Startpoint: pi14.inpad[0] (.input clocked by virtual_io_clock)
Endpoint  : out:po11.outpad[0] (.output clocked by virtual_io_clock)
Path Type : setup

Point                                                             Incr      Path
--------------------------------------------------------------------------------
clock virtual_io_clock (rise edge)                               0.000     0.000
clock source latency                                             0.000     0.000
input external delay                                             0.000     0.000
pi14.inpad[0] (.input)                                           0.000     0.000
new_n82.in[4] (.names)                                           2.095     2.095
new_n82.out[0] (.names)                                          0.261     2.356
new_n81.in[3] (.names)                                           0.100     2.456
new_n81.out[0] (.names)                                          0.261     2.717
new_n101.in[1] (.names)                                          0.333     3.050
new_n101.out[0] (.names)                                         0.261     3.311
new_n100.in[1] (.names)                                          0.100     3.411
new_n100.out[0] (.names)                                         0.261     3.672
po11.in[0] (.names)                                              0.100     3.772
po11.out[0] (.names)                                             0.261     4.033
out:po11.outpad[0] (.output)                                     3.613     7.645
data arrival time                                                          7.645

clock virtual_io_clock (rise edge)                               0.000     0.000
clock source latency                                             0.000     0.000
clock uncertainty                                                0.000     0.000
output external delay                                            0.000     0.000
data required time                                                         0.000
--------------------------------------------------------------------------------
data required time                                                         0.000
data arrival time                                                         -7.645
--------------------------------------------------------------------------------
slack (VIOLATED)                                                          -7.645


#Path 13
Startpoint: pi14.inpad[0] (.input clocked by virtual_io_clock)
Endpoint  : out:po16.outpad[0] (.output clocked by virtual_io_clock)
Path Type : setup

Point                                                             Incr      Path
--------------------------------------------------------------------------------
clock virtual_io_clock (rise edge)                               0.000     0.000
clock source latency                                             0.000     0.000
input external delay                                             0.000     0.000
pi14.inpad[0] (.input)                                           0.000     0.000
new_n82.in[4] (.names)                                           2.095     2.095
new_n82.out[0] (.names)                                          0.261     2.356
new_n81.in[3] (.names)                                           0.100     2.456
new_n81.out[0] (.names)                                          0.261     2.717
new_n91.in[1] (.names)                                           0.333     3.050
new_n91.out[0] (.names)                                          0.261     3.311
new_n115.in[3] (.names)                                          0.100     3.411
new_n115.out[0] (.names)                                         0.261     3.672
po16.in[0] (.names)                                              0.196     3.868
po16.out[0] (.names)                                             0.261     4.129
out:po16.outpad[0] (.output)                                     3.514     7.643
data arrival time                                                          7.643

clock virtual_io_clock (rise edge)                               0.000     0.000
clock source latency                                             0.000     0.000
clock uncertainty                                                0.000     0.000
output external delay                                            0.000     0.000
data required time                                                         0.000
--------------------------------------------------------------------------------
data required time                                                         0.000
data arrival time                                                         -7.643
--------------------------------------------------------------------------------
slack (VIOLATED)                                                          -7.643


#Path 14
Startpoint: pi14.inpad[0] (.input clocked by virtual_io_clock)
Endpoint  : out:po09.outpad[0] (.output clocked by virtual_io_clock)
Path Type : setup

Point                                                             Incr      Path
--------------------------------------------------------------------------------
clock virtual_io_clock (rise edge)                               0.000     0.000
clock source latency                                             0.000     0.000
input external delay                                             0.000     0.000
pi14.inpad[0] (.input)                                           0.000     0.000
new_n82.in[4] (.names)                                           2.095     2.095
new_n82.out[0] (.names)                                          0.261     2.356
new_n81.in[3] (.names)                                           0.100     2.456
new_n81.out[0] (.names)                                          0.261     2.717
new_n101.in[1] (.names)                                          0.333     3.050
new_n101.out[0] (.names)                                         0.261     3.311
new_n100.in[1] (.names)                                          0.100     3.411
new_n100.out[0] (.names)                                         0.261     3.672
po09.in[0] (.names)                                              0.100     3.772
po09.out[0] (.names)                                             0.261     4.033
out:po09.outpad[0] (.output)                                     3.608     7.640
data arrival time                                                          7.640

clock virtual_io_clock (rise edge)                               0.000     0.000
clock source latency                                             0.000     0.000
clock uncertainty                                                0.000     0.000
output external delay                                            0.000     0.000
data required time                                                         0.000
--------------------------------------------------------------------------------
data required time                                                         0.000
data arrival time                                                         -7.640
--------------------------------------------------------------------------------
slack (VIOLATED)                                                          -7.640


#Path 15
Startpoint: pi14.inpad[0] (.input clocked by virtual_io_clock)
Endpoint  : out:po13.outpad[0] (.output clocked by virtual_io_clock)
Path Type : setup

Point                                                             Incr      Path
--------------------------------------------------------------------------------
clock virtual_io_clock (rise edge)                               0.000     0.000
clock source latency                                             0.000     0.000
input external delay                                             0.000     0.000
pi14.inpad[0] (.input)                                           0.000     0.000
new_n82.in[4] (.names)                                           2.095     2.095
new_n82.out[0] (.names)                                          0.261     2.356
new_n81.in[3] (.names)                                           0.100     2.456
new_n81.out[0] (.names)                                          0.261     2.717
new_n101.in[1] (.names)                                          0.333     3.050
new_n101.out[0] (.names)                                         0.261     3.311
po13.in[1] (.names)                                              0.334     3.645
po13.out[0] (.names)                                             0.261     3.906
out:po13.outpad[0] (.output)                                     3.722     7.628
data arrival time                                                          7.628

clock virtual_io_clock (rise edge)                               0.000     0.000
clock source latency                                             0.000     0.000
clock uncertainty                                                0.000     0.000
output external delay                                            0.000     0.000
data required time                                                         0.000
--------------------------------------------------------------------------------
data required time                                                         0.000
data arrival time                                                         -7.628
--------------------------------------------------------------------------------
slack (VIOLATED)                                                          -7.628


#Path 16
Startpoint: pi14.inpad[0] (.input clocked by virtual_io_clock)
Endpoint  : out:po20.outpad[0] (.output clocked by virtual_io_clock)
Path Type : setup

Point                                                             Incr      Path
--------------------------------------------------------------------------------
clock virtual_io_clock (rise edge)                               0.000     0.000
clock source latency                                             0.000     0.000
input external delay                                             0.000     0.000
pi14.inpad[0] (.input)                                           0.000     0.000
new_n82.in[4] (.names)                                           2.095     2.095
new_n82.out[0] (.names)                                          0.261     2.356
new_n81.in[3] (.names)                                           0.100     2.456
new_n81.out[0] (.names)                                          0.261     2.717
new_n91.in[1] (.names)                                           0.333     3.050
new_n91.out[0] (.names)                                          0.261     3.311
new_n115.in[3] (.names)                                          0.100     3.411
new_n115.out[0] (.names)                                         0.261     3.672
po20.in[0] (.names)                                              0.100     3.772
po20.out[0] (.names)                                             0.261     4.033
out:po20.outpad[0] (.output)                                     3.577     7.609
data arrival time                                                          7.609

clock virtual_io_clock (rise edge)                               0.000     0.000
clock source latency                                             0.000     0.000
clock uncertainty                                                0.000     0.000
output external delay                                            0.000     0.000
data required time                                                         0.000
--------------------------------------------------------------------------------
data required time                                                         0.000
data arrival time                                                         -7.609
--------------------------------------------------------------------------------
slack (VIOLATED)                                                          -7.609


#Path 17
Startpoint: pi14.inpad[0] (.input clocked by virtual_io_clock)
Endpoint  : out:po04.outpad[0] (.output clocked by virtual_io_clock)
Path Type : setup

Point                                                             Incr      Path
--------------------------------------------------------------------------------
clock virtual_io_clock (rise edge)                               0.000     0.000
clock source latency                                             0.000     0.000
input external delay                                             0.000     0.000
pi14.inpad[0] (.input)                                           0.000     0.000
new_n82.in[4] (.names)                                           2.095     2.095
new_n82.out[0] (.names)                                          0.261     2.356
new_n81.in[3] (.names)                                           0.100     2.456
new_n81.out[0] (.names)                                          0.261     2.717
new_n91.in[1] (.names)                                           0.333     3.050
new_n91.out[0] (.names)                                          0.261     3.311
new_n88.in[1] (.names)                                           0.100     3.411
new_n88.out[0] (.names)                                          0.261     3.672
po04.in[0] (.names)                                              0.100     3.772
po04.out[0] (.names)                                             0.261     4.033
out:po04.outpad[0] (.output)                                     3.552     7.584
data arrival time                                                          7.584

clock virtual_io_clock (rise edge)                               0.000     0.000
clock source latency                                             0.000     0.000
clock uncertainty                                                0.000     0.000
output external delay                                            0.000     0.000
data required time                                                         0.000
--------------------------------------------------------------------------------
data required time                                                         0.000
data arrival time                                                         -7.584
--------------------------------------------------------------------------------
slack (VIOLATED)                                                          -7.584


#Path 18
Startpoint: pi14.inpad[0] (.input clocked by virtual_io_clock)
Endpoint  : out:po07.outpad[0] (.output clocked by virtual_io_clock)
Path Type : setup

Point                                                             Incr      Path
--------------------------------------------------------------------------------
clock virtual_io_clock (rise edge)                               0.000     0.000
clock source latency                                             0.000     0.000
input external delay                                             0.000     0.000
pi14.inpad[0] (.input)                                           0.000     0.000
new_n82.in[4] (.names)                                           2.095     2.095
new_n82.out[0] (.names)                                          0.261     2.356
new_n81.in[3] (.names)                                           0.100     2.456
new_n81.out[0] (.names)                                          0.261     2.717
new_n91.in[1] (.names)                                           0.333     3.050
new_n91.out[0] (.names)                                          0.261     3.311
po07.in[1] (.names)                                              0.342     3.653
po07.out[0] (.names)                                             0.261     3.914
out:po07.outpad[0] (.output)                                     3.641     7.555
data arrival time                                                          7.555

clock virtual_io_clock (rise edge)                               0.000     0.000
clock source latency                                             0.000     0.000
clock uncertainty                                                0.000     0.000
output external delay                                            0.000     0.000
data required time                                                         0.000
--------------------------------------------------------------------------------
data required time                                                         0.000
data arrival time                                                         -7.555
--------------------------------------------------------------------------------
slack (VIOLATED)                                                          -7.555


#Path 19
Startpoint: pi14.inpad[0] (.input clocked by virtual_io_clock)
Endpoint  : out:po06.outpad[0] (.output clocked by virtual_io_clock)
Path Type : setup

Point                                                             Incr      Path
--------------------------------------------------------------------------------
clock virtual_io_clock (rise edge)                               0.000     0.000
clock source latency                                             0.000     0.000
input external delay                                             0.000     0.000
pi14.inpad[0] (.input)                                           0.000     0.000
new_n82.in[4] (.names)                                           2.095     2.095
new_n82.out[0] (.names)                                          0.261     2.356
new_n81.in[3] (.names)                                           0.100     2.456
new_n81.out[0] (.names)                                          0.261     2.717
new_n91.in[1] (.names)                                           0.333     3.050
new_n91.out[0] (.names)                                          0.261     3.311
po06.in[1] (.names)                                              0.342     3.653
po06.out[0] (.names)                                             0.261     3.914
out:po06.outpad[0] (.output)                                     3.630     7.544
data arrival time                                                          7.544

clock virtual_io_clock (rise edge)                               0.000     0.000
clock source latency                                             0.000     0.000
clock uncertainty                                                0.000     0.000
output external delay                                            0.000     0.000
data required time                                                         0.000
--------------------------------------------------------------------------------
data required time                                                         0.000
data arrival time                                                         -7.544
--------------------------------------------------------------------------------
slack (VIOLATED)                                                          -7.544


#Path 20
Startpoint: pi14.inpad[0] (.input clocked by virtual_io_clock)
Endpoint  : out:po01.outpad[0] (.output clocked by virtual_io_clock)
Path Type : setup

Point                                                             Incr      Path
--------------------------------------------------------------------------------
clock virtual_io_clock (rise edge)                               0.000     0.000
clock source latency                                             0.000     0.000
input external delay                                             0.000     0.000
pi14.inpad[0] (.input)                                           0.000     0.000
new_n82.in[4] (.names)                                           2.095     2.095
new_n82.out[0] (.names)                                          0.261     2.356
new_n81.in[3] (.names)                                           0.100     2.456
new_n81.out[0] (.names)                                          0.261     2.717
new_n91.in[1] (.names)                                           0.333     3.050
new_n91.out[0] (.names)                                          0.261     3.311
new_n88.in[1] (.names)                                           0.100     3.411
new_n88.out[0] (.names)                                          0.261     3.672
po01.in[0] (.names)                                              0.100     3.772
po01.out[0] (.names)                                             0.261     4.033
out:po01.outpad[0] (.output)                                     3.511     7.544
data arrival time                                                          7.544

clock virtual_io_clock (rise edge)                               0.000     0.000
clock source latency                                             0.000     0.000
clock uncertainty                                                0.000     0.000
output external delay                                            0.000     0.000
data required time                                                         0.000
--------------------------------------------------------------------------------
data required time                                                         0.000
data arrival time                                                         -7.544
--------------------------------------------------------------------------------
slack (VIOLATED)                                                          -7.544


#Path 21
Startpoint: pi14.inpad[0] (.input clocked by virtual_io_clock)
Endpoint  : out:po08.outpad[0] (.output clocked by virtual_io_clock)
Path Type : setup

Point                                                             Incr      Path
--------------------------------------------------------------------------------
clock virtual_io_clock (rise edge)                               0.000     0.000
clock source latency                                             0.000     0.000
input external delay                                             0.000     0.000
pi14.inpad[0] (.input)                                           0.000     0.000
new_n82.in[4] (.names)                                           2.095     2.095
new_n82.out[0] (.names)                                          0.261     2.356
new_n81.in[3] (.names)                                           0.100     2.456
new_n81.out[0] (.names)                                          0.261     2.717
new_n91.in[1] (.names)                                           0.333     3.050
new_n91.out[0] (.names)                                          0.261     3.311
po08.in[1] (.names)                                              0.342     3.653
po08.out[0] (.names)                                             0.261     3.914
out:po08.outpad[0] (.output)                                     3.623     7.537
data arrival time                                                          7.537

clock virtual_io_clock (rise edge)                               0.000     0.000
clock source latency                                             0.000     0.000
clock uncertainty                                                0.000     0.000
output external delay                                            0.000     0.000
data required time                                                         0.000
--------------------------------------------------------------------------------
data required time                                                         0.000
data arrival time                                                         -7.537
--------------------------------------------------------------------------------
slack (VIOLATED)                                                          -7.537


#Path 22
Startpoint: pi14.inpad[0] (.input clocked by virtual_io_clock)
Endpoint  : out:po14.outpad[0] (.output clocked by virtual_io_clock)
Path Type : setup

Point                                                             Incr      Path
--------------------------------------------------------------------------------
clock virtual_io_clock (rise edge)                               0.000     0.000
clock source latency                                             0.000     0.000
input external delay                                             0.000     0.000
pi14.inpad[0] (.input)                                           0.000     0.000
new_n82.in[4] (.names)                                           2.095     2.095
new_n82.out[0] (.names)                                          0.261     2.356
new_n81.in[3] (.names)                                           0.100     2.456
new_n81.out[0] (.names)                                          0.261     2.717
new_n68.in[3] (.names)                                           0.196     2.913
new_n68.out[0] (.names)                                          0.261     3.174
po14.in[1] (.names)                                              0.333     3.507
po14.out[0] (.names)                                             0.261     3.768
out:po14.outpad[0] (.output)                                     3.691     7.459
data arrival time                                                          7.459

clock virtual_io_clock (rise edge)                               0.000     0.000
clock source latency                                             0.000     0.000
clock uncertainty                                                0.000     0.000
output external delay                                            0.000     0.000
data required time                                                         0.000
--------------------------------------------------------------------------------
data required time                                                         0.000
data arrival time                                                         -7.459
--------------------------------------------------------------------------------
slack (VIOLATED)                                                          -7.459


#Path 23
Startpoint: pi14.inpad[0] (.input clocked by virtual_io_clock)
Endpoint  : out:po03.outpad[0] (.output clocked by virtual_io_clock)
Path Type : setup

Point                                                             Incr      Path
--------------------------------------------------------------------------------
clock virtual_io_clock (rise edge)                               0.000     0.000
clock source latency                                             0.000     0.000
input external delay                                             0.000     0.000
pi14.inpad[0] (.input)                                           0.000     0.000
new_n82.in[4] (.names)                                           2.095     2.095
new_n82.out[0] (.names)                                          0.261     2.356
new_n81.in[3] (.names)                                           0.100     2.456
new_n81.out[0] (.names)                                          0.261     2.717
new_n68.in[3] (.names)                                           0.196     2.913
new_n68.out[0] (.names)                                          0.261     3.174
po03.in[1] (.names)                                              0.333     3.507
po03.out[0] (.names)                                             0.261     3.768
out:po03.outpad[0] (.output)                                     3.515     7.282
data arrival time                                                          7.282

clock virtual_io_clock (rise edge)                               0.000     0.000
clock source latency                                             0.000     0.000
clock uncertainty                                                0.000     0.000
output external delay                                            0.000     0.000
data required time                                                         0.000
--------------------------------------------------------------------------------
data required time                                                         0.000
data arrival time                                                         -7.282
--------------------------------------------------------------------------------
slack (VIOLATED)                                                          -7.282


#Path 24
Startpoint: pi14.inpad[0] (.input clocked by virtual_io_clock)
Endpoint  : out:po15.outpad[0] (.output clocked by virtual_io_clock)
Path Type : setup

Point                                                             Incr      Path
--------------------------------------------------------------------------------
clock virtual_io_clock (rise edge)                               0.000     0.000
clock source latency                                             0.000     0.000
input external delay                                             0.000     0.000
pi14.inpad[0] (.input)                                           0.000     0.000
new_n82.in[4] (.names)                                           2.095     2.095
new_n82.out[0] (.names)                                          0.261     2.356
new_n81.in[3] (.names)                                           0.100     2.456
new_n81.out[0] (.names)                                          0.261     2.717
new_n68.in[3] (.names)                                           0.196     2.913
new_n68.out[0] (.names)                                          0.261     3.174
po15.in[1] (.names)                                              0.100     3.274
po15.out[0] (.names)                                             0.261     3.535
out:po15.outpad[0] (.output)                                     3.673     7.207
data arrival time                                                          7.207

clock virtual_io_clock (rise edge)                               0.000     0.000
clock source latency                                             0.000     0.000
clock uncertainty                                                0.000     0.000
output external delay                                            0.000     0.000
data required time                                                         0.000
--------------------------------------------------------------------------------
data required time                                                         0.000
data arrival time                                                         -7.207
--------------------------------------------------------------------------------
slack (VIOLATED)                                                          -7.207


#Path 25
Startpoint: pi14.inpad[0] (.input clocked by virtual_io_clock)
Endpoint  : out:po00.outpad[0] (.output clocked by virtual_io_clock)
Path Type : setup

Point                                                             Incr      Path
--------------------------------------------------------------------------------
clock virtual_io_clock (rise edge)                               0.000     0.000
clock source latency                                             0.000     0.000
input external delay                                             0.000     0.000
pi14.inpad[0] (.input)                                           0.000     0.000
new_n82.in[4] (.names)                                           2.095     2.095
new_n82.out[0] (.names)                                          0.261     2.356
new_n81.in[3] (.names)                                           0.100     2.456
new_n81.out[0] (.names)                                          0.261     2.717
new_n68.in[3] (.names)                                           0.196     2.913
new_n68.out[0] (.names)                                          0.261     3.174
po00.in[1] (.names)                                              0.100     3.274
po00.out[0] (.names)                                             0.261     3.535
out:po00.outpad[0] (.output)                                     3.603     7.137
data arrival time                                                          7.137

clock virtual_io_clock (rise edge)                               0.000     0.000
clock source latency                                             0.000     0.000
clock uncertainty                                                0.000     0.000
output external delay                                            0.000     0.000
data required time                                                         0.000
--------------------------------------------------------------------------------
data required time                                                         0.000
data arrival time                                                         -7.137
--------------------------------------------------------------------------------
slack (VIOLATED)                                                          -7.137


#End of timing report
