#Timing report of worst 25 path(s)
# Unit scale: 1e-09 seconds
# Output precision: 3

#Path 1
Startpoint: pi02.inpad[0] (.input clocked by virtual_io_clock)
Endpoint  : out:po18.outpad[0] (.output clocked by virtual_io_clock)
Path Type : hold

Point                                                             Incr      Path
--------------------------------------------------------------------------------
clock virtual_io_clock (rise edge)                               0.000     0.000
clock source latency                                             0.000     0.000
input external delay                                             0.000     0.000
pi02.inpad[0] (.input)                                           0.000     0.000
po18.in[0] (.names)                                              1.632     1.632
po18.out[0] (.names)                                             0.193     1.825
out:po18.outpad[0] (.output)                                     3.286     5.112
data arrival time                                                          5.112

clock virtual_io_clock (rise edge)                               0.000     0.000
clock source latency                                             0.000     0.000
clock uncertainty                                                0.000     0.000
output external delay                                            0.000     0.000
data required time                                                         0.000
--------------------------------------------------------------------------------
data required time                                                        -0.000
data arrival time                                                          5.112
--------------------------------------------------------------------------------
slack (MET)                                                                5.112


#Path 2
Startpoint: pi02.inpad[0] (.input clocked by virtual_io_clock)
Endpoint  : out:po17.outpad[0] (.output clocked by virtual_io_clock)
Path Type : hold

Point                                                             Incr      Path
--------------------------------------------------------------------------------
clock virtual_io_clock (rise edge)                               0.000     0.000
clock source latency                                             0.000     0.000
input external delay                                             0.000     0.000
pi02.inpad[0] (.input)                                           0.000     0.000
po17.in[0] (.names)                                              1.632     1.632
po17.out[0] (.names)                                             0.193     1.825
out:po17.outpad[0] (.output)                                     3.295     5.120
data arrival time                                                          5.120

clock virtual_io_clock (rise edge)                               0.000     0.000
clock source latency                                             0.000     0.000
clock uncertainty                                                0.000     0.000
output external delay                                            0.000     0.000
data required time                                                         0.000
--------------------------------------------------------------------------------
data required time                                                        -0.000
data arrival time                                                          5.120
--------------------------------------------------------------------------------
slack (MET)                                                                5.120


#Path 3
Startpoint: pi06.inpad[0] (.input clocked by virtual_io_clock)
Endpoint  : out:po12.outpad[0] (.output clocked by virtual_io_clock)
Path Type : hold

Point                                                             Incr      Path
--------------------------------------------------------------------------------
clock virtual_io_clock (rise edge)                               0.000     0.000
clock source latency                                             0.000     0.000
input external delay                                             0.000     0.000
pi06.inpad[0] (.input)                                           0.000     0.000
po12.in[1] (.names)                                              1.702     1.702
po12.out[0] (.names)                                             0.193     1.895
out:po12.outpad[0] (.output)                                     3.325     5.221
data arrival time                                                          5.221

clock virtual_io_clock (rise edge)                               0.000     0.000
clock source latency                                             0.000     0.000
clock uncertainty                                                0.000     0.000
output external delay                                            0.000     0.000
data required time                                                         0.000
--------------------------------------------------------------------------------
data required time                                                        -0.000
data arrival time                                                          5.221
--------------------------------------------------------------------------------
slack (MET)                                                                5.221


#Path 4
Startpoint: pi02.inpad[0] (.input clocked by virtual_io_clock)
Endpoint  : out:po16.outpad[0] (.output clocked by virtual_io_clock)
Path Type : hold

Point                                                             Incr      Path
--------------------------------------------------------------------------------
clock virtual_io_clock (rise edge)                               0.000     0.000
clock source latency                                             0.000     0.000
input external delay                                             0.000     0.000
pi02.inpad[0] (.input)                                           0.000     0.000
po16.in[4] (.names)                                              1.769     1.769
po16.out[0] (.names)                                             0.193     1.962
out:po16.outpad[0] (.output)                                     3.291     5.253
data arrival time                                                          5.253

clock virtual_io_clock (rise edge)                               0.000     0.000
clock source latency                                             0.000     0.000
clock uncertainty                                                0.000     0.000
output external delay                                            0.000     0.000
data required time                                                         0.000
--------------------------------------------------------------------------------
data required time                                                        -0.000
data arrival time                                                          5.253
--------------------------------------------------------------------------------
slack (MET)                                                                5.253


#Path 5
Startpoint: pi23.inpad[0] (.input clocked by virtual_io_clock)
Endpoint  : out:po05.outpad[0] (.output clocked by virtual_io_clock)
Path Type : hold

Point                                                             Incr      Path
--------------------------------------------------------------------------------
clock virtual_io_clock (rise edge)                               0.000     0.000
clock source latency                                             0.000     0.000
input external delay                                             0.000     0.000
pi23.inpad[0] (.input)                                           0.000     0.000
po05.in[1] (.names)                                              1.701     1.701
po05.out[0] (.names)                                             0.193     1.894
out:po05.outpad[0] (.output)                                     3.362     5.256
data arrival time                                                          5.256

clock virtual_io_clock (rise edge)                               0.000     0.000
clock source latency                                             0.000     0.000
clock uncertainty                                                0.000     0.000
output external delay                                            0.000     0.000
data required time                                                         0.000
--------------------------------------------------------------------------------
data required time                                                        -0.000
data arrival time                                                          5.256
--------------------------------------------------------------------------------
slack (MET)                                                                5.256


#Path 6
Startpoint: pi26.inpad[0] (.input clocked by virtual_io_clock)
Endpoint  : out:po01.outpad[0] (.output clocked by virtual_io_clock)
Path Type : hold

Point                                                             Incr      Path
--------------------------------------------------------------------------------
clock virtual_io_clock (rise edge)                               0.000     0.000
clock source latency                                             0.000     0.000
input external delay                                             0.000     0.000
pi26.inpad[0] (.input)                                           0.000     0.000
po01.in[1] (.names)                                              1.790     1.790
po01.out[0] (.names)                                             0.193     1.983
out:po01.outpad[0] (.output)                                     3.288     5.271
data arrival time                                                          5.271

clock virtual_io_clock (rise edge)                               0.000     0.000
clock source latency                                             0.000     0.000
clock uncertainty                                                0.000     0.000
output external delay                                            0.000     0.000
data required time                                                         0.000
--------------------------------------------------------------------------------
data required time                                                        -0.000
data arrival time                                                          5.271
--------------------------------------------------------------------------------
slack (MET)                                                                5.271


#Path 7
Startpoint: pi02.inpad[0] (.input clocked by virtual_io_clock)
Endpoint  : out:po22.outpad[0] (.output clocked by virtual_io_clock)
Path Type : hold

Point                                                             Incr      Path
--------------------------------------------------------------------------------
clock virtual_io_clock (rise edge)                               0.000     0.000
clock source latency                                             0.000     0.000
input external delay                                             0.000     0.000
pi02.inpad[0] (.input)                                           0.000     0.000
po22.in[1] (.names)                                              1.793     1.793
po22.out[0] (.names)                                             0.193     1.986
out:po22.outpad[0] (.output)                                     3.300     5.286
data arrival time                                                          5.286

clock virtual_io_clock (rise edge)                               0.000     0.000
clock source latency                                             0.000     0.000
clock uncertainty                                                0.000     0.000
output external delay                                            0.000     0.000
data required time                                                         0.000
--------------------------------------------------------------------------------
data required time                                                        -0.000
data arrival time                                                          5.286
--------------------------------------------------------------------------------
slack (MET)                                                                5.286


#Path 8
Startpoint: pi03.inpad[0] (.input clocked by virtual_io_clock)
Endpoint  : out:po20.outpad[0] (.output clocked by virtual_io_clock)
Path Type : hold

Point                                                             Incr      Path
--------------------------------------------------------------------------------
clock virtual_io_clock (rise edge)                               0.000     0.000
clock source latency                                             0.000     0.000
input external delay                                             0.000     0.000
pi03.inpad[0] (.input)                                           0.000     0.000
po20.in[1] (.names)                                              1.790     1.790
po20.out[0] (.names)                                             0.193     1.983
out:po20.outpad[0] (.output)                                     3.354     5.337
data arrival time                                                          5.337

clock virtual_io_clock (rise edge)                               0.000     0.000
clock source latency                                             0.000     0.000
clock uncertainty                                                0.000     0.000
output external delay                                            0.000     0.000
data required time                                                         0.000
--------------------------------------------------------------------------------
data required time                                                        -0.000
data arrival time                                                          5.337
--------------------------------------------------------------------------------
slack (MET)                                                                5.337


#Path 9
Startpoint: pi11.inpad[0] (.input clocked by virtual_io_clock)
Endpoint  : out:po15.outpad[0] (.output clocked by virtual_io_clock)
Path Type : hold

Point                                                             Incr      Path
--------------------------------------------------------------------------------
clock virtual_io_clock (rise edge)                               0.000     0.000
clock source latency                                             0.000     0.000
input external delay                                             0.000     0.000
pi11.inpad[0] (.input)                                           0.000     0.000
po15.in[2] (.names)                                              1.696     1.696
po15.out[0] (.names)                                             0.193     1.889
out:po15.outpad[0] (.output)                                     3.450     5.339
data arrival time                                                          5.339

clock virtual_io_clock (rise edge)                               0.000     0.000
clock source latency                                             0.000     0.000
clock uncertainty                                                0.000     0.000
output external delay                                            0.000     0.000
data required time                                                         0.000
--------------------------------------------------------------------------------
data required time                                                        -0.000
data arrival time                                                          5.339
--------------------------------------------------------------------------------
slack (MET)                                                                5.339


#Path 10
Startpoint: pi22.inpad[0] (.input clocked by virtual_io_clock)
Endpoint  : out:po11.outpad[0] (.output clocked by virtual_io_clock)
Path Type : hold

Point                                                             Incr      Path
--------------------------------------------------------------------------------
clock virtual_io_clock (rise edge)                               0.000     0.000
clock source latency                                             0.000     0.000
input external delay                                             0.000     0.000
pi22.inpad[0] (.input)                                           0.000     0.000
po11.in[1] (.names)                                              1.768     1.768
po11.out[0] (.names)                                             0.193     1.961
out:po11.outpad[0] (.output)                                     3.390     5.351
data arrival time                                                          5.351

clock virtual_io_clock (rise edge)                               0.000     0.000
clock source latency                                             0.000     0.000
clock uncertainty                                                0.000     0.000
output external delay                                            0.000     0.000
data required time                                                         0.000
--------------------------------------------------------------------------------
data required time                                                        -0.000
data arrival time                                                          5.351
--------------------------------------------------------------------------------
slack (MET)                                                                5.351


#Path 11
Startpoint: pi08.inpad[0] (.input clocked by virtual_io_clock)
Endpoint  : out:po04.outpad[0] (.output clocked by virtual_io_clock)
Path Type : hold

Point                                                             Incr      Path
--------------------------------------------------------------------------------
clock virtual_io_clock (rise edge)                               0.000     0.000
clock source latency                                             0.000     0.000
input external delay                                             0.000     0.000
pi08.inpad[0] (.input)                                           0.000     0.000
po04.in[1] (.names)                                              1.836     1.836
po04.out[0] (.names)                                             0.193     2.029
out:po04.outpad[0] (.output)                                     3.329     5.358
data arrival time                                                          5.358

clock virtual_io_clock (rise edge)                               0.000     0.000
clock source latency                                             0.000     0.000
clock uncertainty                                                0.000     0.000
output external delay                                            0.000     0.000
data required time                                                         0.000
--------------------------------------------------------------------------------
data required time                                                        -0.000
data arrival time                                                          5.358
--------------------------------------------------------------------------------
slack (MET)                                                                5.358


#Path 12
Startpoint: pi19.inpad[0] (.input clocked by virtual_io_clock)
Endpoint  : out:po09.outpad[0] (.output clocked by virtual_io_clock)
Path Type : hold

Point                                                             Incr      Path
--------------------------------------------------------------------------------
clock virtual_io_clock (rise edge)                               0.000     0.000
clock source latency                                             0.000     0.000
input external delay                                             0.000     0.000
pi19.inpad[0] (.input)                                           0.000     0.000
po09.in[1] (.names)                                              1.781     1.781
po09.out[0] (.names)                                             0.193     1.974
out:po09.outpad[0] (.output)                                     3.385     5.359
data arrival time                                                          5.359

clock virtual_io_clock (rise edge)                               0.000     0.000
clock source latency                                             0.000     0.000
clock uncertainty                                                0.000     0.000
output external delay                                            0.000     0.000
data required time                                                         0.000
--------------------------------------------------------------------------------
data required time                                                        -0.000
data arrival time                                                          5.359
--------------------------------------------------------------------------------
slack (MET)                                                                5.359


#Path 13
Startpoint: pi02.inpad[0] (.input clocked by virtual_io_clock)
Endpoint  : out:po23.outpad[0] (.output clocked by virtual_io_clock)
Path Type : hold

Point                                                             Incr      Path
--------------------------------------------------------------------------------
clock virtual_io_clock (rise edge)                               0.000     0.000
clock source latency                                             0.000     0.000
input external delay                                             0.000     0.000
pi02.inpad[0] (.input)                                           0.000     0.000
po23.in[1] (.names)                                              1.769     1.769
po23.out[0] (.names)                                             0.193     1.962
out:po23.outpad[0] (.output)                                     3.406     5.367
data arrival time                                                          5.367

clock virtual_io_clock (rise edge)                               0.000     0.000
clock source latency                                             0.000     0.000
clock uncertainty                                                0.000     0.000
output external delay                                            0.000     0.000
data required time                                                         0.000
--------------------------------------------------------------------------------
data required time                                                        -0.000
data arrival time                                                          5.367
--------------------------------------------------------------------------------
slack (MET)                                                                5.367


#Path 14
Startpoint: pi25.inpad[0] (.input clocked by virtual_io_clock)
Endpoint  : out:po03.outpad[0] (.output clocked by virtual_io_clock)
Path Type : hold

Point                                                             Incr      Path
--------------------------------------------------------------------------------
clock virtual_io_clock (rise edge)                               0.000     0.000
clock source latency                                             0.000     0.000
input external delay                                             0.000     0.000
pi25.inpad[0] (.input)                                           0.000     0.000
po03.in[2] (.names)                                              1.895     1.895
po03.out[0] (.names)                                             0.193     2.088
out:po03.outpad[0] (.output)                                     3.292     5.380
data arrival time                                                          5.380

clock virtual_io_clock (rise edge)                               0.000     0.000
clock source latency                                             0.000     0.000
clock uncertainty                                                0.000     0.000
output external delay                                            0.000     0.000
data required time                                                         0.000
--------------------------------------------------------------------------------
data required time                                                        -0.000
data arrival time                                                          5.380
--------------------------------------------------------------------------------
slack (MET)                                                                5.380


#Path 15
Startpoint: pi07.inpad[0] (.input clocked by virtual_io_clock)
Endpoint  : out:po10.outpad[0] (.output clocked by virtual_io_clock)
Path Type : hold

Point                                                             Incr      Path
--------------------------------------------------------------------------------
clock virtual_io_clock (rise edge)                               0.000     0.000
clock source latency                                             0.000     0.000
input external delay                                             0.000     0.000
pi07.inpad[0] (.input)                                           0.000     0.000
po10.in[1] (.names)                                              1.795     1.795
po10.out[0] (.names)                                             0.193     1.988
out:po10.outpad[0] (.output)                                     3.400     5.388
data arrival time                                                          5.388

clock virtual_io_clock (rise edge)                               0.000     0.000
clock source latency                                             0.000     0.000
clock uncertainty                                                0.000     0.000
output external delay                                            0.000     0.000
data required time                                                         0.000
--------------------------------------------------------------------------------
data required time                                                        -0.000
data arrival time                                                          5.388
--------------------------------------------------------------------------------
slack (MET)                                                                5.388


#Path 16
Startpoint: pi20.inpad[0] (.input clocked by virtual_io_clock)
Endpoint  : out:po02.outpad[0] (.output clocked by virtual_io_clock)
Path Type : hold

Point                                                             Incr      Path
--------------------------------------------------------------------------------
clock virtual_io_clock (rise edge)                               0.000     0.000
clock source latency                                             0.000     0.000
input external delay                                             0.000     0.000
pi20.inpad[0] (.input)                                           0.000     0.000
po02.in[1] (.names)                                              1.817     1.817
po02.out[0] (.names)                                             0.193     2.010
out:po02.outpad[0] (.output)                                     3.394     5.404
data arrival time                                                          5.404

clock virtual_io_clock (rise edge)                               0.000     0.000
clock source latency                                             0.000     0.000
clock uncertainty                                                0.000     0.000
output external delay                                            0.000     0.000
data required time                                                         0.000
--------------------------------------------------------------------------------
data required time                                                        -0.000
data arrival time                                                          5.404
--------------------------------------------------------------------------------
slack (MET)                                                                5.404


#Path 17
Startpoint: pi03.inpad[0] (.input clocked by virtual_io_clock)
Endpoint  : out:po19.outpad[0] (.output clocked by virtual_io_clock)
Path Type : hold

Point                                                             Incr      Path
--------------------------------------------------------------------------------
clock virtual_io_clock (rise edge)                               0.000     0.000
clock source latency                                             0.000     0.000
input external delay                                             0.000     0.000
pi03.inpad[0] (.input)                                           0.000     0.000
po19.in[1] (.names)                                              1.790     1.790
po19.out[0] (.names)                                             0.193     1.983
out:po19.outpad[0] (.output)                                     3.435     5.418
data arrival time                                                          5.418

clock virtual_io_clock (rise edge)                               0.000     0.000
clock source latency                                             0.000     0.000
clock uncertainty                                                0.000     0.000
output external delay                                            0.000     0.000
data required time                                                         0.000
--------------------------------------------------------------------------------
data required time                                                        -0.000
data arrival time                                                          5.418
--------------------------------------------------------------------------------
slack (MET)                                                                5.418


#Path 18
Startpoint: pi03.inpad[0] (.input clocked by virtual_io_clock)
Endpoint  : out:po24.outpad[0] (.output clocked by virtual_io_clock)
Path Type : hold

Point                                                             Incr      Path
--------------------------------------------------------------------------------
clock virtual_io_clock (rise edge)                               0.000     0.000
clock source latency                                             0.000     0.000
input external delay                                             0.000     0.000
pi03.inpad[0] (.input)                                           0.000     0.000
po24.in[1] (.names)                                              1.790     1.790
po24.out[0] (.names)                                             0.193     1.983
out:po24.outpad[0] (.output)                                     3.450     5.433
data arrival time                                                          5.433

clock virtual_io_clock (rise edge)                               0.000     0.000
clock source latency                                             0.000     0.000
clock uncertainty                                                0.000     0.000
output external delay                                            0.000     0.000
data required time                                                         0.000
--------------------------------------------------------------------------------
data required time                                                        -0.000
data arrival time                                                          5.433
--------------------------------------------------------------------------------
slack (MET)                                                                5.433


#Path 19
Startpoint: pi09.inpad[0] (.input clocked by virtual_io_clock)
Endpoint  : out:po07.outpad[0] (.output clocked by virtual_io_clock)
Path Type : hold

Point                                                             Incr      Path
--------------------------------------------------------------------------------
clock virtual_io_clock (rise edge)                               0.000     0.000
clock source latency                                             0.000     0.000
input external delay                                             0.000     0.000
pi09.inpad[0] (.input)                                           0.000     0.000
po07.in[2] (.names)                                              1.823     1.823
po07.out[0] (.names)                                             0.193     2.016
out:po07.outpad[0] (.output)                                     3.418     5.434
data arrival time                                                          5.434

clock virtual_io_clock (rise edge)                               0.000     0.000
clock source latency                                             0.000     0.000
clock uncertainty                                                0.000     0.000
output external delay                                            0.000     0.000
data required time                                                         0.000
--------------------------------------------------------------------------------
data required time                                                        -0.000
data arrival time                                                          5.434
--------------------------------------------------------------------------------
slack (MET)                                                                5.434


#Path 20
Startpoint: pi10.inpad[0] (.input clocked by virtual_io_clock)
Endpoint  : out:po06.outpad[0] (.output clocked by virtual_io_clock)
Path Type : hold

Point                                                             Incr      Path
--------------------------------------------------------------------------------
clock virtual_io_clock (rise edge)                               0.000     0.000
clock source latency                                             0.000     0.000
input external delay                                             0.000     0.000
pi10.inpad[0] (.input)                                           0.000     0.000
po06.in[2] (.names)                                              1.835     1.835
po06.out[0] (.names)                                             0.193     2.028
out:po06.outpad[0] (.output)                                     3.407     5.435
data arrival time                                                          5.435

clock virtual_io_clock (rise edge)                               0.000     0.000
clock source latency                                             0.000     0.000
clock uncertainty                                                0.000     0.000
output external delay                                            0.000     0.000
data required time                                                         0.000
--------------------------------------------------------------------------------
data required time                                                        -0.000
data arrival time                                                          5.435
--------------------------------------------------------------------------------
slack (MET)                                                                5.435


#Path 21
Startpoint: pi15.inpad[0] (.input clocked by virtual_io_clock)
Endpoint  : out:po00.outpad[0] (.output clocked by virtual_io_clock)
Path Type : hold

Point                                                             Incr      Path
--------------------------------------------------------------------------------
clock virtual_io_clock (rise edge)                               0.000     0.000
clock source latency                                             0.000     0.000
input external delay                                             0.000     0.000
pi15.inpad[0] (.input)                                           0.000     0.000
po00.in[2] (.names)                                              1.914     1.914
po00.out[0] (.names)                                             0.193     2.107
out:po00.outpad[0] (.output)                                     3.380     5.486
data arrival time                                                          5.486

clock virtual_io_clock (rise edge)                               0.000     0.000
clock source latency                                             0.000     0.000
clock uncertainty                                                0.000     0.000
output external delay                                            0.000     0.000
data required time                                                         0.000
--------------------------------------------------------------------------------
data required time                                                        -0.000
data arrival time                                                          5.486
--------------------------------------------------------------------------------
slack (MET)                                                                5.486


#Path 22
Startpoint: pi18.inpad[0] (.input clocked by virtual_io_clock)
Endpoint  : out:po14.outpad[0] (.output clocked by virtual_io_clock)
Path Type : hold

Point                                                             Incr      Path
--------------------------------------------------------------------------------
clock virtual_io_clock (rise edge)                               0.000     0.000
clock source latency                                             0.000     0.000
input external delay                                             0.000     0.000
pi18.inpad[0] (.input)                                           0.000     0.000
po14.in[2] (.names)                                              1.830     1.830
po14.out[0] (.names)                                             0.193     2.023
out:po14.outpad[0] (.output)                                     3.468     5.491
data arrival time                                                          5.491

clock virtual_io_clock (rise edge)                               0.000     0.000
clock source latency                                             0.000     0.000
clock uncertainty                                                0.000     0.000
output external delay                                            0.000     0.000
data required time                                                         0.000
--------------------------------------------------------------------------------
data required time                                                        -0.000
data arrival time                                                          5.491
--------------------------------------------------------------------------------
slack (MET)                                                                5.491


#Path 23
Startpoint: pi16.inpad[0] (.input clocked by virtual_io_clock)
Endpoint  : out:po08.outpad[0] (.output clocked by virtual_io_clock)
Path Type : hold

Point                                                             Incr      Path
--------------------------------------------------------------------------------
clock virtual_io_clock (rise edge)                               0.000     0.000
clock source latency                                             0.000     0.000
input external delay                                             0.000     0.000
pi16.inpad[0] (.input)                                           0.000     0.000
po08.in[2] (.names)                                              1.946     1.946
po08.out[0] (.names)                                             0.193     2.139
out:po08.outpad[0] (.output)                                     3.400     5.539
data arrival time                                                          5.539

clock virtual_io_clock (rise edge)                               0.000     0.000
clock source latency                                             0.000     0.000
clock uncertainty                                                0.000     0.000
output external delay                                            0.000     0.000
data required time                                                         0.000
--------------------------------------------------------------------------------
data required time                                                        -0.000
data arrival time                                                          5.539
--------------------------------------------------------------------------------
slack (MET)                                                                5.539


#Path 24
Startpoint: pi14.inpad[0] (.input clocked by virtual_io_clock)
Endpoint  : out:po13.outpad[0] (.output clocked by virtual_io_clock)
Path Type : hold

Point                                                             Incr      Path
--------------------------------------------------------------------------------
clock virtual_io_clock (rise edge)                               0.000     0.000
clock source latency                                             0.000     0.000
input external delay                                             0.000     0.000
pi14.inpad[0] (.input)                                           0.000     0.000
po13.in[2] (.names)                                              1.928     1.928
po13.out[0] (.names)                                             0.193     2.121
out:po13.outpad[0] (.output)                                     3.499     5.620
data arrival time                                                          5.620

clock virtual_io_clock (rise edge)                               0.000     0.000
clock source latency                                             0.000     0.000
clock uncertainty                                                0.000     0.000
output external delay                                            0.000     0.000
data required time                                                         0.000
--------------------------------------------------------------------------------
data required time                                                        -0.000
data arrival time                                                          5.620
--------------------------------------------------------------------------------
slack (MET)                                                                5.620


#Path 25
Startpoint: pi02.inpad[0] (.input clocked by virtual_io_clock)
Endpoint  : out:po21.outpad[0] (.output clocked by virtual_io_clock)
Path Type : hold

Point                                                             Incr      Path
--------------------------------------------------------------------------------
clock virtual_io_clock (rise edge)                               0.000     0.000
clock source latency                                             0.000     0.000
input external delay                                             0.000     0.000
pi02.inpad[0] (.input)                                           0.000     0.000
new_n123.in[0] (.names)                                          1.632     1.632
new_n123.out[0] (.names)                                         0.193     1.825
po21.in[2] (.names)                                              0.273     2.099
po21.out[0] (.names)                                             0.193     2.292
out:po21.outpad[0] (.output)                                     3.410     5.702
data arrival time                                                          5.702

clock virtual_io_clock (rise edge)                               0.000     0.000
clock source latency                                             0.000     0.000
clock uncertainty                                                0.000     0.000
output external delay                                            0.000     0.000
data required time                                                         0.000
--------------------------------------------------------------------------------
data required time                                                        -0.000
data arrival time                                                          5.702
--------------------------------------------------------------------------------
slack (MET)                                                                5.702


#End of timing report
