#Packing pin usage report
Type: io
	Input Pin Usage:
		Max: 1.00 (0.02)
		Avg: 0.48 (0.01)
		Min: 0.00 (0.00)
		Histogram:
		[        0:      5.5) 8177 (100.0%) |**********************************************
		[      5.5:       11)    0 (  0.0%) |
		[       11:       16)    0 (  0.0%) |
		[       16:       22)    0 (  0.0%) |
		[       22:       28)    0 (  0.0%) |
		[       28:       33)    0 (  0.0%) |
		[       33:       38)    0 (  0.0%) |
		[       38:       44)    0 (  0.0%) |
		[       44:       50)    0 (  0.0%) |
		[       50:       55)    0 (  0.0%) |
	Output Pin Usage:
		Max: 1.00 (0.03)
		Avg: 0.52 (0.01)
		Min: 0.00 (0.00)
		Histogram:
		[        0:        4) 8177 (100.0%) |**********************************************
		[        4:        8)    0 (  0.0%) |
		[        8:       12)    0 (  0.0%) |
		[       12:       16)    0 (  0.0%) |
		[       16:       20)    0 (  0.0%) |
		[       20:       24)    0 (  0.0%) |
		[       24:       28)    0 (  0.0%) |
		[       28:       32)    0 (  0.0%) |
		[       32:       36)    0 (  0.0%) |
		[       36:       40)    0 (  0.0%) |

Type: LAB
	Input Pin Usage:
		Max: 63.00 (0.69)
		Avg: 36.12 (0.40)
		Min: 0.00 (0.00)
		Histogram:
		[        0:      9.1)  95 ( 13.2%) |*******************
		[      9.1:       18)  16 (  2.2%) |***
		[       18:       27)  37 (  5.1%) |*******
		[       27:       36) 113 ( 15.7%) |**********************
		[       36:       46) 241 ( 33.4%) |***********************************************
		[       46:       55) 187 ( 25.9%) |************************************
		[       55:       64)  32 (  4.4%) |******
		[       64:       73)   0 (  0.0%) |
		[       73:       82)   0 (  0.0%) |
		[       82:       91)   0 (  0.0%) |
	Output Pin Usage:
		Max: 20.00 (0.48)
		Avg: 11.69 (0.28)
		Min: 1.00 (0.02)
		Histogram:
		[        0:      4.2) 103 ( 14.3%) |***********************
		[      4.2:      8.4)  80 ( 11.1%) |******************
		[      8.4:       13) 181 ( 25.1%) |*****************************************
		[       13:       17) 207 ( 28.7%) |***********************************************
		[       17:       21) 150 ( 20.8%) |**********************************
		[       21:       25)   0 (  0.0%) |
		[       25:       29)   0 (  0.0%) |
		[       29:       34)   0 (  0.0%) |
		[       34:       38)   0 (  0.0%) |
		[       38:       42)   0 (  0.0%) |

