#Packing pin usage report
Type: io
	Input Pin Usage:
		Max: 1.00 (0.02)
		Avg: 0.50 (0.01)
		Min: 0.00 (0.00)
		Histogram:
		[        0:      5.5) 64 (100.0%) |************************************************
		[      5.5:       11)  0 (  0.0%) |
		[       11:       16)  0 (  0.0%) |
		[       16:       22)  0 (  0.0%) |
		[       22:       28)  0 (  0.0%) |
		[       28:       33)  0 (  0.0%) |
		[       33:       38)  0 (  0.0%) |
		[       38:       44)  0 (  0.0%) |
		[       44:       50)  0 (  0.0%) |
		[       50:       55)  0 (  0.0%) |
	Output Pin Usage:
		Max: 1.00 (0.03)
		Avg: 0.50 (0.01)
		Min: 0.00 (0.00)
		Histogram:
		[        0:        4) 64 (100.0%) |************************************************
		[        4:        8)  0 (  0.0%) |
		[        8:       12)  0 (  0.0%) |
		[       12:       16)  0 (  0.0%) |
		[       16:       20)  0 (  0.0%) |
		[       20:       24)  0 (  0.0%) |
		[       24:       28)  0 (  0.0%) |
		[       28:       32)  0 (  0.0%) |
		[       32:       36)  0 (  0.0%) |
		[       36:       40)  0 (  0.0%) |

Type: LAB
	Input Pin Usage:
		Max: 60.00 (0.66)
		Avg: 38.39 (0.42)
		Min: 3.00 (0.03)
		Histogram:
		[        0:      9.1)  24 (  4.8%) |*******
		[      9.1:       18)  10 (  2.0%) |***
		[       18:       27)  36 (  7.2%) |***********
		[       27:       36) 124 ( 24.9%) |************************************
		[       36:       46) 160 ( 32.2%) |***********************************************
		[       46:       55) 106 ( 21.3%) |*******************************
		[       55:       64)  37 (  7.4%) |***********
		[       64:       73)   0 (  0.0%) |
		[       73:       82)   0 (  0.0%) |
		[       82:       91)   0 (  0.0%) |
	Output Pin Usage:
		Max: 20.00 (0.48)
		Avg: 9.50 (0.23)
		Min: 1.00 (0.02)
		Histogram:
		[        0:      4.2)  37 (  7.4%) |*******
		[      4.2:      8.4) 144 ( 29.0%) |*****************************
		[      8.4:       13) 234 ( 47.1%) |***********************************************
		[       13:       17)  64 ( 12.9%) |*************
		[       17:       21)  18 (  3.6%) |****
		[       21:       25)   0 (  0.0%) |
		[       25:       29)   0 (  0.0%) |
		[       29:       34)   0 (  0.0%) |
		[       34:       38)   0 (  0.0%) |
		[       38:       42)   0 (  0.0%) |

