#Timing report of worst 32 path(s)
# Unit scale: 1e-09 seconds
# Output precision: 3

#Path 1
Startpoint: a[17].inpad[0] (.input clocked by virtual_io_clock)
Endpoint  : out:result[21].outpad[0] (.output clocked by virtual_io_clock)
Path Type : hold

Point                                                             Incr      Path
--------------------------------------------------------------------------------
clock virtual_io_clock (rise edge)                               0.000     0.000
clock source latency                                             0.000     0.000
input external delay                                             0.000     0.000
a[17].inpad[0] (.input)                                          0.000     0.000
new_n7816.in[5] (.names)                                         1.954     1.954
new_n7816.out[0] (.names)                                        0.193     2.147
new_n7821.in[2] (.names)                                         0.128     2.275
new_n7821.out[0] (.names)                                        0.193     2.468
result[21].in[4] (.names)                                        0.064     2.532
result[21].out[0] (.names)                                       0.193     2.725
out:result[21].outpad[0] (.output)                               3.175     5.900
data arrival time                                                          5.900

clock virtual_io_clock (rise edge)                               0.000     0.000
clock source latency                                             0.000     0.000
clock uncertainty                                                0.000     0.000
output external delay                                            0.000     0.000
data required time                                                         0.000
--------------------------------------------------------------------------------
data required time                                                        -0.000
data arrival time                                                          5.900
--------------------------------------------------------------------------------
slack (MET)                                                                5.900


#Path 2
Startpoint: a[22].inpad[0] (.input clocked by virtual_io_clock)
Endpoint  : out:result[31].outpad[0] (.output clocked by virtual_io_clock)
Path Type : hold

Point                                                             Incr      Path
--------------------------------------------------------------------------------
clock virtual_io_clock (rise edge)                               0.000     0.000
clock source latency                                             0.000     0.000
input external delay                                             0.000     0.000
a[22].inpad[0] (.input)                                          0.000     0.000
new_n8013.in[2] (.names)                                         1.703     1.703
new_n8013.out[0] (.names)                                        0.193     1.896
new_n8052.in[2] (.names)                                         0.064     1.960
new_n8052.out[0] (.names)                                        0.193     2.153
new_n8063.in[0] (.names)                                         0.064     2.217
new_n8063.out[0] (.names)                                        0.193     2.410
result[31].in[5] (.names)                                        0.064     2.474
result[31].out[0] (.names)                                       0.193     2.667
out:result[31].outpad[0] (.output)                               3.282     5.948
data arrival time                                                          5.948

clock virtual_io_clock (rise edge)                               0.000     0.000
clock source latency                                             0.000     0.000
clock uncertainty                                                0.000     0.000
output external delay                                            0.000     0.000
data required time                                                         0.000
--------------------------------------------------------------------------------
data required time                                                        -0.000
data arrival time                                                          5.948
--------------------------------------------------------------------------------
slack (MET)                                                                5.948


#Path 3
Startpoint: a[8].inpad[0] (.input clocked by virtual_io_clock)
Endpoint  : out:result[11].outpad[0] (.output clocked by virtual_io_clock)
Path Type : hold

Point                                                             Incr      Path
--------------------------------------------------------------------------------
clock virtual_io_clock (rise edge)                               0.000     0.000
clock source latency                                             0.000     0.000
input external delay                                             0.000     0.000
a[8].inpad[0] (.input)                                           0.000     0.000
new_n7472.in[5] (.names)                                         1.976     1.976
new_n7472.out[0] (.names)                                        0.193     2.169
new_n7430.in[3] (.names)                                         0.403     2.572
new_n7430.out[0] (.names)                                        0.193     2.765
result[11].in[1] (.names)                                        0.128     2.893
result[11].out[0] (.names)                                       0.193     3.086
out:result[11].outpad[0] (.output)                               2.901     5.987
data arrival time                                                          5.987

clock virtual_io_clock (rise edge)                               0.000     0.000
clock source latency                                             0.000     0.000
clock uncertainty                                                0.000     0.000
output external delay                                            0.000     0.000
data required time                                                         0.000
--------------------------------------------------------------------------------
data required time                                                        -0.000
data arrival time                                                          5.987
--------------------------------------------------------------------------------
slack (MET)                                                                5.987


#Path 4
Startpoint: a[11].inpad[0] (.input clocked by virtual_io_clock)
Endpoint  : out:result[12].outpad[0] (.output clocked by virtual_io_clock)
Path Type : hold

Point                                                             Incr      Path
--------------------------------------------------------------------------------
clock virtual_io_clock (rise edge)                               0.000     0.000
clock source latency                                             0.000     0.000
input external delay                                             0.000     0.000
a[11].inpad[0] (.input)                                          0.000     0.000
new_n7517.in[5] (.names)                                         2.111     2.111
new_n7517.out[0] (.names)                                        0.193     2.304
new_n7478.in[5] (.names)                                         0.128     2.432
new_n7478.out[0] (.names)                                        0.193     2.625
result[12].in[4] (.names)                                        0.128     2.753
result[12].out[0] (.names)                                       0.193     2.946
out:result[12].outpad[0] (.output)                               3.046     5.992
data arrival time                                                          5.992

clock virtual_io_clock (rise edge)                               0.000     0.000
clock source latency                                             0.000     0.000
clock uncertainty                                                0.000     0.000
output external delay                                            0.000     0.000
data required time                                                         0.000
--------------------------------------------------------------------------------
data required time                                                        -0.000
data arrival time                                                          5.992
--------------------------------------------------------------------------------
slack (MET)                                                                5.992


#Path 5
Startpoint: a[17].inpad[0] (.input clocked by virtual_io_clock)
Endpoint  : out:result[20].outpad[0] (.output clocked by virtual_io_clock)
Path Type : hold

Point                                                             Incr      Path
--------------------------------------------------------------------------------
clock virtual_io_clock (rise edge)                               0.000     0.000
clock source latency                                             0.000     0.000
input external delay                                             0.000     0.000
a[17].inpad[0] (.input)                                          0.000     0.000
new_n7816.in[5] (.names)                                         1.954     1.954
new_n7816.out[0] (.names)                                        0.193     2.147
new_n7789.in[2] (.names)                                         0.128     2.275
new_n7789.out[0] (.names)                                        0.193     2.468
new_n7788.in[0] (.names)                                         0.064     2.532
new_n7788.out[0] (.names)                                        0.193     2.725
result[20].in[2] (.names)                                        0.265     2.990
result[20].out[0] (.names)                                       0.193     3.183
out:result[20].outpad[0] (.output)                               3.011     6.194
data arrival time                                                          6.194

clock virtual_io_clock (rise edge)                               0.000     0.000
clock source latency                                             0.000     0.000
clock uncertainty                                                0.000     0.000
output external delay                                            0.000     0.000
data required time                                                         0.000
--------------------------------------------------------------------------------
data required time                                                        -0.000
data arrival time                                                          6.194
--------------------------------------------------------------------------------
slack (MET)                                                                6.194


#Path 6
Startpoint: a[17].inpad[0] (.input clocked by virtual_io_clock)
Endpoint  : out:result[22].outpad[0] (.output clocked by virtual_io_clock)
Path Type : hold

Point                                                             Incr      Path
--------------------------------------------------------------------------------
clock virtual_io_clock (rise edge)                               0.000     0.000
clock source latency                                             0.000     0.000
input external delay                                             0.000     0.000
a[17].inpad[0] (.input)                                          0.000     0.000
new_n7816.in[5] (.names)                                         1.954     1.954
new_n7816.out[0] (.names)                                        0.193     2.147
new_n7821.in[2] (.names)                                         0.128     2.275
new_n7821.out[0] (.names)                                        0.193     2.468
new_n7847.in[4] (.names)                                         0.064     2.532
new_n7847.out[0] (.names)                                        0.193     2.725
result[22].in[0] (.names)                                        0.128     2.853
result[22].out[0] (.names)                                       0.193     3.046
out:result[22].outpad[0] (.output)                               3.152     6.198
data arrival time                                                          6.198

clock virtual_io_clock (rise edge)                               0.000     0.000
clock source latency                                             0.000     0.000
clock uncertainty                                                0.000     0.000
output external delay                                            0.000     0.000
data required time                                                         0.000
--------------------------------------------------------------------------------
data required time                                                        -0.000
data arrival time                                                          6.198
--------------------------------------------------------------------------------
slack (MET)                                                                6.198


#Path 7
Startpoint: a[18].inpad[0] (.input clocked by virtual_io_clock)
Endpoint  : out:result[24].outpad[0] (.output clocked by virtual_io_clock)
Path Type : hold

Point                                                             Incr      Path
--------------------------------------------------------------------------------
clock virtual_io_clock (rise edge)                               0.000     0.000
clock source latency                                             0.000     0.000
input external delay                                             0.000     0.000
a[18].inpad[0] (.input)                                          0.000     0.000
new_n1180.in[3] (.names)                                         1.792     1.792
new_n1180.out[0] (.names)                                        0.193     1.985
new_n7897.in[3] (.names)                                         0.264     2.249
new_n7897.out[0] (.names)                                        0.193     2.442
new_n7902.in[2] (.names)                                         0.064     2.506
new_n7902.out[0] (.names)                                        0.193     2.699
result[24].in[5] (.names)                                        0.265     2.964
result[24].out[0] (.names)                                       0.193     3.157
out:result[24].outpad[0] (.output)                               3.046     6.204
data arrival time                                                          6.204

clock virtual_io_clock (rise edge)                               0.000     0.000
clock source latency                                             0.000     0.000
clock uncertainty                                                0.000     0.000
output external delay                                            0.000     0.000
data required time                                                         0.000
--------------------------------------------------------------------------------
data required time                                                        -0.000
data arrival time                                                          6.204
--------------------------------------------------------------------------------
slack (MET)                                                                6.204


#Path 8
Startpoint: a[11].inpad[0] (.input clocked by virtual_io_clock)
Endpoint  : out:result[16].outpad[0] (.output clocked by virtual_io_clock)
Path Type : hold

Point                                                             Incr      Path
--------------------------------------------------------------------------------
clock virtual_io_clock (rise edge)                               0.000     0.000
clock source latency                                             0.000     0.000
input external delay                                             0.000     0.000
a[11].inpad[0] (.input)                                          0.000     0.000
new_n7600.in[5] (.names)                                         2.238     2.238
new_n7600.out[0] (.names)                                        0.193     2.431
new_n7642.in[2] (.names)                                         0.064     2.495
new_n7642.out[0] (.names)                                        0.193     2.688
result[16].in[4] (.names)                                        0.064     2.752
result[16].out[0] (.names)                                       0.193     2.945
out:result[16].outpad[0] (.output)                               3.267     6.213
data arrival time                                                          6.213

clock virtual_io_clock (rise edge)                               0.000     0.000
clock source latency                                             0.000     0.000
clock uncertainty                                                0.000     0.000
output external delay                                            0.000     0.000
data required time                                                         0.000
--------------------------------------------------------------------------------
data required time                                                        -0.000
data arrival time                                                          6.213
--------------------------------------------------------------------------------
slack (MET)                                                                6.213


#Path 9
Startpoint: a[2].inpad[0] (.input clocked by virtual_io_clock)
Endpoint  : out:result[2].outpad[0] (.output clocked by virtual_io_clock)
Path Type : hold

Point                                                             Incr      Path
--------------------------------------------------------------------------------
clock virtual_io_clock (rise edge)                               0.000     0.000
clock source latency                                             0.000     0.000
input external delay                                             0.000     0.000
a[2].inpad[0] (.input)                                           0.000     0.000
new_n6969.in[3] (.names)                                         2.237     2.237
new_n6969.out[0] (.names)                                        0.193     2.430
new_n6915.in[4] (.names)                                         0.064     2.494
new_n6915.out[0] (.names)                                        0.193     2.687
result[2].in[2] (.names)                                         0.064     2.751
result[2].out[0] (.names)                                        0.193     2.944
out:result[2].outpad[0] (.output)                                3.340     6.284
data arrival time                                                          6.284

clock virtual_io_clock (rise edge)                               0.000     0.000
clock source latency                                             0.000     0.000
clock uncertainty                                                0.000     0.000
output external delay                                            0.000     0.000
data required time                                                         0.000
--------------------------------------------------------------------------------
data required time                                                        -0.000
data arrival time                                                          6.284
--------------------------------------------------------------------------------
slack (MET)                                                                6.284


#Path 10
Startpoint: a[2].inpad[0] (.input clocked by virtual_io_clock)
Endpoint  : out:result[3].outpad[0] (.output clocked by virtual_io_clock)
Path Type : hold

Point                                                             Incr      Path
--------------------------------------------------------------------------------
clock virtual_io_clock (rise edge)                               0.000     0.000
clock source latency                                             0.000     0.000
input external delay                                             0.000     0.000
a[2].inpad[0] (.input)                                           0.000     0.000
new_n6969.in[3] (.names)                                         2.237     2.237
new_n6969.out[0] (.names)                                        0.193     2.430
new_n6915.in[4] (.names)                                         0.064     2.494
new_n6915.out[0] (.names)                                        0.193     2.687
result[3].in[0] (.names)                                         0.265     2.952
result[3].out[0] (.names)                                        0.193     3.145
out:result[3].outpad[0] (.output)                                3.175     6.320
data arrival time                                                          6.320

clock virtual_io_clock (rise edge)                               0.000     0.000
clock source latency                                             0.000     0.000
clock uncertainty                                                0.000     0.000
output external delay                                            0.000     0.000
data required time                                                         0.000
--------------------------------------------------------------------------------
data required time                                                        -0.000
data arrival time                                                          6.320
--------------------------------------------------------------------------------
slack (MET)                                                                6.320


#Path 11
Startpoint: a[2].inpad[0] (.input clocked by virtual_io_clock)
Endpoint  : out:result[5].outpad[0] (.output clocked by virtual_io_clock)
Path Type : hold

Point                                                             Incr      Path
--------------------------------------------------------------------------------
clock virtual_io_clock (rise edge)                               0.000     0.000
clock source latency                                             0.000     0.000
input external delay                                             0.000     0.000
a[2].inpad[0] (.input)                                           0.000     0.000
new_n7037.in[3] (.names)                                         2.237     2.237
new_n7037.out[0] (.names)                                        0.193     2.430
new_n7051.in[3] (.names)                                         0.064     2.494
new_n7051.out[0] (.names)                                        0.193     2.687
result[5].in[1] (.names)                                         0.064     2.751
result[5].out[0] (.names)                                        0.193     2.944
out:result[5].outpad[0] (.output)                                3.425     6.369
data arrival time                                                          6.369

clock virtual_io_clock (rise edge)                               0.000     0.000
clock source latency                                             0.000     0.000
clock uncertainty                                                0.000     0.000
output external delay                                            0.000     0.000
data required time                                                         0.000
--------------------------------------------------------------------------------
data required time                                                        -0.000
data arrival time                                                          6.369
--------------------------------------------------------------------------------
slack (MET)                                                                6.369


#Path 12
Startpoint: a[5].inpad[0] (.input clocked by virtual_io_clock)
Endpoint  : out:result[8].outpad[0] (.output clocked by virtual_io_clock)
Path Type : hold

Point                                                             Incr      Path
--------------------------------------------------------------------------------
clock virtual_io_clock (rise edge)                               0.000     0.000
clock source latency                                             0.000     0.000
input external delay                                             0.000     0.000
a[5].inpad[0] (.input)                                           0.000     0.000
new_n7286.in[5] (.names)                                         2.103     2.103
new_n7286.out[0] (.names)                                        0.193     2.296
new_n7339.in[4] (.names)                                         0.264     2.560
new_n7339.out[0] (.names)                                        0.193     2.753
result[8].in[2] (.names)                                         0.265     3.018
result[8].out[0] (.names)                                        0.193     3.211
out:result[8].outpad[0] (.output)                                3.185     6.396
data arrival time                                                          6.396

clock virtual_io_clock (rise edge)                               0.000     0.000
clock source latency                                             0.000     0.000
clock uncertainty                                                0.000     0.000
output external delay                                            0.000     0.000
data required time                                                         0.000
--------------------------------------------------------------------------------
data required time                                                        -0.000
data arrival time                                                          6.396
--------------------------------------------------------------------------------
slack (MET)                                                                6.396


#Path 13
Startpoint: a[22].inpad[0] (.input clocked by virtual_io_clock)
Endpoint  : out:result[30].outpad[0] (.output clocked by virtual_io_clock)
Path Type : hold

Point                                                             Incr      Path
--------------------------------------------------------------------------------
clock virtual_io_clock (rise edge)                               0.000     0.000
clock source latency                                             0.000     0.000
input external delay                                             0.000     0.000
a[22].inpad[0] (.input)                                          0.000     0.000
new_n8013.in[2] (.names)                                         1.703     1.703
new_n8013.out[0] (.names)                                        0.193     1.896
new_n8052.in[2] (.names)                                         0.064     1.960
new_n8052.out[0] (.names)                                        0.193     2.153
new_n8051.in[0] (.names)                                         0.128     2.281
new_n8051.out[0] (.names)                                        0.193     2.474
result[30].in[4] (.names)                                        0.128     2.602
result[30].out[0] (.names)                                       0.193     2.795
out:result[30].outpad[0] (.output)                               3.644     6.438
data arrival time                                                          6.438

clock virtual_io_clock (rise edge)                               0.000     0.000
clock source latency                                             0.000     0.000
clock uncertainty                                                0.000     0.000
output external delay                                            0.000     0.000
data required time                                                         0.000
--------------------------------------------------------------------------------
data required time                                                        -0.000
data arrival time                                                          6.438
--------------------------------------------------------------------------------
slack (MET)                                                                6.438


#Path 14
Startpoint: a[11].inpad[0] (.input clocked by virtual_io_clock)
Endpoint  : out:result[13].outpad[0] (.output clocked by virtual_io_clock)
Path Type : hold

Point                                                             Incr      Path
--------------------------------------------------------------------------------
clock virtual_io_clock (rise edge)                               0.000     0.000
clock source latency                                             0.000     0.000
input external delay                                             0.000     0.000
a[11].inpad[0] (.input)                                          0.000     0.000
new_n7517.in[5] (.names)                                         2.111     2.111
new_n7517.out[0] (.names)                                        0.193     2.304
new_n7478.in[5] (.names)                                         0.128     2.432
new_n7478.out[0] (.names)                                        0.193     2.625
new_n7520.in[3] (.names)                                         0.064     2.689
new_n7520.out[0] (.names)                                        0.193     2.882
result[13].in[0] (.names)                                        0.128     3.010
result[13].out[0] (.names)                                       0.193     3.203
out:result[13].outpad[0] (.output)                               3.245     6.448
data arrival time                                                          6.448

clock virtual_io_clock (rise edge)                               0.000     0.000
clock source latency                                             0.000     0.000
clock uncertainty                                                0.000     0.000
output external delay                                            0.000     0.000
data required time                                                         0.000
--------------------------------------------------------------------------------
data required time                                                        -0.000
data arrival time                                                          6.448
--------------------------------------------------------------------------------
slack (MET)                                                                6.448


#Path 15
Startpoint: a[17].inpad[0] (.input clocked by virtual_io_clock)
Endpoint  : out:result[23].outpad[0] (.output clocked by virtual_io_clock)
Path Type : hold

Point                                                             Incr      Path
--------------------------------------------------------------------------------
clock virtual_io_clock (rise edge)                               0.000     0.000
clock source latency                                             0.000     0.000
input external delay                                             0.000     0.000
a[17].inpad[0] (.input)                                          0.000     0.000
new_n7816.in[5] (.names)                                         1.954     1.954
new_n7816.out[0] (.names)                                        0.193     2.147
new_n7821.in[2] (.names)                                         0.128     2.275
new_n7821.out[0] (.names)                                        0.193     2.468
new_n7847.in[4] (.names)                                         0.064     2.532
new_n7847.out[0] (.names)                                        0.193     2.725
result[23].in[0] (.names)                                        0.265     2.989
result[23].out[0] (.names)                                       0.193     3.182
out:result[23].outpad[0] (.output)                               3.270     6.452
data arrival time                                                          6.452

clock virtual_io_clock (rise edge)                               0.000     0.000
clock source latency                                             0.000     0.000
clock uncertainty                                                0.000     0.000
output external delay                                            0.000     0.000
data required time                                                         0.000
--------------------------------------------------------------------------------
data required time                                                        -0.000
data arrival time                                                          6.452
--------------------------------------------------------------------------------
slack (MET)                                                                6.452


#Path 16
Startpoint: a[2].inpad[0] (.input clocked by virtual_io_clock)
Endpoint  : out:result[0].outpad[0] (.output clocked by virtual_io_clock)
Path Type : hold

Point                                                             Incr      Path
--------------------------------------------------------------------------------
clock virtual_io_clock (rise edge)                               0.000     0.000
clock source latency                                             0.000     0.000
input external delay                                             0.000     0.000
a[2].inpad[0] (.input)                                           0.000     0.000
new_n6689.in[3] (.names)                                         2.237     2.237
new_n6689.out[0] (.names)                                        0.193     2.430
new_n6688.in[3] (.names)                                         0.064     2.494
new_n6688.out[0] (.names)                                        0.193     2.687
result[0].in[3] (.names)                                         0.265     2.951
result[0].out[0] (.names)                                        0.193     3.144
out:result[0].outpad[0] (.output)                                3.349     6.493
data arrival time                                                          6.493

clock virtual_io_clock (rise edge)                               0.000     0.000
clock source latency                                             0.000     0.000
clock uncertainty                                                0.000     0.000
output external delay                                            0.000     0.000
data required time                                                         0.000
--------------------------------------------------------------------------------
data required time                                                        -0.000
data arrival time                                                          6.493
--------------------------------------------------------------------------------
slack (MET)                                                                6.493


#Path 17
Startpoint: a[11].inpad[0] (.input clocked by virtual_io_clock)
Endpoint  : out:result[14].outpad[0] (.output clocked by virtual_io_clock)
Path Type : hold

Point                                                             Incr      Path
--------------------------------------------------------------------------------
clock virtual_io_clock (rise edge)                               0.000     0.000
clock source latency                                             0.000     0.000
input external delay                                             0.000     0.000
a[11].inpad[0] (.input)                                          0.000     0.000
new_n7517.in[5] (.names)                                         2.111     2.111
new_n7517.out[0] (.names)                                        0.193     2.304
new_n7522.in[2] (.names)                                         0.128     2.432
new_n7522.out[0] (.names)                                        0.193     2.625
new_n7521.in[2] (.names)                                         0.064     2.689
new_n7521.out[0] (.names)                                        0.193     2.882
new_n7565.in[0] (.names)                                         0.064     2.946
new_n7565.out[0] (.names)                                        0.193     3.139
result[14].in[0] (.names)                                        0.064     3.203
result[14].out[0] (.names)                                       0.193     3.396
out:result[14].outpad[0] (.output)                               3.111     6.506
data arrival time                                                          6.506

clock virtual_io_clock (rise edge)                               0.000     0.000
clock source latency                                             0.000     0.000
clock uncertainty                                                0.000     0.000
output external delay                                            0.000     0.000
data required time                                                         0.000
--------------------------------------------------------------------------------
data required time                                                        -0.000
data arrival time                                                          6.506
--------------------------------------------------------------------------------
slack (MET)                                                                6.506


#Path 18
Startpoint: a[18].inpad[0] (.input clocked by virtual_io_clock)
Endpoint  : out:result[28].outpad[0] (.output clocked by virtual_io_clock)
Path Type : hold

Point                                                             Incr      Path
--------------------------------------------------------------------------------
clock virtual_io_clock (rise edge)                               0.000     0.000
clock source latency                                             0.000     0.000
input external delay                                             0.000     0.000
a[18].inpad[0] (.input)                                          0.000     0.000
new_n7937.in[2] (.names)                                         1.792     1.792
new_n7937.out[0] (.names)                                        0.193     1.985
new_n7974.in[2] (.names)                                         0.128     2.113
new_n7974.out[0] (.names)                                        0.193     2.306
new_n7986.in[1] (.names)                                         0.064     2.370
new_n7986.out[0] (.names)                                        0.193     2.563
new_n8005.in[2] (.names)                                         0.128     2.691
new_n8005.out[0] (.names)                                        0.193     2.884
result[28].in[5] (.names)                                        0.265     3.149
result[28].out[0] (.names)                                       0.193     3.342
out:result[28].outpad[0] (.output)                               3.171     6.513
data arrival time                                                          6.513

clock virtual_io_clock (rise edge)                               0.000     0.000
clock source latency                                             0.000     0.000
clock uncertainty                                                0.000     0.000
output external delay                                            0.000     0.000
data required time                                                         0.000
--------------------------------------------------------------------------------
data required time                                                        -0.000
data arrival time                                                          6.513
--------------------------------------------------------------------------------
slack (MET)                                                                6.513


#Path 19
Startpoint: a[5].inpad[0] (.input clocked by virtual_io_clock)
Endpoint  : out:result[10].outpad[0] (.output clocked by virtual_io_clock)
Path Type : hold

Point                                                             Incr      Path
--------------------------------------------------------------------------------
clock virtual_io_clock (rise edge)                               0.000     0.000
clock source latency                                             0.000     0.000
input external delay                                             0.000     0.000
a[5].inpad[0] (.input)                                           0.000     0.000
new_n7286.in[5] (.names)                                         2.103     2.103
new_n7286.out[0] (.names)                                        0.193     2.296
new_n7339.in[4] (.names)                                         0.264     2.560
new_n7339.out[0] (.names)                                        0.193     2.753
new_n7342.in[1] (.names)                                         0.064     2.817
new_n7342.out[0] (.names)                                        0.193     3.010
result[10].in[1] (.names)                                        0.265     3.275
result[10].out[0] (.names)                                       0.193     3.468
out:result[10].outpad[0] (.output)                               3.046     6.514
data arrival time                                                          6.514

clock virtual_io_clock (rise edge)                               0.000     0.000
clock source latency                                             0.000     0.000
clock uncertainty                                                0.000     0.000
output external delay                                            0.000     0.000
data required time                                                         0.000
--------------------------------------------------------------------------------
data required time                                                        -0.000
data arrival time                                                          6.514
--------------------------------------------------------------------------------
slack (MET)                                                                6.514


#Path 20
Startpoint: a[9].inpad[0] (.input clocked by virtual_io_clock)
Endpoint  : out:result[15].outpad[0] (.output clocked by virtual_io_clock)
Path Type : hold

Point                                                             Incr      Path
--------------------------------------------------------------------------------
clock virtual_io_clock (rise edge)                               0.000     0.000
clock source latency                                             0.000     0.000
input external delay                                             0.000     0.000
a[9].inpad[0] (.input)                                           0.000     0.000
new_n1822.in[3] (.names)                                         1.905     1.905
new_n1822.out[0] (.names)                                        0.193     2.098
new_n7638.in[1] (.names)                                         0.265     2.363
new_n7638.out[0] (.names)                                        0.193     2.556
new_n7609.in[4] (.names)                                         0.064     2.620
new_n7609.out[0] (.names)                                        0.193     2.813
new_n7608.in[0] (.names)                                         0.064     2.877
new_n7608.out[0] (.names)                                        0.193     3.070
result[15].in[3] (.names)                                        0.128     3.198
result[15].out[0] (.names)                                       0.193     3.391
out:result[15].outpad[0] (.output)                               3.128     6.519
data arrival time                                                          6.519

clock virtual_io_clock (rise edge)                               0.000     0.000
clock source latency                                             0.000     0.000
clock uncertainty                                                0.000     0.000
output external delay                                            0.000     0.000
data required time                                                         0.000
--------------------------------------------------------------------------------
data required time                                                        -0.000
data arrival time                                                          6.519
--------------------------------------------------------------------------------
slack (MET)                                                                6.519


#Path 21
Startpoint: a[2].inpad[0] (.input clocked by virtual_io_clock)
Endpoint  : out:result[4].outpad[0] (.output clocked by virtual_io_clock)
Path Type : hold

Point                                                             Incr      Path
--------------------------------------------------------------------------------
clock virtual_io_clock (rise edge)                               0.000     0.000
clock source latency                                             0.000     0.000
input external delay                                             0.000     0.000
a[2].inpad[0] (.input)                                           0.000     0.000
new_n7037.in[3] (.names)                                         2.237     2.237
new_n7037.out[0] (.names)                                        0.193     2.430
new_n7051.in[3] (.names)                                         0.064     2.494
new_n7051.out[0] (.names)                                        0.193     2.687
result[4].in[1] (.names)                                         0.064     2.751
result[4].out[0] (.names)                                        0.193     2.944
out:result[4].outpad[0] (.output)                                3.587     6.530
data arrival time                                                          6.530

clock virtual_io_clock (rise edge)                               0.000     0.000
clock source latency                                             0.000     0.000
clock uncertainty                                                0.000     0.000
output external delay                                            0.000     0.000
data required time                                                         0.000
--------------------------------------------------------------------------------
data required time                                                        -0.000
data arrival time                                                          6.530
--------------------------------------------------------------------------------
slack (MET)                                                                6.530


#Path 22
Startpoint: a[14].inpad[0] (.input clocked by virtual_io_clock)
Endpoint  : out:result[19].outpad[0] (.output clocked by virtual_io_clock)
Path Type : hold

Point                                                             Incr      Path
--------------------------------------------------------------------------------
clock virtual_io_clock (rise edge)                               0.000     0.000
clock source latency                                             0.000     0.000
input external delay                                             0.000     0.000
a[14].inpad[0] (.input)                                          0.000     0.000
new_n7753.in[3] (.names)                                         2.795     2.795
new_n7753.out[0] (.names)                                        0.193     2.988
result[19].in[4] (.names)                                        0.064     3.052
result[19].out[0] (.names)                                       0.193     3.245
out:result[19].outpad[0] (.output)                               3.290     6.535
data arrival time                                                          6.535

clock virtual_io_clock (rise edge)                               0.000     0.000
clock source latency                                             0.000     0.000
clock uncertainty                                                0.000     0.000
output external delay                                            0.000     0.000
data required time                                                         0.000
--------------------------------------------------------------------------------
data required time                                                        -0.000
data arrival time                                                          6.535
--------------------------------------------------------------------------------
slack (MET)                                                                6.535


#Path 23
Startpoint: a[14].inpad[0] (.input clocked by virtual_io_clock)
Endpoint  : out:result[18].outpad[0] (.output clocked by virtual_io_clock)
Path Type : hold

Point                                                             Incr      Path
--------------------------------------------------------------------------------
clock virtual_io_clock (rise edge)                               0.000     0.000
clock source latency                                             0.000     0.000
input external delay                                             0.000     0.000
a[14].inpad[0] (.input)                                          0.000     0.000
new_n7753.in[3] (.names)                                         2.795     2.795
new_n7753.out[0] (.names)                                        0.193     2.988
result[18].in[4] (.names)                                        0.064     3.052
result[18].out[0] (.names)                                       0.193     3.245
out:result[18].outpad[0] (.output)                               3.299     6.544
data arrival time                                                          6.544

clock virtual_io_clock (rise edge)                               0.000     0.000
clock source latency                                             0.000     0.000
clock uncertainty                                                0.000     0.000
output external delay                                            0.000     0.000
data required time                                                         0.000
--------------------------------------------------------------------------------
data required time                                                        -0.000
data arrival time                                                          6.544
--------------------------------------------------------------------------------
slack (MET)                                                                6.544


#Path 24
Startpoint: a[18].inpad[0] (.input clocked by virtual_io_clock)
Endpoint  : out:result[25].outpad[0] (.output clocked by virtual_io_clock)
Path Type : hold

Point                                                             Incr      Path
--------------------------------------------------------------------------------
clock virtual_io_clock (rise edge)                               0.000     0.000
clock source latency                                             0.000     0.000
input external delay                                             0.000     0.000
a[18].inpad[0] (.input)                                          0.000     0.000
new_n1180.in[3] (.names)                                         1.792     1.792
new_n1180.out[0] (.names)                                        0.193     1.985
new_n7897.in[3] (.names)                                         0.264     2.249
new_n7897.out[0] (.names)                                        0.193     2.442
new_n7928.in[2] (.names)                                         0.064     2.506
new_n7928.out[0] (.names)                                        0.193     2.699
new_n7927.in[4] (.names)                                         0.263     2.962
new_n7927.out[0] (.names)                                        0.193     3.155
result[25].in[1] (.names)                                        0.064     3.219
result[25].out[0] (.names)                                       0.193     3.412
out:result[25].outpad[0] (.output)                               3.169     6.581
data arrival time                                                          6.581

clock virtual_io_clock (rise edge)                               0.000     0.000
clock source latency                                             0.000     0.000
clock uncertainty                                                0.000     0.000
output external delay                                            0.000     0.000
data required time                                                         0.000
--------------------------------------------------------------------------------
data required time                                                        -0.000
data arrival time                                                          6.581
--------------------------------------------------------------------------------
slack (MET)                                                                6.581


#Path 25
Startpoint: a[2].inpad[0] (.input clocked by virtual_io_clock)
Endpoint  : out:result[1].outpad[0] (.output clocked by virtual_io_clock)
Path Type : hold

Point                                                             Incr      Path
--------------------------------------------------------------------------------
clock virtual_io_clock (rise edge)                               0.000     0.000
clock source latency                                             0.000     0.000
input external delay                                             0.000     0.000
a[2].inpad[0] (.input)                                           0.000     0.000
new_n6689.in[3] (.names)                                         2.237     2.237
new_n6689.out[0] (.names)                                        0.193     2.430
new_n6837.in[3] (.names)                                         0.064     2.494
new_n6837.out[0] (.names)                                        0.193     2.687
result[1].in[4] (.names)                                         0.264     2.951
result[1].out[0] (.names)                                        0.193     3.144
out:result[1].outpad[0] (.output)                                3.443     6.587
data arrival time                                                          6.587

clock virtual_io_clock (rise edge)                               0.000     0.000
clock source latency                                             0.000     0.000
clock uncertainty                                                0.000     0.000
output external delay                                            0.000     0.000
data required time                                                         0.000
--------------------------------------------------------------------------------
data required time                                                        -0.000
data arrival time                                                          6.587
--------------------------------------------------------------------------------
slack (MET)                                                                6.587


#Path 26
Startpoint: a[2].inpad[0] (.input clocked by virtual_io_clock)
Endpoint  : out:result[7].outpad[0] (.output clocked by virtual_io_clock)
Path Type : hold

Point                                                             Incr      Path
--------------------------------------------------------------------------------
clock virtual_io_clock (rise edge)                               0.000     0.000
clock source latency                                             0.000     0.000
input external delay                                             0.000     0.000
a[2].inpad[0] (.input)                                           0.000     0.000
new_n7037.in[3] (.names)                                         2.237     2.237
new_n7037.out[0] (.names)                                        0.193     2.430
new_n7051.in[3] (.names)                                         0.064     2.494
new_n7051.out[0] (.names)                                        0.193     2.687
new_n7186.in[0] (.names)                                         0.064     2.751
new_n7186.out[0] (.names)                                        0.193     2.944
result[7].in[0] (.names)                                         0.064     3.008
result[7].out[0] (.names)                                        0.193     3.201
out:result[7].outpad[0] (.output)                                3.463     6.664
data arrival time                                                          6.664

clock virtual_io_clock (rise edge)                               0.000     0.000
clock source latency                                             0.000     0.000
clock uncertainty                                                0.000     0.000
output external delay                                            0.000     0.000
data required time                                                         0.000
--------------------------------------------------------------------------------
data required time                                                        -0.000
data arrival time                                                          6.664
--------------------------------------------------------------------------------
slack (MET)                                                                6.664


#Path 27
Startpoint: a[22].inpad[0] (.input clocked by virtual_io_clock)
Endpoint  : out:result[29].outpad[0] (.output clocked by virtual_io_clock)
Path Type : hold

Point                                                             Incr      Path
--------------------------------------------------------------------------------
clock virtual_io_clock (rise edge)                               0.000     0.000
clock source latency                                             0.000     0.000
input external delay                                             0.000     0.000
a[22].inpad[0] (.input)                                          0.000     0.000
new_n8013.in[2] (.names)                                         1.703     1.703
new_n8013.out[0] (.names)                                        0.193     1.896
new_n8011.in[1] (.names)                                         0.264     2.159
new_n8011.out[0] (.names)                                        0.193     2.352
new_n8032.in[0] (.names)                                         0.064     2.416
new_n8032.out[0] (.names)                                        0.193     2.609
new_n8030.in[1] (.names)                                         0.064     2.673
new_n8030.out[0] (.names)                                        0.193     2.866
new_n8027.in[3] (.names)                                         0.064     2.930
new_n8027.out[0] (.names)                                        0.193     3.123
result[29].in[1] (.names)                                        0.064     3.187
result[29].out[0] (.names)                                       0.193     3.380
out:result[29].outpad[0] (.output)                               3.332     6.712
data arrival time                                                          6.712

clock virtual_io_clock (rise edge)                               0.000     0.000
clock source latency                                             0.000     0.000
clock uncertainty                                                0.000     0.000
output external delay                                            0.000     0.000
data required time                                                         0.000
--------------------------------------------------------------------------------
data required time                                                        -0.000
data arrival time                                                          6.712
--------------------------------------------------------------------------------
slack (MET)                                                                6.712


#Path 28
Startpoint: a[0].inpad[0] (.input clocked by virtual_io_clock)
Endpoint  : out:result[6].outpad[0] (.output clocked by virtual_io_clock)
Path Type : hold

Point                                                             Incr      Path
--------------------------------------------------------------------------------
clock virtual_io_clock (rise edge)                               0.000     0.000
clock source latency                                             0.000     0.000
input external delay                                             0.000     0.000
a[0].inpad[0] (.input)                                           0.000     0.000
new_n2477.in[2] (.names)                                         1.701     1.701
new_n2477.out[0] (.names)                                        0.193     1.894
new_n7175.in[1] (.names)                                         0.412     2.306
new_n7175.out[0] (.names)                                        0.193     2.499
new_n7187.in[3] (.names)                                         0.411     2.910
new_n7187.out[0] (.names)                                        0.193     3.103
result[6].in[1] (.names)                                         0.064     3.167
result[6].out[0] (.names)                                        0.193     3.360
out:result[6].outpad[0] (.output)                                3.429     6.789
data arrival time                                                          6.789

clock virtual_io_clock (rise edge)                               0.000     0.000
clock source latency                                             0.000     0.000
clock uncertainty                                                0.000     0.000
output external delay                                            0.000     0.000
data required time                                                         0.000
--------------------------------------------------------------------------------
data required time                                                        -0.000
data arrival time                                                          6.789
--------------------------------------------------------------------------------
slack (MET)                                                                6.789


#Path 29
Startpoint: a[18].inpad[0] (.input clocked by virtual_io_clock)
Endpoint  : out:result[27].outpad[0] (.output clocked by virtual_io_clock)
Path Type : hold

Point                                                             Incr      Path
--------------------------------------------------------------------------------
clock virtual_io_clock (rise edge)                               0.000     0.000
clock source latency                                             0.000     0.000
input external delay                                             0.000     0.000
a[18].inpad[0] (.input)                                          0.000     0.000
new_n7937.in[2] (.names)                                         1.792     1.792
new_n7937.out[0] (.names)                                        0.193     1.985
new_n7974.in[2] (.names)                                         0.128     2.113
new_n7974.out[0] (.names)                                        0.193     2.306
new_n7986.in[1] (.names)                                         0.064     2.370
new_n7986.out[0] (.names)                                        0.193     2.563
new_n7985.in[0] (.names)                                         0.128     2.691
new_n7985.out[0] (.names)                                        0.193     2.884
new_n7984.in[0] (.names)                                         0.064     2.948
new_n7984.out[0] (.names)                                        0.193     3.141
result[27].in[3] (.names)                                        0.265     3.406
result[27].out[0] (.names)                                       0.193     3.599
out:result[27].outpad[0] (.output)                               3.245     6.844
data arrival time                                                          6.844

clock virtual_io_clock (rise edge)                               0.000     0.000
clock source latency                                             0.000     0.000
clock uncertainty                                                0.000     0.000
output external delay                                            0.000     0.000
data required time                                                         0.000
--------------------------------------------------------------------------------
data required time                                                        -0.000
data arrival time                                                          6.844
--------------------------------------------------------------------------------
slack (MET)                                                                6.844


#Path 30
Startpoint: a[9].inpad[0] (.input clocked by virtual_io_clock)
Endpoint  : out:result[17].outpad[0] (.output clocked by virtual_io_clock)
Path Type : hold

Point                                                             Incr      Path
--------------------------------------------------------------------------------
clock virtual_io_clock (rise edge)                               0.000     0.000
clock source latency                                             0.000     0.000
input external delay                                             0.000     0.000
a[9].inpad[0] (.input)                                           0.000     0.000
new_n1822.in[3] (.names)                                         1.905     1.905
new_n1822.out[0] (.names)                                        0.193     2.098
new_n7638.in[1] (.names)                                         0.265     2.363
new_n7638.out[0] (.names)                                        0.193     2.556
new_n7678.in[0] (.names)                                         0.064     2.620
new_n7678.out[0] (.names)                                        0.193     2.813
new_n7681.in[3] (.names)                                         0.064     2.877
new_n7681.out[0] (.names)                                        0.193     3.070
result[17].in[1] (.names)                                        0.265     3.335
result[17].out[0] (.names)                                       0.193     3.528
out:result[17].outpad[0] (.output)                               3.382     6.910
data arrival time                                                          6.910

clock virtual_io_clock (rise edge)                               0.000     0.000
clock source latency                                             0.000     0.000
clock uncertainty                                                0.000     0.000
output external delay                                            0.000     0.000
data required time                                                         0.000
--------------------------------------------------------------------------------
data required time                                                        -0.000
data arrival time                                                          6.910
--------------------------------------------------------------------------------
slack (MET)                                                                6.910


#Path 31
Startpoint: a[5].inpad[0] (.input clocked by virtual_io_clock)
Endpoint  : out:result[9].outpad[0] (.output clocked by virtual_io_clock)
Path Type : hold

Point                                                             Incr      Path
--------------------------------------------------------------------------------
clock virtual_io_clock (rise edge)                               0.000     0.000
clock source latency                                             0.000     0.000
input external delay                                             0.000     0.000
a[5].inpad[0] (.input)                                           0.000     0.000
new_n7286.in[5] (.names)                                         2.103     2.103
new_n7286.out[0] (.names)                                        0.193     2.296
new_n7339.in[4] (.names)                                         0.264     2.560
new_n7339.out[0] (.names)                                        0.193     2.753
new_n7342.in[1] (.names)                                         0.064     2.817
new_n7342.out[0] (.names)                                        0.193     3.010
result[9].in[1] (.names)                                         0.400     3.410
result[9].out[0] (.names)                                        0.193     3.603
out:result[9].outpad[0] (.output)                                3.453     7.057
data arrival time                                                          7.057

clock virtual_io_clock (rise edge)                               0.000     0.000
clock source latency                                             0.000     0.000
clock uncertainty                                                0.000     0.000
output external delay                                            0.000     0.000
data required time                                                         0.000
--------------------------------------------------------------------------------
data required time                                                        -0.000
data arrival time                                                          7.057
--------------------------------------------------------------------------------
slack (MET)                                                                7.057


#Path 32
Startpoint: a[18].inpad[0] (.input clocked by virtual_io_clock)
Endpoint  : out:result[26].outpad[0] (.output clocked by virtual_io_clock)
Path Type : hold

Point                                                             Incr      Path
--------------------------------------------------------------------------------
clock virtual_io_clock (rise edge)                               0.000     0.000
clock source latency                                             0.000     0.000
input external delay                                             0.000     0.000
a[18].inpad[0] (.input)                                          0.000     0.000
new_n1180.in[3] (.names)                                         1.792     1.792
new_n1180.out[0] (.names)                                        0.193     1.985
new_n7897.in[3] (.names)                                         0.264     2.249
new_n7897.out[0] (.names)                                        0.193     2.442
new_n7928.in[2] (.names)                                         0.064     2.506
new_n7928.out[0] (.names)                                        0.193     2.699
new_n7927.in[4] (.names)                                         0.263     2.962
new_n7927.out[0] (.names)                                        0.193     3.155
new_n7955.in[1] (.names)                                         0.064     3.219
new_n7955.out[0] (.names)                                        0.193     3.412
result[26].in[0] (.names)                                        0.064     3.476
result[26].out[0] (.names)                                       0.193     3.669
out:result[26].outpad[0] (.output)                               3.388     7.057
data arrival time                                                          7.057

clock virtual_io_clock (rise edge)                               0.000     0.000
clock source latency                                             0.000     0.000
clock uncertainty                                                0.000     0.000
output external delay                                            0.000     0.000
data required time                                                         0.000
--------------------------------------------------------------------------------
data required time                                                        -0.000
data arrival time                                                          7.057
--------------------------------------------------------------------------------
slack (MET)                                                                7.057


#End of timing report
