#Packing pin usage report
Type: io
	Input Pin Usage:
		Max: 1.00 (0.02)
		Avg: 0.49 (0.01)
		Min: 0.00 (0.00)
		Histogram:
		[        0:      5.5) 263 (100.0%) |***********************************************
		[      5.5:       11)   0 (  0.0%) |
		[       11:       16)   0 (  0.0%) |
		[       16:       22)   0 (  0.0%) |
		[       22:       28)   0 (  0.0%) |
		[       28:       33)   0 (  0.0%) |
		[       33:       38)   0 (  0.0%) |
		[       38:       44)   0 (  0.0%) |
		[       44:       50)   0 (  0.0%) |
		[       50:       55)   0 (  0.0%) |
	Output Pin Usage:
		Max: 1.00 (0.03)
		Avg: 0.51 (0.01)
		Min: 0.00 (0.00)
		Histogram:
		[        0:        4) 263 (100.0%) |***********************************************
		[        4:        8)   0 (  0.0%) |
		[        8:       12)   0 (  0.0%) |
		[       12:       16)   0 (  0.0%) |
		[       16:       20)   0 (  0.0%) |
		[       20:       24)   0 (  0.0%) |
		[       24:       28)   0 (  0.0%) |
		[       28:       32)   0 (  0.0%) |
		[       32:       36)   0 (  0.0%) |
		[       36:       40)   0 (  0.0%) |

Type: LAB
	Input Pin Usage:
		Max: 38.00 (0.42)
		Avg: 30.11 (0.33)
		Min: 16.00 (0.18)
		Histogram:
		[        0:      9.1)  0 (  0.0%) |
		[      9.1:       18)  1 (  3.6%) |***
		[       18:       27)  9 ( 32.1%) |***************************
		[       27:       36) 16 ( 57.1%) |************************************************
		[       36:       46)  2 (  7.1%) |******
		[       46:       55)  0 (  0.0%) |
		[       55:       64)  0 (  0.0%) |
		[       64:       73)  0 (  0.0%) |
		[       73:       82)  0 (  0.0%) |
		[       82:       91)  0 (  0.0%) |
	Output Pin Usage:
		Max: 18.00 (0.43)
		Avg: 12.86 (0.31)
		Min: 7.00 (0.17)
		Histogram:
		[        0:      4.2)  0 (  0.0%) |
		[      4.2:      8.4)  1 (  3.6%) |***
		[      8.4:       13) 12 ( 42.9%) |*****************************************
		[       13:       17) 14 ( 50.0%) |************************************************
		[       17:       21)  1 (  3.6%) |***
		[       21:       25)  0 (  0.0%) |
		[       25:       29)  0 (  0.0%) |
		[       29:       34)  0 (  0.0%) |
		[       34:       38)  0 (  0.0%) |
		[       38:       42)  0 (  0.0%) |

