#Timing report of worst 25 path(s)
# Unit scale: 1e-09 seconds
# Output precision: 3

#Path 1
Startpoint: pi22.inpad[0] (.input clocked by virtual_io_clock)
Endpoint  : out:po23.outpad[0] (.output clocked by virtual_io_clock)
Path Type : hold

Point                                                             Incr      Path
--------------------------------------------------------------------------------
clock virtual_io_clock (rise edge)                               0.000     0.000
clock source latency                                             0.000     0.000
input external delay                                             0.000     0.000
pi22.inpad[0] (.input)                                           0.000     0.000
po23.in[5] (.names)                                              0.860     0.860
po23.out[0] (.names)                                             0.193     1.053
out:po23.outpad[0] (.output)                                     0.335     1.388
data arrival time                                                          1.388

clock virtual_io_clock (rise edge)                               0.000     0.000
clock source latency                                             0.000     0.000
clock uncertainty                                                0.000     0.000
output external delay                                            0.000     0.000
data required time                                                         0.000
--------------------------------------------------------------------------------
data required time                                                        -0.000
data arrival time                                                          1.388
--------------------------------------------------------------------------------
slack (MET)                                                                1.388


#Path 2
Startpoint: pi22.inpad[0] (.input clocked by virtual_io_clock)
Endpoint  : out:po24.outpad[0] (.output clocked by virtual_io_clock)
Path Type : hold

Point                                                             Incr      Path
--------------------------------------------------------------------------------
clock virtual_io_clock (rise edge)                               0.000     0.000
clock source latency                                             0.000     0.000
input external delay                                             0.000     0.000
pi22.inpad[0] (.input)                                           0.000     0.000
po24.in[4] (.names)                                              0.860     0.860
po24.out[0] (.names)                                             0.193     1.053
out:po24.outpad[0] (.output)                                     0.428     1.481
data arrival time                                                          1.481

clock virtual_io_clock (rise edge)                               0.000     0.000
clock source latency                                             0.000     0.000
clock uncertainty                                                0.000     0.000
output external delay                                            0.000     0.000
data required time                                                         0.000
--------------------------------------------------------------------------------
data required time                                                        -0.000
data arrival time                                                          1.481
--------------------------------------------------------------------------------
slack (MET)                                                                1.481


#Path 3
Startpoint: pi22.inpad[0] (.input clocked by virtual_io_clock)
Endpoint  : out:po07.outpad[0] (.output clocked by virtual_io_clock)
Path Type : hold

Point                                                             Incr      Path
--------------------------------------------------------------------------------
clock virtual_io_clock (rise edge)                               0.000     0.000
clock source latency                                             0.000     0.000
input external delay                                             0.000     0.000
pi22.inpad[0] (.input)                                           0.000     0.000
po07.in[0] (.names)                                              0.869     0.869
po07.out[0] (.names)                                             0.193     1.062
out:po07.outpad[0] (.output)                                     0.679     1.741
data arrival time                                                          1.741

clock virtual_io_clock (rise edge)                               0.000     0.000
clock source latency                                             0.000     0.000
clock uncertainty                                                0.000     0.000
output external delay                                            0.000     0.000
data required time                                                         0.000
--------------------------------------------------------------------------------
data required time                                                        -0.000
data arrival time                                                          1.741
--------------------------------------------------------------------------------
slack (MET)                                                                1.741


#Path 4
Startpoint: pi22.inpad[0] (.input clocked by virtual_io_clock)
Endpoint  : out:po18.outpad[0] (.output clocked by virtual_io_clock)
Path Type : hold

Point                                                             Incr      Path
--------------------------------------------------------------------------------
clock virtual_io_clock (rise edge)                               0.000     0.000
clock source latency                                             0.000     0.000
input external delay                                             0.000     0.000
pi22.inpad[0] (.input)                                           0.000     0.000
new_n1546.in[0] (.names)                                         0.860     0.860
new_n1546.out[0] (.names)                                        0.193     1.053
po18.in[3] (.names)                                              0.296     1.349
po18.out[0] (.names)                                             0.193     1.542
out:po18.outpad[0] (.output)                                     0.329     1.871
data arrival time                                                          1.871

clock virtual_io_clock (rise edge)                               0.000     0.000
clock source latency                                             0.000     0.000
clock uncertainty                                                0.000     0.000
output external delay                                            0.000     0.000
data required time                                                         0.000
--------------------------------------------------------------------------------
data required time                                                        -0.000
data arrival time                                                          1.871
--------------------------------------------------------------------------------
slack (MET)                                                                1.871


#Path 5
Startpoint: pi22.inpad[0] (.input clocked by virtual_io_clock)
Endpoint  : out:po22.outpad[0] (.output clocked by virtual_io_clock)
Path Type : hold

Point                                                             Incr      Path
--------------------------------------------------------------------------------
clock virtual_io_clock (rise edge)                               0.000     0.000
clock source latency                                             0.000     0.000
input external delay                                             0.000     0.000
pi22.inpad[0] (.input)                                           0.000     0.000
new_n1546.in[0] (.names)                                         0.860     0.860
new_n1546.out[0] (.names)                                        0.193     1.053
po22.in[2] (.names)                                              0.201     1.254
po22.out[0] (.names)                                             0.193     1.447
out:po22.outpad[0] (.output)                                     0.428     1.875
data arrival time                                                          1.875

clock virtual_io_clock (rise edge)                               0.000     0.000
clock source latency                                             0.000     0.000
clock uncertainty                                                0.000     0.000
output external delay                                            0.000     0.000
data required time                                                         0.000
--------------------------------------------------------------------------------
data required time                                                        -0.000
data arrival time                                                          1.875
--------------------------------------------------------------------------------
slack (MET)                                                                1.875


#Path 6
Startpoint: pi22.inpad[0] (.input clocked by virtual_io_clock)
Endpoint  : out:po08.outpad[0] (.output clocked by virtual_io_clock)
Path Type : hold

Point                                                             Incr      Path
--------------------------------------------------------------------------------
clock virtual_io_clock (rise edge)                               0.000     0.000
clock source latency                                             0.000     0.000
input external delay                                             0.000     0.000
pi22.inpad[0] (.input)                                           0.000     0.000
po08.in[0] (.names)                                              0.869     0.869
po08.out[0] (.names)                                             0.193     1.062
out:po08.outpad[0] (.output)                                     0.989     2.051
data arrival time                                                          2.051

clock virtual_io_clock (rise edge)                               0.000     0.000
clock source latency                                             0.000     0.000
clock uncertainty                                                0.000     0.000
output external delay                                            0.000     0.000
data required time                                                         0.000
--------------------------------------------------------------------------------
data required time                                                        -0.000
data arrival time                                                          2.051
--------------------------------------------------------------------------------
slack (MET)                                                                2.051


#Path 7
Startpoint: pi22.inpad[0] (.input clocked by virtual_io_clock)
Endpoint  : out:po21.outpad[0] (.output clocked by virtual_io_clock)
Path Type : hold

Point                                                             Incr      Path
--------------------------------------------------------------------------------
clock virtual_io_clock (rise edge)                               0.000     0.000
clock source latency                                             0.000     0.000
input external delay                                             0.000     0.000
pi22.inpad[0] (.input)                                           0.000     0.000
new_n232.in[1] (.names)                                          0.472     0.472
new_n232.out[0] (.names)                                         0.193     0.665
new_n1608.in[2] (.names)                                         0.347     1.012
new_n1608.out[0] (.names)                                        0.193     1.205
po21.in[4] (.names)                                              0.201     1.406
po21.out[0] (.names)                                             0.193     1.599
out:po21.outpad[0] (.output)                                     0.519     2.118
data arrival time                                                          2.118

clock virtual_io_clock (rise edge)                               0.000     0.000
clock source latency                                             0.000     0.000
clock uncertainty                                                0.000     0.000
output external delay                                            0.000     0.000
data required time                                                         0.000
--------------------------------------------------------------------------------
data required time                                                        -0.000
data arrival time                                                          2.118
--------------------------------------------------------------------------------
slack (MET)                                                                2.118


#Path 8
Startpoint: pi22.inpad[0] (.input clocked by virtual_io_clock)
Endpoint  : out:po13.outpad[0] (.output clocked by virtual_io_clock)
Path Type : hold

Point                                                             Incr      Path
--------------------------------------------------------------------------------
clock virtual_io_clock (rise edge)                               0.000     0.000
clock source latency                                             0.000     0.000
input external delay                                             0.000     0.000
pi22.inpad[0] (.input)                                           0.000     0.000
new_n1546.in[0] (.names)                                         0.860     0.860
new_n1546.out[0] (.names)                                        0.193     1.053
po13.in[1] (.names)                                              0.573     1.626
po13.out[0] (.names)                                             0.193     1.819
out:po13.outpad[0] (.output)                                     0.491     2.310
data arrival time                                                          2.310

clock virtual_io_clock (rise edge)                               0.000     0.000
clock source latency                                             0.000     0.000
clock uncertainty                                                0.000     0.000
output external delay                                            0.000     0.000
data required time                                                         0.000
--------------------------------------------------------------------------------
data required time                                                        -0.000
data arrival time                                                          2.310
--------------------------------------------------------------------------------
slack (MET)                                                                2.310


#Path 9
Startpoint: pi22.inpad[0] (.input clocked by virtual_io_clock)
Endpoint  : out:po20.outpad[0] (.output clocked by virtual_io_clock)
Path Type : hold

Point                                                             Incr      Path
--------------------------------------------------------------------------------
clock virtual_io_clock (rise edge)                               0.000     0.000
clock source latency                                             0.000     0.000
input external delay                                             0.000     0.000
pi22.inpad[0] (.input)                                           0.000     0.000
new_n232.in[1] (.names)                                          0.472     0.472
new_n232.out[0] (.names)                                         0.193     0.665
new_n1608.in[2] (.names)                                         0.347     1.012
new_n1608.out[0] (.names)                                        0.193     1.205
po20.in[4] (.names)                                              0.296     1.501
po20.out[0] (.names)                                             0.193     1.694
out:po20.outpad[0] (.output)                                     0.618     2.312
data arrival time                                                          2.312

clock virtual_io_clock (rise edge)                               0.000     0.000
clock source latency                                             0.000     0.000
clock uncertainty                                                0.000     0.000
output external delay                                            0.000     0.000
data required time                                                         0.000
--------------------------------------------------------------------------------
data required time                                                        -0.000
data arrival time                                                          2.312
--------------------------------------------------------------------------------
slack (MET)                                                                2.312


#Path 10
Startpoint: pi20.inpad[0] (.input clocked by virtual_io_clock)
Endpoint  : out:po19.outpad[0] (.output clocked by virtual_io_clock)
Path Type : hold

Point                                                             Incr      Path
--------------------------------------------------------------------------------
clock virtual_io_clock (rise edge)                               0.000     0.000
clock source latency                                             0.000     0.000
input external delay                                             0.000     0.000
pi20.inpad[0] (.input)                                           0.000     0.000
new_n235.in[3] (.names)                                          0.589     0.589
new_n235.out[0] (.names)                                         0.193     0.782
new_n1600.in[2] (.names)                                         0.594     1.376
new_n1600.out[0] (.names)                                        0.193     1.569
po19.in[5] (.names)                                              0.201     1.770
po19.out[0] (.names)                                             0.193     1.963
out:po19.outpad[0] (.output)                                     0.447     2.410
data arrival time                                                          2.410

clock virtual_io_clock (rise edge)                               0.000     0.000
clock source latency                                             0.000     0.000
clock uncertainty                                                0.000     0.000
output external delay                                            0.000     0.000
data required time                                                         0.000
--------------------------------------------------------------------------------
data required time                                                        -0.000
data arrival time                                                          2.410
--------------------------------------------------------------------------------
slack (MET)                                                                2.410


#Path 11
Startpoint: pi22.inpad[0] (.input clocked by virtual_io_clock)
Endpoint  : out:po17.outpad[0] (.output clocked by virtual_io_clock)
Path Type : hold

Point                                                             Incr      Path
--------------------------------------------------------------------------------
clock virtual_io_clock (rise edge)                               0.000     0.000
clock source latency                                             0.000     0.000
input external delay                                             0.000     0.000
pi22.inpad[0] (.input)                                           0.000     0.000
new_n1546.in[0] (.names)                                         0.860     0.860
new_n1546.out[0] (.names)                                        0.193     1.053
po17.in[1] (.names)                                              0.668     1.721
po17.out[0] (.names)                                             0.193     1.914
out:po17.outpad[0] (.output)                                     0.535     2.449
data arrival time                                                          2.449

clock virtual_io_clock (rise edge)                               0.000     0.000
clock source latency                                             0.000     0.000
clock uncertainty                                                0.000     0.000
output external delay                                            0.000     0.000
data required time                                                         0.000
--------------------------------------------------------------------------------
data required time                                                        -0.000
data arrival time                                                          2.449
--------------------------------------------------------------------------------
slack (MET)                                                                2.449


#Path 12
Startpoint: pi22.inpad[0] (.input clocked by virtual_io_clock)
Endpoint  : out:po14.outpad[0] (.output clocked by virtual_io_clock)
Path Type : hold

Point                                                             Incr      Path
--------------------------------------------------------------------------------
clock virtual_io_clock (rise edge)                               0.000     0.000
clock source latency                                             0.000     0.000
input external delay                                             0.000     0.000
pi22.inpad[0] (.input)                                           0.000     0.000
new_n1546.in[0] (.names)                                         0.860     0.860
new_n1546.out[0] (.names)                                        0.193     1.053
po14.in[3] (.names)                                              0.573     1.626
po14.out[0] (.names)                                             0.193     1.819
out:po14.outpad[0] (.output)                                     0.700     2.519
data arrival time                                                          2.519

clock virtual_io_clock (rise edge)                               0.000     0.000
clock source latency                                             0.000     0.000
clock uncertainty                                                0.000     0.000
output external delay                                            0.000     0.000
data required time                                                         0.000
--------------------------------------------------------------------------------
data required time                                                        -0.000
data arrival time                                                          2.519
--------------------------------------------------------------------------------
slack (MET)                                                                2.519


#Path 13
Startpoint: pi22.inpad[0] (.input clocked by virtual_io_clock)
Endpoint  : out:po15.outpad[0] (.output clocked by virtual_io_clock)
Path Type : hold

Point                                                             Incr      Path
--------------------------------------------------------------------------------
clock virtual_io_clock (rise edge)                               0.000     0.000
clock source latency                                             0.000     0.000
input external delay                                             0.000     0.000
pi22.inpad[0] (.input)                                           0.000     0.000
new_n1546.in[0] (.names)                                         0.860     0.860
new_n1546.out[0] (.names)                                        0.193     1.053
po15.in[1] (.names)                                              0.668     1.721
po15.out[0] (.names)                                             0.193     1.914
out:po15.outpad[0] (.output)                                     0.646     2.560
data arrival time                                                          2.560

clock virtual_io_clock (rise edge)                               0.000     0.000
clock source latency                                             0.000     0.000
clock uncertainty                                                0.000     0.000
output external delay                                            0.000     0.000
data required time                                                         0.000
--------------------------------------------------------------------------------
data required time                                                        -0.000
data arrival time                                                          2.560
--------------------------------------------------------------------------------
slack (MET)                                                                2.560


#Path 14
Startpoint: pi22.inpad[0] (.input clocked by virtual_io_clock)
Endpoint  : out:po16.outpad[0] (.output clocked by virtual_io_clock)
Path Type : hold

Point                                                             Incr      Path
--------------------------------------------------------------------------------
clock virtual_io_clock (rise edge)                               0.000     0.000
clock source latency                                             0.000     0.000
input external delay                                             0.000     0.000
pi22.inpad[0] (.input)                                           0.000     0.000
new_n1546.in[0] (.names)                                         0.860     0.860
new_n1546.out[0] (.names)                                        0.193     1.053
po16.in[3] (.names)                                              0.579     1.632
po16.out[0] (.names)                                             0.193     1.825
out:po16.outpad[0] (.output)                                     0.795     2.620
data arrival time                                                          2.620

clock virtual_io_clock (rise edge)                               0.000     0.000
clock source latency                                             0.000     0.000
clock uncertainty                                                0.000     0.000
output external delay                                            0.000     0.000
data required time                                                         0.000
--------------------------------------------------------------------------------
data required time                                                        -0.000
data arrival time                                                          2.620
--------------------------------------------------------------------------------
slack (MET)                                                                2.620


#Path 15
Startpoint: pi22.inpad[0] (.input clocked by virtual_io_clock)
Endpoint  : out:po00.outpad[0] (.output clocked by virtual_io_clock)
Path Type : hold

Point                                                             Incr      Path
--------------------------------------------------------------------------------
clock virtual_io_clock (rise edge)                               0.000     0.000
clock source latency                                             0.000     0.000
input external delay                                             0.000     0.000
pi22.inpad[0] (.input)                                           0.000     0.000
new_n108.in[1] (.names)                                          0.472     0.472
new_n108.out[0] (.names)                                         0.193     0.665
new_n1148.in[0] (.names)                                         0.347     1.012
new_n1148.out[0] (.names)                                        0.193     1.205
new_n52.in[0] (.names)                                           0.296     1.501
new_n52.out[0] (.names)                                          0.193     1.694
po00.in[0] (.names)                                              0.201     1.895
po00.out[0] (.names)                                             0.193     2.088
out:po00.outpad[0] (.output)                                     0.802     2.890
data arrival time                                                          2.890

clock virtual_io_clock (rise edge)                               0.000     0.000
clock source latency                                             0.000     0.000
clock uncertainty                                                0.000     0.000
output external delay                                            0.000     0.000
data required time                                                         0.000
--------------------------------------------------------------------------------
data required time                                                        -0.000
data arrival time                                                          2.890
--------------------------------------------------------------------------------
slack (MET)                                                                2.890


#Path 16
Startpoint: pi21.inpad[0] (.input clocked by virtual_io_clock)
Endpoint  : out:po04.outpad[0] (.output clocked by virtual_io_clock)
Path Type : hold

Point                                                             Incr      Path
--------------------------------------------------------------------------------
clock virtual_io_clock (rise edge)                               0.000     0.000
clock source latency                                             0.000     0.000
input external delay                                             0.000     0.000
pi21.inpad[0] (.input)                                           0.000     0.000
new_n113.in[2] (.names)                                          0.348     0.348
new_n113.out[0] (.names)                                         0.193     0.541
new_n1353.in[2] (.names)                                         0.722     1.263
new_n1353.out[0] (.names)                                        0.193     1.456
new_n1330.in[2] (.names)                                         0.201     1.657
new_n1330.out[0] (.names)                                        0.193     1.850
po04.in[3] (.names)                                              0.201     2.051
po04.out[0] (.names)                                             0.193     2.244
out:po04.outpad[0] (.output)                                     0.825     3.069
data arrival time                                                          3.069

clock virtual_io_clock (rise edge)                               0.000     0.000
clock source latency                                             0.000     0.000
clock uncertainty                                                0.000     0.000
output external delay                                            0.000     0.000
data required time                                                         0.000
--------------------------------------------------------------------------------
data required time                                                        -0.000
data arrival time                                                          3.069
--------------------------------------------------------------------------------
slack (MET)                                                                3.069


#Path 17
Startpoint: pi21.inpad[0] (.input clocked by virtual_io_clock)
Endpoint  : out:po06.outpad[0] (.output clocked by virtual_io_clock)
Path Type : hold

Point                                                             Incr      Path
--------------------------------------------------------------------------------
clock virtual_io_clock (rise edge)                               0.000     0.000
clock source latency                                             0.000     0.000
input external delay                                             0.000     0.000
pi21.inpad[0] (.input)                                           0.000     0.000
new_n113.in[2] (.names)                                          0.348     0.348
new_n113.out[0] (.names)                                         0.193     0.541
new_n1353.in[2] (.names)                                         0.722     1.263
new_n1353.out[0] (.names)                                        0.193     1.456
new_n1330.in[2] (.names)                                         0.201     1.657
new_n1330.out[0] (.names)                                        0.193     1.850
po06.in[2] (.names)                                              0.201     2.051
po06.out[0] (.names)                                             0.193     2.244
out:po06.outpad[0] (.output)                                     0.887     3.131
data arrival time                                                          3.131

clock virtual_io_clock (rise edge)                               0.000     0.000
clock source latency                                             0.000     0.000
clock uncertainty                                                0.000     0.000
output external delay                                            0.000     0.000
data required time                                                         0.000
--------------------------------------------------------------------------------
data required time                                                        -0.000
data arrival time                                                          3.131
--------------------------------------------------------------------------------
slack (MET)                                                                3.131


#Path 18
Startpoint: pi22.inpad[0] (.input clocked by virtual_io_clock)
Endpoint  : out:po01.outpad[0] (.output clocked by virtual_io_clock)
Path Type : hold

Point                                                             Incr      Path
--------------------------------------------------------------------------------
clock virtual_io_clock (rise edge)                               0.000     0.000
clock source latency                                             0.000     0.000
input external delay                                             0.000     0.000
pi22.inpad[0] (.input)                                           0.000     0.000
new_n213.in[1] (.names)                                          0.494     0.494
new_n213.out[0] (.names)                                         0.193     0.687
new_n1260.in[3] (.names)                                         0.575     1.262
new_n1260.out[0] (.names)                                        0.193     1.455
new_n1219.in[5] (.names)                                         0.385     1.840
new_n1219.out[0] (.names)                                        0.193     2.033
po01.in[3] (.names)                                              0.201     2.234
po01.out[0] (.names)                                             0.193     2.427
out:po01.outpad[0] (.output)                                     0.815     3.242
data arrival time                                                          3.242

clock virtual_io_clock (rise edge)                               0.000     0.000
clock source latency                                             0.000     0.000
clock uncertainty                                                0.000     0.000
output external delay                                            0.000     0.000
data required time                                                         0.000
--------------------------------------------------------------------------------
data required time                                                        -0.000
data arrival time                                                          3.242
--------------------------------------------------------------------------------
slack (MET)                                                                3.242


#Path 19
Startpoint: pi21.inpad[0] (.input clocked by virtual_io_clock)
Endpoint  : out:po05.outpad[0] (.output clocked by virtual_io_clock)
Path Type : hold

Point                                                             Incr      Path
--------------------------------------------------------------------------------
clock virtual_io_clock (rise edge)                               0.000     0.000
clock source latency                                             0.000     0.000
input external delay                                             0.000     0.000
pi21.inpad[0] (.input)                                           0.000     0.000
new_n113.in[2] (.names)                                          0.348     0.348
new_n113.out[0] (.names)                                         0.193     0.541
new_n1353.in[2] (.names)                                         0.722     1.263
new_n1353.out[0] (.names)                                        0.193     1.456
new_n1330.in[2] (.names)                                         0.201     1.657
new_n1330.out[0] (.names)                                        0.193     1.850
po05.in[2] (.names)                                              0.201     2.051
po05.out[0] (.names)                                             0.193     2.244
out:po05.outpad[0] (.output)                                     1.070     3.314
data arrival time                                                          3.314

clock virtual_io_clock (rise edge)                               0.000     0.000
clock source latency                                             0.000     0.000
clock uncertainty                                                0.000     0.000
output external delay                                            0.000     0.000
data required time                                                         0.000
--------------------------------------------------------------------------------
data required time                                                        -0.000
data arrival time                                                          3.314
--------------------------------------------------------------------------------
slack (MET)                                                                3.314


#Path 20
Startpoint: pi17.inpad[0] (.input clocked by virtual_io_clock)
Endpoint  : out:po03.outpad[0] (.output clocked by virtual_io_clock)
Path Type : hold

Point                                                             Incr      Path
--------------------------------------------------------------------------------
clock virtual_io_clock (rise edge)                               0.000     0.000
clock source latency                                             0.000     0.000
input external delay                                             0.000     0.000
pi17.inpad[0] (.input)                                           0.000     0.000
new_n114.in[5] (.names)                                          0.557     0.557
new_n114.out[0] (.names)                                         0.193     0.750
new_n1324.in[0] (.names)                                         0.573     1.323
new_n1324.out[0] (.names)                                        0.193     1.516
new_n1297.in[4] (.names)                                         0.296     1.812
new_n1297.out[0] (.names)                                        0.193     2.005
po03.in[3] (.names)                                              0.201     2.206
po03.out[0] (.names)                                             0.193     2.399
out:po03.outpad[0] (.output)                                     0.937     3.336
data arrival time                                                          3.336

clock virtual_io_clock (rise edge)                               0.000     0.000
clock source latency                                             0.000     0.000
clock uncertainty                                                0.000     0.000
output external delay                                            0.000     0.000
data required time                                                         0.000
--------------------------------------------------------------------------------
data required time                                                        -0.000
data arrival time                                                          3.336
--------------------------------------------------------------------------------
slack (MET)                                                                3.336


#Path 21
Startpoint: pi22.inpad[0] (.input clocked by virtual_io_clock)
Endpoint  : out:po10.outpad[0] (.output clocked by virtual_io_clock)
Path Type : hold

Point                                                             Incr      Path
--------------------------------------------------------------------------------
clock virtual_io_clock (rise edge)                               0.000     0.000
clock source latency                                             0.000     0.000
input external delay                                             0.000     0.000
pi22.inpad[0] (.input)                                           0.000     0.000
new_n226.in[1] (.names)                                          0.443     0.443
new_n226.out[0] (.names)                                         0.193     0.636
new_n1472.in[2] (.names)                                         0.619     1.255
new_n1472.out[0] (.names)                                        0.193     1.448
new_n1478.in[1] (.names)                                         0.347     1.795
new_n1478.out[0] (.names)                                        0.193     1.988
po10.in[4] (.names)                                              0.429     2.417
po10.out[0] (.names)                                             0.193     2.610
out:po10.outpad[0] (.output)                                     0.770     3.380
data arrival time                                                          3.380

clock virtual_io_clock (rise edge)                               0.000     0.000
clock source latency                                             0.000     0.000
clock uncertainty                                                0.000     0.000
output external delay                                            0.000     0.000
data required time                                                         0.000
--------------------------------------------------------------------------------
data required time                                                        -0.000
data arrival time                                                          3.380
--------------------------------------------------------------------------------
slack (MET)                                                                3.380


#Path 22
Startpoint: pi20.inpad[0] (.input clocked by virtual_io_clock)
Endpoint  : out:po11.outpad[0] (.output clocked by virtual_io_clock)
Path Type : hold

Point                                                             Incr      Path
--------------------------------------------------------------------------------
clock virtual_io_clock (rise edge)                               0.000     0.000
clock source latency                                             0.000     0.000
input external delay                                             0.000     0.000
pi20.inpad[0] (.input)                                           0.000     0.000
new_n332.in[2] (.names)                                          0.278     0.278
new_n332.out[0] (.names)                                         0.193     0.471
new_n1491.in[1] (.names)                                         0.528     0.999
new_n1491.out[0] (.names)                                        0.193     1.192
new_n1495.in[2] (.names)                                         0.579     1.771
new_n1495.out[0] (.names)                                        0.193     1.964
po11.in[5] (.names)                                              0.296     2.260
po11.out[0] (.names)                                             0.193     2.453
out:po11.outpad[0] (.output)                                     0.951     3.404
data arrival time                                                          3.404

clock virtual_io_clock (rise edge)                               0.000     0.000
clock source latency                                             0.000     0.000
clock uncertainty                                                0.000     0.000
output external delay                                            0.000     0.000
data required time                                                         0.000
--------------------------------------------------------------------------------
data required time                                                        -0.000
data arrival time                                                          3.404
--------------------------------------------------------------------------------
slack (MET)                                                                3.404


#Path 23
Startpoint: pi22.inpad[0] (.input clocked by virtual_io_clock)
Endpoint  : out:po02.outpad[0] (.output clocked by virtual_io_clock)
Path Type : hold

Point                                                             Incr      Path
--------------------------------------------------------------------------------
clock virtual_io_clock (rise edge)                               0.000     0.000
clock source latency                                             0.000     0.000
input external delay                                             0.000     0.000
pi22.inpad[0] (.input)                                           0.000     0.000
new_n213.in[1] (.names)                                          0.494     0.494
new_n213.out[0] (.names)                                         0.193     0.687
new_n1260.in[3] (.names)                                         0.575     1.262
new_n1260.out[0] (.names)                                        0.193     1.455
new_n1219.in[5] (.names)                                         0.385     1.840
new_n1219.out[0] (.names)                                        0.193     2.033
po02.in[3] (.names)                                              0.347     2.380
po02.out[0] (.names)                                             0.193     2.573
out:po02.outpad[0] (.output)                                     1.026     3.599
data arrival time                                                          3.599

clock virtual_io_clock (rise edge)                               0.000     0.000
clock source latency                                             0.000     0.000
clock uncertainty                                                0.000     0.000
output external delay                                            0.000     0.000
data required time                                                         0.000
--------------------------------------------------------------------------------
data required time                                                        -0.000
data arrival time                                                          3.599
--------------------------------------------------------------------------------
slack (MET)                                                                3.599


#Path 24
Startpoint: pi20.inpad[0] (.input clocked by virtual_io_clock)
Endpoint  : out:po12.outpad[0] (.output clocked by virtual_io_clock)
Path Type : hold

Point                                                             Incr      Path
--------------------------------------------------------------------------------
clock virtual_io_clock (rise edge)                               0.000     0.000
clock source latency                                             0.000     0.000
input external delay                                             0.000     0.000
pi20.inpad[0] (.input)                                           0.000     0.000
new_n332.in[2] (.names)                                          0.278     0.278
new_n332.out[0] (.names)                                         0.193     0.471
new_n1491.in[1] (.names)                                         0.528     0.999
new_n1491.out[0] (.names)                                        0.193     1.192
new_n1513.in[2] (.names)                                         0.579     1.771
new_n1513.out[0] (.names)                                        0.193     1.964
new_n1511.in[0] (.names)                                         0.201     2.165
new_n1511.out[0] (.names)                                        0.193     2.358
po12.in[2] (.names)                                              0.296     2.654
po12.out[0] (.names)                                             0.193     2.847
out:po12.outpad[0] (.output)                                     0.855     3.702
data arrival time                                                          3.702

clock virtual_io_clock (rise edge)                               0.000     0.000
clock source latency                                             0.000     0.000
clock uncertainty                                                0.000     0.000
output external delay                                            0.000     0.000
data required time                                                         0.000
--------------------------------------------------------------------------------
data required time                                                        -0.000
data arrival time                                                          3.702
--------------------------------------------------------------------------------
slack (MET)                                                                3.702


#Path 25
Startpoint: pi22.inpad[0] (.input clocked by virtual_io_clock)
Endpoint  : out:po09.outpad[0] (.output clocked by virtual_io_clock)
Path Type : hold

Point                                                             Incr      Path
--------------------------------------------------------------------------------
clock virtual_io_clock (rise edge)                               0.000     0.000
clock source latency                                             0.000     0.000
input external delay                                             0.000     0.000
pi22.inpad[0] (.input)                                           0.000     0.000
new_n226.in[1] (.names)                                          0.443     0.443
new_n226.out[0] (.names)                                         0.193     0.636
new_n1472.in[2] (.names)                                         0.619     1.255
new_n1472.out[0] (.names)                                        0.193     1.448
new_n1460.in[1] (.names)                                         0.347     1.795
new_n1460.out[0] (.names)                                        0.193     1.988
new_n1456.in[3] (.names)                                         0.201     2.189
new_n1456.out[0] (.names)                                        0.193     2.382
po09.in[2] (.names)                                              0.480     2.862
po09.out[0] (.names)                                             0.193     3.055
out:po09.outpad[0] (.output)                                     1.030     4.085
data arrival time                                                          4.085

clock virtual_io_clock (rise edge)                               0.000     0.000
clock source latency                                             0.000     0.000
clock uncertainty                                                0.000     0.000
output external delay                                            0.000     0.000
data required time                                                         0.000
--------------------------------------------------------------------------------
data required time                                                        -0.000
data arrival time                                                          4.085
--------------------------------------------------------------------------------
slack (MET)                                                                4.085


#End of timing report
