#Timing report of worst 25 path(s)
# Unit scale: 1e-09 seconds
# Output precision: 3

#Path 1
Startpoint: pi1.inpad[0] (.input clocked by virtual_io_clock)
Endpoint  : out:po01.outpad[0] (.output clocked by virtual_io_clock)
Path Type : hold

Point                                                             Incr      Path
--------------------------------------------------------------------------------
clock virtual_io_clock (rise edge)                               0.000     0.000
clock source latency                                             0.000     0.000
input external delay                                             0.000     0.000
pi1.inpad[0] (.input)                                            0.000     0.000
po01.in[2] (.names)                                              1.556     1.556
po01.out[0] (.names)                                             0.193     1.749
out:po01.outpad[0] (.output)                                     3.038     4.787
data arrival time                                                          4.787

clock virtual_io_clock (rise edge)                               0.000     0.000
clock source latency                                             0.000     0.000
clock uncertainty                                                0.000     0.000
output external delay                                            0.000     0.000
data required time                                                         0.000
--------------------------------------------------------------------------------
data required time                                                        -0.000
data arrival time                                                          4.787
--------------------------------------------------------------------------------
slack (MET)                                                                4.787


#Path 2
Startpoint: pi0.inpad[0] (.input clocked by virtual_io_clock)
Endpoint  : out:po15.outpad[0] (.output clocked by virtual_io_clock)
Path Type : hold

Point                                                             Incr      Path
--------------------------------------------------------------------------------
clock virtual_io_clock (rise edge)                               0.000     0.000
clock source latency                                             0.000     0.000
input external delay                                             0.000     0.000
pi0.inpad[0] (.input)                                            0.000     0.000
po15.in[0] (.names)                                              1.640     1.640
po15.out[0] (.names)                                             0.193     1.833
out:po15.outpad[0] (.output)                                     3.037     4.870
data arrival time                                                          4.870

clock virtual_io_clock (rise edge)                               0.000     0.000
clock source latency                                             0.000     0.000
clock uncertainty                                                0.000     0.000
output external delay                                            0.000     0.000
data required time                                                         0.000
--------------------------------------------------------------------------------
data required time                                                        -0.000
data arrival time                                                          4.870
--------------------------------------------------------------------------------
slack (MET)                                                                4.870


#Path 3
Startpoint: pi1.inpad[0] (.input clocked by virtual_io_clock)
Endpoint  : out:po05.outpad[0] (.output clocked by virtual_io_clock)
Path Type : hold

Point                                                             Incr      Path
--------------------------------------------------------------------------------
clock virtual_io_clock (rise edge)                               0.000     0.000
clock source latency                                             0.000     0.000
input external delay                                             0.000     0.000
pi1.inpad[0] (.input)                                            0.000     0.000
po05.in[4] (.names)                                              1.556     1.556
po05.out[0] (.names)                                             0.193     1.749
out:po05.outpad[0] (.output)                                     3.132     4.881
data arrival time                                                          4.881

clock virtual_io_clock (rise edge)                               0.000     0.000
clock source latency                                             0.000     0.000
clock uncertainty                                                0.000     0.000
output external delay                                            0.000     0.000
data required time                                                         0.000
--------------------------------------------------------------------------------
data required time                                                        -0.000
data arrival time                                                          4.881
--------------------------------------------------------------------------------
slack (MET)                                                                4.881


#Path 4
Startpoint: pi3.inpad[0] (.input clocked by virtual_io_clock)
Endpoint  : out:po14.outpad[0] (.output clocked by virtual_io_clock)
Path Type : hold

Point                                                             Incr      Path
--------------------------------------------------------------------------------
clock virtual_io_clock (rise edge)                               0.000     0.000
clock source latency                                             0.000     0.000
input external delay                                             0.000     0.000
pi3.inpad[0] (.input)                                            0.000     0.000
po14.in[1] (.names)                                              1.567     1.567
po14.out[0] (.names)                                             0.193     1.760
out:po14.outpad[0] (.output)                                     3.122     4.882
data arrival time                                                          4.882

clock virtual_io_clock (rise edge)                               0.000     0.000
clock source latency                                             0.000     0.000
clock uncertainty                                                0.000     0.000
output external delay                                            0.000     0.000
data required time                                                         0.000
--------------------------------------------------------------------------------
data required time                                                        -0.000
data arrival time                                                          4.882
--------------------------------------------------------------------------------
slack (MET)                                                                4.882


#Path 5
Startpoint: pi1.inpad[0] (.input clocked by virtual_io_clock)
Endpoint  : out:po22.outpad[0] (.output clocked by virtual_io_clock)
Path Type : hold

Point                                                             Incr      Path
--------------------------------------------------------------------------------
clock virtual_io_clock (rise edge)                               0.000     0.000
clock source latency                                             0.000     0.000
input external delay                                             0.000     0.000
pi1.inpad[0] (.input)                                            0.000     0.000
po22.in[2] (.names)                                              1.556     1.556
po22.out[0] (.names)                                             0.193     1.749
out:po22.outpad[0] (.output)                                     3.138     4.887
data arrival time                                                          4.887

clock virtual_io_clock (rise edge)                               0.000     0.000
clock source latency                                             0.000     0.000
clock uncertainty                                                0.000     0.000
output external delay                                            0.000     0.000
data required time                                                         0.000
--------------------------------------------------------------------------------
data required time                                                        -0.000
data arrival time                                                          4.887
--------------------------------------------------------------------------------
slack (MET)                                                                4.887


#Path 6
Startpoint: pi3.inpad[0] (.input clocked by virtual_io_clock)
Endpoint  : out:po19.outpad[0] (.output clocked by virtual_io_clock)
Path Type : hold

Point                                                             Incr      Path
--------------------------------------------------------------------------------
clock virtual_io_clock (rise edge)                               0.000     0.000
clock source latency                                             0.000     0.000
input external delay                                             0.000     0.000
pi3.inpad[0] (.input)                                            0.000     0.000
po19.in[0] (.names)                                              1.567     1.567
po19.out[0] (.names)                                             0.193     1.760
out:po19.outpad[0] (.output)                                     3.167     4.927
data arrival time                                                          4.927

clock virtual_io_clock (rise edge)                               0.000     0.000
clock source latency                                             0.000     0.000
clock uncertainty                                                0.000     0.000
output external delay                                            0.000     0.000
data required time                                                         0.000
--------------------------------------------------------------------------------
data required time                                                        -0.000
data arrival time                                                          4.927
--------------------------------------------------------------------------------
slack (MET)                                                                4.927


#Path 7
Startpoint: pi0.inpad[0] (.input clocked by virtual_io_clock)
Endpoint  : out:po25.outpad[0] (.output clocked by virtual_io_clock)
Path Type : hold

Point                                                             Incr      Path
--------------------------------------------------------------------------------
clock virtual_io_clock (rise edge)                               0.000     0.000
clock source latency                                             0.000     0.000
input external delay                                             0.000     0.000
pi0.inpad[0] (.input)                                            0.000     0.000
po25.in[3] (.names)                                              1.640     1.640
po25.out[0] (.names)                                             0.193     1.833
out:po25.outpad[0] (.output)                                     3.111     4.944
data arrival time                                                          4.944

clock virtual_io_clock (rise edge)                               0.000     0.000
clock source latency                                             0.000     0.000
clock uncertainty                                                0.000     0.000
output external delay                                            0.000     0.000
data required time                                                         0.000
--------------------------------------------------------------------------------
data required time                                                        -0.000
data arrival time                                                          4.944
--------------------------------------------------------------------------------
slack (MET)                                                                4.944


#Path 8
Startpoint: pi0.inpad[0] (.input clocked by virtual_io_clock)
Endpoint  : out:po08.outpad[0] (.output clocked by virtual_io_clock)
Path Type : hold

Point                                                             Incr      Path
--------------------------------------------------------------------------------
clock virtual_io_clock (rise edge)                               0.000     0.000
clock source latency                                             0.000     0.000
input external delay                                             0.000     0.000
pi0.inpad[0] (.input)                                            0.000     0.000
po08.in[0] (.names)                                              1.640     1.640
po08.out[0] (.names)                                             0.193     1.833
out:po08.outpad[0] (.output)                                     3.129     4.962
data arrival time                                                          4.962

clock virtual_io_clock (rise edge)                               0.000     0.000
clock source latency                                             0.000     0.000
clock uncertainty                                                0.000     0.000
output external delay                                            0.000     0.000
data required time                                                         0.000
--------------------------------------------------------------------------------
data required time                                                        -0.000
data arrival time                                                          4.962
--------------------------------------------------------------------------------
slack (MET)                                                                4.962


#Path 9
Startpoint: pi0.inpad[0] (.input clocked by virtual_io_clock)
Endpoint  : out:po12.outpad[0] (.output clocked by virtual_io_clock)
Path Type : hold

Point                                                             Incr      Path
--------------------------------------------------------------------------------
clock virtual_io_clock (rise edge)                               0.000     0.000
clock source latency                                             0.000     0.000
input external delay                                             0.000     0.000
pi0.inpad[0] (.input)                                            0.000     0.000
po12.in[0] (.names)                                              1.640     1.640
po12.out[0] (.names)                                             0.193     1.833
out:po12.outpad[0] (.output)                                     3.132     4.965
data arrival time                                                          4.965

clock virtual_io_clock (rise edge)                               0.000     0.000
clock source latency                                             0.000     0.000
clock uncertainty                                                0.000     0.000
output external delay                                            0.000     0.000
data required time                                                         0.000
--------------------------------------------------------------------------------
data required time                                                        -0.000
data arrival time                                                          4.965
--------------------------------------------------------------------------------
slack (MET)                                                                4.965


#Path 10
Startpoint: pi1.inpad[0] (.input clocked by virtual_io_clock)
Endpoint  : out:po00.outpad[0] (.output clocked by virtual_io_clock)
Path Type : hold

Point                                                             Incr      Path
--------------------------------------------------------------------------------
clock virtual_io_clock (rise edge)                               0.000     0.000
clock source latency                                             0.000     0.000
input external delay                                             0.000     0.000
pi1.inpad[0] (.input)                                            0.000     0.000
po00.in[1] (.names)                                              1.556     1.556
po00.out[0] (.names)                                             0.193     1.749
out:po00.outpad[0] (.output)                                     3.250     4.999
data arrival time                                                          4.999

clock virtual_io_clock (rise edge)                               0.000     0.000
clock source latency                                             0.000     0.000
clock uncertainty                                                0.000     0.000
output external delay                                            0.000     0.000
data required time                                                         0.000
--------------------------------------------------------------------------------
data required time                                                        -0.000
data arrival time                                                          4.999
--------------------------------------------------------------------------------
slack (MET)                                                                4.999


#Path 11
Startpoint: pi0.inpad[0] (.input clocked by virtual_io_clock)
Endpoint  : out:po10.outpad[0] (.output clocked by virtual_io_clock)
Path Type : hold

Point                                                             Incr      Path
--------------------------------------------------------------------------------
clock virtual_io_clock (rise edge)                               0.000     0.000
clock source latency                                             0.000     0.000
input external delay                                             0.000     0.000
pi0.inpad[0] (.input)                                            0.000     0.000
po10.in[0] (.names)                                              1.640     1.640
po10.out[0] (.names)                                             0.193     1.833
out:po10.outpad[0] (.output)                                     3.170     5.003
data arrival time                                                          5.003

clock virtual_io_clock (rise edge)                               0.000     0.000
clock source latency                                             0.000     0.000
clock uncertainty                                                0.000     0.000
output external delay                                            0.000     0.000
data required time                                                         0.000
--------------------------------------------------------------------------------
data required time                                                        -0.000
data arrival time                                                          5.003
--------------------------------------------------------------------------------
slack (MET)                                                                5.003


#Path 12
Startpoint: pi0.inpad[0] (.input clocked by virtual_io_clock)
Endpoint  : out:po20.outpad[0] (.output clocked by virtual_io_clock)
Path Type : hold

Point                                                             Incr      Path
--------------------------------------------------------------------------------
clock virtual_io_clock (rise edge)                               0.000     0.000
clock source latency                                             0.000     0.000
input external delay                                             0.000     0.000
pi0.inpad[0] (.input)                                            0.000     0.000
po20.in[3] (.names)                                              1.640     1.640
po20.out[0] (.names)                                             0.193     1.833
out:po20.outpad[0] (.output)                                     3.173     5.006
data arrival time                                                          5.006

clock virtual_io_clock (rise edge)                               0.000     0.000
clock source latency                                             0.000     0.000
clock uncertainty                                                0.000     0.000
output external delay                                            0.000     0.000
data required time                                                         0.000
--------------------------------------------------------------------------------
data required time                                                        -0.000
data arrival time                                                          5.006
--------------------------------------------------------------------------------
slack (MET)                                                                5.006


#Path 13
Startpoint: pi0.inpad[0] (.input clocked by virtual_io_clock)
Endpoint  : out:po06.outpad[0] (.output clocked by virtual_io_clock)
Path Type : hold

Point                                                             Incr      Path
--------------------------------------------------------------------------------
clock virtual_io_clock (rise edge)                               0.000     0.000
clock source latency                                             0.000     0.000
input external delay                                             0.000     0.000
pi0.inpad[0] (.input)                                            0.000     0.000
po06.in[0] (.names)                                              1.640     1.640
po06.out[0] (.names)                                             0.193     1.833
out:po06.outpad[0] (.output)                                     3.182     5.015
data arrival time                                                          5.015

clock virtual_io_clock (rise edge)                               0.000     0.000
clock source latency                                             0.000     0.000
clock uncertainty                                                0.000     0.000
output external delay                                            0.000     0.000
data required time                                                         0.000
--------------------------------------------------------------------------------
data required time                                                        -0.000
data arrival time                                                          5.015
--------------------------------------------------------------------------------
slack (MET)                                                                5.015


#Path 14
Startpoint: pi0.inpad[0] (.input clocked by virtual_io_clock)
Endpoint  : out:po07.outpad[0] (.output clocked by virtual_io_clock)
Path Type : hold

Point                                                             Incr      Path
--------------------------------------------------------------------------------
clock virtual_io_clock (rise edge)                               0.000     0.000
clock source latency                                             0.000     0.000
input external delay                                             0.000     0.000
pi0.inpad[0] (.input)                                            0.000     0.000
po07.in[0] (.names)                                              1.640     1.640
po07.out[0] (.names)                                             0.193     1.833
out:po07.outpad[0] (.output)                                     3.199     5.032
data arrival time                                                          5.032

clock virtual_io_clock (rise edge)                               0.000     0.000
clock source latency                                             0.000     0.000
clock uncertainty                                                0.000     0.000
output external delay                                            0.000     0.000
data required time                                                         0.000
--------------------------------------------------------------------------------
data required time                                                        -0.000
data arrival time                                                          5.032
--------------------------------------------------------------------------------
slack (MET)                                                                5.032


#Path 15
Startpoint: pi3.inpad[0] (.input clocked by virtual_io_clock)
Endpoint  : out:po13.outpad[0] (.output clocked by virtual_io_clock)
Path Type : hold

Point                                                             Incr      Path
--------------------------------------------------------------------------------
clock virtual_io_clock (rise edge)                               0.000     0.000
clock source latency                                             0.000     0.000
input external delay                                             0.000     0.000
pi3.inpad[0] (.input)                                            0.000     0.000
po13.in[0] (.names)                                              1.567     1.567
po13.out[0] (.names)                                             0.193     1.760
out:po13.outpad[0] (.output)                                     3.273     5.033
data arrival time                                                          5.033

clock virtual_io_clock (rise edge)                               0.000     0.000
clock source latency                                             0.000     0.000
clock uncertainty                                                0.000     0.000
output external delay                                            0.000     0.000
data required time                                                         0.000
--------------------------------------------------------------------------------
data required time                                                        -0.000
data arrival time                                                          5.033
--------------------------------------------------------------------------------
slack (MET)                                                                5.033


#Path 16
Startpoint: pi0.inpad[0] (.input clocked by virtual_io_clock)
Endpoint  : out:po03.outpad[0] (.output clocked by virtual_io_clock)
Path Type : hold

Point                                                             Incr      Path
--------------------------------------------------------------------------------
clock virtual_io_clock (rise edge)                               0.000     0.000
clock source latency                                             0.000     0.000
input external delay                                             0.000     0.000
pi0.inpad[0] (.input)                                            0.000     0.000
po03.in[0] (.names)                                              1.640     1.640
po03.out[0] (.names)                                             0.193     1.833
out:po03.outpad[0] (.output)                                     3.202     5.035
data arrival time                                                          5.035

clock virtual_io_clock (rise edge)                               0.000     0.000
clock source latency                                             0.000     0.000
clock uncertainty                                                0.000     0.000
output external delay                                            0.000     0.000
data required time                                                         0.000
--------------------------------------------------------------------------------
data required time                                                        -0.000
data arrival time                                                          5.035
--------------------------------------------------------------------------------
slack (MET)                                                                5.035


#Path 17
Startpoint: pi0.inpad[0] (.input clocked by virtual_io_clock)
Endpoint  : out:po11.outpad[0] (.output clocked by virtual_io_clock)
Path Type : hold

Point                                                             Incr      Path
--------------------------------------------------------------------------------
clock virtual_io_clock (rise edge)                               0.000     0.000
clock source latency                                             0.000     0.000
input external delay                                             0.000     0.000
pi0.inpad[0] (.input)                                            0.000     0.000
po11.in[0] (.names)                                              1.640     1.640
po11.out[0] (.names)                                             0.193     1.833
out:po11.outpad[0] (.output)                                     3.219     5.052
data arrival time                                                          5.052

clock virtual_io_clock (rise edge)                               0.000     0.000
clock source latency                                             0.000     0.000
clock uncertainty                                                0.000     0.000
output external delay                                            0.000     0.000
data required time                                                         0.000
--------------------------------------------------------------------------------
data required time                                                        -0.000
data arrival time                                                          5.052
--------------------------------------------------------------------------------
slack (MET)                                                                5.052


#Path 18
Startpoint: pi0.inpad[0] (.input clocked by virtual_io_clock)
Endpoint  : out:po24.outpad[0] (.output clocked by virtual_io_clock)
Path Type : hold

Point                                                             Incr      Path
--------------------------------------------------------------------------------
clock virtual_io_clock (rise edge)                               0.000     0.000
clock source latency                                             0.000     0.000
input external delay                                             0.000     0.000
pi0.inpad[0] (.input)                                            0.000     0.000
po24.in[2] (.names)                                              1.640     1.640
po24.out[0] (.names)                                             0.193     1.833
out:po24.outpad[0] (.output)                                     3.223     5.056
data arrival time                                                          5.056

clock virtual_io_clock (rise edge)                               0.000     0.000
clock source latency                                             0.000     0.000
clock uncertainty                                                0.000     0.000
output external delay                                            0.000     0.000
data required time                                                         0.000
--------------------------------------------------------------------------------
data required time                                                        -0.000
data arrival time                                                          5.056
--------------------------------------------------------------------------------
slack (MET)                                                                5.056


#Path 19
Startpoint: pi0.inpad[0] (.input clocked by virtual_io_clock)
Endpoint  : out:po04.outpad[0] (.output clocked by virtual_io_clock)
Path Type : hold

Point                                                             Incr      Path
--------------------------------------------------------------------------------
clock virtual_io_clock (rise edge)                               0.000     0.000
clock source latency                                             0.000     0.000
input external delay                                             0.000     0.000
pi0.inpad[0] (.input)                                            0.000     0.000
po04.in[1] (.names)                                              1.640     1.640
po04.out[0] (.names)                                             0.193     1.833
out:po04.outpad[0] (.output)                                     3.244     5.077
data arrival time                                                          5.077

clock virtual_io_clock (rise edge)                               0.000     0.000
clock source latency                                             0.000     0.000
clock uncertainty                                                0.000     0.000
output external delay                                            0.000     0.000
data required time                                                         0.000
--------------------------------------------------------------------------------
data required time                                                        -0.000
data arrival time                                                          5.077
--------------------------------------------------------------------------------
slack (MET)                                                                5.077


#Path 20
Startpoint: pi0.inpad[0] (.input clocked by virtual_io_clock)
Endpoint  : out:po09.outpad[0] (.output clocked by virtual_io_clock)
Path Type : hold

Point                                                             Incr      Path
--------------------------------------------------------------------------------
clock virtual_io_clock (rise edge)                               0.000     0.000
clock source latency                                             0.000     0.000
input external delay                                             0.000     0.000
pi0.inpad[0] (.input)                                            0.000     0.000
po09.in[0] (.names)                                              1.640     1.640
po09.out[0] (.names)                                             0.193     1.833
out:po09.outpad[0] (.output)                                     3.245     5.078
data arrival time                                                          5.078

clock virtual_io_clock (rise edge)                               0.000     0.000
clock source latency                                             0.000     0.000
clock uncertainty                                                0.000     0.000
output external delay                                            0.000     0.000
data required time                                                         0.000
--------------------------------------------------------------------------------
data required time                                                        -0.000
data arrival time                                                          5.078
--------------------------------------------------------------------------------
slack (MET)                                                                5.078


#Path 21
Startpoint: pi0.inpad[0] (.input clocked by virtual_io_clock)
Endpoint  : out:po18.outpad[0] (.output clocked by virtual_io_clock)
Path Type : hold

Point                                                             Incr      Path
--------------------------------------------------------------------------------
clock virtual_io_clock (rise edge)                               0.000     0.000
clock source latency                                             0.000     0.000
input external delay                                             0.000     0.000
pi0.inpad[0] (.input)                                            0.000     0.000
po18.in[0] (.names)                                              1.640     1.640
po18.out[0] (.names)                                             0.193     1.833
out:po18.outpad[0] (.output)                                     3.265     5.098
data arrival time                                                          5.098

clock virtual_io_clock (rise edge)                               0.000     0.000
clock source latency                                             0.000     0.000
clock uncertainty                                                0.000     0.000
output external delay                                            0.000     0.000
data required time                                                         0.000
--------------------------------------------------------------------------------
data required time                                                        -0.000
data arrival time                                                          5.098
--------------------------------------------------------------------------------
slack (MET)                                                                5.098


#Path 22
Startpoint: pi0.inpad[0] (.input clocked by virtual_io_clock)
Endpoint  : out:po16.outpad[0] (.output clocked by virtual_io_clock)
Path Type : hold

Point                                                             Incr      Path
--------------------------------------------------------------------------------
clock virtual_io_clock (rise edge)                               0.000     0.000
clock source latency                                             0.000     0.000
input external delay                                             0.000     0.000
pi0.inpad[0] (.input)                                            0.000     0.000
po16.in[4] (.names)                                              1.640     1.640
po16.out[0] (.names)                                             0.193     1.833
out:po16.outpad[0] (.output)                                     3.287     5.120
data arrival time                                                          5.120

clock virtual_io_clock (rise edge)                               0.000     0.000
clock source latency                                             0.000     0.000
clock uncertainty                                                0.000     0.000
output external delay                                            0.000     0.000
data required time                                                         0.000
--------------------------------------------------------------------------------
data required time                                                        -0.000
data arrival time                                                          5.120
--------------------------------------------------------------------------------
slack (MET)                                                                5.120


#Path 23
Startpoint: pi0.inpad[0] (.input clocked by virtual_io_clock)
Endpoint  : out:po02.outpad[0] (.output clocked by virtual_io_clock)
Path Type : hold

Point                                                             Incr      Path
--------------------------------------------------------------------------------
clock virtual_io_clock (rise edge)                               0.000     0.000
clock source latency                                             0.000     0.000
input external delay                                             0.000     0.000
pi0.inpad[0] (.input)                                            0.000     0.000
po02.in[0] (.names)                                              1.640     1.640
po02.out[0] (.names)                                             0.193     1.833
out:po02.outpad[0] (.output)                                     3.295     5.128
data arrival time                                                          5.128

clock virtual_io_clock (rise edge)                               0.000     0.000
clock source latency                                             0.000     0.000
clock uncertainty                                                0.000     0.000
output external delay                                            0.000     0.000
data required time                                                         0.000
--------------------------------------------------------------------------------
data required time                                                        -0.000
data arrival time                                                          5.128
--------------------------------------------------------------------------------
slack (MET)                                                                5.128


#Path 24
Startpoint: pi2.inpad[0] (.input clocked by virtual_io_clock)
Endpoint  : out:po21.outpad[0] (.output clocked by virtual_io_clock)
Path Type : hold

Point                                                             Incr      Path
--------------------------------------------------------------------------------
clock virtual_io_clock (rise edge)                               0.000     0.000
clock source latency                                             0.000     0.000
input external delay                                             0.000     0.000
pi2.inpad[0] (.input)                                            0.000     0.000
po21.in[0] (.names)                                              1.835     1.835
po21.out[0] (.names)                                             0.193     2.028
out:po21.outpad[0] (.output)                                     3.120     5.148
data arrival time                                                          5.148

clock virtual_io_clock (rise edge)                               0.000     0.000
clock source latency                                             0.000     0.000
clock uncertainty                                                0.000     0.000
output external delay                                            0.000     0.000
data required time                                                         0.000
--------------------------------------------------------------------------------
data required time                                                        -0.000
data arrival time                                                          5.148
--------------------------------------------------------------------------------
slack (MET)                                                                5.148


#Path 25
Startpoint: pi0.inpad[0] (.input clocked by virtual_io_clock)
Endpoint  : out:po17.outpad[0] (.output clocked by virtual_io_clock)
Path Type : hold

Point                                                             Incr      Path
--------------------------------------------------------------------------------
clock virtual_io_clock (rise edge)                               0.000     0.000
clock source latency                                             0.000     0.000
input external delay                                             0.000     0.000
pi0.inpad[0] (.input)                                            0.000     0.000
po17.in[4] (.names)                                              1.640     1.640
po17.out[0] (.names)                                             0.193     1.833
out:po17.outpad[0] (.output)                                     3.329     5.162
data arrival time                                                          5.162

clock virtual_io_clock (rise edge)                               0.000     0.000
clock source latency                                             0.000     0.000
clock uncertainty                                                0.000     0.000
output external delay                                            0.000     0.000
data required time                                                         0.000
--------------------------------------------------------------------------------
data required time                                                        -0.000
data arrival time                                                          5.162
--------------------------------------------------------------------------------
slack (MET)                                                                5.162


#End of timing report
