#Packing pin usage report
Type: LAB
	Input Pin Usage:
		Max: 43.00 (0.63)
		Avg: 20.07 (0.30)
		Min: 0.00 (0.00)
		Histogram:
		[        0:      6.8)  42 ( 10.3%) |*****************
		[      6.8:       14)  71 ( 17.4%) |******************************
		[       14:       20)  90 ( 22.0%) |*************************************
		[       20:       27) 113 ( 27.6%) |***********************************************
		[       27:       34)  71 ( 17.4%) |******************************
		[       34:       41)  20 (  4.9%) |********
		[       41:       48)   2 (  0.5%) |*
		[       48:       54)   0 (  0.0%) |
		[       54:       61)   0 (  0.0%) |
		[       61:       68)   0 (  0.0%) |
	Output Pin Usage:
		Max: 10.00 (0.24)
		Avg: 9.35 (0.23)
		Min: 1.00 (0.02)
		Histogram:
		[        0:      4.1)  28 (  6.8%) |****
		[      4.1:      8.2)  10 (  2.4%) |*
		[      8.2:       12) 371 ( 90.7%) |***********************************************
		[       12:       16)   0 (  0.0%) |
		[       16:       20)   0 (  0.0%) |
		[       20:       25)   0 (  0.0%) |
		[       25:       29)   0 (  0.0%) |
		[       29:       33)   0 (  0.0%) |
		[       33:       37)   0 (  0.0%) |
		[       37:       41)   0 (  0.0%) |

Type: io_cell
	Input Pin Usage:
		Max: 1.00 (0.03)
		Avg: 0.46 (0.01)
		Min: 0.00 (0.00)
		Histogram:
		[        0:      3.7) 1457 (100.0%) |**********************************************
		[      3.7:      7.4)    0 (  0.0%) |
		[      7.4:       11)    0 (  0.0%) |
		[       11:       15)    0 (  0.0%) |
		[       15:       18)    0 (  0.0%) |
		[       18:       22)    0 (  0.0%) |
		[       22:       26)    0 (  0.0%) |
		[       26:       30)    0 (  0.0%) |
		[       30:       33)    0 (  0.0%) |
		[       33:       37)    0 (  0.0%) |
	Output Pin Usage:
		Max: 1.00 (0.17)
		Avg: 0.54 (0.09)
		Min: 0.00 (0.00)
		Histogram:
		[        0:      0.6) 668 ( 45.8%) |****************************************
		[      0.6:      1.2) 789 ( 54.2%) |***********************************************
		[      1.2:      1.8)   0 (  0.0%) |
		[      1.8:      2.4)   0 (  0.0%) |
		[      2.4:        3)   0 (  0.0%) |
		[        3:      3.6)   0 (  0.0%) |
		[      3.6:      4.2)   0 (  0.0%) |
		[      4.2:      4.8)   0 (  0.0%) |
		[      4.8:      5.4)   0 (  0.0%) |
		[      5.4:        6)   0 (  0.0%) |

