#Packing pin usage report
Type: LAB
	Input Pin Usage:
		Max: 42.00 (0.62)
		Avg: 22.84 (0.34)
		Min: 2.00 (0.03)
		Histogram:
		[        0:      6.8)  21 (  6.9%) |*********
		[      6.8:       14)   6 (  2.0%) |***
		[       14:       20) 104 ( 34.3%) |***********************************************
		[       20:       27)  85 ( 28.1%) |**************************************
		[       27:       34)  56 ( 18.5%) |*************************
		[       34:       41)  25 (  8.3%) |***********
		[       41:       48)   6 (  2.0%) |***
		[       48:       54)   0 (  0.0%) |
		[       54:       61)   0 (  0.0%) |
		[       61:       68)   0 (  0.0%) |
	Output Pin Usage:
		Max: 10.00 (0.24)
		Avg: 9.30 (0.23)
		Min: 1.00 (0.02)
		Histogram:
		[        0:      4.1)  27 (  8.9%) |*****
		[      4.1:      8.2)   1 (  0.3%) |
		[      8.2:       12) 275 ( 90.8%) |***********************************************
		[       12:       16)   0 (  0.0%) |
		[       16:       20)   0 (  0.0%) |
		[       20:       25)   0 (  0.0%) |
		[       25:       29)   0 (  0.0%) |
		[       29:       33)   0 (  0.0%) |
		[       33:       37)   0 (  0.0%) |
		[       37:       41)   0 (  0.0%) |

Type: io_cell
	Input Pin Usage:
		Max: 1.00 (0.03)
		Avg: 0.00 (0.00)
		Min: 0.00 (0.00)
		Histogram:
		[        0:      3.7) 1002 (100.0%) |**********************************************
		[      3.7:      7.4)    0 (  0.0%) |
		[      7.4:       11)    0 (  0.0%) |
		[       11:       15)    0 (  0.0%) |
		[       15:       18)    0 (  0.0%) |
		[       18:       22)    0 (  0.0%) |
		[       22:       26)    0 (  0.0%) |
		[       26:       30)    0 (  0.0%) |
		[       30:       33)    0 (  0.0%) |
		[       33:       37)    0 (  0.0%) |
	Output Pin Usage:
		Max: 1.00 (0.17)
		Avg: 1.00 (0.17)
		Min: 0.00 (0.00)
		Histogram:
		[        0:      0.6)    1 (  0.1%) |
		[      0.6:      1.2) 1001 ( 99.9%) |**********************************************
		[      1.2:      1.8)    0 (  0.0%) |
		[      1.8:      2.4)    0 (  0.0%) |
		[      2.4:        3)    0 (  0.0%) |
		[        3:      3.6)    0 (  0.0%) |
		[      3.6:      4.2)    0 (  0.0%) |
		[      4.2:      4.8)    0 (  0.0%) |
		[      4.8:      5.4)    0 (  0.0%) |
		[      5.4:        6)    0 (  0.0%) |

