#Timing report of worst 32 path(s)
# Unit scale: 1e-09 seconds
# Output precision: 3

#Path 1
Startpoint: G21.inpad[0] (.input clocked by virtual_io_clock)
Endpoint  : out:G484.outpad[0] (.output clocked by virtual_io_clock)
Path Type : setup

Point                                                             Incr      Path
--------------------------------------------------------------------------------
clock virtual_io_clock (rise edge)                               0.000     0.000
clock source latency                                             0.000     0.000
input external delay                                             0.000     0.000
G21.inpad[0] (.input)                                            0.000     0.000
new_n83.in[0] (.names)                                           0.712     0.712
new_n83.out[0] (.names)                                          0.261     0.973
new_n87.in[2] (.names)                                           0.712     1.685
new_n87.out[0] (.names)                                          0.261     1.946
new_n120.in[0] (.names)                                          0.712     2.658
new_n120.out[0] (.names)                                         0.261     2.919
G484.in[2] (.names)                                              0.712     3.631
G484.out[0] (.names)                                             0.261     3.892
out:G484.outpad[0] (.output)                                     0.712     4.604
data arrival time                                                          4.604

clock virtual_io_clock (rise edge)                               0.000     0.000
clock source latency                                             0.000     0.000
clock uncertainty                                                0.000     0.000
output external delay                                            0.000     0.000
data required time                                                         0.000
--------------------------------------------------------------------------------
data required time                                                         0.000
data arrival time                                                         -4.604
--------------------------------------------------------------------------------
slack (VIOLATED)                                                          -4.604


#Path 2
Startpoint: G14.inpad[0] (.input clocked by virtual_io_clock)
Endpoint  : out:G499.outpad[0] (.output clocked by virtual_io_clock)
Path Type : setup

Point                                                             Incr      Path
--------------------------------------------------------------------------------
clock virtual_io_clock (rise edge)                               0.000     0.000
clock source latency                                             0.000     0.000
input external delay                                             0.000     0.000
G14.inpad[0] (.input)                                            0.000     0.000
new_n78.in[0] (.names)                                           0.712     0.712
new_n78.out[0] (.names)                                          0.261     0.973
new_n77.in[2] (.names)                                           0.712     1.685
new_n77.out[0] (.names)                                          0.261     1.946
new_n131.in[0] (.names)                                          0.712     2.658
new_n131.out[0] (.names)                                         0.261     2.919
G499.in[1] (.names)                                              0.712     3.631
G499.out[0] (.names)                                             0.261     3.892
out:G499.outpad[0] (.output)                                     0.712     4.604
data arrival time                                                          4.604

clock virtual_io_clock (rise edge)                               0.000     0.000
clock source latency                                             0.000     0.000
clock uncertainty                                                0.000     0.000
output external delay                                            0.000     0.000
data required time                                                         0.000
--------------------------------------------------------------------------------
data required time                                                         0.000
data arrival time                                                         -4.604
--------------------------------------------------------------------------------
slack (VIOLATED)                                                          -4.604


#Path 3
Startpoint: G14.inpad[0] (.input clocked by virtual_io_clock)
Endpoint  : out:G498.outpad[0] (.output clocked by virtual_io_clock)
Path Type : setup

Point                                                             Incr      Path
--------------------------------------------------------------------------------
clock virtual_io_clock (rise edge)                               0.000     0.000
clock source latency                                             0.000     0.000
input external delay                                             0.000     0.000
G14.inpad[0] (.input)                                            0.000     0.000
new_n78.in[0] (.names)                                           0.712     0.712
new_n78.out[0] (.names)                                          0.261     0.973
new_n77.in[2] (.names)                                           0.712     1.685
new_n77.out[0] (.names)                                          0.261     1.946
new_n131.in[0] (.names)                                          0.712     2.658
new_n131.out[0] (.names)                                         0.261     2.919
G498.in[1] (.names)                                              0.712     3.631
G498.out[0] (.names)                                             0.261     3.892
out:G498.outpad[0] (.output)                                     0.712     4.604
data arrival time                                                          4.604

clock virtual_io_clock (rise edge)                               0.000     0.000
clock source latency                                             0.000     0.000
clock uncertainty                                                0.000     0.000
output external delay                                            0.000     0.000
data required time                                                         0.000
--------------------------------------------------------------------------------
data required time                                                         0.000
data arrival time                                                         -4.604
--------------------------------------------------------------------------------
slack (VIOLATED)                                                          -4.604


#Path 4
Startpoint: G14.inpad[0] (.input clocked by virtual_io_clock)
Endpoint  : out:G497.outpad[0] (.output clocked by virtual_io_clock)
Path Type : setup

Point                                                             Incr      Path
--------------------------------------------------------------------------------
clock virtual_io_clock (rise edge)                               0.000     0.000
clock source latency                                             0.000     0.000
input external delay                                             0.000     0.000
G14.inpad[0] (.input)                                            0.000     0.000
new_n78.in[0] (.names)                                           0.712     0.712
new_n78.out[0] (.names)                                          0.261     0.973
new_n77.in[2] (.names)                                           0.712     1.685
new_n77.out[0] (.names)                                          0.261     1.946
new_n131.in[0] (.names)                                          0.712     2.658
new_n131.out[0] (.names)                                         0.261     2.919
G497.in[1] (.names)                                              0.712     3.631
G497.out[0] (.names)                                             0.261     3.892
out:G497.outpad[0] (.output)                                     0.712     4.604
data arrival time                                                          4.604

clock virtual_io_clock (rise edge)                               0.000     0.000
clock source latency                                             0.000     0.000
clock uncertainty                                                0.000     0.000
output external delay                                            0.000     0.000
data required time                                                         0.000
--------------------------------------------------------------------------------
data required time                                                         0.000
data arrival time                                                         -4.604
--------------------------------------------------------------------------------
slack (VIOLATED)                                                          -4.604


#Path 5
Startpoint: G14.inpad[0] (.input clocked by virtual_io_clock)
Endpoint  : out:G496.outpad[0] (.output clocked by virtual_io_clock)
Path Type : setup

Point                                                             Incr      Path
--------------------------------------------------------------------------------
clock virtual_io_clock (rise edge)                               0.000     0.000
clock source latency                                             0.000     0.000
input external delay                                             0.000     0.000
G14.inpad[0] (.input)                                            0.000     0.000
new_n78.in[0] (.names)                                           0.712     0.712
new_n78.out[0] (.names)                                          0.261     0.973
new_n77.in[2] (.names)                                           0.712     1.685
new_n77.out[0] (.names)                                          0.261     1.946
new_n131.in[0] (.names)                                          0.712     2.658
new_n131.out[0] (.names)                                         0.261     2.919
G496.in[1] (.names)                                              0.712     3.631
G496.out[0] (.names)                                             0.261     3.892
out:G496.outpad[0] (.output)                                     0.712     4.604
data arrival time                                                          4.604

clock virtual_io_clock (rise edge)                               0.000     0.000
clock source latency                                             0.000     0.000
clock uncertainty                                                0.000     0.000
output external delay                                            0.000     0.000
data required time                                                         0.000
--------------------------------------------------------------------------------
data required time                                                         0.000
data arrival time                                                         -4.604
--------------------------------------------------------------------------------
slack (VIOLATED)                                                          -4.604


#Path 6
Startpoint: G21.inpad[0] (.input clocked by virtual_io_clock)
Endpoint  : out:G491.outpad[0] (.output clocked by virtual_io_clock)
Path Type : setup

Point                                                             Incr      Path
--------------------------------------------------------------------------------
clock virtual_io_clock (rise edge)                               0.000     0.000
clock source latency                                             0.000     0.000
input external delay                                             0.000     0.000
G21.inpad[0] (.input)                                            0.000     0.000
new_n83.in[0] (.names)                                           0.712     0.712
new_n83.out[0] (.names)                                          0.261     0.973
new_n87.in[2] (.names)                                           0.712     1.685
new_n87.out[0] (.names)                                          0.261     1.946
new_n120.in[0] (.names)                                          0.712     2.658
new_n120.out[0] (.names)                                         0.261     2.919
G491.in[1] (.names)                                              0.712     3.631
G491.out[0] (.names)                                             0.261     3.892
out:G491.outpad[0] (.output)                                     0.712     4.604
data arrival time                                                          4.604

clock virtual_io_clock (rise edge)                               0.000     0.000
clock source latency                                             0.000     0.000
clock uncertainty                                                0.000     0.000
output external delay                                            0.000     0.000
data required time                                                         0.000
--------------------------------------------------------------------------------
data required time                                                         0.000
data arrival time                                                         -4.604
--------------------------------------------------------------------------------
slack (VIOLATED)                                                          -4.604


#Path 7
Startpoint: G21.inpad[0] (.input clocked by virtual_io_clock)
Endpoint  : out:G490.outpad[0] (.output clocked by virtual_io_clock)
Path Type : setup

Point                                                             Incr      Path
--------------------------------------------------------------------------------
clock virtual_io_clock (rise edge)                               0.000     0.000
clock source latency                                             0.000     0.000
input external delay                                             0.000     0.000
G21.inpad[0] (.input)                                            0.000     0.000
new_n83.in[0] (.names)                                           0.712     0.712
new_n83.out[0] (.names)                                          0.261     0.973
new_n87.in[2] (.names)                                           0.712     1.685
new_n87.out[0] (.names)                                          0.261     1.946
new_n120.in[0] (.names)                                          0.712     2.658
new_n120.out[0] (.names)                                         0.261     2.919
G490.in[1] (.names)                                              0.712     3.631
G490.out[0] (.names)                                             0.261     3.892
out:G490.outpad[0] (.output)                                     0.712     4.604
data arrival time                                                          4.604

clock virtual_io_clock (rise edge)                               0.000     0.000
clock source latency                                             0.000     0.000
clock uncertainty                                                0.000     0.000
output external delay                                            0.000     0.000
data required time                                                         0.000
--------------------------------------------------------------------------------
data required time                                                         0.000
data arrival time                                                         -4.604
--------------------------------------------------------------------------------
slack (VIOLATED)                                                          -4.604


#Path 8
Startpoint: G21.inpad[0] (.input clocked by virtual_io_clock)
Endpoint  : out:G489.outpad[0] (.output clocked by virtual_io_clock)
Path Type : setup

Point                                                             Incr      Path
--------------------------------------------------------------------------------
clock virtual_io_clock (rise edge)                               0.000     0.000
clock source latency                                             0.000     0.000
input external delay                                             0.000     0.000
G21.inpad[0] (.input)                                            0.000     0.000
new_n83.in[0] (.names)                                           0.712     0.712
new_n83.out[0] (.names)                                          0.261     0.973
new_n87.in[2] (.names)                                           0.712     1.685
new_n87.out[0] (.names)                                          0.261     1.946
new_n120.in[0] (.names)                                          0.712     2.658
new_n120.out[0] (.names)                                         0.261     2.919
G489.in[1] (.names)                                              0.712     3.631
G489.out[0] (.names)                                             0.261     3.892
out:G489.outpad[0] (.output)                                     0.712     4.604
data arrival time                                                          4.604

clock virtual_io_clock (rise edge)                               0.000     0.000
clock source latency                                             0.000     0.000
clock uncertainty                                                0.000     0.000
output external delay                                            0.000     0.000
data required time                                                         0.000
--------------------------------------------------------------------------------
data required time                                                         0.000
data arrival time                                                         -4.604
--------------------------------------------------------------------------------
slack (VIOLATED)                                                          -4.604


#Path 9
Startpoint: G21.inpad[0] (.input clocked by virtual_io_clock)
Endpoint  : out:G488.outpad[0] (.output clocked by virtual_io_clock)
Path Type : setup

Point                                                             Incr      Path
--------------------------------------------------------------------------------
clock virtual_io_clock (rise edge)                               0.000     0.000
clock source latency                                             0.000     0.000
input external delay                                             0.000     0.000
G21.inpad[0] (.input)                                            0.000     0.000
new_n83.in[0] (.names)                                           0.712     0.712
new_n83.out[0] (.names)                                          0.261     0.973
new_n87.in[2] (.names)                                           0.712     1.685
new_n87.out[0] (.names)                                          0.261     1.946
new_n120.in[0] (.names)                                          0.712     2.658
new_n120.out[0] (.names)                                         0.261     2.919
G488.in[1] (.names)                                              0.712     3.631
G488.out[0] (.names)                                             0.261     3.892
out:G488.outpad[0] (.output)                                     0.712     4.604
data arrival time                                                          4.604

clock virtual_io_clock (rise edge)                               0.000     0.000
clock source latency                                             0.000     0.000
clock uncertainty                                                0.000     0.000
output external delay                                            0.000     0.000
data required time                                                         0.000
--------------------------------------------------------------------------------
data required time                                                         0.000
data arrival time                                                         -4.604
--------------------------------------------------------------------------------
slack (VIOLATED)                                                          -4.604


#Path 10
Startpoint: G14.inpad[0] (.input clocked by virtual_io_clock)
Endpoint  : out:G495.outpad[0] (.output clocked by virtual_io_clock)
Path Type : setup

Point                                                             Incr      Path
--------------------------------------------------------------------------------
clock virtual_io_clock (rise edge)                               0.000     0.000
clock source latency                                             0.000     0.000
input external delay                                             0.000     0.000
G14.inpad[0] (.input)                                            0.000     0.000
new_n78.in[0] (.names)                                           0.712     0.712
new_n78.out[0] (.names)                                          0.261     0.973
new_n77.in[2] (.names)                                           0.712     1.685
new_n77.out[0] (.names)                                          0.261     1.946
new_n131.in[0] (.names)                                          0.712     2.658
new_n131.out[0] (.names)                                         0.261     2.919
G495.in[2] (.names)                                              0.712     3.631
G495.out[0] (.names)                                             0.261     3.892
out:G495.outpad[0] (.output)                                     0.712     4.604
data arrival time                                                          4.604

clock virtual_io_clock (rise edge)                               0.000     0.000
clock source latency                                             0.000     0.000
clock uncertainty                                                0.000     0.000
output external delay                                            0.000     0.000
data required time                                                         0.000
--------------------------------------------------------------------------------
data required time                                                         0.000
data arrival time                                                         -4.604
--------------------------------------------------------------------------------
slack (VIOLATED)                                                          -4.604


#Path 11
Startpoint: G14.inpad[0] (.input clocked by virtual_io_clock)
Endpoint  : out:G494.outpad[0] (.output clocked by virtual_io_clock)
Path Type : setup

Point                                                             Incr      Path
--------------------------------------------------------------------------------
clock virtual_io_clock (rise edge)                               0.000     0.000
clock source latency                                             0.000     0.000
input external delay                                             0.000     0.000
G14.inpad[0] (.input)                                            0.000     0.000
new_n78.in[0] (.names)                                           0.712     0.712
new_n78.out[0] (.names)                                          0.261     0.973
new_n77.in[2] (.names)                                           0.712     1.685
new_n77.out[0] (.names)                                          0.261     1.946
new_n131.in[0] (.names)                                          0.712     2.658
new_n131.out[0] (.names)                                         0.261     2.919
G494.in[2] (.names)                                              0.712     3.631
G494.out[0] (.names)                                             0.261     3.892
out:G494.outpad[0] (.output)                                     0.712     4.604
data arrival time                                                          4.604

clock virtual_io_clock (rise edge)                               0.000     0.000
clock source latency                                             0.000     0.000
clock uncertainty                                                0.000     0.000
output external delay                                            0.000     0.000
data required time                                                         0.000
--------------------------------------------------------------------------------
data required time                                                         0.000
data arrival time                                                         -4.604
--------------------------------------------------------------------------------
slack (VIOLATED)                                                          -4.604


#Path 12
Startpoint: G14.inpad[0] (.input clocked by virtual_io_clock)
Endpoint  : out:G493.outpad[0] (.output clocked by virtual_io_clock)
Path Type : setup

Point                                                             Incr      Path
--------------------------------------------------------------------------------
clock virtual_io_clock (rise edge)                               0.000     0.000
clock source latency                                             0.000     0.000
input external delay                                             0.000     0.000
G14.inpad[0] (.input)                                            0.000     0.000
new_n78.in[0] (.names)                                           0.712     0.712
new_n78.out[0] (.names)                                          0.261     0.973
new_n77.in[2] (.names)                                           0.712     1.685
new_n77.out[0] (.names)                                          0.261     1.946
new_n131.in[0] (.names)                                          0.712     2.658
new_n131.out[0] (.names)                                         0.261     2.919
G493.in[2] (.names)                                              0.712     3.631
G493.out[0] (.names)                                             0.261     3.892
out:G493.outpad[0] (.output)                                     0.712     4.604
data arrival time                                                          4.604

clock virtual_io_clock (rise edge)                               0.000     0.000
clock source latency                                             0.000     0.000
clock uncertainty                                                0.000     0.000
output external delay                                            0.000     0.000
data required time                                                         0.000
--------------------------------------------------------------------------------
data required time                                                         0.000
data arrival time                                                         -4.604
--------------------------------------------------------------------------------
slack (VIOLATED)                                                          -4.604


#Path 13
Startpoint: G14.inpad[0] (.input clocked by virtual_io_clock)
Endpoint  : out:G492.outpad[0] (.output clocked by virtual_io_clock)
Path Type : setup

Point                                                             Incr      Path
--------------------------------------------------------------------------------
clock virtual_io_clock (rise edge)                               0.000     0.000
clock source latency                                             0.000     0.000
input external delay                                             0.000     0.000
G14.inpad[0] (.input)                                            0.000     0.000
new_n78.in[0] (.names)                                           0.712     0.712
new_n78.out[0] (.names)                                          0.261     0.973
new_n77.in[2] (.names)                                           0.712     1.685
new_n77.out[0] (.names)                                          0.261     1.946
new_n131.in[0] (.names)                                          0.712     2.658
new_n131.out[0] (.names)                                         0.261     2.919
G492.in[2] (.names)                                              0.712     3.631
G492.out[0] (.names)                                             0.261     3.892
out:G492.outpad[0] (.output)                                     0.712     4.604
data arrival time                                                          4.604

clock virtual_io_clock (rise edge)                               0.000     0.000
clock source latency                                             0.000     0.000
clock uncertainty                                                0.000     0.000
output external delay                                            0.000     0.000
data required time                                                         0.000
--------------------------------------------------------------------------------
data required time                                                         0.000
data arrival time                                                         -4.604
--------------------------------------------------------------------------------
slack (VIOLATED)                                                          -4.604


#Path 14
Startpoint: G21.inpad[0] (.input clocked by virtual_io_clock)
Endpoint  : out:G487.outpad[0] (.output clocked by virtual_io_clock)
Path Type : setup

Point                                                             Incr      Path
--------------------------------------------------------------------------------
clock virtual_io_clock (rise edge)                               0.000     0.000
clock source latency                                             0.000     0.000
input external delay                                             0.000     0.000
G21.inpad[0] (.input)                                            0.000     0.000
new_n83.in[0] (.names)                                           0.712     0.712
new_n83.out[0] (.names)                                          0.261     0.973
new_n87.in[2] (.names)                                           0.712     1.685
new_n87.out[0] (.names)                                          0.261     1.946
new_n120.in[0] (.names)                                          0.712     2.658
new_n120.out[0] (.names)                                         0.261     2.919
G487.in[2] (.names)                                              0.712     3.631
G487.out[0] (.names)                                             0.261     3.892
out:G487.outpad[0] (.output)                                     0.712     4.604
data arrival time                                                          4.604

clock virtual_io_clock (rise edge)                               0.000     0.000
clock source latency                                             0.000     0.000
clock uncertainty                                                0.000     0.000
output external delay                                            0.000     0.000
data required time                                                         0.000
--------------------------------------------------------------------------------
data required time                                                         0.000
data arrival time                                                         -4.604
--------------------------------------------------------------------------------
slack (VIOLATED)                                                          -4.604


#Path 15
Startpoint: G21.inpad[0] (.input clocked by virtual_io_clock)
Endpoint  : out:G486.outpad[0] (.output clocked by virtual_io_clock)
Path Type : setup

Point                                                             Incr      Path
--------------------------------------------------------------------------------
clock virtual_io_clock (rise edge)                               0.000     0.000
clock source latency                                             0.000     0.000
input external delay                                             0.000     0.000
G21.inpad[0] (.input)                                            0.000     0.000
new_n83.in[0] (.names)                                           0.712     0.712
new_n83.out[0] (.names)                                          0.261     0.973
new_n87.in[2] (.names)                                           0.712     1.685
new_n87.out[0] (.names)                                          0.261     1.946
new_n120.in[0] (.names)                                          0.712     2.658
new_n120.out[0] (.names)                                         0.261     2.919
G486.in[2] (.names)                                              0.712     3.631
G486.out[0] (.names)                                             0.261     3.892
out:G486.outpad[0] (.output)                                     0.712     4.604
data arrival time                                                          4.604

clock virtual_io_clock (rise edge)                               0.000     0.000
clock source latency                                             0.000     0.000
clock uncertainty                                                0.000     0.000
output external delay                                            0.000     0.000
data required time                                                         0.000
--------------------------------------------------------------------------------
data required time                                                         0.000
data arrival time                                                         -4.604
--------------------------------------------------------------------------------
slack (VIOLATED)                                                          -4.604


#Path 16
Startpoint: G21.inpad[0] (.input clocked by virtual_io_clock)
Endpoint  : out:G485.outpad[0] (.output clocked by virtual_io_clock)
Path Type : setup

Point                                                             Incr      Path
--------------------------------------------------------------------------------
clock virtual_io_clock (rise edge)                               0.000     0.000
clock source latency                                             0.000     0.000
input external delay                                             0.000     0.000
G21.inpad[0] (.input)                                            0.000     0.000
new_n83.in[0] (.names)                                           0.712     0.712
new_n83.out[0] (.names)                                          0.261     0.973
new_n87.in[2] (.names)                                           0.712     1.685
new_n87.out[0] (.names)                                          0.261     1.946
new_n120.in[0] (.names)                                          0.712     2.658
new_n120.out[0] (.names)                                         0.261     2.919
G485.in[2] (.names)                                              0.712     3.631
G485.out[0] (.names)                                             0.261     3.892
out:G485.outpad[0] (.output)                                     0.712     4.604
data arrival time                                                          4.604

clock virtual_io_clock (rise edge)                               0.000     0.000
clock source latency                                             0.000     0.000
clock uncertainty                                                0.000     0.000
output external delay                                            0.000     0.000
data required time                                                         0.000
--------------------------------------------------------------------------------
data required time                                                         0.000
data arrival time                                                         -4.604
--------------------------------------------------------------------------------
slack (VIOLATED)                                                          -4.604


#Path 17
Startpoint: G28.inpad[0] (.input clocked by virtual_io_clock)
Endpoint  : out:G481.outpad[0] (.output clocked by virtual_io_clock)
Path Type : setup

Point                                                             Incr      Path
--------------------------------------------------------------------------------
clock virtual_io_clock (rise edge)                               0.000     0.000
clock source latency                                             0.000     0.000
input external delay                                             0.000     0.000
G28.inpad[0] (.input)                                            0.000     0.000
new_n90.in[0] (.names)                                           0.712     0.712
new_n90.out[0] (.names)                                          0.261     0.973
new_n89.in[2] (.names)                                           0.712     1.685
new_n89.out[0] (.names)                                          0.261     1.946
new_n76.in[0] (.names)                                           0.712     2.658
new_n76.out[0] (.names)                                          0.261     2.919
G481.in[1] (.names)                                              0.712     3.631
G481.out[0] (.names)                                             0.261     3.892
out:G481.outpad[0] (.output)                                     0.712     4.604
data arrival time                                                          4.604

clock virtual_io_clock (rise edge)                               0.000     0.000
clock source latency                                             0.000     0.000
clock uncertainty                                                0.000     0.000
output external delay                                            0.000     0.000
data required time                                                         0.000
--------------------------------------------------------------------------------
data required time                                                         0.000
data arrival time                                                         -4.604
--------------------------------------------------------------------------------
slack (VIOLATED)                                                          -4.604


#Path 18
Startpoint: G28.inpad[0] (.input clocked by virtual_io_clock)
Endpoint  : out:G475.outpad[0] (.output clocked by virtual_io_clock)
Path Type : setup

Point                                                             Incr      Path
--------------------------------------------------------------------------------
clock virtual_io_clock (rise edge)                               0.000     0.000
clock source latency                                             0.000     0.000
input external delay                                             0.000     0.000
G28.inpad[0] (.input)                                            0.000     0.000
new_n90.in[0] (.names)                                           0.712     0.712
new_n90.out[0] (.names)                                          0.261     0.973
new_n89.in[2] (.names)                                           0.712     1.685
new_n89.out[0] (.names)                                          0.261     1.946
new_n76.in[0] (.names)                                           0.712     2.658
new_n76.out[0] (.names)                                          0.261     2.919
G475.in[1] (.names)                                              0.712     3.631
G475.out[0] (.names)                                             0.261     3.892
out:G475.outpad[0] (.output)                                     0.712     4.604
data arrival time                                                          4.604

clock virtual_io_clock (rise edge)                               0.000     0.000
clock source latency                                             0.000     0.000
clock uncertainty                                                0.000     0.000
output external delay                                            0.000     0.000
data required time                                                         0.000
--------------------------------------------------------------------------------
data required time                                                         0.000
data arrival time                                                         -4.604
--------------------------------------------------------------------------------
slack (VIOLATED)                                                          -4.604


#Path 19
Startpoint: G28.inpad[0] (.input clocked by virtual_io_clock)
Endpoint  : out:G474.outpad[0] (.output clocked by virtual_io_clock)
Path Type : setup

Point                                                             Incr      Path
--------------------------------------------------------------------------------
clock virtual_io_clock (rise edge)                               0.000     0.000
clock source latency                                             0.000     0.000
input external delay                                             0.000     0.000
G28.inpad[0] (.input)                                            0.000     0.000
new_n90.in[0] (.names)                                           0.712     0.712
new_n90.out[0] (.names)                                          0.261     0.973
new_n89.in[2] (.names)                                           0.712     1.685
new_n89.out[0] (.names)                                          0.261     1.946
new_n76.in[0] (.names)                                           0.712     2.658
new_n76.out[0] (.names)                                          0.261     2.919
G474.in[1] (.names)                                              0.712     3.631
G474.out[0] (.names)                                             0.261     3.892
out:G474.outpad[0] (.output)                                     0.712     4.604
data arrival time                                                          4.604

clock virtual_io_clock (rise edge)                               0.000     0.000
clock source latency                                             0.000     0.000
clock uncertainty                                                0.000     0.000
output external delay                                            0.000     0.000
data required time                                                         0.000
--------------------------------------------------------------------------------
data required time                                                         0.000
data arrival time                                                         -4.604
--------------------------------------------------------------------------------
slack (VIOLATED)                                                          -4.604


#Path 20
Startpoint: G28.inpad[0] (.input clocked by virtual_io_clock)
Endpoint  : out:G473.outpad[0] (.output clocked by virtual_io_clock)
Path Type : setup

Point                                                             Incr      Path
--------------------------------------------------------------------------------
clock virtual_io_clock (rise edge)                               0.000     0.000
clock source latency                                             0.000     0.000
input external delay                                             0.000     0.000
G28.inpad[0] (.input)                                            0.000     0.000
new_n90.in[0] (.names)                                           0.712     0.712
new_n90.out[0] (.names)                                          0.261     0.973
new_n89.in[2] (.names)                                           0.712     1.685
new_n89.out[0] (.names)                                          0.261     1.946
new_n76.in[0] (.names)                                           0.712     2.658
new_n76.out[0] (.names)                                          0.261     2.919
G473.in[1] (.names)                                              0.712     3.631
G473.out[0] (.names)                                             0.261     3.892
out:G473.outpad[0] (.output)                                     0.712     4.604
data arrival time                                                          4.604

clock virtual_io_clock (rise edge)                               0.000     0.000
clock source latency                                             0.000     0.000
clock uncertainty                                                0.000     0.000
output external delay                                            0.000     0.000
data required time                                                         0.000
--------------------------------------------------------------------------------
data required time                                                         0.000
data arrival time                                                         -4.604
--------------------------------------------------------------------------------
slack (VIOLATED)                                                          -4.604


#Path 21
Startpoint: G28.inpad[0] (.input clocked by virtual_io_clock)
Endpoint  : out:G472.outpad[0] (.output clocked by virtual_io_clock)
Path Type : setup

Point                                                             Incr      Path
--------------------------------------------------------------------------------
clock virtual_io_clock (rise edge)                               0.000     0.000
clock source latency                                             0.000     0.000
input external delay                                             0.000     0.000
G28.inpad[0] (.input)                                            0.000     0.000
new_n90.in[0] (.names)                                           0.712     0.712
new_n90.out[0] (.names)                                          0.261     0.973
new_n89.in[2] (.names)                                           0.712     1.685
new_n89.out[0] (.names)                                          0.261     1.946
new_n76.in[0] (.names)                                           0.712     2.658
new_n76.out[0] (.names)                                          0.261     2.919
G472.in[1] (.names)                                              0.712     3.631
G472.out[0] (.names)                                             0.261     3.892
out:G472.outpad[0] (.output)                                     0.712     4.604
data arrival time                                                          4.604

clock virtual_io_clock (rise edge)                               0.000     0.000
clock source latency                                             0.000     0.000
clock uncertainty                                                0.000     0.000
output external delay                                            0.000     0.000
data required time                                                         0.000
--------------------------------------------------------------------------------
data required time                                                         0.000
data arrival time                                                         -4.604
--------------------------------------------------------------------------------
slack (VIOLATED)                                                          -4.604


#Path 22
Startpoint: G14.inpad[0] (.input clocked by virtual_io_clock)
Endpoint  : out:G471.outpad[0] (.output clocked by virtual_io_clock)
Path Type : setup

Point                                                             Incr      Path
--------------------------------------------------------------------------------
clock virtual_io_clock (rise edge)                               0.000     0.000
clock source latency                                             0.000     0.000
input external delay                                             0.000     0.000
G14.inpad[0] (.input)                                            0.000     0.000
new_n78.in[0] (.names)                                           0.712     0.712
new_n78.out[0] (.names)                                          0.261     0.973
new_n77.in[2] (.names)                                           0.712     1.685
new_n77.out[0] (.names)                                          0.261     1.946
new_n105.in[0] (.names)                                          0.712     2.658
new_n105.out[0] (.names)                                         0.261     2.919
G471.in[2] (.names)                                              0.712     3.631
G471.out[0] (.names)                                             0.261     3.892
out:G471.outpad[0] (.output)                                     0.712     4.604
data arrival time                                                          4.604

clock virtual_io_clock (rise edge)                               0.000     0.000
clock source latency                                             0.000     0.000
clock uncertainty                                                0.000     0.000
output external delay                                            0.000     0.000
data required time                                                         0.000
--------------------------------------------------------------------------------
data required time                                                         0.000
data arrival time                                                         -4.604
--------------------------------------------------------------------------------
slack (VIOLATED)                                                          -4.604


#Path 23
Startpoint: G14.inpad[0] (.input clocked by virtual_io_clock)
Endpoint  : out:G470.outpad[0] (.output clocked by virtual_io_clock)
Path Type : setup

Point                                                             Incr      Path
--------------------------------------------------------------------------------
clock virtual_io_clock (rise edge)                               0.000     0.000
clock source latency                                             0.000     0.000
input external delay                                             0.000     0.000
G14.inpad[0] (.input)                                            0.000     0.000
new_n78.in[0] (.names)                                           0.712     0.712
new_n78.out[0] (.names)                                          0.261     0.973
new_n77.in[2] (.names)                                           0.712     1.685
new_n77.out[0] (.names)                                          0.261     1.946
new_n105.in[0] (.names)                                          0.712     2.658
new_n105.out[0] (.names)                                         0.261     2.919
G470.in[2] (.names)                                              0.712     3.631
G470.out[0] (.names)                                             0.261     3.892
out:G470.outpad[0] (.output)                                     0.712     4.604
data arrival time                                                          4.604

clock virtual_io_clock (rise edge)                               0.000     0.000
clock source latency                                             0.000     0.000
clock uncertainty                                                0.000     0.000
output external delay                                            0.000     0.000
data required time                                                         0.000
--------------------------------------------------------------------------------
data required time                                                         0.000
data arrival time                                                         -4.604
--------------------------------------------------------------------------------
slack (VIOLATED)                                                          -4.604


#Path 24
Startpoint: G14.inpad[0] (.input clocked by virtual_io_clock)
Endpoint  : out:G469.outpad[0] (.output clocked by virtual_io_clock)
Path Type : setup

Point                                                             Incr      Path
--------------------------------------------------------------------------------
clock virtual_io_clock (rise edge)                               0.000     0.000
clock source latency                                             0.000     0.000
input external delay                                             0.000     0.000
G14.inpad[0] (.input)                                            0.000     0.000
new_n78.in[0] (.names)                                           0.712     0.712
new_n78.out[0] (.names)                                          0.261     0.973
new_n77.in[2] (.names)                                           0.712     1.685
new_n77.out[0] (.names)                                          0.261     1.946
new_n105.in[0] (.names)                                          0.712     2.658
new_n105.out[0] (.names)                                         0.261     2.919
G469.in[2] (.names)                                              0.712     3.631
G469.out[0] (.names)                                             0.261     3.892
out:G469.outpad[0] (.output)                                     0.712     4.604
data arrival time                                                          4.604

clock virtual_io_clock (rise edge)                               0.000     0.000
clock source latency                                             0.000     0.000
clock uncertainty                                                0.000     0.000
output external delay                                            0.000     0.000
data required time                                                         0.000
--------------------------------------------------------------------------------
data required time                                                         0.000
data arrival time                                                         -4.604
--------------------------------------------------------------------------------
slack (VIOLATED)                                                          -4.604


#Path 25
Startpoint: G14.inpad[0] (.input clocked by virtual_io_clock)
Endpoint  : out:G468.outpad[0] (.output clocked by virtual_io_clock)
Path Type : setup

Point                                                             Incr      Path
--------------------------------------------------------------------------------
clock virtual_io_clock (rise edge)                               0.000     0.000
clock source latency                                             0.000     0.000
input external delay                                             0.000     0.000
G14.inpad[0] (.input)                                            0.000     0.000
new_n78.in[0] (.names)                                           0.712     0.712
new_n78.out[0] (.names)                                          0.261     0.973
new_n77.in[2] (.names)                                           0.712     1.685
new_n77.out[0] (.names)                                          0.261     1.946
new_n105.in[0] (.names)                                          0.712     2.658
new_n105.out[0] (.names)                                         0.261     2.919
G468.in[2] (.names)                                              0.712     3.631
G468.out[0] (.names)                                             0.261     3.892
out:G468.outpad[0] (.output)                                     0.712     4.604
data arrival time                                                          4.604

clock virtual_io_clock (rise edge)                               0.000     0.000
clock source latency                                             0.000     0.000
clock uncertainty                                                0.000     0.000
output external delay                                            0.000     0.000
data required time                                                         0.000
--------------------------------------------------------------------------------
data required time                                                         0.000
data arrival time                                                         -4.604
--------------------------------------------------------------------------------
slack (VIOLATED)                                                          -4.604


#Path 26
Startpoint: G28.inpad[0] (.input clocked by virtual_io_clock)
Endpoint  : out:G483.outpad[0] (.output clocked by virtual_io_clock)
Path Type : setup

Point                                                             Incr      Path
--------------------------------------------------------------------------------
clock virtual_io_clock (rise edge)                               0.000     0.000
clock source latency                                             0.000     0.000
input external delay                                             0.000     0.000
G28.inpad[0] (.input)                                            0.000     0.000
new_n90.in[0] (.names)                                           0.712     0.712
new_n90.out[0] (.names)                                          0.261     0.973
new_n89.in[2] (.names)                                           0.712     1.685
new_n89.out[0] (.names)                                          0.261     1.946
new_n76.in[0] (.names)                                           0.712     2.658
new_n76.out[0] (.names)                                          0.261     2.919
G483.in[1] (.names)                                              0.712     3.631
G483.out[0] (.names)                                             0.261     3.892
out:G483.outpad[0] (.output)                                     0.712     4.604
data arrival time                                                          4.604

clock virtual_io_clock (rise edge)                               0.000     0.000
clock source latency                                             0.000     0.000
clock uncertainty                                                0.000     0.000
output external delay                                            0.000     0.000
data required time                                                         0.000
--------------------------------------------------------------------------------
data required time                                                         0.000
data arrival time                                                         -4.604
--------------------------------------------------------------------------------
slack (VIOLATED)                                                          -4.604


#Path 27
Startpoint: G14.inpad[0] (.input clocked by virtual_io_clock)
Endpoint  : out:G479.outpad[0] (.output clocked by virtual_io_clock)
Path Type : setup

Point                                                             Incr      Path
--------------------------------------------------------------------------------
clock virtual_io_clock (rise edge)                               0.000     0.000
clock source latency                                             0.000     0.000
input external delay                                             0.000     0.000
G14.inpad[0] (.input)                                            0.000     0.000
new_n92.in[0] (.names)                                           0.712     0.712
new_n92.out[0] (.names)                                          0.261     0.973
new_n94.in[2] (.names)                                           0.712     1.685
new_n94.out[0] (.names)                                          0.261     1.946
new_n93.in[0] (.names)                                           0.712     2.658
new_n93.out[0] (.names)                                          0.261     2.919
G479.in[2] (.names)                                              0.712     3.631
G479.out[0] (.names)                                             0.261     3.892
out:G479.outpad[0] (.output)                                     0.712     4.604
data arrival time                                                          4.604

clock virtual_io_clock (rise edge)                               0.000     0.000
clock source latency                                             0.000     0.000
clock uncertainty                                                0.000     0.000
output external delay                                            0.000     0.000
data required time                                                         0.000
--------------------------------------------------------------------------------
data required time                                                         0.000
data arrival time                                                         -4.604
--------------------------------------------------------------------------------
slack (VIOLATED)                                                          -4.604


#Path 28
Startpoint: G14.inpad[0] (.input clocked by virtual_io_clock)
Endpoint  : out:G478.outpad[0] (.output clocked by virtual_io_clock)
Path Type : setup

Point                                                             Incr      Path
--------------------------------------------------------------------------------
clock virtual_io_clock (rise edge)                               0.000     0.000
clock source latency                                             0.000     0.000
input external delay                                             0.000     0.000
G14.inpad[0] (.input)                                            0.000     0.000
new_n92.in[0] (.names)                                           0.712     0.712
new_n92.out[0] (.names)                                          0.261     0.973
new_n94.in[2] (.names)                                           0.712     1.685
new_n94.out[0] (.names)                                          0.261     1.946
new_n93.in[0] (.names)                                           0.712     2.658
new_n93.out[0] (.names)                                          0.261     2.919
G478.in[2] (.names)                                              0.712     3.631
G478.out[0] (.names)                                             0.261     3.892
out:G478.outpad[0] (.output)                                     0.712     4.604
data arrival time                                                          4.604

clock virtual_io_clock (rise edge)                               0.000     0.000
clock source latency                                             0.000     0.000
clock uncertainty                                                0.000     0.000
output external delay                                            0.000     0.000
data required time                                                         0.000
--------------------------------------------------------------------------------
data required time                                                         0.000
data arrival time                                                         -4.604
--------------------------------------------------------------------------------
slack (VIOLATED)                                                          -4.604


#Path 29
Startpoint: G14.inpad[0] (.input clocked by virtual_io_clock)
Endpoint  : out:G477.outpad[0] (.output clocked by virtual_io_clock)
Path Type : setup

Point                                                             Incr      Path
--------------------------------------------------------------------------------
clock virtual_io_clock (rise edge)                               0.000     0.000
clock source latency                                             0.000     0.000
input external delay                                             0.000     0.000
G14.inpad[0] (.input)                                            0.000     0.000
new_n92.in[0] (.names)                                           0.712     0.712
new_n92.out[0] (.names)                                          0.261     0.973
new_n94.in[2] (.names)                                           0.712     1.685
new_n94.out[0] (.names)                                          0.261     1.946
new_n93.in[0] (.names)                                           0.712     2.658
new_n93.out[0] (.names)                                          0.261     2.919
G477.in[2] (.names)                                              0.712     3.631
G477.out[0] (.names)                                             0.261     3.892
out:G477.outpad[0] (.output)                                     0.712     4.604
data arrival time                                                          4.604

clock virtual_io_clock (rise edge)                               0.000     0.000
clock source latency                                             0.000     0.000
clock uncertainty                                                0.000     0.000
output external delay                                            0.000     0.000
data required time                                                         0.000
--------------------------------------------------------------------------------
data required time                                                         0.000
data arrival time                                                         -4.604
--------------------------------------------------------------------------------
slack (VIOLATED)                                                          -4.604


#Path 30
Startpoint: G14.inpad[0] (.input clocked by virtual_io_clock)
Endpoint  : out:G476.outpad[0] (.output clocked by virtual_io_clock)
Path Type : setup

Point                                                             Incr      Path
--------------------------------------------------------------------------------
clock virtual_io_clock (rise edge)                               0.000     0.000
clock source latency                                             0.000     0.000
input external delay                                             0.000     0.000
G14.inpad[0] (.input)                                            0.000     0.000
new_n92.in[0] (.names)                                           0.712     0.712
new_n92.out[0] (.names)                                          0.261     0.973
new_n94.in[2] (.names)                                           0.712     1.685
new_n94.out[0] (.names)                                          0.261     1.946
new_n93.in[0] (.names)                                           0.712     2.658
new_n93.out[0] (.names)                                          0.261     2.919
G476.in[2] (.names)                                              0.712     3.631
G476.out[0] (.names)                                             0.261     3.892
out:G476.outpad[0] (.output)                                     0.712     4.604
data arrival time                                                          4.604

clock virtual_io_clock (rise edge)                               0.000     0.000
clock source latency                                             0.000     0.000
clock uncertainty                                                0.000     0.000
output external delay                                            0.000     0.000
data required time                                                         0.000
--------------------------------------------------------------------------------
data required time                                                         0.000
data arrival time                                                         -4.604
--------------------------------------------------------------------------------
slack (VIOLATED)                                                          -4.604


#Path 31
Startpoint: G28.inpad[0] (.input clocked by virtual_io_clock)
Endpoint  : out:G480.outpad[0] (.output clocked by virtual_io_clock)
Path Type : setup

Point                                                             Incr      Path
--------------------------------------------------------------------------------
clock virtual_io_clock (rise edge)                               0.000     0.000
clock source latency                                             0.000     0.000
input external delay                                             0.000     0.000
G28.inpad[0] (.input)                                            0.000     0.000
new_n90.in[0] (.names)                                           0.712     0.712
new_n90.out[0] (.names)                                          0.261     0.973
new_n89.in[2] (.names)                                           0.712     1.685
new_n89.out[0] (.names)                                          0.261     1.946
new_n76.in[0] (.names)                                           0.712     2.658
new_n76.out[0] (.names)                                          0.261     2.919
G480.in[1] (.names)                                              0.712     3.631
G480.out[0] (.names)                                             0.261     3.892
out:G480.outpad[0] (.output)                                     0.712     4.604
data arrival time                                                          4.604

clock virtual_io_clock (rise edge)                               0.000     0.000
clock source latency                                             0.000     0.000
clock uncertainty                                                0.000     0.000
output external delay                                            0.000     0.000
data required time                                                         0.000
--------------------------------------------------------------------------------
data required time                                                         0.000
data arrival time                                                         -4.604
--------------------------------------------------------------------------------
slack (VIOLATED)                                                          -4.604


#Path 32
Startpoint: G28.inpad[0] (.input clocked by virtual_io_clock)
Endpoint  : out:G482.outpad[0] (.output clocked by virtual_io_clock)
Path Type : setup

Point                                                             Incr      Path
--------------------------------------------------------------------------------
clock virtual_io_clock (rise edge)                               0.000     0.000
clock source latency                                             0.000     0.000
input external delay                                             0.000     0.000
G28.inpad[0] (.input)                                            0.000     0.000
new_n90.in[0] (.names)                                           0.712     0.712
new_n90.out[0] (.names)                                          0.261     0.973
new_n89.in[2] (.names)                                           0.712     1.685
new_n89.out[0] (.names)                                          0.261     1.946
new_n76.in[0] (.names)                                           0.712     2.658
new_n76.out[0] (.names)                                          0.261     2.919
G482.in[1] (.names)                                              0.712     3.631
G482.out[0] (.names)                                             0.261     3.892
out:G482.outpad[0] (.output)                                     0.712     4.604
data arrival time                                                          4.604

clock virtual_io_clock (rise edge)                               0.000     0.000
clock source latency                                             0.000     0.000
clock uncertainty                                                0.000     0.000
output external delay                                            0.000     0.000
data required time                                                         0.000
--------------------------------------------------------------------------------
data required time                                                         0.000
data arrival time                                                         -4.604
--------------------------------------------------------------------------------
slack (VIOLATED)                                                          -4.604


#End of timing report
