#Timing report of worst 32 path(s)
# Unit scale: 1e-09 seconds
# Output precision: 3

#Path 1
Startpoint: G10.inpad[0] (.input clocked by virtual_io_clock)
Endpoint  : out:G477.outpad[0] (.output clocked by virtual_io_clock)
Path Type : hold

Point                                                             Incr      Path
--------------------------------------------------------------------------------
clock virtual_io_clock (rise edge)                               0.000     0.000
clock source latency                                             0.000     0.000
input external delay                                             0.000     0.000
G10.inpad[0] (.input)                                            0.000     0.000
G477.in[4] (.names)                                              0.348     0.348
G477.out[0] (.names)                                             0.193     0.541
out:G477.outpad[0] (.output)                                     0.479     1.020
data arrival time                                                          1.020

clock virtual_io_clock (rise edge)                               0.000     0.000
clock source latency                                             0.000     0.000
clock uncertainty                                                0.000     0.000
output external delay                                            0.000     0.000
data required time                                                         0.000
--------------------------------------------------------------------------------
data required time                                                        -0.000
data arrival time                                                          1.020
--------------------------------------------------------------------------------
slack (MET)                                                                1.020


#Path 2
Startpoint: G1.inpad[0] (.input clocked by virtual_io_clock)
Endpoint  : out:G468.outpad[0] (.output clocked by virtual_io_clock)
Path Type : hold

Point                                                             Incr      Path
--------------------------------------------------------------------------------
clock virtual_io_clock (rise edge)                               0.000     0.000
clock source latency                                             0.000     0.000
input external delay                                             0.000     0.000
G1.inpad[0] (.input)                                             0.000     0.000
G468.in[4] (.names)                                              0.348     0.348
G468.out[0] (.names)                                             0.193     0.541
out:G468.outpad[0] (.output)                                     0.544     1.085
data arrival time                                                          1.085

clock virtual_io_clock (rise edge)                               0.000     0.000
clock source latency                                             0.000     0.000
clock uncertainty                                                0.000     0.000
output external delay                                            0.000     0.000
data required time                                                         0.000
--------------------------------------------------------------------------------
data required time                                                        -0.000
data arrival time                                                          1.085
--------------------------------------------------------------------------------
slack (MET)                                                                1.085


#Path 3
Startpoint: G2.inpad[0] (.input clocked by virtual_io_clock)
Endpoint  : out:G469.outpad[0] (.output clocked by virtual_io_clock)
Path Type : hold

Point                                                             Incr      Path
--------------------------------------------------------------------------------
clock virtual_io_clock (rise edge)                               0.000     0.000
clock source latency                                             0.000     0.000
input external delay                                             0.000     0.000
G2.inpad[0] (.input)                                             0.000     0.000
G469.in[4] (.names)                                              0.348     0.348
G469.out[0] (.names)                                             0.193     0.541
out:G469.outpad[0] (.output)                                     0.690     1.231
data arrival time                                                          1.231

clock virtual_io_clock (rise edge)                               0.000     0.000
clock source latency                                             0.000     0.000
clock uncertainty                                                0.000     0.000
output external delay                                            0.000     0.000
data required time                                                         0.000
--------------------------------------------------------------------------------
data required time                                                        -0.000
data arrival time                                                          1.231
--------------------------------------------------------------------------------
slack (MET)                                                                1.231


#Path 4
Startpoint: G26.inpad[0] (.input clocked by virtual_io_clock)
Endpoint  : out:G493.outpad[0] (.output clocked by virtual_io_clock)
Path Type : hold

Point                                                             Incr      Path
--------------------------------------------------------------------------------
clock virtual_io_clock (rise edge)                               0.000     0.000
clock source latency                                             0.000     0.000
input external delay                                             0.000     0.000
G26.inpad[0] (.input)                                            0.000     0.000
G493.in[4] (.names)                                              0.538     0.538
G493.out[0] (.names)                                             0.193     0.731
out:G493.outpad[0] (.output)                                     0.548     1.279
data arrival time                                                          1.279

clock virtual_io_clock (rise edge)                               0.000     0.000
clock source latency                                             0.000     0.000
clock uncertainty                                                0.000     0.000
output external delay                                            0.000     0.000
data required time                                                         0.000
--------------------------------------------------------------------------------
data required time                                                        -0.000
data arrival time                                                          1.279
--------------------------------------------------------------------------------
slack (MET)                                                                1.279


#Path 5
Startpoint: G7.inpad[0] (.input clocked by virtual_io_clock)
Endpoint  : out:G474.outpad[0] (.output clocked by virtual_io_clock)
Path Type : hold

Point                                                             Incr      Path
--------------------------------------------------------------------------------
clock virtual_io_clock (rise edge)                               0.000     0.000
clock source latency                                             0.000     0.000
input external delay                                             0.000     0.000
G7.inpad[0] (.input)                                             0.000     0.000
G474.in[4] (.names)                                              0.542     0.542
G474.out[0] (.names)                                             0.193     0.735
out:G474.outpad[0] (.output)                                     0.563     1.298
data arrival time                                                          1.298

clock virtual_io_clock (rise edge)                               0.000     0.000
clock source latency                                             0.000     0.000
clock uncertainty                                                0.000     0.000
output external delay                                            0.000     0.000
data required time                                                         0.000
--------------------------------------------------------------------------------
data required time                                                        -0.000
data arrival time                                                          1.298
--------------------------------------------------------------------------------
slack (MET)                                                                1.298


#Path 6
Startpoint: G22.inpad[0] (.input clocked by virtual_io_clock)
Endpoint  : out:G489.outpad[0] (.output clocked by virtual_io_clock)
Path Type : hold

Point                                                             Incr      Path
--------------------------------------------------------------------------------
clock virtual_io_clock (rise edge)                               0.000     0.000
clock source latency                                             0.000     0.000
input external delay                                             0.000     0.000
G22.inpad[0] (.input)                                            0.000     0.000
G489.in[4] (.names)                                              0.627     0.627
G489.out[0] (.names)                                             0.193     0.820
out:G489.outpad[0] (.output)                                     0.525     1.345
data arrival time                                                          1.345

clock virtual_io_clock (rise edge)                               0.000     0.000
clock source latency                                             0.000     0.000
clock uncertainty                                                0.000     0.000
output external delay                                            0.000     0.000
data required time                                                         0.000
--------------------------------------------------------------------------------
data required time                                                        -0.000
data arrival time                                                          1.345
--------------------------------------------------------------------------------
slack (MET)                                                                1.345


#Path 7
Startpoint: G24.inpad[0] (.input clocked by virtual_io_clock)
Endpoint  : out:G491.outpad[0] (.output clocked by virtual_io_clock)
Path Type : hold

Point                                                             Incr      Path
--------------------------------------------------------------------------------
clock virtual_io_clock (rise edge)                               0.000     0.000
clock source latency                                             0.000     0.000
input external delay                                             0.000     0.000
G24.inpad[0] (.input)                                            0.000     0.000
G491.in[4] (.names)                                              0.551     0.551
G491.out[0] (.names)                                             0.193     0.744
out:G491.outpad[0] (.output)                                     0.631     1.375
data arrival time                                                          1.375

clock virtual_io_clock (rise edge)                               0.000     0.000
clock source latency                                             0.000     0.000
clock uncertainty                                                0.000     0.000
output external delay                                            0.000     0.000
data required time                                                         0.000
--------------------------------------------------------------------------------
data required time                                                        -0.000
data arrival time                                                          1.375
--------------------------------------------------------------------------------
slack (MET)                                                                1.375


#Path 8
Startpoint: G18.inpad[0] (.input clocked by virtual_io_clock)
Endpoint  : out:G485.outpad[0] (.output clocked by virtual_io_clock)
Path Type : hold

Point                                                             Incr      Path
--------------------------------------------------------------------------------
clock virtual_io_clock (rise edge)                               0.000     0.000
clock source latency                                             0.000     0.000
input external delay                                             0.000     0.000
G18.inpad[0] (.input)                                            0.000     0.000
G485.in[4] (.names)                                              0.605     0.605
G485.out[0] (.names)                                             0.193     0.798
out:G485.outpad[0] (.output)                                     0.635     1.433
data arrival time                                                          1.433

clock virtual_io_clock (rise edge)                               0.000     0.000
clock source latency                                             0.000     0.000
clock uncertainty                                                0.000     0.000
output external delay                                            0.000     0.000
data required time                                                         0.000
--------------------------------------------------------------------------------
data required time                                                        -0.000
data arrival time                                                          1.433
--------------------------------------------------------------------------------
slack (MET)                                                                1.433


#Path 9
Startpoint: G12.inpad[0] (.input clocked by virtual_io_clock)
Endpoint  : out:G479.outpad[0] (.output clocked by virtual_io_clock)
Path Type : hold

Point                                                             Incr      Path
--------------------------------------------------------------------------------
clock virtual_io_clock (rise edge)                               0.000     0.000
clock source latency                                             0.000     0.000
input external delay                                             0.000     0.000
G12.inpad[0] (.input)                                            0.000     0.000
G479.in[4] (.names)                                              0.703     0.703
G479.out[0] (.names)                                             0.193     0.896
out:G479.outpad[0] (.output)                                     0.551     1.447
data arrival time                                                          1.447

clock virtual_io_clock (rise edge)                               0.000     0.000
clock source latency                                             0.000     0.000
clock uncertainty                                                0.000     0.000
output external delay                                            0.000     0.000
data required time                                                         0.000
--------------------------------------------------------------------------------
data required time                                                        -0.000
data arrival time                                                          1.447
--------------------------------------------------------------------------------
slack (MET)                                                                1.447


#Path 10
Startpoint: G16.inpad[0] (.input clocked by virtual_io_clock)
Endpoint  : out:G483.outpad[0] (.output clocked by virtual_io_clock)
Path Type : hold

Point                                                             Incr      Path
--------------------------------------------------------------------------------
clock virtual_io_clock (rise edge)                               0.000     0.000
clock source latency                                             0.000     0.000
input external delay                                             0.000     0.000
G16.inpad[0] (.input)                                            0.000     0.000
G483.in[4] (.names)                                              0.675     0.675
G483.out[0] (.names)                                             0.193     0.868
out:G483.outpad[0] (.output)                                     0.582     1.450
data arrival time                                                          1.450

clock virtual_io_clock (rise edge)                               0.000     0.000
clock source latency                                             0.000     0.000
clock uncertainty                                                0.000     0.000
output external delay                                            0.000     0.000
data required time                                                         0.000
--------------------------------------------------------------------------------
data required time                                                        -0.000
data arrival time                                                          1.450
--------------------------------------------------------------------------------
slack (MET)                                                                1.450


#Path 11
Startpoint: G4.inpad[0] (.input clocked by virtual_io_clock)
Endpoint  : out:G471.outpad[0] (.output clocked by virtual_io_clock)
Path Type : hold

Point                                                             Incr      Path
--------------------------------------------------------------------------------
clock virtual_io_clock (rise edge)                               0.000     0.000
clock source latency                                             0.000     0.000
input external delay                                             0.000     0.000
G4.inpad[0] (.input)                                             0.000     0.000
G471.in[4] (.names)                                              0.494     0.494
G471.out[0] (.names)                                             0.193     0.687
out:G471.outpad[0] (.output)                                     0.789     1.476
data arrival time                                                          1.476

clock virtual_io_clock (rise edge)                               0.000     0.000
clock source latency                                             0.000     0.000
clock uncertainty                                                0.000     0.000
output external delay                                            0.000     0.000
data required time                                                         0.000
--------------------------------------------------------------------------------
data required time                                                        -0.000
data arrival time                                                          1.476
--------------------------------------------------------------------------------
slack (MET)                                                                1.476


#Path 12
Startpoint: G5.inpad[0] (.input clocked by virtual_io_clock)
Endpoint  : out:G472.outpad[0] (.output clocked by virtual_io_clock)
Path Type : hold

Point                                                             Incr      Path
--------------------------------------------------------------------------------
clock virtual_io_clock (rise edge)                               0.000     0.000
clock source latency                                             0.000     0.000
input external delay                                             0.000     0.000
G5.inpad[0] (.input)                                             0.000     0.000
G472.in[4] (.names)                                              0.690     0.690
G472.out[0] (.names)                                             0.193     0.883
out:G472.outpad[0] (.output)                                     0.601     1.484
data arrival time                                                          1.484

clock virtual_io_clock (rise edge)                               0.000     0.000
clock source latency                                             0.000     0.000
clock uncertainty                                                0.000     0.000
output external delay                                            0.000     0.000
data required time                                                         0.000
--------------------------------------------------------------------------------
data required time                                                        -0.000
data arrival time                                                          1.484
--------------------------------------------------------------------------------
slack (MET)                                                                1.484


#Path 13
Startpoint: G32.inpad[0] (.input clocked by virtual_io_clock)
Endpoint  : out:G499.outpad[0] (.output clocked by virtual_io_clock)
Path Type : hold

Point                                                             Incr      Path
--------------------------------------------------------------------------------
clock virtual_io_clock (rise edge)                               0.000     0.000
clock source latency                                             0.000     0.000
input external delay                                             0.000     0.000
G32.inpad[0] (.input)                                            0.000     0.000
G499.in[4] (.names)                                              0.627     0.627
G499.out[0] (.names)                                             0.193     0.820
out:G499.outpad[0] (.output)                                     0.677     1.497
data arrival time                                                          1.497

clock virtual_io_clock (rise edge)                               0.000     0.000
clock source latency                                             0.000     0.000
clock uncertainty                                                0.000     0.000
output external delay                                            0.000     0.000
data required time                                                         0.000
--------------------------------------------------------------------------------
data required time                                                        -0.000
data arrival time                                                          1.497
--------------------------------------------------------------------------------
slack (MET)                                                                1.497


#Path 14
Startpoint: G25.inpad[0] (.input clocked by virtual_io_clock)
Endpoint  : out:G492.outpad[0] (.output clocked by virtual_io_clock)
Path Type : hold

Point                                                             Incr      Path
--------------------------------------------------------------------------------
clock virtual_io_clock (rise edge)                               0.000     0.000
clock source latency                                             0.000     0.000
input external delay                                             0.000     0.000
G25.inpad[0] (.input)                                            0.000     0.000
G492.in[4] (.names)                                              0.665     0.665
G492.out[0] (.names)                                             0.193     0.858
out:G492.outpad[0] (.output)                                     0.652     1.510
data arrival time                                                          1.510

clock virtual_io_clock (rise edge)                               0.000     0.000
clock source latency                                             0.000     0.000
clock uncertainty                                                0.000     0.000
output external delay                                            0.000     0.000
data required time                                                         0.000
--------------------------------------------------------------------------------
data required time                                                        -0.000
data arrival time                                                          1.510
--------------------------------------------------------------------------------
slack (MET)                                                                1.510


#Path 15
Startpoint: G19.inpad[0] (.input clocked by virtual_io_clock)
Endpoint  : out:G486.outpad[0] (.output clocked by virtual_io_clock)
Path Type : hold

Point                                                             Incr      Path
--------------------------------------------------------------------------------
clock virtual_io_clock (rise edge)                               0.000     0.000
clock source latency                                             0.000     0.000
input external delay                                             0.000     0.000
G19.inpad[0] (.input)                                            0.000     0.000
G486.in[4] (.names)                                              0.929     0.929
G486.out[0] (.names)                                             0.193     1.122
out:G486.outpad[0] (.output)                                     0.392     1.514
data arrival time                                                          1.514

clock virtual_io_clock (rise edge)                               0.000     0.000
clock source latency                                             0.000     0.000
clock uncertainty                                                0.000     0.000
output external delay                                            0.000     0.000
data required time                                                         0.000
--------------------------------------------------------------------------------
data required time                                                        -0.000
data arrival time                                                          1.514
--------------------------------------------------------------------------------
slack (MET)                                                                1.514


#Path 16
Startpoint: G11.inpad[0] (.input clocked by virtual_io_clock)
Endpoint  : out:G478.outpad[0] (.output clocked by virtual_io_clock)
Path Type : hold

Point                                                             Incr      Path
--------------------------------------------------------------------------------
clock virtual_io_clock (rise edge)                               0.000     0.000
clock source latency                                             0.000     0.000
input external delay                                             0.000     0.000
G11.inpad[0] (.input)                                            0.000     0.000
G478.in[4] (.names)                                              0.770     0.770
G478.out[0] (.names)                                             0.193     0.963
out:G478.outpad[0] (.output)                                     0.551     1.514
data arrival time                                                          1.514

clock virtual_io_clock (rise edge)                               0.000     0.000
clock source latency                                             0.000     0.000
clock uncertainty                                                0.000     0.000
output external delay                                            0.000     0.000
data required time                                                         0.000
--------------------------------------------------------------------------------
data required time                                                        -0.000
data arrival time                                                          1.514
--------------------------------------------------------------------------------
slack (MET)                                                                1.514


#Path 17
Startpoint: G14.inpad[0] (.input clocked by virtual_io_clock)
Endpoint  : out:G481.outpad[0] (.output clocked by virtual_io_clock)
Path Type : hold

Point                                                             Incr      Path
--------------------------------------------------------------------------------
clock virtual_io_clock (rise edge)                               0.000     0.000
clock source latency                                             0.000     0.000
input external delay                                             0.000     0.000
G14.inpad[0] (.input)                                            0.000     0.000
G481.in[4] (.names)                                              0.878     0.878
G481.out[0] (.names)                                             0.193     1.071
out:G481.outpad[0] (.output)                                     0.449     1.520
data arrival time                                                          1.520

clock virtual_io_clock (rise edge)                               0.000     0.000
clock source latency                                             0.000     0.000
clock uncertainty                                                0.000     0.000
output external delay                                            0.000     0.000
data required time                                                         0.000
--------------------------------------------------------------------------------
data required time                                                        -0.000
data arrival time                                                          1.520
--------------------------------------------------------------------------------
slack (MET)                                                                1.520


#Path 18
Startpoint: G28.inpad[0] (.input clocked by virtual_io_clock)
Endpoint  : out:G495.outpad[0] (.output clocked by virtual_io_clock)
Path Type : hold

Point                                                             Incr      Path
--------------------------------------------------------------------------------
clock virtual_io_clock (rise edge)                               0.000     0.000
clock source latency                                             0.000     0.000
input external delay                                             0.000     0.000
G28.inpad[0] (.input)                                            0.000     0.000
G495.in[4] (.names)                                              0.671     0.671
G495.out[0] (.names)                                             0.193     0.864
out:G495.outpad[0] (.output)                                     0.671     1.535
data arrival time                                                          1.535

clock virtual_io_clock (rise edge)                               0.000     0.000
clock source latency                                             0.000     0.000
clock uncertainty                                                0.000     0.000
output external delay                                            0.000     0.000
data required time                                                         0.000
--------------------------------------------------------------------------------
data required time                                                        -0.000
data arrival time                                                          1.535
--------------------------------------------------------------------------------
slack (MET)                                                                1.535


#Path 19
Startpoint: G15.inpad[0] (.input clocked by virtual_io_clock)
Endpoint  : out:G482.outpad[0] (.output clocked by virtual_io_clock)
Path Type : hold

Point                                                             Incr      Path
--------------------------------------------------------------------------------
clock virtual_io_clock (rise edge)                               0.000     0.000
clock source latency                                             0.000     0.000
input external delay                                             0.000     0.000
G15.inpad[0] (.input)                                            0.000     0.000
G482.in[4] (.names)                                              0.589     0.589
G482.out[0] (.names)                                             0.193     0.782
out:G482.outpad[0] (.output)                                     0.763     1.545
data arrival time                                                          1.545

clock virtual_io_clock (rise edge)                               0.000     0.000
clock source latency                                             0.000     0.000
clock uncertainty                                                0.000     0.000
output external delay                                            0.000     0.000
data required time                                                         0.000
--------------------------------------------------------------------------------
data required time                                                        -0.000
data arrival time                                                          1.545
--------------------------------------------------------------------------------
slack (MET)                                                                1.545


#Path 20
Startpoint: G27.inpad[0] (.input clocked by virtual_io_clock)
Endpoint  : out:G494.outpad[0] (.output clocked by virtual_io_clock)
Path Type : hold

Point                                                             Incr      Path
--------------------------------------------------------------------------------
clock virtual_io_clock (rise edge)                               0.000     0.000
clock source latency                                             0.000     0.000
input external delay                                             0.000     0.000
G27.inpad[0] (.input)                                            0.000     0.000
G494.in[4] (.names)                                              0.570     0.570
G494.out[0] (.names)                                             0.193     0.763
out:G494.outpad[0] (.output)                                     0.789     1.552
data arrival time                                                          1.552

clock virtual_io_clock (rise edge)                               0.000     0.000
clock source latency                                             0.000     0.000
clock uncertainty                                                0.000     0.000
output external delay                                            0.000     0.000
data required time                                                         0.000
--------------------------------------------------------------------------------
data required time                                                        -0.000
data arrival time                                                          1.552
--------------------------------------------------------------------------------
slack (MET)                                                                1.552


#Path 21
Startpoint: G21.inpad[0] (.input clocked by virtual_io_clock)
Endpoint  : out:G488.outpad[0] (.output clocked by virtual_io_clock)
Path Type : hold

Point                                                             Incr      Path
--------------------------------------------------------------------------------
clock virtual_io_clock (rise edge)                               0.000     0.000
clock source latency                                             0.000     0.000
input external delay                                             0.000     0.000
G21.inpad[0] (.input)                                            0.000     0.000
G488.in[4] (.names)                                              0.551     0.551
G488.out[0] (.names)                                             0.193     0.744
out:G488.outpad[0] (.output)                                     0.808     1.552
data arrival time                                                          1.552

clock virtual_io_clock (rise edge)                               0.000     0.000
clock source latency                                             0.000     0.000
clock uncertainty                                                0.000     0.000
output external delay                                            0.000     0.000
data required time                                                         0.000
--------------------------------------------------------------------------------
data required time                                                        -0.000
data arrival time                                                          1.552
--------------------------------------------------------------------------------
slack (MET)                                                                1.552


#Path 22
Startpoint: G9.inpad[0] (.input clocked by virtual_io_clock)
Endpoint  : out:G476.outpad[0] (.output clocked by virtual_io_clock)
Path Type : hold

Point                                                             Incr      Path
--------------------------------------------------------------------------------
clock virtual_io_clock (rise edge)                               0.000     0.000
clock source latency                                             0.000     0.000
input external delay                                             0.000     0.000
G9.inpad[0] (.input)                                             0.000     0.000
G476.in[4] (.names)                                              0.722     0.722
G476.out[0] (.names)                                             0.193     0.915
out:G476.outpad[0] (.output)                                     0.639     1.554
data arrival time                                                          1.554

clock virtual_io_clock (rise edge)                               0.000     0.000
clock source latency                                             0.000     0.000
clock uncertainty                                                0.000     0.000
output external delay                                            0.000     0.000
data required time                                                         0.000
--------------------------------------------------------------------------------
data required time                                                        -0.000
data arrival time                                                          1.554
--------------------------------------------------------------------------------
slack (MET)                                                                1.554


#Path 23
Startpoint: G31.inpad[0] (.input clocked by virtual_io_clock)
Endpoint  : out:G498.outpad[0] (.output clocked by virtual_io_clock)
Path Type : hold

Point                                                             Incr      Path
--------------------------------------------------------------------------------
clock virtual_io_clock (rise edge)                               0.000     0.000
clock source latency                                             0.000     0.000
input external delay                                             0.000     0.000
G31.inpad[0] (.input)                                            0.000     0.000
G498.in[4] (.names)                                              0.745     0.745
G498.out[0] (.names)                                             0.193     0.938
out:G498.outpad[0] (.output)                                     0.633     1.571
data arrival time                                                          1.571

clock virtual_io_clock (rise edge)                               0.000     0.000
clock source latency                                             0.000     0.000
clock uncertainty                                                0.000     0.000
output external delay                                            0.000     0.000
data required time                                                         0.000
--------------------------------------------------------------------------------
data required time                                                        -0.000
data arrival time                                                          1.571
--------------------------------------------------------------------------------
slack (MET)                                                                1.571


#Path 24
Startpoint: G3.inpad[0] (.input clocked by virtual_io_clock)
Endpoint  : out:G470.outpad[0] (.output clocked by virtual_io_clock)
Path Type : hold

Point                                                             Incr      Path
--------------------------------------------------------------------------------
clock virtual_io_clock (rise edge)                               0.000     0.000
clock source latency                                             0.000     0.000
input external delay                                             0.000     0.000
G3.inpad[0] (.input)                                             0.000     0.000
G470.in[4] (.names)                                              0.700     0.700
G470.out[0] (.names)                                             0.193     0.893
out:G470.outpad[0] (.output)                                     0.735     1.628
data arrival time                                                          1.628

clock virtual_io_clock (rise edge)                               0.000     0.000
clock source latency                                             0.000     0.000
clock uncertainty                                                0.000     0.000
output external delay                                            0.000     0.000
data required time                                                         0.000
--------------------------------------------------------------------------------
data required time                                                        -0.000
data arrival time                                                          1.628
--------------------------------------------------------------------------------
slack (MET)                                                                1.628


#Path 25
Startpoint: G30.inpad[0] (.input clocked by virtual_io_clock)
Endpoint  : out:G497.outpad[0] (.output clocked by virtual_io_clock)
Path Type : hold

Point                                                             Incr      Path
--------------------------------------------------------------------------------
clock virtual_io_clock (rise edge)                               0.000     0.000
clock source latency                                             0.000     0.000
input external delay                                             0.000     0.000
G30.inpad[0] (.input)                                            0.000     0.000
G497.in[4] (.names)                                              0.808     0.808
G497.out[0] (.names)                                             0.193     1.001
out:G497.outpad[0] (.output)                                     0.677     1.678
data arrival time                                                          1.678

clock virtual_io_clock (rise edge)                               0.000     0.000
clock source latency                                             0.000     0.000
clock uncertainty                                                0.000     0.000
output external delay                                            0.000     0.000
data required time                                                         0.000
--------------------------------------------------------------------------------
data required time                                                        -0.000
data arrival time                                                          1.678
--------------------------------------------------------------------------------
slack (MET)                                                                1.678


#Path 26
Startpoint: G17.inpad[0] (.input clocked by virtual_io_clock)
Endpoint  : out:G484.outpad[0] (.output clocked by virtual_io_clock)
Path Type : hold

Point                                                             Incr      Path
--------------------------------------------------------------------------------
clock virtual_io_clock (rise edge)                               0.000     0.000
clock source latency                                             0.000     0.000
input external delay                                             0.000     0.000
G17.inpad[0] (.input)                                            0.000     0.000
G484.in[4] (.names)                                              0.627     0.627
G484.out[0] (.names)                                             0.193     0.820
out:G484.outpad[0] (.output)                                     0.875     1.695
data arrival time                                                          1.695

clock virtual_io_clock (rise edge)                               0.000     0.000
clock source latency                                             0.000     0.000
clock uncertainty                                                0.000     0.000
output external delay                                            0.000     0.000
data required time                                                         0.000
--------------------------------------------------------------------------------
data required time                                                        -0.000
data arrival time                                                          1.695
--------------------------------------------------------------------------------
slack (MET)                                                                1.695


#Path 27
Startpoint: G20.inpad[0] (.input clocked by virtual_io_clock)
Endpoint  : out:G487.outpad[0] (.output clocked by virtual_io_clock)
Path Type : hold

Point                                                             Incr      Path
--------------------------------------------------------------------------------
clock virtual_io_clock (rise edge)                               0.000     0.000
clock source latency                                             0.000     0.000
input external delay                                             0.000     0.000
G20.inpad[0] (.input)                                            0.000     0.000
G487.in[4] (.names)                                              0.726     0.726
G487.out[0] (.names)                                             0.193     0.919
out:G487.outpad[0] (.output)                                     0.840     1.759
data arrival time                                                          1.759

clock virtual_io_clock (rise edge)                               0.000     0.000
clock source latency                                             0.000     0.000
clock uncertainty                                                0.000     0.000
output external delay                                            0.000     0.000
data required time                                                         0.000
--------------------------------------------------------------------------------
data required time                                                        -0.000
data arrival time                                                          1.759
--------------------------------------------------------------------------------
slack (MET)                                                                1.759


#Path 28
Startpoint: G29.inpad[0] (.input clocked by virtual_io_clock)
Endpoint  : out:G496.outpad[0] (.output clocked by virtual_io_clock)
Path Type : hold

Point                                                             Incr      Path
--------------------------------------------------------------------------------
clock virtual_io_clock (rise edge)                               0.000     0.000
clock source latency                                             0.000     0.000
input external delay                                             0.000     0.000
G29.inpad[0] (.input)                                            0.000     0.000
G496.in[4] (.names)                                              0.808     0.808
G496.out[0] (.names)                                             0.193     1.001
out:G496.outpad[0] (.output)                                     0.766     1.767
data arrival time                                                          1.767

clock virtual_io_clock (rise edge)                               0.000     0.000
clock source latency                                             0.000     0.000
clock uncertainty                                                0.000     0.000
output external delay                                            0.000     0.000
data required time                                                         0.000
--------------------------------------------------------------------------------
data required time                                                        -0.000
data arrival time                                                          1.767
--------------------------------------------------------------------------------
slack (MET)                                                                1.767


#Path 29
Startpoint: G23.inpad[0] (.input clocked by virtual_io_clock)
Endpoint  : out:G490.outpad[0] (.output clocked by virtual_io_clock)
Path Type : hold

Point                                                             Incr      Path
--------------------------------------------------------------------------------
clock virtual_io_clock (rise edge)                               0.000     0.000
clock source latency                                             0.000     0.000
input external delay                                             0.000     0.000
G23.inpad[0] (.input)                                            0.000     0.000
G490.in[4] (.names)                                              0.697     0.697
G490.out[0] (.names)                                             0.193     0.890
out:G490.outpad[0] (.output)                                     0.878     1.768
data arrival time                                                          1.768

clock virtual_io_clock (rise edge)                               0.000     0.000
clock source latency                                             0.000     0.000
clock uncertainty                                                0.000     0.000
output external delay                                            0.000     0.000
data required time                                                         0.000
--------------------------------------------------------------------------------
data required time                                                        -0.000
data arrival time                                                          1.768
--------------------------------------------------------------------------------
slack (MET)                                                                1.768


#Path 30
Startpoint: G13.inpad[0] (.input clocked by virtual_io_clock)
Endpoint  : out:G480.outpad[0] (.output clocked by virtual_io_clock)
Path Type : hold

Point                                                             Incr      Path
--------------------------------------------------------------------------------
clock virtual_io_clock (rise edge)                               0.000     0.000
clock source latency                                             0.000     0.000
input external delay                                             0.000     0.000
G13.inpad[0] (.input)                                            0.000     0.000
G480.in[4] (.names)                                              0.735     0.735
G480.out[0] (.names)                                             0.193     0.928
out:G480.outpad[0] (.output)                                     0.862     1.790
data arrival time                                                          1.790

clock virtual_io_clock (rise edge)                               0.000     0.000
clock source latency                                             0.000     0.000
clock uncertainty                                                0.000     0.000
output external delay                                            0.000     0.000
data required time                                                         0.000
--------------------------------------------------------------------------------
data required time                                                        -0.000
data arrival time                                                          1.790
--------------------------------------------------------------------------------
slack (MET)                                                                1.790


#Path 31
Startpoint: G8.inpad[0] (.input clocked by virtual_io_clock)
Endpoint  : out:G475.outpad[0] (.output clocked by virtual_io_clock)
Path Type : hold

Point                                                             Incr      Path
--------------------------------------------------------------------------------
clock virtual_io_clock (rise edge)                               0.000     0.000
clock source latency                                             0.000     0.000
input external delay                                             0.000     0.000
G8.inpad[0] (.input)                                             0.000     0.000
G475.in[4] (.names)                                              0.999     0.999
G475.out[0] (.names)                                             0.193     1.192
out:G475.outpad[0] (.output)                                     0.797     1.989
data arrival time                                                          1.989

clock virtual_io_clock (rise edge)                               0.000     0.000
clock source latency                                             0.000     0.000
clock uncertainty                                                0.000     0.000
output external delay                                            0.000     0.000
data required time                                                         0.000
--------------------------------------------------------------------------------
data required time                                                        -0.000
data arrival time                                                          1.989
--------------------------------------------------------------------------------
slack (MET)                                                                1.989


#Path 32
Startpoint: G6.inpad[0] (.input clocked by virtual_io_clock)
Endpoint  : out:G473.outpad[0] (.output clocked by virtual_io_clock)
Path Type : hold

Point                                                             Incr      Path
--------------------------------------------------------------------------------
clock virtual_io_clock (rise edge)                               0.000     0.000
clock source latency                                             0.000     0.000
input external delay                                             0.000     0.000
G6.inpad[0] (.input)                                             0.000     0.000
G473.in[4] (.names)                                              1.131     1.131
G473.out[0] (.names)                                             0.193     1.324
out:G473.outpad[0] (.output)                                     0.840     2.164
data arrival time                                                          2.164

clock virtual_io_clock (rise edge)                               0.000     0.000
clock source latency                                             0.000     0.000
clock uncertainty                                                0.000     0.000
output external delay                                            0.000     0.000
data required time                                                         0.000
--------------------------------------------------------------------------------
data required time                                                        -0.000
data arrival time                                                          2.164
--------------------------------------------------------------------------------
slack (MET)                                                                2.164


#End of timing report
