#Timing report of worst 32 path(s)
# Unit scale: 1e-09 seconds
# Output precision: 3

#Path 1
Startpoint: G13.inpad[0] (.input clocked by virtual_io_clock)
Endpoint  : out:G473.outpad[0] (.output clocked by virtual_io_clock)
Path Type : setup

Point                                                             Incr      Path
--------------------------------------------------------------------------------
clock virtual_io_clock (rise edge)                               0.000     0.000
clock source latency                                             0.000     0.000
input external delay                                             0.000     0.000
G13.inpad[0] (.input)                                            0.000     0.000
new_n88.in[3] (.names)                                           0.865     0.865
new_n88.out[0] (.names)                                          0.261     1.126
new_n87.in[4] (.names)                                           0.201     1.327
new_n87.out[0] (.names)                                          0.261     1.588
new_n76.in[4] (.names)                                           0.575     2.163
new_n76.out[0] (.names)                                          0.261     2.424
G473.in[1] (.names)                                              0.296     2.720
G473.out[0] (.names)                                             0.261     2.981
out:G473.outpad[0] (.output)                                     0.840     3.821
data arrival time                                                          3.821

clock virtual_io_clock (rise edge)                               0.000     0.000
clock source latency                                             0.000     0.000
clock uncertainty                                                0.000     0.000
output external delay                                            0.000     0.000
data required time                                                         0.000
--------------------------------------------------------------------------------
data required time                                                         0.000
data arrival time                                                         -3.821
--------------------------------------------------------------------------------
slack (VIOLATED)                                                          -3.821


#Path 2
Startpoint: G13.inpad[0] (.input clocked by virtual_io_clock)
Endpoint  : out:G475.outpad[0] (.output clocked by virtual_io_clock)
Path Type : setup

Point                                                             Incr      Path
--------------------------------------------------------------------------------
clock virtual_io_clock (rise edge)                               0.000     0.000
clock source latency                                             0.000     0.000
input external delay                                             0.000     0.000
G13.inpad[0] (.input)                                            0.000     0.000
new_n88.in[3] (.names)                                           0.865     0.865
new_n88.out[0] (.names)                                          0.261     1.126
new_n87.in[4] (.names)                                           0.201     1.327
new_n87.out[0] (.names)                                          0.261     1.588
new_n76.in[4] (.names)                                           0.575     2.163
new_n76.out[0] (.names)                                          0.261     2.424
G475.in[1] (.names)                                              0.296     2.720
G475.out[0] (.names)                                             0.261     2.981
out:G475.outpad[0] (.output)                                     0.797     3.778
data arrival time                                                          3.778

clock virtual_io_clock (rise edge)                               0.000     0.000
clock source latency                                             0.000     0.000
clock uncertainty                                                0.000     0.000
output external delay                                            0.000     0.000
data required time                                                         0.000
--------------------------------------------------------------------------------
data required time                                                         0.000
data arrival time                                                         -3.778
--------------------------------------------------------------------------------
slack (VIOLATED)                                                          -3.778


#Path 3
Startpoint: G13.inpad[0] (.input clocked by virtual_io_clock)
Endpoint  : out:G471.outpad[0] (.output clocked by virtual_io_clock)
Path Type : setup

Point                                                             Incr      Path
--------------------------------------------------------------------------------
clock virtual_io_clock (rise edge)                               0.000     0.000
clock source latency                                             0.000     0.000
input external delay                                             0.000     0.000
G13.inpad[0] (.input)                                            0.000     0.000
new_n88.in[3] (.names)                                           0.865     0.865
new_n88.out[0] (.names)                                          0.261     1.126
new_n87.in[4] (.names)                                           0.201     1.327
new_n87.out[0] (.names)                                          0.261     1.588
new_n105.in[3] (.names)                                          0.575     2.163
new_n105.out[0] (.names)                                         0.261     2.424
G471.in[2] (.names)                                              0.296     2.720
G471.out[0] (.names)                                             0.261     2.981
out:G471.outpad[0] (.output)                                     0.789     3.770
data arrival time                                                          3.770

clock virtual_io_clock (rise edge)                               0.000     0.000
clock source latency                                             0.000     0.000
clock uncertainty                                                0.000     0.000
output external delay                                            0.000     0.000
data required time                                                         0.000
--------------------------------------------------------------------------------
data required time                                                         0.000
data arrival time                                                         -3.770
--------------------------------------------------------------------------------
slack (VIOLATED)                                                          -3.770


#Path 4
Startpoint: G13.inpad[0] (.input clocked by virtual_io_clock)
Endpoint  : out:G480.outpad[0] (.output clocked by virtual_io_clock)
Path Type : setup

Point                                                             Incr      Path
--------------------------------------------------------------------------------
clock virtual_io_clock (rise edge)                               0.000     0.000
clock source latency                                             0.000     0.000
input external delay                                             0.000     0.000
G13.inpad[0] (.input)                                            0.000     0.000
new_n88.in[3] (.names)                                           0.865     0.865
new_n88.out[0] (.names)                                          0.261     1.126
new_n87.in[4] (.names)                                           0.201     1.327
new_n87.out[0] (.names)                                          0.261     1.588
new_n76.in[4] (.names)                                           0.575     2.163
new_n76.out[0] (.names)                                          0.261     2.424
G480.in[1] (.names)                                              0.201     2.625
G480.out[0] (.names)                                             0.261     2.886
out:G480.outpad[0] (.output)                                     0.862     3.748
data arrival time                                                          3.748

clock virtual_io_clock (rise edge)                               0.000     0.000
clock source latency                                             0.000     0.000
clock uncertainty                                                0.000     0.000
output external delay                                            0.000     0.000
data required time                                                         0.000
--------------------------------------------------------------------------------
data required time                                                         0.000
data arrival time                                                         -3.748
--------------------------------------------------------------------------------
slack (VIOLATED)                                                          -3.748


#Path 5
Startpoint: G13.inpad[0] (.input clocked by virtual_io_clock)
Endpoint  : out:G470.outpad[0] (.output clocked by virtual_io_clock)
Path Type : setup

Point                                                             Incr      Path
--------------------------------------------------------------------------------
clock virtual_io_clock (rise edge)                               0.000     0.000
clock source latency                                             0.000     0.000
input external delay                                             0.000     0.000
G13.inpad[0] (.input)                                            0.000     0.000
new_n88.in[3] (.names)                                           0.865     0.865
new_n88.out[0] (.names)                                          0.261     1.126
new_n87.in[4] (.names)                                           0.201     1.327
new_n87.out[0] (.names)                                          0.261     1.588
new_n105.in[3] (.names)                                          0.575     2.163
new_n105.out[0] (.names)                                         0.261     2.424
G470.in[2] (.names)                                              0.296     2.720
G470.out[0] (.names)                                             0.261     2.981
out:G470.outpad[0] (.output)                                     0.735     3.716
data arrival time                                                          3.716

clock virtual_io_clock (rise edge)                               0.000     0.000
clock source latency                                             0.000     0.000
clock uncertainty                                                0.000     0.000
output external delay                                            0.000     0.000
data required time                                                         0.000
--------------------------------------------------------------------------------
data required time                                                         0.000
data arrival time                                                         -3.716
--------------------------------------------------------------------------------
slack (VIOLATED)                                                          -3.716


#Path 6
Startpoint: G13.inpad[0] (.input clocked by virtual_io_clock)
Endpoint  : out:G469.outpad[0] (.output clocked by virtual_io_clock)
Path Type : setup

Point                                                             Incr      Path
--------------------------------------------------------------------------------
clock virtual_io_clock (rise edge)                               0.000     0.000
clock source latency                                             0.000     0.000
input external delay                                             0.000     0.000
G13.inpad[0] (.input)                                            0.000     0.000
new_n88.in[3] (.names)                                           0.865     0.865
new_n88.out[0] (.names)                                          0.261     1.126
new_n87.in[4] (.names)                                           0.201     1.327
new_n87.out[0] (.names)                                          0.261     1.588
new_n105.in[3] (.names)                                          0.575     2.163
new_n105.out[0] (.names)                                         0.261     2.424
G469.in[2] (.names)                                              0.296     2.720
G469.out[0] (.names)                                             0.261     2.981
out:G469.outpad[0] (.output)                                     0.690     3.671
data arrival time                                                          3.671

clock virtual_io_clock (rise edge)                               0.000     0.000
clock source latency                                             0.000     0.000
clock uncertainty                                                0.000     0.000
output external delay                                            0.000     0.000
data required time                                                         0.000
--------------------------------------------------------------------------------
data required time                                                         0.000
data arrival time                                                         -3.671
--------------------------------------------------------------------------------
slack (VIOLATED)                                                          -3.671


#Path 7
Startpoint: G13.inpad[0] (.input clocked by virtual_io_clock)
Endpoint  : out:G482.outpad[0] (.output clocked by virtual_io_clock)
Path Type : setup

Point                                                             Incr      Path
--------------------------------------------------------------------------------
clock virtual_io_clock (rise edge)                               0.000     0.000
clock source latency                                             0.000     0.000
input external delay                                             0.000     0.000
G13.inpad[0] (.input)                                            0.000     0.000
new_n88.in[3] (.names)                                           0.865     0.865
new_n88.out[0] (.names)                                          0.261     1.126
new_n87.in[4] (.names)                                           0.201     1.327
new_n87.out[0] (.names)                                          0.261     1.588
new_n76.in[4] (.names)                                           0.575     2.163
new_n76.out[0] (.names)                                          0.261     2.424
G482.in[1] (.names)                                              0.201     2.625
G482.out[0] (.names)                                             0.261     2.886
out:G482.outpad[0] (.output)                                     0.763     3.649
data arrival time                                                          3.649

clock virtual_io_clock (rise edge)                               0.000     0.000
clock source latency                                             0.000     0.000
clock uncertainty                                                0.000     0.000
output external delay                                            0.000     0.000
data required time                                                         0.000
--------------------------------------------------------------------------------
data required time                                                         0.000
data arrival time                                                         -3.649
--------------------------------------------------------------------------------
slack (VIOLATED)                                                          -3.649


#Path 8
Startpoint: G13.inpad[0] (.input clocked by virtual_io_clock)
Endpoint  : out:G472.outpad[0] (.output clocked by virtual_io_clock)
Path Type : setup

Point                                                             Incr      Path
--------------------------------------------------------------------------------
clock virtual_io_clock (rise edge)                               0.000     0.000
clock source latency                                             0.000     0.000
input external delay                                             0.000     0.000
G13.inpad[0] (.input)                                            0.000     0.000
new_n88.in[3] (.names)                                           0.865     0.865
new_n88.out[0] (.names)                                          0.261     1.126
new_n87.in[4] (.names)                                           0.201     1.327
new_n87.out[0] (.names)                                          0.261     1.588
new_n76.in[4] (.names)                                           0.575     2.163
new_n76.out[0] (.names)                                          0.261     2.424
G472.in[1] (.names)                                              0.296     2.720
G472.out[0] (.names)                                             0.261     2.981
out:G472.outpad[0] (.output)                                     0.601     3.582
data arrival time                                                          3.582

clock virtual_io_clock (rise edge)                               0.000     0.000
clock source latency                                             0.000     0.000
clock uncertainty                                                0.000     0.000
output external delay                                            0.000     0.000
data required time                                                         0.000
--------------------------------------------------------------------------------
data required time                                                         0.000
data arrival time                                                         -3.582
--------------------------------------------------------------------------------
slack (VIOLATED)                                                          -3.582


#Path 9
Startpoint: G6.inpad[0] (.input clocked by virtual_io_clock)
Endpoint  : out:G490.outpad[0] (.output clocked by virtual_io_clock)
Path Type : setup

Point                                                             Incr      Path
--------------------------------------------------------------------------------
clock virtual_io_clock (rise edge)                               0.000     0.000
clock source latency                                             0.000     0.000
input external delay                                             0.000     0.000
G6.inpad[0] (.input)                                             0.000     0.000
new_n91.in[0] (.names)                                           0.903     0.903
new_n91.out[0] (.names)                                          0.261     1.164
new_n89.in[3] (.names)                                           0.201     1.365
new_n89.out[0] (.names)                                          0.261     1.626
new_n126.in[1] (.names)                                          0.334     1.960
new_n126.out[0] (.names)                                         0.261     2.221
G490.in[2] (.names)                                              0.201     2.422
G490.out[0] (.names)                                             0.261     2.683
out:G490.outpad[0] (.output)                                     0.878     3.561
data arrival time                                                          3.561

clock virtual_io_clock (rise edge)                               0.000     0.000
clock source latency                                             0.000     0.000
clock uncertainty                                                0.000     0.000
output external delay                                            0.000     0.000
data required time                                                         0.000
--------------------------------------------------------------------------------
data required time                                                         0.000
data arrival time                                                         -3.561
--------------------------------------------------------------------------------
slack (VIOLATED)                                                          -3.561


#Path 10
Startpoint: G6.inpad[0] (.input clocked by virtual_io_clock)
Endpoint  : out:G484.outpad[0] (.output clocked by virtual_io_clock)
Path Type : setup

Point                                                             Incr      Path
--------------------------------------------------------------------------------
clock virtual_io_clock (rise edge)                               0.000     0.000
clock source latency                                             0.000     0.000
input external delay                                             0.000     0.000
G6.inpad[0] (.input)                                             0.000     0.000
new_n91.in[0] (.names)                                           0.903     0.903
new_n91.out[0] (.names)                                          0.261     1.164
new_n89.in[3] (.names)                                           0.201     1.365
new_n89.out[0] (.names)                                          0.261     1.626
new_n121.in[0] (.names)                                          0.334     1.960
new_n121.out[0] (.names)                                         0.261     2.221
G484.in[3] (.names)                                              0.201     2.422
G484.out[0] (.names)                                             0.261     2.683
out:G484.outpad[0] (.output)                                     0.875     3.558
data arrival time                                                          3.558

clock virtual_io_clock (rise edge)                               0.000     0.000
clock source latency                                             0.000     0.000
clock uncertainty                                                0.000     0.000
output external delay                                            0.000     0.000
data required time                                                         0.000
--------------------------------------------------------------------------------
data required time                                                         0.000
data arrival time                                                         -3.558
--------------------------------------------------------------------------------
slack (VIOLATED)                                                          -3.558


#Path 11
Startpoint: G13.inpad[0] (.input clocked by virtual_io_clock)
Endpoint  : out:G474.outpad[0] (.output clocked by virtual_io_clock)
Path Type : setup

Point                                                             Incr      Path
--------------------------------------------------------------------------------
clock virtual_io_clock (rise edge)                               0.000     0.000
clock source latency                                             0.000     0.000
input external delay                                             0.000     0.000
G13.inpad[0] (.input)                                            0.000     0.000
new_n88.in[3] (.names)                                           0.865     0.865
new_n88.out[0] (.names)                                          0.261     1.126
new_n87.in[4] (.names)                                           0.201     1.327
new_n87.out[0] (.names)                                          0.261     1.588
new_n76.in[4] (.names)                                           0.575     2.163
new_n76.out[0] (.names)                                          0.261     2.424
G474.in[1] (.names)                                              0.296     2.720
G474.out[0] (.names)                                             0.261     2.981
out:G474.outpad[0] (.output)                                     0.563     3.544
data arrival time                                                          3.544

clock virtual_io_clock (rise edge)                               0.000     0.000
clock source latency                                             0.000     0.000
clock uncertainty                                                0.000     0.000
output external delay                                            0.000     0.000
data required time                                                         0.000
--------------------------------------------------------------------------------
data required time                                                         0.000
data arrival time                                                         -3.544
--------------------------------------------------------------------------------
slack (VIOLATED)                                                          -3.544


#Path 12
Startpoint: G13.inpad[0] (.input clocked by virtual_io_clock)
Endpoint  : out:G476.outpad[0] (.output clocked by virtual_io_clock)
Path Type : setup

Point                                                             Incr      Path
--------------------------------------------------------------------------------
clock virtual_io_clock (rise edge)                               0.000     0.000
clock source latency                                             0.000     0.000
input external delay                                             0.000     0.000
G13.inpad[0] (.input)                                            0.000     0.000
new_n88.in[3] (.names)                                           0.865     0.865
new_n88.out[0] (.names)                                          0.261     1.126
new_n87.in[4] (.names)                                           0.201     1.327
new_n87.out[0] (.names)                                          0.261     1.588
new_n105.in[3] (.names)                                          0.575     2.163
new_n105.out[0] (.names)                                         0.261     2.424
G476.in[3] (.names)                                              0.201     2.625
G476.out[0] (.names)                                             0.261     2.886
out:G476.outpad[0] (.output)                                     0.639     3.525
data arrival time                                                          3.525

clock virtual_io_clock (rise edge)                               0.000     0.000
clock source latency                                             0.000     0.000
clock uncertainty                                                0.000     0.000
output external delay                                            0.000     0.000
data required time                                                         0.000
--------------------------------------------------------------------------------
data required time                                                         0.000
data arrival time                                                         -3.525
--------------------------------------------------------------------------------
slack (VIOLATED)                                                          -3.525


#Path 13
Startpoint: G13.inpad[0] (.input clocked by virtual_io_clock)
Endpoint  : out:G468.outpad[0] (.output clocked by virtual_io_clock)
Path Type : setup

Point                                                             Incr      Path
--------------------------------------------------------------------------------
clock virtual_io_clock (rise edge)                               0.000     0.000
clock source latency                                             0.000     0.000
input external delay                                             0.000     0.000
G13.inpad[0] (.input)                                            0.000     0.000
new_n88.in[3] (.names)                                           0.865     0.865
new_n88.out[0] (.names)                                          0.261     1.126
new_n87.in[4] (.names)                                           0.201     1.327
new_n87.out[0] (.names)                                          0.261     1.588
new_n105.in[3] (.names)                                          0.575     2.163
new_n105.out[0] (.names)                                         0.261     2.424
G468.in[2] (.names)                                              0.296     2.720
G468.out[0] (.names)                                             0.261     2.981
out:G468.outpad[0] (.output)                                     0.544     3.525
data arrival time                                                          3.525

clock virtual_io_clock (rise edge)                               0.000     0.000
clock source latency                                             0.000     0.000
clock uncertainty                                                0.000     0.000
output external delay                                            0.000     0.000
data required time                                                         0.000
--------------------------------------------------------------------------------
data required time                                                         0.000
data arrival time                                                         -3.525
--------------------------------------------------------------------------------
slack (VIOLATED)                                                          -3.525


#Path 14
Startpoint: G6.inpad[0] (.input clocked by virtual_io_clock)
Endpoint  : out:G487.outpad[0] (.output clocked by virtual_io_clock)
Path Type : setup

Point                                                             Incr      Path
--------------------------------------------------------------------------------
clock virtual_io_clock (rise edge)                               0.000     0.000
clock source latency                                             0.000     0.000
input external delay                                             0.000     0.000
G6.inpad[0] (.input)                                             0.000     0.000
new_n91.in[0] (.names)                                           0.903     0.903
new_n91.out[0] (.names)                                          0.261     1.164
new_n89.in[3] (.names)                                           0.201     1.365
new_n89.out[0] (.names)                                          0.261     1.626
new_n121.in[0] (.names)                                          0.334     1.960
new_n121.out[0] (.names)                                         0.261     2.221
G487.in[3] (.names)                                              0.201     2.422
G487.out[0] (.names)                                             0.261     2.683
out:G487.outpad[0] (.output)                                     0.840     3.523
data arrival time                                                          3.523

clock virtual_io_clock (rise edge)                               0.000     0.000
clock source latency                                             0.000     0.000
clock uncertainty                                                0.000     0.000
output external delay                                            0.000     0.000
data required time                                                         0.000
--------------------------------------------------------------------------------
data required time                                                         0.000
data arrival time                                                         -3.523
--------------------------------------------------------------------------------
slack (VIOLATED)                                                          -3.523


#Path 15
Startpoint: G6.inpad[0] (.input clocked by virtual_io_clock)
Endpoint  : out:G485.outpad[0] (.output clocked by virtual_io_clock)
Path Type : setup

Point                                                             Incr      Path
--------------------------------------------------------------------------------
clock virtual_io_clock (rise edge)                               0.000     0.000
clock source latency                                             0.000     0.000
input external delay                                             0.000     0.000
G6.inpad[0] (.input)                                             0.000     0.000
new_n91.in[0] (.names)                                           0.903     0.903
new_n91.out[0] (.names)                                          0.261     1.164
new_n89.in[3] (.names)                                           0.201     1.365
new_n89.out[0] (.names)                                          0.261     1.626
new_n121.in[0] (.names)                                          0.334     1.960
new_n121.out[0] (.names)                                         0.261     2.221
G485.in[3] (.names)                                              0.404     2.625
G485.out[0] (.names)                                             0.261     2.886
out:G485.outpad[0] (.output)                                     0.635     3.521
data arrival time                                                          3.521

clock virtual_io_clock (rise edge)                               0.000     0.000
clock source latency                                             0.000     0.000
clock uncertainty                                                0.000     0.000
output external delay                                            0.000     0.000
data required time                                                         0.000
--------------------------------------------------------------------------------
data required time                                                         0.000
data arrival time                                                         -3.521
--------------------------------------------------------------------------------
slack (VIOLATED)                                                          -3.521


#Path 16
Startpoint: G6.inpad[0] (.input clocked by virtual_io_clock)
Endpoint  : out:G488.outpad[0] (.output clocked by virtual_io_clock)
Path Type : setup

Point                                                             Incr      Path
--------------------------------------------------------------------------------
clock virtual_io_clock (rise edge)                               0.000     0.000
clock source latency                                             0.000     0.000
input external delay                                             0.000     0.000
G6.inpad[0] (.input)                                             0.000     0.000
new_n91.in[0] (.names)                                           0.903     0.903
new_n91.out[0] (.names)                                          0.261     1.164
new_n89.in[3] (.names)                                           0.201     1.365
new_n89.out[0] (.names)                                          0.261     1.626
new_n126.in[1] (.names)                                          0.334     1.960
new_n126.out[0] (.names)                                         0.261     2.221
G488.in[2] (.names)                                              0.201     2.422
G488.out[0] (.names)                                             0.261     2.683
out:G488.outpad[0] (.output)                                     0.808     3.491
data arrival time                                                          3.491

clock virtual_io_clock (rise edge)                               0.000     0.000
clock source latency                                             0.000     0.000
clock uncertainty                                                0.000     0.000
output external delay                                            0.000     0.000
data required time                                                         0.000
--------------------------------------------------------------------------------
data required time                                                         0.000
data arrival time                                                         -3.491
--------------------------------------------------------------------------------
slack (VIOLATED)                                                          -3.491


#Path 17
Startpoint: G6.inpad[0] (.input clocked by virtual_io_clock)
Endpoint  : out:G494.outpad[0] (.output clocked by virtual_io_clock)
Path Type : setup

Point                                                             Incr      Path
--------------------------------------------------------------------------------
clock virtual_io_clock (rise edge)                               0.000     0.000
clock source latency                                             0.000     0.000
input external delay                                             0.000     0.000
G6.inpad[0] (.input)                                             0.000     0.000
new_n91.in[0] (.names)                                           0.903     0.903
new_n91.out[0] (.names)                                          0.261     1.164
new_n89.in[3] (.names)                                           0.201     1.365
new_n89.out[0] (.names)                                          0.261     1.626
new_n121.in[0] (.names)                                          0.334     1.960
new_n121.out[0] (.names)                                         0.261     2.221
G494.in[3] (.names)                                              0.201     2.422
G494.out[0] (.names)                                             0.261     2.683
out:G494.outpad[0] (.output)                                     0.789     3.472
data arrival time                                                          3.472

clock virtual_io_clock (rise edge)                               0.000     0.000
clock source latency                                             0.000     0.000
clock uncertainty                                                0.000     0.000
output external delay                                            0.000     0.000
data required time                                                         0.000
--------------------------------------------------------------------------------
data required time                                                         0.000
data arrival time                                                         -3.472
--------------------------------------------------------------------------------
slack (VIOLATED)                                                          -3.472


#Path 18
Startpoint: G13.inpad[0] (.input clocked by virtual_io_clock)
Endpoint  : out:G483.outpad[0] (.output clocked by virtual_io_clock)
Path Type : setup

Point                                                             Incr      Path
--------------------------------------------------------------------------------
clock virtual_io_clock (rise edge)                               0.000     0.000
clock source latency                                             0.000     0.000
input external delay                                             0.000     0.000
G13.inpad[0] (.input)                                            0.000     0.000
new_n88.in[3] (.names)                                           0.865     0.865
new_n88.out[0] (.names)                                          0.261     1.126
new_n87.in[4] (.names)                                           0.201     1.327
new_n87.out[0] (.names)                                          0.261     1.588
new_n76.in[4] (.names)                                           0.575     2.163
new_n76.out[0] (.names)                                          0.261     2.424
G483.in[1] (.names)                                              0.201     2.625
G483.out[0] (.names)                                             0.261     2.886
out:G483.outpad[0] (.output)                                     0.582     3.468
data arrival time                                                          3.468

clock virtual_io_clock (rise edge)                               0.000     0.000
clock source latency                                             0.000     0.000
clock uncertainty                                                0.000     0.000
output external delay                                            0.000     0.000
data required time                                                         0.000
--------------------------------------------------------------------------------
data required time                                                         0.000
data arrival time                                                         -3.468
--------------------------------------------------------------------------------
slack (VIOLATED)                                                          -3.468


#Path 19
Startpoint: G13.inpad[0] (.input clocked by virtual_io_clock)
Endpoint  : out:G477.outpad[0] (.output clocked by virtual_io_clock)
Path Type : setup

Point                                                             Incr      Path
--------------------------------------------------------------------------------
clock virtual_io_clock (rise edge)                               0.000     0.000
clock source latency                                             0.000     0.000
input external delay                                             0.000     0.000
G13.inpad[0] (.input)                                            0.000     0.000
new_n88.in[3] (.names)                                           0.865     0.865
new_n88.out[0] (.names)                                          0.261     1.126
new_n87.in[4] (.names)                                           0.201     1.327
new_n87.out[0] (.names)                                          0.261     1.588
new_n105.in[3] (.names)                                          0.575     2.163
new_n105.out[0] (.names)                                         0.261     2.424
G477.in[3] (.names)                                              0.296     2.720
G477.out[0] (.names)                                             0.261     2.981
out:G477.outpad[0] (.output)                                     0.479     3.460
data arrival time                                                          3.460

clock virtual_io_clock (rise edge)                               0.000     0.000
clock source latency                                             0.000     0.000
clock uncertainty                                                0.000     0.000
output external delay                                            0.000     0.000
data required time                                                         0.000
--------------------------------------------------------------------------------
data required time                                                         0.000
data arrival time                                                         -3.460
--------------------------------------------------------------------------------
slack (VIOLATED)                                                          -3.460


#Path 20
Startpoint: G6.inpad[0] (.input clocked by virtual_io_clock)
Endpoint  : out:G496.outpad[0] (.output clocked by virtual_io_clock)
Path Type : setup

Point                                                             Incr      Path
--------------------------------------------------------------------------------
clock virtual_io_clock (rise edge)                               0.000     0.000
clock source latency                                             0.000     0.000
input external delay                                             0.000     0.000
G6.inpad[0] (.input)                                             0.000     0.000
new_n91.in[0] (.names)                                           0.903     0.903
new_n91.out[0] (.names)                                          0.261     1.164
new_n89.in[3] (.names)                                           0.201     1.365
new_n89.out[0] (.names)                                          0.261     1.626
new_n126.in[1] (.names)                                          0.334     1.960
new_n126.out[0] (.names)                                         0.261     2.221
G496.in[2] (.names)                                              0.201     2.422
G496.out[0] (.names)                                             0.261     2.683
out:G496.outpad[0] (.output)                                     0.766     3.449
data arrival time                                                          3.449

clock virtual_io_clock (rise edge)                               0.000     0.000
clock source latency                                             0.000     0.000
clock uncertainty                                                0.000     0.000
output external delay                                            0.000     0.000
data required time                                                         0.000
--------------------------------------------------------------------------------
data required time                                                         0.000
data arrival time                                                         -3.449
--------------------------------------------------------------------------------
slack (VIOLATED)                                                          -3.449


#Path 21
Startpoint: G13.inpad[0] (.input clocked by virtual_io_clock)
Endpoint  : out:G479.outpad[0] (.output clocked by virtual_io_clock)
Path Type : setup

Point                                                             Incr      Path
--------------------------------------------------------------------------------
clock virtual_io_clock (rise edge)                               0.000     0.000
clock source latency                                             0.000     0.000
input external delay                                             0.000     0.000
G13.inpad[0] (.input)                                            0.000     0.000
new_n88.in[3] (.names)                                           0.865     0.865
new_n88.out[0] (.names)                                          0.261     1.126
new_n87.in[4] (.names)                                           0.201     1.327
new_n87.out[0] (.names)                                          0.261     1.588
new_n105.in[3] (.names)                                          0.575     2.163
new_n105.out[0] (.names)                                         0.261     2.424
G479.in[3] (.names)                                              0.201     2.625
G479.out[0] (.names)                                             0.261     2.886
out:G479.outpad[0] (.output)                                     0.551     3.437
data arrival time                                                          3.437

clock virtual_io_clock (rise edge)                               0.000     0.000
clock source latency                                             0.000     0.000
clock uncertainty                                                0.000     0.000
output external delay                                            0.000     0.000
data required time                                                         0.000
--------------------------------------------------------------------------------
data required time                                                         0.000
data arrival time                                                         -3.437
--------------------------------------------------------------------------------
slack (VIOLATED)                                                          -3.437


#Path 22
Startpoint: G13.inpad[0] (.input clocked by virtual_io_clock)
Endpoint  : out:G478.outpad[0] (.output clocked by virtual_io_clock)
Path Type : setup

Point                                                             Incr      Path
--------------------------------------------------------------------------------
clock virtual_io_clock (rise edge)                               0.000     0.000
clock source latency                                             0.000     0.000
input external delay                                             0.000     0.000
G13.inpad[0] (.input)                                            0.000     0.000
new_n88.in[3] (.names)                                           0.865     0.865
new_n88.out[0] (.names)                                          0.261     1.126
new_n87.in[4] (.names)                                           0.201     1.327
new_n87.out[0] (.names)                                          0.261     1.588
new_n105.in[3] (.names)                                          0.575     2.163
new_n105.out[0] (.names)                                         0.261     2.424
G478.in[3] (.names)                                              0.201     2.625
G478.out[0] (.names)                                             0.261     2.886
out:G478.outpad[0] (.output)                                     0.551     3.437
data arrival time                                                          3.437

clock virtual_io_clock (rise edge)                               0.000     0.000
clock source latency                                             0.000     0.000
clock uncertainty                                                0.000     0.000
output external delay                                            0.000     0.000
data required time                                                         0.000
--------------------------------------------------------------------------------
data required time                                                         0.000
data arrival time                                                         -3.437
--------------------------------------------------------------------------------
slack (VIOLATED)                                                          -3.437


#Path 23
Startpoint: G6.inpad[0] (.input clocked by virtual_io_clock)
Endpoint  : out:G493.outpad[0] (.output clocked by virtual_io_clock)
Path Type : setup

Point                                                             Incr      Path
--------------------------------------------------------------------------------
clock virtual_io_clock (rise edge)                               0.000     0.000
clock source latency                                             0.000     0.000
input external delay                                             0.000     0.000
G6.inpad[0] (.input)                                             0.000     0.000
new_n91.in[0] (.names)                                           0.903     0.903
new_n91.out[0] (.names)                                          0.261     1.164
new_n89.in[3] (.names)                                           0.201     1.365
new_n89.out[0] (.names)                                          0.261     1.626
new_n121.in[0] (.names)                                          0.334     1.960
new_n121.out[0] (.names)                                         0.261     2.221
G493.in[3] (.names)                                              0.404     2.625
G493.out[0] (.names)                                             0.261     2.886
out:G493.outpad[0] (.output)                                     0.548     3.434
data arrival time                                                          3.434

clock virtual_io_clock (rise edge)                               0.000     0.000
clock source latency                                             0.000     0.000
clock uncertainty                                                0.000     0.000
output external delay                                            0.000     0.000
data required time                                                         0.000
--------------------------------------------------------------------------------
data required time                                                         0.000
data arrival time                                                         -3.434
--------------------------------------------------------------------------------
slack (VIOLATED)                                                          -3.434


#Path 24
Startpoint: G6.inpad[0] (.input clocked by virtual_io_clock)
Endpoint  : out:G497.outpad[0] (.output clocked by virtual_io_clock)
Path Type : setup

Point                                                             Incr      Path
--------------------------------------------------------------------------------
clock virtual_io_clock (rise edge)                               0.000     0.000
clock source latency                                             0.000     0.000
input external delay                                             0.000     0.000
G6.inpad[0] (.input)                                             0.000     0.000
new_n91.in[0] (.names)                                           0.903     0.903
new_n91.out[0] (.names)                                          0.261     1.164
new_n89.in[3] (.names)                                           0.201     1.365
new_n89.out[0] (.names)                                          0.261     1.626
new_n126.in[1] (.names)                                          0.334     1.960
new_n126.out[0] (.names)                                         0.261     2.221
G497.in[2] (.names)                                              0.201     2.422
G497.out[0] (.names)                                             0.261     2.683
out:G497.outpad[0] (.output)                                     0.677     3.360
data arrival time                                                          3.360

clock virtual_io_clock (rise edge)                               0.000     0.000
clock source latency                                             0.000     0.000
clock uncertainty                                                0.000     0.000
output external delay                                            0.000     0.000
data required time                                                         0.000
--------------------------------------------------------------------------------
data required time                                                         0.000
data arrival time                                                         -3.360
--------------------------------------------------------------------------------
slack (VIOLATED)                                                          -3.360


#Path 25
Startpoint: G6.inpad[0] (.input clocked by virtual_io_clock)
Endpoint  : out:G499.outpad[0] (.output clocked by virtual_io_clock)
Path Type : setup

Point                                                             Incr      Path
--------------------------------------------------------------------------------
clock virtual_io_clock (rise edge)                               0.000     0.000
clock source latency                                             0.000     0.000
input external delay                                             0.000     0.000
G6.inpad[0] (.input)                                             0.000     0.000
new_n91.in[0] (.names)                                           0.903     0.903
new_n91.out[0] (.names)                                          0.261     1.164
new_n89.in[3] (.names)                                           0.201     1.365
new_n89.out[0] (.names)                                          0.261     1.626
new_n126.in[1] (.names)                                          0.334     1.960
new_n126.out[0] (.names)                                         0.261     2.221
G499.in[2] (.names)                                              0.201     2.422
G499.out[0] (.names)                                             0.261     2.683
out:G499.outpad[0] (.output)                                     0.677     3.360
data arrival time                                                          3.360

clock virtual_io_clock (rise edge)                               0.000     0.000
clock source latency                                             0.000     0.000
clock uncertainty                                                0.000     0.000
output external delay                                            0.000     0.000
data required time                                                         0.000
--------------------------------------------------------------------------------
data required time                                                         0.000
data arrival time                                                         -3.360
--------------------------------------------------------------------------------
slack (VIOLATED)                                                          -3.360


#Path 26
Startpoint: G6.inpad[0] (.input clocked by virtual_io_clock)
Endpoint  : out:G495.outpad[0] (.output clocked by virtual_io_clock)
Path Type : setup

Point                                                             Incr      Path
--------------------------------------------------------------------------------
clock virtual_io_clock (rise edge)                               0.000     0.000
clock source latency                                             0.000     0.000
input external delay                                             0.000     0.000
G6.inpad[0] (.input)                                             0.000     0.000
new_n91.in[0] (.names)                                           0.903     0.903
new_n91.out[0] (.names)                                          0.261     1.164
new_n89.in[3] (.names)                                           0.201     1.365
new_n89.out[0] (.names)                                          0.261     1.626
new_n121.in[0] (.names)                                          0.334     1.960
new_n121.out[0] (.names)                                         0.261     2.221
G495.in[3] (.names)                                              0.201     2.422
G495.out[0] (.names)                                             0.261     2.683
out:G495.outpad[0] (.output)                                     0.671     3.354
data arrival time                                                          3.354

clock virtual_io_clock (rise edge)                               0.000     0.000
clock source latency                                             0.000     0.000
clock uncertainty                                                0.000     0.000
output external delay                                            0.000     0.000
data required time                                                         0.000
--------------------------------------------------------------------------------
data required time                                                         0.000
data arrival time                                                         -3.354
--------------------------------------------------------------------------------
slack (VIOLATED)                                                          -3.354


#Path 27
Startpoint: G13.inpad[0] (.input clocked by virtual_io_clock)
Endpoint  : out:G481.outpad[0] (.output clocked by virtual_io_clock)
Path Type : setup

Point                                                             Incr      Path
--------------------------------------------------------------------------------
clock virtual_io_clock (rise edge)                               0.000     0.000
clock source latency                                             0.000     0.000
input external delay                                             0.000     0.000
G13.inpad[0] (.input)                                            0.000     0.000
new_n88.in[3] (.names)                                           0.865     0.865
new_n88.out[0] (.names)                                          0.261     1.126
new_n87.in[4] (.names)                                           0.201     1.327
new_n87.out[0] (.names)                                          0.261     1.588
new_n76.in[4] (.names)                                           0.575     2.163
new_n76.out[0] (.names)                                          0.261     2.424
G481.in[1] (.names)                                              0.201     2.625
G481.out[0] (.names)                                             0.261     2.886
out:G481.outpad[0] (.output)                                     0.449     3.335
data arrival time                                                          3.335

clock virtual_io_clock (rise edge)                               0.000     0.000
clock source latency                                             0.000     0.000
clock uncertainty                                                0.000     0.000
output external delay                                            0.000     0.000
data required time                                                         0.000
--------------------------------------------------------------------------------
data required time                                                         0.000
data arrival time                                                         -3.335
--------------------------------------------------------------------------------
slack (VIOLATED)                                                          -3.335


#Path 28
Startpoint: G6.inpad[0] (.input clocked by virtual_io_clock)
Endpoint  : out:G492.outpad[0] (.output clocked by virtual_io_clock)
Path Type : setup

Point                                                             Incr      Path
--------------------------------------------------------------------------------
clock virtual_io_clock (rise edge)                               0.000     0.000
clock source latency                                             0.000     0.000
input external delay                                             0.000     0.000
G6.inpad[0] (.input)                                             0.000     0.000
new_n91.in[0] (.names)                                           0.903     0.903
new_n91.out[0] (.names)                                          0.261     1.164
new_n89.in[3] (.names)                                           0.201     1.365
new_n89.out[0] (.names)                                          0.261     1.626
new_n121.in[0] (.names)                                          0.334     1.960
new_n121.out[0] (.names)                                         0.261     2.221
G492.in[3] (.names)                                              0.201     2.422
G492.out[0] (.names)                                             0.261     2.683
out:G492.outpad[0] (.output)                                     0.652     3.335
data arrival time                                                          3.335

clock virtual_io_clock (rise edge)                               0.000     0.000
clock source latency                                             0.000     0.000
clock uncertainty                                                0.000     0.000
output external delay                                            0.000     0.000
data required time                                                         0.000
--------------------------------------------------------------------------------
data required time                                                         0.000
data arrival time                                                         -3.335
--------------------------------------------------------------------------------
slack (VIOLATED)                                                          -3.335


#Path 29
Startpoint: G6.inpad[0] (.input clocked by virtual_io_clock)
Endpoint  : out:G498.outpad[0] (.output clocked by virtual_io_clock)
Path Type : setup

Point                                                             Incr      Path
--------------------------------------------------------------------------------
clock virtual_io_clock (rise edge)                               0.000     0.000
clock source latency                                             0.000     0.000
input external delay                                             0.000     0.000
G6.inpad[0] (.input)                                             0.000     0.000
new_n91.in[0] (.names)                                           0.903     0.903
new_n91.out[0] (.names)                                          0.261     1.164
new_n89.in[3] (.names)                                           0.201     1.365
new_n89.out[0] (.names)                                          0.261     1.626
new_n126.in[1] (.names)                                          0.334     1.960
new_n126.out[0] (.names)                                         0.261     2.221
G498.in[2] (.names)                                              0.201     2.422
G498.out[0] (.names)                                             0.261     2.683
out:G498.outpad[0] (.output)                                     0.633     3.316
data arrival time                                                          3.316

clock virtual_io_clock (rise edge)                               0.000     0.000
clock source latency                                             0.000     0.000
clock uncertainty                                                0.000     0.000
output external delay                                            0.000     0.000
data required time                                                         0.000
--------------------------------------------------------------------------------
data required time                                                         0.000
data arrival time                                                         -3.316
--------------------------------------------------------------------------------
slack (VIOLATED)                                                          -3.316


#Path 30
Startpoint: G6.inpad[0] (.input clocked by virtual_io_clock)
Endpoint  : out:G491.outpad[0] (.output clocked by virtual_io_clock)
Path Type : setup

Point                                                             Incr      Path
--------------------------------------------------------------------------------
clock virtual_io_clock (rise edge)                               0.000     0.000
clock source latency                                             0.000     0.000
input external delay                                             0.000     0.000
G6.inpad[0] (.input)                                             0.000     0.000
new_n91.in[0] (.names)                                           0.903     0.903
new_n91.out[0] (.names)                                          0.261     1.164
new_n89.in[3] (.names)                                           0.201     1.365
new_n89.out[0] (.names)                                          0.261     1.626
new_n126.in[1] (.names)                                          0.334     1.960
new_n126.out[0] (.names)                                         0.261     2.221
G491.in[2] (.names)                                              0.201     2.422
G491.out[0] (.names)                                             0.261     2.683
out:G491.outpad[0] (.output)                                     0.631     3.314
data arrival time                                                          3.314

clock virtual_io_clock (rise edge)                               0.000     0.000
clock source latency                                             0.000     0.000
clock uncertainty                                                0.000     0.000
output external delay                                            0.000     0.000
data required time                                                         0.000
--------------------------------------------------------------------------------
data required time                                                         0.000
data arrival time                                                         -3.314
--------------------------------------------------------------------------------
slack (VIOLATED)                                                          -3.314


#Path 31
Startpoint: G6.inpad[0] (.input clocked by virtual_io_clock)
Endpoint  : out:G489.outpad[0] (.output clocked by virtual_io_clock)
Path Type : setup

Point                                                             Incr      Path
--------------------------------------------------------------------------------
clock virtual_io_clock (rise edge)                               0.000     0.000
clock source latency                                             0.000     0.000
input external delay                                             0.000     0.000
G6.inpad[0] (.input)                                             0.000     0.000
new_n91.in[0] (.names)                                           0.903     0.903
new_n91.out[0] (.names)                                          0.261     1.164
new_n89.in[3] (.names)                                           0.201     1.365
new_n89.out[0] (.names)                                          0.261     1.626
new_n126.in[1] (.names)                                          0.334     1.960
new_n126.out[0] (.names)                                         0.261     2.221
G489.in[2] (.names)                                              0.201     2.422
G489.out[0] (.names)                                             0.261     2.683
out:G489.outpad[0] (.output)                                     0.525     3.208
data arrival time                                                          3.208

clock virtual_io_clock (rise edge)                               0.000     0.000
clock source latency                                             0.000     0.000
clock uncertainty                                                0.000     0.000
output external delay                                            0.000     0.000
data required time                                                         0.000
--------------------------------------------------------------------------------
data required time                                                         0.000
data arrival time                                                         -3.208
--------------------------------------------------------------------------------
slack (VIOLATED)                                                          -3.208


#Path 32
Startpoint: G6.inpad[0] (.input clocked by virtual_io_clock)
Endpoint  : out:G486.outpad[0] (.output clocked by virtual_io_clock)
Path Type : setup

Point                                                             Incr      Path
--------------------------------------------------------------------------------
clock virtual_io_clock (rise edge)                               0.000     0.000
clock source latency                                             0.000     0.000
input external delay                                             0.000     0.000
G6.inpad[0] (.input)                                             0.000     0.000
new_n91.in[0] (.names)                                           0.903     0.903
new_n91.out[0] (.names)                                          0.261     1.164
new_n89.in[3] (.names)                                           0.201     1.365
new_n89.out[0] (.names)                                          0.261     1.626
new_n121.in[0] (.names)                                          0.334     1.960
new_n121.out[0] (.names)                                         0.261     2.221
G486.in[3] (.names)                                              0.201     2.422
G486.out[0] (.names)                                             0.261     2.683
out:G486.outpad[0] (.output)                                     0.392     3.075
data arrival time                                                          3.075

clock virtual_io_clock (rise edge)                               0.000     0.000
clock source latency                                             0.000     0.000
clock uncertainty                                                0.000     0.000
output external delay                                            0.000     0.000
data required time                                                         0.000
--------------------------------------------------------------------------------
data required time                                                         0.000
data arrival time                                                         -3.075
--------------------------------------------------------------------------------
slack (VIOLATED)                                                          -3.075


#End of timing report
