#Timing report of worst 32 path(s)
# Unit scale: 1e-09 seconds
# Output precision: 3

#Path 1
Startpoint: G18.inpad[0] (.input clocked by virtual_io_clock)
Endpoint  : out:G485.outpad[0] (.output clocked by virtual_io_clock)
Path Type : hold

Point                                                             Incr      Path
--------------------------------------------------------------------------------
clock virtual_io_clock (rise edge)                               0.000     0.000
clock source latency                                             0.000     0.000
input external delay                                             0.000     0.000
G18.inpad[0] (.input)                                            0.000     0.000
G485.in[4] (.names)                                              1.692     1.692
G485.out[0] (.names)                                             0.193     1.885
out:G485.outpad[0] (.output)                                     3.243     5.128
data arrival time                                                          5.128

clock virtual_io_clock (rise edge)                               0.000     0.000
clock source latency                                             0.000     0.000
clock uncertainty                                                0.000     0.000
output external delay                                            0.000     0.000
data required time                                                         0.000
--------------------------------------------------------------------------------
data required time                                                        -0.000
data arrival time                                                          5.128
--------------------------------------------------------------------------------
slack (MET)                                                                5.128


#Path 2
Startpoint: G21.inpad[0] (.input clocked by virtual_io_clock)
Endpoint  : out:G488.outpad[0] (.output clocked by virtual_io_clock)
Path Type : hold

Point                                                             Incr      Path
--------------------------------------------------------------------------------
clock virtual_io_clock (rise edge)                               0.000     0.000
clock source latency                                             0.000     0.000
input external delay                                             0.000     0.000
G21.inpad[0] (.input)                                            0.000     0.000
G488.in[4] (.names)                                              1.773     1.773
G488.out[0] (.names)                                             0.193     1.966
out:G488.outpad[0] (.output)                                     3.169     5.135
data arrival time                                                          5.135

clock virtual_io_clock (rise edge)                               0.000     0.000
clock source latency                                             0.000     0.000
clock uncertainty                                                0.000     0.000
output external delay                                            0.000     0.000
data required time                                                         0.000
--------------------------------------------------------------------------------
data required time                                                        -0.000
data arrival time                                                          5.135
--------------------------------------------------------------------------------
slack (MET)                                                                5.135


#Path 3
Startpoint: G17.inpad[0] (.input clocked by virtual_io_clock)
Endpoint  : out:G484.outpad[0] (.output clocked by virtual_io_clock)
Path Type : hold

Point                                                             Incr      Path
--------------------------------------------------------------------------------
clock virtual_io_clock (rise edge)                               0.000     0.000
clock source latency                                             0.000     0.000
input external delay                                             0.000     0.000
G17.inpad[0] (.input)                                            0.000     0.000
G484.in[4] (.names)                                              1.776     1.776
G484.out[0] (.names)                                             0.193     1.969
out:G484.outpad[0] (.output)                                     3.169     5.138
data arrival time                                                          5.138

clock virtual_io_clock (rise edge)                               0.000     0.000
clock source latency                                             0.000     0.000
clock uncertainty                                                0.000     0.000
output external delay                                            0.000     0.000
data required time                                                         0.000
--------------------------------------------------------------------------------
data required time                                                        -0.000
data arrival time                                                          5.138
--------------------------------------------------------------------------------
slack (MET)                                                                5.138


#Path 4
Startpoint: G25.inpad[0] (.input clocked by virtual_io_clock)
Endpoint  : out:G492.outpad[0] (.output clocked by virtual_io_clock)
Path Type : hold

Point                                                             Incr      Path
--------------------------------------------------------------------------------
clock virtual_io_clock (rise edge)                               0.000     0.000
clock source latency                                             0.000     0.000
input external delay                                             0.000     0.000
G25.inpad[0] (.input)                                            0.000     0.000
G492.in[4] (.names)                                              1.692     1.692
G492.out[0] (.names)                                             0.193     1.885
out:G492.outpad[0] (.output)                                     3.303     5.188
data arrival time                                                          5.188

clock virtual_io_clock (rise edge)                               0.000     0.000
clock source latency                                             0.000     0.000
clock uncertainty                                                0.000     0.000
output external delay                                            0.000     0.000
data required time                                                         0.000
--------------------------------------------------------------------------------
data required time                                                        -0.000
data arrival time                                                          5.188
--------------------------------------------------------------------------------
slack (MET)                                                                5.188


#Path 5
Startpoint: G22.inpad[0] (.input clocked by virtual_io_clock)
Endpoint  : out:G489.outpad[0] (.output clocked by virtual_io_clock)
Path Type : hold

Point                                                             Incr      Path
--------------------------------------------------------------------------------
clock virtual_io_clock (rise edge)                               0.000     0.000
clock source latency                                             0.000     0.000
input external delay                                             0.000     0.000
G22.inpad[0] (.input)                                            0.000     0.000
G489.in[4] (.names)                                              1.701     1.701
G489.out[0] (.names)                                             0.193     1.894
out:G489.outpad[0] (.output)                                     3.301     5.195
data arrival time                                                          5.195

clock virtual_io_clock (rise edge)                               0.000     0.000
clock source latency                                             0.000     0.000
clock uncertainty                                                0.000     0.000
output external delay                                            0.000     0.000
data required time                                                         0.000
--------------------------------------------------------------------------------
data required time                                                        -0.000
data arrival time                                                          5.195
--------------------------------------------------------------------------------
slack (MET)                                                                5.195


#Path 6
Startpoint: G28.inpad[0] (.input clocked by virtual_io_clock)
Endpoint  : out:G495.outpad[0] (.output clocked by virtual_io_clock)
Path Type : hold

Point                                                             Incr      Path
--------------------------------------------------------------------------------
clock virtual_io_clock (rise edge)                               0.000     0.000
clock source latency                                             0.000     0.000
input external delay                                             0.000     0.000
G28.inpad[0] (.input)                                            0.000     0.000
G495.in[4] (.names)                                              1.702     1.702
G495.out[0] (.names)                                             0.193     1.895
out:G495.outpad[0] (.output)                                     3.304     5.199
data arrival time                                                          5.199

clock virtual_io_clock (rise edge)                               0.000     0.000
clock source latency                                             0.000     0.000
clock uncertainty                                                0.000     0.000
output external delay                                            0.000     0.000
data required time                                                         0.000
--------------------------------------------------------------------------------
data required time                                                        -0.000
data arrival time                                                          5.199
--------------------------------------------------------------------------------
slack (MET)                                                                5.199


#Path 7
Startpoint: G1.inpad[0] (.input clocked by virtual_io_clock)
Endpoint  : out:G468.outpad[0] (.output clocked by virtual_io_clock)
Path Type : hold

Point                                                             Incr      Path
--------------------------------------------------------------------------------
clock virtual_io_clock (rise edge)                               0.000     0.000
clock source latency                                             0.000     0.000
input external delay                                             0.000     0.000
G1.inpad[0] (.input)                                             0.000     0.000
G468.in[4] (.names)                                              1.698     1.698
G468.out[0] (.names)                                             0.193     1.891
out:G468.outpad[0] (.output)                                     3.311     5.202
data arrival time                                                          5.202

clock virtual_io_clock (rise edge)                               0.000     0.000
clock source latency                                             0.000     0.000
clock uncertainty                                                0.000     0.000
output external delay                                            0.000     0.000
data required time                                                         0.000
--------------------------------------------------------------------------------
data required time                                                        -0.000
data arrival time                                                          5.202
--------------------------------------------------------------------------------
slack (MET)                                                                5.202


#Path 8
Startpoint: G26.inpad[0] (.input clocked by virtual_io_clock)
Endpoint  : out:G493.outpad[0] (.output clocked by virtual_io_clock)
Path Type : hold

Point                                                             Incr      Path
--------------------------------------------------------------------------------
clock virtual_io_clock (rise edge)                               0.000     0.000
clock source latency                                             0.000     0.000
input external delay                                             0.000     0.000
G26.inpad[0] (.input)                                            0.000     0.000
G493.in[4] (.names)                                              1.692     1.692
G493.out[0] (.names)                                             0.193     1.885
out:G493.outpad[0] (.output)                                     3.327     5.212
data arrival time                                                          5.212

clock virtual_io_clock (rise edge)                               0.000     0.000
clock source latency                                             0.000     0.000
clock uncertainty                                                0.000     0.000
output external delay                                            0.000     0.000
data required time                                                         0.000
--------------------------------------------------------------------------------
data required time                                                        -0.000
data arrival time                                                          5.212
--------------------------------------------------------------------------------
slack (MET)                                                                5.212


#Path 9
Startpoint: G27.inpad[0] (.input clocked by virtual_io_clock)
Endpoint  : out:G494.outpad[0] (.output clocked by virtual_io_clock)
Path Type : hold

Point                                                             Incr      Path
--------------------------------------------------------------------------------
clock virtual_io_clock (rise edge)                               0.000     0.000
clock source latency                                             0.000     0.000
input external delay                                             0.000     0.000
G27.inpad[0] (.input)                                            0.000     0.000
G494.in[4] (.names)                                              1.691     1.691
G494.out[0] (.names)                                             0.193     1.884
out:G494.outpad[0] (.output)                                     3.333     5.217
data arrival time                                                          5.217

clock virtual_io_clock (rise edge)                               0.000     0.000
clock source latency                                             0.000     0.000
clock uncertainty                                                0.000     0.000
output external delay                                            0.000     0.000
data required time                                                         0.000
--------------------------------------------------------------------------------
data required time                                                        -0.000
data arrival time                                                          5.217
--------------------------------------------------------------------------------
slack (MET)                                                                5.217


#Path 10
Startpoint: G15.inpad[0] (.input clocked by virtual_io_clock)
Endpoint  : out:G482.outpad[0] (.output clocked by virtual_io_clock)
Path Type : hold

Point                                                             Incr      Path
--------------------------------------------------------------------------------
clock virtual_io_clock (rise edge)                               0.000     0.000
clock source latency                                             0.000     0.000
input external delay                                             0.000     0.000
G15.inpad[0] (.input)                                            0.000     0.000
G482.in[4] (.names)                                              1.837     1.837
G482.out[0] (.names)                                             0.193     2.030
out:G482.outpad[0] (.output)                                     3.242     5.272
data arrival time                                                          5.272

clock virtual_io_clock (rise edge)                               0.000     0.000
clock source latency                                             0.000     0.000
clock uncertainty                                                0.000     0.000
output external delay                                            0.000     0.000
data required time                                                         0.000
--------------------------------------------------------------------------------
data required time                                                        -0.000
data arrival time                                                          5.272
--------------------------------------------------------------------------------
slack (MET)                                                                5.272


#Path 11
Startpoint: G14.inpad[0] (.input clocked by virtual_io_clock)
Endpoint  : out:G481.outpad[0] (.output clocked by virtual_io_clock)
Path Type : hold

Point                                                             Incr      Path
--------------------------------------------------------------------------------
clock virtual_io_clock (rise edge)                               0.000     0.000
clock source latency                                             0.000     0.000
input external delay                                             0.000     0.000
G14.inpad[0] (.input)                                            0.000     0.000
G481.in[4] (.names)                                              1.774     1.774
G481.out[0] (.names)                                             0.193     1.967
out:G481.outpad[0] (.output)                                     3.314     5.281
data arrival time                                                          5.281

clock virtual_io_clock (rise edge)                               0.000     0.000
clock source latency                                             0.000     0.000
clock uncertainty                                                0.000     0.000
output external delay                                            0.000     0.000
data required time                                                         0.000
--------------------------------------------------------------------------------
data required time                                                        -0.000
data arrival time                                                          5.281
--------------------------------------------------------------------------------
slack (MET)                                                                5.281


#Path 12
Startpoint: G9.inpad[0] (.input clocked by virtual_io_clock)
Endpoint  : out:G476.outpad[0] (.output clocked by virtual_io_clock)
Path Type : hold

Point                                                             Incr      Path
--------------------------------------------------------------------------------
clock virtual_io_clock (rise edge)                               0.000     0.000
clock source latency                                             0.000     0.000
input external delay                                             0.000     0.000
G9.inpad[0] (.input)                                             0.000     0.000
G476.in[4] (.names)                                              1.693     1.693
G476.out[0] (.names)                                             0.193     1.886
out:G476.outpad[0] (.output)                                     3.398     5.283
data arrival time                                                          5.283

clock virtual_io_clock (rise edge)                               0.000     0.000
clock source latency                                             0.000     0.000
clock uncertainty                                                0.000     0.000
output external delay                                            0.000     0.000
data required time                                                         0.000
--------------------------------------------------------------------------------
data required time                                                        -0.000
data arrival time                                                          5.283
--------------------------------------------------------------------------------
slack (MET)                                                                5.283


#Path 13
Startpoint: G4.inpad[0] (.input clocked by virtual_io_clock)
Endpoint  : out:G471.outpad[0] (.output clocked by virtual_io_clock)
Path Type : hold

Point                                                             Incr      Path
--------------------------------------------------------------------------------
clock virtual_io_clock (rise edge)                               0.000     0.000
clock source latency                                             0.000     0.000
input external delay                                             0.000     0.000
G4.inpad[0] (.input)                                             0.000     0.000
G471.in[4] (.names)                                              1.777     1.777
G471.out[0] (.names)                                             0.193     1.970
out:G471.outpad[0] (.output)                                     3.313     5.284
data arrival time                                                          5.284

clock virtual_io_clock (rise edge)                               0.000     0.000
clock source latency                                             0.000     0.000
clock uncertainty                                                0.000     0.000
output external delay                                            0.000     0.000
data required time                                                         0.000
--------------------------------------------------------------------------------
data required time                                                        -0.000
data arrival time                                                          5.284
--------------------------------------------------------------------------------
slack (MET)                                                                5.284


#Path 14
Startpoint: G19.inpad[0] (.input clocked by virtual_io_clock)
Endpoint  : out:G486.outpad[0] (.output clocked by virtual_io_clock)
Path Type : hold

Point                                                             Incr      Path
--------------------------------------------------------------------------------
clock virtual_io_clock (rise edge)                               0.000     0.000
clock source latency                                             0.000     0.000
input external delay                                             0.000     0.000
G19.inpad[0] (.input)                                            0.000     0.000
G486.in[4] (.names)                                              1.694     1.694
G486.out[0] (.names)                                             0.193     1.887
out:G486.outpad[0] (.output)                                     3.408     5.295
data arrival time                                                          5.295

clock virtual_io_clock (rise edge)                               0.000     0.000
clock source latency                                             0.000     0.000
clock uncertainty                                                0.000     0.000
output external delay                                            0.000     0.000
data required time                                                         0.000
--------------------------------------------------------------------------------
data required time                                                        -0.000
data arrival time                                                          5.295
--------------------------------------------------------------------------------
slack (MET)                                                                5.295


#Path 15
Startpoint: G3.inpad[0] (.input clocked by virtual_io_clock)
Endpoint  : out:G470.outpad[0] (.output clocked by virtual_io_clock)
Path Type : hold

Point                                                             Incr      Path
--------------------------------------------------------------------------------
clock virtual_io_clock (rise edge)                               0.000     0.000
clock source latency                                             0.000     0.000
input external delay                                             0.000     0.000
G3.inpad[0] (.input)                                             0.000     0.000
G470.in[4] (.names)                                              1.827     1.827
G470.out[0] (.names)                                             0.193     2.020
out:G470.outpad[0] (.output)                                     3.290     5.310
data arrival time                                                          5.310

clock virtual_io_clock (rise edge)                               0.000     0.000
clock source latency                                             0.000     0.000
clock uncertainty                                                0.000     0.000
output external delay                                            0.000     0.000
data required time                                                         0.000
--------------------------------------------------------------------------------
data required time                                                        -0.000
data arrival time                                                          5.310
--------------------------------------------------------------------------------
slack (MET)                                                                5.310


#Path 16
Startpoint: G32.inpad[0] (.input clocked by virtual_io_clock)
Endpoint  : out:G499.outpad[0] (.output clocked by virtual_io_clock)
Path Type : hold

Point                                                             Incr      Path
--------------------------------------------------------------------------------
clock virtual_io_clock (rise edge)                               0.000     0.000
clock source latency                                             0.000     0.000
input external delay                                             0.000     0.000
G32.inpad[0] (.input)                                            0.000     0.000
G499.in[4] (.names)                                              1.844     1.844
G499.out[0] (.names)                                             0.193     2.037
out:G499.outpad[0] (.output)                                     3.275     5.312
data arrival time                                                          5.312

clock virtual_io_clock (rise edge)                               0.000     0.000
clock source latency                                             0.000     0.000
clock uncertainty                                                0.000     0.000
output external delay                                            0.000     0.000
data required time                                                         0.000
--------------------------------------------------------------------------------
data required time                                                        -0.000
data arrival time                                                          5.312
--------------------------------------------------------------------------------
slack (MET)                                                                5.312


#Path 17
Startpoint: G5.inpad[0] (.input clocked by virtual_io_clock)
Endpoint  : out:G472.outpad[0] (.output clocked by virtual_io_clock)
Path Type : hold

Point                                                             Incr      Path
--------------------------------------------------------------------------------
clock virtual_io_clock (rise edge)                               0.000     0.000
clock source latency                                             0.000     0.000
input external delay                                             0.000     0.000
G5.inpad[0] (.input)                                             0.000     0.000
G472.in[4] (.names)                                              1.811     1.811
G472.out[0] (.names)                                             0.193     2.004
out:G472.outpad[0] (.output)                                     3.313     5.317
data arrival time                                                          5.317

clock virtual_io_clock (rise edge)                               0.000     0.000
clock source latency                                             0.000     0.000
clock uncertainty                                                0.000     0.000
output external delay                                            0.000     0.000
data required time                                                         0.000
--------------------------------------------------------------------------------
data required time                                                        -0.000
data arrival time                                                          5.317
--------------------------------------------------------------------------------
slack (MET)                                                                5.317


#Path 18
Startpoint: G24.inpad[0] (.input clocked by virtual_io_clock)
Endpoint  : out:G491.outpad[0] (.output clocked by virtual_io_clock)
Path Type : hold

Point                                                             Incr      Path
--------------------------------------------------------------------------------
clock virtual_io_clock (rise edge)                               0.000     0.000
clock source latency                                             0.000     0.000
input external delay                                             0.000     0.000
G24.inpad[0] (.input)                                            0.000     0.000
G491.in[4] (.names)                                              1.834     1.834
G491.out[0] (.names)                                             0.193     2.027
out:G491.outpad[0] (.output)                                     3.314     5.341
data arrival time                                                          5.341

clock virtual_io_clock (rise edge)                               0.000     0.000
clock source latency                                             0.000     0.000
clock uncertainty                                                0.000     0.000
output external delay                                            0.000     0.000
data required time                                                         0.000
--------------------------------------------------------------------------------
data required time                                                        -0.000
data arrival time                                                          5.341
--------------------------------------------------------------------------------
slack (MET)                                                                5.341


#Path 19
Startpoint: G10.inpad[0] (.input clocked by virtual_io_clock)
Endpoint  : out:G477.outpad[0] (.output clocked by virtual_io_clock)
Path Type : hold

Point                                                             Incr      Path
--------------------------------------------------------------------------------
clock virtual_io_clock (rise edge)                               0.000     0.000
clock source latency                                             0.000     0.000
input external delay                                             0.000     0.000
G10.inpad[0] (.input)                                            0.000     0.000
G477.in[4] (.names)                                              1.838     1.838
G477.out[0] (.names)                                             0.193     2.031
out:G477.outpad[0] (.output)                                     3.319     5.350
data arrival time                                                          5.350

clock virtual_io_clock (rise edge)                               0.000     0.000
clock source latency                                             0.000     0.000
clock uncertainty                                                0.000     0.000
output external delay                                            0.000     0.000
data required time                                                         0.000
--------------------------------------------------------------------------------
data required time                                                        -0.000
data arrival time                                                          5.350
--------------------------------------------------------------------------------
slack (MET)                                                                5.350


#Path 20
Startpoint: G31.inpad[0] (.input clocked by virtual_io_clock)
Endpoint  : out:G498.outpad[0] (.output clocked by virtual_io_clock)
Path Type : hold

Point                                                             Incr      Path
--------------------------------------------------------------------------------
clock virtual_io_clock (rise edge)                               0.000     0.000
clock source latency                                             0.000     0.000
input external delay                                             0.000     0.000
G31.inpad[0] (.input)                                            0.000     0.000
G498.in[4] (.names)                                              1.773     1.773
G498.out[0] (.names)                                             0.193     1.966
out:G498.outpad[0] (.output)                                     3.385     5.352
data arrival time                                                          5.352

clock virtual_io_clock (rise edge)                               0.000     0.000
clock source latency                                             0.000     0.000
clock uncertainty                                                0.000     0.000
output external delay                                            0.000     0.000
data required time                                                         0.000
--------------------------------------------------------------------------------
data required time                                                        -0.000
data arrival time                                                          5.352
--------------------------------------------------------------------------------
slack (MET)                                                                5.352


#Path 21
Startpoint: G2.inpad[0] (.input clocked by virtual_io_clock)
Endpoint  : out:G469.outpad[0] (.output clocked by virtual_io_clock)
Path Type : hold

Point                                                             Incr      Path
--------------------------------------------------------------------------------
clock virtual_io_clock (rise edge)                               0.000     0.000
clock source latency                                             0.000     0.000
input external delay                                             0.000     0.000
G2.inpad[0] (.input)                                             0.000     0.000
G469.in[4] (.names)                                              1.838     1.838
G469.out[0] (.names)                                             0.193     2.031
out:G469.outpad[0] (.output)                                     3.321     5.352
data arrival time                                                          5.352

clock virtual_io_clock (rise edge)                               0.000     0.000
clock source latency                                             0.000     0.000
clock uncertainty                                                0.000     0.000
output external delay                                            0.000     0.000
data required time                                                         0.000
--------------------------------------------------------------------------------
data required time                                                        -0.000
data arrival time                                                          5.352
--------------------------------------------------------------------------------
slack (MET)                                                                5.352


#Path 22
Startpoint: G6.inpad[0] (.input clocked by virtual_io_clock)
Endpoint  : out:G473.outpad[0] (.output clocked by virtual_io_clock)
Path Type : hold

Point                                                             Incr      Path
--------------------------------------------------------------------------------
clock virtual_io_clock (rise edge)                               0.000     0.000
clock source latency                                             0.000     0.000
input external delay                                             0.000     0.000
G6.inpad[0] (.input)                                             0.000     0.000
G473.in[4] (.names)                                              1.837     1.837
G473.out[0] (.names)                                             0.193     2.030
out:G473.outpad[0] (.output)                                     3.334     5.364
data arrival time                                                          5.364

clock virtual_io_clock (rise edge)                               0.000     0.000
clock source latency                                             0.000     0.000
clock uncertainty                                                0.000     0.000
output external delay                                            0.000     0.000
data required time                                                         0.000
--------------------------------------------------------------------------------
data required time                                                        -0.000
data arrival time                                                          5.364
--------------------------------------------------------------------------------
slack (MET)                                                                5.364


#Path 23
Startpoint: G16.inpad[0] (.input clocked by virtual_io_clock)
Endpoint  : out:G483.outpad[0] (.output clocked by virtual_io_clock)
Path Type : hold

Point                                                             Incr      Path
--------------------------------------------------------------------------------
clock virtual_io_clock (rise edge)                               0.000     0.000
clock source latency                                             0.000     0.000
input external delay                                             0.000     0.000
G16.inpad[0] (.input)                                            0.000     0.000
G483.in[4] (.names)                                              1.786     1.786
G483.out[0] (.names)                                             0.193     1.979
out:G483.outpad[0] (.output)                                     3.393     5.372
data arrival time                                                          5.372

clock virtual_io_clock (rise edge)                               0.000     0.000
clock source latency                                             0.000     0.000
clock uncertainty                                                0.000     0.000
output external delay                                            0.000     0.000
data required time                                                         0.000
--------------------------------------------------------------------------------
data required time                                                        -0.000
data arrival time                                                          5.372
--------------------------------------------------------------------------------
slack (MET)                                                                5.372


#Path 24
Startpoint: G13.inpad[0] (.input clocked by virtual_io_clock)
Endpoint  : out:G480.outpad[0] (.output clocked by virtual_io_clock)
Path Type : hold

Point                                                             Incr      Path
--------------------------------------------------------------------------------
clock virtual_io_clock (rise edge)                               0.000     0.000
clock source latency                                             0.000     0.000
input external delay                                             0.000     0.000
G13.inpad[0] (.input)                                            0.000     0.000
G480.in[4] (.names)                                              1.904     1.904
G480.out[0] (.names)                                             0.193     2.097
out:G480.outpad[0] (.output)                                     3.310     5.407
data arrival time                                                          5.407

clock virtual_io_clock (rise edge)                               0.000     0.000
clock source latency                                             0.000     0.000
clock uncertainty                                                0.000     0.000
output external delay                                            0.000     0.000
data required time                                                         0.000
--------------------------------------------------------------------------------
data required time                                                        -0.000
data arrival time                                                          5.407
--------------------------------------------------------------------------------
slack (MET)                                                                5.407


#Path 25
Startpoint: G12.inpad[0] (.input clocked by virtual_io_clock)
Endpoint  : out:G479.outpad[0] (.output clocked by virtual_io_clock)
Path Type : hold

Point                                                             Incr      Path
--------------------------------------------------------------------------------
clock virtual_io_clock (rise edge)                               0.000     0.000
clock source latency                                             0.000     0.000
input external delay                                             0.000     0.000
G12.inpad[0] (.input)                                            0.000     0.000
G479.in[4] (.names)                                              1.771     1.771
G479.out[0] (.names)                                             0.193     1.964
out:G479.outpad[0] (.output)                                     3.452     5.416
data arrival time                                                          5.416

clock virtual_io_clock (rise edge)                               0.000     0.000
clock source latency                                             0.000     0.000
clock uncertainty                                                0.000     0.000
output external delay                                            0.000     0.000
data required time                                                         0.000
--------------------------------------------------------------------------------
data required time                                                        -0.000
data arrival time                                                          5.416
--------------------------------------------------------------------------------
slack (MET)                                                                5.416


#Path 26
Startpoint: G8.inpad[0] (.input clocked by virtual_io_clock)
Endpoint  : out:G475.outpad[0] (.output clocked by virtual_io_clock)
Path Type : hold

Point                                                             Incr      Path
--------------------------------------------------------------------------------
clock virtual_io_clock (rise edge)                               0.000     0.000
clock source latency                                             0.000     0.000
input external delay                                             0.000     0.000
G8.inpad[0] (.input)                                             0.000     0.000
G475.in[4] (.names)                                              1.918     1.918
G475.out[0] (.names)                                             0.193     2.111
out:G475.outpad[0] (.output)                                     3.320     5.431
data arrival time                                                          5.431

clock virtual_io_clock (rise edge)                               0.000     0.000
clock source latency                                             0.000     0.000
clock uncertainty                                                0.000     0.000
output external delay                                            0.000     0.000
data required time                                                         0.000
--------------------------------------------------------------------------------
data required time                                                        -0.000
data arrival time                                                          5.431
--------------------------------------------------------------------------------
slack (MET)                                                                5.431


#Path 27
Startpoint: G30.inpad[0] (.input clocked by virtual_io_clock)
Endpoint  : out:G497.outpad[0] (.output clocked by virtual_io_clock)
Path Type : hold

Point                                                             Incr      Path
--------------------------------------------------------------------------------
clock virtual_io_clock (rise edge)                               0.000     0.000
clock source latency                                             0.000     0.000
input external delay                                             0.000     0.000
G30.inpad[0] (.input)                                            0.000     0.000
G497.in[4] (.names)                                              1.817     1.817
G497.out[0] (.names)                                             0.193     2.010
out:G497.outpad[0] (.output)                                     3.430     5.440
data arrival time                                                          5.440

clock virtual_io_clock (rise edge)                               0.000     0.000
clock source latency                                             0.000     0.000
clock uncertainty                                                0.000     0.000
output external delay                                            0.000     0.000
data required time                                                         0.000
--------------------------------------------------------------------------------
data required time                                                        -0.000
data arrival time                                                          5.440
--------------------------------------------------------------------------------
slack (MET)                                                                5.440


#Path 28
Startpoint: G23.inpad[0] (.input clocked by virtual_io_clock)
Endpoint  : out:G490.outpad[0] (.output clocked by virtual_io_clock)
Path Type : hold

Point                                                             Incr      Path
--------------------------------------------------------------------------------
clock virtual_io_clock (rise edge)                               0.000     0.000
clock source latency                                             0.000     0.000
input external delay                                             0.000     0.000
G23.inpad[0] (.input)                                            0.000     0.000
G490.in[4] (.names)                                              1.845     1.845
G490.out[0] (.names)                                             0.193     2.038
out:G490.outpad[0] (.output)                                     3.404     5.442
data arrival time                                                          5.442

clock virtual_io_clock (rise edge)                               0.000     0.000
clock source latency                                             0.000     0.000
clock uncertainty                                                0.000     0.000
output external delay                                            0.000     0.000
data required time                                                         0.000
--------------------------------------------------------------------------------
data required time                                                        -0.000
data arrival time                                                          5.442
--------------------------------------------------------------------------------
slack (MET)                                                                5.442


#Path 29
Startpoint: G20.inpad[0] (.input clocked by virtual_io_clock)
Endpoint  : out:G487.outpad[0] (.output clocked by virtual_io_clock)
Path Type : hold

Point                                                             Incr      Path
--------------------------------------------------------------------------------
clock virtual_io_clock (rise edge)                               0.000     0.000
clock source latency                                             0.000     0.000
input external delay                                             0.000     0.000
G20.inpad[0] (.input)                                            0.000     0.000
G487.in[4] (.names)                                              1.835     1.835
G487.out[0] (.names)                                             0.193     2.028
out:G487.outpad[0] (.output)                                     3.462     5.491
data arrival time                                                          5.491

clock virtual_io_clock (rise edge)                               0.000     0.000
clock source latency                                             0.000     0.000
clock uncertainty                                                0.000     0.000
output external delay                                            0.000     0.000
data required time                                                         0.000
--------------------------------------------------------------------------------
data required time                                                        -0.000
data arrival time                                                          5.491
--------------------------------------------------------------------------------
slack (MET)                                                                5.491


#Path 30
Startpoint: G29.inpad[0] (.input clocked by virtual_io_clock)
Endpoint  : out:G496.outpad[0] (.output clocked by virtual_io_clock)
Path Type : hold

Point                                                             Incr      Path
--------------------------------------------------------------------------------
clock virtual_io_clock (rise edge)                               0.000     0.000
clock source latency                                             0.000     0.000
input external delay                                             0.000     0.000
G29.inpad[0] (.input)                                            0.000     0.000
G496.in[4] (.names)                                              1.916     1.916
G496.out[0] (.names)                                             0.193     2.109
out:G496.outpad[0] (.output)                                     3.385     5.494
data arrival time                                                          5.494

clock virtual_io_clock (rise edge)                               0.000     0.000
clock source latency                                             0.000     0.000
clock uncertainty                                                0.000     0.000
output external delay                                            0.000     0.000
data required time                                                         0.000
--------------------------------------------------------------------------------
data required time                                                        -0.000
data arrival time                                                          5.494
--------------------------------------------------------------------------------
slack (MET)                                                                5.494


#Path 31
Startpoint: G11.inpad[0] (.input clocked by virtual_io_clock)
Endpoint  : out:G478.outpad[0] (.output clocked by virtual_io_clock)
Path Type : hold

Point                                                             Incr      Path
--------------------------------------------------------------------------------
clock virtual_io_clock (rise edge)                               0.000     0.000
clock source latency                                             0.000     0.000
input external delay                                             0.000     0.000
G11.inpad[0] (.input)                                            0.000     0.000
G478.in[4] (.names)                                              1.921     1.921
G478.out[0] (.names)                                             0.193     2.114
out:G478.outpad[0] (.output)                                     3.395     5.509
data arrival time                                                          5.509

clock virtual_io_clock (rise edge)                               0.000     0.000
clock source latency                                             0.000     0.000
clock uncertainty                                                0.000     0.000
output external delay                                            0.000     0.000
data required time                                                         0.000
--------------------------------------------------------------------------------
data required time                                                        -0.000
data arrival time                                                          5.509
--------------------------------------------------------------------------------
slack (MET)                                                                5.509


#Path 32
Startpoint: G7.inpad[0] (.input clocked by virtual_io_clock)
Endpoint  : out:G474.outpad[0] (.output clocked by virtual_io_clock)
Path Type : hold

Point                                                             Incr      Path
--------------------------------------------------------------------------------
clock virtual_io_clock (rise edge)                               0.000     0.000
clock source latency                                             0.000     0.000
input external delay                                             0.000     0.000
G7.inpad[0] (.input)                                             0.000     0.000
G474.in[4] (.names)                                              1.974     1.974
G474.out[0] (.names)                                             0.193     2.167
out:G474.outpad[0] (.output)                                     3.457     5.624
data arrival time                                                          5.624

clock virtual_io_clock (rise edge)                               0.000     0.000
clock source latency                                             0.000     0.000
clock uncertainty                                                0.000     0.000
output external delay                                            0.000     0.000
data required time                                                         0.000
--------------------------------------------------------------------------------
data required time                                                        -0.000
data arrival time                                                          5.624
--------------------------------------------------------------------------------
slack (MET)                                                                5.624


#End of timing report
