#Timing report of worst 32 path(s)
# Unit scale: 1e-09 seconds
# Output precision: 3

#Path 1
Startpoint: G1.inpad[0] (.input clocked by virtual_io_clock)
Endpoint  : out:G1343.outpad[0] (.output clocked by virtual_io_clock)
Path Type : setup

Point                                                             Incr      Path
--------------------------------------------------------------------------------
clock virtual_io_clock (rise edge)                               0.000     0.000
clock source latency                                             0.000     0.000
input external delay                                             0.000     0.000
G1.inpad[0] (.input)                                             0.000     0.000
new_n78.in[0] (.names)                                           1.014     1.014
new_n78.out[0] (.names)                                          0.261     1.275
new_n77.in[2] (.names)                                           1.014     2.289
new_n77.out[0] (.names)                                          0.261     2.550
new_n103.in[0] (.names)                                          1.014     3.563
new_n103.out[0] (.names)                                         0.261     3.824
G1343.in[2] (.names)                                             1.014     4.838
G1343.out[0] (.names)                                            0.261     5.099
out:G1343.outpad[0] (.output)                                    1.014     6.113
data arrival time                                                          6.113

clock virtual_io_clock (rise edge)                               0.000     0.000
clock source latency                                             0.000     0.000
clock uncertainty                                                0.000     0.000
output external delay                                            0.000     0.000
data required time                                                         0.000
--------------------------------------------------------------------------------
data required time                                                         0.000
data arrival time                                                         -6.113
--------------------------------------------------------------------------------
slack (VIOLATED)                                                          -6.113


#Path 2
Startpoint: G13.inpad[0] (.input clocked by virtual_io_clock)
Endpoint  : out:G1339.outpad[0] (.output clocked by virtual_io_clock)
Path Type : setup

Point                                                             Incr      Path
--------------------------------------------------------------------------------
clock virtual_io_clock (rise edge)                               0.000     0.000
clock source latency                                             0.000     0.000
input external delay                                             0.000     0.000
G13.inpad[0] (.input)                                            0.000     0.000
new_n92.in[0] (.names)                                           1.014     1.014
new_n92.out[0] (.names)                                          0.261     1.275
new_n94.in[2] (.names)                                           1.014     2.289
new_n94.out[0] (.names)                                          0.261     2.550
new_n116.in[0] (.names)                                          1.014     3.563
new_n116.out[0] (.names)                                         0.261     3.824
G1339.in[1] (.names)                                             1.014     4.838
G1339.out[0] (.names)                                            0.261     5.099
out:G1339.outpad[0] (.output)                                    1.014     6.113
data arrival time                                                          6.113

clock virtual_io_clock (rise edge)                               0.000     0.000
clock source latency                                             0.000     0.000
clock uncertainty                                                0.000     0.000
output external delay                                            0.000     0.000
data required time                                                         0.000
--------------------------------------------------------------------------------
data required time                                                         0.000
data arrival time                                                         -6.113
--------------------------------------------------------------------------------
slack (VIOLATED)                                                          -6.113


#Path 3
Startpoint: G13.inpad[0] (.input clocked by virtual_io_clock)
Endpoint  : out:G1338.outpad[0] (.output clocked by virtual_io_clock)
Path Type : setup

Point                                                             Incr      Path
--------------------------------------------------------------------------------
clock virtual_io_clock (rise edge)                               0.000     0.000
clock source latency                                             0.000     0.000
input external delay                                             0.000     0.000
G13.inpad[0] (.input)                                            0.000     0.000
new_n92.in[0] (.names)                                           1.014     1.014
new_n92.out[0] (.names)                                          0.261     1.275
new_n94.in[2] (.names)                                           1.014     2.289
new_n94.out[0] (.names)                                          0.261     2.550
new_n116.in[0] (.names)                                          1.014     3.563
new_n116.out[0] (.names)                                         0.261     3.824
G1338.in[1] (.names)                                             1.014     4.838
G1338.out[0] (.names)                                            0.261     5.099
out:G1338.outpad[0] (.output)                                    1.014     6.113
data arrival time                                                          6.113

clock virtual_io_clock (rise edge)                               0.000     0.000
clock source latency                                             0.000     0.000
clock uncertainty                                                0.000     0.000
output external delay                                            0.000     0.000
data required time                                                         0.000
--------------------------------------------------------------------------------
data required time                                                         0.000
data arrival time                                                         -6.113
--------------------------------------------------------------------------------
slack (VIOLATED)                                                          -6.113


#Path 4
Startpoint: G13.inpad[0] (.input clocked by virtual_io_clock)
Endpoint  : out:G1337.outpad[0] (.output clocked by virtual_io_clock)
Path Type : setup

Point                                                             Incr      Path
--------------------------------------------------------------------------------
clock virtual_io_clock (rise edge)                               0.000     0.000
clock source latency                                             0.000     0.000
input external delay                                             0.000     0.000
G13.inpad[0] (.input)                                            0.000     0.000
new_n92.in[0] (.names)                                           1.014     1.014
new_n92.out[0] (.names)                                          0.261     1.275
new_n94.in[2] (.names)                                           1.014     2.289
new_n94.out[0] (.names)                                          0.261     2.550
new_n116.in[0] (.names)                                          1.014     3.563
new_n116.out[0] (.names)                                         0.261     3.824
G1337.in[1] (.names)                                             1.014     4.838
G1337.out[0] (.names)                                            0.261     5.099
out:G1337.outpad[0] (.output)                                    1.014     6.113
data arrival time                                                          6.113

clock virtual_io_clock (rise edge)                               0.000     0.000
clock source latency                                             0.000     0.000
clock uncertainty                                                0.000     0.000
output external delay                                            0.000     0.000
data required time                                                         0.000
--------------------------------------------------------------------------------
data required time                                                         0.000
data arrival time                                                         -6.113
--------------------------------------------------------------------------------
slack (VIOLATED)                                                          -6.113


#Path 5
Startpoint: G13.inpad[0] (.input clocked by virtual_io_clock)
Endpoint  : out:G1336.outpad[0] (.output clocked by virtual_io_clock)
Path Type : setup

Point                                                             Incr      Path
--------------------------------------------------------------------------------
clock virtual_io_clock (rise edge)                               0.000     0.000
clock source latency                                             0.000     0.000
input external delay                                             0.000     0.000
G13.inpad[0] (.input)                                            0.000     0.000
new_n92.in[0] (.names)                                           1.014     1.014
new_n92.out[0] (.names)                                          0.261     1.275
new_n94.in[2] (.names)                                           1.014     2.289
new_n94.out[0] (.names)                                          0.261     2.550
new_n116.in[0] (.names)                                          1.014     3.563
new_n116.out[0] (.names)                                         0.261     3.824
G1336.in[1] (.names)                                             1.014     4.838
G1336.out[0] (.names)                                            0.261     5.099
out:G1336.outpad[0] (.output)                                    1.014     6.113
data arrival time                                                          6.113

clock virtual_io_clock (rise edge)                               0.000     0.000
clock source latency                                             0.000     0.000
clock uncertainty                                                0.000     0.000
output external delay                                            0.000     0.000
data required time                                                         0.000
--------------------------------------------------------------------------------
data required time                                                         0.000
data arrival time                                                         -6.113
--------------------------------------------------------------------------------
slack (VIOLATED)                                                          -6.113


#Path 6
Startpoint: G1.inpad[0] (.input clocked by virtual_io_clock)
Endpoint  : out:G1335.outpad[0] (.output clocked by virtual_io_clock)
Path Type : setup

Point                                                             Incr      Path
--------------------------------------------------------------------------------
clock virtual_io_clock (rise edge)                               0.000     0.000
clock source latency                                             0.000     0.000
input external delay                                             0.000     0.000
G1.inpad[0] (.input)                                             0.000     0.000
new_n78.in[0] (.names)                                           1.014     1.014
new_n78.out[0] (.names)                                          0.261     1.275
new_n77.in[2] (.names)                                           1.014     2.289
new_n77.out[0] (.names)                                          0.261     2.550
new_n76.in[0] (.names)                                           1.014     3.563
new_n76.out[0] (.names)                                          0.261     3.824
G1335.in[2] (.names)                                             1.014     4.838
G1335.out[0] (.names)                                            0.261     5.099
out:G1335.outpad[0] (.output)                                    1.014     6.113
data arrival time                                                          6.113

clock virtual_io_clock (rise edge)                               0.000     0.000
clock source latency                                             0.000     0.000
clock uncertainty                                                0.000     0.000
output external delay                                            0.000     0.000
data required time                                                         0.000
--------------------------------------------------------------------------------
data required time                                                         0.000
data arrival time                                                         -6.113
--------------------------------------------------------------------------------
slack (VIOLATED)                                                          -6.113


#Path 7
Startpoint: G1.inpad[0] (.input clocked by virtual_io_clock)
Endpoint  : out:G1334.outpad[0] (.output clocked by virtual_io_clock)
Path Type : setup

Point                                                             Incr      Path
--------------------------------------------------------------------------------
clock virtual_io_clock (rise edge)                               0.000     0.000
clock source latency                                             0.000     0.000
input external delay                                             0.000     0.000
G1.inpad[0] (.input)                                             0.000     0.000
new_n78.in[0] (.names)                                           1.014     1.014
new_n78.out[0] (.names)                                          0.261     1.275
new_n77.in[2] (.names)                                           1.014     2.289
new_n77.out[0] (.names)                                          0.261     2.550
new_n76.in[0] (.names)                                           1.014     3.563
new_n76.out[0] (.names)                                          0.261     3.824
G1334.in[2] (.names)                                             1.014     4.838
G1334.out[0] (.names)                                            0.261     5.099
out:G1334.outpad[0] (.output)                                    1.014     6.113
data arrival time                                                          6.113

clock virtual_io_clock (rise edge)                               0.000     0.000
clock source latency                                             0.000     0.000
clock uncertainty                                                0.000     0.000
output external delay                                            0.000     0.000
data required time                                                         0.000
--------------------------------------------------------------------------------
data required time                                                         0.000
data arrival time                                                         -6.113
--------------------------------------------------------------------------------
slack (VIOLATED)                                                          -6.113


#Path 8
Startpoint: G1.inpad[0] (.input clocked by virtual_io_clock)
Endpoint  : out:G1333.outpad[0] (.output clocked by virtual_io_clock)
Path Type : setup

Point                                                             Incr      Path
--------------------------------------------------------------------------------
clock virtual_io_clock (rise edge)                               0.000     0.000
clock source latency                                             0.000     0.000
input external delay                                             0.000     0.000
G1.inpad[0] (.input)                                             0.000     0.000
new_n78.in[0] (.names)                                           1.014     1.014
new_n78.out[0] (.names)                                          0.261     1.275
new_n77.in[2] (.names)                                           1.014     2.289
new_n77.out[0] (.names)                                          0.261     2.550
new_n76.in[0] (.names)                                           1.014     3.563
new_n76.out[0] (.names)                                          0.261     3.824
G1333.in[2] (.names)                                             1.014     4.838
G1333.out[0] (.names)                                            0.261     5.099
out:G1333.outpad[0] (.output)                                    1.014     6.113
data arrival time                                                          6.113

clock virtual_io_clock (rise edge)                               0.000     0.000
clock source latency                                             0.000     0.000
clock uncertainty                                                0.000     0.000
output external delay                                            0.000     0.000
data required time                                                         0.000
--------------------------------------------------------------------------------
data required time                                                         0.000
data arrival time                                                         -6.113
--------------------------------------------------------------------------------
slack (VIOLATED)                                                          -6.113


#Path 9
Startpoint: G1.inpad[0] (.input clocked by virtual_io_clock)
Endpoint  : out:G1332.outpad[0] (.output clocked by virtual_io_clock)
Path Type : setup

Point                                                             Incr      Path
--------------------------------------------------------------------------------
clock virtual_io_clock (rise edge)                               0.000     0.000
clock source latency                                             0.000     0.000
input external delay                                             0.000     0.000
G1.inpad[0] (.input)                                             0.000     0.000
new_n78.in[0] (.names)                                           1.014     1.014
new_n78.out[0] (.names)                                          0.261     1.275
new_n77.in[2] (.names)                                           1.014     2.289
new_n77.out[0] (.names)                                          0.261     2.550
new_n76.in[0] (.names)                                           1.014     3.563
new_n76.out[0] (.names)                                          0.261     3.824
G1332.in[2] (.names)                                             1.014     4.838
G1332.out[0] (.names)                                            0.261     5.099
out:G1332.outpad[0] (.output)                                    1.014     6.113
data arrival time                                                          6.113

clock virtual_io_clock (rise edge)                               0.000     0.000
clock source latency                                             0.000     0.000
clock uncertainty                                                0.000     0.000
output external delay                                            0.000     0.000
data required time                                                         0.000
--------------------------------------------------------------------------------
data required time                                                         0.000
data arrival time                                                         -6.113
--------------------------------------------------------------------------------
slack (VIOLATED)                                                          -6.113


#Path 10
Startpoint: G29.inpad[0] (.input clocked by virtual_io_clock)
Endpoint  : out:G1351.outpad[0] (.output clocked by virtual_io_clock)
Path Type : setup

Point                                                             Incr      Path
--------------------------------------------------------------------------------
clock virtual_io_clock (rise edge)                               0.000     0.000
clock source latency                                             0.000     0.000
input external delay                                             0.000     0.000
G29.inpad[0] (.input)                                            0.000     0.000
new_n83.in[0] (.names)                                           1.014     1.014
new_n83.out[0] (.names)                                          0.261     1.275
new_n87.in[2] (.names)                                           1.014     2.289
new_n87.out[0] (.names)                                          0.261     2.550
new_n131.in[0] (.names)                                          1.014     3.563
new_n131.out[0] (.names)                                         0.261     3.824
G1351.in[2] (.names)                                             1.014     4.838
G1351.out[0] (.names)                                            0.261     5.099
out:G1351.outpad[0] (.output)                                    1.014     6.113
data arrival time                                                          6.113

clock virtual_io_clock (rise edge)                               0.000     0.000
clock source latency                                             0.000     0.000
clock uncertainty                                                0.000     0.000
output external delay                                            0.000     0.000
data required time                                                         0.000
--------------------------------------------------------------------------------
data required time                                                         0.000
data arrival time                                                         -6.113
--------------------------------------------------------------------------------
slack (VIOLATED)                                                          -6.113


#Path 11
Startpoint: G29.inpad[0] (.input clocked by virtual_io_clock)
Endpoint  : out:G1350.outpad[0] (.output clocked by virtual_io_clock)
Path Type : setup

Point                                                             Incr      Path
--------------------------------------------------------------------------------
clock virtual_io_clock (rise edge)                               0.000     0.000
clock source latency                                             0.000     0.000
input external delay                                             0.000     0.000
G29.inpad[0] (.input)                                            0.000     0.000
new_n83.in[0] (.names)                                           1.014     1.014
new_n83.out[0] (.names)                                          0.261     1.275
new_n87.in[2] (.names)                                           1.014     2.289
new_n87.out[0] (.names)                                          0.261     2.550
new_n131.in[0] (.names)                                          1.014     3.563
new_n131.out[0] (.names)                                         0.261     3.824
G1350.in[2] (.names)                                             1.014     4.838
G1350.out[0] (.names)                                            0.261     5.099
out:G1350.outpad[0] (.output)                                    1.014     6.113
data arrival time                                                          6.113

clock virtual_io_clock (rise edge)                               0.000     0.000
clock source latency                                             0.000     0.000
clock uncertainty                                                0.000     0.000
output external delay                                            0.000     0.000
data required time                                                         0.000
--------------------------------------------------------------------------------
data required time                                                         0.000
data arrival time                                                         -6.113
--------------------------------------------------------------------------------
slack (VIOLATED)                                                          -6.113


#Path 12
Startpoint: G29.inpad[0] (.input clocked by virtual_io_clock)
Endpoint  : out:G1349.outpad[0] (.output clocked by virtual_io_clock)
Path Type : setup

Point                                                             Incr      Path
--------------------------------------------------------------------------------
clock virtual_io_clock (rise edge)                               0.000     0.000
clock source latency                                             0.000     0.000
input external delay                                             0.000     0.000
G29.inpad[0] (.input)                                            0.000     0.000
new_n83.in[0] (.names)                                           1.014     1.014
new_n83.out[0] (.names)                                          0.261     1.275
new_n87.in[2] (.names)                                           1.014     2.289
new_n87.out[0] (.names)                                          0.261     2.550
new_n131.in[0] (.names)                                          1.014     3.563
new_n131.out[0] (.names)                                         0.261     3.824
G1349.in[2] (.names)                                             1.014     4.838
G1349.out[0] (.names)                                            0.261     5.099
out:G1349.outpad[0] (.output)                                    1.014     6.113
data arrival time                                                          6.113

clock virtual_io_clock (rise edge)                               0.000     0.000
clock source latency                                             0.000     0.000
clock uncertainty                                                0.000     0.000
output external delay                                            0.000     0.000
data required time                                                         0.000
--------------------------------------------------------------------------------
data required time                                                         0.000
data arrival time                                                         -6.113
--------------------------------------------------------------------------------
slack (VIOLATED)                                                          -6.113


#Path 13
Startpoint: G29.inpad[0] (.input clocked by virtual_io_clock)
Endpoint  : out:G1348.outpad[0] (.output clocked by virtual_io_clock)
Path Type : setup

Point                                                             Incr      Path
--------------------------------------------------------------------------------
clock virtual_io_clock (rise edge)                               0.000     0.000
clock source latency                                             0.000     0.000
input external delay                                             0.000     0.000
G29.inpad[0] (.input)                                            0.000     0.000
new_n83.in[0] (.names)                                           1.014     1.014
new_n83.out[0] (.names)                                          0.261     1.275
new_n87.in[2] (.names)                                           1.014     2.289
new_n87.out[0] (.names)                                          0.261     2.550
new_n131.in[0] (.names)                                          1.014     3.563
new_n131.out[0] (.names)                                         0.261     3.824
G1348.in[2] (.names)                                             1.014     4.838
G1348.out[0] (.names)                                            0.261     5.099
out:G1348.outpad[0] (.output)                                    1.014     6.113
data arrival time                                                          6.113

clock virtual_io_clock (rise edge)                               0.000     0.000
clock source latency                                             0.000     0.000
clock uncertainty                                                0.000     0.000
output external delay                                            0.000     0.000
data required time                                                         0.000
--------------------------------------------------------------------------------
data required time                                                         0.000
data arrival time                                                         -6.113
--------------------------------------------------------------------------------
slack (VIOLATED)                                                          -6.113


#Path 14
Startpoint: G1.inpad[0] (.input clocked by virtual_io_clock)
Endpoint  : out:G1342.outpad[0] (.output clocked by virtual_io_clock)
Path Type : setup

Point                                                             Incr      Path
--------------------------------------------------------------------------------
clock virtual_io_clock (rise edge)                               0.000     0.000
clock source latency                                             0.000     0.000
input external delay                                             0.000     0.000
G1.inpad[0] (.input)                                             0.000     0.000
new_n78.in[0] (.names)                                           1.014     1.014
new_n78.out[0] (.names)                                          0.261     1.275
new_n77.in[2] (.names)                                           1.014     2.289
new_n77.out[0] (.names)                                          0.261     2.550
new_n103.in[0] (.names)                                          1.014     3.563
new_n103.out[0] (.names)                                         0.261     3.824
G1342.in[2] (.names)                                             1.014     4.838
G1342.out[0] (.names)                                            0.261     5.099
out:G1342.outpad[0] (.output)                                    1.014     6.113
data arrival time                                                          6.113

clock virtual_io_clock (rise edge)                               0.000     0.000
clock source latency                                             0.000     0.000
clock uncertainty                                                0.000     0.000
output external delay                                            0.000     0.000
data required time                                                         0.000
--------------------------------------------------------------------------------
data required time                                                         0.000
data arrival time                                                         -6.113
--------------------------------------------------------------------------------
slack (VIOLATED)                                                          -6.113


#Path 15
Startpoint: G1.inpad[0] (.input clocked by virtual_io_clock)
Endpoint  : out:G1341.outpad[0] (.output clocked by virtual_io_clock)
Path Type : setup

Point                                                             Incr      Path
--------------------------------------------------------------------------------
clock virtual_io_clock (rise edge)                               0.000     0.000
clock source latency                                             0.000     0.000
input external delay                                             0.000     0.000
G1.inpad[0] (.input)                                             0.000     0.000
new_n78.in[0] (.names)                                           1.014     1.014
new_n78.out[0] (.names)                                          0.261     1.275
new_n77.in[2] (.names)                                           1.014     2.289
new_n77.out[0] (.names)                                          0.261     2.550
new_n103.in[0] (.names)                                          1.014     3.563
new_n103.out[0] (.names)                                         0.261     3.824
G1341.in[2] (.names)                                             1.014     4.838
G1341.out[0] (.names)                                            0.261     5.099
out:G1341.outpad[0] (.output)                                    1.014     6.113
data arrival time                                                          6.113

clock virtual_io_clock (rise edge)                               0.000     0.000
clock source latency                                             0.000     0.000
clock uncertainty                                                0.000     0.000
output external delay                                            0.000     0.000
data required time                                                         0.000
--------------------------------------------------------------------------------
data required time                                                         0.000
data arrival time                                                         -6.113
--------------------------------------------------------------------------------
slack (VIOLATED)                                                          -6.113


#Path 16
Startpoint: G1.inpad[0] (.input clocked by virtual_io_clock)
Endpoint  : out:G1340.outpad[0] (.output clocked by virtual_io_clock)
Path Type : setup

Point                                                             Incr      Path
--------------------------------------------------------------------------------
clock virtual_io_clock (rise edge)                               0.000     0.000
clock source latency                                             0.000     0.000
input external delay                                             0.000     0.000
G1.inpad[0] (.input)                                             0.000     0.000
new_n78.in[0] (.names)                                           1.014     1.014
new_n78.out[0] (.names)                                          0.261     1.275
new_n77.in[2] (.names)                                           1.014     2.289
new_n77.out[0] (.names)                                          0.261     2.550
new_n103.in[0] (.names)                                          1.014     3.563
new_n103.out[0] (.names)                                         0.261     3.824
G1340.in[2] (.names)                                             1.014     4.838
G1340.out[0] (.names)                                            0.261     5.099
out:G1340.outpad[0] (.output)                                    1.014     6.113
data arrival time                                                          6.113

clock virtual_io_clock (rise edge)                               0.000     0.000
clock source latency                                             0.000     0.000
clock uncertainty                                                0.000     0.000
output external delay                                            0.000     0.000
data required time                                                         0.000
--------------------------------------------------------------------------------
data required time                                                         0.000
data arrival time                                                         -6.113
--------------------------------------------------------------------------------
slack (VIOLATED)                                                          -6.113


#Path 17
Startpoint: G1.inpad[0] (.input clocked by virtual_io_clock)
Endpoint  : out:G1324.outpad[0] (.output clocked by virtual_io_clock)
Path Type : setup

Point                                                             Incr      Path
--------------------------------------------------------------------------------
clock virtual_io_clock (rise edge)                               0.000     0.000
clock source latency                                             0.000     0.000
input external delay                                             0.000     0.000
G1.inpad[0] (.input)                                             0.000     0.000
new_n78.in[0] (.names)                                           1.014     1.014
new_n78.out[0] (.names)                                          0.261     1.275
new_n77.in[2] (.names)                                           1.014     2.289
new_n77.out[0] (.names)                                          0.261     2.550
new_n76.in[0] (.names)                                           1.014     3.563
new_n76.out[0] (.names)                                          0.261     3.824
G1324.in[2] (.names)                                             1.014     4.838
G1324.out[0] (.names)                                            0.261     5.099
out:G1324.outpad[0] (.output)                                    1.014     6.113
data arrival time                                                          6.113

clock virtual_io_clock (rise edge)                               0.000     0.000
clock source latency                                             0.000     0.000
clock uncertainty                                                0.000     0.000
output external delay                                            0.000     0.000
data required time                                                         0.000
--------------------------------------------------------------------------------
data required time                                                         0.000
data arrival time                                                         -6.113
--------------------------------------------------------------------------------
slack (VIOLATED)                                                          -6.113


#Path 18
Startpoint: G29.inpad[0] (.input clocked by virtual_io_clock)
Endpoint  : out:G1355.outpad[0] (.output clocked by virtual_io_clock)
Path Type : setup

Point                                                             Incr      Path
--------------------------------------------------------------------------------
clock virtual_io_clock (rise edge)                               0.000     0.000
clock source latency                                             0.000     0.000
input external delay                                             0.000     0.000
G29.inpad[0] (.input)                                            0.000     0.000
new_n83.in[0] (.names)                                           1.014     1.014
new_n83.out[0] (.names)                                          0.261     1.275
new_n87.in[2] (.names)                                           1.014     2.289
new_n87.out[0] (.names)                                          0.261     2.550
new_n131.in[0] (.names)                                          1.014     3.563
new_n131.out[0] (.names)                                         0.261     3.824
G1355.in[1] (.names)                                             1.014     4.838
G1355.out[0] (.names)                                            0.261     5.099
out:G1355.outpad[0] (.output)                                    1.014     6.113
data arrival time                                                          6.113

clock virtual_io_clock (rise edge)                               0.000     0.000
clock source latency                                             0.000     0.000
clock uncertainty                                                0.000     0.000
output external delay                                            0.000     0.000
data required time                                                         0.000
--------------------------------------------------------------------------------
data required time                                                         0.000
data arrival time                                                         -6.113
--------------------------------------------------------------------------------
slack (VIOLATED)                                                          -6.113


#Path 19
Startpoint: G29.inpad[0] (.input clocked by virtual_io_clock)
Endpoint  : out:G1354.outpad[0] (.output clocked by virtual_io_clock)
Path Type : setup

Point                                                             Incr      Path
--------------------------------------------------------------------------------
clock virtual_io_clock (rise edge)                               0.000     0.000
clock source latency                                             0.000     0.000
input external delay                                             0.000     0.000
G29.inpad[0] (.input)                                            0.000     0.000
new_n83.in[0] (.names)                                           1.014     1.014
new_n83.out[0] (.names)                                          0.261     1.275
new_n87.in[2] (.names)                                           1.014     2.289
new_n87.out[0] (.names)                                          0.261     2.550
new_n131.in[0] (.names)                                          1.014     3.563
new_n131.out[0] (.names)                                         0.261     3.824
G1354.in[1] (.names)                                             1.014     4.838
G1354.out[0] (.names)                                            0.261     5.099
out:G1354.outpad[0] (.output)                                    1.014     6.113
data arrival time                                                          6.113

clock virtual_io_clock (rise edge)                               0.000     0.000
clock source latency                                             0.000     0.000
clock uncertainty                                                0.000     0.000
output external delay                                            0.000     0.000
data required time                                                         0.000
--------------------------------------------------------------------------------
data required time                                                         0.000
data arrival time                                                         -6.113
--------------------------------------------------------------------------------
slack (VIOLATED)                                                          -6.113


#Path 20
Startpoint: G29.inpad[0] (.input clocked by virtual_io_clock)
Endpoint  : out:G1353.outpad[0] (.output clocked by virtual_io_clock)
Path Type : setup

Point                                                             Incr      Path
--------------------------------------------------------------------------------
clock virtual_io_clock (rise edge)                               0.000     0.000
clock source latency                                             0.000     0.000
input external delay                                             0.000     0.000
G29.inpad[0] (.input)                                            0.000     0.000
new_n83.in[0] (.names)                                           1.014     1.014
new_n83.out[0] (.names)                                          0.261     1.275
new_n87.in[2] (.names)                                           1.014     2.289
new_n87.out[0] (.names)                                          0.261     2.550
new_n131.in[0] (.names)                                          1.014     3.563
new_n131.out[0] (.names)                                         0.261     3.824
G1353.in[1] (.names)                                             1.014     4.838
G1353.out[0] (.names)                                            0.261     5.099
out:G1353.outpad[0] (.output)                                    1.014     6.113
data arrival time                                                          6.113

clock virtual_io_clock (rise edge)                               0.000     0.000
clock source latency                                             0.000     0.000
clock uncertainty                                                0.000     0.000
output external delay                                            0.000     0.000
data required time                                                         0.000
--------------------------------------------------------------------------------
data required time                                                         0.000
data arrival time                                                         -6.113
--------------------------------------------------------------------------------
slack (VIOLATED)                                                          -6.113


#Path 21
Startpoint: G29.inpad[0] (.input clocked by virtual_io_clock)
Endpoint  : out:G1352.outpad[0] (.output clocked by virtual_io_clock)
Path Type : setup

Point                                                             Incr      Path
--------------------------------------------------------------------------------
clock virtual_io_clock (rise edge)                               0.000     0.000
clock source latency                                             0.000     0.000
input external delay                                             0.000     0.000
G29.inpad[0] (.input)                                            0.000     0.000
new_n83.in[0] (.names)                                           1.014     1.014
new_n83.out[0] (.names)                                          0.261     1.275
new_n87.in[2] (.names)                                           1.014     2.289
new_n87.out[0] (.names)                                          0.261     2.550
new_n131.in[0] (.names)                                          1.014     3.563
new_n131.out[0] (.names)                                         0.261     3.824
G1352.in[1] (.names)                                             1.014     4.838
G1352.out[0] (.names)                                            0.261     5.099
out:G1352.outpad[0] (.output)                                    1.014     6.113
data arrival time                                                          6.113

clock virtual_io_clock (rise edge)                               0.000     0.000
clock source latency                                             0.000     0.000
clock uncertainty                                                0.000     0.000
output external delay                                            0.000     0.000
data required time                                                         0.000
--------------------------------------------------------------------------------
data required time                                                         0.000
data arrival time                                                         -6.113
--------------------------------------------------------------------------------
slack (VIOLATED)                                                          -6.113


#Path 22
Startpoint: G1.inpad[0] (.input clocked by virtual_io_clock)
Endpoint  : out:G1347.outpad[0] (.output clocked by virtual_io_clock)
Path Type : setup

Point                                                             Incr      Path
--------------------------------------------------------------------------------
clock virtual_io_clock (rise edge)                               0.000     0.000
clock source latency                                             0.000     0.000
input external delay                                             0.000     0.000
G1.inpad[0] (.input)                                             0.000     0.000
new_n78.in[0] (.names)                                           1.014     1.014
new_n78.out[0] (.names)                                          0.261     1.275
new_n77.in[2] (.names)                                           1.014     2.289
new_n77.out[0] (.names)                                          0.261     2.550
new_n103.in[0] (.names)                                          1.014     3.563
new_n103.out[0] (.names)                                         0.261     3.824
G1347.in[1] (.names)                                             1.014     4.838
G1347.out[0] (.names)                                            0.261     5.099
out:G1347.outpad[0] (.output)                                    1.014     6.113
data arrival time                                                          6.113

clock virtual_io_clock (rise edge)                               0.000     0.000
clock source latency                                             0.000     0.000
clock uncertainty                                                0.000     0.000
output external delay                                            0.000     0.000
data required time                                                         0.000
--------------------------------------------------------------------------------
data required time                                                         0.000
data arrival time                                                         -6.113
--------------------------------------------------------------------------------
slack (VIOLATED)                                                          -6.113


#Path 23
Startpoint: G1.inpad[0] (.input clocked by virtual_io_clock)
Endpoint  : out:G1346.outpad[0] (.output clocked by virtual_io_clock)
Path Type : setup

Point                                                             Incr      Path
--------------------------------------------------------------------------------
clock virtual_io_clock (rise edge)                               0.000     0.000
clock source latency                                             0.000     0.000
input external delay                                             0.000     0.000
G1.inpad[0] (.input)                                             0.000     0.000
new_n78.in[0] (.names)                                           1.014     1.014
new_n78.out[0] (.names)                                          0.261     1.275
new_n77.in[2] (.names)                                           1.014     2.289
new_n77.out[0] (.names)                                          0.261     2.550
new_n103.in[0] (.names)                                          1.014     3.563
new_n103.out[0] (.names)                                         0.261     3.824
G1346.in[1] (.names)                                             1.014     4.838
G1346.out[0] (.names)                                            0.261     5.099
out:G1346.outpad[0] (.output)                                    1.014     6.113
data arrival time                                                          6.113

clock virtual_io_clock (rise edge)                               0.000     0.000
clock source latency                                             0.000     0.000
clock uncertainty                                                0.000     0.000
output external delay                                            0.000     0.000
data required time                                                         0.000
--------------------------------------------------------------------------------
data required time                                                         0.000
data arrival time                                                         -6.113
--------------------------------------------------------------------------------
slack (VIOLATED)                                                          -6.113


#Path 24
Startpoint: G1.inpad[0] (.input clocked by virtual_io_clock)
Endpoint  : out:G1345.outpad[0] (.output clocked by virtual_io_clock)
Path Type : setup

Point                                                             Incr      Path
--------------------------------------------------------------------------------
clock virtual_io_clock (rise edge)                               0.000     0.000
clock source latency                                             0.000     0.000
input external delay                                             0.000     0.000
G1.inpad[0] (.input)                                             0.000     0.000
new_n78.in[0] (.names)                                           1.014     1.014
new_n78.out[0] (.names)                                          0.261     1.275
new_n77.in[2] (.names)                                           1.014     2.289
new_n77.out[0] (.names)                                          0.261     2.550
new_n103.in[0] (.names)                                          1.014     3.563
new_n103.out[0] (.names)                                         0.261     3.824
G1345.in[1] (.names)                                             1.014     4.838
G1345.out[0] (.names)                                            0.261     5.099
out:G1345.outpad[0] (.output)                                    1.014     6.113
data arrival time                                                          6.113

clock virtual_io_clock (rise edge)                               0.000     0.000
clock source latency                                             0.000     0.000
clock uncertainty                                                0.000     0.000
output external delay                                            0.000     0.000
data required time                                                         0.000
--------------------------------------------------------------------------------
data required time                                                         0.000
data arrival time                                                         -6.113
--------------------------------------------------------------------------------
slack (VIOLATED)                                                          -6.113


#Path 25
Startpoint: G1.inpad[0] (.input clocked by virtual_io_clock)
Endpoint  : out:G1344.outpad[0] (.output clocked by virtual_io_clock)
Path Type : setup

Point                                                             Incr      Path
--------------------------------------------------------------------------------
clock virtual_io_clock (rise edge)                               0.000     0.000
clock source latency                                             0.000     0.000
input external delay                                             0.000     0.000
G1.inpad[0] (.input)                                             0.000     0.000
new_n78.in[0] (.names)                                           1.014     1.014
new_n78.out[0] (.names)                                          0.261     1.275
new_n77.in[2] (.names)                                           1.014     2.289
new_n77.out[0] (.names)                                          0.261     2.550
new_n103.in[0] (.names)                                          1.014     3.563
new_n103.out[0] (.names)                                         0.261     3.824
G1344.in[1] (.names)                                             1.014     4.838
G1344.out[0] (.names)                                            0.261     5.099
out:G1344.outpad[0] (.output)                                    1.014     6.113
data arrival time                                                          6.113

clock virtual_io_clock (rise edge)                               0.000     0.000
clock source latency                                             0.000     0.000
clock uncertainty                                                0.000     0.000
output external delay                                            0.000     0.000
data required time                                                         0.000
--------------------------------------------------------------------------------
data required time                                                         0.000
data arrival time                                                         -6.113
--------------------------------------------------------------------------------
slack (VIOLATED)                                                          -6.113


#Path 26
Startpoint: G5.inpad[0] (.input clocked by virtual_io_clock)
Endpoint  : out:G1331.outpad[0] (.output clocked by virtual_io_clock)
Path Type : setup

Point                                                             Incr      Path
--------------------------------------------------------------------------------
clock virtual_io_clock (rise edge)                               0.000     0.000
clock source latency                                             0.000     0.000
input external delay                                             0.000     0.000
G5.inpad[0] (.input)                                             0.000     0.000
new_n91.in[0] (.names)                                           1.014     1.014
new_n91.out[0] (.names)                                          0.261     1.275
new_n97.in[2] (.names)                                           1.014     2.289
new_n97.out[0] (.names)                                          0.261     2.550
new_n93.in[0] (.names)                                           1.014     3.563
new_n93.out[0] (.names)                                          0.261     3.824
G1331.in[1] (.names)                                             1.014     4.838
G1331.out[0] (.names)                                            0.261     5.099
out:G1331.outpad[0] (.output)                                    1.014     6.113
data arrival time                                                          6.113

clock virtual_io_clock (rise edge)                               0.000     0.000
clock source latency                                             0.000     0.000
clock uncertainty                                                0.000     0.000
output external delay                                            0.000     0.000
data required time                                                         0.000
--------------------------------------------------------------------------------
data required time                                                         0.000
data arrival time                                                         -6.113
--------------------------------------------------------------------------------
slack (VIOLATED)                                                          -6.113


#Path 27
Startpoint: G5.inpad[0] (.input clocked by virtual_io_clock)
Endpoint  : out:G1330.outpad[0] (.output clocked by virtual_io_clock)
Path Type : setup

Point                                                             Incr      Path
--------------------------------------------------------------------------------
clock virtual_io_clock (rise edge)                               0.000     0.000
clock source latency                                             0.000     0.000
input external delay                                             0.000     0.000
G5.inpad[0] (.input)                                             0.000     0.000
new_n91.in[0] (.names)                                           1.014     1.014
new_n91.out[0] (.names)                                          0.261     1.275
new_n97.in[2] (.names)                                           1.014     2.289
new_n97.out[0] (.names)                                          0.261     2.550
new_n93.in[0] (.names)                                           1.014     3.563
new_n93.out[0] (.names)                                          0.261     3.824
G1330.in[1] (.names)                                             1.014     4.838
G1330.out[0] (.names)                                            0.261     5.099
out:G1330.outpad[0] (.output)                                    1.014     6.113
data arrival time                                                          6.113

clock virtual_io_clock (rise edge)                               0.000     0.000
clock source latency                                             0.000     0.000
clock uncertainty                                                0.000     0.000
output external delay                                            0.000     0.000
data required time                                                         0.000
--------------------------------------------------------------------------------
data required time                                                         0.000
data arrival time                                                         -6.113
--------------------------------------------------------------------------------
slack (VIOLATED)                                                          -6.113


#Path 28
Startpoint: G5.inpad[0] (.input clocked by virtual_io_clock)
Endpoint  : out:G1329.outpad[0] (.output clocked by virtual_io_clock)
Path Type : setup

Point                                                             Incr      Path
--------------------------------------------------------------------------------
clock virtual_io_clock (rise edge)                               0.000     0.000
clock source latency                                             0.000     0.000
input external delay                                             0.000     0.000
G5.inpad[0] (.input)                                             0.000     0.000
new_n91.in[0] (.names)                                           1.014     1.014
new_n91.out[0] (.names)                                          0.261     1.275
new_n97.in[2] (.names)                                           1.014     2.289
new_n97.out[0] (.names)                                          0.261     2.550
new_n93.in[0] (.names)                                           1.014     3.563
new_n93.out[0] (.names)                                          0.261     3.824
G1329.in[1] (.names)                                             1.014     4.838
G1329.out[0] (.names)                                            0.261     5.099
out:G1329.outpad[0] (.output)                                    1.014     6.113
data arrival time                                                          6.113

clock virtual_io_clock (rise edge)                               0.000     0.000
clock source latency                                             0.000     0.000
clock uncertainty                                                0.000     0.000
output external delay                                            0.000     0.000
data required time                                                         0.000
--------------------------------------------------------------------------------
data required time                                                         0.000
data arrival time                                                         -6.113
--------------------------------------------------------------------------------
slack (VIOLATED)                                                          -6.113


#Path 29
Startpoint: G5.inpad[0] (.input clocked by virtual_io_clock)
Endpoint  : out:G1328.outpad[0] (.output clocked by virtual_io_clock)
Path Type : setup

Point                                                             Incr      Path
--------------------------------------------------------------------------------
clock virtual_io_clock (rise edge)                               0.000     0.000
clock source latency                                             0.000     0.000
input external delay                                             0.000     0.000
G5.inpad[0] (.input)                                             0.000     0.000
new_n91.in[0] (.names)                                           1.014     1.014
new_n91.out[0] (.names)                                          0.261     1.275
new_n97.in[2] (.names)                                           1.014     2.289
new_n97.out[0] (.names)                                          0.261     2.550
new_n93.in[0] (.names)                                           1.014     3.563
new_n93.out[0] (.names)                                          0.261     3.824
G1328.in[1] (.names)                                             1.014     4.838
G1328.out[0] (.names)                                            0.261     5.099
out:G1328.outpad[0] (.output)                                    1.014     6.113
data arrival time                                                          6.113

clock virtual_io_clock (rise edge)                               0.000     0.000
clock source latency                                             0.000     0.000
clock uncertainty                                                0.000     0.000
output external delay                                            0.000     0.000
data required time                                                         0.000
--------------------------------------------------------------------------------
data required time                                                         0.000
data arrival time                                                         -6.113
--------------------------------------------------------------------------------
slack (VIOLATED)                                                          -6.113


#Path 30
Startpoint: G1.inpad[0] (.input clocked by virtual_io_clock)
Endpoint  : out:G1327.outpad[0] (.output clocked by virtual_io_clock)
Path Type : setup

Point                                                             Incr      Path
--------------------------------------------------------------------------------
clock virtual_io_clock (rise edge)                               0.000     0.000
clock source latency                                             0.000     0.000
input external delay                                             0.000     0.000
G1.inpad[0] (.input)                                             0.000     0.000
new_n78.in[0] (.names)                                           1.014     1.014
new_n78.out[0] (.names)                                          0.261     1.275
new_n77.in[2] (.names)                                           1.014     2.289
new_n77.out[0] (.names)                                          0.261     2.550
new_n76.in[0] (.names)                                           1.014     3.563
new_n76.out[0] (.names)                                          0.261     3.824
G1327.in[2] (.names)                                             1.014     4.838
G1327.out[0] (.names)                                            0.261     5.099
out:G1327.outpad[0] (.output)                                    1.014     6.113
data arrival time                                                          6.113

clock virtual_io_clock (rise edge)                               0.000     0.000
clock source latency                                             0.000     0.000
clock uncertainty                                                0.000     0.000
output external delay                                            0.000     0.000
data required time                                                         0.000
--------------------------------------------------------------------------------
data required time                                                         0.000
data arrival time                                                         -6.113
--------------------------------------------------------------------------------
slack (VIOLATED)                                                          -6.113


#Path 31
Startpoint: G1.inpad[0] (.input clocked by virtual_io_clock)
Endpoint  : out:G1326.outpad[0] (.output clocked by virtual_io_clock)
Path Type : setup

Point                                                             Incr      Path
--------------------------------------------------------------------------------
clock virtual_io_clock (rise edge)                               0.000     0.000
clock source latency                                             0.000     0.000
input external delay                                             0.000     0.000
G1.inpad[0] (.input)                                             0.000     0.000
new_n78.in[0] (.names)                                           1.014     1.014
new_n78.out[0] (.names)                                          0.261     1.275
new_n77.in[2] (.names)                                           1.014     2.289
new_n77.out[0] (.names)                                          0.261     2.550
new_n76.in[0] (.names)                                           1.014     3.563
new_n76.out[0] (.names)                                          0.261     3.824
G1326.in[2] (.names)                                             1.014     4.838
G1326.out[0] (.names)                                            0.261     5.099
out:G1326.outpad[0] (.output)                                    1.014     6.113
data arrival time                                                          6.113

clock virtual_io_clock (rise edge)                               0.000     0.000
clock source latency                                             0.000     0.000
clock uncertainty                                                0.000     0.000
output external delay                                            0.000     0.000
data required time                                                         0.000
--------------------------------------------------------------------------------
data required time                                                         0.000
data arrival time                                                         -6.113
--------------------------------------------------------------------------------
slack (VIOLATED)                                                          -6.113


#Path 32
Startpoint: G1.inpad[0] (.input clocked by virtual_io_clock)
Endpoint  : out:G1325.outpad[0] (.output clocked by virtual_io_clock)
Path Type : setup

Point                                                             Incr      Path
--------------------------------------------------------------------------------
clock virtual_io_clock (rise edge)                               0.000     0.000
clock source latency                                             0.000     0.000
input external delay                                             0.000     0.000
G1.inpad[0] (.input)                                             0.000     0.000
new_n78.in[0] (.names)                                           1.014     1.014
new_n78.out[0] (.names)                                          0.261     1.275
new_n77.in[2] (.names)                                           1.014     2.289
new_n77.out[0] (.names)                                          0.261     2.550
new_n76.in[0] (.names)                                           1.014     3.563
new_n76.out[0] (.names)                                          0.261     3.824
G1325.in[2] (.names)                                             1.014     4.838
G1325.out[0] (.names)                                            0.261     5.099
out:G1325.outpad[0] (.output)                                    1.014     6.113
data arrival time                                                          6.113

clock virtual_io_clock (rise edge)                               0.000     0.000
clock source latency                                             0.000     0.000
clock uncertainty                                                0.000     0.000
output external delay                                            0.000     0.000
data required time                                                         0.000
--------------------------------------------------------------------------------
data required time                                                         0.000
data arrival time                                                         -6.113
--------------------------------------------------------------------------------
slack (VIOLATED)                                                          -6.113


#End of timing report
