#Timing report of worst 32 path(s)
# Unit scale: 1e-09 seconds
# Output precision: 3

#Path 1
Startpoint: G15.inpad[0] (.input clocked by virtual_io_clock)
Endpoint  : out:G1337.outpad[0] (.output clocked by virtual_io_clock)
Path Type : setup

Point                                                             Incr      Path
--------------------------------------------------------------------------------
clock virtual_io_clock (rise edge)                               0.000     0.000
clock source latency                                             0.000     0.000
input external delay                                             0.000     0.000
G15.inpad[0] (.input)                                            0.000     0.000
new_n92.in[2] (.names)                                           2.089     2.089
new_n92.out[0] (.names)                                          0.261     2.350
new_n89.in[4] (.names)                                           0.333     2.683
new_n89.out[0] (.names)                                          0.261     2.944
new_n109.in[0] (.names)                                          0.332     3.276
new_n109.out[0] (.names)                                         0.261     3.537
G1337.in[2] (.names)                                             0.196     3.733
G1337.out[0] (.names)                                            0.261     3.994
out:G1337.outpad[0] (.output)                                    3.775     7.769
data arrival time                                                          7.769

clock virtual_io_clock (rise edge)                               0.000     0.000
clock source latency                                             0.000     0.000
clock uncertainty                                                0.000     0.000
output external delay                                            0.000     0.000
data required time                                                         0.000
--------------------------------------------------------------------------------
data required time                                                         0.000
data arrival time                                                         -7.769
--------------------------------------------------------------------------------
slack (VIOLATED)                                                          -7.769


#Path 2
Startpoint: G26.inpad[0] (.input clocked by virtual_io_clock)
Endpoint  : out:G1345.outpad[0] (.output clocked by virtual_io_clock)
Path Type : setup

Point                                                             Incr      Path
--------------------------------------------------------------------------------
clock virtual_io_clock (rise edge)                               0.000     0.000
clock source latency                                             0.000     0.000
input external delay                                             0.000     0.000
G26.inpad[0] (.input)                                            0.000     0.000
new_n86.in[1] (.names)                                           2.083     2.083
new_n86.out[0] (.names)                                          0.261     2.344
new_n87.in[3] (.names)                                           0.332     2.677
new_n87.out[0] (.names)                                          0.261     2.938
new_n103.in[1] (.names)                                          0.333     3.270
new_n103.out[0] (.names)                                         0.261     3.531
G1345.in[1] (.names)                                             0.333     3.864
G1345.out[0] (.names)                                            0.261     4.125
out:G1345.outpad[0] (.output)                                    3.599     7.725
data arrival time                                                          7.725

clock virtual_io_clock (rise edge)                               0.000     0.000
clock source latency                                             0.000     0.000
clock uncertainty                                                0.000     0.000
output external delay                                            0.000     0.000
data required time                                                         0.000
--------------------------------------------------------------------------------
data required time                                                         0.000
data arrival time                                                         -7.725
--------------------------------------------------------------------------------
slack (VIOLATED)                                                          -7.725


#Path 3
Startpoint: G26.inpad[0] (.input clocked by virtual_io_clock)
Endpoint  : out:G1346.outpad[0] (.output clocked by virtual_io_clock)
Path Type : setup

Point                                                             Incr      Path
--------------------------------------------------------------------------------
clock virtual_io_clock (rise edge)                               0.000     0.000
clock source latency                                             0.000     0.000
input external delay                                             0.000     0.000
G26.inpad[0] (.input)                                            0.000     0.000
new_n86.in[1] (.names)                                           2.083     2.083
new_n86.out[0] (.names)                                          0.261     2.344
new_n87.in[3] (.names)                                           0.332     2.677
new_n87.out[0] (.names)                                          0.261     2.938
new_n103.in[1] (.names)                                          0.333     3.270
new_n103.out[0] (.names)                                         0.261     3.531
G1346.in[1] (.names)                                             0.333     3.864
G1346.out[0] (.names)                                            0.261     4.125
out:G1346.outpad[0] (.output)                                    3.599     7.724
data arrival time                                                          7.724

clock virtual_io_clock (rise edge)                               0.000     0.000
clock source latency                                             0.000     0.000
clock uncertainty                                                0.000     0.000
output external delay                                            0.000     0.000
data required time                                                         0.000
--------------------------------------------------------------------------------
data required time                                                         0.000
data arrival time                                                         -7.724
--------------------------------------------------------------------------------
slack (VIOLATED)                                                          -7.724


#Path 4
Startpoint: G15.inpad[0] (.input clocked by virtual_io_clock)
Endpoint  : out:G1339.outpad[0] (.output clocked by virtual_io_clock)
Path Type : setup

Point                                                             Incr      Path
--------------------------------------------------------------------------------
clock virtual_io_clock (rise edge)                               0.000     0.000
clock source latency                                             0.000     0.000
input external delay                                             0.000     0.000
G15.inpad[0] (.input)                                            0.000     0.000
new_n92.in[2] (.names)                                           2.089     2.089
new_n92.out[0] (.names)                                          0.261     2.350
new_n89.in[4] (.names)                                           0.333     2.683
new_n89.out[0] (.names)                                          0.261     2.944
new_n109.in[0] (.names)                                          0.332     3.276
new_n109.out[0] (.names)                                         0.261     3.537
G1339.in[2] (.names)                                             0.196     3.733
G1339.out[0] (.names)                                            0.261     3.994
out:G1339.outpad[0] (.output)                                    3.680     7.674
data arrival time                                                          7.674

clock virtual_io_clock (rise edge)                               0.000     0.000
clock source latency                                             0.000     0.000
clock uncertainty                                                0.000     0.000
output external delay                                            0.000     0.000
data required time                                                         0.000
--------------------------------------------------------------------------------
data required time                                                         0.000
data arrival time                                                         -7.674
--------------------------------------------------------------------------------
slack (VIOLATED)                                                          -7.674


#Path 5
Startpoint: G15.inpad[0] (.input clocked by virtual_io_clock)
Endpoint  : out:G1336.outpad[0] (.output clocked by virtual_io_clock)
Path Type : setup

Point                                                             Incr      Path
--------------------------------------------------------------------------------
clock virtual_io_clock (rise edge)                               0.000     0.000
clock source latency                                             0.000     0.000
input external delay                                             0.000     0.000
G15.inpad[0] (.input)                                            0.000     0.000
new_n92.in[2] (.names)                                           2.089     2.089
new_n92.out[0] (.names)                                          0.261     2.350
new_n89.in[4] (.names)                                           0.333     2.683
new_n89.out[0] (.names)                                          0.261     2.944
new_n109.in[0] (.names)                                          0.332     3.276
new_n109.out[0] (.names)                                         0.261     3.537
G1336.in[2] (.names)                                             0.196     3.733
G1336.out[0] (.names)                                            0.261     3.994
out:G1336.outpad[0] (.output)                                    3.677     7.671
data arrival time                                                          7.671

clock virtual_io_clock (rise edge)                               0.000     0.000
clock source latency                                             0.000     0.000
clock uncertainty                                                0.000     0.000
output external delay                                            0.000     0.000
data required time                                                         0.000
--------------------------------------------------------------------------------
data required time                                                         0.000
data arrival time                                                         -7.671
--------------------------------------------------------------------------------
slack (VIOLATED)                                                          -7.671


#Path 6
Startpoint: G15.inpad[0] (.input clocked by virtual_io_clock)
Endpoint  : out:G1335.outpad[0] (.output clocked by virtual_io_clock)
Path Type : setup

Point                                                             Incr      Path
--------------------------------------------------------------------------------
clock virtual_io_clock (rise edge)                               0.000     0.000
clock source latency                                             0.000     0.000
input external delay                                             0.000     0.000
G15.inpad[0] (.input)                                            0.000     0.000
new_n92.in[2] (.names)                                           2.089     2.089
new_n92.out[0] (.names)                                          0.261     2.350
new_n89.in[4] (.names)                                           0.333     2.683
new_n89.out[0] (.names)                                          0.261     2.944
new_n76.in[4] (.names)                                           0.332     3.276
new_n76.out[0] (.names)                                          0.261     3.537
G1335.in[2] (.names)                                             0.196     3.733
G1335.out[0] (.names)                                            0.261     3.994
out:G1335.outpad[0] (.output)                                    3.650     7.644
data arrival time                                                          7.644

clock virtual_io_clock (rise edge)                               0.000     0.000
clock source latency                                             0.000     0.000
clock uncertainty                                                0.000     0.000
output external delay                                            0.000     0.000
data required time                                                         0.000
--------------------------------------------------------------------------------
data required time                                                         0.000
data arrival time                                                         -7.644
--------------------------------------------------------------------------------
slack (VIOLATED)                                                          -7.644


#Path 7
Startpoint: G15.inpad[0] (.input clocked by virtual_io_clock)
Endpoint  : out:G1326.outpad[0] (.output clocked by virtual_io_clock)
Path Type : setup

Point                                                             Incr      Path
--------------------------------------------------------------------------------
clock virtual_io_clock (rise edge)                               0.000     0.000
clock source latency                                             0.000     0.000
input external delay                                             0.000     0.000
G15.inpad[0] (.input)                                            0.000     0.000
new_n92.in[2] (.names)                                           2.089     2.089
new_n92.out[0] (.names)                                          0.261     2.350
new_n89.in[4] (.names)                                           0.333     2.683
new_n89.out[0] (.names)                                          0.261     2.944
new_n76.in[4] (.names)                                           0.332     3.276
new_n76.out[0] (.names)                                          0.261     3.537
G1326.in[2] (.names)                                             0.100     3.637
G1326.out[0] (.names)                                            0.261     3.898
out:G1326.outpad[0] (.output)                                    3.736     7.634
data arrival time                                                          7.634

clock virtual_io_clock (rise edge)                               0.000     0.000
clock source latency                                             0.000     0.000
clock uncertainty                                                0.000     0.000
output external delay                                            0.000     0.000
data required time                                                         0.000
--------------------------------------------------------------------------------
data required time                                                         0.000
data arrival time                                                         -7.634
--------------------------------------------------------------------------------
slack (VIOLATED)                                                          -7.634


#Path 8
Startpoint: G26.inpad[0] (.input clocked by virtual_io_clock)
Endpoint  : out:G1351.outpad[0] (.output clocked by virtual_io_clock)
Path Type : setup

Point                                                             Incr      Path
--------------------------------------------------------------------------------
clock virtual_io_clock (rise edge)                               0.000     0.000
clock source latency                                             0.000     0.000
input external delay                                             0.000     0.000
G26.inpad[0] (.input)                                            0.000     0.000
new_n86.in[1] (.names)                                           2.083     2.083
new_n86.out[0] (.names)                                          0.261     2.344
new_n87.in[3] (.names)                                           0.332     2.677
new_n87.out[0] (.names)                                          0.261     2.938
new_n131.in[0] (.names)                                          0.100     3.038
new_n131.out[0] (.names)                                         0.261     3.299
G1351.in[2] (.names)                                             0.332     3.631
G1351.out[0] (.names)                                            0.261     3.892
out:G1351.outpad[0] (.output)                                    3.742     7.633
data arrival time                                                          7.633

clock virtual_io_clock (rise edge)                               0.000     0.000
clock source latency                                             0.000     0.000
clock uncertainty                                                0.000     0.000
output external delay                                            0.000     0.000
data required time                                                         0.000
--------------------------------------------------------------------------------
data required time                                                         0.000
data arrival time                                                         -7.633
--------------------------------------------------------------------------------
slack (VIOLATED)                                                          -7.633


#Path 9
Startpoint: G26.inpad[0] (.input clocked by virtual_io_clock)
Endpoint  : out:G1343.outpad[0] (.output clocked by virtual_io_clock)
Path Type : setup

Point                                                             Incr      Path
--------------------------------------------------------------------------------
clock virtual_io_clock (rise edge)                               0.000     0.000
clock source latency                                             0.000     0.000
input external delay                                             0.000     0.000
G26.inpad[0] (.input)                                            0.000     0.000
new_n86.in[1] (.names)                                           2.083     2.083
new_n86.out[0] (.names)                                          0.261     2.344
new_n87.in[3] (.names)                                           0.332     2.677
new_n87.out[0] (.names)                                          0.261     2.938
new_n103.in[1] (.names)                                          0.333     3.270
new_n103.out[0] (.names)                                         0.261     3.531
G1343.in[2] (.names)                                             0.100     3.631
G1343.out[0] (.names)                                            0.261     3.892
out:G1343.outpad[0] (.output)                                    3.725     7.617
data arrival time                                                          7.617

clock virtual_io_clock (rise edge)                               0.000     0.000
clock source latency                                             0.000     0.000
clock uncertainty                                                0.000     0.000
output external delay                                            0.000     0.000
data required time                                                         0.000
--------------------------------------------------------------------------------
data required time                                                         0.000
data arrival time                                                         -7.617
--------------------------------------------------------------------------------
slack (VIOLATED)                                                          -7.617


#Path 10
Startpoint: G26.inpad[0] (.input clocked by virtual_io_clock)
Endpoint  : out:G1347.outpad[0] (.output clocked by virtual_io_clock)
Path Type : setup

Point                                                             Incr      Path
--------------------------------------------------------------------------------
clock virtual_io_clock (rise edge)                               0.000     0.000
clock source latency                                             0.000     0.000
input external delay                                             0.000     0.000
G26.inpad[0] (.input)                                            0.000     0.000
new_n86.in[1] (.names)                                           2.083     2.083
new_n86.out[0] (.names)                                          0.261     2.344
new_n87.in[3] (.names)                                           0.332     2.677
new_n87.out[0] (.names)                                          0.261     2.938
new_n103.in[1] (.names)                                          0.333     3.270
new_n103.out[0] (.names)                                         0.261     3.531
G1347.in[1] (.names)                                             0.196     3.727
G1347.out[0] (.names)                                            0.261     3.988
out:G1347.outpad[0] (.output)                                    3.627     7.615
data arrival time                                                          7.615

clock virtual_io_clock (rise edge)                               0.000     0.000
clock source latency                                             0.000     0.000
clock uncertainty                                                0.000     0.000
output external delay                                            0.000     0.000
data required time                                                         0.000
--------------------------------------------------------------------------------
data required time                                                         0.000
data arrival time                                                         -7.615
--------------------------------------------------------------------------------
slack (VIOLATED)                                                          -7.615


#Path 11
Startpoint: G24.inpad[0] (.input clocked by virtual_io_clock)
Endpoint  : out:G1353.outpad[0] (.output clocked by virtual_io_clock)
Path Type : setup

Point                                                             Incr      Path
--------------------------------------------------------------------------------
clock virtual_io_clock (rise edge)                               0.000     0.000
clock source latency                                             0.000     0.000
input external delay                                             0.000     0.000
G24.inpad[0] (.input)                                            0.000     0.000
new_n80.in[3] (.names)                                           2.119     2.119
new_n80.out[0] (.names)                                          0.261     2.380
new_n81.in[2] (.names)                                           0.100     2.480
new_n81.out[0] (.names)                                          0.261     2.741
new_n104.in[0] (.names)                                          0.333     3.074
new_n104.out[0] (.names)                                         0.261     3.335
G1353.in[2] (.names)                                             0.333     3.668
G1353.out[0] (.names)                                            0.261     3.929
out:G1353.outpad[0] (.output)                                    3.681     7.609
data arrival time                                                          7.609

clock virtual_io_clock (rise edge)                               0.000     0.000
clock source latency                                             0.000     0.000
clock uncertainty                                                0.000     0.000
output external delay                                            0.000     0.000
data required time                                                         0.000
--------------------------------------------------------------------------------
data required time                                                         0.000
data arrival time                                                         -7.609
--------------------------------------------------------------------------------
slack (VIOLATED)                                                          -7.609


#Path 12
Startpoint: G24.inpad[0] (.input clocked by virtual_io_clock)
Endpoint  : out:G1354.outpad[0] (.output clocked by virtual_io_clock)
Path Type : setup

Point                                                             Incr      Path
--------------------------------------------------------------------------------
clock virtual_io_clock (rise edge)                               0.000     0.000
clock source latency                                             0.000     0.000
input external delay                                             0.000     0.000
G24.inpad[0] (.input)                                            0.000     0.000
new_n80.in[3] (.names)                                           2.119     2.119
new_n80.out[0] (.names)                                          0.261     2.380
new_n81.in[2] (.names)                                           0.100     2.480
new_n81.out[0] (.names)                                          0.261     2.741
new_n104.in[0] (.names)                                          0.333     3.074
new_n104.out[0] (.names)                                         0.261     3.335
G1354.in[2] (.names)                                             0.333     3.668
G1354.out[0] (.names)                                            0.261     3.929
out:G1354.outpad[0] (.output)                                    3.675     7.604
data arrival time                                                          7.604

clock virtual_io_clock (rise edge)                               0.000     0.000
clock source latency                                             0.000     0.000
clock uncertainty                                                0.000     0.000
output external delay                                            0.000     0.000
data required time                                                         0.000
--------------------------------------------------------------------------------
data required time                                                         0.000
data arrival time                                                         -7.604
--------------------------------------------------------------------------------
slack (VIOLATED)                                                          -7.604


#Path 13
Startpoint: G15.inpad[0] (.input clocked by virtual_io_clock)
Endpoint  : out:G1332.outpad[0] (.output clocked by virtual_io_clock)
Path Type : setup

Point                                                             Incr      Path
--------------------------------------------------------------------------------
clock virtual_io_clock (rise edge)                               0.000     0.000
clock source latency                                             0.000     0.000
input external delay                                             0.000     0.000
G15.inpad[0] (.input)                                            0.000     0.000
new_n92.in[2] (.names)                                           2.089     2.089
new_n92.out[0] (.names)                                          0.261     2.350
new_n89.in[4] (.names)                                           0.333     2.683
new_n89.out[0] (.names)                                          0.261     2.944
new_n76.in[4] (.names)                                           0.332     3.276
new_n76.out[0] (.names)                                          0.261     3.537
G1332.in[2] (.names)                                             0.196     3.733
G1332.out[0] (.names)                                            0.261     3.994
out:G1332.outpad[0] (.output)                                    3.601     7.595
data arrival time                                                          7.595

clock virtual_io_clock (rise edge)                               0.000     0.000
clock source latency                                             0.000     0.000
clock uncertainty                                                0.000     0.000
output external delay                                            0.000     0.000
data required time                                                         0.000
--------------------------------------------------------------------------------
data required time                                                         0.000
data arrival time                                                         -7.595
--------------------------------------------------------------------------------
slack (VIOLATED)                                                          -7.595


#Path 14
Startpoint: G15.inpad[0] (.input clocked by virtual_io_clock)
Endpoint  : out:G1324.outpad[0] (.output clocked by virtual_io_clock)
Path Type : setup

Point                                                             Incr      Path
--------------------------------------------------------------------------------
clock virtual_io_clock (rise edge)                               0.000     0.000
clock source latency                                             0.000     0.000
input external delay                                             0.000     0.000
G15.inpad[0] (.input)                                            0.000     0.000
new_n92.in[2] (.names)                                           2.089     2.089
new_n92.out[0] (.names)                                          0.261     2.350
new_n89.in[4] (.names)                                           0.333     2.683
new_n89.out[0] (.names)                                          0.261     2.944
new_n76.in[4] (.names)                                           0.332     3.276
new_n76.out[0] (.names)                                          0.261     3.537
G1324.in[2] (.names)                                             0.100     3.637
G1324.out[0] (.names)                                            0.261     3.898
out:G1324.outpad[0] (.output)                                    3.679     7.576
data arrival time                                                          7.576

clock virtual_io_clock (rise edge)                               0.000     0.000
clock source latency                                             0.000     0.000
clock uncertainty                                                0.000     0.000
output external delay                                            0.000     0.000
data required time                                                         0.000
--------------------------------------------------------------------------------
data required time                                                         0.000
data arrival time                                                         -7.576
--------------------------------------------------------------------------------
slack (VIOLATED)                                                          -7.576


#Path 15
Startpoint: G26.inpad[0] (.input clocked by virtual_io_clock)
Endpoint  : out:G1340.outpad[0] (.output clocked by virtual_io_clock)
Path Type : setup

Point                                                             Incr      Path
--------------------------------------------------------------------------------
clock virtual_io_clock (rise edge)                               0.000     0.000
clock source latency                                             0.000     0.000
input external delay                                             0.000     0.000
G26.inpad[0] (.input)                                            0.000     0.000
new_n86.in[1] (.names)                                           2.083     2.083
new_n86.out[0] (.names)                                          0.261     2.344
new_n87.in[3] (.names)                                           0.332     2.677
new_n87.out[0] (.names)                                          0.261     2.938
new_n103.in[1] (.names)                                          0.333     3.270
new_n103.out[0] (.names)                                         0.261     3.531
G1340.in[2] (.names)                                             0.100     3.631
G1340.out[0] (.names)                                            0.261     3.892
out:G1340.outpad[0] (.output)                                    3.681     7.573
data arrival time                                                          7.573

clock virtual_io_clock (rise edge)                               0.000     0.000
clock source latency                                             0.000     0.000
clock uncertainty                                                0.000     0.000
output external delay                                            0.000     0.000
data required time                                                         0.000
--------------------------------------------------------------------------------
data required time                                                         0.000
data arrival time                                                         -7.573
--------------------------------------------------------------------------------
slack (VIOLATED)                                                          -7.573


#Path 16
Startpoint: G26.inpad[0] (.input clocked by virtual_io_clock)
Endpoint  : out:G1348.outpad[0] (.output clocked by virtual_io_clock)
Path Type : setup

Point                                                             Incr      Path
--------------------------------------------------------------------------------
clock virtual_io_clock (rise edge)                               0.000     0.000
clock source latency                                             0.000     0.000
input external delay                                             0.000     0.000
G26.inpad[0] (.input)                                            0.000     0.000
new_n86.in[1] (.names)                                           2.083     2.083
new_n86.out[0] (.names)                                          0.261     2.344
new_n87.in[3] (.names)                                           0.332     2.677
new_n87.out[0] (.names)                                          0.261     2.938
new_n131.in[0] (.names)                                          0.100     3.038
new_n131.out[0] (.names)                                         0.261     3.299
G1348.in[2] (.names)                                             0.332     3.631
G1348.out[0] (.names)                                            0.261     3.892
out:G1348.outpad[0] (.output)                                    3.675     7.566
data arrival time                                                          7.566

clock virtual_io_clock (rise edge)                               0.000     0.000
clock source latency                                             0.000     0.000
clock uncertainty                                                0.000     0.000
output external delay                                            0.000     0.000
data required time                                                         0.000
--------------------------------------------------------------------------------
data required time                                                         0.000
data arrival time                                                         -7.566
--------------------------------------------------------------------------------
slack (VIOLATED)                                                          -7.566


#Path 17
Startpoint: G15.inpad[0] (.input clocked by virtual_io_clock)
Endpoint  : out:G1338.outpad[0] (.output clocked by virtual_io_clock)
Path Type : setup

Point                                                             Incr      Path
--------------------------------------------------------------------------------
clock virtual_io_clock (rise edge)                               0.000     0.000
clock source latency                                             0.000     0.000
input external delay                                             0.000     0.000
G15.inpad[0] (.input)                                            0.000     0.000
new_n92.in[2] (.names)                                           2.089     2.089
new_n92.out[0] (.names)                                          0.261     2.350
new_n89.in[4] (.names)                                           0.333     2.683
new_n89.out[0] (.names)                                          0.261     2.944
new_n109.in[0] (.names)                                          0.332     3.276
new_n109.out[0] (.names)                                         0.261     3.537
G1338.in[2] (.names)                                             0.196     3.733
G1338.out[0] (.names)                                            0.261     3.994
out:G1338.outpad[0] (.output)                                    3.561     7.555
data arrival time                                                          7.555

clock virtual_io_clock (rise edge)                               0.000     0.000
clock source latency                                             0.000     0.000
clock uncertainty                                                0.000     0.000
output external delay                                            0.000     0.000
data required time                                                         0.000
--------------------------------------------------------------------------------
data required time                                                         0.000
data arrival time                                                         -7.555
--------------------------------------------------------------------------------
slack (VIOLATED)                                                          -7.555


#Path 18
Startpoint: G15.inpad[0] (.input clocked by virtual_io_clock)
Endpoint  : out:G1330.outpad[0] (.output clocked by virtual_io_clock)
Path Type : setup

Point                                                             Incr      Path
--------------------------------------------------------------------------------
clock virtual_io_clock (rise edge)                               0.000     0.000
clock source latency                                             0.000     0.000
input external delay                                             0.000     0.000
G15.inpad[0] (.input)                                            0.000     0.000
new_n92.in[2] (.names)                                           2.089     2.089
new_n92.out[0] (.names)                                          0.261     2.350
new_n89.in[4] (.names)                                           0.333     2.683
new_n89.out[0] (.names)                                          0.261     2.944
new_n109.in[0] (.names)                                          0.332     3.276
new_n109.out[0] (.names)                                         0.261     3.537
G1330.in[2] (.names)                                             0.100     3.637
G1330.out[0] (.names)                                            0.261     3.898
out:G1330.outpad[0] (.output)                                    3.655     7.553
data arrival time                                                          7.553

clock virtual_io_clock (rise edge)                               0.000     0.000
clock source latency                                             0.000     0.000
clock uncertainty                                                0.000     0.000
output external delay                                            0.000     0.000
data required time                                                         0.000
--------------------------------------------------------------------------------
data required time                                                         0.000
data arrival time                                                         -7.553
--------------------------------------------------------------------------------
slack (VIOLATED)                                                          -7.553


#Path 19
Startpoint: G15.inpad[0] (.input clocked by virtual_io_clock)
Endpoint  : out:G1333.outpad[0] (.output clocked by virtual_io_clock)
Path Type : setup

Point                                                             Incr      Path
--------------------------------------------------------------------------------
clock virtual_io_clock (rise edge)                               0.000     0.000
clock source latency                                             0.000     0.000
input external delay                                             0.000     0.000
G15.inpad[0] (.input)                                            0.000     0.000
new_n92.in[2] (.names)                                           2.089     2.089
new_n92.out[0] (.names)                                          0.261     2.350
new_n89.in[4] (.names)                                           0.333     2.683
new_n89.out[0] (.names)                                          0.261     2.944
new_n76.in[4] (.names)                                           0.332     3.276
new_n76.out[0] (.names)                                          0.261     3.537
G1333.in[2] (.names)                                             0.196     3.733
G1333.out[0] (.names)                                            0.261     3.994
out:G1333.outpad[0] (.output)                                    3.548     7.542
data arrival time                                                          7.542

clock virtual_io_clock (rise edge)                               0.000     0.000
clock source latency                                             0.000     0.000
clock uncertainty                                                0.000     0.000
output external delay                                            0.000     0.000
data required time                                                         0.000
--------------------------------------------------------------------------------
data required time                                                         0.000
data arrival time                                                         -7.542
--------------------------------------------------------------------------------
slack (VIOLATED)                                                          -7.542


#Path 20
Startpoint: G26.inpad[0] (.input clocked by virtual_io_clock)
Endpoint  : out:G1352.outpad[0] (.output clocked by virtual_io_clock)
Path Type : setup

Point                                                             Incr      Path
--------------------------------------------------------------------------------
clock virtual_io_clock (rise edge)                               0.000     0.000
clock source latency                                             0.000     0.000
input external delay                                             0.000     0.000
G26.inpad[0] (.input)                                            0.000     0.000
new_n86.in[1] (.names)                                           2.083     2.083
new_n86.out[0] (.names)                                          0.261     2.344
new_n87.in[3] (.names)                                           0.332     2.677
new_n87.out[0] (.names)                                          0.261     2.938
new_n131.in[0] (.names)                                          0.100     3.038
new_n131.out[0] (.names)                                         0.261     3.299
G1352.in[1] (.names)                                             0.471     3.770
G1352.out[0] (.names)                                            0.261     4.031
out:G1352.outpad[0] (.output)                                    3.509     7.540
data arrival time                                                          7.540

clock virtual_io_clock (rise edge)                               0.000     0.000
clock source latency                                             0.000     0.000
clock uncertainty                                                0.000     0.000
output external delay                                            0.000     0.000
data required time                                                         0.000
--------------------------------------------------------------------------------
data required time                                                         0.000
data arrival time                                                         -7.540
--------------------------------------------------------------------------------
slack (VIOLATED)                                                          -7.540


#Path 21
Startpoint: G26.inpad[0] (.input clocked by virtual_io_clock)
Endpoint  : out:G1344.outpad[0] (.output clocked by virtual_io_clock)
Path Type : setup

Point                                                             Incr      Path
--------------------------------------------------------------------------------
clock virtual_io_clock (rise edge)                               0.000     0.000
clock source latency                                             0.000     0.000
input external delay                                             0.000     0.000
G26.inpad[0] (.input)                                            0.000     0.000
new_n86.in[1] (.names)                                           2.083     2.083
new_n86.out[0] (.names)                                          0.261     2.344
new_n87.in[3] (.names)                                           0.332     2.677
new_n87.out[0] (.names)                                          0.261     2.938
new_n103.in[1] (.names)                                          0.333     3.270
new_n103.out[0] (.names)                                         0.261     3.531
G1344.in[1] (.names)                                             0.196     3.727
G1344.out[0] (.names)                                            0.261     3.988
out:G1344.outpad[0] (.output)                                    3.536     7.524
data arrival time                                                          7.524

clock virtual_io_clock (rise edge)                               0.000     0.000
clock source latency                                             0.000     0.000
clock uncertainty                                                0.000     0.000
output external delay                                            0.000     0.000
data required time                                                         0.000
--------------------------------------------------------------------------------
data required time                                                         0.000
data arrival time                                                         -7.524
--------------------------------------------------------------------------------
slack (VIOLATED)                                                          -7.524


#Path 22
Startpoint: G15.inpad[0] (.input clocked by virtual_io_clock)
Endpoint  : out:G1334.outpad[0] (.output clocked by virtual_io_clock)
Path Type : setup

Point                                                             Incr      Path
--------------------------------------------------------------------------------
clock virtual_io_clock (rise edge)                               0.000     0.000
clock source latency                                             0.000     0.000
input external delay                                             0.000     0.000
G15.inpad[0] (.input)                                            0.000     0.000
new_n92.in[2] (.names)                                           2.089     2.089
new_n92.out[0] (.names)                                          0.261     2.350
new_n89.in[4] (.names)                                           0.333     2.683
new_n89.out[0] (.names)                                          0.261     2.944
new_n76.in[4] (.names)                                           0.332     3.276
new_n76.out[0] (.names)                                          0.261     3.537
G1334.in[2] (.names)                                             0.196     3.733
G1334.out[0] (.names)                                            0.261     3.994
out:G1334.outpad[0] (.output)                                    3.530     7.524
data arrival time                                                          7.524

clock virtual_io_clock (rise edge)                               0.000     0.000
clock source latency                                             0.000     0.000
clock uncertainty                                                0.000     0.000
output external delay                                            0.000     0.000
data required time                                                         0.000
--------------------------------------------------------------------------------
data required time                                                         0.000
data arrival time                                                         -7.524
--------------------------------------------------------------------------------
slack (VIOLATED)                                                          -7.524


#Path 23
Startpoint: G26.inpad[0] (.input clocked by virtual_io_clock)
Endpoint  : out:G1355.outpad[0] (.output clocked by virtual_io_clock)
Path Type : setup

Point                                                             Incr      Path
--------------------------------------------------------------------------------
clock virtual_io_clock (rise edge)                               0.000     0.000
clock source latency                                             0.000     0.000
input external delay                                             0.000     0.000
G26.inpad[0] (.input)                                            0.000     0.000
new_n86.in[1] (.names)                                           2.083     2.083
new_n86.out[0] (.names)                                          0.261     2.344
new_n87.in[3] (.names)                                           0.332     2.677
new_n87.out[0] (.names)                                          0.261     2.938
new_n131.in[0] (.names)                                          0.100     3.038
new_n131.out[0] (.names)                                         0.261     3.299
G1355.in[1] (.names)                                             0.471     3.770
G1355.out[0] (.names)                                            0.261     4.031
out:G1355.outpad[0] (.output)                                    3.467     7.498
data arrival time                                                          7.498

clock virtual_io_clock (rise edge)                               0.000     0.000
clock source latency                                             0.000     0.000
clock uncertainty                                                0.000     0.000
output external delay                                            0.000     0.000
data required time                                                         0.000
--------------------------------------------------------------------------------
data required time                                                         0.000
data arrival time                                                         -7.498
--------------------------------------------------------------------------------
slack (VIOLATED)                                                          -7.498


#Path 24
Startpoint: G26.inpad[0] (.input clocked by virtual_io_clock)
Endpoint  : out:G1341.outpad[0] (.output clocked by virtual_io_clock)
Path Type : setup

Point                                                             Incr      Path
--------------------------------------------------------------------------------
clock virtual_io_clock (rise edge)                               0.000     0.000
clock source latency                                             0.000     0.000
input external delay                                             0.000     0.000
G26.inpad[0] (.input)                                            0.000     0.000
new_n86.in[1] (.names)                                           2.083     2.083
new_n86.out[0] (.names)                                          0.261     2.344
new_n87.in[3] (.names)                                           0.332     2.677
new_n87.out[0] (.names)                                          0.261     2.938
new_n103.in[1] (.names)                                          0.333     3.270
new_n103.out[0] (.names)                                         0.261     3.531
G1341.in[2] (.names)                                             0.100     3.631
G1341.out[0] (.names)                                            0.261     3.892
out:G1341.outpad[0] (.output)                                    3.603     7.496
data arrival time                                                          7.496

clock virtual_io_clock (rise edge)                               0.000     0.000
clock source latency                                             0.000     0.000
clock uncertainty                                                0.000     0.000
output external delay                                            0.000     0.000
data required time                                                         0.000
--------------------------------------------------------------------------------
data required time                                                         0.000
data arrival time                                                         -7.496
--------------------------------------------------------------------------------
slack (VIOLATED)                                                          -7.496


#Path 25
Startpoint: G26.inpad[0] (.input clocked by virtual_io_clock)
Endpoint  : out:G1350.outpad[0] (.output clocked by virtual_io_clock)
Path Type : setup

Point                                                             Incr      Path
--------------------------------------------------------------------------------
clock virtual_io_clock (rise edge)                               0.000     0.000
clock source latency                                             0.000     0.000
input external delay                                             0.000     0.000
G26.inpad[0] (.input)                                            0.000     0.000
new_n86.in[1] (.names)                                           2.083     2.083
new_n86.out[0] (.names)                                          0.261     2.344
new_n87.in[3] (.names)                                           0.332     2.677
new_n87.out[0] (.names)                                          0.261     2.938
new_n131.in[0] (.names)                                          0.100     3.038
new_n131.out[0] (.names)                                         0.261     3.299
G1350.in[2] (.names)                                             0.332     3.631
G1350.out[0] (.names)                                            0.261     3.892
out:G1350.outpad[0] (.output)                                    3.548     7.440
data arrival time                                                          7.440

clock virtual_io_clock (rise edge)                               0.000     0.000
clock source latency                                             0.000     0.000
clock uncertainty                                                0.000     0.000
output external delay                                            0.000     0.000
data required time                                                         0.000
--------------------------------------------------------------------------------
data required time                                                         0.000
data arrival time                                                         -7.440
--------------------------------------------------------------------------------
slack (VIOLATED)                                                          -7.440


#Path 26
Startpoint: G15.inpad[0] (.input clocked by virtual_io_clock)
Endpoint  : out:G1329.outpad[0] (.output clocked by virtual_io_clock)
Path Type : setup

Point                                                             Incr      Path
--------------------------------------------------------------------------------
clock virtual_io_clock (rise edge)                               0.000     0.000
clock source latency                                             0.000     0.000
input external delay                                             0.000     0.000
G15.inpad[0] (.input)                                            0.000     0.000
new_n92.in[2] (.names)                                           2.089     2.089
new_n92.out[0] (.names)                                          0.261     2.350
new_n89.in[4] (.names)                                           0.333     2.683
new_n89.out[0] (.names)                                          0.261     2.944
new_n109.in[0] (.names)                                          0.332     3.276
new_n109.out[0] (.names)                                         0.261     3.537
G1329.in[2] (.names)                                             0.100     3.637
G1329.out[0] (.names)                                            0.261     3.898
out:G1329.outpad[0] (.output)                                    3.534     7.432
data arrival time                                                          7.432

clock virtual_io_clock (rise edge)                               0.000     0.000
clock source latency                                             0.000     0.000
clock uncertainty                                                0.000     0.000
output external delay                                            0.000     0.000
data required time                                                         0.000
--------------------------------------------------------------------------------
data required time                                                         0.000
data arrival time                                                         -7.432
--------------------------------------------------------------------------------
slack (VIOLATED)                                                          -7.432


#Path 27
Startpoint: G26.inpad[0] (.input clocked by virtual_io_clock)
Endpoint  : out:G1342.outpad[0] (.output clocked by virtual_io_clock)
Path Type : setup

Point                                                             Incr      Path
--------------------------------------------------------------------------------
clock virtual_io_clock (rise edge)                               0.000     0.000
clock source latency                                             0.000     0.000
input external delay                                             0.000     0.000
G26.inpad[0] (.input)                                            0.000     0.000
new_n86.in[1] (.names)                                           2.083     2.083
new_n86.out[0] (.names)                                          0.261     2.344
new_n87.in[3] (.names)                                           0.332     2.677
new_n87.out[0] (.names)                                          0.261     2.938
new_n103.in[1] (.names)                                          0.333     3.270
new_n103.out[0] (.names)                                         0.261     3.531
G1342.in[2] (.names)                                             0.100     3.631
G1342.out[0] (.names)                                            0.261     3.892
out:G1342.outpad[0] (.output)                                    3.535     7.427
data arrival time                                                          7.427

clock virtual_io_clock (rise edge)                               0.000     0.000
clock source latency                                             0.000     0.000
clock uncertainty                                                0.000     0.000
output external delay                                            0.000     0.000
data required time                                                         0.000
--------------------------------------------------------------------------------
data required time                                                         0.000
data arrival time                                                         -7.427
--------------------------------------------------------------------------------
slack (VIOLATED)                                                          -7.427


#Path 28
Startpoint: G26.inpad[0] (.input clocked by virtual_io_clock)
Endpoint  : out:G1349.outpad[0] (.output clocked by virtual_io_clock)
Path Type : setup

Point                                                             Incr      Path
--------------------------------------------------------------------------------
clock virtual_io_clock (rise edge)                               0.000     0.000
clock source latency                                             0.000     0.000
input external delay                                             0.000     0.000
G26.inpad[0] (.input)                                            0.000     0.000
new_n86.in[1] (.names)                                           2.083     2.083
new_n86.out[0] (.names)                                          0.261     2.344
new_n87.in[3] (.names)                                           0.332     2.677
new_n87.out[0] (.names)                                          0.261     2.938
new_n131.in[0] (.names)                                          0.100     3.038
new_n131.out[0] (.names)                                         0.261     3.299
G1349.in[2] (.names)                                             0.332     3.631
G1349.out[0] (.names)                                            0.261     3.892
out:G1349.outpad[0] (.output)                                    3.534     7.426
data arrival time                                                          7.426

clock virtual_io_clock (rise edge)                               0.000     0.000
clock source latency                                             0.000     0.000
clock uncertainty                                                0.000     0.000
output external delay                                            0.000     0.000
data required time                                                         0.000
--------------------------------------------------------------------------------
data required time                                                         0.000
data arrival time                                                         -7.426
--------------------------------------------------------------------------------
slack (VIOLATED)                                                          -7.426


#Path 29
Startpoint: G15.inpad[0] (.input clocked by virtual_io_clock)
Endpoint  : out:G1325.outpad[0] (.output clocked by virtual_io_clock)
Path Type : setup

Point                                                             Incr      Path
--------------------------------------------------------------------------------
clock virtual_io_clock (rise edge)                               0.000     0.000
clock source latency                                             0.000     0.000
input external delay                                             0.000     0.000
G15.inpad[0] (.input)                                            0.000     0.000
new_n92.in[2] (.names)                                           2.089     2.089
new_n92.out[0] (.names)                                          0.261     2.350
new_n89.in[4] (.names)                                           0.333     2.683
new_n89.out[0] (.names)                                          0.261     2.944
new_n76.in[4] (.names)                                           0.332     3.276
new_n76.out[0] (.names)                                          0.261     3.537
G1325.in[2] (.names)                                             0.100     3.637
G1325.out[0] (.names)                                            0.261     3.898
out:G1325.outpad[0] (.output)                                    3.527     7.425
data arrival time                                                          7.425

clock virtual_io_clock (rise edge)                               0.000     0.000
clock source latency                                             0.000     0.000
clock uncertainty                                                0.000     0.000
output external delay                                            0.000     0.000
data required time                                                         0.000
--------------------------------------------------------------------------------
data required time                                                         0.000
data arrival time                                                         -7.425
--------------------------------------------------------------------------------
slack (VIOLATED)                                                          -7.425


#Path 30
Startpoint: G15.inpad[0] (.input clocked by virtual_io_clock)
Endpoint  : out:G1331.outpad[0] (.output clocked by virtual_io_clock)
Path Type : setup

Point                                                             Incr      Path
--------------------------------------------------------------------------------
clock virtual_io_clock (rise edge)                               0.000     0.000
clock source latency                                             0.000     0.000
input external delay                                             0.000     0.000
G15.inpad[0] (.input)                                            0.000     0.000
new_n92.in[2] (.names)                                           2.089     2.089
new_n92.out[0] (.names)                                          0.261     2.350
new_n89.in[4] (.names)                                           0.333     2.683
new_n89.out[0] (.names)                                          0.261     2.944
new_n109.in[0] (.names)                                          0.332     3.276
new_n109.out[0] (.names)                                         0.261     3.537
G1331.in[2] (.names)                                             0.100     3.637
G1331.out[0] (.names)                                            0.261     3.898
out:G1331.outpad[0] (.output)                                    3.513     7.411
data arrival time                                                          7.411

clock virtual_io_clock (rise edge)                               0.000     0.000
clock source latency                                             0.000     0.000
clock uncertainty                                                0.000     0.000
output external delay                                            0.000     0.000
data required time                                                         0.000
--------------------------------------------------------------------------------
data required time                                                         0.000
data arrival time                                                         -7.411
--------------------------------------------------------------------------------
slack (VIOLATED)                                                          -7.411


#Path 31
Startpoint: G15.inpad[0] (.input clocked by virtual_io_clock)
Endpoint  : out:G1328.outpad[0] (.output clocked by virtual_io_clock)
Path Type : setup

Point                                                             Incr      Path
--------------------------------------------------------------------------------
clock virtual_io_clock (rise edge)                               0.000     0.000
clock source latency                                             0.000     0.000
input external delay                                             0.000     0.000
G15.inpad[0] (.input)                                            0.000     0.000
new_n92.in[2] (.names)                                           2.089     2.089
new_n92.out[0] (.names)                                          0.261     2.350
new_n89.in[4] (.names)                                           0.333     2.683
new_n89.out[0] (.names)                                          0.261     2.944
new_n109.in[0] (.names)                                          0.332     3.276
new_n109.out[0] (.names)                                         0.261     3.537
G1328.in[2] (.names)                                             0.100     3.637
G1328.out[0] (.names)                                            0.261     3.898
out:G1328.outpad[0] (.output)                                    3.511     7.409
data arrival time                                                          7.409

clock virtual_io_clock (rise edge)                               0.000     0.000
clock source latency                                             0.000     0.000
clock uncertainty                                                0.000     0.000
output external delay                                            0.000     0.000
data required time                                                         0.000
--------------------------------------------------------------------------------
data required time                                                         0.000
data arrival time                                                         -7.409
--------------------------------------------------------------------------------
slack (VIOLATED)                                                          -7.409


#Path 32
Startpoint: G15.inpad[0] (.input clocked by virtual_io_clock)
Endpoint  : out:G1327.outpad[0] (.output clocked by virtual_io_clock)
Path Type : setup

Point                                                             Incr      Path
--------------------------------------------------------------------------------
clock virtual_io_clock (rise edge)                               0.000     0.000
clock source latency                                             0.000     0.000
input external delay                                             0.000     0.000
G15.inpad[0] (.input)                                            0.000     0.000
new_n92.in[2] (.names)                                           2.089     2.089
new_n92.out[0] (.names)                                          0.261     2.350
new_n89.in[4] (.names)                                           0.333     2.683
new_n89.out[0] (.names)                                          0.261     2.944
new_n76.in[4] (.names)                                           0.332     3.276
new_n76.out[0] (.names)                                          0.261     3.537
G1327.in[2] (.names)                                             0.100     3.637
G1327.out[0] (.names)                                            0.261     3.898
out:G1327.outpad[0] (.output)                                    3.494     7.392
data arrival time                                                          7.392

clock virtual_io_clock (rise edge)                               0.000     0.000
clock source latency                                             0.000     0.000
clock uncertainty                                                0.000     0.000
output external delay                                            0.000     0.000
data required time                                                         0.000
--------------------------------------------------------------------------------
data required time                                                         0.000
data arrival time                                                         -7.392
--------------------------------------------------------------------------------
slack (VIOLATED)                                                          -7.392


#End of timing report
