#Timing report of worst 32 path(s)
# Unit scale: 1e-09 seconds
# Output precision: 3

#Path 1
Startpoint: G32.inpad[0] (.input clocked by virtual_io_clock)
Endpoint  : out:G1355.outpad[0] (.output clocked by virtual_io_clock)
Path Type : hold

Point                                                             Incr      Path
--------------------------------------------------------------------------------
clock virtual_io_clock (rise edge)                               0.000     0.000
clock source latency                                             0.000     0.000
input external delay                                             0.000     0.000
G32.inpad[0] (.input)                                            0.000     0.000
G1355.in[4] (.names)                                             1.700     1.700
G1355.out[0] (.names)                                            0.193     1.893
out:G1355.outpad[0] (.output)                                    3.244     5.138
data arrival time                                                          5.138

clock virtual_io_clock (rise edge)                               0.000     0.000
clock source latency                                             0.000     0.000
clock uncertainty                                                0.000     0.000
output external delay                                            0.000     0.000
data required time                                                         0.000
--------------------------------------------------------------------------------
data required time                                                        -0.000
data arrival time                                                          5.138
--------------------------------------------------------------------------------
slack (MET)                                                                5.138


#Path 2
Startpoint: G4.inpad[0] (.input clocked by virtual_io_clock)
Endpoint  : out:G1327.outpad[0] (.output clocked by virtual_io_clock)
Path Type : hold

Point                                                             Incr      Path
--------------------------------------------------------------------------------
clock virtual_io_clock (rise edge)                               0.000     0.000
clock source latency                                             0.000     0.000
input external delay                                             0.000     0.000
G4.inpad[0] (.input)                                             0.000     0.000
G1327.in[4] (.names)                                             1.678     1.678
G1327.out[0] (.names)                                            0.193     1.871
out:G1327.outpad[0] (.output)                                    3.271     5.142
data arrival time                                                          5.142

clock virtual_io_clock (rise edge)                               0.000     0.000
clock source latency                                             0.000     0.000
clock uncertainty                                                0.000     0.000
output external delay                                            0.000     0.000
data required time                                                         0.000
--------------------------------------------------------------------------------
data required time                                                        -0.000
data arrival time                                                          5.142
--------------------------------------------------------------------------------
slack (MET)                                                                5.142


#Path 3
Startpoint: G27.inpad[0] (.input clocked by virtual_io_clock)
Endpoint  : out:G1350.outpad[0] (.output clocked by virtual_io_clock)
Path Type : hold

Point                                                             Incr      Path
--------------------------------------------------------------------------------
clock virtual_io_clock (rise edge)                               0.000     0.000
clock source latency                                             0.000     0.000
input external delay                                             0.000     0.000
G27.inpad[0] (.input)                                            0.000     0.000
G1350.in[4] (.names)                                             1.696     1.696
G1350.out[0] (.names)                                            0.193     1.889
out:G1350.outpad[0] (.output)                                    3.325     5.214
data arrival time                                                          5.214

clock virtual_io_clock (rise edge)                               0.000     0.000
clock source latency                                             0.000     0.000
clock uncertainty                                                0.000     0.000
output external delay                                            0.000     0.000
data required time                                                         0.000
--------------------------------------------------------------------------------
data required time                                                        -0.000
data arrival time                                                          5.214
--------------------------------------------------------------------------------
slack (MET)                                                                5.214


#Path 4
Startpoint: G10.inpad[0] (.input clocked by virtual_io_clock)
Endpoint  : out:G1333.outpad[0] (.output clocked by virtual_io_clock)
Path Type : hold

Point                                                             Incr      Path
--------------------------------------------------------------------------------
clock virtual_io_clock (rise edge)                               0.000     0.000
clock source latency                                             0.000     0.000
input external delay                                             0.000     0.000
G10.inpad[0] (.input)                                            0.000     0.000
G1333.in[4] (.names)                                             1.704     1.704
G1333.out[0] (.names)                                            0.193     1.897
out:G1333.outpad[0] (.output)                                    3.325     5.222
data arrival time                                                          5.222

clock virtual_io_clock (rise edge)                               0.000     0.000
clock source latency                                             0.000     0.000
clock uncertainty                                                0.000     0.000
output external delay                                            0.000     0.000
data required time                                                         0.000
--------------------------------------------------------------------------------
data required time                                                        -0.000
data arrival time                                                          5.222
--------------------------------------------------------------------------------
slack (MET)                                                                5.222


#Path 5
Startpoint: G8.inpad[0] (.input clocked by virtual_io_clock)
Endpoint  : out:G1331.outpad[0] (.output clocked by virtual_io_clock)
Path Type : hold

Point                                                             Incr      Path
--------------------------------------------------------------------------------
clock virtual_io_clock (rise edge)                               0.000     0.000
clock source latency                                             0.000     0.000
input external delay                                             0.000     0.000
G8.inpad[0] (.input)                                             0.000     0.000
G1331.in[4] (.names)                                             1.786     1.786
G1331.out[0] (.names)                                            0.193     1.979
out:G1331.outpad[0] (.output)                                    3.290     5.269
data arrival time                                                          5.269

clock virtual_io_clock (rise edge)                               0.000     0.000
clock source latency                                             0.000     0.000
clock uncertainty                                                0.000     0.000
output external delay                                            0.000     0.000
data required time                                                         0.000
--------------------------------------------------------------------------------
data required time                                                        -0.000
data arrival time                                                          5.269
--------------------------------------------------------------------------------
slack (MET)                                                                5.269


#Path 6
Startpoint: G23.inpad[0] (.input clocked by virtual_io_clock)
Endpoint  : out:G1346.outpad[0] (.output clocked by virtual_io_clock)
Path Type : hold

Point                                                             Incr      Path
--------------------------------------------------------------------------------
clock virtual_io_clock (rise edge)                               0.000     0.000
clock source latency                                             0.000     0.000
input external delay                                             0.000     0.000
G23.inpad[0] (.input)                                            0.000     0.000
G1346.in[4] (.names)                                             1.701     1.701
G1346.out[0] (.names)                                            0.193     1.894
out:G1346.outpad[0] (.output)                                    3.376     5.269
data arrival time                                                          5.269

clock virtual_io_clock (rise edge)                               0.000     0.000
clock source latency                                             0.000     0.000
clock uncertainty                                                0.000     0.000
output external delay                                            0.000     0.000
data required time                                                         0.000
--------------------------------------------------------------------------------
data required time                                                        -0.000
data arrival time                                                          5.269
--------------------------------------------------------------------------------
slack (MET)                                                                5.269


#Path 7
Startpoint: G18.inpad[0] (.input clocked by virtual_io_clock)
Endpoint  : out:G1341.outpad[0] (.output clocked by virtual_io_clock)
Path Type : hold

Point                                                             Incr      Path
--------------------------------------------------------------------------------
clock virtual_io_clock (rise edge)                               0.000     0.000
clock source latency                                             0.000     0.000
input external delay                                             0.000     0.000
G18.inpad[0] (.input)                                            0.000     0.000
G1341.in[4] (.names)                                             1.701     1.701
G1341.out[0] (.names)                                            0.193     1.894
out:G1341.outpad[0] (.output)                                    3.380     5.274
data arrival time                                                          5.274

clock virtual_io_clock (rise edge)                               0.000     0.000
clock source latency                                             0.000     0.000
clock uncertainty                                                0.000     0.000
output external delay                                            0.000     0.000
data required time                                                         0.000
--------------------------------------------------------------------------------
data required time                                                        -0.000
data arrival time                                                          5.274
--------------------------------------------------------------------------------
slack (MET)                                                                5.274


#Path 8
Startpoint: G2.inpad[0] (.input clocked by virtual_io_clock)
Endpoint  : out:G1325.outpad[0] (.output clocked by virtual_io_clock)
Path Type : hold

Point                                                             Incr      Path
--------------------------------------------------------------------------------
clock virtual_io_clock (rise edge)                               0.000     0.000
clock source latency                                             0.000     0.000
input external delay                                             0.000     0.000
G2.inpad[0] (.input)                                             0.000     0.000
G1325.in[4] (.names)                                             1.793     1.793
G1325.out[0] (.names)                                            0.193     1.986
out:G1325.outpad[0] (.output)                                    3.304     5.290
data arrival time                                                          5.290

clock virtual_io_clock (rise edge)                               0.000     0.000
clock source latency                                             0.000     0.000
clock uncertainty                                                0.000     0.000
output external delay                                            0.000     0.000
data required time                                                         0.000
--------------------------------------------------------------------------------
data required time                                                        -0.000
data arrival time                                                          5.290
--------------------------------------------------------------------------------
slack (MET)                                                                5.290


#Path 9
Startpoint: G5.inpad[0] (.input clocked by virtual_io_clock)
Endpoint  : out:G1328.outpad[0] (.output clocked by virtual_io_clock)
Path Type : hold

Point                                                             Incr      Path
--------------------------------------------------------------------------------
clock virtual_io_clock (rise edge)                               0.000     0.000
clock source latency                                             0.000     0.000
input external delay                                             0.000     0.000
G5.inpad[0] (.input)                                             0.000     0.000
G1328.in[4] (.names)                                             1.849     1.849
G1328.out[0] (.names)                                            0.193     2.042
out:G1328.outpad[0] (.output)                                    3.288     5.330
data arrival time                                                          5.330

clock virtual_io_clock (rise edge)                               0.000     0.000
clock source latency                                             0.000     0.000
clock uncertainty                                                0.000     0.000
output external delay                                            0.000     0.000
data required time                                                         0.000
--------------------------------------------------------------------------------
data required time                                                        -0.000
data arrival time                                                          5.330
--------------------------------------------------------------------------------
slack (MET)                                                                5.330


#Path 10
Startpoint: G13.inpad[0] (.input clocked by virtual_io_clock)
Endpoint  : out:G1336.outpad[0] (.output clocked by virtual_io_clock)
Path Type : hold

Point                                                             Incr      Path
--------------------------------------------------------------------------------
clock virtual_io_clock (rise edge)                               0.000     0.000
clock source latency                                             0.000     0.000
input external delay                                             0.000     0.000
G13.inpad[0] (.input)                                            0.000     0.000
G1336.in[4] (.names)                                             1.693     1.693
G1336.out[0] (.names)                                            0.193     1.886
out:G1336.outpad[0] (.output)                                    3.454     5.339
data arrival time                                                          5.339

clock virtual_io_clock (rise edge)                               0.000     0.000
clock source latency                                             0.000     0.000
clock uncertainty                                                0.000     0.000
output external delay                                            0.000     0.000
data required time                                                         0.000
--------------------------------------------------------------------------------
data required time                                                        -0.000
data arrival time                                                          5.339
--------------------------------------------------------------------------------
slack (MET)                                                                5.339


#Path 11
Startpoint: G25.inpad[0] (.input clocked by virtual_io_clock)
Endpoint  : out:G1348.outpad[0] (.output clocked by virtual_io_clock)
Path Type : hold

Point                                                             Incr      Path
--------------------------------------------------------------------------------
clock virtual_io_clock (rise edge)                               0.000     0.000
clock source latency                                             0.000     0.000
input external delay                                             0.000     0.000
G25.inpad[0] (.input)                                            0.000     0.000
G1348.in[4] (.names)                                             1.707     1.707
G1348.out[0] (.names)                                            0.193     1.900
out:G1348.outpad[0] (.output)                                    3.452     5.351
data arrival time                                                          5.351

clock virtual_io_clock (rise edge)                               0.000     0.000
clock source latency                                             0.000     0.000
clock uncertainty                                                0.000     0.000
output external delay                                            0.000     0.000
data required time                                                         0.000
--------------------------------------------------------------------------------
data required time                                                        -0.000
data arrival time                                                          5.351
--------------------------------------------------------------------------------
slack (MET)                                                                5.351


#Path 12
Startpoint: G17.inpad[0] (.input clocked by virtual_io_clock)
Endpoint  : out:G1340.outpad[0] (.output clocked by virtual_io_clock)
Path Type : hold

Point                                                             Incr      Path
--------------------------------------------------------------------------------
clock virtual_io_clock (rise edge)                               0.000     0.000
clock source latency                                             0.000     0.000
input external delay                                             0.000     0.000
G17.inpad[0] (.input)                                            0.000     0.000
G1340.in[4] (.names)                                             1.703     1.703
G1340.out[0] (.names)                                            0.193     1.896
out:G1340.outpad[0] (.output)                                    3.458     5.354
data arrival time                                                          5.354

clock virtual_io_clock (rise edge)                               0.000     0.000
clock source latency                                             0.000     0.000
clock uncertainty                                                0.000     0.000
output external delay                                            0.000     0.000
data required time                                                         0.000
--------------------------------------------------------------------------------
data required time                                                        -0.000
data arrival time                                                          5.354
--------------------------------------------------------------------------------
slack (MET)                                                                5.354


#Path 13
Startpoint: G19.inpad[0] (.input clocked by virtual_io_clock)
Endpoint  : out:G1342.outpad[0] (.output clocked by virtual_io_clock)
Path Type : hold

Point                                                             Incr      Path
--------------------------------------------------------------------------------
clock virtual_io_clock (rise edge)                               0.000     0.000
clock source latency                                             0.000     0.000
input external delay                                             0.000     0.000
G19.inpad[0] (.input)                                            0.000     0.000
G1342.in[4] (.names)                                             1.877     1.877
G1342.out[0] (.names)                                            0.193     2.070
out:G1342.outpad[0] (.output)                                    3.312     5.383
data arrival time                                                          5.383

clock virtual_io_clock (rise edge)                               0.000     0.000
clock source latency                                             0.000     0.000
clock uncertainty                                                0.000     0.000
output external delay                                            0.000     0.000
data required time                                                         0.000
--------------------------------------------------------------------------------
data required time                                                        -0.000
data arrival time                                                          5.383
--------------------------------------------------------------------------------
slack (MET)                                                                5.383


#Path 14
Startpoint: G11.inpad[0] (.input clocked by virtual_io_clock)
Endpoint  : out:G1334.outpad[0] (.output clocked by virtual_io_clock)
Path Type : hold

Point                                                             Incr      Path
--------------------------------------------------------------------------------
clock virtual_io_clock (rise edge)                               0.000     0.000
clock source latency                                             0.000     0.000
input external delay                                             0.000     0.000
G11.inpad[0] (.input)                                            0.000     0.000
G1334.in[4] (.names)                                             1.897     1.897
G1334.out[0] (.names)                                            0.193     2.090
out:G1334.outpad[0] (.output)                                    3.307     5.397
data arrival time                                                          5.397

clock virtual_io_clock (rise edge)                               0.000     0.000
clock source latency                                             0.000     0.000
clock uncertainty                                                0.000     0.000
output external delay                                            0.000     0.000
data required time                                                         0.000
--------------------------------------------------------------------------------
data required time                                                        -0.000
data arrival time                                                          5.397
--------------------------------------------------------------------------------
slack (MET)                                                                5.397


#Path 15
Startpoint: G12.inpad[0] (.input clocked by virtual_io_clock)
Endpoint  : out:G1335.outpad[0] (.output clocked by virtual_io_clock)
Path Type : hold

Point                                                             Incr      Path
--------------------------------------------------------------------------------
clock virtual_io_clock (rise edge)                               0.000     0.000
clock source latency                                             0.000     0.000
input external delay                                             0.000     0.000
G12.inpad[0] (.input)                                            0.000     0.000
G1335.in[4] (.names)                                             1.777     1.777
G1335.out[0] (.names)                                            0.193     1.970
out:G1335.outpad[0] (.output)                                    3.427     5.397
data arrival time                                                          5.397

clock virtual_io_clock (rise edge)                               0.000     0.000
clock source latency                                             0.000     0.000
clock uncertainty                                                0.000     0.000
output external delay                                            0.000     0.000
data required time                                                         0.000
--------------------------------------------------------------------------------
data required time                                                        -0.000
data arrival time                                                          5.397
--------------------------------------------------------------------------------
slack (MET)                                                                5.397


#Path 16
Startpoint: G9.inpad[0] (.input clocked by virtual_io_clock)
Endpoint  : out:G1332.outpad[0] (.output clocked by virtual_io_clock)
Path Type : hold

Point                                                             Incr      Path
--------------------------------------------------------------------------------
clock virtual_io_clock (rise edge)                               0.000     0.000
clock source latency                                             0.000     0.000
input external delay                                             0.000     0.000
G9.inpad[0] (.input)                                             0.000     0.000
G1332.in[4] (.names)                                             1.835     1.835
G1332.out[0] (.names)                                            0.193     2.028
out:G1332.outpad[0] (.output)                                    3.378     5.406
data arrival time                                                          5.406

clock virtual_io_clock (rise edge)                               0.000     0.000
clock source latency                                             0.000     0.000
clock uncertainty                                                0.000     0.000
output external delay                                            0.000     0.000
data required time                                                         0.000
--------------------------------------------------------------------------------
data required time                                                        -0.000
data arrival time                                                          5.406
--------------------------------------------------------------------------------
slack (MET)                                                                5.406


#Path 17
Startpoint: G24.inpad[0] (.input clocked by virtual_io_clock)
Endpoint  : out:G1347.outpad[0] (.output clocked by virtual_io_clock)
Path Type : hold

Point                                                             Incr      Path
--------------------------------------------------------------------------------
clock virtual_io_clock (rise edge)                               0.000     0.000
clock source latency                                             0.000     0.000
input external delay                                             0.000     0.000
G24.inpad[0] (.input)                                            0.000     0.000
G1347.in[4] (.names)                                             1.815     1.815
G1347.out[0] (.names)                                            0.193     2.008
out:G1347.outpad[0] (.output)                                    3.404     5.411
data arrival time                                                          5.411

clock virtual_io_clock (rise edge)                               0.000     0.000
clock source latency                                             0.000     0.000
clock uncertainty                                                0.000     0.000
output external delay                                            0.000     0.000
data required time                                                         0.000
--------------------------------------------------------------------------------
data required time                                                        -0.000
data arrival time                                                          5.411
--------------------------------------------------------------------------------
slack (MET)                                                                5.411


#Path 18
Startpoint: G29.inpad[0] (.input clocked by virtual_io_clock)
Endpoint  : out:G1352.outpad[0] (.output clocked by virtual_io_clock)
Path Type : hold

Point                                                             Incr      Path
--------------------------------------------------------------------------------
clock virtual_io_clock (rise edge)                               0.000     0.000
clock source latency                                             0.000     0.000
input external delay                                             0.000     0.000
G29.inpad[0] (.input)                                            0.000     0.000
G1352.in[4] (.names)                                             1.941     1.941
G1352.out[0] (.names)                                            0.193     2.134
out:G1352.outpad[0] (.output)                                    3.286     5.420
data arrival time                                                          5.420

clock virtual_io_clock (rise edge)                               0.000     0.000
clock source latency                                             0.000     0.000
clock uncertainty                                                0.000     0.000
output external delay                                            0.000     0.000
data required time                                                         0.000
--------------------------------------------------------------------------------
data required time                                                        -0.000
data arrival time                                                          5.420
--------------------------------------------------------------------------------
slack (MET)                                                                5.420


#Path 19
Startpoint: G26.inpad[0] (.input clocked by virtual_io_clock)
Endpoint  : out:G1349.outpad[0] (.output clocked by virtual_io_clock)
Path Type : hold

Point                                                             Incr      Path
--------------------------------------------------------------------------------
clock virtual_io_clock (rise edge)                               0.000     0.000
clock source latency                                             0.000     0.000
input external delay                                             0.000     0.000
G26.inpad[0] (.input)                                            0.000     0.000
G1349.in[4] (.names)                                             1.916     1.916
G1349.out[0] (.names)                                            0.193     2.109
out:G1349.outpad[0] (.output)                                    3.311     5.421
data arrival time                                                          5.421

clock virtual_io_clock (rise edge)                               0.000     0.000
clock source latency                                             0.000     0.000
clock uncertainty                                                0.000     0.000
output external delay                                            0.000     0.000
data required time                                                         0.000
--------------------------------------------------------------------------------
data required time                                                        -0.000
data arrival time                                                          5.421
--------------------------------------------------------------------------------
slack (MET)                                                                5.421


#Path 20
Startpoint: G16.inpad[0] (.input clocked by virtual_io_clock)
Endpoint  : out:G1339.outpad[0] (.output clocked by virtual_io_clock)
Path Type : hold

Point                                                             Incr      Path
--------------------------------------------------------------------------------
clock virtual_io_clock (rise edge)                               0.000     0.000
clock source latency                                             0.000     0.000
input external delay                                             0.000     0.000
G16.inpad[0] (.input)                                            0.000     0.000
G1339.in[4] (.names)                                             1.771     1.771
G1339.out[0] (.names)                                            0.193     1.964
out:G1339.outpad[0] (.output)                                    3.457     5.421
data arrival time                                                          5.421

clock virtual_io_clock (rise edge)                               0.000     0.000
clock source latency                                             0.000     0.000
clock uncertainty                                                0.000     0.000
output external delay                                            0.000     0.000
data required time                                                         0.000
--------------------------------------------------------------------------------
data required time                                                        -0.000
data arrival time                                                          5.421
--------------------------------------------------------------------------------
slack (MET)                                                                5.421


#Path 21
Startpoint: G1.inpad[0] (.input clocked by virtual_io_clock)
Endpoint  : out:G1324.outpad[0] (.output clocked by virtual_io_clock)
Path Type : hold

Point                                                             Incr      Path
--------------------------------------------------------------------------------
clock virtual_io_clock (rise edge)                               0.000     0.000
clock source latency                                             0.000     0.000
input external delay                                             0.000     0.000
G1.inpad[0] (.input)                                             0.000     0.000
G1324.in[4] (.names)                                             1.773     1.773
G1324.out[0] (.names)                                            0.193     1.966
out:G1324.outpad[0] (.output)                                    3.456     5.422
data arrival time                                                          5.422

clock virtual_io_clock (rise edge)                               0.000     0.000
clock source latency                                             0.000     0.000
clock uncertainty                                                0.000     0.000
output external delay                                            0.000     0.000
data required time                                                         0.000
--------------------------------------------------------------------------------
data required time                                                        -0.000
data arrival time                                                          5.422
--------------------------------------------------------------------------------
slack (MET)                                                                5.422


#Path 22
Startpoint: G30.inpad[0] (.input clocked by virtual_io_clock)
Endpoint  : out:G1353.outpad[0] (.output clocked by virtual_io_clock)
Path Type : hold

Point                                                             Incr      Path
--------------------------------------------------------------------------------
clock virtual_io_clock (rise edge)                               0.000     0.000
clock source latency                                             0.000     0.000
input external delay                                             0.000     0.000
G30.inpad[0] (.input)                                            0.000     0.000
G1353.in[4] (.names)                                             1.783     1.783
G1353.out[0] (.names)                                            0.193     1.976
out:G1353.outpad[0] (.output)                                    3.458     5.433
data arrival time                                                          5.433

clock virtual_io_clock (rise edge)                               0.000     0.000
clock source latency                                             0.000     0.000
clock uncertainty                                                0.000     0.000
output external delay                                            0.000     0.000
data required time                                                         0.000
--------------------------------------------------------------------------------
data required time                                                        -0.000
data arrival time                                                          5.433
--------------------------------------------------------------------------------
slack (MET)                                                                5.433


#Path 23
Startpoint: G14.inpad[0] (.input clocked by virtual_io_clock)
Endpoint  : out:G1337.outpad[0] (.output clocked by virtual_io_clock)
Path Type : hold

Point                                                             Incr      Path
--------------------------------------------------------------------------------
clock virtual_io_clock (rise edge)                               0.000     0.000
clock source latency                                             0.000     0.000
input external delay                                             0.000     0.000
G14.inpad[0] (.input)                                            0.000     0.000
G1337.in[4] (.names)                                             1.698     1.698
G1337.out[0] (.names)                                            0.193     1.891
out:G1337.outpad[0] (.output)                                    3.552     5.443
data arrival time                                                          5.443

clock virtual_io_clock (rise edge)                               0.000     0.000
clock source latency                                             0.000     0.000
clock uncertainty                                                0.000     0.000
output external delay                                            0.000     0.000
data required time                                                         0.000
--------------------------------------------------------------------------------
data required time                                                        -0.000
data arrival time                                                          5.443
--------------------------------------------------------------------------------
slack (MET)                                                                5.443


#Path 24
Startpoint: G15.inpad[0] (.input clocked by virtual_io_clock)
Endpoint  : out:G1338.outpad[0] (.output clocked by virtual_io_clock)
Path Type : hold

Point                                                             Incr      Path
--------------------------------------------------------------------------------
clock virtual_io_clock (rise edge)                               0.000     0.000
clock source latency                                             0.000     0.000
input external delay                                             0.000     0.000
G15.inpad[0] (.input)                                            0.000     0.000
G1338.in[4] (.names)                                             1.922     1.922
G1338.out[0] (.names)                                            0.193     2.115
out:G1338.outpad[0] (.output)                                    3.338     5.452
data arrival time                                                          5.452

clock virtual_io_clock (rise edge)                               0.000     0.000
clock source latency                                             0.000     0.000
clock uncertainty                                                0.000     0.000
output external delay                                            0.000     0.000
data required time                                                         0.000
--------------------------------------------------------------------------------
data required time                                                        -0.000
data arrival time                                                          5.452
--------------------------------------------------------------------------------
slack (MET)                                                                5.452


#Path 25
Startpoint: G21.inpad[0] (.input clocked by virtual_io_clock)
Endpoint  : out:G1344.outpad[0] (.output clocked by virtual_io_clock)
Path Type : hold

Point                                                             Incr      Path
--------------------------------------------------------------------------------
clock virtual_io_clock (rise edge)                               0.000     0.000
clock source latency                                             0.000     0.000
input external delay                                             0.000     0.000
G21.inpad[0] (.input)                                            0.000     0.000
G1344.in[4] (.names)                                             1.958     1.958
G1344.out[0] (.names)                                            0.193     2.151
out:G1344.outpad[0] (.output)                                    3.313     5.464
data arrival time                                                          5.464

clock virtual_io_clock (rise edge)                               0.000     0.000
clock source latency                                             0.000     0.000
clock uncertainty                                                0.000     0.000
output external delay                                            0.000     0.000
data required time                                                         0.000
--------------------------------------------------------------------------------
data required time                                                        -0.000
data arrival time                                                          5.464
--------------------------------------------------------------------------------
slack (MET)                                                                5.464


#Path 26
Startpoint: G31.inpad[0] (.input clocked by virtual_io_clock)
Endpoint  : out:G1354.outpad[0] (.output clocked by virtual_io_clock)
Path Type : hold

Point                                                             Incr      Path
--------------------------------------------------------------------------------
clock virtual_io_clock (rise edge)                               0.000     0.000
clock source latency                                             0.000     0.000
input external delay                                             0.000     0.000
G31.inpad[0] (.input)                                            0.000     0.000
G1354.in[4] (.names)                                             1.829     1.829
G1354.out[0] (.names)                                            0.193     2.022
out:G1354.outpad[0] (.output)                                    3.452     5.475
data arrival time                                                          5.475

clock virtual_io_clock (rise edge)                               0.000     0.000
clock source latency                                             0.000     0.000
clock uncertainty                                                0.000     0.000
output external delay                                            0.000     0.000
data required time                                                         0.000
--------------------------------------------------------------------------------
data required time                                                        -0.000
data arrival time                                                          5.475
--------------------------------------------------------------------------------
slack (MET)                                                                5.475


#Path 27
Startpoint: G6.inpad[0] (.input clocked by virtual_io_clock)
Endpoint  : out:G1329.outpad[0] (.output clocked by virtual_io_clock)
Path Type : hold

Point                                                             Incr      Path
--------------------------------------------------------------------------------
clock virtual_io_clock (rise edge)                               0.000     0.000
clock source latency                                             0.000     0.000
input external delay                                             0.000     0.000
G6.inpad[0] (.input)                                             0.000     0.000
G1329.in[4] (.names)                                             1.971     1.971
G1329.out[0] (.names)                                            0.193     2.164
out:G1329.outpad[0] (.output)                                    3.311     5.475
data arrival time                                                          5.475

clock virtual_io_clock (rise edge)                               0.000     0.000
clock source latency                                             0.000     0.000
clock uncertainty                                                0.000     0.000
output external delay                                            0.000     0.000
data required time                                                         0.000
--------------------------------------------------------------------------------
data required time                                                        -0.000
data arrival time                                                          5.475
--------------------------------------------------------------------------------
slack (MET)                                                                5.475


#Path 28
Startpoint: G22.inpad[0] (.input clocked by virtual_io_clock)
Endpoint  : out:G1345.outpad[0] (.output clocked by virtual_io_clock)
Path Type : hold

Point                                                             Incr      Path
--------------------------------------------------------------------------------
clock virtual_io_clock (rise edge)                               0.000     0.000
clock source latency                                             0.000     0.000
input external delay                                             0.000     0.000
G22.inpad[0] (.input)                                            0.000     0.000
G1345.in[4] (.names)                                             1.937     1.937
G1345.out[0] (.names)                                            0.193     2.130
out:G1345.outpad[0] (.output)                                    3.376     5.507
data arrival time                                                          5.507

clock virtual_io_clock (rise edge)                               0.000     0.000
clock source latency                                             0.000     0.000
clock uncertainty                                                0.000     0.000
output external delay                                            0.000     0.000
data required time                                                         0.000
--------------------------------------------------------------------------------
data required time                                                        -0.000
data arrival time                                                          5.507
--------------------------------------------------------------------------------
slack (MET)                                                                5.507


#Path 29
Startpoint: G20.inpad[0] (.input clocked by virtual_io_clock)
Endpoint  : out:G1343.outpad[0] (.output clocked by virtual_io_clock)
Path Type : hold

Point                                                             Incr      Path
--------------------------------------------------------------------------------
clock virtual_io_clock (rise edge)                               0.000     0.000
clock source latency                                             0.000     0.000
input external delay                                             0.000     0.000
G20.inpad[0] (.input)                                            0.000     0.000
G1343.in[4] (.names)                                             1.826     1.826
G1343.out[0] (.names)                                            0.193     2.019
out:G1343.outpad[0] (.output)                                    3.502     5.521
data arrival time                                                          5.521

clock virtual_io_clock (rise edge)                               0.000     0.000
clock source latency                                             0.000     0.000
clock uncertainty                                                0.000     0.000
output external delay                                            0.000     0.000
data required time                                                         0.000
--------------------------------------------------------------------------------
data required time                                                        -0.000
data arrival time                                                          5.521
--------------------------------------------------------------------------------
slack (MET)                                                                5.521


#Path 30
Startpoint: G28.inpad[0] (.input clocked by virtual_io_clock)
Endpoint  : out:G1351.outpad[0] (.output clocked by virtual_io_clock)
Path Type : hold

Point                                                             Incr      Path
--------------------------------------------------------------------------------
clock virtual_io_clock (rise edge)                               0.000     0.000
clock source latency                                             0.000     0.000
input external delay                                             0.000     0.000
G28.inpad[0] (.input)                                            0.000     0.000
G1351.in[4] (.names)                                             1.826     1.826
G1351.out[0] (.names)                                            0.193     2.019
out:G1351.outpad[0] (.output)                                    3.519     5.538
data arrival time                                                          5.538

clock virtual_io_clock (rise edge)                               0.000     0.000
clock source latency                                             0.000     0.000
clock uncertainty                                                0.000     0.000
output external delay                                            0.000     0.000
data required time                                                         0.000
--------------------------------------------------------------------------------
data required time                                                        -0.000
data arrival time                                                          5.538
--------------------------------------------------------------------------------
slack (MET)                                                                5.538


#Path 31
Startpoint: G7.inpad[0] (.input clocked by virtual_io_clock)
Endpoint  : out:G1330.outpad[0] (.output clocked by virtual_io_clock)
Path Type : hold

Point                                                             Incr      Path
--------------------------------------------------------------------------------
clock virtual_io_clock (rise edge)                               0.000     0.000
clock source latency                                             0.000     0.000
input external delay                                             0.000     0.000
G7.inpad[0] (.input)                                             0.000     0.000
G1330.in[4] (.names)                                             1.977     1.977
G1330.out[0] (.names)                                            0.193     2.170
out:G1330.outpad[0] (.output)                                    3.432     5.602
data arrival time                                                          5.602

clock virtual_io_clock (rise edge)                               0.000     0.000
clock source latency                                             0.000     0.000
clock uncertainty                                                0.000     0.000
output external delay                                            0.000     0.000
data required time                                                         0.000
--------------------------------------------------------------------------------
data required time                                                        -0.000
data arrival time                                                          5.602
--------------------------------------------------------------------------------
slack (MET)                                                                5.602


#Path 32
Startpoint: G3.inpad[0] (.input clocked by virtual_io_clock)
Endpoint  : out:G1326.outpad[0] (.output clocked by virtual_io_clock)
Path Type : hold

Point                                                             Incr      Path
--------------------------------------------------------------------------------
clock virtual_io_clock (rise edge)                               0.000     0.000
clock source latency                                             0.000     0.000
input external delay                                             0.000     0.000
G3.inpad[0] (.input)                                             0.000     0.000
G1326.in[4] (.names)                                             1.920     1.920
G1326.out[0] (.names)                                            0.193     2.113
out:G1326.outpad[0] (.output)                                    3.513     5.626
data arrival time                                                          5.626

clock virtual_io_clock (rise edge)                               0.000     0.000
clock source latency                                             0.000     0.000
clock uncertainty                                                0.000     0.000
output external delay                                            0.000     0.000
data required time                                                         0.000
--------------------------------------------------------------------------------
data required time                                                        -0.000
data arrival time                                                          5.626
--------------------------------------------------------------------------------
slack (MET)                                                                5.626


#End of timing report
