#Packing pin usage report
Type: io
	Input Pin Usage:
		Max: 1.00 (0.02)
		Avg: 0.50 (0.01)
		Min: 0.00 (0.00)
		Histogram:
		[        0:      5.5) 64 (100.0%) |************************************************
		[      5.5:       11)  0 (  0.0%) |
		[       11:       16)  0 (  0.0%) |
		[       16:       22)  0 (  0.0%) |
		[       22:       28)  0 (  0.0%) |
		[       28:       33)  0 (  0.0%) |
		[       33:       38)  0 (  0.0%) |
		[       38:       44)  0 (  0.0%) |
		[       44:       50)  0 (  0.0%) |
		[       50:       55)  0 (  0.0%) |
	Output Pin Usage:
		Max: 1.00 (0.03)
		Avg: 0.50 (0.01)
		Min: 0.00 (0.00)
		Histogram:
		[        0:        4) 64 (100.0%) |************************************************
		[        4:        8)  0 (  0.0%) |
		[        8:       12)  0 (  0.0%) |
		[       12:       16)  0 (  0.0%) |
		[       16:       20)  0 (  0.0%) |
		[       20:       24)  0 (  0.0%) |
		[       24:       28)  0 (  0.0%) |
		[       28:       32)  0 (  0.0%) |
		[       32:       36)  0 (  0.0%) |
		[       36:       40)  0 (  0.0%) |

Type: LAB
	Input Pin Usage:
		Max: 62.00 (0.68)
		Avg: 37.03 (0.41)
		Min: 0.00 (0.00)
		Histogram:
		[        0:      9.1)  39 (  7.8%) |************
		[      9.1:       18)   6 (  1.2%) |**
		[       18:       27)  24 (  4.8%) |*******
		[       27:       36) 155 ( 30.9%) |***********************************************
		[       36:       46) 146 ( 29.1%) |********************************************
		[       46:       55)  91 ( 18.1%) |****************************
		[       55:       64)  41 (  8.2%) |************
		[       64:       73)   0 (  0.0%) |
		[       73:       82)   0 (  0.0%) |
		[       82:       91)   0 (  0.0%) |
	Output Pin Usage:
		Max: 20.00 (0.48)
		Avg: 9.90 (0.24)
		Min: 1.00 (0.02)
		Histogram:
		[        0:      4.2)  48 (  9.6%) |*********
		[      4.2:      8.4)  90 ( 17.9%) |*****************
		[      8.4:       13) 253 ( 50.4%) |***********************************************
		[       13:       17)  94 ( 18.7%) |*****************
		[       17:       21)  17 (  3.4%) |***
		[       21:       25)   0 (  0.0%) |
		[       25:       29)   0 (  0.0%) |
		[       29:       34)   0 (  0.0%) |
		[       34:       38)   0 (  0.0%) |
		[       38:       42)   0 (  0.0%) |

