#Packing pin usage report
Type: io
	Input Pin Usage:
		Max: 1.00 (0.02)
		Avg: 0.47 (0.01)
		Min: 0.00 (0.00)
		Histogram:
		[        0:      5.5) 5434 (100.0%) |**********************************************
		[      5.5:       11)    0 (  0.0%) |
		[       11:       16)    0 (  0.0%) |
		[       16:       22)    0 (  0.0%) |
		[       22:       28)    0 (  0.0%) |
		[       28:       33)    0 (  0.0%) |
		[       33:       38)    0 (  0.0%) |
		[       38:       44)    0 (  0.0%) |
		[       44:       50)    0 (  0.0%) |
		[       50:       55)    0 (  0.0%) |
	Output Pin Usage:
		Max: 1.00 (0.03)
		Avg: 0.53 (0.01)
		Min: 0.00 (0.00)
		Histogram:
		[        0:        4) 5434 (100.0%) |**********************************************
		[        4:        8)    0 (  0.0%) |
		[        8:       12)    0 (  0.0%) |
		[       12:       16)    0 (  0.0%) |
		[       16:       20)    0 (  0.0%) |
		[       20:       24)    0 (  0.0%) |
		[       24:       28)    0 (  0.0%) |
		[       28:       32)    0 (  0.0%) |
		[       32:       36)    0 (  0.0%) |
		[       36:       40)    0 (  0.0%) |

Type: LAB
	Input Pin Usage:
		Max: 59.00 (0.65)
		Avg: 40.09 (0.44)
		Min: 0.00 (0.00)
		Histogram:
		[        0:      9.1)  24 (  6.6%) |********
		[      9.1:       18)   4 (  1.1%) |*
		[       18:       27)   9 (  2.5%) |***
		[       27:       36)  56 ( 15.3%) |*******************
		[       36:       46) 135 ( 37.0%) |***********************************************
		[       46:       55) 128 ( 35.1%) |*********************************************
		[       55:       64)   9 (  2.5%) |***
		[       64:       73)   0 (  0.0%) |
		[       73:       82)   0 (  0.0%) |
		[       82:       91)   0 (  0.0%) |
	Output Pin Usage:
		Max: 20.00 (0.48)
		Avg: 11.30 (0.27)
		Min: 1.00 (0.02)
		Histogram:
		[        0:      4.2) 50 ( 13.7%) |**************************
		[      4.2:      8.4) 71 ( 19.5%) |************************************
		[      8.4:       13) 76 ( 20.8%) |***************************************
		[       13:       17) 94 ( 25.8%) |************************************************
		[       17:       21) 74 ( 20.3%) |**************************************
		[       21:       25)  0 (  0.0%) |
		[       25:       29)  0 (  0.0%) |
		[       29:       34)  0 (  0.0%) |
		[       34:       38)  0 (  0.0%) |
		[       38:       42)  0 (  0.0%) |

