#Timing report of worst 32 path(s)
# Unit scale: 1e-09 seconds
# Output precision: 3

#Path 1
Startpoint: pi09.inpad[0] (.input clocked by virtual_io_clock)
Endpoint  : out:po16.outpad[0] (.output clocked by virtual_io_clock)
Path Type : setup

Point                                                             Incr      Path
--------------------------------------------------------------------------------
clock virtual_io_clock (rise edge)                               0.000     0.000
clock source latency                                             0.000     0.000
input external delay                                             0.000     0.000
pi09.inpad[0] (.input)                                           0.000     0.000
new_n90.in[0] (.names)                                           0.712     0.712
new_n90.out[0] (.names)                                          0.261     0.973
new_n127.in[2] (.names)                                          0.712     1.685
new_n127.out[0] (.names)                                         0.261     1.946
new_n125.in[0] (.names)                                          0.712     2.658
new_n125.out[0] (.names)                                         0.261     2.919
po16.in[0] (.names)                                              0.712     3.631
po16.out[0] (.names)                                             0.261     3.892
out:po16.outpad[0] (.output)                                     0.712     4.604
data arrival time                                                          4.604

clock virtual_io_clock (rise edge)                               0.000     0.000
clock source latency                                             0.000     0.000
clock uncertainty                                                0.000     0.000
output external delay                                            0.000     0.000
data required time                                                         0.000
--------------------------------------------------------------------------------
data required time                                                         0.000
data arrival time                                                         -4.604
--------------------------------------------------------------------------------
slack (VIOLATED)                                                          -4.604


#Path 2
Startpoint: pi09.inpad[0] (.input clocked by virtual_io_clock)
Endpoint  : out:po31.outpad[0] (.output clocked by virtual_io_clock)
Path Type : setup

Point                                                             Incr      Path
--------------------------------------------------------------------------------
clock virtual_io_clock (rise edge)                               0.000     0.000
clock source latency                                             0.000     0.000
input external delay                                             0.000     0.000
pi09.inpad[0] (.input)                                           0.000     0.000
new_n90.in[0] (.names)                                           0.712     0.712
new_n90.out[0] (.names)                                          0.261     0.973
new_n127.in[2] (.names)                                          0.712     1.685
new_n127.out[0] (.names)                                         0.261     1.946
new_n125.in[0] (.names)                                          0.712     2.658
new_n125.out[0] (.names)                                         0.261     2.919
po31.in[0] (.names)                                              0.712     3.631
po31.out[0] (.names)                                             0.261     3.892
out:po31.outpad[0] (.output)                                     0.712     4.604
data arrival time                                                          4.604

clock virtual_io_clock (rise edge)                               0.000     0.000
clock source latency                                             0.000     0.000
clock uncertainty                                                0.000     0.000
output external delay                                            0.000     0.000
data required time                                                         0.000
--------------------------------------------------------------------------------
data required time                                                         0.000
data arrival time                                                         -4.604
--------------------------------------------------------------------------------
slack (VIOLATED)                                                          -4.604


#Path 3
Startpoint: pi09.inpad[0] (.input clocked by virtual_io_clock)
Endpoint  : out:po30.outpad[0] (.output clocked by virtual_io_clock)
Path Type : setup

Point                                                             Incr      Path
--------------------------------------------------------------------------------
clock virtual_io_clock (rise edge)                               0.000     0.000
clock source latency                                             0.000     0.000
input external delay                                             0.000     0.000
pi09.inpad[0] (.input)                                           0.000     0.000
new_n90.in[0] (.names)                                           0.712     0.712
new_n90.out[0] (.names)                                          0.261     0.973
new_n127.in[2] (.names)                                          0.712     1.685
new_n127.out[0] (.names)                                         0.261     1.946
new_n125.in[0] (.names)                                          0.712     2.658
new_n125.out[0] (.names)                                         0.261     2.919
po30.in[0] (.names)                                              0.712     3.631
po30.out[0] (.names)                                             0.261     3.892
out:po30.outpad[0] (.output)                                     0.712     4.604
data arrival time                                                          4.604

clock virtual_io_clock (rise edge)                               0.000     0.000
clock source latency                                             0.000     0.000
clock uncertainty                                                0.000     0.000
output external delay                                            0.000     0.000
data required time                                                         0.000
--------------------------------------------------------------------------------
data required time                                                         0.000
data arrival time                                                         -4.604
--------------------------------------------------------------------------------
slack (VIOLATED)                                                          -4.604


#Path 4
Startpoint: pi09.inpad[0] (.input clocked by virtual_io_clock)
Endpoint  : out:po29.outpad[0] (.output clocked by virtual_io_clock)
Path Type : setup

Point                                                             Incr      Path
--------------------------------------------------------------------------------
clock virtual_io_clock (rise edge)                               0.000     0.000
clock source latency                                             0.000     0.000
input external delay                                             0.000     0.000
pi09.inpad[0] (.input)                                           0.000     0.000
new_n90.in[0] (.names)                                           0.712     0.712
new_n90.out[0] (.names)                                          0.261     0.973
new_n127.in[2] (.names)                                          0.712     1.685
new_n127.out[0] (.names)                                         0.261     1.946
new_n125.in[0] (.names)                                          0.712     2.658
new_n125.out[0] (.names)                                         0.261     2.919
po29.in[0] (.names)                                              0.712     3.631
po29.out[0] (.names)                                             0.261     3.892
out:po29.outpad[0] (.output)                                     0.712     4.604
data arrival time                                                          4.604

clock virtual_io_clock (rise edge)                               0.000     0.000
clock source latency                                             0.000     0.000
clock uncertainty                                                0.000     0.000
output external delay                                            0.000     0.000
data required time                                                         0.000
--------------------------------------------------------------------------------
data required time                                                         0.000
data arrival time                                                         -4.604
--------------------------------------------------------------------------------
slack (VIOLATED)                                                          -4.604


#Path 5
Startpoint: pi09.inpad[0] (.input clocked by virtual_io_clock)
Endpoint  : out:po28.outpad[0] (.output clocked by virtual_io_clock)
Path Type : setup

Point                                                             Incr      Path
--------------------------------------------------------------------------------
clock virtual_io_clock (rise edge)                               0.000     0.000
clock source latency                                             0.000     0.000
input external delay                                             0.000     0.000
pi09.inpad[0] (.input)                                           0.000     0.000
new_n90.in[0] (.names)                                           0.712     0.712
new_n90.out[0] (.names)                                          0.261     0.973
new_n127.in[2] (.names)                                          0.712     1.685
new_n127.out[0] (.names)                                         0.261     1.946
new_n125.in[0] (.names)                                          0.712     2.658
new_n125.out[0] (.names)                                         0.261     2.919
po28.in[0] (.names)                                              0.712     3.631
po28.out[0] (.names)                                             0.261     3.892
out:po28.outpad[0] (.output)                                     0.712     4.604
data arrival time                                                          4.604

clock virtual_io_clock (rise edge)                               0.000     0.000
clock source latency                                             0.000     0.000
clock uncertainty                                                0.000     0.000
output external delay                                            0.000     0.000
data required time                                                         0.000
--------------------------------------------------------------------------------
data required time                                                         0.000
data arrival time                                                         -4.604
--------------------------------------------------------------------------------
slack (VIOLATED)                                                          -4.604


#Path 6
Startpoint: pi09.inpad[0] (.input clocked by virtual_io_clock)
Endpoint  : out:po27.outpad[0] (.output clocked by virtual_io_clock)
Path Type : setup

Point                                                             Incr      Path
--------------------------------------------------------------------------------
clock virtual_io_clock (rise edge)                               0.000     0.000
clock source latency                                             0.000     0.000
input external delay                                             0.000     0.000
pi09.inpad[0] (.input)                                           0.000     0.000
new_n90.in[0] (.names)                                           0.712     0.712
new_n90.out[0] (.names)                                          0.261     0.973
new_n127.in[2] (.names)                                          0.712     1.685
new_n127.out[0] (.names)                                         0.261     1.946
new_n125.in[0] (.names)                                          0.712     2.658
new_n125.out[0] (.names)                                         0.261     2.919
po27.in[0] (.names)                                              0.712     3.631
po27.out[0] (.names)                                             0.261     3.892
out:po27.outpad[0] (.output)                                     0.712     4.604
data arrival time                                                          4.604

clock virtual_io_clock (rise edge)                               0.000     0.000
clock source latency                                             0.000     0.000
clock uncertainty                                                0.000     0.000
output external delay                                            0.000     0.000
data required time                                                         0.000
--------------------------------------------------------------------------------
data required time                                                         0.000
data arrival time                                                         -4.604
--------------------------------------------------------------------------------
slack (VIOLATED)                                                          -4.604


#Path 7
Startpoint: pi09.inpad[0] (.input clocked by virtual_io_clock)
Endpoint  : out:po26.outpad[0] (.output clocked by virtual_io_clock)
Path Type : setup

Point                                                             Incr      Path
--------------------------------------------------------------------------------
clock virtual_io_clock (rise edge)                               0.000     0.000
clock source latency                                             0.000     0.000
input external delay                                             0.000     0.000
pi09.inpad[0] (.input)                                           0.000     0.000
new_n90.in[0] (.names)                                           0.712     0.712
new_n90.out[0] (.names)                                          0.261     0.973
new_n127.in[2] (.names)                                          0.712     1.685
new_n127.out[0] (.names)                                         0.261     1.946
new_n125.in[0] (.names)                                          0.712     2.658
new_n125.out[0] (.names)                                         0.261     2.919
po26.in[0] (.names)                                              0.712     3.631
po26.out[0] (.names)                                             0.261     3.892
out:po26.outpad[0] (.output)                                     0.712     4.604
data arrival time                                                          4.604

clock virtual_io_clock (rise edge)                               0.000     0.000
clock source latency                                             0.000     0.000
clock uncertainty                                                0.000     0.000
output external delay                                            0.000     0.000
data required time                                                         0.000
--------------------------------------------------------------------------------
data required time                                                         0.000
data arrival time                                                         -4.604
--------------------------------------------------------------------------------
slack (VIOLATED)                                                          -4.604


#Path 8
Startpoint: pi09.inpad[0] (.input clocked by virtual_io_clock)
Endpoint  : out:po25.outpad[0] (.output clocked by virtual_io_clock)
Path Type : setup

Point                                                             Incr      Path
--------------------------------------------------------------------------------
clock virtual_io_clock (rise edge)                               0.000     0.000
clock source latency                                             0.000     0.000
input external delay                                             0.000     0.000
pi09.inpad[0] (.input)                                           0.000     0.000
new_n90.in[0] (.names)                                           0.712     0.712
new_n90.out[0] (.names)                                          0.261     0.973
new_n127.in[2] (.names)                                          0.712     1.685
new_n127.out[0] (.names)                                         0.261     1.946
new_n125.in[0] (.names)                                          0.712     2.658
new_n125.out[0] (.names)                                         0.261     2.919
po25.in[0] (.names)                                              0.712     3.631
po25.out[0] (.names)                                             0.261     3.892
out:po25.outpad[0] (.output)                                     0.712     4.604
data arrival time                                                          4.604

clock virtual_io_clock (rise edge)                               0.000     0.000
clock source latency                                             0.000     0.000
clock uncertainty                                                0.000     0.000
output external delay                                            0.000     0.000
data required time                                                         0.000
--------------------------------------------------------------------------------
data required time                                                         0.000
data arrival time                                                         -4.604
--------------------------------------------------------------------------------
slack (VIOLATED)                                                          -4.604


#Path 9
Startpoint: pi09.inpad[0] (.input clocked by virtual_io_clock)
Endpoint  : out:po24.outpad[0] (.output clocked by virtual_io_clock)
Path Type : setup

Point                                                             Incr      Path
--------------------------------------------------------------------------------
clock virtual_io_clock (rise edge)                               0.000     0.000
clock source latency                                             0.000     0.000
input external delay                                             0.000     0.000
pi09.inpad[0] (.input)                                           0.000     0.000
new_n90.in[0] (.names)                                           0.712     0.712
new_n90.out[0] (.names)                                          0.261     0.973
new_n127.in[2] (.names)                                          0.712     1.685
new_n127.out[0] (.names)                                         0.261     1.946
new_n125.in[0] (.names)                                          0.712     2.658
new_n125.out[0] (.names)                                         0.261     2.919
po24.in[0] (.names)                                              0.712     3.631
po24.out[0] (.names)                                             0.261     3.892
out:po24.outpad[0] (.output)                                     0.712     4.604
data arrival time                                                          4.604

clock virtual_io_clock (rise edge)                               0.000     0.000
clock source latency                                             0.000     0.000
clock uncertainty                                                0.000     0.000
output external delay                                            0.000     0.000
data required time                                                         0.000
--------------------------------------------------------------------------------
data required time                                                         0.000
data arrival time                                                         -4.604
--------------------------------------------------------------------------------
slack (VIOLATED)                                                          -4.604


#Path 10
Startpoint: pi09.inpad[0] (.input clocked by virtual_io_clock)
Endpoint  : out:po23.outpad[0] (.output clocked by virtual_io_clock)
Path Type : setup

Point                                                             Incr      Path
--------------------------------------------------------------------------------
clock virtual_io_clock (rise edge)                               0.000     0.000
clock source latency                                             0.000     0.000
input external delay                                             0.000     0.000
pi09.inpad[0] (.input)                                           0.000     0.000
new_n90.in[0] (.names)                                           0.712     0.712
new_n90.out[0] (.names)                                          0.261     0.973
new_n127.in[2] (.names)                                          0.712     1.685
new_n127.out[0] (.names)                                         0.261     1.946
new_n125.in[0] (.names)                                          0.712     2.658
new_n125.out[0] (.names)                                         0.261     2.919
po23.in[0] (.names)                                              0.712     3.631
po23.out[0] (.names)                                             0.261     3.892
out:po23.outpad[0] (.output)                                     0.712     4.604
data arrival time                                                          4.604

clock virtual_io_clock (rise edge)                               0.000     0.000
clock source latency                                             0.000     0.000
clock uncertainty                                                0.000     0.000
output external delay                                            0.000     0.000
data required time                                                         0.000
--------------------------------------------------------------------------------
data required time                                                         0.000
data arrival time                                                         -4.604
--------------------------------------------------------------------------------
slack (VIOLATED)                                                          -4.604


#Path 11
Startpoint: pi09.inpad[0] (.input clocked by virtual_io_clock)
Endpoint  : out:po22.outpad[0] (.output clocked by virtual_io_clock)
Path Type : setup

Point                                                             Incr      Path
--------------------------------------------------------------------------------
clock virtual_io_clock (rise edge)                               0.000     0.000
clock source latency                                             0.000     0.000
input external delay                                             0.000     0.000
pi09.inpad[0] (.input)                                           0.000     0.000
new_n90.in[0] (.names)                                           0.712     0.712
new_n90.out[0] (.names)                                          0.261     0.973
new_n127.in[2] (.names)                                          0.712     1.685
new_n127.out[0] (.names)                                         0.261     1.946
new_n125.in[0] (.names)                                          0.712     2.658
new_n125.out[0] (.names)                                         0.261     2.919
po22.in[0] (.names)                                              0.712     3.631
po22.out[0] (.names)                                             0.261     3.892
out:po22.outpad[0] (.output)                                     0.712     4.604
data arrival time                                                          4.604

clock virtual_io_clock (rise edge)                               0.000     0.000
clock source latency                                             0.000     0.000
clock uncertainty                                                0.000     0.000
output external delay                                            0.000     0.000
data required time                                                         0.000
--------------------------------------------------------------------------------
data required time                                                         0.000
data arrival time                                                         -4.604
--------------------------------------------------------------------------------
slack (VIOLATED)                                                          -4.604


#Path 12
Startpoint: pi09.inpad[0] (.input clocked by virtual_io_clock)
Endpoint  : out:po21.outpad[0] (.output clocked by virtual_io_clock)
Path Type : setup

Point                                                             Incr      Path
--------------------------------------------------------------------------------
clock virtual_io_clock (rise edge)                               0.000     0.000
clock source latency                                             0.000     0.000
input external delay                                             0.000     0.000
pi09.inpad[0] (.input)                                           0.000     0.000
new_n90.in[0] (.names)                                           0.712     0.712
new_n90.out[0] (.names)                                          0.261     0.973
new_n127.in[2] (.names)                                          0.712     1.685
new_n127.out[0] (.names)                                         0.261     1.946
new_n125.in[0] (.names)                                          0.712     2.658
new_n125.out[0] (.names)                                         0.261     2.919
po21.in[0] (.names)                                              0.712     3.631
po21.out[0] (.names)                                             0.261     3.892
out:po21.outpad[0] (.output)                                     0.712     4.604
data arrival time                                                          4.604

clock virtual_io_clock (rise edge)                               0.000     0.000
clock source latency                                             0.000     0.000
clock uncertainty                                                0.000     0.000
output external delay                                            0.000     0.000
data required time                                                         0.000
--------------------------------------------------------------------------------
data required time                                                         0.000
data arrival time                                                         -4.604
--------------------------------------------------------------------------------
slack (VIOLATED)                                                          -4.604


#Path 13
Startpoint: pi09.inpad[0] (.input clocked by virtual_io_clock)
Endpoint  : out:po20.outpad[0] (.output clocked by virtual_io_clock)
Path Type : setup

Point                                                             Incr      Path
--------------------------------------------------------------------------------
clock virtual_io_clock (rise edge)                               0.000     0.000
clock source latency                                             0.000     0.000
input external delay                                             0.000     0.000
pi09.inpad[0] (.input)                                           0.000     0.000
new_n90.in[0] (.names)                                           0.712     0.712
new_n90.out[0] (.names)                                          0.261     0.973
new_n127.in[2] (.names)                                          0.712     1.685
new_n127.out[0] (.names)                                         0.261     1.946
new_n125.in[0] (.names)                                          0.712     2.658
new_n125.out[0] (.names)                                         0.261     2.919
po20.in[0] (.names)                                              0.712     3.631
po20.out[0] (.names)                                             0.261     3.892
out:po20.outpad[0] (.output)                                     0.712     4.604
data arrival time                                                          4.604

clock virtual_io_clock (rise edge)                               0.000     0.000
clock source latency                                             0.000     0.000
clock uncertainty                                                0.000     0.000
output external delay                                            0.000     0.000
data required time                                                         0.000
--------------------------------------------------------------------------------
data required time                                                         0.000
data arrival time                                                         -4.604
--------------------------------------------------------------------------------
slack (VIOLATED)                                                          -4.604


#Path 14
Startpoint: pi09.inpad[0] (.input clocked by virtual_io_clock)
Endpoint  : out:po19.outpad[0] (.output clocked by virtual_io_clock)
Path Type : setup

Point                                                             Incr      Path
--------------------------------------------------------------------------------
clock virtual_io_clock (rise edge)                               0.000     0.000
clock source latency                                             0.000     0.000
input external delay                                             0.000     0.000
pi09.inpad[0] (.input)                                           0.000     0.000
new_n90.in[0] (.names)                                           0.712     0.712
new_n90.out[0] (.names)                                          0.261     0.973
new_n127.in[2] (.names)                                          0.712     1.685
new_n127.out[0] (.names)                                         0.261     1.946
new_n125.in[0] (.names)                                          0.712     2.658
new_n125.out[0] (.names)                                         0.261     2.919
po19.in[0] (.names)                                              0.712     3.631
po19.out[0] (.names)                                             0.261     3.892
out:po19.outpad[0] (.output)                                     0.712     4.604
data arrival time                                                          4.604

clock virtual_io_clock (rise edge)                               0.000     0.000
clock source latency                                             0.000     0.000
clock uncertainty                                                0.000     0.000
output external delay                                            0.000     0.000
data required time                                                         0.000
--------------------------------------------------------------------------------
data required time                                                         0.000
data arrival time                                                         -4.604
--------------------------------------------------------------------------------
slack (VIOLATED)                                                          -4.604


#Path 15
Startpoint: pi09.inpad[0] (.input clocked by virtual_io_clock)
Endpoint  : out:po18.outpad[0] (.output clocked by virtual_io_clock)
Path Type : setup

Point                                                             Incr      Path
--------------------------------------------------------------------------------
clock virtual_io_clock (rise edge)                               0.000     0.000
clock source latency                                             0.000     0.000
input external delay                                             0.000     0.000
pi09.inpad[0] (.input)                                           0.000     0.000
new_n90.in[0] (.names)                                           0.712     0.712
new_n90.out[0] (.names)                                          0.261     0.973
new_n127.in[2] (.names)                                          0.712     1.685
new_n127.out[0] (.names)                                         0.261     1.946
new_n125.in[0] (.names)                                          0.712     2.658
new_n125.out[0] (.names)                                         0.261     2.919
po18.in[0] (.names)                                              0.712     3.631
po18.out[0] (.names)                                             0.261     3.892
out:po18.outpad[0] (.output)                                     0.712     4.604
data arrival time                                                          4.604

clock virtual_io_clock (rise edge)                               0.000     0.000
clock source latency                                             0.000     0.000
clock uncertainty                                                0.000     0.000
output external delay                                            0.000     0.000
data required time                                                         0.000
--------------------------------------------------------------------------------
data required time                                                         0.000
data arrival time                                                         -4.604
--------------------------------------------------------------------------------
slack (VIOLATED)                                                          -4.604


#Path 16
Startpoint: pi09.inpad[0] (.input clocked by virtual_io_clock)
Endpoint  : out:po17.outpad[0] (.output clocked by virtual_io_clock)
Path Type : setup

Point                                                             Incr      Path
--------------------------------------------------------------------------------
clock virtual_io_clock (rise edge)                               0.000     0.000
clock source latency                                             0.000     0.000
input external delay                                             0.000     0.000
pi09.inpad[0] (.input)                                           0.000     0.000
new_n90.in[0] (.names)                                           0.712     0.712
new_n90.out[0] (.names)                                          0.261     0.973
new_n127.in[2] (.names)                                          0.712     1.685
new_n127.out[0] (.names)                                         0.261     1.946
new_n125.in[0] (.names)                                          0.712     2.658
new_n125.out[0] (.names)                                         0.261     2.919
po17.in[0] (.names)                                              0.712     3.631
po17.out[0] (.names)                                             0.261     3.892
out:po17.outpad[0] (.output)                                     0.712     4.604
data arrival time                                                          4.604

clock virtual_io_clock (rise edge)                               0.000     0.000
clock source latency                                             0.000     0.000
clock uncertainty                                                0.000     0.000
output external delay                                            0.000     0.000
data required time                                                         0.000
--------------------------------------------------------------------------------
data required time                                                         0.000
data arrival time                                                         -4.604
--------------------------------------------------------------------------------
slack (VIOLATED)                                                          -4.604


#Path 17
Startpoint: pi06.inpad[0] (.input clocked by virtual_io_clock)
Endpoint  : out:po00.outpad[0] (.output clocked by virtual_io_clock)
Path Type : setup

Point                                                             Incr      Path
--------------------------------------------------------------------------------
clock virtual_io_clock (rise edge)                               0.000     0.000
clock source latency                                             0.000     0.000
input external delay                                             0.000     0.000
pi06.inpad[0] (.input)                                           0.000     0.000
new_n78.in[0] (.names)                                           0.712     0.712
new_n78.out[0] (.names)                                          0.261     0.973
new_n77.in[2] (.names)                                           0.712     1.685
new_n77.out[0] (.names)                                          0.261     1.946
new_n76.in[1] (.names)                                           0.712     2.658
new_n76.out[0] (.names)                                          0.261     2.919
po00.in[1] (.names)                                              0.712     3.631
po00.out[0] (.names)                                             0.261     3.892
out:po00.outpad[0] (.output)                                     0.712     4.604
data arrival time                                                          4.604

clock virtual_io_clock (rise edge)                               0.000     0.000
clock source latency                                             0.000     0.000
clock uncertainty                                                0.000     0.000
output external delay                                            0.000     0.000
data required time                                                         0.000
--------------------------------------------------------------------------------
data required time                                                         0.000
data arrival time                                                         -4.604
--------------------------------------------------------------------------------
slack (VIOLATED)                                                          -4.604


#Path 18
Startpoint: pi02.inpad[0] (.input clocked by virtual_io_clock)
Endpoint  : out:po14.outpad[0] (.output clocked by virtual_io_clock)
Path Type : setup

Point                                                             Incr      Path
--------------------------------------------------------------------------------
clock virtual_io_clock (rise edge)                               0.000     0.000
clock source latency                                             0.000     0.000
input external delay                                             0.000     0.000
pi02.inpad[0] (.input)                                           0.000     0.000
new_n91.in[0] (.names)                                           0.712     0.712
new_n91.out[0] (.names)                                          0.261     0.973
new_n94.in[2] (.names)                                           0.712     1.685
new_n94.out[0] (.names)                                          0.261     1.946
new_n93.in[1] (.names)                                           0.712     2.658
new_n93.out[0] (.names)                                          0.261     2.919
po14.in[2] (.names)                                              0.712     3.631
po14.out[0] (.names)                                             0.261     3.892
out:po14.outpad[0] (.output)                                     0.712     4.604
data arrival time                                                          4.604

clock virtual_io_clock (rise edge)                               0.000     0.000
clock source latency                                             0.000     0.000
clock uncertainty                                                0.000     0.000
output external delay                                            0.000     0.000
data required time                                                         0.000
--------------------------------------------------------------------------------
data required time                                                         0.000
data arrival time                                                         -4.604
--------------------------------------------------------------------------------
slack (VIOLATED)                                                          -4.604


#Path 19
Startpoint: pi02.inpad[0] (.input clocked by virtual_io_clock)
Endpoint  : out:po13.outpad[0] (.output clocked by virtual_io_clock)
Path Type : setup

Point                                                             Incr      Path
--------------------------------------------------------------------------------
clock virtual_io_clock (rise edge)                               0.000     0.000
clock source latency                                             0.000     0.000
input external delay                                             0.000     0.000
pi02.inpad[0] (.input)                                           0.000     0.000
new_n91.in[0] (.names)                                           0.712     0.712
new_n91.out[0] (.names)                                          0.261     0.973
new_n94.in[2] (.names)                                           0.712     1.685
new_n94.out[0] (.names)                                          0.261     1.946
new_n93.in[1] (.names)                                           0.712     2.658
new_n93.out[0] (.names)                                          0.261     2.919
po13.in[2] (.names)                                              0.712     3.631
po13.out[0] (.names)                                             0.261     3.892
out:po13.outpad[0] (.output)                                     0.712     4.604
data arrival time                                                          4.604

clock virtual_io_clock (rise edge)                               0.000     0.000
clock source latency                                             0.000     0.000
clock uncertainty                                                0.000     0.000
output external delay                                            0.000     0.000
data required time                                                         0.000
--------------------------------------------------------------------------------
data required time                                                         0.000
data arrival time                                                         -4.604
--------------------------------------------------------------------------------
slack (VIOLATED)                                                          -4.604


#Path 20
Startpoint: pi02.inpad[0] (.input clocked by virtual_io_clock)
Endpoint  : out:po12.outpad[0] (.output clocked by virtual_io_clock)
Path Type : setup

Point                                                             Incr      Path
--------------------------------------------------------------------------------
clock virtual_io_clock (rise edge)                               0.000     0.000
clock source latency                                             0.000     0.000
input external delay                                             0.000     0.000
pi02.inpad[0] (.input)                                           0.000     0.000
new_n91.in[0] (.names)                                           0.712     0.712
new_n91.out[0] (.names)                                          0.261     0.973
new_n94.in[2] (.names)                                           0.712     1.685
new_n94.out[0] (.names)                                          0.261     1.946
new_n93.in[1] (.names)                                           0.712     2.658
new_n93.out[0] (.names)                                          0.261     2.919
po12.in[2] (.names)                                              0.712     3.631
po12.out[0] (.names)                                             0.261     3.892
out:po12.outpad[0] (.output)                                     0.712     4.604
data arrival time                                                          4.604

clock virtual_io_clock (rise edge)                               0.000     0.000
clock source latency                                             0.000     0.000
clock uncertainty                                                0.000     0.000
output external delay                                            0.000     0.000
data required time                                                         0.000
--------------------------------------------------------------------------------
data required time                                                         0.000
data arrival time                                                         -4.604
--------------------------------------------------------------------------------
slack (VIOLATED)                                                          -4.604


#Path 21
Startpoint: pi02.inpad[0] (.input clocked by virtual_io_clock)
Endpoint  : out:po11.outpad[0] (.output clocked by virtual_io_clock)
Path Type : setup

Point                                                             Incr      Path
--------------------------------------------------------------------------------
clock virtual_io_clock (rise edge)                               0.000     0.000
clock source latency                                             0.000     0.000
input external delay                                             0.000     0.000
pi02.inpad[0] (.input)                                           0.000     0.000
new_n91.in[0] (.names)                                           0.712     0.712
new_n91.out[0] (.names)                                          0.261     0.973
new_n94.in[2] (.names)                                           0.712     1.685
new_n94.out[0] (.names)                                          0.261     1.946
new_n93.in[1] (.names)                                           0.712     2.658
new_n93.out[0] (.names)                                          0.261     2.919
po11.in[2] (.names)                                              0.712     3.631
po11.out[0] (.names)                                             0.261     3.892
out:po11.outpad[0] (.output)                                     0.712     4.604
data arrival time                                                          4.604

clock virtual_io_clock (rise edge)                               0.000     0.000
clock source latency                                             0.000     0.000
clock uncertainty                                                0.000     0.000
output external delay                                            0.000     0.000
data required time                                                         0.000
--------------------------------------------------------------------------------
data required time                                                         0.000
data arrival time                                                         -4.604
--------------------------------------------------------------------------------
slack (VIOLATED)                                                          -4.604


#Path 22
Startpoint: pi06.inpad[0] (.input clocked by virtual_io_clock)
Endpoint  : out:po06.outpad[0] (.output clocked by virtual_io_clock)
Path Type : setup

Point                                                             Incr      Path
--------------------------------------------------------------------------------
clock virtual_io_clock (rise edge)                               0.000     0.000
clock source latency                                             0.000     0.000
input external delay                                             0.000     0.000
pi06.inpad[0] (.input)                                           0.000     0.000
new_n78.in[0] (.names)                                           0.712     0.712
new_n78.out[0] (.names)                                          0.261     0.973
new_n77.in[2] (.names)                                           0.712     1.685
new_n77.out[0] (.names)                                          0.261     1.946
new_n108.in[0] (.names)                                          0.712     2.658
new_n108.out[0] (.names)                                         0.261     2.919
po06.in[2] (.names)                                              0.712     3.631
po06.out[0] (.names)                                             0.261     3.892
out:po06.outpad[0] (.output)                                     0.712     4.604
data arrival time                                                          4.604

clock virtual_io_clock (rise edge)                               0.000     0.000
clock source latency                                             0.000     0.000
clock uncertainty                                                0.000     0.000
output external delay                                            0.000     0.000
data required time                                                         0.000
--------------------------------------------------------------------------------
data required time                                                         0.000
data arrival time                                                         -4.604
--------------------------------------------------------------------------------
slack (VIOLATED)                                                          -4.604


#Path 23
Startpoint: pi06.inpad[0] (.input clocked by virtual_io_clock)
Endpoint  : out:po05.outpad[0] (.output clocked by virtual_io_clock)
Path Type : setup

Point                                                             Incr      Path
--------------------------------------------------------------------------------
clock virtual_io_clock (rise edge)                               0.000     0.000
clock source latency                                             0.000     0.000
input external delay                                             0.000     0.000
pi06.inpad[0] (.input)                                           0.000     0.000
new_n78.in[0] (.names)                                           0.712     0.712
new_n78.out[0] (.names)                                          0.261     0.973
new_n77.in[2] (.names)                                           0.712     1.685
new_n77.out[0] (.names)                                          0.261     1.946
new_n108.in[0] (.names)                                          0.712     2.658
new_n108.out[0] (.names)                                         0.261     2.919
po05.in[2] (.names)                                              0.712     3.631
po05.out[0] (.names)                                             0.261     3.892
out:po05.outpad[0] (.output)                                     0.712     4.604
data arrival time                                                          4.604

clock virtual_io_clock (rise edge)                               0.000     0.000
clock source latency                                             0.000     0.000
clock uncertainty                                                0.000     0.000
output external delay                                            0.000     0.000
data required time                                                         0.000
--------------------------------------------------------------------------------
data required time                                                         0.000
data arrival time                                                         -4.604
--------------------------------------------------------------------------------
slack (VIOLATED)                                                          -4.604


#Path 24
Startpoint: pi06.inpad[0] (.input clocked by virtual_io_clock)
Endpoint  : out:po04.outpad[0] (.output clocked by virtual_io_clock)
Path Type : setup

Point                                                             Incr      Path
--------------------------------------------------------------------------------
clock virtual_io_clock (rise edge)                               0.000     0.000
clock source latency                                             0.000     0.000
input external delay                                             0.000     0.000
pi06.inpad[0] (.input)                                           0.000     0.000
new_n78.in[0] (.names)                                           0.712     0.712
new_n78.out[0] (.names)                                          0.261     0.973
new_n77.in[2] (.names)                                           0.712     1.685
new_n77.out[0] (.names)                                          0.261     1.946
new_n108.in[0] (.names)                                          0.712     2.658
new_n108.out[0] (.names)                                         0.261     2.919
po04.in[2] (.names)                                              0.712     3.631
po04.out[0] (.names)                                             0.261     3.892
out:po04.outpad[0] (.output)                                     0.712     4.604
data arrival time                                                          4.604

clock virtual_io_clock (rise edge)                               0.000     0.000
clock source latency                                             0.000     0.000
clock uncertainty                                                0.000     0.000
output external delay                                            0.000     0.000
data required time                                                         0.000
--------------------------------------------------------------------------------
data required time                                                         0.000
data arrival time                                                         -4.604
--------------------------------------------------------------------------------
slack (VIOLATED)                                                          -4.604


#Path 25
Startpoint: pi06.inpad[0] (.input clocked by virtual_io_clock)
Endpoint  : out:po03.outpad[0] (.output clocked by virtual_io_clock)
Path Type : setup

Point                                                             Incr      Path
--------------------------------------------------------------------------------
clock virtual_io_clock (rise edge)                               0.000     0.000
clock source latency                                             0.000     0.000
input external delay                                             0.000     0.000
pi06.inpad[0] (.input)                                           0.000     0.000
new_n78.in[0] (.names)                                           0.712     0.712
new_n78.out[0] (.names)                                          0.261     0.973
new_n77.in[2] (.names)                                           0.712     1.685
new_n77.out[0] (.names)                                          0.261     1.946
new_n108.in[0] (.names)                                          0.712     2.658
new_n108.out[0] (.names)                                         0.261     2.919
po03.in[2] (.names)                                              0.712     3.631
po03.out[0] (.names)                                             0.261     3.892
out:po03.outpad[0] (.output)                                     0.712     4.604
data arrival time                                                          4.604

clock virtual_io_clock (rise edge)                               0.000     0.000
clock source latency                                             0.000     0.000
clock uncertainty                                                0.000     0.000
output external delay                                            0.000     0.000
data required time                                                         0.000
--------------------------------------------------------------------------------
data required time                                                         0.000
data arrival time                                                         -4.604
--------------------------------------------------------------------------------
slack (VIOLATED)                                                          -4.604


#Path 26
Startpoint: pi06.inpad[0] (.input clocked by virtual_io_clock)
Endpoint  : out:po15.outpad[0] (.output clocked by virtual_io_clock)
Path Type : setup

Point                                                             Incr      Path
--------------------------------------------------------------------------------
clock virtual_io_clock (rise edge)                               0.000     0.000
clock source latency                                             0.000     0.000
input external delay                                             0.000     0.000
pi06.inpad[0] (.input)                                           0.000     0.000
new_n78.in[0] (.names)                                           0.712     0.712
new_n78.out[0] (.names)                                          0.261     0.973
new_n77.in[2] (.names)                                           0.712     1.685
new_n77.out[0] (.names)                                          0.261     1.946
new_n76.in[1] (.names)                                           0.712     2.658
new_n76.out[0] (.names)                                          0.261     2.919
po15.in[1] (.names)                                              0.712     3.631
po15.out[0] (.names)                                             0.261     3.892
out:po15.outpad[0] (.output)                                     0.712     4.604
data arrival time                                                          4.604

clock virtual_io_clock (rise edge)                               0.000     0.000
clock source latency                                             0.000     0.000
clock uncertainty                                                0.000     0.000
output external delay                                            0.000     0.000
data required time                                                         0.000
--------------------------------------------------------------------------------
data required time                                                         0.000
data arrival time                                                         -4.604
--------------------------------------------------------------------------------
slack (VIOLATED)                                                          -4.604


#Path 27
Startpoint: pi06.inpad[0] (.input clocked by virtual_io_clock)
Endpoint  : out:po10.outpad[0] (.output clocked by virtual_io_clock)
Path Type : setup

Point                                                             Incr      Path
--------------------------------------------------------------------------------
clock virtual_io_clock (rise edge)                               0.000     0.000
clock source latency                                             0.000     0.000
input external delay                                             0.000     0.000
pi06.inpad[0] (.input)                                           0.000     0.000
new_n78.in[0] (.names)                                           0.712     0.712
new_n78.out[0] (.names)                                          0.261     0.973
new_n77.in[2] (.names)                                           0.712     1.685
new_n77.out[0] (.names)                                          0.261     1.946
new_n76.in[1] (.names)                                           0.712     2.658
new_n76.out[0] (.names)                                          0.261     2.919
po10.in[1] (.names)                                              0.712     3.631
po10.out[0] (.names)                                             0.261     3.892
out:po10.outpad[0] (.output)                                     0.712     4.604
data arrival time                                                          4.604

clock virtual_io_clock (rise edge)                               0.000     0.000
clock source latency                                             0.000     0.000
clock uncertainty                                                0.000     0.000
output external delay                                            0.000     0.000
data required time                                                         0.000
--------------------------------------------------------------------------------
data required time                                                         0.000
data arrival time                                                         -4.604
--------------------------------------------------------------------------------
slack (VIOLATED)                                                          -4.604


#Path 28
Startpoint: pi06.inpad[0] (.input clocked by virtual_io_clock)
Endpoint  : out:po09.outpad[0] (.output clocked by virtual_io_clock)
Path Type : setup

Point                                                             Incr      Path
--------------------------------------------------------------------------------
clock virtual_io_clock (rise edge)                               0.000     0.000
clock source latency                                             0.000     0.000
input external delay                                             0.000     0.000
pi06.inpad[0] (.input)                                           0.000     0.000
new_n78.in[0] (.names)                                           0.712     0.712
new_n78.out[0] (.names)                                          0.261     0.973
new_n77.in[2] (.names)                                           0.712     1.685
new_n77.out[0] (.names)                                          0.261     1.946
new_n76.in[1] (.names)                                           0.712     2.658
new_n76.out[0] (.names)                                          0.261     2.919
po09.in[1] (.names)                                              0.712     3.631
po09.out[0] (.names)                                             0.261     3.892
out:po09.outpad[0] (.output)                                     0.712     4.604
data arrival time                                                          4.604

clock virtual_io_clock (rise edge)                               0.000     0.000
clock source latency                                             0.000     0.000
clock uncertainty                                                0.000     0.000
output external delay                                            0.000     0.000
data required time                                                         0.000
--------------------------------------------------------------------------------
data required time                                                         0.000
data arrival time                                                         -4.604
--------------------------------------------------------------------------------
slack (VIOLATED)                                                          -4.604


#Path 29
Startpoint: pi06.inpad[0] (.input clocked by virtual_io_clock)
Endpoint  : out:po08.outpad[0] (.output clocked by virtual_io_clock)
Path Type : setup

Point                                                             Incr      Path
--------------------------------------------------------------------------------
clock virtual_io_clock (rise edge)                               0.000     0.000
clock source latency                                             0.000     0.000
input external delay                                             0.000     0.000
pi06.inpad[0] (.input)                                           0.000     0.000
new_n78.in[0] (.names)                                           0.712     0.712
new_n78.out[0] (.names)                                          0.261     0.973
new_n77.in[2] (.names)                                           0.712     1.685
new_n77.out[0] (.names)                                          0.261     1.946
new_n76.in[1] (.names)                                           0.712     2.658
new_n76.out[0] (.names)                                          0.261     2.919
po08.in[1] (.names)                                              0.712     3.631
po08.out[0] (.names)                                             0.261     3.892
out:po08.outpad[0] (.output)                                     0.712     4.604
data arrival time                                                          4.604

clock virtual_io_clock (rise edge)                               0.000     0.000
clock source latency                                             0.000     0.000
clock uncertainty                                                0.000     0.000
output external delay                                            0.000     0.000
data required time                                                         0.000
--------------------------------------------------------------------------------
data required time                                                         0.000
data arrival time                                                         -4.604
--------------------------------------------------------------------------------
slack (VIOLATED)                                                          -4.604


#Path 30
Startpoint: pi06.inpad[0] (.input clocked by virtual_io_clock)
Endpoint  : out:po07.outpad[0] (.output clocked by virtual_io_clock)
Path Type : setup

Point                                                             Incr      Path
--------------------------------------------------------------------------------
clock virtual_io_clock (rise edge)                               0.000     0.000
clock source latency                                             0.000     0.000
input external delay                                             0.000     0.000
pi06.inpad[0] (.input)                                           0.000     0.000
new_n78.in[0] (.names)                                           0.712     0.712
new_n78.out[0] (.names)                                          0.261     0.973
new_n77.in[2] (.names)                                           0.712     1.685
new_n77.out[0] (.names)                                          0.261     1.946
new_n76.in[1] (.names)                                           0.712     2.658
new_n76.out[0] (.names)                                          0.261     2.919
po07.in[1] (.names)                                              0.712     3.631
po07.out[0] (.names)                                             0.261     3.892
out:po07.outpad[0] (.output)                                     0.712     4.604
data arrival time                                                          4.604

clock virtual_io_clock (rise edge)                               0.000     0.000
clock source latency                                             0.000     0.000
clock uncertainty                                                0.000     0.000
output external delay                                            0.000     0.000
data required time                                                         0.000
--------------------------------------------------------------------------------
data required time                                                         0.000
data arrival time                                                         -4.604
--------------------------------------------------------------------------------
slack (VIOLATED)                                                          -4.604


#Path 31
Startpoint: pi06.inpad[0] (.input clocked by virtual_io_clock)
Endpoint  : out:po02.outpad[0] (.output clocked by virtual_io_clock)
Path Type : setup

Point                                                             Incr      Path
--------------------------------------------------------------------------------
clock virtual_io_clock (rise edge)                               0.000     0.000
clock source latency                                             0.000     0.000
input external delay                                             0.000     0.000
pi06.inpad[0] (.input)                                           0.000     0.000
new_n78.in[0] (.names)                                           0.712     0.712
new_n78.out[0] (.names)                                          0.261     0.973
new_n77.in[2] (.names)                                           0.712     1.685
new_n77.out[0] (.names)                                          0.261     1.946
new_n76.in[1] (.names)                                           0.712     2.658
new_n76.out[0] (.names)                                          0.261     2.919
po02.in[1] (.names)                                              0.712     3.631
po02.out[0] (.names)                                             0.261     3.892
out:po02.outpad[0] (.output)                                     0.712     4.604
data arrival time                                                          4.604

clock virtual_io_clock (rise edge)                               0.000     0.000
clock source latency                                             0.000     0.000
clock uncertainty                                                0.000     0.000
output external delay                                            0.000     0.000
data required time                                                         0.000
--------------------------------------------------------------------------------
data required time                                                         0.000
data arrival time                                                         -4.604
--------------------------------------------------------------------------------
slack (VIOLATED)                                                          -4.604


#Path 32
Startpoint: pi06.inpad[0] (.input clocked by virtual_io_clock)
Endpoint  : out:po01.outpad[0] (.output clocked by virtual_io_clock)
Path Type : setup

Point                                                             Incr      Path
--------------------------------------------------------------------------------
clock virtual_io_clock (rise edge)                               0.000     0.000
clock source latency                                             0.000     0.000
input external delay                                             0.000     0.000
pi06.inpad[0] (.input)                                           0.000     0.000
new_n78.in[0] (.names)                                           0.712     0.712
new_n78.out[0] (.names)                                          0.261     0.973
new_n77.in[2] (.names)                                           0.712     1.685
new_n77.out[0] (.names)                                          0.261     1.946
new_n76.in[1] (.names)                                           0.712     2.658
new_n76.out[0] (.names)                                          0.261     2.919
po01.in[1] (.names)                                              0.712     3.631
po01.out[0] (.names)                                             0.261     3.892
out:po01.outpad[0] (.output)                                     0.712     4.604
data arrival time                                                          4.604

clock virtual_io_clock (rise edge)                               0.000     0.000
clock source latency                                             0.000     0.000
clock uncertainty                                                0.000     0.000
output external delay                                            0.000     0.000
data required time                                                         0.000
--------------------------------------------------------------------------------
data required time                                                         0.000
data arrival time                                                         -4.604
--------------------------------------------------------------------------------
slack (VIOLATED)                                                          -4.604


#End of timing report
