#Timing report of worst 32 path(s)
# Unit scale: 1e-09 seconds
# Output precision: 3

#Path 1
Startpoint: pi06.inpad[0] (.input clocked by virtual_io_clock)
Endpoint  : out:po24.outpad[0] (.output clocked by virtual_io_clock)
Path Type : hold

Point                                                             Incr      Path
--------------------------------------------------------------------------------
clock virtual_io_clock (rise edge)                               0.000     0.000
clock source latency                                             0.000     0.000
input external delay                                             0.000     0.000
pi06.inpad[0] (.input)                                           0.000     0.000
po24.in[5] (.names)                                              0.443     0.443
po24.out[0] (.names)                                             0.193     0.636
out:po24.outpad[0] (.output)                                     0.405     1.041
data arrival time                                                          1.041

clock virtual_io_clock (rise edge)                               0.000     0.000
clock source latency                                             0.000     0.000
clock uncertainty                                                0.000     0.000
output external delay                                            0.000     0.000
data required time                                                         0.000
--------------------------------------------------------------------------------
data required time                                                        -0.000
data arrival time                                                          1.041
--------------------------------------------------------------------------------
slack (MET)                                                                1.041


#Path 2
Startpoint: pi21.inpad[0] (.input clocked by virtual_io_clock)
Endpoint  : out:po22.outpad[0] (.output clocked by virtual_io_clock)
Path Type : hold

Point                                                             Incr      Path
--------------------------------------------------------------------------------
clock virtual_io_clock (rise edge)                               0.000     0.000
clock source latency                                             0.000     0.000
input external delay                                             0.000     0.000
pi21.inpad[0] (.input)                                           0.000     0.000
po22.in[5] (.names)                                              0.348     0.348
po22.out[0] (.names)                                             0.193     0.541
out:po22.outpad[0] (.output)                                     0.639     1.180
data arrival time                                                          1.180

clock virtual_io_clock (rise edge)                               0.000     0.000
clock source latency                                             0.000     0.000
clock uncertainty                                                0.000     0.000
output external delay                                            0.000     0.000
data required time                                                         0.000
--------------------------------------------------------------------------------
data required time                                                        -0.000
data arrival time                                                          1.180
--------------------------------------------------------------------------------
slack (MET)                                                                1.180


#Path 3
Startpoint: pi15.inpad[0] (.input clocked by virtual_io_clock)
Endpoint  : out:po10.outpad[0] (.output clocked by virtual_io_clock)
Path Type : hold

Point                                                             Incr      Path
--------------------------------------------------------------------------------
clock virtual_io_clock (rise edge)                               0.000     0.000
clock source latency                                             0.000     0.000
input external delay                                             0.000     0.000
pi15.inpad[0] (.input)                                           0.000     0.000
po10.in[4] (.names)                                              0.348     0.348
po10.out[0] (.names)                                             0.193     0.541
out:po10.outpad[0] (.output)                                     0.662     1.203
data arrival time                                                          1.203

clock virtual_io_clock (rise edge)                               0.000     0.000
clock source latency                                             0.000     0.000
clock uncertainty                                                0.000     0.000
output external delay                                            0.000     0.000
data required time                                                         0.000
--------------------------------------------------------------------------------
data required time                                                        -0.000
data arrival time                                                          1.203
--------------------------------------------------------------------------------
slack (MET)                                                                1.203


#Path 4
Startpoint: pi22.inpad[0] (.input clocked by virtual_io_clock)
Endpoint  : out:po23.outpad[0] (.output clocked by virtual_io_clock)
Path Type : hold

Point                                                             Incr      Path
--------------------------------------------------------------------------------
clock virtual_io_clock (rise edge)                               0.000     0.000
clock source latency                                             0.000     0.000
input external delay                                             0.000     0.000
pi22.inpad[0] (.input)                                           0.000     0.000
po23.in[5] (.names)                                              0.348     0.348
po23.out[0] (.names)                                             0.193     0.541
out:po23.outpad[0] (.output)                                     0.692     1.233
data arrival time                                                          1.233

clock virtual_io_clock (rise edge)                               0.000     0.000
clock source latency                                             0.000     0.000
clock uncertainty                                                0.000     0.000
output external delay                                            0.000     0.000
data required time                                                         0.000
--------------------------------------------------------------------------------
data required time                                                        -0.000
data arrival time                                                          1.233
--------------------------------------------------------------------------------
slack (MET)                                                                1.233


#Path 5
Startpoint: pi10.inpad[0] (.input clocked by virtual_io_clock)
Endpoint  : out:po28.outpad[0] (.output clocked by virtual_io_clock)
Path Type : hold

Point                                                             Incr      Path
--------------------------------------------------------------------------------
clock virtual_io_clock (rise edge)                               0.000     0.000
clock source latency                                             0.000     0.000
input external delay                                             0.000     0.000
pi10.inpad[0] (.input)                                           0.000     0.000
po28.in[5] (.names)                                              0.443     0.443
po28.out[0] (.names)                                             0.193     0.636
out:po28.outpad[0] (.output)                                     0.646     1.282
data arrival time                                                          1.282

clock virtual_io_clock (rise edge)                               0.000     0.000
clock source latency                                             0.000     0.000
clock uncertainty                                                0.000     0.000
output external delay                                            0.000     0.000
data required time                                                         0.000
--------------------------------------------------------------------------------
data required time                                                        -0.000
data arrival time                                                          1.282
--------------------------------------------------------------------------------
slack (MET)                                                                1.282


#Path 6
Startpoint: pi20.inpad[0] (.input clocked by virtual_io_clock)
Endpoint  : out:po21.outpad[0] (.output clocked by virtual_io_clock)
Path Type : hold

Point                                                             Incr      Path
--------------------------------------------------------------------------------
clock virtual_io_clock (rise edge)                               0.000     0.000
clock source latency                                             0.000     0.000
input external delay                                             0.000     0.000
pi20.inpad[0] (.input)                                           0.000     0.000
po21.in[5] (.names)                                              0.443     0.443
po21.out[0] (.names)                                             0.193     0.636
out:po21.outpad[0] (.output)                                     0.684     1.320
data arrival time                                                          1.320

clock virtual_io_clock (rise edge)                               0.000     0.000
clock source latency                                             0.000     0.000
clock uncertainty                                                0.000     0.000
output external delay                                            0.000     0.000
data required time                                                         0.000
--------------------------------------------------------------------------------
data required time                                                        -0.000
data arrival time                                                          1.320
--------------------------------------------------------------------------------
slack (MET)                                                                1.320


#Path 7
Startpoint: pi19.inpad[0] (.input clocked by virtual_io_clock)
Endpoint  : out:po20.outpad[0] (.output clocked by virtual_io_clock)
Path Type : hold

Point                                                             Incr      Path
--------------------------------------------------------------------------------
clock virtual_io_clock (rise edge)                               0.000     0.000
clock source latency                                             0.000     0.000
input external delay                                             0.000     0.000
pi19.inpad[0] (.input)                                           0.000     0.000
po20.in[5] (.names)                                              0.589     0.589
po20.out[0] (.names)                                             0.193     0.782
out:po20.outpad[0] (.output)                                     0.561     1.343
data arrival time                                                          1.343

clock virtual_io_clock (rise edge)                               0.000     0.000
clock source latency                                             0.000     0.000
clock uncertainty                                                0.000     0.000
output external delay                                            0.000     0.000
data required time                                                         0.000
--------------------------------------------------------------------------------
data required time                                                        -0.000
data arrival time                                                          1.343
--------------------------------------------------------------------------------
slack (MET)                                                                1.343


#Path 8
Startpoint: pi32.inpad[0] (.input clocked by virtual_io_clock)
Endpoint  : out:po03.outpad[0] (.output clocked by virtual_io_clock)
Path Type : hold

Point                                                             Incr      Path
--------------------------------------------------------------------------------
clock virtual_io_clock (rise edge)                               0.000     0.000
clock source latency                                             0.000     0.000
input external delay                                             0.000     0.000
pi32.inpad[0] (.input)                                           0.000     0.000
po03.in[4] (.names)                                              0.650     0.650
po03.out[0] (.names)                                             0.193     0.843
out:po03.outpad[0] (.output)                                     0.501     1.344
data arrival time                                                          1.344

clock virtual_io_clock (rise edge)                               0.000     0.000
clock source latency                                             0.000     0.000
clock uncertainty                                                0.000     0.000
output external delay                                            0.000     0.000
data required time                                                         0.000
--------------------------------------------------------------------------------
data required time                                                        -0.000
data arrival time                                                          1.344
--------------------------------------------------------------------------------
slack (MET)                                                                1.344


#Path 9
Startpoint: pi16.inpad[0] (.input clocked by virtual_io_clock)
Endpoint  : out:po14.outpad[0] (.output clocked by virtual_io_clock)
Path Type : hold

Point                                                             Incr      Path
--------------------------------------------------------------------------------
clock virtual_io_clock (rise edge)                               0.000     0.000
clock source latency                                             0.000     0.000
input external delay                                             0.000     0.000
pi16.inpad[0] (.input)                                           0.000     0.000
po14.in[4] (.names)                                              0.443     0.443
po14.out[0] (.names)                                             0.193     0.636
out:po14.outpad[0] (.output)                                     0.719     1.355
data arrival time                                                          1.355

clock virtual_io_clock (rise edge)                               0.000     0.000
clock source latency                                             0.000     0.000
clock uncertainty                                                0.000     0.000
output external delay                                            0.000     0.000
data required time                                                         0.000
--------------------------------------------------------------------------------
data required time                                                        -0.000
data arrival time                                                          1.355
--------------------------------------------------------------------------------
slack (MET)                                                                1.355


#Path 10
Startpoint: pi28.inpad[0] (.input clocked by virtual_io_clock)
Endpoint  : out:po16.outpad[0] (.output clocked by virtual_io_clock)
Path Type : hold

Point                                                             Incr      Path
--------------------------------------------------------------------------------
clock virtual_io_clock (rise edge)                               0.000     0.000
clock source latency                                             0.000     0.000
input external delay                                             0.000     0.000
pi28.inpad[0] (.input)                                           0.000     0.000
po16.in[5] (.names)                                              0.538     0.538
po16.out[0] (.names)                                             0.193     0.731
out:po16.outpad[0] (.output)                                     0.646     1.377
data arrival time                                                          1.377

clock virtual_io_clock (rise edge)                               0.000     0.000
clock source latency                                             0.000     0.000
clock uncertainty                                                0.000     0.000
output external delay                                            0.000     0.000
data required time                                                         0.000
--------------------------------------------------------------------------------
data required time                                                        -0.000
data arrival time                                                          1.377
--------------------------------------------------------------------------------
slack (MET)                                                                1.377


#Path 11
Startpoint: pi00.inpad[0] (.input clocked by virtual_io_clock)
Endpoint  : out:po00.outpad[0] (.output clocked by virtual_io_clock)
Path Type : hold

Point                                                             Incr      Path
--------------------------------------------------------------------------------
clock virtual_io_clock (rise edge)                               0.000     0.000
clock source latency                                             0.000     0.000
input external delay                                             0.000     0.000
pi00.inpad[0] (.input)                                           0.000     0.000
po00.in[4] (.names)                                              0.736     0.736
po00.out[0] (.names)                                             0.193     0.929
out:po00.outpad[0] (.output)                                     0.523     1.452
data arrival time                                                          1.452

clock virtual_io_clock (rise edge)                               0.000     0.000
clock source latency                                             0.000     0.000
clock uncertainty                                                0.000     0.000
output external delay                                            0.000     0.000
data required time                                                         0.000
--------------------------------------------------------------------------------
data required time                                                        -0.000
data arrival time                                                          1.452
--------------------------------------------------------------------------------
slack (MET)                                                                1.452


#Path 12
Startpoint: pi03.inpad[0] (.input clocked by virtual_io_clock)
Endpoint  : out:po12.outpad[0] (.output clocked by virtual_io_clock)
Path Type : hold

Point                                                             Incr      Path
--------------------------------------------------------------------------------
clock virtual_io_clock (rise edge)                               0.000     0.000
clock source latency                                             0.000     0.000
input external delay                                             0.000     0.000
pi03.inpad[0] (.input)                                           0.000     0.000
po12.in[4] (.names)                                              0.684     0.684
po12.out[0] (.names)                                             0.193     0.877
out:po12.outpad[0] (.output)                                     0.608     1.485
data arrival time                                                          1.485

clock virtual_io_clock (rise edge)                               0.000     0.000
clock source latency                                             0.000     0.000
clock uncertainty                                                0.000     0.000
output external delay                                            0.000     0.000
data required time                                                         0.000
--------------------------------------------------------------------------------
data required time                                                        -0.000
data arrival time                                                          1.485
--------------------------------------------------------------------------------
slack (MET)                                                                1.485


#Path 13
Startpoint: pi02.inpad[0] (.input clocked by virtual_io_clock)
Endpoint  : out:po08.outpad[0] (.output clocked by virtual_io_clock)
Path Type : hold

Point                                                             Incr      Path
--------------------------------------------------------------------------------
clock virtual_io_clock (rise edge)                               0.000     0.000
clock source latency                                             0.000     0.000
input external delay                                             0.000     0.000
pi02.inpad[0] (.input)                                           0.000     0.000
po08.in[4] (.names)                                              0.732     0.732
po08.out[0] (.names)                                             0.193     0.925
out:po08.outpad[0] (.output)                                     0.561     1.486
data arrival time                                                          1.486

clock virtual_io_clock (rise edge)                               0.000     0.000
clock source latency                                             0.000     0.000
clock uncertainty                                                0.000     0.000
output external delay                                            0.000     0.000
data required time                                                         0.000
--------------------------------------------------------------------------------
data required time                                                        -0.000
data arrival time                                                          1.486
--------------------------------------------------------------------------------
slack (MET)                                                                1.486


#Path 14
Startpoint: pi13.inpad[0] (.input clocked by virtual_io_clock)
Endpoint  : out:po31.outpad[0] (.output clocked by virtual_io_clock)
Path Type : hold

Point                                                             Incr      Path
--------------------------------------------------------------------------------
clock virtual_io_clock (rise edge)                               0.000     0.000
clock source latency                                             0.000     0.000
input external delay                                             0.000     0.000
pi13.inpad[0] (.input)                                           0.000     0.000
po31.in[5] (.names)                                              0.538     0.538
po31.out[0] (.names)                                             0.193     0.731
out:po31.outpad[0] (.output)                                     0.760     1.491
data arrival time                                                          1.491

clock virtual_io_clock (rise edge)                               0.000     0.000
clock source latency                                             0.000     0.000
clock uncertainty                                                0.000     0.000
output external delay                                            0.000     0.000
data required time                                                         0.000
--------------------------------------------------------------------------------
data required time                                                        -0.000
data arrival time                                                          1.491
--------------------------------------------------------------------------------
slack (MET)                                                                1.491


#Path 15
Startpoint: pi33.inpad[0] (.input clocked by virtual_io_clock)
Endpoint  : out:po07.outpad[0] (.output clocked by virtual_io_clock)
Path Type : hold

Point                                                             Incr      Path
--------------------------------------------------------------------------------
clock virtual_io_clock (rise edge)                               0.000     0.000
clock source latency                                             0.000     0.000
input external delay                                             0.000     0.000
pi33.inpad[0] (.input)                                           0.000     0.000
po07.in[4] (.names)                                              0.688     0.688
po07.out[0] (.names)                                             0.193     0.881
out:po07.outpad[0] (.output)                                     0.612     1.493
data arrival time                                                          1.493

clock virtual_io_clock (rise edge)                               0.000     0.000
clock source latency                                             0.000     0.000
clock uncertainty                                                0.000     0.000
output external delay                                            0.000     0.000
data required time                                                         0.000
--------------------------------------------------------------------------------
data required time                                                        -0.000
data arrival time                                                          1.493
--------------------------------------------------------------------------------
slack (MET)                                                                1.493


#Path 16
Startpoint: pi08.inpad[0] (.input clocked by virtual_io_clock)
Endpoint  : out:po26.outpad[0] (.output clocked by virtual_io_clock)
Path Type : hold

Point                                                             Incr      Path
--------------------------------------------------------------------------------
clock virtual_io_clock (rise edge)                               0.000     0.000
clock source latency                                             0.000     0.000
input external delay                                             0.000     0.000
pi08.inpad[0] (.input)                                           0.000     0.000
po26.in[5] (.names)                                              0.729     0.729
po26.out[0] (.names)                                             0.193     0.922
out:po26.outpad[0] (.output)                                     0.601     1.523
data arrival time                                                          1.523

clock virtual_io_clock (rise edge)                               0.000     0.000
clock source latency                                             0.000     0.000
clock uncertainty                                                0.000     0.000
output external delay                                            0.000     0.000
data required time                                                         0.000
--------------------------------------------------------------------------------
data required time                                                        -0.000
data arrival time                                                          1.523
--------------------------------------------------------------------------------
slack (MET)                                                                1.523


#Path 17
Startpoint: pi17.inpad[0] (.input clocked by virtual_io_clock)
Endpoint  : out:po15.outpad[0] (.output clocked by virtual_io_clock)
Path Type : hold

Point                                                             Incr      Path
--------------------------------------------------------------------------------
clock virtual_io_clock (rise edge)                               0.000     0.000
clock source latency                                             0.000     0.000
input external delay                                             0.000     0.000
pi17.inpad[0] (.input)                                           0.000     0.000
po15.in[4] (.names)                                              0.688     0.688
po15.out[0] (.names)                                             0.193     0.881
out:po15.outpad[0] (.output)                                     0.656     1.537
data arrival time                                                          1.537

clock virtual_io_clock (rise edge)                               0.000     0.000
clock source latency                                             0.000     0.000
clock uncertainty                                                0.000     0.000
output external delay                                            0.000     0.000
data required time                                                         0.000
--------------------------------------------------------------------------------
data required time                                                        -0.000
data arrival time                                                          1.537
--------------------------------------------------------------------------------
slack (MET)                                                                1.537


#Path 18
Startpoint: pi14.inpad[0] (.input clocked by virtual_io_clock)
Endpoint  : out:po06.outpad[0] (.output clocked by virtual_io_clock)
Path Type : hold

Point                                                             Incr      Path
--------------------------------------------------------------------------------
clock virtual_io_clock (rise edge)                               0.000     0.000
clock source latency                                             0.000     0.000
input external delay                                             0.000     0.000
pi14.inpad[0] (.input)                                           0.000     0.000
po06.in[4] (.names)                                              0.697     0.697
po06.out[0] (.names)                                             0.193     0.890
out:po06.outpad[0] (.output)                                     0.666     1.556
data arrival time                                                          1.556

clock virtual_io_clock (rise edge)                               0.000     0.000
clock source latency                                             0.000     0.000
clock uncertainty                                                0.000     0.000
output external delay                                            0.000     0.000
data required time                                                         0.000
--------------------------------------------------------------------------------
data required time                                                        -0.000
data arrival time                                                          1.556
--------------------------------------------------------------------------------
slack (MET)                                                                1.556


#Path 19
Startpoint: pi23.inpad[0] (.input clocked by virtual_io_clock)
Endpoint  : out:po05.outpad[0] (.output clocked by virtual_io_clock)
Path Type : hold

Point                                                             Incr      Path
--------------------------------------------------------------------------------
clock virtual_io_clock (rise edge)                               0.000     0.000
clock source latency                                             0.000     0.000
input external delay                                             0.000     0.000
pi23.inpad[0] (.input)                                           0.000     0.000
po05.in[4] (.names)                                              0.637     0.637
po05.out[0] (.names)                                             0.193     0.830
out:po05.outpad[0] (.output)                                     0.751     1.581
data arrival time                                                          1.581

clock virtual_io_clock (rise edge)                               0.000     0.000
clock source latency                                             0.000     0.000
clock uncertainty                                                0.000     0.000
output external delay                                            0.000     0.000
data required time                                                         0.000
--------------------------------------------------------------------------------
data required time                                                        -0.000
data arrival time                                                          1.581
--------------------------------------------------------------------------------
slack (MET)                                                                1.581


#Path 20
Startpoint: pi09.inpad[0] (.input clocked by virtual_io_clock)
Endpoint  : out:po27.outpad[0] (.output clocked by virtual_io_clock)
Path Type : hold

Point                                                             Incr      Path
--------------------------------------------------------------------------------
clock virtual_io_clock (rise edge)                               0.000     0.000
clock source latency                                             0.000     0.000
input external delay                                             0.000     0.000
pi09.inpad[0] (.input)                                           0.000     0.000
po27.in[5] (.names)                                              0.834     0.834
po27.out[0] (.names)                                             0.193     1.027
out:po27.outpad[0] (.output)                                     0.557     1.584
data arrival time                                                          1.584

clock virtual_io_clock (rise edge)                               0.000     0.000
clock source latency                                             0.000     0.000
clock uncertainty                                                0.000     0.000
output external delay                                            0.000     0.000
data required time                                                         0.000
--------------------------------------------------------------------------------
data required time                                                        -0.000
data arrival time                                                          1.584
--------------------------------------------------------------------------------
slack (MET)                                                                1.584


#Path 21
Startpoint: pi31.inpad[0] (.input clocked by virtual_io_clock)
Endpoint  : out:po19.outpad[0] (.output clocked by virtual_io_clock)
Path Type : hold

Point                                                             Incr      Path
--------------------------------------------------------------------------------
clock virtual_io_clock (rise edge)                               0.000     0.000
clock source latency                                             0.000     0.000
input external delay                                             0.000     0.000
pi31.inpad[0] (.input)                                           0.000     0.000
po19.in[5] (.names)                                              0.694     0.694
po19.out[0] (.names)                                             0.193     0.887
out:po19.outpad[0] (.output)                                     0.714     1.601
data arrival time                                                          1.601

clock virtual_io_clock (rise edge)                               0.000     0.000
clock source latency                                             0.000     0.000
clock uncertainty                                                0.000     0.000
output external delay                                            0.000     0.000
data required time                                                         0.000
--------------------------------------------------------------------------------
data required time                                                        -0.000
data arrival time                                                          1.601
--------------------------------------------------------------------------------
slack (MET)                                                                1.601


#Path 22
Startpoint: pi29.inpad[0] (.input clocked by virtual_io_clock)
Endpoint  : out:po17.outpad[0] (.output clocked by virtual_io_clock)
Path Type : hold

Point                                                             Incr      Path
--------------------------------------------------------------------------------
clock virtual_io_clock (rise edge)                               0.000     0.000
clock source latency                                             0.000     0.000
input external delay                                             0.000     0.000
pi29.inpad[0] (.input)                                           0.000     0.000
po17.in[5] (.names)                                              0.688     0.688
po17.out[0] (.names)                                             0.193     0.881
out:po17.outpad[0] (.output)                                     0.735     1.616
data arrival time                                                          1.616

clock virtual_io_clock (rise edge)                               0.000     0.000
clock source latency                                             0.000     0.000
clock uncertainty                                                0.000     0.000
output external delay                                            0.000     0.000
data required time                                                         0.000
--------------------------------------------------------------------------------
data required time                                                        -0.000
data arrival time                                                          1.616
--------------------------------------------------------------------------------
slack (MET)                                                                1.616


#Path 23
Startpoint: pi01.inpad[0] (.input clocked by virtual_io_clock)
Endpoint  : out:po04.outpad[0] (.output clocked by virtual_io_clock)
Path Type : hold

Point                                                             Incr      Path
--------------------------------------------------------------------------------
clock virtual_io_clock (rise edge)                               0.000     0.000
clock source latency                                             0.000     0.000
input external delay                                             0.000     0.000
pi01.inpad[0] (.input)                                           0.000     0.000
po04.in[4] (.names)                                              0.963     0.963
po04.out[0] (.names)                                             0.193     1.156
out:po04.outpad[0] (.output)                                     0.462     1.618
data arrival time                                                          1.618

clock virtual_io_clock (rise edge)                               0.000     0.000
clock source latency                                             0.000     0.000
clock uncertainty                                                0.000     0.000
output external delay                                            0.000     0.000
data required time                                                         0.000
--------------------------------------------------------------------------------
data required time                                                        -0.000
data arrival time                                                          1.618
--------------------------------------------------------------------------------
slack (MET)                                                                1.618


#Path 24
Startpoint: pi30.inpad[0] (.input clocked by virtual_io_clock)
Endpoint  : out:po18.outpad[0] (.output clocked by virtual_io_clock)
Path Type : hold

Point                                                             Incr      Path
--------------------------------------------------------------------------------
clock virtual_io_clock (rise edge)                               0.000     0.000
clock source latency                                             0.000     0.000
input external delay                                             0.000     0.000
pi30.inpad[0] (.input)                                           0.000     0.000
po18.in[5] (.names)                                              0.732     0.732
po18.out[0] (.names)                                             0.193     0.925
out:po18.outpad[0] (.output)                                     0.694     1.619
data arrival time                                                          1.619

clock virtual_io_clock (rise edge)                               0.000     0.000
clock source latency                                             0.000     0.000
clock uncertainty                                                0.000     0.000
output external delay                                            0.000     0.000
data required time                                                         0.000
--------------------------------------------------------------------------------
data required time                                                        -0.000
data arrival time                                                          1.619
--------------------------------------------------------------------------------
slack (MET)                                                                1.619


#Path 25
Startpoint: pi12.inpad[0] (.input clocked by virtual_io_clock)
Endpoint  : out:po30.outpad[0] (.output clocked by virtual_io_clock)
Path Type : hold

Point                                                             Incr      Path
--------------------------------------------------------------------------------
clock virtual_io_clock (rise edge)                               0.000     0.000
clock source latency                                             0.000     0.000
input external delay                                             0.000     0.000
pi12.inpad[0] (.input)                                           0.000     0.000
po30.in[5] (.names)                                              0.697     0.697
po30.out[0] (.names)                                             0.193     0.890
out:po30.outpad[0] (.output)                                     0.734     1.624
data arrival time                                                          1.624

clock virtual_io_clock (rise edge)                               0.000     0.000
clock source latency                                             0.000     0.000
clock uncertainty                                                0.000     0.000
output external delay                                            0.000     0.000
data required time                                                         0.000
--------------------------------------------------------------------------------
data required time                                                        -0.000
data arrival time                                                          1.624
--------------------------------------------------------------------------------
slack (MET)                                                                1.624


#Path 26
Startpoint: pi25.inpad[0] (.input clocked by virtual_io_clock)
Endpoint  : out:po13.outpad[0] (.output clocked by virtual_io_clock)
Path Type : hold

Point                                                             Incr      Path
--------------------------------------------------------------------------------
clock virtual_io_clock (rise edge)                               0.000     0.000
clock source latency                                             0.000     0.000
input external delay                                             0.000     0.000
pi25.inpad[0] (.input)                                           0.000     0.000
po13.in[4] (.names)                                              0.728     0.728
po13.out[0] (.names)                                             0.193     0.921
out:po13.outpad[0] (.output)                                     0.713     1.634
data arrival time                                                          1.634

clock virtual_io_clock (rise edge)                               0.000     0.000
clock source latency                                             0.000     0.000
clock uncertainty                                                0.000     0.000
output external delay                                            0.000     0.000
data required time                                                         0.000
--------------------------------------------------------------------------------
data required time                                                        -0.000
data arrival time                                                          1.634
--------------------------------------------------------------------------------
slack (MET)                                                                1.634


#Path 27
Startpoint: pi34.inpad[0] (.input clocked by virtual_io_clock)
Endpoint  : out:po11.outpad[0] (.output clocked by virtual_io_clock)
Path Type : hold

Point                                                             Incr      Path
--------------------------------------------------------------------------------
clock virtual_io_clock (rise edge)                               0.000     0.000
clock source latency                                             0.000     0.000
input external delay                                             0.000     0.000
pi34.inpad[0] (.input)                                           0.000     0.000
po11.in[4] (.names)                                              0.732     0.732
po11.out[0] (.names)                                             0.193     0.925
out:po11.outpad[0] (.output)                                     0.719     1.644
data arrival time                                                          1.644

clock virtual_io_clock (rise edge)                               0.000     0.000
clock source latency                                             0.000     0.000
clock uncertainty                                                0.000     0.000
output external delay                                            0.000     0.000
data required time                                                         0.000
--------------------------------------------------------------------------------
data required time                                                        -0.000
data arrival time                                                          1.644
--------------------------------------------------------------------------------
slack (MET)                                                                1.644


#Path 28
Startpoint: pi11.inpad[0] (.input clocked by virtual_io_clock)
Endpoint  : out:po29.outpad[0] (.output clocked by virtual_io_clock)
Path Type : hold

Point                                                             Incr      Path
--------------------------------------------------------------------------------
clock virtual_io_clock (rise edge)                               0.000     0.000
clock source latency                                             0.000     0.000
input external delay                                             0.000     0.000
pi11.inpad[0] (.input)                                           0.000     0.000
po29.in[5] (.names)                                              0.843     0.843
po29.out[0] (.names)                                             0.193     1.036
out:po29.outpad[0] (.output)                                     0.658     1.694
data arrival time                                                          1.694

clock virtual_io_clock (rise edge)                               0.000     0.000
clock source latency                                             0.000     0.000
clock uncertainty                                                0.000     0.000
output external delay                                            0.000     0.000
data required time                                                         0.000
--------------------------------------------------------------------------------
data required time                                                        -0.000
data arrival time                                                          1.694
--------------------------------------------------------------------------------
slack (MET)                                                                1.694


#Path 29
Startpoint: pi35.inpad[0] (.input clocked by virtual_io_clock)
Endpoint  : out:po02.outpad[0] (.output clocked by virtual_io_clock)
Path Type : hold

Point                                                             Incr      Path
--------------------------------------------------------------------------------
clock virtual_io_clock (rise edge)                               0.000     0.000
clock source latency                                             0.000     0.000
input external delay                                             0.000     0.000
pi35.inpad[0] (.input)                                           0.000     0.000
po02.in[4] (.names)                                              0.789     0.789
po02.out[0] (.names)                                             0.193     0.982
out:po02.outpad[0] (.output)                                     0.717     1.699
data arrival time                                                          1.699

clock virtual_io_clock (rise edge)                               0.000     0.000
clock source latency                                             0.000     0.000
clock uncertainty                                                0.000     0.000
output external delay                                            0.000     0.000
data required time                                                         0.000
--------------------------------------------------------------------------------
data required time                                                        -0.000
data arrival time                                                          1.699
--------------------------------------------------------------------------------
slack (MET)                                                                1.699


#Path 30
Startpoint: pi07.inpad[0] (.input clocked by virtual_io_clock)
Endpoint  : out:po25.outpad[0] (.output clocked by virtual_io_clock)
Path Type : hold

Point                                                             Incr      Path
--------------------------------------------------------------------------------
clock virtual_io_clock (rise edge)                               0.000     0.000
clock source latency                                             0.000     0.000
input external delay                                             0.000     0.000
pi07.inpad[0] (.input)                                           0.000     0.000
po25.in[5] (.names)                                              0.962     0.962
po25.out[0] (.names)                                             0.193     1.155
out:po25.outpad[0] (.output)                                     0.561     1.716
data arrival time                                                          1.716

clock virtual_io_clock (rise edge)                               0.000     0.000
clock source latency                                             0.000     0.000
clock uncertainty                                                0.000     0.000
output external delay                                            0.000     0.000
data required time                                                         0.000
--------------------------------------------------------------------------------
data required time                                                        -0.000
data arrival time                                                          1.716
--------------------------------------------------------------------------------
slack (MET)                                                                1.716


#Path 31
Startpoint: pi26.inpad[0] (.input clocked by virtual_io_clock)
Endpoint  : out:po01.outpad[0] (.output clocked by virtual_io_clock)
Path Type : hold

Point                                                             Incr      Path
--------------------------------------------------------------------------------
clock virtual_io_clock (rise edge)                               0.000     0.000
clock source latency                                             0.000     0.000
input external delay                                             0.000     0.000
pi26.inpad[0] (.input)                                           0.000     0.000
po01.in[4] (.names)                                              0.869     0.869
po01.out[0] (.names)                                             0.193     1.062
out:po01.outpad[0] (.output)                                     0.709     1.771
data arrival time                                                          1.771

clock virtual_io_clock (rise edge)                               0.000     0.000
clock source latency                                             0.000     0.000
clock uncertainty                                                0.000     0.000
output external delay                                            0.000     0.000
data required time                                                         0.000
--------------------------------------------------------------------------------
data required time                                                        -0.000
data arrival time                                                          1.771
--------------------------------------------------------------------------------
slack (MET)                                                                1.771


#Path 32
Startpoint: pi24.inpad[0] (.input clocked by virtual_io_clock)
Endpoint  : out:po09.outpad[0] (.output clocked by virtual_io_clock)
Path Type : hold

Point                                                             Incr      Path
--------------------------------------------------------------------------------
clock virtual_io_clock (rise edge)                               0.000     0.000
clock source latency                                             0.000     0.000
input external delay                                             0.000     0.000
pi24.inpad[0] (.input)                                           0.000     0.000
po09.in[4] (.names)                                              1.020     1.020
po09.out[0] (.names)                                             0.193     1.213
out:po09.outpad[0] (.output)                                     0.717     1.930
data arrival time                                                          1.930

clock virtual_io_clock (rise edge)                               0.000     0.000
clock source latency                                             0.000     0.000
clock uncertainty                                                0.000     0.000
output external delay                                            0.000     0.000
data required time                                                         0.000
--------------------------------------------------------------------------------
data required time                                                        -0.000
data arrival time                                                          1.930
--------------------------------------------------------------------------------
slack (MET)                                                                1.930


#End of timing report
