#Timing report of worst 25 path(s)
# Unit scale: 1e-09 seconds
# Output precision: 3

#Path 1
Startpoint: op_ext[0].inpad[0] (.input clocked by virtual_io_clock)
Endpoint  : out:invB.outpad[0] (.output clocked by virtual_io_clock)
Path Type : setup

Point                                                             Incr      Path
--------------------------------------------------------------------------------
clock virtual_io_clock (rise edge)                               0.000     0.000
clock source latency                                             0.000     0.000
input external delay                                             0.000     0.000
op_ext[0].inpad[0] (.input)                                      0.000     0.000
new_n60.in[0] (.names)                                           0.428     0.428
new_n60.out[0] (.names)                                          0.261     0.689
invB.in[0] (.names)                                              0.201     0.890
invB.out[0] (.names)                                             0.261     1.151
out:invB.outpad[0] (.output)                                     0.339     1.490
data arrival time                                                          1.490

clock virtual_io_clock (rise edge)                               0.000     0.000
clock source latency                                             0.000     0.000
clock uncertainty                                                0.000     0.000
output external delay                                            0.000     0.000
data required time                                                         0.000
--------------------------------------------------------------------------------
data required time                                                         0.000
data arrival time                                                         -1.490
--------------------------------------------------------------------------------
slack (VIOLATED)                                                          -1.490


#Path 2
Startpoint: opcode[1].inpad[0] (.input clocked by virtual_io_clock)
Endpoint  : out:alu_op[0].outpad[0] (.output clocked by virtual_io_clock)
Path Type : setup

Point                                                             Incr      Path
--------------------------------------------------------------------------------
clock virtual_io_clock (rise edge)                               0.000     0.000
clock source latency                                             0.000     0.000
input external delay                                             0.000     0.000
opcode[1].inpad[0] (.input)                                      0.000     0.000
new_n40.in[5] (.names)                                           0.373     0.373
new_n40.out[0] (.names)                                          0.261     0.634
alu_op[0].in[3] (.names)                                         0.201     0.835
alu_op[0].out[0] (.names)                                        0.261     1.096
out:alu_op[0].outpad[0] (.output)                                0.246     1.342
data arrival time                                                          1.342

clock virtual_io_clock (rise edge)                               0.000     0.000
clock source latency                                             0.000     0.000
clock uncertainty                                                0.000     0.000
output external delay                                            0.000     0.000
data required time                                                         0.000
--------------------------------------------------------------------------------
data required time                                                         0.000
data arrival time                                                         -1.342
--------------------------------------------------------------------------------
slack (VIOLATED)                                                          -1.342


#Path 3
Startpoint: opcode[3].inpad[0] (.input clocked by virtual_io_clock)
Endpoint  : out:sel_alu_opB[0].outpad[0] (.output clocked by virtual_io_clock)
Path Type : setup

Point                                                             Incr      Path
--------------------------------------------------------------------------------
clock virtual_io_clock (rise edge)                               0.000     0.000
clock source latency                                             0.000     0.000
input external delay                                             0.000     0.000
opcode[3].inpad[0] (.input)                                      0.000     0.000
sel_alu_opB[0].in[3] (.names)                                    0.637     0.637
sel_alu_opB[0].out[0] (.names)                                   0.261     0.898
out:sel_alu_opB[0].outpad[0] (.output)                           0.386     1.284
data arrival time                                                          1.284

clock virtual_io_clock (rise edge)                               0.000     0.000
clock source latency                                             0.000     0.000
clock uncertainty                                                0.000     0.000
output external delay                                            0.000     0.000
data required time                                                         0.000
--------------------------------------------------------------------------------
data required time                                                         0.000
data arrival time                                                         -1.284
--------------------------------------------------------------------------------
slack (VIOLATED)                                                          -1.284


#Path 4
Startpoint: opcode[3].inpad[0] (.input clocked by virtual_io_clock)
Endpoint  : out:sel_reg_dst[1].outpad[0] (.output clocked by virtual_io_clock)
Path Type : setup

Point                                                             Incr      Path
--------------------------------------------------------------------------------
clock virtual_io_clock (rise edge)                               0.000     0.000
clock source latency                                             0.000     0.000
input external delay                                             0.000     0.000
opcode[3].inpad[0] (.input)                                      0.000     0.000
sel_reg_dst[1].in[3] (.names)                                    0.637     0.637
sel_reg_dst[1].out[0] (.names)                                   0.261     0.898
out:sel_reg_dst[1].outpad[0] (.output)                           0.383     1.281
data arrival time                                                          1.281

clock virtual_io_clock (rise edge)                               0.000     0.000
clock source latency                                             0.000     0.000
clock uncertainty                                                0.000     0.000
output external delay                                            0.000     0.000
data required time                                                         0.000
--------------------------------------------------------------------------------
data required time                                                         0.000
data arrival time                                                         -1.281
--------------------------------------------------------------------------------
slack (VIOLATED)                                                          -1.281


#Path 5
Startpoint: opcode[1].inpad[0] (.input clocked by virtual_io_clock)
Endpoint  : out:beqz.outpad[0] (.output clocked by virtual_io_clock)
Path Type : setup

Point                                                             Incr      Path
--------------------------------------------------------------------------------
clock virtual_io_clock (rise edge)                               0.000     0.000
clock source latency                                             0.000     0.000
input external delay                                             0.000     0.000
opcode[1].inpad[0] (.input)                                      0.000     0.000
beqz.in[1] (.names)                                              0.468     0.468
beqz.out[0] (.names)                                             0.261     0.729
out:beqz.outpad[0] (.output)                                     0.548     1.277
data arrival time                                                          1.277

clock virtual_io_clock (rise edge)                               0.000     0.000
clock source latency                                             0.000     0.000
clock uncertainty                                                0.000     0.000
output external delay                                            0.000     0.000
data required time                                                         0.000
--------------------------------------------------------------------------------
data required time                                                         0.000
data arrival time                                                         -1.277
--------------------------------------------------------------------------------
slack (VIOLATED)                                                          -1.277


#Path 6
Startpoint: opcode[1].inpad[0] (.input clocked by virtual_io_clock)
Endpoint  : out:alu_op[1].outpad[0] (.output clocked by virtual_io_clock)
Path Type : setup

Point                                                             Incr      Path
--------------------------------------------------------------------------------
clock virtual_io_clock (rise edge)                               0.000     0.000
clock source latency                                             0.000     0.000
input external delay                                             0.000     0.000
opcode[1].inpad[0] (.input)                                      0.000     0.000
alu_op[1].in[4] (.names)                                         0.468     0.468
alu_op[1].out[0] (.names)                                        0.261     0.729
out:alu_op[1].outpad[0] (.output)                                0.519     1.248
data arrival time                                                          1.248

clock virtual_io_clock (rise edge)                               0.000     0.000
clock source latency                                             0.000     0.000
clock uncertainty                                                0.000     0.000
output external delay                                            0.000     0.000
data required time                                                         0.000
--------------------------------------------------------------------------------
data required time                                                         0.000
data arrival time                                                         -1.248
--------------------------------------------------------------------------------
slack (VIOLATED)                                                          -1.248


#Path 7
Startpoint: opcode[1].inpad[0] (.input clocked by virtual_io_clock)
Endpoint  : out:invA.outpad[0] (.output clocked by virtual_io_clock)
Path Type : setup

Point                                                             Incr      Path
--------------------------------------------------------------------------------
clock virtual_io_clock (rise edge)                               0.000     0.000
clock source latency                                             0.000     0.000
input external delay                                             0.000     0.000
opcode[1].inpad[0] (.input)                                      0.000     0.000
new_n58.in[3] (.names)                                           0.373     0.373
new_n58.out[0] (.names)                                          0.261     0.634
invA.in[1] (.names)                                              0.201     0.835
invA.out[0] (.names)                                             0.261     1.096
out:invA.outpad[0] (.output)                                     0.151     1.247
data arrival time                                                          1.247

clock virtual_io_clock (rise edge)                               0.000     0.000
clock source latency                                             0.000     0.000
clock uncertainty                                                0.000     0.000
output external delay                                            0.000     0.000
data required time                                                         0.000
--------------------------------------------------------------------------------
data required time                                                         0.000
data arrival time                                                         -1.247
--------------------------------------------------------------------------------
slack (VIOLATED)                                                          -1.247


#Path 8
Startpoint: opcode[3].inpad[0] (.input clocked by virtual_io_clock)
Endpoint  : out:sel_reg_dst[0].outpad[0] (.output clocked by virtual_io_clock)
Path Type : setup

Point                                                             Incr      Path
--------------------------------------------------------------------------------
clock virtual_io_clock (rise edge)                               0.000     0.000
clock source latency                                             0.000     0.000
input external delay                                             0.000     0.000
opcode[3].inpad[0] (.input)                                      0.000     0.000
sel_reg_dst[0].in[3] (.names)                                    0.637     0.637
sel_reg_dst[0].out[0] (.names)                                   0.261     0.898
out:sel_reg_dst[0].outpad[0] (.output)                           0.339     1.237
data arrival time                                                          1.237

clock virtual_io_clock (rise edge)                               0.000     0.000
clock source latency                                             0.000     0.000
clock uncertainty                                                0.000     0.000
output external delay                                            0.000     0.000
data required time                                                         0.000
--------------------------------------------------------------------------------
data required time                                                         0.000
data arrival time                                                         -1.237
--------------------------------------------------------------------------------
slack (VIOLATED)                                                          -1.237


#Path 9
Startpoint: opcode[1].inpad[0] (.input clocked by virtual_io_clock)
Endpoint  : out:sel_wb.outpad[0] (.output clocked by virtual_io_clock)
Path Type : setup

Point                                                             Incr      Path
--------------------------------------------------------------------------------
clock virtual_io_clock (rise edge)                               0.000     0.000
clock source latency                                             0.000     0.000
input external delay                                             0.000     0.000
opcode[1].inpad[0] (.input)                                      0.000     0.000
sel_wb.in[0] (.names)                                            0.373     0.373
sel_wb.out[0] (.names)                                           0.261     0.634
out:sel_wb.outpad[0] (.output)                                   0.599     1.233
data arrival time                                                          1.233

clock virtual_io_clock (rise edge)                               0.000     0.000
clock source latency                                             0.000     0.000
clock uncertainty                                                0.000     0.000
output external delay                                            0.000     0.000
data required time                                                         0.000
--------------------------------------------------------------------------------
data required time                                                         0.000
data arrival time                                                         -1.233
--------------------------------------------------------------------------------
slack (VIOLATED)                                                          -1.233


#Path 10
Startpoint: opcode[3].inpad[0] (.input clocked by virtual_io_clock)
Endpoint  : out:sel_pc_opB.outpad[0] (.output clocked by virtual_io_clock)
Path Type : setup

Point                                                             Incr      Path
--------------------------------------------------------------------------------
clock virtual_io_clock (rise edge)                               0.000     0.000
clock source latency                                             0.000     0.000
input external delay                                             0.000     0.000
opcode[3].inpad[0] (.input)                                      0.000     0.000
sel_pc_opB.in[1] (.names)                                        0.637     0.637
sel_pc_opB.out[0] (.names)                                       0.261     0.898
out:sel_pc_opB.outpad[0] (.output)                               0.291     1.189
data arrival time                                                          1.189

clock virtual_io_clock (rise edge)                               0.000     0.000
clock source latency                                             0.000     0.000
clock uncertainty                                                0.000     0.000
output external delay                                            0.000     0.000
data required time                                                         0.000
--------------------------------------------------------------------------------
data required time                                                         0.000
data arrival time                                                         -1.189
--------------------------------------------------------------------------------
slack (VIOLATED)                                                          -1.189


#Path 11
Startpoint: opcode[3].inpad[0] (.input clocked by virtual_io_clock)
Endpoint  : out:alu_op[2].outpad[0] (.output clocked by virtual_io_clock)
Path Type : setup

Point                                                             Incr      Path
--------------------------------------------------------------------------------
clock virtual_io_clock (rise edge)                               0.000     0.000
clock source latency                                             0.000     0.000
input external delay                                             0.000     0.000
opcode[3].inpad[0] (.input)                                      0.000     0.000
alu_op[2].in[3] (.names)                                         0.637     0.637
alu_op[2].out[0] (.names)                                        0.261     0.898
out:alu_op[2].outpad[0] (.output)                                0.240     1.138
data arrival time                                                          1.138

clock virtual_io_clock (rise edge)                               0.000     0.000
clock source latency                                             0.000     0.000
clock uncertainty                                                0.000     0.000
output external delay                                            0.000     0.000
data required time                                                         0.000
--------------------------------------------------------------------------------
data required time                                                         0.000
data arrival time                                                         -1.138
--------------------------------------------------------------------------------
slack (VIOLATED)                                                          -1.138


#Path 12
Startpoint: opcode[3].inpad[0] (.input clocked by virtual_io_clock)
Endpoint  : out:sel_pc_opA.outpad[0] (.output clocked by virtual_io_clock)
Path Type : setup

Point                                                             Incr      Path
--------------------------------------------------------------------------------
clock virtual_io_clock (rise edge)                               0.000     0.000
clock source latency                                             0.000     0.000
input external delay                                             0.000     0.000
opcode[3].inpad[0] (.input)                                      0.000     0.000
sel_pc_opA.in[0] (.names)                                        0.637     0.637
sel_pc_opA.out[0] (.names)                                       0.261     0.898
out:sel_pc_opA.outpad[0] (.output)                               0.240     1.138
data arrival time                                                          1.138

clock virtual_io_clock (rise edge)                               0.000     0.000
clock source latency                                             0.000     0.000
clock uncertainty                                                0.000     0.000
output external delay                                            0.000     0.000
data required time                                                         0.000
--------------------------------------------------------------------------------
data required time                                                         0.000
data arrival time                                                         -1.138
--------------------------------------------------------------------------------
slack (VIOLATED)                                                          -1.138


#Path 13
Startpoint: opcode[1].inpad[0] (.input clocked by virtual_io_clock)
Endpoint  : out:alu_op_ext[0].outpad[0] (.output clocked by virtual_io_clock)
Path Type : setup

Point                                                             Incr      Path
--------------------------------------------------------------------------------
clock virtual_io_clock (rise edge)                               0.000     0.000
clock source latency                                             0.000     0.000
input external delay                                             0.000     0.000
opcode[1].inpad[0] (.input)                                      0.000     0.000
alu_op_ext[0].in[1] (.names)                                     0.468     0.468
alu_op_ext[0].out[0] (.names)                                    0.261     0.729
out:alu_op_ext[0].outpad[0] (.output)                            0.348     1.077
data arrival time                                                          1.077

clock virtual_io_clock (rise edge)                               0.000     0.000
clock source latency                                             0.000     0.000
clock uncertainty                                                0.000     0.000
output external delay                                            0.000     0.000
data required time                                                         0.000
--------------------------------------------------------------------------------
data required time                                                         0.000
data arrival time                                                         -1.077
--------------------------------------------------------------------------------
slack (VIOLATED)                                                          -1.077


#Path 14
Startpoint: opcode[1].inpad[0] (.input clocked by virtual_io_clock)
Endpoint  : out:bltz.outpad[0] (.output clocked by virtual_io_clock)
Path Type : setup

Point                                                             Incr      Path
--------------------------------------------------------------------------------
clock virtual_io_clock (rise edge)                               0.000     0.000
clock source latency                                             0.000     0.000
input external delay                                             0.000     0.000
opcode[1].inpad[0] (.input)                                      0.000     0.000
bltz.in[4] (.names)                                              0.373     0.373
bltz.out[0] (.names)                                             0.261     0.634
out:bltz.outpad[0] (.output)                                     0.436     1.070
data arrival time                                                          1.070

clock virtual_io_clock (rise edge)                               0.000     0.000
clock source latency                                             0.000     0.000
clock uncertainty                                                0.000     0.000
output external delay                                            0.000     0.000
data required time                                                         0.000
--------------------------------------------------------------------------------
data required time                                                         0.000
data arrival time                                                         -1.070
--------------------------------------------------------------------------------
slack (VIOLATED)                                                          -1.070


#Path 15
Startpoint: opcode[1].inpad[0] (.input clocked by virtual_io_clock)
Endpoint  : out:alu_op_ext[3].outpad[0] (.output clocked by virtual_io_clock)
Path Type : setup

Point                                                             Incr      Path
--------------------------------------------------------------------------------
clock virtual_io_clock (rise edge)                               0.000     0.000
clock source latency                                             0.000     0.000
input external delay                                             0.000     0.000
opcode[1].inpad[0] (.input)                                      0.000     0.000
alu_op_ext[3].in[3] (.names)                                     0.468     0.468
alu_op_ext[3].out[0] (.names)                                    0.261     0.729
out:alu_op_ext[3].outpad[0] (.output)                            0.329     1.058
data arrival time                                                          1.058

clock virtual_io_clock (rise edge)                               0.000     0.000
clock source latency                                             0.000     0.000
clock uncertainty                                                0.000     0.000
output external delay                                            0.000     0.000
data required time                                                         0.000
--------------------------------------------------------------------------------
data required time                                                         0.000
data arrival time                                                         -1.058
--------------------------------------------------------------------------------
slack (VIOLATED)                                                          -1.058


#Path 16
Startpoint: opcode[3].inpad[0] (.input clocked by virtual_io_clock)
Endpoint  : out:jump.outpad[0] (.output clocked by virtual_io_clock)
Path Type : setup

Point                                                             Incr      Path
--------------------------------------------------------------------------------
clock virtual_io_clock (rise edge)                               0.000     0.000
clock source latency                                             0.000     0.000
input external delay                                             0.000     0.000
opcode[3].inpad[0] (.input)                                      0.000     0.000
jump.in[0] (.names)                                              0.637     0.637
jump.out[0] (.names)                                             0.261     0.898
out:jump.outpad[0] (.output)                                     0.145     1.043
data arrival time                                                          1.043

clock virtual_io_clock (rise edge)                               0.000     0.000
clock source latency                                             0.000     0.000
clock uncertainty                                                0.000     0.000
output external delay                                            0.000     0.000
data required time                                                         0.000
--------------------------------------------------------------------------------
data required time                                                         0.000
data arrival time                                                         -1.043
--------------------------------------------------------------------------------
slack (VIOLATED)                                                          -1.043


#Path 17
Startpoint: opcode[3].inpad[0] (.input clocked by virtual_io_clock)
Endpoint  : out:sel_alu_opB[1].outpad[0] (.output clocked by virtual_io_clock)
Path Type : setup

Point                                                             Incr      Path
--------------------------------------------------------------------------------
clock virtual_io_clock (rise edge)                               0.000     0.000
clock source latency                                             0.000     0.000
input external delay                                             0.000     0.000
opcode[3].inpad[0] (.input)                                      0.000     0.000
sel_alu_opB[1].in[3] (.names)                                    0.637     0.637
sel_alu_opB[1].out[0] (.names)                                   0.261     0.898
out:sel_alu_opB[1].outpad[0] (.output)                           0.145     1.043
data arrival time                                                          1.043

clock virtual_io_clock (rise edge)                               0.000     0.000
clock source latency                                             0.000     0.000
clock uncertainty                                                0.000     0.000
output external delay                                            0.000     0.000
data required time                                                         0.000
--------------------------------------------------------------------------------
data required time                                                         0.000
data arrival time                                                         -1.043
--------------------------------------------------------------------------------
slack (VIOLATED)                                                          -1.043


#Path 18
Startpoint: opcode[1].inpad[0] (.input clocked by virtual_io_clock)
Endpoint  : out:bnez.outpad[0] (.output clocked by virtual_io_clock)
Path Type : setup

Point                                                             Incr      Path
--------------------------------------------------------------------------------
clock virtual_io_clock (rise edge)                               0.000     0.000
clock source latency                                             0.000     0.000
input external delay                                             0.000     0.000
opcode[1].inpad[0] (.input)                                      0.000     0.000
bnez.in[0] (.names)                                              0.373     0.373
bnez.out[0] (.names)                                             0.261     0.634
out:bnez.outpad[0] (.output)                                     0.373     1.007
data arrival time                                                          1.007

clock virtual_io_clock (rise edge)                               0.000     0.000
clock source latency                                             0.000     0.000
clock uncertainty                                                0.000     0.000
output external delay                                            0.000     0.000
data required time                                                         0.000
--------------------------------------------------------------------------------
data required time                                                         0.000
data arrival time                                                         -1.007
--------------------------------------------------------------------------------
slack (VIOLATED)                                                          -1.007


#Path 19
Startpoint: opcode[1].inpad[0] (.input clocked by virtual_io_clock)
Endpoint  : out:alu_op_ext[1].outpad[0] (.output clocked by virtual_io_clock)
Path Type : setup

Point                                                             Incr      Path
--------------------------------------------------------------------------------
clock virtual_io_clock (rise edge)                               0.000     0.000
clock source latency                                             0.000     0.000
input external delay                                             0.000     0.000
opcode[1].inpad[0] (.input)                                      0.000     0.000
alu_op_ext[1].in[4] (.names)                                     0.468     0.468
alu_op_ext[1].out[0] (.names)                                    0.261     0.729
out:alu_op_ext[1].outpad[0] (.output)                            0.259     0.988
data arrival time                                                          0.988

clock virtual_io_clock (rise edge)                               0.000     0.000
clock source latency                                             0.000     0.000
clock uncertainty                                                0.000     0.000
output external delay                                            0.000     0.000
data required time                                                         0.000
--------------------------------------------------------------------------------
data required time                                                         0.000
data arrival time                                                         -0.988
--------------------------------------------------------------------------------
slack (VIOLATED)                                                          -0.988


#Path 20
Startpoint: opcode[1].inpad[0] (.input clocked by virtual_io_clock)
Endpoint  : out:Cin.outpad[0] (.output clocked by virtual_io_clock)
Path Type : setup

Point                                                             Incr      Path
--------------------------------------------------------------------------------
clock virtual_io_clock (rise edge)                               0.000     0.000
clock source latency                                             0.000     0.000
input external delay                                             0.000     0.000
opcode[1].inpad[0] (.input)                                      0.000     0.000
Cin.in[1] (.names)                                               0.373     0.373
Cin.out[0] (.names)                                              0.261     0.634
out:Cin.outpad[0] (.output)                                      0.348     0.982
data arrival time                                                          0.982

clock virtual_io_clock (rise edge)                               0.000     0.000
clock source latency                                             0.000     0.000
clock uncertainty                                                0.000     0.000
output external delay                                            0.000     0.000
data required time                                                         0.000
--------------------------------------------------------------------------------
data required time                                                         0.000
data arrival time                                                         -0.982
--------------------------------------------------------------------------------
slack (VIOLATED)                                                          -0.982


#Path 21
Startpoint: opcode[1].inpad[0] (.input clocked by virtual_io_clock)
Endpoint  : out:reg_write.outpad[0] (.output clocked by virtual_io_clock)
Path Type : setup

Point                                                             Incr      Path
--------------------------------------------------------------------------------
clock virtual_io_clock (rise edge)                               0.000     0.000
clock source latency                                             0.000     0.000
input external delay                                             0.000     0.000
opcode[1].inpad[0] (.input)                                      0.000     0.000
reg_write.in[1] (.names)                                         0.468     0.468
reg_write.out[0] (.names)                                        0.261     0.729
out:reg_write.outpad[0] (.output)                                0.250     0.979
data arrival time                                                          0.979

clock virtual_io_clock (rise edge)                               0.000     0.000
clock source latency                                             0.000     0.000
clock uncertainty                                                0.000     0.000
output external delay                                            0.000     0.000
data required time                                                         0.000
--------------------------------------------------------------------------------
data required time                                                         0.000
data arrival time                                                         -0.979
--------------------------------------------------------------------------------
slack (VIOLATED)                                                          -0.979


#Path 22
Startpoint: opcode[1].inpad[0] (.input clocked by virtual_io_clock)
Endpoint  : out:halt.outpad[0] (.output clocked by virtual_io_clock)
Path Type : setup

Point                                                             Incr      Path
--------------------------------------------------------------------------------
clock virtual_io_clock (rise edge)                               0.000     0.000
clock source latency                                             0.000     0.000
input external delay                                             0.000     0.000
opcode[1].inpad[0] (.input)                                      0.000     0.000
halt.in[1] (.names)                                              0.468     0.468
halt.out[0] (.names)                                             0.261     0.729
out:halt.outpad[0] (.output)                                     0.246     0.975
data arrival time                                                          0.975

clock virtual_io_clock (rise edge)                               0.000     0.000
clock source latency                                             0.000     0.000
clock uncertainty                                                0.000     0.000
output external delay                                            0.000     0.000
data required time                                                         0.000
--------------------------------------------------------------------------------
data required time                                                         0.000
data arrival time                                                         -0.975
--------------------------------------------------------------------------------
slack (VIOLATED)                                                          -0.975


#Path 23
Startpoint: opcode[1].inpad[0] (.input clocked by virtual_io_clock)
Endpoint  : out:alu_op_ext[2].outpad[0] (.output clocked by virtual_io_clock)
Path Type : setup

Point                                                             Incr      Path
--------------------------------------------------------------------------------
clock virtual_io_clock (rise edge)                               0.000     0.000
clock source latency                                             0.000     0.000
input external delay                                             0.000     0.000
opcode[1].inpad[0] (.input)                                      0.000     0.000
alu_op_ext[2].in[3] (.names)                                     0.468     0.468
alu_op_ext[2].out[0] (.names)                                    0.261     0.729
out:alu_op_ext[2].outpad[0] (.output)                            0.202     0.931
data arrival time                                                          0.931

clock virtual_io_clock (rise edge)                               0.000     0.000
clock source latency                                             0.000     0.000
clock uncertainty                                                0.000     0.000
output external delay                                            0.000     0.000
data required time                                                         0.000
--------------------------------------------------------------------------------
data required time                                                         0.000
data arrival time                                                         -0.931
--------------------------------------------------------------------------------
slack (VIOLATED)                                                          -0.931


#Path 24
Startpoint: opcode[1].inpad[0] (.input clocked by virtual_io_clock)
Endpoint  : out:bgez.outpad[0] (.output clocked by virtual_io_clock)
Path Type : setup

Point                                                             Incr      Path
--------------------------------------------------------------------------------
clock virtual_io_clock (rise edge)                               0.000     0.000
clock source latency                                             0.000     0.000
input external delay                                             0.000     0.000
opcode[1].inpad[0] (.input)                                      0.000     0.000
bgez.in[1] (.names)                                              0.373     0.373
bgez.out[0] (.names)                                             0.261     0.634
out:bgez.outpad[0] (.output)                                     0.250     0.884
data arrival time                                                          0.884

clock virtual_io_clock (rise edge)                               0.000     0.000
clock source latency                                             0.000     0.000
clock uncertainty                                                0.000     0.000
output external delay                                            0.000     0.000
data required time                                                         0.000
--------------------------------------------------------------------------------
data required time                                                         0.000
data arrival time                                                         -0.884
--------------------------------------------------------------------------------
slack (VIOLATED)                                                          -0.884


#Path 25
Startpoint: opcode[1].inpad[0] (.input clocked by virtual_io_clock)
Endpoint  : out:mem_write.outpad[0] (.output clocked by virtual_io_clock)
Path Type : setup

Point                                                             Incr      Path
--------------------------------------------------------------------------------
clock virtual_io_clock (rise edge)                               0.000     0.000
clock source latency                                             0.000     0.000
input external delay                                             0.000     0.000
opcode[1].inpad[0] (.input)                                      0.000     0.000
mem_write.in[3] (.names)                                         0.373     0.373
mem_write.out[0] (.names)                                        0.261     0.634
out:mem_write.outpad[0] (.output)                                0.250     0.884
data arrival time                                                          0.884

clock virtual_io_clock (rise edge)                               0.000     0.000
clock source latency                                             0.000     0.000
clock uncertainty                                                0.000     0.000
output external delay                                            0.000     0.000
data required time                                                         0.000
--------------------------------------------------------------------------------
data required time                                                         0.000
data arrival time                                                         -0.884
--------------------------------------------------------------------------------
slack (VIOLATED)                                                          -0.884


#End of timing report
