#Timing report of worst 26 path(s)
# Unit scale: 1e-09 seconds
# Output precision: 3

#Path 1
Startpoint: pi10.inpad[0] (.input clocked by virtual_io_clock)
Endpoint  : out:po23.outpad[0] (.output clocked by virtual_io_clock)
Path Type : setup

Point                                                             Incr      Path
--------------------------------------------------------------------------------
clock virtual_io_clock (rise edge)                               0.000     0.000
clock source latency                                             0.000     0.000
input external delay                                             0.000     0.000
pi10.inpad[0] (.input)                                           0.000     0.000
new_n114.in[0] (.names)                                          1.014     1.014
new_n114.out[0] (.names)                                         0.261     1.275
new_n113.in[3] (.names)                                          1.014     2.289
new_n113.out[0] (.names)                                         0.261     2.550
new_n123.in[1] (.names)                                          1.014     3.563
new_n123.out[0] (.names)                                         0.261     3.824
new_n121.in[0] (.names)                                          1.014     4.838
new_n121.out[0] (.names)                                         0.261     5.099
new_n143.in[0] (.names)                                          1.014     6.113
new_n143.out[0] (.names)                                         0.261     6.374
new_n142.in[0] (.names)                                          1.014     7.388
new_n142.out[0] (.names)                                         0.261     7.649
po23.in[1] (.names)                                              1.014     8.663
po23.out[0] (.names)                                             0.261     8.924
out:po23.outpad[0] (.output)                                     1.014     9.938
data arrival time                                                          9.938

clock virtual_io_clock (rise edge)                               0.000     0.000
clock source latency                                             0.000     0.000
clock uncertainty                                                0.000     0.000
output external delay                                            0.000     0.000
data required time                                                         0.000
--------------------------------------------------------------------------------
data required time                                                         0.000
data arrival time                                                         -9.938
--------------------------------------------------------------------------------
slack (VIOLATED)                                                          -9.938


#Path 2
Startpoint: pi10.inpad[0] (.input clocked by virtual_io_clock)
Endpoint  : out:po21.outpad[0] (.output clocked by virtual_io_clock)
Path Type : setup

Point                                                             Incr      Path
--------------------------------------------------------------------------------
clock virtual_io_clock (rise edge)                               0.000     0.000
clock source latency                                             0.000     0.000
input external delay                                             0.000     0.000
pi10.inpad[0] (.input)                                           0.000     0.000
new_n114.in[0] (.names)                                          1.014     1.014
new_n114.out[0] (.names)                                         0.261     1.275
new_n113.in[3] (.names)                                          1.014     2.289
new_n113.out[0] (.names)                                         0.261     2.550
new_n123.in[1] (.names)                                          1.014     3.563
new_n123.out[0] (.names)                                         0.261     3.824
new_n121.in[0] (.names)                                          1.014     4.838
new_n121.out[0] (.names)                                         0.261     5.099
new_n143.in[0] (.names)                                          1.014     6.113
new_n143.out[0] (.names)                                         0.261     6.374
new_n142.in[0] (.names)                                          1.014     7.388
new_n142.out[0] (.names)                                         0.261     7.649
po21.in[0] (.names)                                              1.014     8.663
po21.out[0] (.names)                                             0.261     8.924
out:po21.outpad[0] (.output)                                     1.014     9.938
data arrival time                                                          9.938

clock virtual_io_clock (rise edge)                               0.000     0.000
clock source latency                                             0.000     0.000
clock uncertainty                                                0.000     0.000
output external delay                                            0.000     0.000
data required time                                                         0.000
--------------------------------------------------------------------------------
data required time                                                         0.000
data arrival time                                                         -9.938
--------------------------------------------------------------------------------
slack (VIOLATED)                                                          -9.938


#Path 3
Startpoint: pi10.inpad[0] (.input clocked by virtual_io_clock)
Endpoint  : out:po25.outpad[0] (.output clocked by virtual_io_clock)
Path Type : setup

Point                                                             Incr      Path
--------------------------------------------------------------------------------
clock virtual_io_clock (rise edge)                               0.000     0.000
clock source latency                                             0.000     0.000
input external delay                                             0.000     0.000
pi10.inpad[0] (.input)                                           0.000     0.000
new_n114.in[0] (.names)                                          1.014     1.014
new_n114.out[0] (.names)                                         0.261     1.275
new_n113.in[3] (.names)                                          1.014     2.289
new_n113.out[0] (.names)                                         0.261     2.550
new_n123.in[1] (.names)                                          1.014     3.563
new_n123.out[0] (.names)                                         0.261     3.824
new_n121.in[0] (.names)                                          1.014     4.838
new_n121.out[0] (.names)                                         0.261     5.099
new_n157.in[0] (.names)                                          1.014     6.113
new_n157.out[0] (.names)                                         0.261     6.374
new_n171.in[0] (.names)                                          1.014     7.388
new_n171.out[0] (.names)                                         0.261     7.649
po25.in[1] (.names)                                              1.014     8.663
po25.out[0] (.names)                                             0.261     8.924
out:po25.outpad[0] (.output)                                     1.014     9.938
data arrival time                                                          9.938

clock virtual_io_clock (rise edge)                               0.000     0.000
clock source latency                                             0.000     0.000
clock uncertainty                                                0.000     0.000
output external delay                                            0.000     0.000
data required time                                                         0.000
--------------------------------------------------------------------------------
data required time                                                         0.000
data arrival time                                                         -9.938
--------------------------------------------------------------------------------
slack (VIOLATED)                                                          -9.938


#Path 4
Startpoint: pi10.inpad[0] (.input clocked by virtual_io_clock)
Endpoint  : out:po24.outpad[0] (.output clocked by virtual_io_clock)
Path Type : setup

Point                                                             Incr      Path
--------------------------------------------------------------------------------
clock virtual_io_clock (rise edge)                               0.000     0.000
clock source latency                                             0.000     0.000
input external delay                                             0.000     0.000
pi10.inpad[0] (.input)                                           0.000     0.000
new_n114.in[0] (.names)                                          1.014     1.014
new_n114.out[0] (.names)                                         0.261     1.275
new_n113.in[3] (.names)                                          1.014     2.289
new_n113.out[0] (.names)                                         0.261     2.550
new_n123.in[1] (.names)                                          1.014     3.563
new_n123.out[0] (.names)                                         0.261     3.824
new_n121.in[0] (.names)                                          1.014     4.838
new_n121.out[0] (.names)                                         0.261     5.099
new_n157.in[0] (.names)                                          1.014     6.113
new_n157.out[0] (.names)                                         0.261     6.374
new_n165.in[0] (.names)                                          1.014     7.388
new_n165.out[0] (.names)                                         0.261     7.649
po24.in[1] (.names)                                              1.014     8.663
po24.out[0] (.names)                                             0.261     8.924
out:po24.outpad[0] (.output)                                     1.014     9.938
data arrival time                                                          9.938

clock virtual_io_clock (rise edge)                               0.000     0.000
clock source latency                                             0.000     0.000
clock uncertainty                                                0.000     0.000
output external delay                                            0.000     0.000
data required time                                                         0.000
--------------------------------------------------------------------------------
data required time                                                         0.000
data arrival time                                                         -9.938
--------------------------------------------------------------------------------
slack (VIOLATED)                                                          -9.938


#Path 5
Startpoint: pi10.inpad[0] (.input clocked by virtual_io_clock)
Endpoint  : out:po22.outpad[0] (.output clocked by virtual_io_clock)
Path Type : setup

Point                                                             Incr      Path
--------------------------------------------------------------------------------
clock virtual_io_clock (rise edge)                               0.000     0.000
clock source latency                                             0.000     0.000
input external delay                                             0.000     0.000
pi10.inpad[0] (.input)                                           0.000     0.000
new_n114.in[0] (.names)                                          1.014     1.014
new_n114.out[0] (.names)                                         0.261     1.275
new_n113.in[3] (.names)                                          1.014     2.289
new_n113.out[0] (.names)                                         0.261     2.550
new_n123.in[1] (.names)                                          1.014     3.563
new_n123.out[0] (.names)                                         0.261     3.824
new_n121.in[0] (.names)                                          1.014     4.838
new_n121.out[0] (.names)                                         0.261     5.099
new_n157.in[0] (.names)                                          1.014     6.113
new_n157.out[0] (.names)                                         0.261     6.374
new_n156.in[2] (.names)                                          1.014     7.388
new_n156.out[0] (.names)                                         0.261     7.649
po22.in[4] (.names)                                              1.014     8.663
po22.out[0] (.names)                                             0.261     8.924
out:po22.outpad[0] (.output)                                     1.014     9.938
data arrival time                                                          9.938

clock virtual_io_clock (rise edge)                               0.000     0.000
clock source latency                                             0.000     0.000
clock uncertainty                                                0.000     0.000
output external delay                                            0.000     0.000
data required time                                                         0.000
--------------------------------------------------------------------------------
data required time                                                         0.000
data arrival time                                                         -9.938
--------------------------------------------------------------------------------
slack (VIOLATED)                                                          -9.938


#Path 6
Startpoint: pi10.inpad[0] (.input clocked by virtual_io_clock)
Endpoint  : out:po18.outpad[0] (.output clocked by virtual_io_clock)
Path Type : setup

Point                                                             Incr      Path
--------------------------------------------------------------------------------
clock virtual_io_clock (rise edge)                               0.000     0.000
clock source latency                                             0.000     0.000
input external delay                                             0.000     0.000
pi10.inpad[0] (.input)                                           0.000     0.000
new_n114.in[0] (.names)                                          1.014     1.014
new_n114.out[0] (.names)                                         0.261     1.275
new_n113.in[3] (.names)                                          1.014     2.289
new_n113.out[0] (.names)                                         0.261     2.550
new_n123.in[1] (.names)                                          1.014     3.563
new_n123.out[0] (.names)                                         0.261     3.824
new_n121.in[0] (.names)                                          1.014     4.838
new_n121.out[0] (.names)                                         0.261     5.099
new_n120.in[2] (.names)                                          1.014     6.113
new_n120.out[0] (.names)                                         0.261     6.374
new_n119.in[4] (.names)                                          1.014     7.388
new_n119.out[0] (.names)                                         0.261     7.649
po18.in[4] (.names)                                              1.014     8.663
po18.out[0] (.names)                                             0.261     8.924
out:po18.outpad[0] (.output)                                     1.014     9.938
data arrival time                                                          9.938

clock virtual_io_clock (rise edge)                               0.000     0.000
clock source latency                                             0.000     0.000
clock uncertainty                                                0.000     0.000
output external delay                                            0.000     0.000
data required time                                                         0.000
--------------------------------------------------------------------------------
data required time                                                         0.000
data arrival time                                                         -9.938
--------------------------------------------------------------------------------
slack (VIOLATED)                                                          -9.938


#Path 7
Startpoint: pi10.inpad[0] (.input clocked by virtual_io_clock)
Endpoint  : out:po19.outpad[0] (.output clocked by virtual_io_clock)
Path Type : setup

Point                                                             Incr      Path
--------------------------------------------------------------------------------
clock virtual_io_clock (rise edge)                               0.000     0.000
clock source latency                                             0.000     0.000
input external delay                                             0.000     0.000
pi10.inpad[0] (.input)                                           0.000     0.000
new_n114.in[0] (.names)                                          1.014     1.014
new_n114.out[0] (.names)                                         0.261     1.275
new_n113.in[3] (.names)                                          1.014     2.289
new_n113.out[0] (.names)                                         0.261     2.550
new_n110.in[1] (.names)                                          1.014     3.563
new_n110.out[0] (.names)                                         0.261     3.824
new_n132.in[0] (.names)                                          1.014     4.838
new_n132.out[0] (.names)                                         0.261     5.099
new_n131.in[0] (.names)                                          1.014     6.113
new_n131.out[0] (.names)                                         0.261     6.374
po19.in[2] (.names)                                              1.014     7.388
po19.out[0] (.names)                                             0.261     7.649
out:po19.outpad[0] (.output)                                     1.014     8.663
data arrival time                                                          8.663

clock virtual_io_clock (rise edge)                               0.000     0.000
clock source latency                                             0.000     0.000
clock uncertainty                                                0.000     0.000
output external delay                                            0.000     0.000
data required time                                                         0.000
--------------------------------------------------------------------------------
data required time                                                         0.000
data arrival time                                                         -8.663
--------------------------------------------------------------------------------
slack (VIOLATED)                                                          -8.663


#Path 8
Startpoint: pi10.inpad[0] (.input clocked by virtual_io_clock)
Endpoint  : out:po20.outpad[0] (.output clocked by virtual_io_clock)
Path Type : setup

Point                                                             Incr      Path
--------------------------------------------------------------------------------
clock virtual_io_clock (rise edge)                               0.000     0.000
clock source latency                                             0.000     0.000
input external delay                                             0.000     0.000
pi10.inpad[0] (.input)                                           0.000     0.000
new_n114.in[0] (.names)                                          1.014     1.014
new_n114.out[0] (.names)                                         0.261     1.275
new_n113.in[3] (.names)                                          1.014     2.289
new_n113.out[0] (.names)                                         0.261     2.550
new_n122.in[0] (.names)                                          1.014     3.563
new_n122.out[0] (.names)                                         0.261     3.824
new_n140.in[0] (.names)                                          1.014     4.838
new_n140.out[0] (.names)                                         0.261     5.099
po20.in[2] (.names)                                              1.014     6.113
po20.out[0] (.names)                                             0.261     6.374
out:po20.outpad[0] (.output)                                     1.014     7.388
data arrival time                                                          7.388

clock virtual_io_clock (rise edge)                               0.000     0.000
clock source latency                                             0.000     0.000
clock uncertainty                                                0.000     0.000
output external delay                                            0.000     0.000
data required time                                                         0.000
--------------------------------------------------------------------------------
data required time                                                         0.000
data arrival time                                                         -7.388
--------------------------------------------------------------------------------
slack (VIOLATED)                                                          -7.388


#Path 9
Startpoint: pi10.inpad[0] (.input clocked by virtual_io_clock)
Endpoint  : out:po17.outpad[0] (.output clocked by virtual_io_clock)
Path Type : setup

Point                                                             Incr      Path
--------------------------------------------------------------------------------
clock virtual_io_clock (rise edge)                               0.000     0.000
clock source latency                                             0.000     0.000
input external delay                                             0.000     0.000
pi10.inpad[0] (.input)                                           0.000     0.000
new_n114.in[0] (.names)                                          1.014     1.014
new_n114.out[0] (.names)                                         0.261     1.275
new_n113.in[3] (.names)                                          1.014     2.289
new_n113.out[0] (.names)                                         0.261     2.550
new_n110.in[1] (.names)                                          1.014     3.563
new_n110.out[0] (.names)                                         0.261     3.824
new_n117.in[2] (.names)                                          1.014     4.838
new_n117.out[0] (.names)                                         0.261     5.099
po17.in[4] (.names)                                              1.014     6.113
po17.out[0] (.names)                                             0.261     6.374
out:po17.outpad[0] (.output)                                     1.014     7.388
data arrival time                                                          7.388

clock virtual_io_clock (rise edge)                               0.000     0.000
clock source latency                                             0.000     0.000
clock uncertainty                                                0.000     0.000
output external delay                                            0.000     0.000
data required time                                                         0.000
--------------------------------------------------------------------------------
data required time                                                         0.000
data arrival time                                                         -7.388
--------------------------------------------------------------------------------
slack (VIOLATED)                                                          -7.388


#Path 10
Startpoint: pi08.inpad[0] (.input clocked by virtual_io_clock)
Endpoint  : out:po12.outpad[0] (.output clocked by virtual_io_clock)
Path Type : setup

Point                                                             Incr      Path
--------------------------------------------------------------------------------
clock virtual_io_clock (rise edge)                               0.000     0.000
clock source latency                                             0.000     0.000
input external delay                                             0.000     0.000
pi08.inpad[0] (.input)                                           0.000     0.000
new_n101.in[0] (.names)                                          1.014     1.014
new_n101.out[0] (.names)                                         0.261     1.275
po12.in[0] (.names)                                              1.014     2.289
po12.out[0] (.names)                                             0.261     2.550
out:po12.outpad[0] (.output)                                     1.014     3.563
data arrival time                                                          3.563

clock virtual_io_clock (rise edge)                               0.000     0.000
clock source latency                                             0.000     0.000
clock uncertainty                                                0.000     0.000
output external delay                                            0.000     0.000
data required time                                                         0.000
--------------------------------------------------------------------------------
data required time                                                         0.000
data arrival time                                                         -3.563
--------------------------------------------------------------------------------
slack (VIOLATED)                                                          -3.563


#Path 11
Startpoint: pi35.inpad[0] (.input clocked by virtual_io_clock)
Endpoint  : out:po16.outpad[0] (.output clocked by virtual_io_clock)
Path Type : setup

Point                                                             Incr      Path
--------------------------------------------------------------------------------
clock virtual_io_clock (rise edge)                               0.000     0.000
clock source latency                                             0.000     0.000
input external delay                                             0.000     0.000
pi35.inpad[0] (.input)                                           0.000     0.000
new_n107.in[0] (.names)                                          1.014     1.014
new_n107.out[0] (.names)                                         0.261     1.275
po16.in[0] (.names)                                              1.014     2.289
po16.out[0] (.names)                                             0.261     2.550
out:po16.outpad[0] (.output)                                     1.014     3.563
data arrival time                                                          3.563

clock virtual_io_clock (rise edge)                               0.000     0.000
clock source latency                                             0.000     0.000
clock uncertainty                                                0.000     0.000
output external delay                                            0.000     0.000
data required time                                                         0.000
--------------------------------------------------------------------------------
data required time                                                         0.000
data arrival time                                                         -3.563
--------------------------------------------------------------------------------
slack (VIOLATED)                                                          -3.563


#Path 12
Startpoint: pi26.inpad[0] (.input clocked by virtual_io_clock)
Endpoint  : out:po15.outpad[0] (.output clocked by virtual_io_clock)
Path Type : setup

Point                                                             Incr      Path
--------------------------------------------------------------------------------
clock virtual_io_clock (rise edge)                               0.000     0.000
clock source latency                                             0.000     0.000
input external delay                                             0.000     0.000
pi26.inpad[0] (.input)                                           0.000     0.000
new_n105.in[0] (.names)                                          1.014     1.014
new_n105.out[0] (.names)                                         0.261     1.275
po15.in[0] (.names)                                              1.014     2.289
po15.out[0] (.names)                                             0.261     2.550
out:po15.outpad[0] (.output)                                     1.014     3.563
data arrival time                                                          3.563

clock virtual_io_clock (rise edge)                               0.000     0.000
clock source latency                                             0.000     0.000
clock uncertainty                                                0.000     0.000
output external delay                                            0.000     0.000
data required time                                                         0.000
--------------------------------------------------------------------------------
data required time                                                         0.000
data arrival time                                                         -3.563
--------------------------------------------------------------------------------
slack (VIOLATED)                                                          -3.563


#Path 13
Startpoint: pi08.inpad[0] (.input clocked by virtual_io_clock)
Endpoint  : out:po13.outpad[0] (.output clocked by virtual_io_clock)
Path Type : setup

Point                                                             Incr      Path
--------------------------------------------------------------------------------
clock virtual_io_clock (rise edge)                               0.000     0.000
clock source latency                                             0.000     0.000
input external delay                                             0.000     0.000
pi08.inpad[0] (.input)                                           0.000     0.000
new_n101.in[0] (.names)                                          1.014     1.014
new_n101.out[0] (.names)                                         0.261     1.275
po13.in[0] (.names)                                              1.014     2.289
po13.out[0] (.names)                                             0.261     2.550
out:po13.outpad[0] (.output)                                     1.014     3.563
data arrival time                                                          3.563

clock virtual_io_clock (rise edge)                               0.000     0.000
clock source latency                                             0.000     0.000
clock uncertainty                                                0.000     0.000
output external delay                                            0.000     0.000
data required time                                                         0.000
--------------------------------------------------------------------------------
data required time                                                         0.000
data arrival time                                                         -3.563
--------------------------------------------------------------------------------
slack (VIOLATED)                                                          -3.563


#Path 14
Startpoint: pi00.inpad[0] (.input clocked by virtual_io_clock)
Endpoint  : out:po10.outpad[0] (.output clocked by virtual_io_clock)
Path Type : setup

Point                                                             Incr      Path
--------------------------------------------------------------------------------
clock virtual_io_clock (rise edge)                               0.000     0.000
clock source latency                                             0.000     0.000
input external delay                                             0.000     0.000
pi00.inpad[0] (.input)                                           0.000     0.000
po02.in[0] (.names)                                              1.014     1.014
po02.out[0] (.names)                                             0.261     1.275
po10.in[0] (.names)                                              1.014     2.289
po10.out[0] (.names)                                             0.261     2.550
out:po10.outpad[0] (.output)                                     1.014     3.563
data arrival time                                                          3.563

clock virtual_io_clock (rise edge)                               0.000     0.000
clock source latency                                             0.000     0.000
clock uncertainty                                                0.000     0.000
output external delay                                            0.000     0.000
data required time                                                         0.000
--------------------------------------------------------------------------------
data required time                                                         0.000
data arrival time                                                         -3.563
--------------------------------------------------------------------------------
slack (VIOLATED)                                                          -3.563


#Path 15
Startpoint: pi00.inpad[0] (.input clocked by virtual_io_clock)
Endpoint  : out:po05.outpad[0] (.output clocked by virtual_io_clock)
Path Type : setup

Point                                                             Incr      Path
--------------------------------------------------------------------------------
clock virtual_io_clock (rise edge)                               0.000     0.000
clock source latency                                             0.000     0.000
input external delay                                             0.000     0.000
pi00.inpad[0] (.input)                                           0.000     0.000
po02.in[0] (.names)                                              1.014     1.014
po02.out[0] (.names)                                             0.261     1.275
po05.in[0] (.names)                                              1.014     2.289
po05.out[0] (.names)                                             0.261     2.550
out:po05.outpad[0] (.output)                                     1.014     3.563
data arrival time                                                          3.563

clock virtual_io_clock (rise edge)                               0.000     0.000
clock source latency                                             0.000     0.000
clock uncertainty                                                0.000     0.000
output external delay                                            0.000     0.000
data required time                                                         0.000
--------------------------------------------------------------------------------
data required time                                                         0.000
data arrival time                                                         -3.563
--------------------------------------------------------------------------------
slack (VIOLATED)                                                          -3.563


#Path 16
Startpoint: pi00.inpad[0] (.input clocked by virtual_io_clock)
Endpoint  : out:po00.outpad[0] (.output clocked by virtual_io_clock)
Path Type : setup

Point                                                             Incr      Path
--------------------------------------------------------------------------------
clock virtual_io_clock (rise edge)                               0.000     0.000
clock source latency                                             0.000     0.000
input external delay                                             0.000     0.000
pi00.inpad[0] (.input)                                           0.000     0.000
po00.in[0] (.names)                                              1.014     1.014
po00.out[0] (.names)                                             0.261     1.275
out:po00.outpad[0] (.output)                                     1.014     2.289
data arrival time                                                          2.289

clock virtual_io_clock (rise edge)                               0.000     0.000
clock source latency                                             0.000     0.000
clock uncertainty                                                0.000     0.000
output external delay                                            0.000     0.000
data required time                                                         0.000
--------------------------------------------------------------------------------
data required time                                                         0.000
data arrival time                                                         -2.289
--------------------------------------------------------------------------------
slack (VIOLATED)                                                          -2.289


#Path 17
Startpoint: pi15.inpad[0] (.input clocked by virtual_io_clock)
Endpoint  : out:po14.outpad[0] (.output clocked by virtual_io_clock)
Path Type : setup

Point                                                             Incr      Path
--------------------------------------------------------------------------------
clock virtual_io_clock (rise edge)                               0.000     0.000
clock source latency                                             0.000     0.000
input external delay                                             0.000     0.000
pi15.inpad[0] (.input)                                           0.000     0.000
po14.in[0] (.names)                                              1.014     1.014
po14.out[0] (.names)                                             0.261     1.275
out:po14.outpad[0] (.output)                                     1.014     2.289
data arrival time                                                          2.289

clock virtual_io_clock (rise edge)                               0.000     0.000
clock source latency                                             0.000     0.000
clock uncertainty                                                0.000     0.000
output external delay                                            0.000     0.000
data required time                                                         0.000
--------------------------------------------------------------------------------
data required time                                                         0.000
data arrival time                                                         -2.289
--------------------------------------------------------------------------------
slack (VIOLATED)                                                          -2.289


#Path 18
Startpoint: pi10.inpad[0] (.input clocked by virtual_io_clock)
Endpoint  : out:po11.outpad[0] (.output clocked by virtual_io_clock)
Path Type : setup

Point                                                             Incr      Path
--------------------------------------------------------------------------------
clock virtual_io_clock (rise edge)                               0.000     0.000
clock source latency                                             0.000     0.000
input external delay                                             0.000     0.000
pi10.inpad[0] (.input)                                           0.000     0.000
po11.in[0] (.names)                                              1.014     1.014
po11.out[0] (.names)                                             0.261     1.275
out:po11.outpad[0] (.output)                                     1.014     2.289
data arrival time                                                          2.289

clock virtual_io_clock (rise edge)                               0.000     0.000
clock source latency                                             0.000     0.000
clock uncertainty                                                0.000     0.000
output external delay                                            0.000     0.000
data required time                                                         0.000
--------------------------------------------------------------------------------
data required time                                                         0.000
data arrival time                                                         -2.289
--------------------------------------------------------------------------------
slack (VIOLATED)                                                          -2.289


#Path 19
Startpoint: pi14.inpad[0] (.input clocked by virtual_io_clock)
Endpoint  : out:po09.outpad[0] (.output clocked by virtual_io_clock)
Path Type : setup

Point                                                             Incr      Path
--------------------------------------------------------------------------------
clock virtual_io_clock (rise edge)                               0.000     0.000
clock source latency                                             0.000     0.000
input external delay                                             0.000     0.000
pi14.inpad[0] (.input)                                           0.000     0.000
po09.in[0] (.names)                                              1.014     1.014
po09.out[0] (.names)                                             0.261     1.275
out:po09.outpad[0] (.output)                                     1.014     2.289
data arrival time                                                          2.289

clock virtual_io_clock (rise edge)                               0.000     0.000
clock source latency                                             0.000     0.000
clock uncertainty                                                0.000     0.000
output external delay                                            0.000     0.000
data required time                                                         0.000
--------------------------------------------------------------------------------
data required time                                                         0.000
data arrival time                                                         -2.289
--------------------------------------------------------------------------------
slack (VIOLATED)                                                          -2.289


#Path 20
Startpoint: pi00.inpad[0] (.input clocked by virtual_io_clock)
Endpoint  : out:po08.outpad[0] (.output clocked by virtual_io_clock)
Path Type : setup

Point                                                             Incr      Path
--------------------------------------------------------------------------------
clock virtual_io_clock (rise edge)                               0.000     0.000
clock source latency                                             0.000     0.000
input external delay                                             0.000     0.000
pi00.inpad[0] (.input)                                           0.000     0.000
po08.in[0] (.names)                                              1.014     1.014
po08.out[0] (.names)                                             0.261     1.275
out:po08.outpad[0] (.output)                                     1.014     2.289
data arrival time                                                          2.289

clock virtual_io_clock (rise edge)                               0.000     0.000
clock source latency                                             0.000     0.000
clock uncertainty                                                0.000     0.000
output external delay                                            0.000     0.000
data required time                                                         0.000
--------------------------------------------------------------------------------
data required time                                                         0.000
data arrival time                                                         -2.289
--------------------------------------------------------------------------------
slack (VIOLATED)                                                          -2.289


#Path 21
Startpoint: pi03.inpad[0] (.input clocked by virtual_io_clock)
Endpoint  : out:po07.outpad[0] (.output clocked by virtual_io_clock)
Path Type : setup

Point                                                             Incr      Path
--------------------------------------------------------------------------------
clock virtual_io_clock (rise edge)                               0.000     0.000
clock source latency                                             0.000     0.000
input external delay                                             0.000     0.000
pi03.inpad[0] (.input)                                           0.000     0.000
po07.in[0] (.names)                                              1.014     1.014
po07.out[0] (.names)                                             0.261     1.275
out:po07.outpad[0] (.output)                                     1.014     2.289
data arrival time                                                          2.289

clock virtual_io_clock (rise edge)                               0.000     0.000
clock source latency                                             0.000     0.000
clock uncertainty                                                0.000     0.000
output external delay                                            0.000     0.000
data required time                                                         0.000
--------------------------------------------------------------------------------
data required time                                                         0.000
data arrival time                                                         -2.289
--------------------------------------------------------------------------------
slack (VIOLATED)                                                          -2.289


#Path 22
Startpoint: pi01.inpad[0] (.input clocked by virtual_io_clock)
Endpoint  : out:po06.outpad[0] (.output clocked by virtual_io_clock)
Path Type : setup

Point                                                             Incr      Path
--------------------------------------------------------------------------------
clock virtual_io_clock (rise edge)                               0.000     0.000
clock source latency                                             0.000     0.000
input external delay                                             0.000     0.000
pi01.inpad[0] (.input)                                           0.000     0.000
po06.in[0] (.names)                                              1.014     1.014
po06.out[0] (.names)                                             0.261     1.275
out:po06.outpad[0] (.output)                                     1.014     2.289
data arrival time                                                          2.289

clock virtual_io_clock (rise edge)                               0.000     0.000
clock source latency                                             0.000     0.000
clock uncertainty                                                0.000     0.000
output external delay                                            0.000     0.000
data required time                                                         0.000
--------------------------------------------------------------------------------
data required time                                                         0.000
data arrival time                                                         -2.289
--------------------------------------------------------------------------------
slack (VIOLATED)                                                          -2.289


#Path 23
Startpoint: pi07.inpad[0] (.input clocked by virtual_io_clock)
Endpoint  : out:po04.outpad[0] (.output clocked by virtual_io_clock)
Path Type : setup

Point                                                             Incr      Path
--------------------------------------------------------------------------------
clock virtual_io_clock (rise edge)                               0.000     0.000
clock source latency                                             0.000     0.000
input external delay                                             0.000     0.000
pi07.inpad[0] (.input)                                           0.000     0.000
po04.in[0] (.names)                                              1.014     1.014
po04.out[0] (.names)                                             0.261     1.275
out:po04.outpad[0] (.output)                                     1.014     2.289
data arrival time                                                          2.289

clock virtual_io_clock (rise edge)                               0.000     0.000
clock source latency                                             0.000     0.000
clock uncertainty                                                0.000     0.000
output external delay                                            0.000     0.000
data required time                                                         0.000
--------------------------------------------------------------------------------
data required time                                                         0.000
data arrival time                                                         -2.289
--------------------------------------------------------------------------------
slack (VIOLATED)                                                          -2.289


#Path 24
Startpoint: pi05.inpad[0] (.input clocked by virtual_io_clock)
Endpoint  : out:po03.outpad[0] (.output clocked by virtual_io_clock)
Path Type : setup

Point                                                             Incr      Path
--------------------------------------------------------------------------------
clock virtual_io_clock (rise edge)                               0.000     0.000
clock source latency                                             0.000     0.000
input external delay                                             0.000     0.000
pi05.inpad[0] (.input)                                           0.000     0.000
po03.in[0] (.names)                                              1.014     1.014
po03.out[0] (.names)                                             0.261     1.275
out:po03.outpad[0] (.output)                                     1.014     2.289
data arrival time                                                          2.289

clock virtual_io_clock (rise edge)                               0.000     0.000
clock source latency                                             0.000     0.000
clock uncertainty                                                0.000     0.000
output external delay                                            0.000     0.000
data required time                                                         0.000
--------------------------------------------------------------------------------
data required time                                                         0.000
data arrival time                                                         -2.289
--------------------------------------------------------------------------------
slack (VIOLATED)                                                          -2.289


#Path 25
Startpoint: pi00.inpad[0] (.input clocked by virtual_io_clock)
Endpoint  : out:po02.outpad[0] (.output clocked by virtual_io_clock)
Path Type : setup

Point                                                             Incr      Path
--------------------------------------------------------------------------------
clock virtual_io_clock (rise edge)                               0.000     0.000
clock source latency                                             0.000     0.000
input external delay                                             0.000     0.000
pi00.inpad[0] (.input)                                           0.000     0.000
po02.in[0] (.names)                                              1.014     1.014
po02.out[0] (.names)                                             0.261     1.275
out:po02.outpad[0] (.output)                                     1.014     2.289
data arrival time                                                          2.289

clock virtual_io_clock (rise edge)                               0.000     0.000
clock source latency                                             0.000     0.000
clock uncertainty                                                0.000     0.000
output external delay                                            0.000     0.000
data required time                                                         0.000
--------------------------------------------------------------------------------
data required time                                                         0.000
data arrival time                                                         -2.289
--------------------------------------------------------------------------------
slack (VIOLATED)                                                          -2.289


#Path 26
Startpoint: pi02.inpad[0] (.input clocked by virtual_io_clock)
Endpoint  : out:po01.outpad[0] (.output clocked by virtual_io_clock)
Path Type : setup

Point                                                             Incr      Path
--------------------------------------------------------------------------------
clock virtual_io_clock (rise edge)                               0.000     0.000
clock source latency                                             0.000     0.000
input external delay                                             0.000     0.000
pi02.inpad[0] (.input)                                           0.000     0.000
po01.in[0] (.names)                                              1.014     1.014
po01.out[0] (.names)                                             0.261     1.275
out:po01.outpad[0] (.output)                                     1.014     2.289
data arrival time                                                          2.289

clock virtual_io_clock (rise edge)                               0.000     0.000
clock source latency                                             0.000     0.000
clock uncertainty                                                0.000     0.000
output external delay                                            0.000     0.000
data required time                                                         0.000
--------------------------------------------------------------------------------
data required time                                                         0.000
data arrival time                                                         -2.289
--------------------------------------------------------------------------------
slack (VIOLATED)                                                          -2.289


#End of timing report
