#Timing report of worst 26 path(s)
# Unit scale: 1e-09 seconds
# Output precision: 3

#Path 1
Startpoint: pi05.inpad[0] (.input clocked by virtual_io_clock)
Endpoint  : out:po03.outpad[0] (.output clocked by virtual_io_clock)
Path Type : hold

Point                                                             Incr      Path
--------------------------------------------------------------------------------
clock virtual_io_clock (rise edge)                               0.000     0.000
clock source latency                                             0.000     0.000
input external delay                                             0.000     0.000
pi05.inpad[0] (.input)                                           0.000     0.000
po03.in[0] (.names)                                              1.422     1.422
po03.out[0] (.names)                                             0.193     1.615
out:po03.outpad[0] (.output)                                     3.105     4.720
data arrival time                                                          4.720

clock virtual_io_clock (rise edge)                               0.000     0.000
clock source latency                                             0.000     0.000
clock uncertainty                                                0.000     0.000
output external delay                                            0.000     0.000
data required time                                                         0.000
--------------------------------------------------------------------------------
data required time                                                        -0.000
data arrival time                                                          4.720
--------------------------------------------------------------------------------
slack (MET)                                                                4.720


#Path 2
Startpoint: pi15.inpad[0] (.input clocked by virtual_io_clock)
Endpoint  : out:po14.outpad[0] (.output clocked by virtual_io_clock)
Path Type : hold

Point                                                             Incr      Path
--------------------------------------------------------------------------------
clock virtual_io_clock (rise edge)                               0.000     0.000
clock source latency                                             0.000     0.000
input external delay                                             0.000     0.000
pi15.inpad[0] (.input)                                           0.000     0.000
po14.in[0] (.names)                                              1.512     1.512
po14.out[0] (.names)                                             0.193     1.705
out:po14.outpad[0] (.output)                                     3.129     4.834
data arrival time                                                          4.834

clock virtual_io_clock (rise edge)                               0.000     0.000
clock source latency                                             0.000     0.000
clock uncertainty                                                0.000     0.000
output external delay                                            0.000     0.000
data required time                                                         0.000
--------------------------------------------------------------------------------
data required time                                                        -0.000
data arrival time                                                          4.834
--------------------------------------------------------------------------------
slack (MET)                                                                4.834


#Path 3
Startpoint: pi15.inpad[0] (.input clocked by virtual_io_clock)
Endpoint  : out:po09.outpad[0] (.output clocked by virtual_io_clock)
Path Type : hold

Point                                                             Incr      Path
--------------------------------------------------------------------------------
clock virtual_io_clock (rise edge)                               0.000     0.000
clock source latency                                             0.000     0.000
input external delay                                             0.000     0.000
pi15.inpad[0] (.input)                                           0.000     0.000
po09.in[1] (.names)                                              1.512     1.512
po09.out[0] (.names)                                             0.193     1.705
out:po09.outpad[0] (.output)                                     3.176     4.881
data arrival time                                                          4.881

clock virtual_io_clock (rise edge)                               0.000     0.000
clock source latency                                             0.000     0.000
clock uncertainty                                                0.000     0.000
output external delay                                            0.000     0.000
data required time                                                         0.000
--------------------------------------------------------------------------------
data required time                                                        -0.000
data arrival time                                                          4.881
--------------------------------------------------------------------------------
slack (MET)                                                                4.881


#Path 4
Startpoint: pi50.inpad[0] (.input clocked by virtual_io_clock)
Endpoint  : out:po19.outpad[0] (.output clocked by virtual_io_clock)
Path Type : hold

Point                                                             Incr      Path
--------------------------------------------------------------------------------
clock virtual_io_clock (rise edge)                               0.000     0.000
clock source latency                                             0.000     0.000
input external delay                                             0.000     0.000
pi50.inpad[0] (.input)                                           0.000     0.000
po19.in[0] (.names)                                              1.807     1.807
po19.out[0] (.names)                                             0.193     2.000
out:po19.outpad[0] (.output)                                     3.321     5.321
data arrival time                                                          5.321

clock virtual_io_clock (rise edge)                               0.000     0.000
clock source latency                                             0.000     0.000
clock uncertainty                                                0.000     0.000
output external delay                                            0.000     0.000
data required time                                                         0.000
--------------------------------------------------------------------------------
data required time                                                        -0.000
data arrival time                                                          5.321
--------------------------------------------------------------------------------
slack (MET)                                                                5.321


#Path 5
Startpoint: pi03.inpad[0] (.input clocked by virtual_io_clock)
Endpoint  : out:po06.outpad[0] (.output clocked by virtual_io_clock)
Path Type : hold

Point                                                             Incr      Path
--------------------------------------------------------------------------------
clock virtual_io_clock (rise edge)                               0.000     0.000
clock source latency                                             0.000     0.000
input external delay                                             0.000     0.000
pi03.inpad[0] (.input)                                           0.000     0.000
po06.in[1] (.names)                                              1.788     1.788
po06.out[0] (.names)                                             0.193     1.981
out:po06.outpad[0] (.output)                                     3.361     5.341
data arrival time                                                          5.341

clock virtual_io_clock (rise edge)                               0.000     0.000
clock source latency                                             0.000     0.000
clock uncertainty                                                0.000     0.000
output external delay                                            0.000     0.000
data required time                                                         0.000
--------------------------------------------------------------------------------
data required time                                                        -0.000
data arrival time                                                          5.341
--------------------------------------------------------------------------------
slack (MET)                                                                5.341


#Path 6
Startpoint: pi07.inpad[0] (.input clocked by virtual_io_clock)
Endpoint  : out:po05.outpad[0] (.output clocked by virtual_io_clock)
Path Type : hold

Point                                                             Incr      Path
--------------------------------------------------------------------------------
clock virtual_io_clock (rise edge)                               0.000     0.000
clock source latency                                             0.000     0.000
input external delay                                             0.000     0.000
pi07.inpad[0] (.input)                                           0.000     0.000
po05.in[1] (.names)                                              1.843     1.843
po05.out[0] (.names)                                             0.193     2.036
out:po05.outpad[0] (.output)                                     3.317     5.354
data arrival time                                                          5.354

clock virtual_io_clock (rise edge)                               0.000     0.000
clock source latency                                             0.000     0.000
clock uncertainty                                                0.000     0.000
output external delay                                            0.000     0.000
data required time                                                         0.000
--------------------------------------------------------------------------------
data required time                                                        -0.000
data arrival time                                                          5.354
--------------------------------------------------------------------------------
slack (MET)                                                                5.354


#Path 7
Startpoint: pi07.inpad[0] (.input clocked by virtual_io_clock)
Endpoint  : out:po10.outpad[0] (.output clocked by virtual_io_clock)
Path Type : hold

Point                                                             Incr      Path
--------------------------------------------------------------------------------
clock virtual_io_clock (rise edge)                               0.000     0.000
clock source latency                                             0.000     0.000
input external delay                                             0.000     0.000
pi07.inpad[0] (.input)                                           0.000     0.000
po10.in[1] (.names)                                              1.843     1.843
po10.out[0] (.names)                                             0.193     2.036
out:po10.outpad[0] (.output)                                     3.322     5.359
data arrival time                                                          5.359

clock virtual_io_clock (rise edge)                               0.000     0.000
clock source latency                                             0.000     0.000
clock uncertainty                                                0.000     0.000
output external delay                                            0.000     0.000
data required time                                                         0.000
--------------------------------------------------------------------------------
data required time                                                        -0.000
data arrival time                                                          5.359
--------------------------------------------------------------------------------
slack (MET)                                                                5.359


#Path 8
Startpoint: pi03.inpad[0] (.input clocked by virtual_io_clock)
Endpoint  : out:po07.outpad[0] (.output clocked by virtual_io_clock)
Path Type : hold

Point                                                             Incr      Path
--------------------------------------------------------------------------------
clock virtual_io_clock (rise edge)                               0.000     0.000
clock source latency                                             0.000     0.000
input external delay                                             0.000     0.000
pi03.inpad[0] (.input)                                           0.000     0.000
po07.in[0] (.names)                                              1.788     1.788
po07.out[0] (.names)                                             0.193     1.981
out:po07.outpad[0] (.output)                                     3.406     5.387
data arrival time                                                          5.387

clock virtual_io_clock (rise edge)                               0.000     0.000
clock source latency                                             0.000     0.000
clock uncertainty                                                0.000     0.000
output external delay                                            0.000     0.000
data required time                                                         0.000
--------------------------------------------------------------------------------
data required time                                                        -0.000
data arrival time                                                          5.387
--------------------------------------------------------------------------------
slack (MET)                                                                5.387


#Path 9
Startpoint: pi24.inpad[0] (.input clocked by virtual_io_clock)
Endpoint  : out:po15.outpad[0] (.output clocked by virtual_io_clock)
Path Type : hold

Point                                                             Incr      Path
--------------------------------------------------------------------------------
clock virtual_io_clock (rise edge)                               0.000     0.000
clock source latency                                             0.000     0.000
input external delay                                             0.000     0.000
pi24.inpad[0] (.input)                                           0.000     0.000
po15.in[4] (.names)                                              1.789     1.789
po15.out[0] (.names)                                             0.193     1.982
out:po15.outpad[0] (.output)                                     3.406     5.388
data arrival time                                                          5.388

clock virtual_io_clock (rise edge)                               0.000     0.000
clock source latency                                             0.000     0.000
clock uncertainty                                                0.000     0.000
output external delay                                            0.000     0.000
data required time                                                         0.000
--------------------------------------------------------------------------------
data required time                                                        -0.000
data arrival time                                                          5.388
--------------------------------------------------------------------------------
slack (MET)                                                                5.388


#Path 10
Startpoint: pi51.inpad[0] (.input clocked by virtual_io_clock)
Endpoint  : out:po25.outpad[0] (.output clocked by virtual_io_clock)
Path Type : hold

Point                                                             Incr      Path
--------------------------------------------------------------------------------
clock virtual_io_clock (rise edge)                               0.000     0.000
clock source latency                                             0.000     0.000
input external delay                                             0.000     0.000
pi51.inpad[0] (.input)                                           0.000     0.000
po25.in[0] (.names)                                              1.800     1.800
po25.out[0] (.names)                                             0.193     1.993
out:po25.outpad[0] (.output)                                     3.413     5.406
data arrival time                                                          5.406

clock virtual_io_clock (rise edge)                               0.000     0.000
clock source latency                                             0.000     0.000
clock uncertainty                                                0.000     0.000
output external delay                                            0.000     0.000
data required time                                                         0.000
--------------------------------------------------------------------------------
data required time                                                        -0.000
data arrival time                                                          5.406
--------------------------------------------------------------------------------
slack (MET)                                                                5.406


#Path 11
Startpoint: pi51.inpad[0] (.input clocked by virtual_io_clock)
Endpoint  : out:po24.outpad[0] (.output clocked by virtual_io_clock)
Path Type : hold

Point                                                             Incr      Path
--------------------------------------------------------------------------------
clock virtual_io_clock (rise edge)                               0.000     0.000
clock source latency                                             0.000     0.000
input external delay                                             0.000     0.000
pi51.inpad[0] (.input)                                           0.000     0.000
po24.in[0] (.names)                                              1.800     1.800
po24.out[0] (.names)                                             0.193     1.993
out:po24.outpad[0] (.output)                                     3.422     5.416
data arrival time                                                          5.416

clock virtual_io_clock (rise edge)                               0.000     0.000
clock source latency                                             0.000     0.000
clock uncertainty                                                0.000     0.000
output external delay                                            0.000     0.000
data required time                                                         0.000
--------------------------------------------------------------------------------
data required time                                                        -0.000
data arrival time                                                          5.416
--------------------------------------------------------------------------------
slack (MET)                                                                5.416


#Path 12
Startpoint: pi35.inpad[0] (.input clocked by virtual_io_clock)
Endpoint  : out:po18.outpad[0] (.output clocked by virtual_io_clock)
Path Type : hold

Point                                                             Incr      Path
--------------------------------------------------------------------------------
clock virtual_io_clock (rise edge)                               0.000     0.000
clock source latency                                             0.000     0.000
input external delay                                             0.000     0.000
pi35.inpad[0] (.input)                                           0.000     0.000
po18.in[0] (.names)                                              1.816     1.816
po18.out[0] (.names)                                             0.193     2.009
out:po18.outpad[0] (.output)                                     3.416     5.425
data arrival time                                                          5.425

clock virtual_io_clock (rise edge)                               0.000     0.000
clock source latency                                             0.000     0.000
clock uncertainty                                                0.000     0.000
output external delay                                            0.000     0.000
data required time                                                         0.000
--------------------------------------------------------------------------------
data required time                                                        -0.000
data arrival time                                                          5.425
--------------------------------------------------------------------------------
slack (MET)                                                                5.425


#Path 13
Startpoint: pi03.inpad[0] (.input clocked by virtual_io_clock)
Endpoint  : out:po01.outpad[0] (.output clocked by virtual_io_clock)
Path Type : hold

Point                                                             Incr      Path
--------------------------------------------------------------------------------
clock virtual_io_clock (rise edge)                               0.000     0.000
clock source latency                                             0.000     0.000
input external delay                                             0.000     0.000
pi03.inpad[0] (.input)                                           0.000     0.000
po01.in[1] (.names)                                              1.788     1.788
po01.out[0] (.names)                                             0.193     1.981
out:po01.outpad[0] (.output)                                     3.448     5.428
data arrival time                                                          5.428

clock virtual_io_clock (rise edge)                               0.000     0.000
clock source latency                                             0.000     0.000
clock uncertainty                                                0.000     0.000
output external delay                                            0.000     0.000
data required time                                                         0.000
--------------------------------------------------------------------------------
data required time                                                        -0.000
data arrival time                                                          5.428
--------------------------------------------------------------------------------
slack (MET)                                                                5.428


#Path 14
Startpoint: pi51.inpad[0] (.input clocked by virtual_io_clock)
Endpoint  : out:po23.outpad[0] (.output clocked by virtual_io_clock)
Path Type : hold

Point                                                             Incr      Path
--------------------------------------------------------------------------------
clock virtual_io_clock (rise edge)                               0.000     0.000
clock source latency                                             0.000     0.000
input external delay                                             0.000     0.000
pi51.inpad[0] (.input)                                           0.000     0.000
po23.in[0] (.names)                                              1.936     1.936
po23.out[0] (.names)                                             0.193     2.129
out:po23.outpad[0] (.output)                                     3.322     5.452
data arrival time                                                          5.452

clock virtual_io_clock (rise edge)                               0.000     0.000
clock source latency                                             0.000     0.000
clock uncertainty                                                0.000     0.000
output external delay                                            0.000     0.000
data required time                                                         0.000
--------------------------------------------------------------------------------
data required time                                                        -0.000
data arrival time                                                          5.452
--------------------------------------------------------------------------------
slack (MET)                                                                5.452


#Path 15
Startpoint: pi09.inpad[0] (.input clocked by virtual_io_clock)
Endpoint  : out:po04.outpad[0] (.output clocked by virtual_io_clock)
Path Type : hold

Point                                                             Incr      Path
--------------------------------------------------------------------------------
clock virtual_io_clock (rise edge)                               0.000     0.000
clock source latency                                             0.000     0.000
input external delay                                             0.000     0.000
pi09.inpad[0] (.input)                                           0.000     0.000
po04.in[2] (.names)                                              1.820     1.820
po04.out[0] (.names)                                             0.193     2.013
out:po04.outpad[0] (.output)                                     3.461     5.474
data arrival time                                                          5.474

clock virtual_io_clock (rise edge)                               0.000     0.000
clock source latency                                             0.000     0.000
clock uncertainty                                                0.000     0.000
output external delay                                            0.000     0.000
data required time                                                         0.000
--------------------------------------------------------------------------------
data required time                                                        -0.000
data arrival time                                                          5.474
--------------------------------------------------------------------------------
slack (MET)                                                                5.474


#Path 16
Startpoint: pi01.inpad[0] (.input clocked by virtual_io_clock)
Endpoint  : out:po00.outpad[0] (.output clocked by virtual_io_clock)
Path Type : hold

Point                                                             Incr      Path
--------------------------------------------------------------------------------
clock virtual_io_clock (rise edge)                               0.000     0.000
clock source latency                                             0.000     0.000
input external delay                                             0.000     0.000
pi01.inpad[0] (.input)                                           0.000     0.000
po00.in[1] (.names)                                              1.832     1.832
po00.out[0] (.names)                                             0.193     2.025
out:po00.outpad[0] (.output)                                     3.449     5.474
data arrival time                                                          5.474

clock virtual_io_clock (rise edge)                               0.000     0.000
clock source latency                                             0.000     0.000
clock uncertainty                                                0.000     0.000
output external delay                                            0.000     0.000
data required time                                                         0.000
--------------------------------------------------------------------------------
data required time                                                        -0.000
data arrival time                                                          5.474
--------------------------------------------------------------------------------
slack (MET)                                                                5.474


#Path 17
Startpoint: pi04.inpad[0] (.input clocked by virtual_io_clock)
Endpoint  : out:po08.outpad[0] (.output clocked by virtual_io_clock)
Path Type : hold

Point                                                             Incr      Path
--------------------------------------------------------------------------------
clock virtual_io_clock (rise edge)                               0.000     0.000
clock source latency                                             0.000     0.000
input external delay                                             0.000     0.000
pi04.inpad[0] (.input)                                           0.000     0.000
po08.in[1] (.names)                                              1.821     1.821
po08.out[0] (.names)                                             0.193     2.014
out:po08.outpad[0] (.output)                                     3.464     5.479
data arrival time                                                          5.479

clock virtual_io_clock (rise edge)                               0.000     0.000
clock source latency                                             0.000     0.000
clock uncertainty                                                0.000     0.000
output external delay                                            0.000     0.000
data required time                                                         0.000
--------------------------------------------------------------------------------
data required time                                                        -0.000
data arrival time                                                          5.479
--------------------------------------------------------------------------------
slack (MET)                                                                5.479


#Path 18
Startpoint: pi04.inpad[0] (.input clocked by virtual_io_clock)
Endpoint  : out:po02.outpad[0] (.output clocked by virtual_io_clock)
Path Type : hold

Point                                                             Incr      Path
--------------------------------------------------------------------------------
clock virtual_io_clock (rise edge)                               0.000     0.000
clock source latency                                             0.000     0.000
input external delay                                             0.000     0.000
pi04.inpad[0] (.input)                                           0.000     0.000
po02.in[2] (.names)                                              1.821     1.821
po02.out[0] (.names)                                             0.193     2.014
out:po02.outpad[0] (.output)                                     3.469     5.483
data arrival time                                                          5.483

clock virtual_io_clock (rise edge)                               0.000     0.000
clock source latency                                             0.000     0.000
clock uncertainty                                                0.000     0.000
output external delay                                            0.000     0.000
data required time                                                         0.000
--------------------------------------------------------------------------------
data required time                                                        -0.000
data arrival time                                                          5.483
--------------------------------------------------------------------------------
slack (MET)                                                                5.483


#Path 19
Startpoint: pi27.inpad[0] (.input clocked by virtual_io_clock)
Endpoint  : out:po20.outpad[0] (.output clocked by virtual_io_clock)
Path Type : hold

Point                                                             Incr      Path
--------------------------------------------------------------------------------
clock virtual_io_clock (rise edge)                               0.000     0.000
clock source latency                                             0.000     0.000
input external delay                                             0.000     0.000
pi27.inpad[0] (.input)                                           0.000     0.000
po20.in[1] (.names)                                              1.839     1.839
po20.out[0] (.names)                                             0.193     2.032
out:po20.outpad[0] (.output)                                     3.456     5.489
data arrival time                                                          5.489

clock virtual_io_clock (rise edge)                               0.000     0.000
clock source latency                                             0.000     0.000
clock uncertainty                                                0.000     0.000
output external delay                                            0.000     0.000
data required time                                                         0.000
--------------------------------------------------------------------------------
data required time                                                        -0.000
data arrival time                                                          5.489
--------------------------------------------------------------------------------
slack (MET)                                                                5.489


#Path 20
Startpoint: pi48.inpad[0] (.input clocked by virtual_io_clock)
Endpoint  : out:po17.outpad[0] (.output clocked by virtual_io_clock)
Path Type : hold

Point                                                             Incr      Path
--------------------------------------------------------------------------------
clock virtual_io_clock (rise edge)                               0.000     0.000
clock source latency                                             0.000     0.000
input external delay                                             0.000     0.000
pi48.inpad[0] (.input)                                           0.000     0.000
po17.in[1] (.names)                                              1.926     1.926
po17.out[0] (.names)                                             0.193     2.119
out:po17.outpad[0] (.output)                                     3.431     5.550
data arrival time                                                          5.550

clock virtual_io_clock (rise edge)                               0.000     0.000
clock source latency                                             0.000     0.000
clock uncertainty                                                0.000     0.000
output external delay                                            0.000     0.000
data required time                                                         0.000
--------------------------------------------------------------------------------
data required time                                                        -0.000
data arrival time                                                          5.550
--------------------------------------------------------------------------------
slack (MET)                                                                5.550


#Path 21
Startpoint: pi31.inpad[0] (.input clocked by virtual_io_clock)
Endpoint  : out:po21.outpad[0] (.output clocked by virtual_io_clock)
Path Type : hold

Point                                                             Incr      Path
--------------------------------------------------------------------------------
clock virtual_io_clock (rise edge)                               0.000     0.000
clock source latency                                             0.000     0.000
input external delay                                             0.000     0.000
pi31.inpad[0] (.input)                                           0.000     0.000
po21.in[1] (.names)                                              1.928     1.928
po21.out[0] (.names)                                             0.193     2.121
out:po21.outpad[0] (.output)                                     3.431     5.552
data arrival time                                                          5.552

clock virtual_io_clock (rise edge)                               0.000     0.000
clock source latency                                             0.000     0.000
clock uncertainty                                                0.000     0.000
output external delay                                            0.000     0.000
data required time                                                         0.000
--------------------------------------------------------------------------------
data required time                                                        -0.000
data arrival time                                                          5.552
--------------------------------------------------------------------------------
slack (MET)                                                                5.552


#Path 22
Startpoint: pi16.inpad[0] (.input clocked by virtual_io_clock)
Endpoint  : out:po11.outpad[0] (.output clocked by virtual_io_clock)
Path Type : hold

Point                                                             Incr      Path
--------------------------------------------------------------------------------
clock virtual_io_clock (rise edge)                               0.000     0.000
clock source latency                                             0.000     0.000
input external delay                                             0.000     0.000
pi16.inpad[0] (.input)                                           0.000     0.000
po11.in[2] (.names)                                              1.830     1.830
po11.out[0] (.names)                                             0.193     2.023
out:po11.outpad[0] (.output)                                     3.546     5.569
data arrival time                                                          5.569

clock virtual_io_clock (rise edge)                               0.000     0.000
clock source latency                                             0.000     0.000
clock uncertainty                                                0.000     0.000
output external delay                                            0.000     0.000
data required time                                                         0.000
--------------------------------------------------------------------------------
data required time                                                        -0.000
data arrival time                                                          5.569
--------------------------------------------------------------------------------
slack (MET)                                                                5.569


#Path 23
Startpoint: pi44.inpad[0] (.input clocked by virtual_io_clock)
Endpoint  : out:po22.outpad[0] (.output clocked by virtual_io_clock)
Path Type : hold

Point                                                             Incr      Path
--------------------------------------------------------------------------------
clock virtual_io_clock (rise edge)                               0.000     0.000
clock source latency                                             0.000     0.000
input external delay                                             0.000     0.000
pi44.inpad[0] (.input)                                           0.000     0.000
po22.in[3] (.names)                                              1.927     1.927
po22.out[0] (.names)                                             0.193     2.120
out:po22.outpad[0] (.output)                                     3.450     5.570
data arrival time                                                          5.570

clock virtual_io_clock (rise edge)                               0.000     0.000
clock source latency                                             0.000     0.000
clock uncertainty                                                0.000     0.000
output external delay                                            0.000     0.000
data required time                                                         0.000
--------------------------------------------------------------------------------
data required time                                                        -0.000
data arrival time                                                          5.570
--------------------------------------------------------------------------------
slack (MET)                                                                5.570


#Path 24
Startpoint: pi34.inpad[0] (.input clocked by virtual_io_clock)
Endpoint  : out:po16.outpad[0] (.output clocked by virtual_io_clock)
Path Type : hold

Point                                                             Incr      Path
--------------------------------------------------------------------------------
clock virtual_io_clock (rise edge)                               0.000     0.000
clock source latency                                             0.000     0.000
input external delay                                             0.000     0.000
pi34.inpad[0] (.input)                                           0.000     0.000
po16.in[5] (.names)                                              1.929     1.929
po16.out[0] (.names)                                             0.193     2.122
out:po16.outpad[0] (.output)                                     3.452     5.573
data arrival time                                                          5.573

clock virtual_io_clock (rise edge)                               0.000     0.000
clock source latency                                             0.000     0.000
clock uncertainty                                                0.000     0.000
output external delay                                            0.000     0.000
data required time                                                         0.000
--------------------------------------------------------------------------------
data required time                                                        -0.000
data arrival time                                                          5.573
--------------------------------------------------------------------------------
slack (MET)                                                                5.573


#Path 25
Startpoint: pi12.inpad[0] (.input clocked by virtual_io_clock)
Endpoint  : out:po13.outpad[0] (.output clocked by virtual_io_clock)
Path Type : hold

Point                                                             Incr      Path
--------------------------------------------------------------------------------
clock virtual_io_clock (rise edge)                               0.000     0.000
clock source latency                                             0.000     0.000
input external delay                                             0.000     0.000
pi12.inpad[0] (.input)                                           0.000     0.000
po13.in[1] (.names)                                              1.797     1.797
po13.out[0] (.names)                                             0.193     1.990
out:po13.outpad[0] (.output)                                     3.590     5.580
data arrival time                                                          5.580

clock virtual_io_clock (rise edge)                               0.000     0.000
clock source latency                                             0.000     0.000
clock uncertainty                                                0.000     0.000
output external delay                                            0.000     0.000
data required time                                                         0.000
--------------------------------------------------------------------------------
data required time                                                        -0.000
data arrival time                                                          5.580
--------------------------------------------------------------------------------
slack (MET)                                                                5.580


#Path 26
Startpoint: pi18.inpad[0] (.input clocked by virtual_io_clock)
Endpoint  : out:po12.outpad[0] (.output clocked by virtual_io_clock)
Path Type : hold

Point                                                             Incr      Path
--------------------------------------------------------------------------------
clock virtual_io_clock (rise edge)                               0.000     0.000
clock source latency                                             0.000     0.000
input external delay                                             0.000     0.000
pi18.inpad[0] (.input)                                           0.000     0.000
po12.in[2] (.names)                                              1.922     1.922
po12.out[0] (.names)                                             0.193     2.115
out:po12.outpad[0] (.output)                                     3.480     5.595
data arrival time                                                          5.595

clock virtual_io_clock (rise edge)                               0.000     0.000
clock source latency                                             0.000     0.000
clock uncertainty                                                0.000     0.000
output external delay                                            0.000     0.000
data required time                                                         0.000
--------------------------------------------------------------------------------
data required time                                                        -0.000
data arrival time                                                          5.595
--------------------------------------------------------------------------------
slack (MET)                                                                5.595


#End of timing report
