#Packing pin usage report
Type: io
	Input Pin Usage:
		Max: 1.00 (0.02)
		Avg: 0.51 (0.01)
		Min: 0.00 (0.00)
		Histogram:
		[        0:      5.5) 2424 (100.0%) |**********************************************
		[      5.5:       11)    0 (  0.0%) |
		[       11:       16)    0 (  0.0%) |
		[       16:       22)    0 (  0.0%) |
		[       22:       28)    0 (  0.0%) |
		[       28:       33)    0 (  0.0%) |
		[       33:       38)    0 (  0.0%) |
		[       38:       44)    0 (  0.0%) |
		[       44:       50)    0 (  0.0%) |
		[       50:       55)    0 (  0.0%) |
	Output Pin Usage:
		Max: 1.00 (0.03)
		Avg: 0.49 (0.01)
		Min: 0.00 (0.00)
		Histogram:
		[        0:        4) 2424 (100.0%) |**********************************************
		[        4:        8)    0 (  0.0%) |
		[        8:       12)    0 (  0.0%) |
		[       12:       16)    0 (  0.0%) |
		[       16:       20)    0 (  0.0%) |
		[       20:       24)    0 (  0.0%) |
		[       24:       28)    0 (  0.0%) |
		[       28:       32)    0 (  0.0%) |
		[       32:       36)    0 (  0.0%) |
		[       36:       40)    0 (  0.0%) |

Type: LAB
	Input Pin Usage:
		Max: 54.00 (0.59)
		Avg: 37.24 (0.41)
		Min: 0.00 (0.00)
		Histogram:
		[        0:      9.1)  18 (  7.1%) |*******
		[      9.1:       18)  14 (  5.6%) |*****
		[       18:       27)  10 (  4.0%) |****
		[       27:       36)  30 ( 11.9%) |************
		[       36:       46) 121 ( 48.0%) |***********************************************
		[       46:       55)  59 ( 23.4%) |***********************
		[       55:       64)   0 (  0.0%) |
		[       64:       73)   0 (  0.0%) |
		[       73:       82)   0 (  0.0%) |
		[       82:       91)   0 (  0.0%) |
	Output Pin Usage:
		Max: 20.00 (0.48)
		Avg: 9.46 (0.23)
		Min: 1.00 (0.02)
		Histogram:
		[        0:      4.2) 56 ( 22.2%) |******************************************
		[      4.2:      8.4) 54 ( 21.4%) |*****************************************
		[      8.4:       13) 64 ( 25.4%) |************************************************
		[       13:       17) 57 ( 22.6%) |*******************************************
		[       17:       21) 21 (  8.3%) |****************
		[       21:       25)  0 (  0.0%) |
		[       25:       29)  0 (  0.0%) |
		[       29:       34)  0 (  0.0%) |
		[       34:       38)  0 (  0.0%) |
		[       38:       42)  0 (  0.0%) |

