#Packing pin usage report
Type: LAB
	Input Pin Usage:
		Max: 48.00 (0.71)
		Avg: 26.27 (0.39)
		Min: 13.00 (0.19)
		Histogram:
		[        0:      6.8)  0 (  0.0%) |
		[      6.8:       14)  2 (  2.4%) |**
		[       14:       20) 14 ( 16.9%) |*************
		[       20:       27) 50 ( 60.2%) |************************************************
		[       27:       34)  7 (  8.4%) |*******
		[       34:       41)  1 (  1.2%) |*
		[       41:       48)  1 (  1.2%) |*
		[       48:       54)  8 (  9.6%) |********
		[       54:       61)  0 (  0.0%) |
		[       61:       68)  0 (  0.0%) |
	Output Pin Usage:
		Max: 10.00 (0.24)
		Avg: 9.82 (0.24)
		Min: 8.00 (0.20)
		Histogram:
		[        0:      4.1)  0 (  0.0%) |
		[      4.1:      8.2)  7 (  8.4%) |****
		[      8.2:       12) 76 ( 91.6%) |************************************************
		[       12:       16)  0 (  0.0%) |
		[       16:       20)  0 (  0.0%) |
		[       20:       25)  0 (  0.0%) |
		[       25:       29)  0 (  0.0%) |
		[       29:       33)  0 (  0.0%) |
		[       33:       37)  0 (  0.0%) |
		[       37:       41)  0 (  0.0%) |

Type: io_cell
	Input Pin Usage:
		Max: 1.00 (0.03)
		Avg: 0.20 (0.01)
		Min: 0.00 (0.00)
		Histogram:
		[        0:      3.7) 642 (100.0%) |***********************************************
		[      3.7:      7.4)   0 (  0.0%) |
		[      7.4:       11)   0 (  0.0%) |
		[       11:       15)   0 (  0.0%) |
		[       15:       18)   0 (  0.0%) |
		[       18:       22)   0 (  0.0%) |
		[       22:       26)   0 (  0.0%) |
		[       26:       30)   0 (  0.0%) |
		[       30:       33)   0 (  0.0%) |
		[       33:       37)   0 (  0.0%) |
	Output Pin Usage:
		Max: 1.00 (0.17)
		Avg: 0.80 (0.13)
		Min: 0.00 (0.00)
		Histogram:
		[        0:      0.6) 130 ( 20.2%) |************
		[      0.6:      1.2) 512 ( 79.8%) |***********************************************
		[      1.2:      1.8)   0 (  0.0%) |
		[      1.8:      2.4)   0 (  0.0%) |
		[      2.4:        3)   0 (  0.0%) |
		[        3:      3.6)   0 (  0.0%) |
		[      3.6:      4.2)   0 (  0.0%) |
		[      4.2:      4.8)   0 (  0.0%) |
		[      4.8:      5.4)   0 (  0.0%) |
		[      5.4:        6)   0 (  0.0%) |

