#Packing pin usage report
Type: io
	Input Pin Usage:
		Max: 1.00 (0.02)
		Avg: 0.97 (0.02)
		Min: 0.00 (0.00)
		Histogram:
		[        0:      5.5) 264 (100.0%) |***********************************************
		[      5.5:       11)   0 (  0.0%) |
		[       11:       16)   0 (  0.0%) |
		[       16:       22)   0 (  0.0%) |
		[       22:       28)   0 (  0.0%) |
		[       28:       33)   0 (  0.0%) |
		[       33:       38)   0 (  0.0%) |
		[       38:       44)   0 (  0.0%) |
		[       44:       50)   0 (  0.0%) |
		[       50:       55)   0 (  0.0%) |
	Output Pin Usage:
		Max: 1.00 (0.03)
		Avg: 0.03 (0.00)
		Min: 0.00 (0.00)
		Histogram:
		[        0:        4) 264 (100.0%) |***********************************************
		[        4:        8)   0 (  0.0%) |
		[        8:       12)   0 (  0.0%) |
		[       12:       16)   0 (  0.0%) |
		[       16:       20)   0 (  0.0%) |
		[       20:       24)   0 (  0.0%) |
		[       24:       28)   0 (  0.0%) |
		[       28:       32)   0 (  0.0%) |
		[       32:       36)   0 (  0.0%) |
		[       36:       40)   0 (  0.0%) |

Type: LAB
	Input Pin Usage:
		Max: 23.00 (0.25)
		Avg: 14.65 (0.16)
		Min: 2.00 (0.02)
		Histogram:
		[        0:      9.1) 4 ( 23.5%) |****************************
		[      9.1:       18) 6 ( 35.3%) |******************************************
		[       18:       27) 7 ( 41.2%) |*************************************************
		[       27:       36) 0 (  0.0%) |
		[       36:       46) 0 (  0.0%) |
		[       46:       55) 0 (  0.0%) |
		[       55:       64) 0 (  0.0%) |
		[       64:       73) 0 (  0.0%) |
		[       73:       82) 0 (  0.0%) |
		[       82:       91) 0 (  0.0%) |
	Output Pin Usage:
		Max: 20.00 (0.48)
		Avg: 16.47 (0.39)
		Min: 1.00 (0.02)
		Histogram:
		[        0:      4.2)  3 ( 17.6%) |**********
		[      4.2:      8.4)  0 (  0.0%) |
		[      8.4:       13)  0 (  0.0%) |
		[       13:       17)  0 (  0.0%) |
		[       17:       21) 14 ( 82.4%) |************************************************
		[       21:       25)  0 (  0.0%) |
		[       25:       29)  0 (  0.0%) |
		[       29:       34)  0 (  0.0%) |
		[       34:       38)  0 (  0.0%) |
		[       38:       42)  0 (  0.0%) |

