#Timing report of worst 25 path(s)
# Unit scale: 1e-09 seconds
# Output precision: 3

#Path 1
Startpoint: opcode[1].inpad[0] (.input clocked by virtual_io_clock)
Endpoint  : out:sel_reg_dst[1].outpad[0] (.output clocked by virtual_io_clock)
Path Type : hold

Point                                                             Incr      Path
--------------------------------------------------------------------------------
clock virtual_io_clock (rise edge)                               0.000     0.000
clock source latency                                             0.000     0.000
input external delay                                             0.000     0.000
opcode[1].inpad[0] (.input)                                      0.000     0.000
sel_reg_dst[1].in[2] (.names)                                    1.556     1.556
sel_reg_dst[1].out[0] (.names)                                   0.193     1.749
out:sel_reg_dst[1].outpad[0] (.output)                           3.038     4.787
data arrival time                                                          4.787

clock virtual_io_clock (rise edge)                               0.000     0.000
clock source latency                                             0.000     0.000
clock uncertainty                                                0.000     0.000
output external delay                                            0.000     0.000
data required time                                                         0.000
--------------------------------------------------------------------------------
data required time                                                        -0.000
data arrival time                                                          4.787
--------------------------------------------------------------------------------
slack (MET)                                                                4.787


#Path 2
Startpoint: opcode[0].inpad[0] (.input clocked by virtual_io_clock)
Endpoint  : out:beqz.outpad[0] (.output clocked by virtual_io_clock)
Path Type : hold

Point                                                             Incr      Path
--------------------------------------------------------------------------------
clock virtual_io_clock (rise edge)                               0.000     0.000
clock source latency                                             0.000     0.000
input external delay                                             0.000     0.000
opcode[0].inpad[0] (.input)                                      0.000     0.000
beqz.in[0] (.names)                                              1.640     1.640
beqz.out[0] (.names)                                             0.193     1.833
out:beqz.outpad[0] (.output)                                     3.037     4.870
data arrival time                                                          4.870

clock virtual_io_clock (rise edge)                               0.000     0.000
clock source latency                                             0.000     0.000
clock uncertainty                                                0.000     0.000
output external delay                                            0.000     0.000
data required time                                                         0.000
--------------------------------------------------------------------------------
data required time                                                        -0.000
data arrival time                                                          4.870
--------------------------------------------------------------------------------
slack (MET)                                                                4.870


#Path 3
Startpoint: opcode[1].inpad[0] (.input clocked by virtual_io_clock)
Endpoint  : out:alu_op[1].outpad[0] (.output clocked by virtual_io_clock)
Path Type : hold

Point                                                             Incr      Path
--------------------------------------------------------------------------------
clock virtual_io_clock (rise edge)                               0.000     0.000
clock source latency                                             0.000     0.000
input external delay                                             0.000     0.000
opcode[1].inpad[0] (.input)                                      0.000     0.000
alu_op[1].in[4] (.names)                                         1.556     1.556
alu_op[1].out[0] (.names)                                        0.193     1.749
out:alu_op[1].outpad[0] (.output)                                3.132     4.881
data arrival time                                                          4.881

clock virtual_io_clock (rise edge)                               0.000     0.000
clock source latency                                             0.000     0.000
clock uncertainty                                                0.000     0.000
output external delay                                            0.000     0.000
data required time                                                         0.000
--------------------------------------------------------------------------------
data required time                                                        -0.000
data arrival time                                                          4.881
--------------------------------------------------------------------------------
slack (MET)                                                                4.881


#Path 4
Startpoint: opcode[3].inpad[0] (.input clocked by virtual_io_clock)
Endpoint  : out:sel_pc_opB.outpad[0] (.output clocked by virtual_io_clock)
Path Type : hold

Point                                                             Incr      Path
--------------------------------------------------------------------------------
clock virtual_io_clock (rise edge)                               0.000     0.000
clock source latency                                             0.000     0.000
input external delay                                             0.000     0.000
opcode[3].inpad[0] (.input)                                      0.000     0.000
sel_pc_opB.in[1] (.names)                                        1.567     1.567
sel_pc_opB.out[0] (.names)                                       0.193     1.760
out:sel_pc_opB.outpad[0] (.output)                               3.122     4.882
data arrival time                                                          4.882

clock virtual_io_clock (rise edge)                               0.000     0.000
clock source latency                                             0.000     0.000
clock uncertainty                                                0.000     0.000
output external delay                                            0.000     0.000
data required time                                                         0.000
--------------------------------------------------------------------------------
data required time                                                        -0.000
data arrival time                                                          4.882
--------------------------------------------------------------------------------
slack (MET)                                                                4.882


#Path 5
Startpoint: opcode[1].inpad[0] (.input clocked by virtual_io_clock)
Endpoint  : out:invB.outpad[0] (.output clocked by virtual_io_clock)
Path Type : hold

Point                                                             Incr      Path
--------------------------------------------------------------------------------
clock virtual_io_clock (rise edge)                               0.000     0.000
clock source latency                                             0.000     0.000
input external delay                                             0.000     0.000
opcode[1].inpad[0] (.input)                                      0.000     0.000
invB.in[2] (.names)                                              1.556     1.556
invB.out[0] (.names)                                             0.193     1.749
out:invB.outpad[0] (.output)                                     3.138     4.887
data arrival time                                                          4.887

clock virtual_io_clock (rise edge)                               0.000     0.000
clock source latency                                             0.000     0.000
clock uncertainty                                                0.000     0.000
output external delay                                            0.000     0.000
data required time                                                         0.000
--------------------------------------------------------------------------------
data required time                                                        -0.000
data arrival time                                                          4.887
--------------------------------------------------------------------------------
slack (MET)                                                                4.887


#Path 6
Startpoint: opcode[3].inpad[0] (.input clocked by virtual_io_clock)
Endpoint  : out:jump.outpad[0] (.output clocked by virtual_io_clock)
Path Type : hold

Point                                                             Incr      Path
--------------------------------------------------------------------------------
clock virtual_io_clock (rise edge)                               0.000     0.000
clock source latency                                             0.000     0.000
input external delay                                             0.000     0.000
opcode[3].inpad[0] (.input)                                      0.000     0.000
jump.in[0] (.names)                                              1.567     1.567
jump.out[0] (.names)                                             0.193     1.760
out:jump.outpad[0] (.output)                                     3.167     4.927
data arrival time                                                          4.927

clock virtual_io_clock (rise edge)                               0.000     0.000
clock source latency                                             0.000     0.000
clock uncertainty                                                0.000     0.000
output external delay                                            0.000     0.000
data required time                                                         0.000
--------------------------------------------------------------------------------
data required time                                                        -0.000
data arrival time                                                          4.927
--------------------------------------------------------------------------------
slack (MET)                                                                4.927


#Path 7
Startpoint: opcode[0].inpad[0] (.input clocked by virtual_io_clock)
Endpoint  : out:sel_wb.outpad[0] (.output clocked by virtual_io_clock)
Path Type : hold

Point                                                             Incr      Path
--------------------------------------------------------------------------------
clock virtual_io_clock (rise edge)                               0.000     0.000
clock source latency                                             0.000     0.000
input external delay                                             0.000     0.000
opcode[0].inpad[0] (.input)                                      0.000     0.000
sel_wb.in[3] (.names)                                            1.640     1.640
sel_wb.out[0] (.names)                                           0.193     1.833
out:sel_wb.outpad[0] (.output)                                   3.111     4.944
data arrival time                                                          4.944

clock virtual_io_clock (rise edge)                               0.000     0.000
clock source latency                                             0.000     0.000
clock uncertainty                                                0.000     0.000
output external delay                                            0.000     0.000
data required time                                                         0.000
--------------------------------------------------------------------------------
data required time                                                        -0.000
data arrival time                                                          4.944
--------------------------------------------------------------------------------
slack (MET)                                                                4.944


#Path 8
Startpoint: opcode[0].inpad[0] (.input clocked by virtual_io_clock)
Endpoint  : out:alu_op_ext[1].outpad[0] (.output clocked by virtual_io_clock)
Path Type : hold

Point                                                             Incr      Path
--------------------------------------------------------------------------------
clock virtual_io_clock (rise edge)                               0.000     0.000
clock source latency                                             0.000     0.000
input external delay                                             0.000     0.000
opcode[0].inpad[0] (.input)                                      0.000     0.000
alu_op_ext[1].in[0] (.names)                                     1.640     1.640
alu_op_ext[1].out[0] (.names)                                    0.193     1.833
out:alu_op_ext[1].outpad[0] (.output)                            3.129     4.962
data arrival time                                                          4.962

clock virtual_io_clock (rise edge)                               0.000     0.000
clock source latency                                             0.000     0.000
clock uncertainty                                                0.000     0.000
output external delay                                            0.000     0.000
data required time                                                         0.000
--------------------------------------------------------------------------------
data required time                                                        -0.000
data arrival time                                                          4.962
--------------------------------------------------------------------------------
slack (MET)                                                                4.962


#Path 9
Startpoint: opcode[0].inpad[0] (.input clocked by virtual_io_clock)
Endpoint  : out:reg_write.outpad[0] (.output clocked by virtual_io_clock)
Path Type : hold

Point                                                             Incr      Path
--------------------------------------------------------------------------------
clock virtual_io_clock (rise edge)                               0.000     0.000
clock source latency                                             0.000     0.000
input external delay                                             0.000     0.000
opcode[0].inpad[0] (.input)                                      0.000     0.000
reg_write.in[0] (.names)                                         1.640     1.640
reg_write.out[0] (.names)                                        0.193     1.833
out:reg_write.outpad[0] (.output)                                3.132     4.965
data arrival time                                                          4.965

clock virtual_io_clock (rise edge)                               0.000     0.000
clock source latency                                             0.000     0.000
clock uncertainty                                                0.000     0.000
output external delay                                            0.000     0.000
data required time                                                         0.000
--------------------------------------------------------------------------------
data required time                                                        -0.000
data arrival time                                                          4.965
--------------------------------------------------------------------------------
slack (MET)                                                                4.965


#Path 10
Startpoint: opcode[1].inpad[0] (.input clocked by virtual_io_clock)
Endpoint  : out:sel_reg_dst[0].outpad[0] (.output clocked by virtual_io_clock)
Path Type : hold

Point                                                             Incr      Path
--------------------------------------------------------------------------------
clock virtual_io_clock (rise edge)                               0.000     0.000
clock source latency                                             0.000     0.000
input external delay                                             0.000     0.000
opcode[1].inpad[0] (.input)                                      0.000     0.000
sel_reg_dst[0].in[1] (.names)                                    1.556     1.556
sel_reg_dst[0].out[0] (.names)                                   0.193     1.749
out:sel_reg_dst[0].outpad[0] (.output)                           3.250     4.999
data arrival time                                                          4.999

clock virtual_io_clock (rise edge)                               0.000     0.000
clock source latency                                             0.000     0.000
clock uncertainty                                                0.000     0.000
output external delay                                            0.000     0.000
data required time                                                         0.000
--------------------------------------------------------------------------------
data required time                                                        -0.000
data arrival time                                                          4.999
--------------------------------------------------------------------------------
slack (MET)                                                                4.999


#Path 11
Startpoint: opcode[0].inpad[0] (.input clocked by virtual_io_clock)
Endpoint  : out:alu_op_ext[3].outpad[0] (.output clocked by virtual_io_clock)
Path Type : hold

Point                                                             Incr      Path
--------------------------------------------------------------------------------
clock virtual_io_clock (rise edge)                               0.000     0.000
clock source latency                                             0.000     0.000
input external delay                                             0.000     0.000
opcode[0].inpad[0] (.input)                                      0.000     0.000
alu_op_ext[3].in[0] (.names)                                     1.640     1.640
alu_op_ext[3].out[0] (.names)                                    0.193     1.833
out:alu_op_ext[3].outpad[0] (.output)                            3.170     5.003
data arrival time                                                          5.003

clock virtual_io_clock (rise edge)                               0.000     0.000
clock source latency                                             0.000     0.000
clock uncertainty                                                0.000     0.000
output external delay                                            0.000     0.000
data required time                                                         0.000
--------------------------------------------------------------------------------
data required time                                                        -0.000
data arrival time                                                          5.003
--------------------------------------------------------------------------------
slack (MET)                                                                5.003


#Path 12
Startpoint: opcode[0].inpad[0] (.input clocked by virtual_io_clock)
Endpoint  : out:Cin.outpad[0] (.output clocked by virtual_io_clock)
Path Type : hold

Point                                                             Incr      Path
--------------------------------------------------------------------------------
clock virtual_io_clock (rise edge)                               0.000     0.000
clock source latency                                             0.000     0.000
input external delay                                             0.000     0.000
opcode[0].inpad[0] (.input)                                      0.000     0.000
Cin.in[3] (.names)                                               1.640     1.640
Cin.out[0] (.names)                                              0.193     1.833
out:Cin.outpad[0] (.output)                                      3.173     5.006
data arrival time                                                          5.006

clock virtual_io_clock (rise edge)                               0.000     0.000
clock source latency                                             0.000     0.000
clock uncertainty                                                0.000     0.000
output external delay                                            0.000     0.000
data required time                                                         0.000
--------------------------------------------------------------------------------
data required time                                                        -0.000
data arrival time                                                          5.006
--------------------------------------------------------------------------------
slack (MET)                                                                5.006


#Path 13
Startpoint: opcode[0].inpad[0] (.input clocked by virtual_io_clock)
Endpoint  : out:alu_op[2].outpad[0] (.output clocked by virtual_io_clock)
Path Type : hold

Point                                                             Incr      Path
--------------------------------------------------------------------------------
clock virtual_io_clock (rise edge)                               0.000     0.000
clock source latency                                             0.000     0.000
input external delay                                             0.000     0.000
opcode[0].inpad[0] (.input)                                      0.000     0.000
alu_op[2].in[0] (.names)                                         1.640     1.640
alu_op[2].out[0] (.names)                                        0.193     1.833
out:alu_op[2].outpad[0] (.output)                                3.182     5.015
data arrival time                                                          5.015

clock virtual_io_clock (rise edge)                               0.000     0.000
clock source latency                                             0.000     0.000
clock uncertainty                                                0.000     0.000
output external delay                                            0.000     0.000
data required time                                                         0.000
--------------------------------------------------------------------------------
data required time                                                        -0.000
data arrival time                                                          5.015
--------------------------------------------------------------------------------
slack (MET)                                                                5.015


#Path 14
Startpoint: opcode[0].inpad[0] (.input clocked by virtual_io_clock)
Endpoint  : out:alu_op_ext[0].outpad[0] (.output clocked by virtual_io_clock)
Path Type : hold

Point                                                             Incr      Path
--------------------------------------------------------------------------------
clock virtual_io_clock (rise edge)                               0.000     0.000
clock source latency                                             0.000     0.000
input external delay                                             0.000     0.000
opcode[0].inpad[0] (.input)                                      0.000     0.000
alu_op_ext[0].in[0] (.names)                                     1.640     1.640
alu_op_ext[0].out[0] (.names)                                    0.193     1.833
out:alu_op_ext[0].outpad[0] (.output)                            3.199     5.032
data arrival time                                                          5.032

clock virtual_io_clock (rise edge)                               0.000     0.000
clock source latency                                             0.000     0.000
clock uncertainty                                                0.000     0.000
output external delay                                            0.000     0.000
data required time                                                         0.000
--------------------------------------------------------------------------------
data required time                                                        -0.000
data arrival time                                                          5.032
--------------------------------------------------------------------------------
slack (MET)                                                                5.032


#Path 15
Startpoint: opcode[3].inpad[0] (.input clocked by virtual_io_clock)
Endpoint  : out:sel_pc_opA.outpad[0] (.output clocked by virtual_io_clock)
Path Type : hold

Point                                                             Incr      Path
--------------------------------------------------------------------------------
clock virtual_io_clock (rise edge)                               0.000     0.000
clock source latency                                             0.000     0.000
input external delay                                             0.000     0.000
opcode[3].inpad[0] (.input)                                      0.000     0.000
sel_pc_opA.in[0] (.names)                                        1.567     1.567
sel_pc_opA.out[0] (.names)                                       0.193     1.760
out:sel_pc_opA.outpad[0] (.output)                               3.273     5.033
data arrival time                                                          5.033

clock virtual_io_clock (rise edge)                               0.000     0.000
clock source latency                                             0.000     0.000
clock uncertainty                                                0.000     0.000
output external delay                                            0.000     0.000
data required time                                                         0.000
--------------------------------------------------------------------------------
data required time                                                        -0.000
data arrival time                                                          5.033
--------------------------------------------------------------------------------
slack (MET)                                                                5.033


#Path 16
Startpoint: opcode[0].inpad[0] (.input clocked by virtual_io_clock)
Endpoint  : out:sel_alu_opB[1].outpad[0] (.output clocked by virtual_io_clock)
Path Type : hold

Point                                                             Incr      Path
--------------------------------------------------------------------------------
clock virtual_io_clock (rise edge)                               0.000     0.000
clock source latency                                             0.000     0.000
input external delay                                             0.000     0.000
opcode[0].inpad[0] (.input)                                      0.000     0.000
sel_alu_opB[1].in[0] (.names)                                    1.640     1.640
sel_alu_opB[1].out[0] (.names)                                   0.193     1.833
out:sel_alu_opB[1].outpad[0] (.output)                           3.202     5.035
data arrival time                                                          5.035

clock virtual_io_clock (rise edge)                               0.000     0.000
clock source latency                                             0.000     0.000
clock uncertainty                                                0.000     0.000
output external delay                                            0.000     0.000
data required time                                                         0.000
--------------------------------------------------------------------------------
data required time                                                        -0.000
data arrival time                                                          5.035
--------------------------------------------------------------------------------
slack (MET)                                                                5.035


#Path 17
Startpoint: opcode[0].inpad[0] (.input clocked by virtual_io_clock)
Endpoint  : out:halt.outpad[0] (.output clocked by virtual_io_clock)
Path Type : hold

Point                                                             Incr      Path
--------------------------------------------------------------------------------
clock virtual_io_clock (rise edge)                               0.000     0.000
clock source latency                                             0.000     0.000
input external delay                                             0.000     0.000
opcode[0].inpad[0] (.input)                                      0.000     0.000
halt.in[0] (.names)                                              1.640     1.640
halt.out[0] (.names)                                             0.193     1.833
out:halt.outpad[0] (.output)                                     3.219     5.052
data arrival time                                                          5.052

clock virtual_io_clock (rise edge)                               0.000     0.000
clock source latency                                             0.000     0.000
clock uncertainty                                                0.000     0.000
output external delay                                            0.000     0.000
data required time                                                         0.000
--------------------------------------------------------------------------------
data required time                                                        -0.000
data arrival time                                                          5.052
--------------------------------------------------------------------------------
slack (MET)                                                                5.052


#Path 18
Startpoint: opcode[0].inpad[0] (.input clocked by virtual_io_clock)
Endpoint  : out:mem_write.outpad[0] (.output clocked by virtual_io_clock)
Path Type : hold

Point                                                             Incr      Path
--------------------------------------------------------------------------------
clock virtual_io_clock (rise edge)                               0.000     0.000
clock source latency                                             0.000     0.000
input external delay                                             0.000     0.000
opcode[0].inpad[0] (.input)                                      0.000     0.000
mem_write.in[2] (.names)                                         1.640     1.640
mem_write.out[0] (.names)                                        0.193     1.833
out:mem_write.outpad[0] (.output)                                3.223     5.056
data arrival time                                                          5.056

clock virtual_io_clock (rise edge)                               0.000     0.000
clock source latency                                             0.000     0.000
clock uncertainty                                                0.000     0.000
output external delay                                            0.000     0.000
data required time                                                         0.000
--------------------------------------------------------------------------------
data required time                                                        -0.000
data arrival time                                                          5.056
--------------------------------------------------------------------------------
slack (MET)                                                                5.056


#Path 19
Startpoint: opcode[0].inpad[0] (.input clocked by virtual_io_clock)
Endpoint  : out:alu_op[0].outpad[0] (.output clocked by virtual_io_clock)
Path Type : hold

Point                                                             Incr      Path
--------------------------------------------------------------------------------
clock virtual_io_clock (rise edge)                               0.000     0.000
clock source latency                                             0.000     0.000
input external delay                                             0.000     0.000
opcode[0].inpad[0] (.input)                                      0.000     0.000
alu_op[0].in[1] (.names)                                         1.640     1.640
alu_op[0].out[0] (.names)                                        0.193     1.833
out:alu_op[0].outpad[0] (.output)                                3.244     5.077
data arrival time                                                          5.077

clock virtual_io_clock (rise edge)                               0.000     0.000
clock source latency                                             0.000     0.000
clock uncertainty                                                0.000     0.000
output external delay                                            0.000     0.000
data required time                                                         0.000
--------------------------------------------------------------------------------
data required time                                                        -0.000
data arrival time                                                          5.077
--------------------------------------------------------------------------------
slack (MET)                                                                5.077


#Path 20
Startpoint: opcode[0].inpad[0] (.input clocked by virtual_io_clock)
Endpoint  : out:alu_op_ext[2].outpad[0] (.output clocked by virtual_io_clock)
Path Type : hold

Point                                                             Incr      Path
--------------------------------------------------------------------------------
clock virtual_io_clock (rise edge)                               0.000     0.000
clock source latency                                             0.000     0.000
input external delay                                             0.000     0.000
opcode[0].inpad[0] (.input)                                      0.000     0.000
alu_op_ext[2].in[0] (.names)                                     1.640     1.640
alu_op_ext[2].out[0] (.names)                                    0.193     1.833
out:alu_op_ext[2].outpad[0] (.output)                            3.245     5.078
data arrival time                                                          5.078

clock virtual_io_clock (rise edge)                               0.000     0.000
clock source latency                                             0.000     0.000
clock uncertainty                                                0.000     0.000
output external delay                                            0.000     0.000
data required time                                                         0.000
--------------------------------------------------------------------------------
data required time                                                        -0.000
data arrival time                                                          5.078
--------------------------------------------------------------------------------
slack (MET)                                                                5.078


#Path 21
Startpoint: opcode[0].inpad[0] (.input clocked by virtual_io_clock)
Endpoint  : out:bltz.outpad[0] (.output clocked by virtual_io_clock)
Path Type : hold

Point                                                             Incr      Path
--------------------------------------------------------------------------------
clock virtual_io_clock (rise edge)                               0.000     0.000
clock source latency                                             0.000     0.000
input external delay                                             0.000     0.000
opcode[0].inpad[0] (.input)                                      0.000     0.000
bltz.in[0] (.names)                                              1.640     1.640
bltz.out[0] (.names)                                             0.193     1.833
out:bltz.outpad[0] (.output)                                     3.265     5.098
data arrival time                                                          5.098

clock virtual_io_clock (rise edge)                               0.000     0.000
clock source latency                                             0.000     0.000
clock uncertainty                                                0.000     0.000
output external delay                                            0.000     0.000
data required time                                                         0.000
--------------------------------------------------------------------------------
data required time                                                        -0.000
data arrival time                                                          5.098
--------------------------------------------------------------------------------
slack (MET)                                                                5.098


#Path 22
Startpoint: opcode[0].inpad[0] (.input clocked by virtual_io_clock)
Endpoint  : out:bnez.outpad[0] (.output clocked by virtual_io_clock)
Path Type : hold

Point                                                             Incr      Path
--------------------------------------------------------------------------------
clock virtual_io_clock (rise edge)                               0.000     0.000
clock source latency                                             0.000     0.000
input external delay                                             0.000     0.000
opcode[0].inpad[0] (.input)                                      0.000     0.000
bnez.in[4] (.names)                                              1.640     1.640
bnez.out[0] (.names)                                             0.193     1.833
out:bnez.outpad[0] (.output)                                     3.287     5.120
data arrival time                                                          5.120

clock virtual_io_clock (rise edge)                               0.000     0.000
clock source latency                                             0.000     0.000
clock uncertainty                                                0.000     0.000
output external delay                                            0.000     0.000
data required time                                                         0.000
--------------------------------------------------------------------------------
data required time                                                        -0.000
data arrival time                                                          5.120
--------------------------------------------------------------------------------
slack (MET)                                                                5.120


#Path 23
Startpoint: opcode[0].inpad[0] (.input clocked by virtual_io_clock)
Endpoint  : out:sel_alu_opB[0].outpad[0] (.output clocked by virtual_io_clock)
Path Type : hold

Point                                                             Incr      Path
--------------------------------------------------------------------------------
clock virtual_io_clock (rise edge)                               0.000     0.000
clock source latency                                             0.000     0.000
input external delay                                             0.000     0.000
opcode[0].inpad[0] (.input)                                      0.000     0.000
sel_alu_opB[0].in[0] (.names)                                    1.640     1.640
sel_alu_opB[0].out[0] (.names)                                   0.193     1.833
out:sel_alu_opB[0].outpad[0] (.output)                           3.295     5.128
data arrival time                                                          5.128

clock virtual_io_clock (rise edge)                               0.000     0.000
clock source latency                                             0.000     0.000
clock uncertainty                                                0.000     0.000
output external delay                                            0.000     0.000
data required time                                                         0.000
--------------------------------------------------------------------------------
data required time                                                        -0.000
data arrival time                                                          5.128
--------------------------------------------------------------------------------
slack (MET)                                                                5.128


#Path 24
Startpoint: opcode[2].inpad[0] (.input clocked by virtual_io_clock)
Endpoint  : out:invA.outpad[0] (.output clocked by virtual_io_clock)
Path Type : hold

Point                                                             Incr      Path
--------------------------------------------------------------------------------
clock virtual_io_clock (rise edge)                               0.000     0.000
clock source latency                                             0.000     0.000
input external delay                                             0.000     0.000
opcode[2].inpad[0] (.input)                                      0.000     0.000
invA.in[0] (.names)                                              1.835     1.835
invA.out[0] (.names)                                             0.193     2.028
out:invA.outpad[0] (.output)                                     3.120     5.148
data arrival time                                                          5.148

clock virtual_io_clock (rise edge)                               0.000     0.000
clock source latency                                             0.000     0.000
clock uncertainty                                                0.000     0.000
output external delay                                            0.000     0.000
data required time                                                         0.000
--------------------------------------------------------------------------------
data required time                                                        -0.000
data arrival time                                                          5.148
--------------------------------------------------------------------------------
slack (MET)                                                                5.148


#Path 25
Startpoint: opcode[0].inpad[0] (.input clocked by virtual_io_clock)
Endpoint  : out:bgez.outpad[0] (.output clocked by virtual_io_clock)
Path Type : hold

Point                                                             Incr      Path
--------------------------------------------------------------------------------
clock virtual_io_clock (rise edge)                               0.000     0.000
clock source latency                                             0.000     0.000
input external delay                                             0.000     0.000
opcode[0].inpad[0] (.input)                                      0.000     0.000
bgez.in[4] (.names)                                              1.640     1.640
bgez.out[0] (.names)                                             0.193     1.833
out:bgez.outpad[0] (.output)                                     3.329     5.162
data arrival time                                                          5.162

clock virtual_io_clock (rise edge)                               0.000     0.000
clock source latency                                             0.000     0.000
clock uncertainty                                                0.000     0.000
output external delay                                            0.000     0.000
data required time                                                         0.000
--------------------------------------------------------------------------------
data required time                                                        -0.000
data arrival time                                                          5.162
--------------------------------------------------------------------------------
slack (MET)                                                                5.162


#End of timing report
