VPR FPGA Placement and Routing.
Version: 8.1.0-dev+unkown
Revision: unkown
Compiled: 2025-02-16T14:22:44
Compiler: GNU 11.4.0 on Linux-6.8.0-47-generic x86_64
Build Info: release IPO VTR_ASSERT_LEVEL=2

University of Toronto
verilogtorouting.org
vtr-users@googlegroups.com
This is free open source code under MIT license.

VPR was run with the following command-line:
vpr /home/xiaokewan/Software/vtr-verilog-to-routing-master/vtr_flow/arch/titan/stratixiv_arch.timing.xml /media/xiaokewan/TOSHIBA/Code_phd/mockturtle/experiments/benchmarks/blif_folder/ctrl.blif --route_chan_width 250

Using up to 1 parallel worker(s)

Architecture file: /home/xiaokewan/Software/vtr-verilog-to-routing-master/vtr_flow/arch/titan/stratixiv_arch.timing.xml
Circuit name: ctrl

# Loading Architecture Description
# Loading Architecture Description took 0.37 seconds (max_rss 80.1 MiB, delta_rss +64.9 MiB)

Timing analysis: ON
Circuit netlist file: ctrl.net
Circuit placement file: ctrl.place
Circuit routing file: ctrl.route
Circuit SDC file: ctrl.sdc
Vpr floorplanning constraints file: not specified

Packer: ENABLED
Placer: ENABLED
Router: ENABLED
Analysis: ENABLED

VPR was run with the following options:

NetlistOpts.abosrb_buffer_luts            : true
NetlistOpts.sweep_dangling_primary_ios    : true
NetlistOpts.sweep_dangling_nets           : true
NetlistOpts.sweep_dangling_blocks         : true
NetlistOpts.sweep_constant_primary_outputs: false
NetlistOpts.netlist_verbosity             : 1
NetlistOpts.const_gen_inference           : COMB_SEQ

PackerOpts.allow_unrelated_clustering: auto
PackerOpts.alpha_clustering: 0.750000
PackerOpts.beta_clustering: 0.900000
PackerOpts.cluster_seed_type: BLEND2
PackerOpts.connection_driven: true
PackerOpts.global_clocks: true
PackerOpts.hill_climbing_flag: false
PackerOpts.inter_cluster_net_delay: 1.000000
PackerOpts.timing_driven: true
PackerOpts.target_external_pin_util: auto

PlacerOpts.place_freq: PLACE_ONCE
PlacerOpts.place_algorithm: CRITICALITY_TIMING_PLACE
PlacerOpts.pad_loc_type: FREE
PlacerOpts.constraints_file: No constraints file given
PlacerOpts.place_cost_exp: 1.000000
PlacerOpts.place_chan_width: 250
PlacerOpts.inner_loop_recompute_divider: 0
PlacerOpts.recompute_crit_iter: 1
PlacerOpts.timing_tradeoff: 0.500000
PlacerOpts.td_place_exp_first: 1.000000
PlacerOpts.td_place_exp_last: 8.000000
PlacerOpts.delay_offset: 0.000000
PlacerOpts.delay_ramp_delta_threshold: -1
PlacerOpts.delay_ramp_slope: 0.000000
PlacerOpts.tsu_rel_margin: 1.000000
PlacerOpts.tsu_abs_margin: 0.000000
PlacerOpts.post_place_timing_report_file: 
PlacerOpts.allowed_tiles_for_delay_model: 
PlacerOpts.delay_model_reducer: MIN
PlacerOpts.delay_model_type: DELTA
PlacerOpts.rlim_escape_fraction: 0.000000
PlacerOpts.move_stats_file: 
PlacerOpts.placement_saves_per_temperature: 0
PlacerOpts.effort_scaling: CIRCUIT
PlacerOpts.place_delta_delay_matrix_calculation_method: ASTAR_ROUTE
PlaceOpts.seed: 1
AnnealSched.type: AUTO_SCHED
AnnealSched.inner_num: 0.500000

RouterOpts.route_type: DETAILED
RouterOpts.flat_routing: false
RouterOpts.has_choking_spot: false
RouterOpts.router_algorithm: TIMING_DRIVEN
RouterOpts.base_cost_type: DELAY_NORMALIZED_LENGTH
RouterOpts.fixed_channel_width: 250
RouterOpts.check_route: FULL
RouterOpts.acc_fac: 1.000000
RouterOpts.bb_factor: 3
RouterOpts.bend_cost: 0.000000
RouterOpts.first_iter_pres_fac: 0.000000
RouterOpts.initial_pres_fac: 0.500000
RouterOpts.pres_fac_mult: 1.300000
RouterOpts.max_router_iterations: 50
RouterOpts.min_incremental_reroute_fanout: 16
RouterOpts.do_check_rr_graph: true
RouterOpts.verify_binary_search: false
RouterOpts.min_channel_width_hint: 0
RouterOpts.read_rr_edge_metadata: false
RouterOpts.exit_after_first_routing_iteration: false
RouterOpts.astar_fac: 1.200000
RouterOpts.router_profiler_astar_fac: 1.200000
RouterOpts.criticality_exp: 1.000000
RouterOpts.max_criticality: 0.990000
RouterOpts.init_wirelength_abort_threshold: 0.850000
RouterOpts.save_routing_per_iteration: false
RouterOpts.congested_routing_iteration_threshold_frac: 1.000000
RouterOpts.high_fanout_threshold: 64
RouterOpts.router_debug_net: -2
RouterOpts.router_debug_sink_rr: -2
RouterOpts.router_debug_iteration: -2
RouterOpts.max_convergence_count: 1
RouterOpts.reconvergence_cpd_threshold: 0.990000
RouterOpts.update_lower_bound_delays: true
RouterOpts.first_iteration_timing_report_file: 
RouterOpts.incr_reroute_delay_ripup: AUTO
RouterOpts.route_bb_update: DYNAMIC
RouterOpts.lookahead_type: MAP
RouterOpts.initial_timing: LOOKAHEAD
RouterOpts.router_heap: BINARY_HEAP
RouterOpts.routing_failure_predictor = SAFE
RouterOpts.routing_budgets_algorithm = DISABLE

AnalysisOpts.gen_post_synthesis_netlist: false
AnalysisOpts.timing_report_npaths: 100
AnalysisOpts.timing_report_skew: false
AnalysisOpts.echo_dot_timing_graph_node: -1
AnalysisOpts.timing_report_detail: NETLIST
AnalysisOpts.post_synth_netlist_unconn_input_handling: UNCONNECTED
AnalysisOpts.post_synth_netlist_unconn_output_handling: UNCONNECTED

# Building complex block graph
# Building complex block graph took 5.05 seconds (max_rss 953.8 MiB, delta_rss +873.7 MiB)
Circuit file: /media/xiaokewan/TOSHIBA/Code_phd/mockturtle/experiments/benchmarks/blif_folder/ctrl.blif
# Load circuit
Found constant-one generator 'sign'
# Load circuit took 0.00 seconds (max_rss 953.8 MiB, delta_rss +0.0 MiB)
# Clean circuit
Absorbed 0 LUT buffers
Inferred    0 additional primitive pins as constant generators since they have no combinationally connected inputs
Inferred    0 additional primitive pins as constant generators due to constant inputs
Swept input(s)      : 0
Swept output(s)     : 0 (0 dangling, 0 constant)
Swept net(s)        : 0
Swept block(s)      : 0
Constant Pins Marked: 0
# Clean circuit took 0.00 seconds (max_rss 953.8 MiB, delta_rss +0.0 MiB)
# Compress circuit
# Compress circuit took 0.00 seconds (max_rss 953.8 MiB, delta_rss +0.0 MiB)
# Verify circuit
# Verify circuit took 0.00 seconds (max_rss 953.8 MiB, delta_rss +0.0 MiB)
Circuit Statistics:
  Blocks: 62
    .input :       7
    .output:      26
    0-LUT  :       1
    6-LUT  :      28
  Nets  : 36
    Avg Fanout:     4.5
    Max Fanout:    27.0
    Min Fanout:     1.0
  Netlist Clocks: 0
# Build Timing Graph
  Timing Graph Nodes: 198
  Timing Graph Edges: 298
  Timing Graph Levels: 6
# Build Timing Graph took 0.00 seconds (max_rss 953.8 MiB, delta_rss +0.0 MiB)
Netlist contains 0 clocks
# Load Timing Constraints

SDC file 'ctrl.sdc' not found
Setting default timing constraints:
   * constrain all primay inputs and primary outputs on a virtual external clock 'virtual_io_clock'
   * optimize virtual clock to run as fast as possible
Timing constraints created 1 clocks
  Constrained Clock 'virtual_io_clock' (Virtual Clock)

# Load Timing Constraints took 0.00 seconds (max_rss 953.8 MiB, delta_rss +0.0 MiB)
# Packing
Warning 1: Block type 'M144K' grid location specification startx (33 = 33) falls outside device horizontal range [0,9]
Warning 2: Block type 'EMPTY' grid location specification startx (33 = 33) falls outside device horizontal range [0,9]
Begin packing '/media/xiaokewan/TOSHIBA/Code_phd/mockturtle/experiments/benchmarks/blif_folder/ctrl.blif'.

After removing unused inputs...
	total blocks: 62, total nets: 36, total inputs: 7, total outputs: 26
Begin prepacking.

There is one chain in this architecture called "LAB_carry_chain" with the following starting points:
	LAB[0]/alm[0]/lut[0]/lcell_comb[0].cin[0]


There is one chain in this architecture called "share_chain" with the following starting points:
	LAB[0]/alm[0]/lut[0]/lcell_comb[0].sharein[0]

0 attraction groups were created during prepacking.
Finish prepacking.
Using inter-cluster delay: 1.01382e-09
✅ Final Pin Utilization: io:1.00,1.00 LAB:0.80,1.00
Packing with pin utilization targets: io:1,1 PLL:1,1 LAB:0.8,1 DSP:1,1 M9K:1,1 M144K:1,1
Packing with high fanout thresholds: io:128 PLL:128 LAB:32 DSP:128 M9K:128 M144K:128
Starting Clustering - Clustering Progress: 
-------------------   --------------------------   ---------
Molecules processed   Number of clusters created   FPGA size
-------------------   --------------------------   ---------
     2/62        3%                            1     6 x 4     
     4/62        6%                            1     6 x 4     
     6/62        9%                            1     6 x 4     
     8/62       12%                            1     6 x 4     
    10/62       16%                            1     6 x 4     
    12/62       19%                            1     6 x 4     
    14/62       22%                            1     6 x 4     
    16/62       25%                            1     6 x 4     
    18/62       29%                            1     6 x 4     
    20/62       32%                            1     6 x 4     
    22/62       35%                            2     7 x 5     
    24/62       38%                            2     7 x 5     
    26/62       41%                            2     7 x 5     
    28/62       45%                            2     7 x 5     
    30/62       48%                            3     8 x 6     
    32/62       51%                            5     8 x 6     
    34/62       54%                            7     9 x 7     
    36/62       58%                            9     9 x 7     
    38/62       61%                           11    10 x 7     
    40/62       64%                           13    10 x 7     
    42/62       67%                           15    11 x 8     
    44/62       70%                           17    11 x 8     
    46/62       74%                           19    11 x 8     
    48/62       77%                           21    11 x 8     
    50/62       80%                           23    12 x 9     
    52/62       83%                           25    12 x 9     
    54/62       87%                           27    12 x 9     
    56/62       90%                           29    12 x 9     
    58/62       93%                           31    13 x 10    
    60/62       96%                           33    13 x 10    
    62/62      100%                           35    13 x 10    
Incr Slack updates 1 in 2.665e-06 sec
Full Max Req/Worst Slack updates 1 in 2.745e-06 sec
Incr Max Req/Worst Slack updates 0 in 0 sec
Incr Criticality updates 0 in 0 sec
Full Criticality updates 1 in 7.975e-06 sec
FPGA sized to 13 x 10 (auto)
Device Utilization: 0.15 (target 1.00)
	Block Utilization: 0.92 Type: io
	Block Utilization: 0.07 Type: LAB

Start the iterative improvement process
the iterative improvement process is done
Final Clustering Statistics: 
----------   --------   ------------------------------------   --------------------------
Block Type   # Blocks   Avg. # of input clocks and pins used   Avg. # of output pins used
----------   --------   ------------------------------------   --------------------------
     EMPTY          0                                      0                            0   
        io         33                               0.787879                     0.212121   
       PLL          0                                      0                            0   
       LAB          3                                4.66667                      8.66667   
       DSP          0                                      0                            0   
       M9K          0                                      0                            0   
     M144K          0                                      0                            0   
Absorbed logical nets 3 out of 36 nets, 33 nets not absorbed.

Netlist conversion complete.

# Packing took 0.11 seconds (max_rss 953.8 MiB, delta_rss +0.0 MiB)
# Load packing
Begin loading packed FPGA netlist file.
Netlist generated from file 'ctrl.net'.
Detected 1 constant generators (to see names run with higher pack verbosity)
Finished loading packed FPGA netlist file (took 0.019556 seconds).
Warning 3: Treated 1 constant nets as global which will not be routed (to see net names increase packer verbosity).
# Load packing took 0.02 seconds (max_rss 976.1 MiB, delta_rss +22.3 MiB)
Warning 4: Netlist contains 1 global net to non-global architecture pin connections
Warning 5: Logic block #2 (sign) has only 1 output pin 'sign.data_out[6]'. It may be a constant generator.

Pb types usage...
  io         : 33
   pad       : 33
    inpad    : 7
    outpad   : 26
  LAB        : 3
   alm       : 15
    lut      : 29
     lut6    : 29
      lut    : 29

# Create Device
## Build Device Grid
FPGA sized to 13 x 10: 130 grid tiles (auto)

Resource usage...
	Netlist
		33	blocks of type: io
	Architecture
		36	blocks of type: io
	Netlist
		0	blocks of type: PLL
	Architecture
		16	blocks of type: PLL
	Netlist
		3	blocks of type: LAB
	Architecture
		42	blocks of type: LAB
	Netlist
		0	blocks of type: DSP
	Architecture
		1	blocks of type: DSP
	Netlist
		0	blocks of type: M9K
	Architecture
		6	blocks of type: M9K
	Netlist
		0	blocks of type: M144K
	Architecture
		0	blocks of type: M144K

Device Utilization: 0.15 (target 1.00)
	Physical Tile io:
	Block Utilization: 0.92 Logical Block: io
	Physical Tile PLL:
	Block Utilization: 0.00 Logical Block: PLL
	Physical Tile LAB:
	Block Utilization: 0.07 Logical Block: LAB
	Physical Tile DSP:
	Block Utilization: 0.00 Logical Block: DSP
	Physical Tile M9K:
	Block Utilization: 0.00 Logical Block: M9K

FPGA size limited by block type(s): io

## Build Device Grid took 0.00 seconds (max_rss 976.3 MiB, delta_rss +0.0 MiB)
## Build routing resource graph
SOURCE->OPIN and IPIN->SINK edge count:11039
OPIN->CHANX/CHANY edge count before creating direct connections: 78476
OPIN->CHANX/CHANY edge count after creating direct connections: 80602
CHAN->CHAN type edge count:219628
## Build routing resource graph took 0.20 seconds (max_rss 976.3 MiB, delta_rss +0.0 MiB)
  RR Graph Nodes: 31892
  RR Graph Edges: 311269
# Create Device took 0.21 seconds (max_rss 976.3 MiB, delta_rss +0.0 MiB)

# Computing router lookahead map
## Computing wire lookahead
## Computing wire lookahead took 0.21 seconds (max_rss 976.3 MiB, delta_rss +0.0 MiB)
## Computing src/opin lookahead
## Computing src/opin lookahead took 0.00 seconds (max_rss 976.3 MiB, delta_rss +0.0 MiB)
# Computing router lookahead map took 0.21 seconds (max_rss 976.3 MiB, delta_rss +0.0 MiB)
# Computing placement delta delay look-up
RR graph channel widths unchanged, skipping RR graph rebuild
## Computing delta delays
## Computing delta delays took 0.06 seconds (max_rss 976.3 MiB, delta_rss +0.0 MiB)
# Computing placement delta delay look-up took 0.06 seconds (max_rss 976.3 MiB, delta_rss +0.0 MiB)

Bounding box mode is Cube

Using simple RL 'Softmax agent' for choosing move and block types
# Placement
## Initial Placement
Initial placement iteration 0 has finished successfully
## Initial Placement took 0.00 seconds (max_rss 976.3 MiB, delta_rss +0.0 MiB)

There are 39 point to point connections in this circuit.


BB estimate of min-dist (placement) wire length: 325

Completed placement consistency check successfully.
Initial placement cost: 1 bb_cost: 1.3 td_cost: 1.09454e-08
Initial placement estimated Critical Path Delay (CPD): 6.06167 ns
Initial placement estimated setup Total Negative Slack (sTNS): -141.973 ns
Initial placement estimated setup Worst Negative Slack (sWNS): -6.06167 ns

Initial placement estimated setup slack histogram:
[ -6.1e-09:   -6e-09) 1 (  4.0%) |******
[   -6e-09: -5.9e-09) 1 (  4.0%) |******
[ -5.9e-09: -5.9e-09) 1 (  4.0%) |******
[ -5.9e-09: -5.8e-09) 0 (  0.0%) |
[ -5.8e-09: -5.8e-09) 0 (  0.0%) |
[ -5.8e-09: -5.7e-09) 5 ( 20.0%) |*******************************
[ -5.7e-09: -5.7e-09) 8 ( 32.0%) |*************************************************
[ -5.7e-09: -5.6e-09) 0 (  0.0%) |
[ -5.6e-09: -5.5e-09) 6 ( 24.0%) |*************************************
[ -5.5e-09: -5.5e-09) 3 ( 12.0%) |******************
Placement contains 0 placement macros involving 0 blocks (average macro size -nan)

Moves per temperature: 59
Warning 6: Starting t: 20 of 36 configurations accepted.

---- ------ ------- ------- ---------- ---------- ------- ---------- -------- ------- ------- ------ -------- --------- ------
Tnum   Time       T Av Cost Av BB Cost Av TD Cost     CPD       sTNS     sWNS Ac Rate Std Dev  R lim Crit Exp Tot Moves  Alpha
      (sec)                                          (ns)       (ns)     (ns)                                                 
---- ------ ------- ------- ---------- ---------- ------- ---------- -------- ------- ------- ------ -------- --------- ------
   1    0.0 6.4e-04   0.969       1.08 9.549e-09    5.927       -141   -5.927   0.475  0.0260   12.0     1.00        59  0.200
   2    0.0 6.1e-04   0.988       1.00 8.9149e-09   5.924       -140   -5.924   0.610  0.0088   12.0     1.00       118  0.950
   3    0.0 5.8e-04   0.985       0.97 8.6398e-09   5.935       -139   -5.935   0.525  0.0091   12.0     1.00       177  0.950
   4    0.0 5.5e-04   0.991       0.95 8.6422e-09   5.857       -139   -5.857   0.356  0.0087   12.0     1.00       236  0.950
   5    0.0 5.3e-04   0.988       0.94 7.9829e-09   5.911       -139   -5.911   0.305  0.0069   11.0     1.64       295  0.950
   6    0.0 5.0e-04   0.998       0.94 7.528e-09    5.927       -139   -5.927   0.288  0.0008    9.5     2.59       354  0.950
   7    0.0 4.7e-04   0.985       0.92 7.1826e-09   5.911       -139   -5.911   0.373  0.0062    8.1     3.50       413  0.950
   8    0.0 4.5e-04   0.996       0.92 6.9711e-09   5.927       -139   -5.927   0.390  0.0020    7.5     3.85       472  0.950
   9    0.0 4.3e-04   1.001       0.92 7.1679e-09   5.840       -138   -5.840   0.339  0.0008    7.1     4.09       531  0.950
  10    0.0 4.1e-04   0.981       0.93 6.468e-09    5.917       -138   -5.917   0.390  0.0131    6.4     4.55       590  0.950
  11    0.0 3.9e-04   0.994       0.93 6.2499e-09   5.927       -138   -5.927   0.407  0.0061    6.1     4.75       649  0.950
  12    0.0 3.7e-04   0.998       0.93 6.3598e-09   5.845       -138   -5.845   0.339  0.0007    5.9     4.88       708  0.950
  13    0.0 3.5e-04   0.994       0.93 6.219e-09    5.845       -138   -5.845   0.237  0.0044    5.3     5.26       767  0.950
  14    0.0 3.3e-04   0.994       0.92 5.9652e-09   5.845       -138   -5.845   0.356  0.0033    4.2     5.95       826  0.950
  15    0.0 3.1e-04   0.998       0.92 6.1457e-09   5.794       -138   -5.794   0.322  0.0011    3.9     6.17       885  0.950
  16    0.0 3.0e-04   0.998       0.93 5.9681e-09   5.810       -138   -5.810   0.390  0.0017    3.4     6.46       944  0.950
  17    0.0 2.8e-04   0.986       0.93 5.3316e-09   5.901       -138   -5.901   0.305  0.0041    3.2     6.57      1003  0.950
  18    0.0 2.7e-04   0.996       0.93 5.9683e-09   5.794       -138   -5.794   0.424  0.0014    2.8     6.85      1062  0.950
  19    0.0 2.6e-04   0.997       0.93 5.9125e-09   5.794       -138   -5.794   0.373  0.0010    2.8     6.88      1121  0.950
  20    0.0 2.4e-04   0.998       0.93 5.8928e-09   5.809       -138   -5.809   0.424  0.0014    2.6     7.00      1180  0.950
  21    0.0 2.3e-04   0.997       0.93 5.8417e-09   5.809       -138   -5.809   0.288  0.0007    2.5     7.02      1239  0.950
  22    0.0 2.2e-04   0.996       0.94 5.8648e-09   5.794       -139   -5.794   0.322  0.0039    2.1     7.27      1298  0.950
  23    0.0 2.1e-04   0.995       0.94 5.9086e-09   5.778       -138   -5.778   0.373  0.0019    1.9     7.43      1357  0.950
  24    0.0 2.0e-04   0.997       0.93 5.9047e-09   5.786       -139   -5.786   0.424  0.0040    1.8     7.51      1416  0.950
  25    0.0 1.9e-04   0.994       0.93 5.6544e-09   5.816       -138   -5.816   0.458  0.0029    1.7     7.53      1475  0.950
  26    0.0 1.8e-04   0.997       0.94 5.7556e-09   5.809       -139   -5.809   0.322  0.0009    1.8     7.51      1534  0.950
  27    0.0 1.7e-04   0.998       0.94 5.6923e-09   5.809       -139   -5.809   0.441  0.0010    1.6     7.64      1593  0.950
  28    0.0 1.6e-04   0.998       0.94 5.8386e-09   5.786       -139   -5.786   0.373  0.0009    1.6     7.64      1652  0.950
  29    0.0 1.5e-04   0.994       0.94 5.7733e-09   5.786       -139   -5.786   0.305  0.0037    1.5     7.71      1711  0.950
  30    0.0 0.0e+00   0.999       0.94 5.6167e-09   5.794       -138   -5.794   0.203  0.0006    1.5     7.71      1770  0.950
## Placement Quench took 0.00 seconds (max_rss 976.3 MiB)
post-quench CPD = 5.79396 (ns) 

BB estimate of min-dist (placement) wire length: 234

Completed placement consistency check successfully.

Swaps called: 1806

Aborted Move Reasons:
  No moves aborted

Placement estimated critical path delay (least slack): 5.79396 ns, Fmax: 172.593 MHz
Placement estimated setup Worst Negative Slack (sWNS): -5.79396 ns
Placement estimated setup Total Negative Slack (sTNS): -137.968 ns

Placement estimated setup slack histogram:
[ -5.8e-09: -5.8e-09) 2 (  8.0%) |****************
[ -5.8e-09: -5.7e-09) 0 (  0.0%) |
[ -5.7e-09: -5.7e-09) 0 (  0.0%) |
[ -5.7e-09: -5.6e-09) 0 (  0.0%) |
[ -5.6e-09: -5.6e-09) 0 (  0.0%) |
[ -5.6e-09: -5.6e-09) 6 ( 24.0%) |*************************************************
[ -5.6e-09: -5.5e-09) 4 ( 16.0%) |*********************************
[ -5.5e-09: -5.5e-09) 4 ( 16.0%) |*********************************
[ -5.5e-09: -5.4e-09) 4 ( 16.0%) |*********************************
[ -5.4e-09: -5.4e-09) 5 ( 20.0%) |*****************************************

Placement estimated geomean non-virtual intra-domain period: nan ns (nan MHz)
Placement estimated fanout-weighted geomean non-virtual intra-domain period: nan ns (nan MHz)

Placement cost: 0.997924, bb_cost: 0.936, td_cost: 5.62961e-09, 

Placement resource usage:
  io  implemented as io : 33
  LAB implemented as LAB: 3

Placement number of temperatures: 30
Placement total # of swap attempts: 1806
	Swaps accepted:  677 (37.5 %)
	Swaps rejected: 1057 (58.5 %)
	Swaps aborted:   72 ( 4.0 %)


Placement perturbation distribution by block and move type: 
------------------ ----------------- ---------------- ---------------- --------------- ------------ 
    Block Type         Move Type       (%) of Total      Accepted(%)     Rejected(%)    Aborted(%)
------------------ ----------------- ---------------- ---------------- --------------- ------------ 
io                 Uniform                26.08            37.58           62.42          0.00         
                   Median                 21.10            38.58           54.59          6.82         
                   Centroid               21.21            41.78           54.05          4.18         
                   W. Centroid            21.76            36.90           60.56          2.54         
                   W. Median              0.78             28.57           64.29          7.14         
                   Crit. Uniform          0.06             0.00            100.00         0.00         
                   Feasible Region        0.11             0.00            100.00         0.00         

LAB                Uniform                2.16             38.46           61.54          0.00         
                   Median                 2.21             2.50            52.50          45.00        
                   Centroid               2.38             39.53           60.47          0.00         
                   W. Centroid            1.61             37.93           62.07          0.00         
                   W. Median              0.06             0.00            0.00           100.00       
                   Crit. Uniform          0.39             0.00            100.00         0.00         
                   Feasible Region        0.11             0.00            100.00         0.00         


Placement Quench timing analysis took 3.8291e-05 seconds (3.2992e-05 STA, 5.299e-06 slack) (1 full updates: 1 setup, 0 hold, 0 combined).
Placement Total  timing analysis took 0.0018004 seconds (0.00160997 STA, 0.000190439 slack) (32 full updates: 32 setup, 0 hold, 0 combined).
update_td_costs: connections 0 nets 0 sum_nets 0 total 0
# Placement took 0.02 seconds (max_rss 976.3 MiB, delta_rss +0.0 MiB)

# Routing
RR graph channel widths unchanged, skipping RR graph rebuild
Confirming router algorithm: TIMING_DRIVEN.
## Initializing router criticalities
Initial Net Connection Criticality Histogram:
[        0:      0.1)  1 (  2.5%) |*
[      0.1:      0.2)  0 (  0.0%) |
[      0.2:      0.3)  0 (  0.0%) |
[      0.3:      0.4)  0 (  0.0%) |
[      0.4:      0.5)  0 (  0.0%) |
[      0.5:      0.6)  0 (  0.0%) |
[      0.6:      0.7)  0 (  0.0%) |
[      0.7:      0.8)  0 (  0.0%) |
[      0.8:      0.9)  0 (  0.0%) |
[      0.9:        1) 39 ( 97.5%) |************************************************
## Initializing router criticalities took 0.00 seconds (max_rss 976.3 MiB, delta_rss +0.0 MiB)
---- ------ ------- ---- ------- ------- ------- ----------------- --------------- -------- ---------- ---------- ---------- ---------- --------
Iter   Time    pres  BBs    Heap  Re-Rtd  Re-Rtd Overused RR Nodes      Wirelength      CPD       sTNS       sWNS       hTNS       hWNS Est Succ
      (sec)     fac Updt    push    Nets   Conns                                       (ns)       (ns)       (ns)       (ns)       (ns)     Iter
---- ------ ------- ---- ------- ------- ------- ----------------- --------------- -------- ---------- ---------- ---------- ---------- --------
   1    0.0     0.0    0   53156      32      39      10 ( 0.031%)     329 ( 0.7%)    6.103     -142.5     -6.103      0.000      0.000      N/A
Incr Slack updates 32 in 5.4682e-05 sec
Full Max Req/Worst Slack updates 13 in 1.2114e-05 sec
Incr Max Req/Worst Slack updates 19 in 1.7322e-05 sec
Incr Criticality updates 7 in 1.8946e-05 sec
Full Criticality updates 25 in 5.7847e-05 sec
   2    0.0     0.5    0   21555      14      19       2 ( 0.006%)     333 ( 0.7%)    6.103     -142.6     -6.103      0.000      0.000      N/A
   3    0.0     0.6    0    1057       4       8       1 ( 0.003%)     329 ( 0.7%)    6.103     -142.5     -6.103      0.000      0.000      N/A
   4    0.0     0.8    0     918       3       6       2 ( 0.006%)     333 ( 0.7%)    6.103     -142.7     -6.103      0.000      0.000      N/A
   5    0.0     1.1    0    1303       4       8       2 ( 0.006%)     328 ( 0.7%)    6.143     -142.7     -6.143      0.000      0.000      N/A
   6    0.0     1.4    0     856       3       6       0 ( 0.000%)     326 ( 0.7%)    6.143     -143.4     -6.143      0.000      0.000      N/A
Restoring best routing
Critical path: 6.1432 ns
Successfully routed after 6 routing iterations.
Final Net Connection Criticality Histogram:
[        0:      0.1)  1 (  2.5%) |*
[      0.1:      0.2)  0 (  0.0%) |
[      0.2:      0.3)  0 (  0.0%) |
[      0.3:      0.4)  0 (  0.0%) |
[      0.4:      0.5)  0 (  0.0%) |
[      0.5:      0.6)  0 (  0.0%) |
[      0.6:      0.7)  0 (  0.0%) |
[      0.7:      0.8)  0 (  0.0%) |
[      0.8:      0.9)  3 (  7.5%) |****
[      0.9:        1) 36 ( 90.0%) |************************************************
Router Stats: total_nets_routed: 60 total_connections_routed: 86 total_heap_pushes: 78845 total_heap_pops: 20127 total_internal_heap_pushes: 0 total_internal_heap_pops: 0 total_external_heap_pushes: 78845 total_external_heap_pops: 20127 total_external_SOURCE_pushes: 86 total_external_SOURCE_pops: 71 total_internal_SOURCE_pushes: 0 total_internal_SOURCE_pops: 0 rt_node_SOURCE_pushes: 86 rt_node_SOURCE_high_fanout_pushes: 0 rt_node_SOURCE_entire_tree_pushes: 86 total_external_SINK_pushes: 2004 total_external_SINK_pops: 1984 total_internal_SINK_pushes: 0 total_internal_SINK_pops: 0 rt_node_SINK_pushes: 0 rt_node_SINK_high_fanout_pushes: 0 rt_node_SINK_entire_tree_pushes: 0 total_external_IPIN_pushes: 2004 total_external_IPIN_pops: 2004 total_internal_IPIN_pushes: 0 total_internal_IPIN_pops: 0 rt_node_IPIN_pushes: 0 rt_node_IPIN_high_fanout_pushes: 0 rt_node_IPIN_entire_tree_pushes: 0 total_external_OPIN_pushes: 1423 total_external_OPIN_pops: 1416 total_internal_OPIN_pushes: 0 total_internal_OPIN_pops: 0 rt_node_OPIN_pushes: 26 rt_node_OPIN_high_fanout_pushes: 0 rt_node_OPIN_entire_tree_pushes: 26 total_external_CHANX_pushes: 37461 total_external_CHANX_pops: 6930 total_internal_CHANX_pushes: 0 total_internal_CHANX_pops: 0 rt_node_CHANX_pushes: 29 rt_node_CHANX_high_fanout_pushes: 0 rt_node_CHANX_entire_tree_pushes: 29 total_external_CHANY_pushes: 35867 total_external_CHANY_pops: 7722 total_internal_CHANY_pushes: 0 total_internal_CHANY_pops: 0 rt_node_CHANY_pushes: 42 rt_node_CHANY_high_fanout_pushes: 0 rt_node_CHANY_entire_tree_pushes: 42 total_number_of_adding_all_rt: 235 total_number_of_adding_high_fanout_rt: 0 total_number_of_adding_all_rt_from_calling_high_fanout_rt: 0 
# Routing took 0.02 seconds (max_rss 976.3 MiB, delta_rss +0.0 MiB)

Checking to ensure routing is legal...
# Checking to ensure non-configurable edges are legal
# Checking to ensure non-configurable edges are legal took 0.00 seconds (max_rss 976.3 MiB, delta_rss +0.0 MiB)
Completed routing consistency check successfully.

Serial number (magic cookie) for the routing is: -3272253
Circuit successfully routed with a channel width factor of 250.
# Synchronize the packed netlist to routing optimization
## Annotating rr_node with routed nets
## Annotating rr_node with routed nets took 0.00 seconds (max_rss 976.3 MiB, delta_rss +0.0 MiB)
Found 69 mismatches between routing and packing results.
Fixed 14 routing traces due to mismatch between routing and packing results.
# Synchronize the packed netlist to routing optimization took 0.01 seconds (max_rss 976.3 MiB, delta_rss +0.0 MiB)
Final Clustering Statistics: 
----------   --------   ------------------------------------   --------------------------
Block Type   # Blocks   Avg. # of input clocks and pins used   Avg. # of output pins used
----------   --------   ------------------------------------   --------------------------
     EMPTY          0                                      0                            0   
        io         33                               0.787879                     0.212121   
       PLL          0                                      0                            0   
       LAB          3                                4.66667                      8.66667   
       DSP          0                                      0                            0   
       M9K          0                                      0                            0   
     M144K          0                                      0                            0   
Absorbed logical nets 3 out of 36 nets, 33 nets not absorbed.


Average number of bends per net: 1.46875  Maximum # of bends: 3

Number of global nets: 1
Number of routed nets (nonglobal): 32
Wire length results (in units of 1 clb segments)...
	Total wirelength: 326, average net length: 10.1875
	Maximum net length: 22

Wire length results in terms of physical segments...
	Total wiring segments used: 92, average wire segments per net: 2.87500
	Maximum segments used by a net: 5
	Total local nets with reserved CLB opins: 0
Total number of nets absorbed: 0

Routing channel utilization histogram:
[        1:      inf)   0 (  0.0%) |
[      0.9:        1)   0 (  0.0%) |
[      0.8:      0.9)   0 (  0.0%) |
[      0.7:      0.8)   0 (  0.0%) |
[      0.5:      0.6)   0 (  0.0%) |
[      0.4:      0.5)   0 (  0.0%) |
[      0.3:      0.4)   0 (  0.0%) |
[      0.2:      0.3)   0 (  0.0%) |
[      0.1:      0.2)   0 (  0.0%) |
[        0:      0.1) 216 (100.0%) |***********************************************
Maximum routing channel utilization:     0.028 at (3,8)

X - Directed channels:   j max occ ave occ capacity
                      ---- ------- ------- --------
                         0       1   0.462      250
                         1       3   1.462      250
                         2       2   0.308      250
                         3       5   2.462      250
                         4       1   0.538      250
                         5       2   0.308      250
                         6       3   1.385      250
                         7       2   0.231      250
                         8       7   3.462      250
Y - Directed channels:   i max occ ave occ capacity
                      ---- ------- ------- --------
                         0       3   1.700      250
                         1      11   4.700      250
                         2      12   5.600      250
                         3       1   0.300      250
                         4       0   0.000      250
                         5       0   0.000      250
                         6       0   0.000      250
                         7       0   0.000      250
                         8       1   0.500      250
                         9       4   1.600      250
                        10      10   4.200      250
                        11       1   0.200      250

Total tracks in x-direction: 2250, in y-direction: 3000

Logic area (in minimum width transistor areas, excludes I/Os and empty grid tiles)...
	Total logic block area (Warning, need to add pitch of routing to blocks with height > 3): 0
	Total used logic block area: 0

Routing area (in minimum width transistor areas)...
	Total routing area: 1.88394e+06, per logic tile: 14491.9

Total Number of Wiring Segments by Direction: direction length number
                                              --------- ------ -------
                                                      X      4   6804
                                                      Y      4   7128
                                                      X     16    500
                                                      Y     16    590

X - Directed Wiring Segment usage by length: length utilization
                                             ------ -----------
                                             4       0.005
                                            16        0.01

Y - Directed Wiring Segment usage by length: length utilization
                                             ------ -----------
                                             4     0.00744
                                            16           0

Segment occupancy by length: Length utilization
                             ------ -----------
                             L4         0.00624
                             L16         0.00459

Segment occupancy by type: name type utilization
                           ---- ---- -----------
                             L4    0     0.00624
                            L16    1     0.00459

Final hold Worst Negative Slack (hWNS): 0 ns
Final hold Total Negative Slack (hTNS): 0 ns

Final hold slack histogram:
[  4.8e-09:  4.8e-09) 1 (  4.0%) |************
[  4.8e-09:  4.9e-09) 0 (  0.0%) |
[  4.9e-09:  4.9e-09) 4 ( 16.0%) |*************************************************
[  4.9e-09:  4.9e-09) 1 (  4.0%) |************
[  4.9e-09:    5e-09) 3 ( 12.0%) |*************************************
[    5e-09:    5e-09) 3 ( 12.0%) |*************************************
[    5e-09:    5e-09) 4 ( 16.0%) |*************************************************
[    5e-09:  5.1e-09) 4 ( 16.0%) |*************************************************
[  5.1e-09:  5.1e-09) 2 (  8.0%) |*************************
[  5.1e-09:  5.2e-09) 3 ( 12.0%) |*************************************

Final critical path delay (least slack): 6.1432 ns, Fmax: 162.782 MHz
Final setup Worst Negative Slack (sWNS): -6.1432 ns
Final setup Total Negative Slack (sTNS): -143.376 ns

Final setup slack histogram:
[ -6.1e-09: -6.1e-09) 1 (  4.0%) |******
[ -6.1e-09:   -6e-09) 1 (  4.0%) |******
[   -6e-09: -5.9e-09) 0 (  0.0%) |
[ -5.9e-09: -5.9e-09) 0 (  0.0%) |
[ -5.9e-09: -5.8e-09) 4 ( 16.0%) |*************************
[ -5.8e-09: -5.7e-09) 8 ( 32.0%) |*************************************************
[ -5.7e-09: -5.7e-09) 5 ( 20.0%) |*******************************
[ -5.7e-09: -5.6e-09) 2 (  8.0%) |************
[ -5.6e-09: -5.5e-09) 2 (  8.0%) |************
[ -5.5e-09: -5.5e-09) 2 (  8.0%) |************

Final geomean non-virtual intra-domain period: nan ns (nan MHz)
Final fanout-weighted geomean non-virtual intra-domain period: nan ns (nan MHz)

Incr Slack updates 1 in 1.884e-06 sec
Full Max Req/Worst Slack updates 1 in 3.036e-06 sec
Incr Max Req/Worst Slack updates 0 in 0 sec
Incr Criticality updates 0 in 0 sec
Full Criticality updates 1 in 6.092e-06 sec
Flow timing analysis took 0.00541758 seconds (0.0050475 STA, 0.000370074 slack) (41 full updates: 33 setup, 0 hold, 8 combined).
VPR succeeded
The entire flow of VPR took 6.60 seconds (max_rss 976.3 MiB)
Incr Slack updates 7 in 1.3104e-05 sec
Full Max Req/Worst Slack updates 1 in 2.594e-06 sec
Incr Max Req/Worst Slack updates 6 in 1.4906e-05 sec
Incr Criticality updates 4 in 1.1623e-05 sec
Full Criticality updates 3 in 1.7313e-05 sec
