#Packing pin usage report
Type: io
	Input Pin Usage:
		Max: 1.00 (0.02)
		Avg: 0.20 (0.00)
		Min: 0.00 (0.00)
		Histogram:
		[        0:      5.5) 642 (100.0%) |***********************************************
		[      5.5:       11)   0 (  0.0%) |
		[       11:       16)   0 (  0.0%) |
		[       16:       22)   0 (  0.0%) |
		[       22:       28)   0 (  0.0%) |
		[       28:       33)   0 (  0.0%) |
		[       33:       38)   0 (  0.0%) |
		[       38:       44)   0 (  0.0%) |
		[       44:       50)   0 (  0.0%) |
		[       50:       55)   0 (  0.0%) |
	Output Pin Usage:
		Max: 1.00 (0.03)
		Avg: 0.80 (0.02)
		Min: 0.00 (0.00)
		Histogram:
		[        0:        4) 642 (100.0%) |***********************************************
		[        4:        8)   0 (  0.0%) |
		[        8:       12)   0 (  0.0%) |
		[       12:       16)   0 (  0.0%) |
		[       16:       20)   0 (  0.0%) |
		[       20:       24)   0 (  0.0%) |
		[       24:       28)   0 (  0.0%) |
		[       28:       32)   0 (  0.0%) |
		[       32:       36)   0 (  0.0%) |
		[       36:       40)   0 (  0.0%) |

Type: LAB
	Input Pin Usage:
		Max: 61.00 (0.67)
		Avg: 33.55 (0.37)
		Min: 4.00 (0.04)
		Histogram:
		[        0:      9.1)  2 (  4.5%) |*******
		[      9.1:       18)  0 (  0.0%) |
		[       18:       27) 14 ( 31.8%) |************************************************
		[       27:       36) 11 ( 25.0%) |**************************************
		[       36:       46)  7 ( 15.9%) |************************
		[       46:       55)  7 ( 15.9%) |************************
		[       55:       64)  3 (  6.8%) |**********
		[       64:       73)  0 (  0.0%) |
		[       73:       82)  0 (  0.0%) |
		[       82:       91)  0 (  0.0%) |
	Output Pin Usage:
		Max: 20.00 (0.48)
		Avg: 11.27 (0.27)
		Min: 1.00 (0.02)
		Histogram:
		[        0:      4.2)  8 ( 18.2%) |**************************
		[      4.2:      8.4)  2 (  4.5%) |******
		[      8.4:       13) 11 ( 25.0%) |***********************************
		[       13:       17) 15 ( 34.1%) |************************************************
		[       17:       21)  8 ( 18.2%) |**************************
		[       21:       25)  0 (  0.0%) |
		[       25:       29)  0 (  0.0%) |
		[       29:       34)  0 (  0.0%) |
		[       34:       38)  0 (  0.0%) |
		[       38:       42)  0 (  0.0%) |

