#Packing pin usage report
Type: LAB
	Input Pin Usage:
		Max: 46.00 (0.68)
		Avg: 19.10 (0.28)
		Min: 0.00 (0.00)
		Histogram:
		[        0:      6.8) 44 ( 10.9%) |**********************
		[      6.8:       14) 83 ( 20.6%) |******************************************
		[       14:       20) 95 ( 23.6%) |************************************************
		[       20:       27) 96 ( 23.9%) |************************************************
		[       27:       34) 61 ( 15.2%) |*******************************
		[       34:       41) 21 (  5.2%) |***********
		[       41:       48)  2 (  0.5%) |*
		[       48:       54)  0 (  0.0%) |
		[       54:       61)  0 (  0.0%) |
		[       61:       68)  0 (  0.0%) |
	Output Pin Usage:
		Max: 10.00 (0.24)
		Avg: 9.33 (0.23)
		Min: 1.00 (0.02)
		Histogram:
		[        0:      4.1)  24 (  6.0%) |***
		[      4.1:      8.2)  20 (  5.0%) |***
		[      8.2:       12) 358 ( 89.1%) |***********************************************
		[       12:       16)   0 (  0.0%) |
		[       16:       20)   0 (  0.0%) |
		[       20:       25)   0 (  0.0%) |
		[       25:       29)   0 (  0.0%) |
		[       29:       33)   0 (  0.0%) |
		[       33:       37)   0 (  0.0%) |
		[       37:       41)   0 (  0.0%) |

Type: io_cell
	Input Pin Usage:
		Max: 1.00 (0.03)
		Avg: 0.46 (0.01)
		Min: 0.00 (0.00)
		Histogram:
		[        0:      3.7) 1457 (100.0%) |**********************************************
		[      3.7:      7.4)    0 (  0.0%) |
		[      7.4:       11)    0 (  0.0%) |
		[       11:       15)    0 (  0.0%) |
		[       15:       18)    0 (  0.0%) |
		[       18:       22)    0 (  0.0%) |
		[       22:       26)    0 (  0.0%) |
		[       26:       30)    0 (  0.0%) |
		[       30:       33)    0 (  0.0%) |
		[       33:       37)    0 (  0.0%) |
	Output Pin Usage:
		Max: 1.00 (0.17)
		Avg: 0.54 (0.09)
		Min: 0.00 (0.00)
		Histogram:
		[        0:      0.6) 668 ( 45.8%) |****************************************
		[      0.6:      1.2) 789 ( 54.2%) |***********************************************
		[      1.2:      1.8)   0 (  0.0%) |
		[      1.8:      2.4)   0 (  0.0%) |
		[      2.4:        3)   0 (  0.0%) |
		[        3:      3.6)   0 (  0.0%) |
		[      3.6:      4.2)   0 (  0.0%) |
		[      4.2:      4.8)   0 (  0.0%) |
		[      4.8:      5.4)   0 (  0.0%) |
		[      5.4:        6)   0 (  0.0%) |

