/usr/bin/env time -v /home/xiaokewan/Software/vtr-verilog-to-routing-master/build/bin/yosys -c synthesis.tcl

 /----------------------------------------------------------------------------\
 |                                                                            |
 |  yosys -- Yosys Open SYnthesis Suite                                       |
 |                                                                            |
 |  Copyright (C) 2012 - 2020  Claire Xenia Wolf <claire@yosyshq.com>         |
 |                                                                            |
 |  Permission to use, copy, modify, and/or distribute this software for any  |
 |  purpose with or without fee is hereby granted, provided that the above    |
 |  copyright notice and this permission notice appear in all copies.         |
 |                                                                            |
 |  THE SOFTWARE IS PROVIDED "AS IS" AND THE AUTHOR DISCLAIMS ALL WARRANTIES  |
 |  WITH REGARD TO THIS SOFTWARE INCLUDING ALL IMPLIED WARRANTIES OF          |
 |  MERCHANTABILITY AND FITNESS. IN NO EVENT SHALL THE AUTHOR BE LIABLE FOR   |
 |  ANY SPECIAL, DIRECT, INDIRECT, OR CONSEQUENTIAL DAMAGES OR ANY DAMAGES    |
 |  WHATSOEVER RESULTING FROM LOSS OF USE, DATA OR PROFITS, WHETHER IN AN     |
 |  ACTION OF CONTRACT, NEGLIGENCE OR OTHER TORTIOUS ACTION, ARISING OUT OF   |
 |  OR IN CONNECTION WITH THE USE OR PERFORMANCE OF THIS SOFTWARE.            |
 |                                                                            |
 \----------------------------------------------------------------------------/

 Yosys 0.35 (git sha1 cc31c6ebc45, clang++ 14.0.0-1ubuntu1.1 -fPIC -Os)

[TCL: yosys -import] Command name collision: found pre-existing command `cd' -> skip.
[TCL: yosys -import] Command name collision: found pre-existing command `eval' -> skip.
[TCL: yosys -import] Command name collision: found pre-existing command `exec' -> skip.
[TCL: yosys -import] Command name collision: found pre-existing command `read' -> skip.
[TCL: yosys -import] Command name collision: found pre-existing command `trace' -> skip.
[TCL: yosys -import] Command name collision: found pre-existing command `add' -> skip.
[TCL: yosys -import] Command name collision: found pre-existing command `aigmap' -> skip.
[TCL: yosys -import] Command name collision: found pre-existing command `alumacc' -> skip.
[TCL: yosys -import] Command name collision: found pre-existing command `anlogic_eqn' -> skip.
[TCL: yosys -import] Command name collision: found pre-existing command `anlogic_fixcarry' -> skip.
[TCL: yosys -import] Command name collision: found pre-existing command `assertpmux' -> skip.
[TCL: yosys -import] Command name collision: found pre-existing command `async2sync' -> skip.
[TCL: yosys -import] Command name collision: found pre-existing command `attrmap' -> skip.
[TCL: yosys -import] Command name collision: found pre-existing command `attrmvcp' -> skip.
[TCL: yosys -import] Command name collision: found pre-existing command `autoname' -> skip.
[TCL: yosys -import] Command name collision: found pre-existing command `blackbox' -> skip.
[TCL: yosys -import] Command name collision: found pre-existing command `bmuxmap' -> skip.
[TCL: yosys -import] Command name collision: found pre-existing command `booth' -> skip.
[TCL: yosys -import] Command name collision: found pre-existing command `bugpoint' -> skip.
[TCL: yosys -import] Command name collision: found pre-existing command `bwmuxmap' -> skip.
[TCL: yosys -import] Command name collision: found pre-existing command `cd' -> skip.
[TCL: yosys -import] Command name collision: found pre-existing command `check' -> skip.
[TCL: yosys -import] Command name collision: found pre-existing command `chformal' -> skip.
[TCL: yosys -import] Command name collision: found pre-existing command `chparam' -> skip.
[TCL: yosys -import] Command name collision: found pre-existing command `chtype' -> skip.
[TCL: yosys -import] Command name collision: found pre-existing command `clean' -> skip.
[TCL: yosys -import] Command name collision: found pre-existing command `clean_zerowidth' -> skip.
[TCL: yosys -import] Command name collision: found pre-existing command `clk2fflogic' -> skip.
[TCL: yosys -import] Command name collision: found pre-existing command `clkbufmap' -> skip.
[TCL: yosys -import] Command name collision: found pre-existing command `connect' -> skip.
[TCL: yosys -import] Command name collision: found pre-existing command `connect_rpc' -> skip.
[TCL: yosys -import] Command name collision: found pre-existing command `connwrappers' -> skip.
[TCL: yosys -import] Command name collision: found pre-existing command `coolrunner2_fixup' -> skip.
[TCL: yosys -import] Command name collision: found pre-existing command `coolrunner2_sop' -> skip.
[TCL: yosys -import] Command name collision: found pre-existing command `copy' -> skip.
[TCL: yosys -import] Command name collision: found pre-existing command `cover' -> skip.
[TCL: yosys -import] Command name collision: found pre-existing command `cutpoint' -> skip.
[TCL: yosys -import] Command name collision: found pre-existing command `debug' -> skip.
[TCL: yosys -import] Command name collision: found pre-existing command `delete' -> skip.
[TCL: yosys -import] Command name collision: found pre-existing command `deminout' -> skip.
[TCL: yosys -import] Command name collision: found pre-existing command `demuxmap' -> skip.
[TCL: yosys -import] Command name collision: found pre-existing command `design' -> skip.
[TCL: yosys -import] Command name collision: found pre-existing command `dffinit' -> skip.
[TCL: yosys -import] Command name collision: found pre-existing command `dfflegalize' -> skip.
[TCL: yosys -import] Command name collision: found pre-existing command `dfflibmap' -> skip.
[TCL: yosys -import] Command name collision: found pre-existing command `dffunmap' -> skip.
[TCL: yosys -import] Command name collision: found pre-existing command `dft_tag' -> skip.
[TCL: yosys -import] Command name collision: found pre-existing command `dump' -> skip.
[TCL: yosys -import] Command name collision: found pre-existing command `echo' -> skip.
[TCL: yosys -import] Command name collision: found pre-existing command `edgetypes' -> skip.
[TCL: yosys -import] Command name collision: found pre-existing command `efinix_fixcarry' -> skip.
[TCL: yosys -import] Command name collision: found pre-existing command `equiv_add' -> skip.
[TCL: yosys -import] Command name collision: found pre-existing command `equiv_induct' -> skip.
[TCL: yosys -import] Command name collision: found pre-existing command `equiv_make' -> skip.
[TCL: yosys -import] Command name collision: found pre-existing command `equiv_mark' -> skip.
[TCL: yosys -import] Command name collision: found pre-existing command `equiv_miter' -> skip.
[TCL: yosys -import] Command name collision: found pre-existing command `equiv_opt' -> skip.
[TCL: yosys -import] Command name collision: found pre-existing command `equiv_purge' -> skip.
[TCL: yosys -import] Command name collision: found pre-existing command `equiv_remove' -> skip.
[TCL: yosys -import] Command name collision: found pre-existing command `equiv_simple' -> skip.
[TCL: yosys -import] Command name collision: found pre-existing command `equiv_status' -> skip.
[TCL: yosys -import] Command name collision: found pre-existing command `equiv_struct' -> skip.
[TCL: yosys -import] Command name collision: found pre-existing command `eval' -> skip.
[TCL: yosys -import] Command name collision: found pre-existing command `exec' -> skip.
[TCL: yosys -import] Command name collision: found pre-existing command `expose' -> skip.
[TCL: yosys -import] Command name collision: found pre-existing command `extract' -> skip.
[TCL: yosys -import] Command name collision: found pre-existing command `extract_counter' -> skip.
[TCL: yosys -import] Command name collision: found pre-existing command `extract_fa' -> skip.
[TCL: yosys -import] Command name collision: found pre-existing command `extract_reduce' -> skip.
[TCL: yosys -import] Command name collision: found pre-existing command `extractinv' -> skip.
[TCL: yosys -import] Command name collision: found pre-existing command `flatten' -> skip.
[TCL: yosys -import] Command name collision: found pre-existing command `flowmap' -> skip.
[TCL: yosys -import] Command name collision: found pre-existing command `fmcombine' -> skip.
[TCL: yosys -import] Command name collision: found pre-existing command `fminit' -> skip.
[TCL: yosys -import] Command name collision: found pre-existing command `formalff' -> skip.
[TCL: yosys -import] Command name collision: found pre-existing command `freduce' -> skip.
[TCL: yosys -import] Command name collision: found pre-existing command `fsm' -> skip.
[TCL: yosys -import] Command name collision: found pre-existing command `fsm_detect' -> skip.
[TCL: yosys -import] Command name collision: found pre-existing command `fsm_expand' -> skip.
[TCL: yosys -import] Command name collision: found pre-existing command `fsm_export' -> skip.
[TCL: yosys -import] Command name collision: found pre-existing command `fsm_extract' -> skip.
[TCL: yosys -import] Command name collision: found pre-existing command `fsm_info' -> skip.
[TCL: yosys -import] Command name collision: found pre-existing command `fsm_map' -> skip.
[TCL: yosys -import] Command name collision: found pre-existing command `fsm_opt' -> skip.
[TCL: yosys -import] Command name collision: found pre-existing command `fsm_recode' -> skip.
[TCL: yosys -import] Command name collision: found pre-existing command `fst2tb' -> skip.
[TCL: yosys -import] Command name collision: found pre-existing command `future' -> skip.
[TCL: yosys -import] Command name collision: found pre-existing command `gatemate_foldinv' -> skip.
[TCL: yosys -import] Command name collision: found pre-existing command `glift' -> skip.
[TCL: yosys -import] Command name collision: found pre-existing command `greenpak4_dffinv' -> skip.
[TCL: yosys -import] Command name collision: found pre-existing command `help' -> skip.
[TCL: yosys -import] Command name collision: found pre-existing command `hierarchy' -> skip.
[TCL: yosys -import] Command name collision: found pre-existing command `hilomap' -> skip.
[TCL: yosys -import] Command name collision: found pre-existing command `history' -> skip.
[TCL: yosys -import] Command name collision: found pre-existing command `ice40_braminit' -> skip.
[TCL: yosys -import] Command name collision: found pre-existing command `ice40_dsp' -> skip.
[TCL: yosys -import] Command name collision: found pre-existing command `ice40_opt' -> skip.
[TCL: yosys -import] Command name collision: found pre-existing command `ice40_wrapcarry' -> skip.
[TCL: yosys -import] Command name collision: found pre-existing command `insbuf' -> skip.
[TCL: yosys -import] Command name collision: found pre-existing command `iopadmap' -> skip.
[TCL: yosys -import] Command name collision: found pre-existing command `jny' -> skip.
[TCL: yosys -import] Command name collision: found pre-existing command `json' -> skip.
[TCL: yosys -import] Command name collision: found pre-existing command `lattice_gsr' -> skip.
[TCL: yosys -import] Command name collision: found pre-existing command `log' -> skip.
[TCL: yosys -import] Command name collision: found pre-existing command `logger' -> skip.
[TCL: yosys -import] Command name collision: found pre-existing command `ls' -> skip.
[TCL: yosys -import] Command name collision: found pre-existing command `ltp' -> skip.
[TCL: yosys -import] Command name collision: found pre-existing command `lut2mux' -> skip.
[TCL: yosys -import] Command name collision: found pre-existing command `maccmap' -> skip.
[TCL: yosys -import] Command name collision: found pre-existing command `memory' -> skip.
[TCL: yosys -import] Command name collision: found pre-existing command `memory_bmux2rom' -> skip.
[TCL: yosys -import] Command name collision: found pre-existing command `memory_bram' -> skip.
[TCL: yosys -import] Command name collision: found pre-existing command `memory_collect' -> skip.
[TCL: yosys -import] Command name collision: found pre-existing command `memory_dff' -> skip.
[TCL: yosys -import] Command name collision: found pre-existing command `memory_libmap' -> skip.
[TCL: yosys -import] Command name collision: found pre-existing command `memory_map' -> skip.
[TCL: yosys -import] Command name collision: found pre-existing command `memory_memx' -> skip.
[TCL: yosys -import] Command name collision: found pre-existing command `memory_narrow' -> skip.
[TCL: yosys -import] Command name collision: found pre-existing command `memory_nordff' -> skip.
[TCL: yosys -import] Command name collision: found pre-existing command `memory_share' -> skip.
[TCL: yosys -import] Command name collision: found pre-existing command `memory_unpack' -> skip.
[TCL: yosys -import] Command name collision: found pre-existing command `miter' -> skip.
[TCL: yosys -import] Command name collision: found pre-existing command `mutate' -> skip.
[TCL: yosys -import] Command name collision: found pre-existing command `muxcover' -> skip.
[TCL: yosys -import] Command name collision: found pre-existing command `muxpack' -> skip.
[TCL: yosys -import] Command name collision: found pre-existing command `nlutmap' -> skip.
[TCL: yosys -import] Command name collision: found pre-existing command `onehot' -> skip.
[TCL: yosys -import] Command name collision: found pre-existing command `opt' -> skip.
[TCL: yosys -import] Command name collision: found pre-existing command `opt_clean' -> skip.
[TCL: yosys -import] Command name collision: found pre-existing command `opt_demorgan' -> skip.
[TCL: yosys -import] Command name collision: found pre-existing command `opt_dff' -> skip.
[TCL: yosys -import] Command name collision: found pre-existing command `opt_expr' -> skip.
[TCL: yosys -import] Command name collision: found pre-existing command `opt_ffinv' -> skip.
[TCL: yosys -import] Command name collision: found pre-existing command `opt_lut' -> skip.
[TCL: yosys -import] Command name collision: found pre-existing command `opt_lut_ins' -> skip.
[TCL: yosys -import] Command name collision: found pre-existing command `opt_mem' -> skip.
[TCL: yosys -import] Command name collision: found pre-existing command `opt_mem_feedback' -> skip.
[TCL: yosys -import] Command name collision: found pre-existing command `opt_mem_priority' -> skip.
[TCL: yosys -import] Command name collision: found pre-existing command `opt_mem_widen' -> skip.
[TCL: yosys -import] Command name collision: found pre-existing command `opt_merge' -> skip.
[TCL: yosys -import] Command name collision: found pre-existing command `opt_muxtree' -> skip.
[TCL: yosys -import] Command name collision: found pre-existing command `opt_reduce' -> skip.
[TCL: yosys -import] Command name collision: found pre-existing command `opt_share' -> skip.
[TCL: yosys -import] Command name collision: found pre-existing command `paramap' -> skip.
[TCL: yosys -import] Command name collision: found pre-existing command `peepopt' -> skip.
[TCL: yosys -import] Command name collision: found pre-existing command `plugin' -> skip.
[TCL: yosys -import] Command name collision: found pre-existing command `pmux2shiftx' -> skip.
[TCL: yosys -import] Command name collision: found pre-existing command `pmuxtree' -> skip.
[TCL: yosys -import] Command name collision: found pre-existing command `portlist' -> skip.
[TCL: yosys -import] Command name collision: found pre-existing command `prep' -> skip.
[TCL: yosys -import] Command name collision: found pre-existing command `printattrs' -> skip.
[TCL: yosys -import] Command name collision: found pre-existing command `proc' -> skip.
[TCL: yosys -import] Command name collision: found pre-existing command `proc_arst' -> skip.
[TCL: yosys -import] Command name collision: found pre-existing command `proc_clean' -> skip.
[TCL: yosys -import] Command name collision: found pre-existing command `proc_dff' -> skip.
[TCL: yosys -import] Command name collision: found pre-existing command `proc_dlatch' -> skip.
[TCL: yosys -import] Command name collision: found pre-existing command `proc_init' -> skip.
[TCL: yosys -import] Command name collision: found pre-existing command `proc_memwr' -> skip.
[TCL: yosys -import] Command name collision: found pre-existing command `proc_mux' -> skip.
[TCL: yosys -import] Command name collision: found pre-existing command `proc_prune' -> skip.
[TCL: yosys -import] Command name collision: found pre-existing command `proc_rmdead' -> skip.
[TCL: yosys -import] Command name collision: found pre-existing command `proc_rom' -> skip.
[TCL: yosys -import] Command name collision: found pre-existing command `qbfsat' -> skip.
[TCL: yosys -import] Command name collision: found pre-existing command `qwp' -> skip.
[TCL: yosys -import] Command name collision: found pre-existing command `read' -> skip.
[TCL: yosys -import] Command name collision: found pre-existing command `read_aiger' -> skip.
[TCL: yosys -import] Command name collision: found pre-existing command `read_blif' -> skip.
[TCL: yosys -import] Command name collision: found pre-existing command `read_ilang' -> skip.
[TCL: yosys -import] Command name collision: found pre-existing command `read_json' -> skip.
[TCL: yosys -import] Command name collision: found pre-existing command `read_liberty' -> skip.
[TCL: yosys -import] Command name collision: found pre-existing command `read_rtlil' -> skip.
[TCL: yosys -import] Command name collision: found pre-existing command `read_verilog' -> skip.
[TCL: yosys -import] Command name collision: found pre-existing command `recover_names' -> skip.
[TCL: yosys -import] Command name collision: found pre-existing command `rename' -> skip.
[TCL: yosys -import] Command name collision: found pre-existing command `rmports' -> skip.
[TCL: yosys -import] Command name collision: found pre-existing command `sat' -> skip.
[TCL: yosys -import] Command name collision: found pre-existing command `scatter' -> skip.
[TCL: yosys -import] Command name collision: found pre-existing command `scc' -> skip.
[TCL: yosys -import] Command name collision: found pre-existing command `scratchpad' -> skip.
[TCL: yosys -import] Command name collision: found pre-existing command `script' -> skip.
[TCL: yosys -import] Command name collision: found pre-existing command `select' -> skip.
[TCL: yosys -import] Command name collision: found pre-existing command `setattr' -> skip.
[TCL: yosys -import] Command name collision: found pre-existing command `setparam' -> skip.
[TCL: yosys -import] Command name collision: found pre-existing command `setundef' -> skip.
[TCL: yosys -import] Command name collision: found pre-existing command `share' -> skip.
[TCL: yosys -import] Command name collision: found pre-existing command `shell' -> skip.
[TCL: yosys -import] Command name collision: found pre-existing command `show' -> skip.
[TCL: yosys -import] Command name collision: found pre-existing command `shregmap' -> skip.
[TCL: yosys -import] Command name collision: found pre-existing command `sim' -> skip.
[TCL: yosys -import] Command name collision: found pre-existing command `simplemap' -> skip.
[TCL: yosys -import] Command name collision: found pre-existing command `splice' -> skip.
[TCL: yosys -import] Command name collision: found pre-existing command `splitcells' -> skip.
[TCL: yosys -import] Command name collision: found pre-existing command `splitnets' -> skip.
[TCL: yosys -import] Command name collision: found pre-existing command `sta' -> skip.
[TCL: yosys -import] Command name collision: found pre-existing command `stat' -> skip.
[TCL: yosys -import] Command name collision: found pre-existing command `submod' -> skip.
[TCL: yosys -import] Command name collision: found pre-existing command `supercover' -> skip.
[TCL: yosys -import] Command name collision: found pre-existing command `synth' -> skip.
[TCL: yosys -import] Command name collision: found pre-existing command `synth_achronix' -> skip.
[TCL: yosys -import] Command name collision: found pre-existing command `synth_anlogic' -> skip.
[TCL: yosys -import] Command name collision: found pre-existing command `synth_coolrunner2' -> skip.
[TCL: yosys -import] Command name collision: found pre-existing command `synth_easic' -> skip.
[TCL: yosys -import] Command name collision: found pre-existing command `synth_ecp5' -> skip.
[TCL: yosys -import] Command name collision: found pre-existing command `synth_efinix' -> skip.
[TCL: yosys -import] Command name collision: found pre-existing command `synth_fabulous' -> skip.
[TCL: yosys -import] Command name collision: found pre-existing command `synth_gatemate' -> skip.
[TCL: yosys -import] Command name collision: found pre-existing command `synth_gowin' -> skip.
[TCL: yosys -import] Command name collision: found pre-existing command `synth_greenpak4' -> skip.
[TCL: yosys -import] Command name collision: found pre-existing command `synth_ice40' -> skip.
[TCL: yosys -import] Command name collision: found pre-existing command `synth_intel' -> skip.
[TCL: yosys -import] Command name collision: found pre-existing command `synth_intel_alm' -> skip.
[TCL: yosys -import] Command name collision: found pre-existing command `synth_lattice' -> skip.
[TCL: yosys -import] Command name collision: found pre-existing command `synth_nexus' -> skip.
[TCL: yosys -import] Command name collision: found pre-existing command `synth_quicklogic' -> skip.
[TCL: yosys -import] Command name collision: found pre-existing command `synth_sf2' -> skip.
[TCL: yosys -import] Command name collision: found pre-existing command `synth_xilinx' -> skip.
[TCL: yosys -import] Command name collision: found pre-existing command `synthprop' -> skip.
[TCL: yosys -import] Command name collision: found pre-existing command `tcl' -> skip.
[TCL: yosys -import] Command name collision: found pre-existing command `techmap' -> skip.
[TCL: yosys -import] Command name collision: found pre-existing command `tee' -> skip.
[TCL: yosys -import] Command name collision: found pre-existing command `test_abcloop' -> skip.
[TCL: yosys -import] Command name collision: found pre-existing command `test_autotb' -> skip.
[TCL: yosys -import] Command name collision: found pre-existing command `test_cell' -> skip.
[TCL: yosys -import] Command name collision: found pre-existing command `test_pmgen' -> skip.
[TCL: yosys -import] Command name collision: found pre-existing command `torder' -> skip.
[TCL: yosys -import] Command name collision: found pre-existing command `trace' -> skip.
[TCL: yosys -import] Command name collision: found pre-existing command `tribuf' -> skip.
[TCL: yosys -import] Command name collision: found pre-existing command `uniquify' -> skip.
[TCL: yosys -import] Command name collision: found pre-existing command `verific' -> skip.
[TCL: yosys -import] Command name collision: found pre-existing command `verilog_defaults' -> skip.
[TCL: yosys -import] Command name collision: found pre-existing command `verilog_defines' -> skip.
[TCL: yosys -import] Command name collision: found pre-existing command `viz' -> skip.
[TCL: yosys -import] Command name collision: found pre-existing command `wbflip' -> skip.
[TCL: yosys -import] Command name collision: found pre-existing command `wreduce' -> skip.
[TCL: yosys -import] Command name collision: found pre-existing command `write_aiger' -> skip.
[TCL: yosys -import] Command name collision: found pre-existing command `write_blif' -> skip.
[TCL: yosys -import] Command name collision: found pre-existing command `write_btor' -> skip.
[TCL: yosys -import] Command name collision: found pre-existing command `write_cxxrtl' -> skip.
[TCL: yosys -import] Command name collision: found pre-existing command `write_edif' -> skip.
[TCL: yosys -import] Command name collision: found pre-existing command `write_file' -> skip.
[TCL: yosys -import] Command name collision: found pre-existing command `write_firrtl' -> skip.
[TCL: yosys -import] Command name collision: found pre-existing command `write_ilang' -> skip.
[TCL: yosys -import] Command name collision: found pre-existing command `write_intersynth' -> skip.
[TCL: yosys -import] Command name collision: found pre-existing command `write_jny' -> skip.
[TCL: yosys -import] Command name collision: found pre-existing command `write_json' -> skip.
[TCL: yosys -import] Command name collision: found pre-existing command `write_rtlil' -> skip.
[TCL: yosys -import] Command name collision: found pre-existing command `write_simplec' -> skip.
[TCL: yosys -import] Command name collision: found pre-existing command `write_smt2' -> skip.
[TCL: yosys -import] Command name collision: found pre-existing command `write_smv' -> skip.
[TCL: yosys -import] Command name collision: found pre-existing command `write_spice' -> skip.
[TCL: yosys -import] Command name collision: found pre-existing command `write_table' -> skip.
[TCL: yosys -import] Command name collision: found pre-existing command `write_verilog' -> skip.
[TCL: yosys -import] Command name collision: found pre-existing command `write_xaiger' -> skip.
[TCL: yosys -import] Command name collision: found pre-existing command `xilinx_dffopt' -> skip.
[TCL: yosys -import] Command name collision: found pre-existing command `xilinx_dsp' -> skip.
[TCL: yosys -import] Command name collision: found pre-existing command `xilinx_srl' -> skip.
[TCL: yosys -import] Command name collision: found pre-existing command `xprop' -> skip.
[TCL: yosys -import] Command name collision: found pre-existing command `zinit' -> skip.

1. Executing Verilog-2005 frontend: /home/xiaokewan/Software/vtr-verilog-to-routing-master/build/bin/../share/yosys/parmys/vtr_primitives.v
Using parmys as partial mapper
Command terminated by signal 11
	Command being timed: "/home/xiaokewan/Software/vtr-verilog-to-routing-master/build/bin/yosys -c synthesis.tcl"
	User time (seconds): 0.05
	System time (seconds): 0.01
	Percent of CPU this job got: 49%
	Elapsed (wall clock) time (h:mm:ss or m:ss): 0:00.15
	Average shared text size (kbytes): 0
	Average unshared data size (kbytes): 0
	Average stack size (kbytes): 0
	Average total size (kbytes): 0
	Maximum resident set size (kbytes): 45888
	Average resident set size (kbytes): 0
	Major (requiring I/O) page faults: 73
	Minor (reclaiming a frame) page faults: 8558
	Voluntary context switches: 99
	Involuntary context switches: 3
	Swaps: 0
	File system inputs: 19040
	File system outputs: 0
	Socket messages sent: 0
	Socket messages received: 0
	Signals delivered: 0
	Page size (bytes): 4096
	Exit status: 0
