#Packing pin usage report
Type: io
	Input Pin Usage:
		Max: 1.00 (0.02)
		Avg: 0.29 (0.01)
		Min: 0.00 (0.00)
		Histogram:
		[        0:      5.5) 221 (100.0%) |***********************************************
		[      5.5:       11)   0 (  0.0%) |
		[       11:       16)   0 (  0.0%) |
		[       16:       22)   0 (  0.0%) |
		[       22:       28)   0 (  0.0%) |
		[       28:       33)   0 (  0.0%) |
		[       33:       38)   0 (  0.0%) |
		[       38:       44)   0 (  0.0%) |
		[       44:       50)   0 (  0.0%) |
		[       50:       55)   0 (  0.0%) |
	Output Pin Usage:
		Max: 1.00 (0.03)
		Avg: 0.71 (0.02)
		Min: 0.00 (0.00)
		Histogram:
		[        0:        4) 221 (100.0%) |***********************************************
		[        4:        8)   0 (  0.0%) |
		[        8:       12)   0 (  0.0%) |
		[       12:       16)   0 (  0.0%) |
		[       16:       20)   0 (  0.0%) |
		[       20:       24)   0 (  0.0%) |
		[       24:       28)   0 (  0.0%) |
		[       28:       32)   0 (  0.0%) |
		[       32:       36)   0 (  0.0%) |
		[       36:       40)   0 (  0.0%) |

Type: LAB
	Input Pin Usage:
		Max: 52.00 (0.57)
		Avg: 24.91 (0.27)
		Min: 0.00 (0.00)
		Histogram:
		[        0:      9.1) 4 ( 36.4%) |*************************************************
		[      9.1:       18) 1 (  9.1%) |************
		[       18:       27) 0 (  0.0%) |
		[       27:       36) 1 (  9.1%) |************
		[       36:       46) 3 ( 27.3%) |*************************************
		[       46:       55) 2 ( 18.2%) |*************************
		[       55:       64) 0 (  0.0%) |
		[       64:       73) 0 (  0.0%) |
		[       73:       82) 0 (  0.0%) |
		[       82:       91) 0 (  0.0%) |
	Output Pin Usage:
		Max: 16.00 (0.38)
		Avg: 7.00 (0.17)
		Min: 1.00 (0.02)
		Histogram:
		[        0:      4.2) 5 ( 45.5%) |*************************************************
		[      4.2:      8.4) 1 (  9.1%) |**********
		[      8.4:       13) 3 ( 27.3%) |*****************************
		[       13:       17) 2 ( 18.2%) |********************
		[       17:       21) 0 (  0.0%) |
		[       21:       25) 0 (  0.0%) |
		[       25:       29) 0 (  0.0%) |
		[       29:       34) 0 (  0.0%) |
		[       34:       38) 0 (  0.0%) |
		[       38:       42) 0 (  0.0%) |

