#Timing report of worst 32 path(s)
# Unit scale: 1e-09 seconds
# Output precision: 3

#Path 1
Startpoint: pi23.inpad[0] (.input clocked by virtual_io_clock)
Endpoint  : out:po05.outpad[0] (.output clocked by virtual_io_clock)
Path Type : hold

Point                                                             Incr      Path
--------------------------------------------------------------------------------
clock virtual_io_clock (rise edge)                               0.000     0.000
clock source latency                                             0.000     0.000
input external delay                                             0.000     0.000
pi23.inpad[0] (.input)                                           0.000     0.000
po05.in[4] (.names)                                              1.698     1.698
po05.out[0] (.names)                                             0.193     1.891
out:po05.outpad[0] (.output)                                     3.248     5.139
data arrival time                                                          5.139

clock virtual_io_clock (rise edge)                               0.000     0.000
clock source latency                                             0.000     0.000
clock uncertainty                                                0.000     0.000
output external delay                                            0.000     0.000
data required time                                                         0.000
--------------------------------------------------------------------------------
data required time                                                        -0.000
data arrival time                                                          5.139
--------------------------------------------------------------------------------
slack (MET)                                                                5.139


#Path 2
Startpoint: pi06.inpad[0] (.input clocked by virtual_io_clock)
Endpoint  : out:po24.outpad[0] (.output clocked by virtual_io_clock)
Path Type : hold

Point                                                             Incr      Path
--------------------------------------------------------------------------------
clock virtual_io_clock (rise edge)                               0.000     0.000
clock source latency                                             0.000     0.000
input external delay                                             0.000     0.000
pi06.inpad[0] (.input)                                           0.000     0.000
po24.in[5] (.names)                                              1.694     1.694
po24.out[0] (.names)                                             0.193     1.887
out:po24.outpad[0] (.output)                                     3.290     5.177
data arrival time                                                          5.177

clock virtual_io_clock (rise edge)                               0.000     0.000
clock source latency                                             0.000     0.000
clock uncertainty                                                0.000     0.000
output external delay                                            0.000     0.000
data required time                                                         0.000
--------------------------------------------------------------------------------
data required time                                                        -0.000
data arrival time                                                          5.177
--------------------------------------------------------------------------------
slack (MET)                                                                5.177


#Path 3
Startpoint: pi20.inpad[0] (.input clocked by virtual_io_clock)
Endpoint  : out:po21.outpad[0] (.output clocked by virtual_io_clock)
Path Type : hold

Point                                                             Incr      Path
--------------------------------------------------------------------------------
clock virtual_io_clock (rise edge)                               0.000     0.000
clock source latency                                             0.000     0.000
input external delay                                             0.000     0.000
pi20.inpad[0] (.input)                                           0.000     0.000
po21.in[5] (.names)                                              1.837     1.837
po21.out[0] (.names)                                             0.193     2.030
out:po21.outpad[0] (.output)                                     3.175     5.205
data arrival time                                                          5.205

clock virtual_io_clock (rise edge)                               0.000     0.000
clock source latency                                             0.000     0.000
clock uncertainty                                                0.000     0.000
output external delay                                            0.000     0.000
data required time                                                         0.000
--------------------------------------------------------------------------------
data required time                                                        -0.000
data arrival time                                                          5.205
--------------------------------------------------------------------------------
slack (MET)                                                                5.205


#Path 4
Startpoint: pi26.inpad[0] (.input clocked by virtual_io_clock)
Endpoint  : out:po01.outpad[0] (.output clocked by virtual_io_clock)
Path Type : hold

Point                                                             Incr      Path
--------------------------------------------------------------------------------
clock virtual_io_clock (rise edge)                               0.000     0.000
clock source latency                                             0.000     0.000
input external delay                                             0.000     0.000
pi26.inpad[0] (.input)                                           0.000     0.000
po01.in[4] (.names)                                              1.779     1.779
po01.out[0] (.names)                                             0.193     1.972
out:po01.outpad[0] (.output)                                     3.244     5.216
data arrival time                                                          5.216

clock virtual_io_clock (rise edge)                               0.000     0.000
clock source latency                                             0.000     0.000
clock uncertainty                                                0.000     0.000
output external delay                                            0.000     0.000
data required time                                                         0.000
--------------------------------------------------------------------------------
data required time                                                        -0.000
data arrival time                                                          5.216
--------------------------------------------------------------------------------
slack (MET)                                                                5.216


#Path 5
Startpoint: pi31.inpad[0] (.input clocked by virtual_io_clock)
Endpoint  : out:po19.outpad[0] (.output clocked by virtual_io_clock)
Path Type : hold

Point                                                             Incr      Path
--------------------------------------------------------------------------------
clock virtual_io_clock (rise edge)                               0.000     0.000
clock source latency                                             0.000     0.000
input external delay                                             0.000     0.000
pi31.inpad[0] (.input)                                           0.000     0.000
po19.in[5] (.names)                                              1.702     1.702
po19.out[0] (.names)                                             0.193     1.895
out:po19.outpad[0] (.output)                                     3.321     5.216
data arrival time                                                          5.216

clock virtual_io_clock (rise edge)                               0.000     0.000
clock source latency                                             0.000     0.000
clock uncertainty                                                0.000     0.000
output external delay                                            0.000     0.000
data required time                                                         0.000
--------------------------------------------------------------------------------
data required time                                                        -0.000
data arrival time                                                          5.216
--------------------------------------------------------------------------------
slack (MET)                                                                5.216


#Path 6
Startpoint: pi01.inpad[0] (.input clocked by virtual_io_clock)
Endpoint  : out:po04.outpad[0] (.output clocked by virtual_io_clock)
Path Type : hold

Point                                                             Incr      Path
--------------------------------------------------------------------------------
clock virtual_io_clock (rise edge)                               0.000     0.000
clock source latency                                             0.000     0.000
input external delay                                             0.000     0.000
pi01.inpad[0] (.input)                                           0.000     0.000
po04.in[4] (.names)                                              1.698     1.698
po04.out[0] (.names)                                             0.193     1.891
out:po04.outpad[0] (.output)                                     3.336     5.227
data arrival time                                                          5.227

clock virtual_io_clock (rise edge)                               0.000     0.000
clock source latency                                             0.000     0.000
clock uncertainty                                                0.000     0.000
output external delay                                            0.000     0.000
data required time                                                         0.000
--------------------------------------------------------------------------------
data required time                                                        -0.000
data arrival time                                                          5.227
--------------------------------------------------------------------------------
slack (MET)                                                                5.227


#Path 7
Startpoint: pi22.inpad[0] (.input clocked by virtual_io_clock)
Endpoint  : out:po23.outpad[0] (.output clocked by virtual_io_clock)
Path Type : hold

Point                                                             Incr      Path
--------------------------------------------------------------------------------
clock virtual_io_clock (rise edge)                               0.000     0.000
clock source latency                                             0.000     0.000
input external delay                                             0.000     0.000
pi22.inpad[0] (.input)                                           0.000     0.000
po23.in[5] (.names)                                              1.699     1.699
po23.out[0] (.names)                                             0.193     1.892
out:po23.outpad[0] (.output)                                     3.350     5.241
data arrival time                                                          5.241

clock virtual_io_clock (rise edge)                               0.000     0.000
clock source latency                                             0.000     0.000
clock uncertainty                                                0.000     0.000
output external delay                                            0.000     0.000
data required time                                                         0.000
--------------------------------------------------------------------------------
data required time                                                        -0.000
data arrival time                                                          5.241
--------------------------------------------------------------------------------
slack (MET)                                                                5.241


#Path 8
Startpoint: pi12.inpad[0] (.input clocked by virtual_io_clock)
Endpoint  : out:po30.outpad[0] (.output clocked by virtual_io_clock)
Path Type : hold

Point                                                             Incr      Path
--------------------------------------------------------------------------------
clock virtual_io_clock (rise edge)                               0.000     0.000
clock source latency                                             0.000     0.000
input external delay                                             0.000     0.000
pi12.inpad[0] (.input)                                           0.000     0.000
po30.in[5] (.names)                                              1.832     1.832
po30.out[0] (.names)                                             0.193     2.025
out:po30.outpad[0] (.output)                                     3.218     5.244
data arrival time                                                          5.244

clock virtual_io_clock (rise edge)                               0.000     0.000
clock source latency                                             0.000     0.000
clock uncertainty                                                0.000     0.000
output external delay                                            0.000     0.000
data required time                                                         0.000
--------------------------------------------------------------------------------
data required time                                                        -0.000
data arrival time                                                          5.244
--------------------------------------------------------------------------------
slack (MET)                                                                5.244


#Path 9
Startpoint: pi14.inpad[0] (.input clocked by virtual_io_clock)
Endpoint  : out:po06.outpad[0] (.output clocked by virtual_io_clock)
Path Type : hold

Point                                                             Incr      Path
--------------------------------------------------------------------------------
clock virtual_io_clock (rise edge)                               0.000     0.000
clock source latency                                             0.000     0.000
input external delay                                             0.000     0.000
pi14.inpad[0] (.input)                                           0.000     0.000
po06.in[4] (.names)                                              1.797     1.797
po06.out[0] (.names)                                             0.193     1.990
out:po06.outpad[0] (.output)                                     3.254     5.244
data arrival time                                                          5.244

clock virtual_io_clock (rise edge)                               0.000     0.000
clock source latency                                             0.000     0.000
clock uncertainty                                                0.000     0.000
output external delay                                            0.000     0.000
data required time                                                         0.000
--------------------------------------------------------------------------------
data required time                                                        -0.000
data arrival time                                                          5.244
--------------------------------------------------------------------------------
slack (MET)                                                                5.244


#Path 10
Startpoint: pi19.inpad[0] (.input clocked by virtual_io_clock)
Endpoint  : out:po20.outpad[0] (.output clocked by virtual_io_clock)
Path Type : hold

Point                                                             Incr      Path
--------------------------------------------------------------------------------
clock virtual_io_clock (rise edge)                               0.000     0.000
clock source latency                                             0.000     0.000
input external delay                                             0.000     0.000
pi19.inpad[0] (.input)                                           0.000     0.000
po20.in[5] (.names)                                              1.704     1.704
po20.out[0] (.names)                                             0.193     1.897
out:po20.outpad[0] (.output)                                     3.364     5.261
data arrival time                                                          5.261

clock virtual_io_clock (rise edge)                               0.000     0.000
clock source latency                                             0.000     0.000
clock uncertainty                                                0.000     0.000
output external delay                                            0.000     0.000
data required time                                                         0.000
--------------------------------------------------------------------------------
data required time                                                        -0.000
data arrival time                                                          5.261
--------------------------------------------------------------------------------
slack (MET)                                                                5.261


#Path 11
Startpoint: pi34.inpad[0] (.input clocked by virtual_io_clock)
Endpoint  : out:po11.outpad[0] (.output clocked by virtual_io_clock)
Path Type : hold

Point                                                             Incr      Path
--------------------------------------------------------------------------------
clock virtual_io_clock (rise edge)                               0.000     0.000
clock source latency                                             0.000     0.000
input external delay                                             0.000     0.000
pi34.inpad[0] (.input)                                           0.000     0.000
po11.in[4] (.names)                                              1.811     1.811
po11.out[0] (.names)                                             0.193     2.004
out:po11.outpad[0] (.output)                                     3.263     5.267
data arrival time                                                          5.267

clock virtual_io_clock (rise edge)                               0.000     0.000
clock source latency                                             0.000     0.000
clock uncertainty                                                0.000     0.000
output external delay                                            0.000     0.000
data required time                                                         0.000
--------------------------------------------------------------------------------
data required time                                                        -0.000
data arrival time                                                          5.267
--------------------------------------------------------------------------------
slack (MET)                                                                5.267


#Path 12
Startpoint: pi33.inpad[0] (.input clocked by virtual_io_clock)
Endpoint  : out:po07.outpad[0] (.output clocked by virtual_io_clock)
Path Type : hold

Point                                                             Incr      Path
--------------------------------------------------------------------------------
clock virtual_io_clock (rise edge)                               0.000     0.000
clock source latency                                             0.000     0.000
input external delay                                             0.000     0.000
pi33.inpad[0] (.input)                                           0.000     0.000
po07.in[4] (.names)                                              1.696     1.696
po07.out[0] (.names)                                             0.193     1.889
out:po07.outpad[0] (.output)                                     3.395     5.285
data arrival time                                                          5.285

clock virtual_io_clock (rise edge)                               0.000     0.000
clock source latency                                             0.000     0.000
clock uncertainty                                                0.000     0.000
output external delay                                            0.000     0.000
data required time                                                         0.000
--------------------------------------------------------------------------------
data required time                                                        -0.000
data arrival time                                                          5.285
--------------------------------------------------------------------------------
slack (MET)                                                                5.285


#Path 13
Startpoint: pi16.inpad[0] (.input clocked by virtual_io_clock)
Endpoint  : out:po14.outpad[0] (.output clocked by virtual_io_clock)
Path Type : hold

Point                                                             Incr      Path
--------------------------------------------------------------------------------
clock virtual_io_clock (rise edge)                               0.000     0.000
clock source latency                                             0.000     0.000
input external delay                                             0.000     0.000
pi16.inpad[0] (.input)                                           0.000     0.000
po14.in[4] (.names)                                              1.703     1.703
po14.out[0] (.names)                                             0.193     1.896
out:po14.outpad[0] (.output)                                     3.405     5.301
data arrival time                                                          5.301

clock virtual_io_clock (rise edge)                               0.000     0.000
clock source latency                                             0.000     0.000
clock uncertainty                                                0.000     0.000
output external delay                                            0.000     0.000
data required time                                                         0.000
--------------------------------------------------------------------------------
data required time                                                        -0.000
data arrival time                                                          5.301
--------------------------------------------------------------------------------
slack (MET)                                                                5.301


#Path 14
Startpoint: pi09.inpad[0] (.input clocked by virtual_io_clock)
Endpoint  : out:po27.outpad[0] (.output clocked by virtual_io_clock)
Path Type : hold

Point                                                             Incr      Path
--------------------------------------------------------------------------------
clock virtual_io_clock (rise edge)                               0.000     0.000
clock source latency                                             0.000     0.000
input external delay                                             0.000     0.000
pi09.inpad[0] (.input)                                           0.000     0.000
po27.in[5] (.names)                                              1.690     1.690
po27.out[0] (.names)                                             0.193     1.883
out:po27.outpad[0] (.output)                                     3.442     5.325
data arrival time                                                          5.325

clock virtual_io_clock (rise edge)                               0.000     0.000
clock source latency                                             0.000     0.000
clock uncertainty                                                0.000     0.000
output external delay                                            0.000     0.000
data required time                                                         0.000
--------------------------------------------------------------------------------
data required time                                                        -0.000
data arrival time                                                          5.325
--------------------------------------------------------------------------------
slack (MET)                                                                5.325


#Path 15
Startpoint: pi25.inpad[0] (.input clocked by virtual_io_clock)
Endpoint  : out:po13.outpad[0] (.output clocked by virtual_io_clock)
Path Type : hold

Point                                                             Incr      Path
--------------------------------------------------------------------------------
clock virtual_io_clock (rise edge)                               0.000     0.000
clock source latency                                             0.000     0.000
input external delay                                             0.000     0.000
pi25.inpad[0] (.input)                                           0.000     0.000
po13.in[4] (.names)                                              1.692     1.692
po13.out[0] (.names)                                             0.193     1.885
out:po13.outpad[0] (.output)                                     3.450     5.335
data arrival time                                                          5.335

clock virtual_io_clock (rise edge)                               0.000     0.000
clock source latency                                             0.000     0.000
clock uncertainty                                                0.000     0.000
output external delay                                            0.000     0.000
data required time                                                         0.000
--------------------------------------------------------------------------------
data required time                                                        -0.000
data arrival time                                                          5.335
--------------------------------------------------------------------------------
slack (MET)                                                                5.335


#Path 16
Startpoint: pi24.inpad[0] (.input clocked by virtual_io_clock)
Endpoint  : out:po09.outpad[0] (.output clocked by virtual_io_clock)
Path Type : hold

Point                                                             Incr      Path
--------------------------------------------------------------------------------
clock virtual_io_clock (rise edge)                               0.000     0.000
clock source latency                                             0.000     0.000
input external delay                                             0.000     0.000
pi24.inpad[0] (.input)                                           0.000     0.000
po09.in[4] (.names)                                              1.701     1.701
po09.out[0] (.names)                                             0.193     1.894
out:po09.outpad[0] (.output)                                     3.450     5.344
data arrival time                                                          5.344

clock virtual_io_clock (rise edge)                               0.000     0.000
clock source latency                                             0.000     0.000
clock uncertainty                                                0.000     0.000
output external delay                                            0.000     0.000
data required time                                                         0.000
--------------------------------------------------------------------------------
data required time                                                        -0.000
data arrival time                                                          5.344
--------------------------------------------------------------------------------
slack (MET)                                                                5.344


#Path 17
Startpoint: pi11.inpad[0] (.input clocked by virtual_io_clock)
Endpoint  : out:po29.outpad[0] (.output clocked by virtual_io_clock)
Path Type : hold

Point                                                             Incr      Path
--------------------------------------------------------------------------------
clock virtual_io_clock (rise edge)                               0.000     0.000
clock source latency                                             0.000     0.000
input external delay                                             0.000     0.000
pi11.inpad[0] (.input)                                           0.000     0.000
po29.in[5] (.names)                                              1.858     1.858
po29.out[0] (.names)                                             0.193     2.051
out:po29.outpad[0] (.output)                                     3.311     5.362
data arrival time                                                          5.362

clock virtual_io_clock (rise edge)                               0.000     0.000
clock source latency                                             0.000     0.000
clock uncertainty                                                0.000     0.000
output external delay                                            0.000     0.000
data required time                                                         0.000
--------------------------------------------------------------------------------
data required time                                                        -0.000
data arrival time                                                          5.362
--------------------------------------------------------------------------------
slack (MET)                                                                5.362


#Path 18
Startpoint: pi02.inpad[0] (.input clocked by virtual_io_clock)
Endpoint  : out:po08.outpad[0] (.output clocked by virtual_io_clock)
Path Type : hold

Point                                                             Incr      Path
--------------------------------------------------------------------------------
clock virtual_io_clock (rise edge)                               0.000     0.000
clock source latency                                             0.000     0.000
input external delay                                             0.000     0.000
pi02.inpad[0] (.input)                                           0.000     0.000
po08.in[4] (.names)                                              1.929     1.929
po08.out[0] (.names)                                             0.193     2.122
out:po08.outpad[0] (.output)                                     3.245     5.367
data arrival time                                                          5.367

clock virtual_io_clock (rise edge)                               0.000     0.000
clock source latency                                             0.000     0.000
clock uncertainty                                                0.000     0.000
output external delay                                            0.000     0.000
data required time                                                         0.000
--------------------------------------------------------------------------------
data required time                                                        -0.000
data arrival time                                                          5.367
--------------------------------------------------------------------------------
slack (MET)                                                                5.367


#Path 19
Startpoint: pi28.inpad[0] (.input clocked by virtual_io_clock)
Endpoint  : out:po16.outpad[0] (.output clocked by virtual_io_clock)
Path Type : hold

Point                                                             Incr      Path
--------------------------------------------------------------------------------
clock virtual_io_clock (rise edge)                               0.000     0.000
clock source latency                                             0.000     0.000
input external delay                                             0.000     0.000
pi28.inpad[0] (.input)                                           0.000     0.000
po16.in[5] (.names)                                              1.700     1.700
po16.out[0] (.names)                                             0.193     1.893
out:po16.outpad[0] (.output)                                     3.484     5.377
data arrival time                                                          5.377

clock virtual_io_clock (rise edge)                               0.000     0.000
clock source latency                                             0.000     0.000
clock uncertainty                                                0.000     0.000
output external delay                                            0.000     0.000
data required time                                                         0.000
--------------------------------------------------------------------------------
data required time                                                        -0.000
data arrival time                                                          5.377
--------------------------------------------------------------------------------
slack (MET)                                                                5.377


#Path 20
Startpoint: pi10.inpad[0] (.input clocked by virtual_io_clock)
Endpoint  : out:po28.outpad[0] (.output clocked by virtual_io_clock)
Path Type : hold

Point                                                             Incr      Path
--------------------------------------------------------------------------------
clock virtual_io_clock (rise edge)                               0.000     0.000
clock source latency                                             0.000     0.000
input external delay                                             0.000     0.000
pi10.inpad[0] (.input)                                           0.000     0.000
po28.in[5] (.names)                                              1.821     1.821
po28.out[0] (.names)                                             0.193     2.014
out:po28.outpad[0] (.output)                                     3.390     5.404
data arrival time                                                          5.404

clock virtual_io_clock (rise edge)                               0.000     0.000
clock source latency                                             0.000     0.000
clock uncertainty                                                0.000     0.000
output external delay                                            0.000     0.000
data required time                                                         0.000
--------------------------------------------------------------------------------
data required time                                                        -0.000
data arrival time                                                          5.404
--------------------------------------------------------------------------------
slack (MET)                                                                5.404


#Path 21
Startpoint: pi32.inpad[0] (.input clocked by virtual_io_clock)
Endpoint  : out:po03.outpad[0] (.output clocked by virtual_io_clock)
Path Type : hold

Point                                                             Incr      Path
--------------------------------------------------------------------------------
clock virtual_io_clock (rise edge)                               0.000     0.000
clock source latency                                             0.000     0.000
input external delay                                             0.000     0.000
pi32.inpad[0] (.input)                                           0.000     0.000
po03.in[4] (.names)                                              1.842     1.842
po03.out[0] (.names)                                             0.193     2.035
out:po03.outpad[0] (.output)                                     3.383     5.418
data arrival time                                                          5.418

clock virtual_io_clock (rise edge)                               0.000     0.000
clock source latency                                             0.000     0.000
clock uncertainty                                                0.000     0.000
output external delay                                            0.000     0.000
data required time                                                         0.000
--------------------------------------------------------------------------------
data required time                                                        -0.000
data arrival time                                                          5.418
--------------------------------------------------------------------------------
slack (MET)                                                                5.418


#Path 22
Startpoint: pi03.inpad[0] (.input clocked by virtual_io_clock)
Endpoint  : out:po12.outpad[0] (.output clocked by virtual_io_clock)
Path Type : hold

Point                                                             Incr      Path
--------------------------------------------------------------------------------
clock virtual_io_clock (rise edge)                               0.000     0.000
clock source latency                                             0.000     0.000
input external delay                                             0.000     0.000
pi03.inpad[0] (.input)                                           0.000     0.000
po12.in[4] (.names)                                              1.859     1.859
po12.out[0] (.names)                                             0.193     2.052
out:po12.outpad[0] (.output)                                     3.371     5.423
data arrival time                                                          5.423

clock virtual_io_clock (rise edge)                               0.000     0.000
clock source latency                                             0.000     0.000
clock uncertainty                                                0.000     0.000
output external delay                                            0.000     0.000
data required time                                                         0.000
--------------------------------------------------------------------------------
data required time                                                        -0.000
data arrival time                                                          5.423
--------------------------------------------------------------------------------
slack (MET)                                                                5.423


#Path 23
Startpoint: pi21.inpad[0] (.input clocked by virtual_io_clock)
Endpoint  : out:po22.outpad[0] (.output clocked by virtual_io_clock)
Path Type : hold

Point                                                             Incr      Path
--------------------------------------------------------------------------------
clock virtual_io_clock (rise edge)                               0.000     0.000
clock source latency                                             0.000     0.000
input external delay                                             0.000     0.000
pi21.inpad[0] (.input)                                           0.000     0.000
po22.in[5] (.names)                                              1.822     1.822
po22.out[0] (.names)                                             0.193     2.015
out:po22.outpad[0] (.output)                                     3.410     5.425
data arrival time                                                          5.425

clock virtual_io_clock (rise edge)                               0.000     0.000
clock source latency                                             0.000     0.000
clock uncertainty                                                0.000     0.000
output external delay                                            0.000     0.000
data required time                                                         0.000
--------------------------------------------------------------------------------
data required time                                                        -0.000
data arrival time                                                          5.425
--------------------------------------------------------------------------------
slack (MET)                                                                5.425


#Path 24
Startpoint: pi08.inpad[0] (.input clocked by virtual_io_clock)
Endpoint  : out:po26.outpad[0] (.output clocked by virtual_io_clock)
Path Type : hold

Point                                                             Incr      Path
--------------------------------------------------------------------------------
clock virtual_io_clock (rise edge)                               0.000     0.000
clock source latency                                             0.000     0.000
input external delay                                             0.000     0.000
pi08.inpad[0] (.input)                                           0.000     0.000
po26.in[5] (.names)                                              1.845     1.845
po26.out[0] (.names)                                             0.193     2.038
out:po26.outpad[0] (.output)                                     3.394     5.432
data arrival time                                                          5.432

clock virtual_io_clock (rise edge)                               0.000     0.000
clock source latency                                             0.000     0.000
clock uncertainty                                                0.000     0.000
output external delay                                            0.000     0.000
data required time                                                         0.000
--------------------------------------------------------------------------------
data required time                                                        -0.000
data arrival time                                                          5.432
--------------------------------------------------------------------------------
slack (MET)                                                                5.432


#Path 25
Startpoint: pi29.inpad[0] (.input clocked by virtual_io_clock)
Endpoint  : out:po17.outpad[0] (.output clocked by virtual_io_clock)
Path Type : hold

Point                                                             Incr      Path
--------------------------------------------------------------------------------
clock virtual_io_clock (rise edge)                               0.000     0.000
clock source latency                                             0.000     0.000
input external delay                                             0.000     0.000
pi29.inpad[0] (.input)                                           0.000     0.000
po17.in[5] (.names)                                              1.823     1.823
po17.out[0] (.names)                                             0.193     2.016
out:po17.outpad[0] (.output)                                     3.435     5.451
data arrival time                                                          5.451

clock virtual_io_clock (rise edge)                               0.000     0.000
clock source latency                                             0.000     0.000
clock uncertainty                                                0.000     0.000
output external delay                                            0.000     0.000
data required time                                                         0.000
--------------------------------------------------------------------------------
data required time                                                        -0.000
data arrival time                                                          5.451
--------------------------------------------------------------------------------
slack (MET)                                                                5.451


#Path 26
Startpoint: pi35.inpad[0] (.input clocked by virtual_io_clock)
Endpoint  : out:po02.outpad[0] (.output clocked by virtual_io_clock)
Path Type : hold

Point                                                             Incr      Path
--------------------------------------------------------------------------------
clock virtual_io_clock (rise edge)                               0.000     0.000
clock source latency                                             0.000     0.000
input external delay                                             0.000     0.000
pi35.inpad[0] (.input)                                           0.000     0.000
po02.in[4] (.names)                                              1.775     1.775
po02.out[0] (.names)                                             0.193     1.968
out:po02.outpad[0] (.output)                                     3.496     5.464
data arrival time                                                          5.464

clock virtual_io_clock (rise edge)                               0.000     0.000
clock source latency                                             0.000     0.000
clock uncertainty                                                0.000     0.000
output external delay                                            0.000     0.000
data required time                                                         0.000
--------------------------------------------------------------------------------
data required time                                                        -0.000
data arrival time                                                          5.464
--------------------------------------------------------------------------------
slack (MET)                                                                5.464


#Path 27
Startpoint: pi30.inpad[0] (.input clocked by virtual_io_clock)
Endpoint  : out:po18.outpad[0] (.output clocked by virtual_io_clock)
Path Type : hold

Point                                                             Incr      Path
--------------------------------------------------------------------------------
clock virtual_io_clock (rise edge)                               0.000     0.000
clock source latency                                             0.000     0.000
input external delay                                             0.000     0.000
pi30.inpad[0] (.input)                                           0.000     0.000
po18.in[5] (.names)                                              1.821     1.821
po18.out[0] (.names)                                             0.193     2.014
out:po18.outpad[0] (.output)                                     3.452     5.466
data arrival time                                                          5.466

clock virtual_io_clock (rise edge)                               0.000     0.000
clock source latency                                             0.000     0.000
clock uncertainty                                                0.000     0.000
output external delay                                            0.000     0.000
data required time                                                         0.000
--------------------------------------------------------------------------------
data required time                                                        -0.000
data arrival time                                                          5.466
--------------------------------------------------------------------------------
slack (MET)                                                                5.466


#Path 28
Startpoint: pi00.inpad[0] (.input clocked by virtual_io_clock)
Endpoint  : out:po00.outpad[0] (.output clocked by virtual_io_clock)
Path Type : hold

Point                                                             Incr      Path
--------------------------------------------------------------------------------
clock virtual_io_clock (rise edge)                               0.000     0.000
clock source latency                                             0.000     0.000
input external delay                                             0.000     0.000
pi00.inpad[0] (.input)                                           0.000     0.000
po00.in[4] (.names)                                              1.833     1.833
po00.out[0] (.names)                                             0.193     2.026
out:po00.outpad[0] (.output)                                     3.458     5.484
data arrival time                                                          5.484

clock virtual_io_clock (rise edge)                               0.000     0.000
clock source latency                                             0.000     0.000
clock uncertainty                                                0.000     0.000
output external delay                                            0.000     0.000
data required time                                                         0.000
--------------------------------------------------------------------------------
data required time                                                        -0.000
data arrival time                                                          5.484
--------------------------------------------------------------------------------
slack (MET)                                                                5.484


#Path 29
Startpoint: pi13.inpad[0] (.input clocked by virtual_io_clock)
Endpoint  : out:po31.outpad[0] (.output clocked by virtual_io_clock)
Path Type : hold

Point                                                             Incr      Path
--------------------------------------------------------------------------------
clock virtual_io_clock (rise edge)                               0.000     0.000
clock source latency                                             0.000     0.000
input external delay                                             0.000     0.000
pi13.inpad[0] (.input)                                           0.000     0.000
po31.in[5] (.names)                                              1.822     1.822
po31.out[0] (.names)                                             0.193     2.015
out:po31.outpad[0] (.output)                                     3.476     5.491
data arrival time                                                          5.491

clock virtual_io_clock (rise edge)                               0.000     0.000
clock source latency                                             0.000     0.000
clock uncertainty                                                0.000     0.000
output external delay                                            0.000     0.000
data required time                                                         0.000
--------------------------------------------------------------------------------
data required time                                                        -0.000
data arrival time                                                          5.491
--------------------------------------------------------------------------------
slack (MET)                                                                5.491


#Path 30
Startpoint: pi15.inpad[0] (.input clocked by virtual_io_clock)
Endpoint  : out:po10.outpad[0] (.output clocked by virtual_io_clock)
Path Type : hold

Point                                                             Incr      Path
--------------------------------------------------------------------------------
clock virtual_io_clock (rise edge)                               0.000     0.000
clock source latency                                             0.000     0.000
input external delay                                             0.000     0.000
pi15.inpad[0] (.input)                                           0.000     0.000
po10.in[4] (.names)                                              1.826     1.826
po10.out[0] (.names)                                             0.193     2.019
out:po10.outpad[0] (.output)                                     3.507     5.526
data arrival time                                                          5.526

clock virtual_io_clock (rise edge)                               0.000     0.000
clock source latency                                             0.000     0.000
clock uncertainty                                                0.000     0.000
output external delay                                            0.000     0.000
data required time                                                         0.000
--------------------------------------------------------------------------------
data required time                                                        -0.000
data arrival time                                                          5.526
--------------------------------------------------------------------------------
slack (MET)                                                                5.526


#Path 31
Startpoint: pi05.inpad[0] (.input clocked by virtual_io_clock)
Endpoint  : out:po25.outpad[0] (.output clocked by virtual_io_clock)
Path Type : hold

Point                                                             Incr      Path
--------------------------------------------------------------------------------
clock virtual_io_clock (rise edge)                               0.000     0.000
clock source latency                                             0.000     0.000
input external delay                                             0.000     0.000
pi05.inpad[0] (.input)                                           0.000     0.000
new_n117.in[0] (.names)                                          1.696     1.696
new_n117.out[0] (.names)                                         0.193     1.889
po25.in[4] (.names)                                              0.064     1.953
po25.out[0] (.names)                                             0.193     2.146
out:po25.outpad[0] (.output)                                     3.391     5.537
data arrival time                                                          5.537

clock virtual_io_clock (rise edge)                               0.000     0.000
clock source latency                                             0.000     0.000
clock uncertainty                                                0.000     0.000
output external delay                                            0.000     0.000
data required time                                                         0.000
--------------------------------------------------------------------------------
data required time                                                        -0.000
data arrival time                                                          5.537
--------------------------------------------------------------------------------
slack (MET)                                                                5.537


#Path 32
Startpoint: pi17.inpad[0] (.input clocked by virtual_io_clock)
Endpoint  : out:po15.outpad[0] (.output clocked by virtual_io_clock)
Path Type : hold

Point                                                             Incr      Path
--------------------------------------------------------------------------------
clock virtual_io_clock (rise edge)                               0.000     0.000
clock source latency                                             0.000     0.000
input external delay                                             0.000     0.000
pi17.inpad[0] (.input)                                           0.000     0.000
po15.in[4] (.names)                                              1.942     1.942
po15.out[0] (.names)                                             0.193     2.135
out:po15.outpad[0] (.output)                                     3.451     5.585
data arrival time                                                          5.585

clock virtual_io_clock (rise edge)                               0.000     0.000
clock source latency                                             0.000     0.000
clock uncertainty                                                0.000     0.000
output external delay                                            0.000     0.000
data required time                                                         0.000
--------------------------------------------------------------------------------
data required time                                                        -0.000
data arrival time                                                          5.585
--------------------------------------------------------------------------------
slack (MET)                                                                5.585


#End of timing report
