#Packing pin usage report
Type: io
	Input Pin Usage:
		Max: 1.00 (0.02)
		Avg: 0.41 (0.01)
		Min: 0.00 (0.00)
		Histogram:
		[        0:      5.5) 301 (100.0%) |***********************************************
		[      5.5:       11)   0 (  0.0%) |
		[       11:       16)   0 (  0.0%) |
		[       16:       22)   0 (  0.0%) |
		[       22:       28)   0 (  0.0%) |
		[       28:       33)   0 (  0.0%) |
		[       33:       38)   0 (  0.0%) |
		[       38:       44)   0 (  0.0%) |
		[       44:       50)   0 (  0.0%) |
		[       50:       55)   0 (  0.0%) |
	Output Pin Usage:
		Max: 1.00 (0.03)
		Avg: 0.59 (0.01)
		Min: 0.00 (0.00)
		Histogram:
		[        0:        4) 301 (100.0%) |***********************************************
		[        4:        8)   0 (  0.0%) |
		[        8:       12)   0 (  0.0%) |
		[       12:       16)   0 (  0.0%) |
		[       16:       20)   0 (  0.0%) |
		[       20:       24)   0 (  0.0%) |
		[       24:       28)   0 (  0.0%) |
		[       28:       32)   0 (  0.0%) |
		[       32:       36)   0 (  0.0%) |
		[       36:       40)   0 (  0.0%) |

Type: LAB
	Input Pin Usage:
		Max: 49.00 (0.54)
		Avg: 23.46 (0.26)
		Min: 0.00 (0.00)
		Histogram:
		[        0:      9.1) 8 ( 33.3%) |*************************************************
		[      9.1:       18) 1 (  4.2%) |******
		[       18:       27) 3 ( 12.5%) |******************
		[       27:       36) 4 ( 16.7%) |*************************
		[       36:       46) 7 ( 29.2%) |*******************************************
		[       46:       55) 1 (  4.2%) |******
		[       55:       64) 0 (  0.0%) |
		[       64:       73) 0 (  0.0%) |
		[       73:       82) 0 (  0.0%) |
		[       82:       91) 0 (  0.0%) |
	Output Pin Usage:
		Max: 19.00 (0.45)
		Avg: 9.54 (0.23)
		Min: 1.00 (0.02)
		Histogram:
		[        0:      4.2) 8 ( 33.3%) |*************************************************
		[      4.2:      8.4) 1 (  4.2%) |******
		[      8.4:       13) 5 ( 20.8%) |*******************************
		[       13:       17) 8 ( 33.3%) |*************************************************
		[       17:       21) 2 (  8.3%) |************
		[       21:       25) 0 (  0.0%) |
		[       25:       29) 0 (  0.0%) |
		[       29:       34) 0 (  0.0%) |
		[       34:       38) 0 (  0.0%) |
		[       38:       42) 0 (  0.0%) |

