#Timing report of worst 7 path(s)
# Unit scale: 1e-09 seconds
# Output precision: 3

#Path 1
Startpoint: G28.inpad[0] (.input clocked by virtual_io_clock)
Endpoint  : out:G429.outpad[0] (.output clocked by virtual_io_clock)
Path Type : setup

Point                                                             Incr      Path
--------------------------------------------------------------------------------
clock virtual_io_clock (rise edge)                               0.000     0.000
clock source latency                                             0.000     0.000
input external delay                                             0.000     0.000
G28.inpad[0] (.input)                                            0.000     0.000
new_n56.in[0] (.names)                                           1.014     1.014
new_n56.out[0] (.names)                                          0.261     1.275
new_n54.in[0] (.names)                                           1.014     2.289
new_n54.out[0] (.names)                                          0.261     2.550
new_n53.in[0] (.names)                                           1.014     3.563
new_n53.out[0] (.names)                                          0.261     3.824
new_n92.in[0] (.names)                                           1.014     4.838
new_n92.out[0] (.names)                                          0.261     5.099
new_n106.in[0] (.names)                                          1.014     6.113
new_n106.out[0] (.names)                                         0.261     6.374
new_n105.in[0] (.names)                                          1.014     7.388
new_n105.out[0] (.names)                                         0.261     7.649
G429.in[0] (.names)                                              1.014     8.663
G429.out[0] (.names)                                             0.261     8.924
out:G429.outpad[0] (.output)                                     1.014     9.938
data arrival time                                                          9.938

clock virtual_io_clock (rise edge)                               0.000     0.000
clock source latency                                             0.000     0.000
clock uncertainty                                                0.000     0.000
output external delay                                            0.000     0.000
data required time                                                         0.000
--------------------------------------------------------------------------------
data required time                                                         0.000
data arrival time                                                         -9.938
--------------------------------------------------------------------------------
slack (VIOLATED)                                                          -9.938


#Path 2
Startpoint: G28.inpad[0] (.input clocked by virtual_io_clock)
Endpoint  : out:G430.outpad[0] (.output clocked by virtual_io_clock)
Path Type : setup

Point                                                             Incr      Path
--------------------------------------------------------------------------------
clock virtual_io_clock (rise edge)                               0.000     0.000
clock source latency                                             0.000     0.000
input external delay                                             0.000     0.000
G28.inpad[0] (.input)                                            0.000     0.000
new_n56.in[0] (.names)                                           1.014     1.014
new_n56.out[0] (.names)                                          0.261     1.275
new_n54.in[0] (.names)                                           1.014     2.289
new_n54.out[0] (.names)                                          0.261     2.550
new_n53.in[0] (.names)                                           1.014     3.563
new_n53.out[0] (.names)                                          0.261     3.824
new_n92.in[0] (.names)                                           1.014     4.838
new_n92.out[0] (.names)                                          0.261     5.099
new_n111.in[0] (.names)                                          1.014     6.113
new_n111.out[0] (.names)                                         0.261     6.374
new_n121.in[0] (.names)                                          1.014     7.388
new_n121.out[0] (.names)                                         0.261     7.649
G430.in[0] (.names)                                              1.014     8.663
G430.out[0] (.names)                                             0.261     8.924
out:G430.outpad[0] (.output)                                     1.014     9.938
data arrival time                                                          9.938

clock virtual_io_clock (rise edge)                               0.000     0.000
clock source latency                                             0.000     0.000
clock uncertainty                                                0.000     0.000
output external delay                                            0.000     0.000
data required time                                                         0.000
--------------------------------------------------------------------------------
data required time                                                         0.000
data arrival time                                                         -9.938
--------------------------------------------------------------------------------
slack (VIOLATED)                                                          -9.938


#Path 3
Startpoint: G28.inpad[0] (.input clocked by virtual_io_clock)
Endpoint  : out:G431.outpad[0] (.output clocked by virtual_io_clock)
Path Type : setup

Point                                                             Incr      Path
--------------------------------------------------------------------------------
clock virtual_io_clock (rise edge)                               0.000     0.000
clock source latency                                             0.000     0.000
input external delay                                             0.000     0.000
G28.inpad[0] (.input)                                            0.000     0.000
new_n56.in[0] (.names)                                           1.014     1.014
new_n56.out[0] (.names)                                          0.261     1.275
new_n54.in[0] (.names)                                           1.014     2.289
new_n54.out[0] (.names)                                          0.261     2.550
new_n53.in[0] (.names)                                           1.014     3.563
new_n53.out[0] (.names)                                          0.261     3.824
new_n92.in[0] (.names)                                           1.014     4.838
new_n92.out[0] (.names)                                          0.261     5.099
new_n106.in[0] (.names)                                          1.014     6.113
new_n106.out[0] (.names)                                         0.261     6.374
new_n105.in[0] (.names)                                          1.014     7.388
new_n105.out[0] (.names)                                         0.261     7.649
G431.in[0] (.names)                                              1.014     8.663
G431.out[0] (.names)                                             0.261     8.924
out:G431.outpad[0] (.output)                                     1.014     9.938
data arrival time                                                          9.938

clock virtual_io_clock (rise edge)                               0.000     0.000
clock source latency                                             0.000     0.000
clock uncertainty                                                0.000     0.000
output external delay                                            0.000     0.000
data required time                                                         0.000
--------------------------------------------------------------------------------
data required time                                                         0.000
data arrival time                                                         -9.938
--------------------------------------------------------------------------------
slack (VIOLATED)                                                          -9.938


#Path 4
Startpoint: G28.inpad[0] (.input clocked by virtual_io_clock)
Endpoint  : out:G432.outpad[0] (.output clocked by virtual_io_clock)
Path Type : setup

Point                                                             Incr      Path
--------------------------------------------------------------------------------
clock virtual_io_clock (rise edge)                               0.000     0.000
clock source latency                                             0.000     0.000
input external delay                                             0.000     0.000
G28.inpad[0] (.input)                                            0.000     0.000
new_n56.in[0] (.names)                                           1.014     1.014
new_n56.out[0] (.names)                                          0.261     1.275
new_n54.in[0] (.names)                                           1.014     2.289
new_n54.out[0] (.names)                                          0.261     2.550
new_n53.in[0] (.names)                                           1.014     3.563
new_n53.out[0] (.names)                                          0.261     3.824
new_n92.in[0] (.names)                                           1.014     4.838
new_n92.out[0] (.names)                                          0.261     5.099
new_n111.in[0] (.names)                                          1.014     6.113
new_n111.out[0] (.names)                                         0.261     6.374
new_n121.in[0] (.names)                                          1.014     7.388
new_n121.out[0] (.names)                                         0.261     7.649
G432.in[0] (.names)                                              1.014     8.663
G432.out[0] (.names)                                             0.261     8.924
out:G432.outpad[0] (.output)                                     1.014     9.938
data arrival time                                                          9.938

clock virtual_io_clock (rise edge)                               0.000     0.000
clock source latency                                             0.000     0.000
clock uncertainty                                                0.000     0.000
output external delay                                            0.000     0.000
data required time                                                         0.000
--------------------------------------------------------------------------------
data required time                                                         0.000
data arrival time                                                         -9.938
--------------------------------------------------------------------------------
slack (VIOLATED)                                                          -9.938


#Path 5
Startpoint: G28.inpad[0] (.input clocked by virtual_io_clock)
Endpoint  : out:G428.outpad[0] (.output clocked by virtual_io_clock)
Path Type : setup

Point                                                             Incr      Path
--------------------------------------------------------------------------------
clock virtual_io_clock (rise edge)                               0.000     0.000
clock source latency                                             0.000     0.000
input external delay                                             0.000     0.000
G28.inpad[0] (.input)                                            0.000     0.000
new_n56.in[0] (.names)                                           1.014     1.014
new_n56.out[0] (.names)                                          0.261     1.275
new_n54.in[0] (.names)                                           1.014     2.289
new_n54.out[0] (.names)                                          0.261     2.550
new_n53.in[0] (.names)                                           1.014     3.563
new_n53.out[0] (.names)                                          0.261     3.824
new_n92.in[0] (.names)                                           1.014     4.838
new_n92.out[0] (.names)                                          0.261     5.099
G428.in[0] (.names)                                              1.014     6.113
G428.out[0] (.names)                                             0.261     6.374
out:G428.outpad[0] (.output)                                     1.014     7.388
data arrival time                                                          7.388

clock virtual_io_clock (rise edge)                               0.000     0.000
clock source latency                                             0.000     0.000
clock uncertainty                                                0.000     0.000
output external delay                                            0.000     0.000
data required time                                                         0.000
--------------------------------------------------------------------------------
data required time                                                         0.000
data arrival time                                                         -7.388
--------------------------------------------------------------------------------
slack (VIOLATED)                                                          -7.388


#Path 6
Startpoint: G28.inpad[0] (.input clocked by virtual_io_clock)
Endpoint  : out:G427.outpad[0] (.output clocked by virtual_io_clock)
Path Type : setup

Point                                                             Incr      Path
--------------------------------------------------------------------------------
clock virtual_io_clock (rise edge)                               0.000     0.000
clock source latency                                             0.000     0.000
input external delay                                             0.000     0.000
G28.inpad[0] (.input)                                            0.000     0.000
new_n56.in[0] (.names)                                           1.014     1.014
new_n56.out[0] (.names)                                          0.261     1.275
new_n54.in[0] (.names)                                           1.014     2.289
new_n54.out[0] (.names)                                          0.261     2.550
new_n53.in[0] (.names)                                           1.014     3.563
new_n53.out[0] (.names)                                          0.261     3.824
G427.in[0] (.names)                                              1.014     4.838
G427.out[0] (.names)                                             0.261     5.099
out:G427.outpad[0] (.output)                                     1.014     6.113
data arrival time                                                          6.113

clock virtual_io_clock (rise edge)                               0.000     0.000
clock source latency                                             0.000     0.000
clock uncertainty                                                0.000     0.000
output external delay                                            0.000     0.000
data required time                                                         0.000
--------------------------------------------------------------------------------
data required time                                                         0.000
data arrival time                                                         -6.113
--------------------------------------------------------------------------------
slack (VIOLATED)                                                          -6.113


#Path 7
Startpoint: G28.inpad[0] (.input clocked by virtual_io_clock)
Endpoint  : out:G426.outpad[0] (.output clocked by virtual_io_clock)
Path Type : setup

Point                                                             Incr      Path
--------------------------------------------------------------------------------
clock virtual_io_clock (rise edge)                               0.000     0.000
clock source latency                                             0.000     0.000
input external delay                                             0.000     0.000
G28.inpad[0] (.input)                                            0.000     0.000
new_n47.in[0] (.names)                                           1.014     1.014
new_n47.out[0] (.names)                                          0.261     1.275
new_n46.in[0] (.names)                                           1.014     2.289
new_n46.out[0] (.names)                                          0.261     2.550
G426.in[0] (.names)                                              1.014     3.563
G426.out[0] (.names)                                             0.261     3.824
out:G426.outpad[0] (.output)                                     1.014     4.838
data arrival time                                                          4.838

clock virtual_io_clock (rise edge)                               0.000     0.000
clock source latency                                             0.000     0.000
clock uncertainty                                                0.000     0.000
output external delay                                            0.000     0.000
data required time                                                         0.000
--------------------------------------------------------------------------------
data required time                                                         0.000
data arrival time                                                         -4.838
--------------------------------------------------------------------------------
slack (VIOLATED)                                                          -4.838


#End of timing report
