#Timing report of worst 7 path(s)
# Unit scale: 1e-09 seconds
# Output precision: 3

#Path 1
Startpoint: G4.inpad[0] (.input clocked by virtual_io_clock)
Endpoint  : out:G432.outpad[0] (.output clocked by virtual_io_clock)
Path Type : setup

Point                                                             Incr      Path
--------------------------------------------------------------------------------
clock virtual_io_clock (rise edge)                               0.000     0.000
clock source latency                                             0.000     0.000
input external delay                                             0.000     0.000
G4.inpad[0] (.input)                                             0.000     0.000
new_n51.in[2] (.names)                                           2.117     2.117
new_n51.out[0] (.names)                                          0.261     2.378
new_n54.in[3] (.names)                                           0.196     2.574
new_n54.out[0] (.names)                                          0.261     2.835
new_n53.in[0] (.names)                                           0.100     2.935
new_n53.out[0] (.names)                                          0.261     3.196
new_n89.in[4] (.names)                                           0.333     3.529
new_n89.out[0] (.names)                                          0.261     3.790
G428.in[2] (.names)                                              0.333     4.123
G428.out[0] (.names)                                             0.261     4.384
new_n108.in[1] (.names)                                          0.196     4.580
new_n108.out[0] (.names)                                         0.261     4.841
G432.in[1] (.names)                                              0.471     5.312
G432.out[0] (.names)                                             0.261     5.573
out:G432.outpad[0] (.output)                                     3.600     9.172
data arrival time                                                          9.172

clock virtual_io_clock (rise edge)                               0.000     0.000
clock source latency                                             0.000     0.000
clock uncertainty                                                0.000     0.000
output external delay                                            0.000     0.000
data required time                                                         0.000
--------------------------------------------------------------------------------
data required time                                                         0.000
data arrival time                                                         -9.172
--------------------------------------------------------------------------------
slack (VIOLATED)                                                          -9.172


#Path 2
Startpoint: G4.inpad[0] (.input clocked by virtual_io_clock)
Endpoint  : out:G431.outpad[0] (.output clocked by virtual_io_clock)
Path Type : setup

Point                                                             Incr      Path
--------------------------------------------------------------------------------
clock virtual_io_clock (rise edge)                               0.000     0.000
clock source latency                                             0.000     0.000
input external delay                                             0.000     0.000
G4.inpad[0] (.input)                                             0.000     0.000
new_n51.in[2] (.names)                                           2.117     2.117
new_n51.out[0] (.names)                                          0.261     2.378
new_n54.in[3] (.names)                                           0.196     2.574
new_n54.out[0] (.names)                                          0.261     2.835
new_n53.in[0] (.names)                                           0.100     2.935
new_n53.out[0] (.names)                                          0.261     3.196
new_n89.in[4] (.names)                                           0.333     3.529
new_n89.out[0] (.names)                                          0.261     3.790
G428.in[2] (.names)                                              0.333     4.123
G428.out[0] (.names)                                             0.261     4.384
new_n108.in[1] (.names)                                          0.196     4.580
new_n108.out[0] (.names)                                         0.261     4.841
G431.in[1] (.names)                                              0.471     5.312
G431.out[0] (.names)                                             0.261     5.573
out:G431.outpad[0] (.output)                                     3.478     9.051
data arrival time                                                          9.051

clock virtual_io_clock (rise edge)                               0.000     0.000
clock source latency                                             0.000     0.000
clock uncertainty                                                0.000     0.000
output external delay                                            0.000     0.000
data required time                                                         0.000
--------------------------------------------------------------------------------
data required time                                                         0.000
data arrival time                                                         -9.051
--------------------------------------------------------------------------------
slack (VIOLATED)                                                          -9.051


#Path 3
Startpoint: G4.inpad[0] (.input clocked by virtual_io_clock)
Endpoint  : out:G430.outpad[0] (.output clocked by virtual_io_clock)
Path Type : setup

Point                                                             Incr      Path
--------------------------------------------------------------------------------
clock virtual_io_clock (rise edge)                               0.000     0.000
clock source latency                                             0.000     0.000
input external delay                                             0.000     0.000
G4.inpad[0] (.input)                                             0.000     0.000
new_n51.in[2] (.names)                                           2.117     2.117
new_n51.out[0] (.names)                                          0.261     2.378
new_n54.in[3] (.names)                                           0.196     2.574
new_n54.out[0] (.names)                                          0.261     2.835
new_n53.in[0] (.names)                                           0.100     2.935
new_n53.out[0] (.names)                                          0.261     3.196
new_n89.in[4] (.names)                                           0.333     3.529
new_n89.out[0] (.names)                                          0.261     3.790
new_n116.in[1] (.names)                                          0.333     4.123
new_n116.out[0] (.names)                                         0.261     4.384
new_n123.in[0] (.names)                                          0.100     4.484
new_n123.out[0] (.names)                                         0.261     4.745
G430.in[2] (.names)                                              0.333     5.078
G430.out[0] (.names)                                             0.261     5.339
out:G430.outpad[0] (.output)                                     3.695     9.033
data arrival time                                                          9.033

clock virtual_io_clock (rise edge)                               0.000     0.000
clock source latency                                             0.000     0.000
clock uncertainty                                                0.000     0.000
output external delay                                            0.000     0.000
data required time                                                         0.000
--------------------------------------------------------------------------------
data required time                                                         0.000
data arrival time                                                         -9.033
--------------------------------------------------------------------------------
slack (VIOLATED)                                                          -9.033


#Path 4
Startpoint: G4.inpad[0] (.input clocked by virtual_io_clock)
Endpoint  : out:G429.outpad[0] (.output clocked by virtual_io_clock)
Path Type : setup

Point                                                             Incr      Path
--------------------------------------------------------------------------------
clock virtual_io_clock (rise edge)                               0.000     0.000
clock source latency                                             0.000     0.000
input external delay                                             0.000     0.000
G4.inpad[0] (.input)                                             0.000     0.000
new_n51.in[2] (.names)                                           2.117     2.117
new_n51.out[0] (.names)                                          0.261     2.378
new_n67.in[3] (.names)                                           0.196     2.574
new_n67.out[0] (.names)                                          0.261     2.835
new_n66.in[0] (.names)                                           0.196     3.031
new_n66.out[0] (.names)                                          0.261     3.292
new_n86.in[5] (.names)                                           0.196     3.488
new_n86.out[0] (.names)                                          0.261     3.749
new_n113.in[2] (.names)                                          0.334     4.084
new_n113.out[0] (.names)                                         0.261     4.345
new_n110.in[0] (.names)                                          0.100     4.445
new_n110.out[0] (.names)                                         0.261     4.706
G429.in[3] (.names)                                              0.333     5.039
G429.out[0] (.names)                                             0.261     5.300
out:G429.outpad[0] (.output)                                     3.326     8.626
data arrival time                                                          8.626

clock virtual_io_clock (rise edge)                               0.000     0.000
clock source latency                                             0.000     0.000
clock uncertainty                                                0.000     0.000
output external delay                                            0.000     0.000
data required time                                                         0.000
--------------------------------------------------------------------------------
data required time                                                         0.000
data arrival time                                                         -8.626
--------------------------------------------------------------------------------
slack (VIOLATED)                                                          -8.626


#Path 5
Startpoint: G4.inpad[0] (.input clocked by virtual_io_clock)
Endpoint  : out:G428.outpad[0] (.output clocked by virtual_io_clock)
Path Type : setup

Point                                                             Incr      Path
--------------------------------------------------------------------------------
clock virtual_io_clock (rise edge)                               0.000     0.000
clock source latency                                             0.000     0.000
input external delay                                             0.000     0.000
G4.inpad[0] (.input)                                             0.000     0.000
new_n51.in[2] (.names)                                           2.117     2.117
new_n51.out[0] (.names)                                          0.261     2.378
new_n54.in[3] (.names)                                           0.196     2.574
new_n54.out[0] (.names)                                          0.261     2.835
new_n53.in[0] (.names)                                           0.100     2.935
new_n53.out[0] (.names)                                          0.261     3.196
new_n89.in[4] (.names)                                           0.333     3.529
new_n89.out[0] (.names)                                          0.261     3.790
G428.in[2] (.names)                                              0.333     4.123
G428.out[0] (.names)                                             0.261     4.384
out:G428.outpad[0] (.output)                                     3.525     7.909
data arrival time                                                          7.909

clock virtual_io_clock (rise edge)                               0.000     0.000
clock source latency                                             0.000     0.000
clock uncertainty                                                0.000     0.000
output external delay                                            0.000     0.000
data required time                                                         0.000
--------------------------------------------------------------------------------
data required time                                                         0.000
data arrival time                                                         -7.909
--------------------------------------------------------------------------------
slack (VIOLATED)                                                          -7.909


#Path 6
Startpoint: G4.inpad[0] (.input clocked by virtual_io_clock)
Endpoint  : out:G427.outpad[0] (.output clocked by virtual_io_clock)
Path Type : setup

Point                                                             Incr      Path
--------------------------------------------------------------------------------
clock virtual_io_clock (rise edge)                               0.000     0.000
clock source latency                                             0.000     0.000
input external delay                                             0.000     0.000
G4.inpad[0] (.input)                                             0.000     0.000
new_n51.in[2] (.names)                                           2.117     2.117
new_n51.out[0] (.names)                                          0.261     2.378
new_n67.in[3] (.names)                                           0.196     2.574
new_n67.out[0] (.names)                                          0.261     2.835
new_n66.in[0] (.names)                                           0.196     3.031
new_n66.out[0] (.names)                                          0.261     3.292
G427.in[1] (.names)                                              0.196     3.488
G427.out[0] (.names)                                             0.261     3.749
out:G427.outpad[0] (.output)                                     3.665     7.414
data arrival time                                                          7.414

clock virtual_io_clock (rise edge)                               0.000     0.000
clock source latency                                             0.000     0.000
clock uncertainty                                                0.000     0.000
output external delay                                            0.000     0.000
data required time                                                         0.000
--------------------------------------------------------------------------------
data required time                                                         0.000
data arrival time                                                         -7.414
--------------------------------------------------------------------------------
slack (VIOLATED)                                                          -7.414


#Path 7
Startpoint: G4.inpad[0] (.input clocked by virtual_io_clock)
Endpoint  : out:G426.outpad[0] (.output clocked by virtual_io_clock)
Path Type : setup

Point                                                             Incr      Path
--------------------------------------------------------------------------------
clock virtual_io_clock (rise edge)                               0.000     0.000
clock source latency                                             0.000     0.000
input external delay                                             0.000     0.000
G4.inpad[0] (.input)                                             0.000     0.000
new_n51.in[2] (.names)                                           2.117     2.117
new_n51.out[0] (.names)                                          0.261     2.378
new_n49.in[1] (.names)                                           0.100     2.478
new_n49.out[0] (.names)                                          0.261     2.739
G426.in[1] (.names)                                              0.100     2.839
G426.out[0] (.names)                                             0.261     3.100
out:G426.outpad[0] (.output)                                     3.571     6.671
data arrival time                                                          6.671

clock virtual_io_clock (rise edge)                               0.000     0.000
clock source latency                                             0.000     0.000
clock uncertainty                                                0.000     0.000
output external delay                                            0.000     0.000
data required time                                                         0.000
--------------------------------------------------------------------------------
data required time                                                         0.000
data arrival time                                                         -6.671
--------------------------------------------------------------------------------
slack (VIOLATED)                                                          -6.671


#End of timing report
