VPR FPGA Placement and Routing.
Version: 8.1.0-dev+unkown
Revision: unkown
Compiled: 2025-02-16T14:22:44
Compiler: GNU 11.4.0 on Linux-6.8.0-47-generic x86_64
Build Info: release IPO VTR_ASSERT_LEVEL=2

University of Toronto
verilogtorouting.org
vtr-users@googlegroups.com
This is free open source code under MIT license.

VPR was run with the following command-line:
vpr /home/xiaokewan/Software/vtr-verilog-to-routing-master/vtr_flow/arch/titan/stratixiv_arch.timing.xml /media/xiaokewan/TOSHIBA/Code_phd/mockturtle/experiments/benchmarks/blif_folder/c432.blif --route_chan_width 250

Using up to 1 parallel worker(s)

Architecture file: /home/xiaokewan/Software/vtr-verilog-to-routing-master/vtr_flow/arch/titan/stratixiv_arch.timing.xml
Circuit name: c432

# Loading Architecture Description
# Loading Architecture Description took 0.38 seconds (max_rss 80.2 MiB, delta_rss +65.1 MiB)

Timing analysis: ON
Circuit netlist file: c432.net
Circuit placement file: c432.place
Circuit routing file: c432.route
Circuit SDC file: c432.sdc
Vpr floorplanning constraints file: not specified

Packer: ENABLED
Placer: ENABLED
Router: ENABLED
Analysis: ENABLED

VPR was run with the following options:

NetlistOpts.abosrb_buffer_luts            : true
NetlistOpts.sweep_dangling_primary_ios    : true
NetlistOpts.sweep_dangling_nets           : true
NetlistOpts.sweep_dangling_blocks         : true
NetlistOpts.sweep_constant_primary_outputs: false
NetlistOpts.netlist_verbosity             : 1
NetlistOpts.const_gen_inference           : COMB_SEQ

PackerOpts.allow_unrelated_clustering: auto
PackerOpts.alpha_clustering: 0.750000
PackerOpts.beta_clustering: 0.900000
PackerOpts.cluster_seed_type: BLEND2
PackerOpts.connection_driven: true
PackerOpts.global_clocks: true
PackerOpts.hill_climbing_flag: false
PackerOpts.inter_cluster_net_delay: 1.000000
PackerOpts.timing_driven: true
PackerOpts.target_external_pin_util: auto

PlacerOpts.place_freq: PLACE_ONCE
PlacerOpts.place_algorithm: CRITICALITY_TIMING_PLACE
PlacerOpts.pad_loc_type: FREE
PlacerOpts.constraints_file: No constraints file given
PlacerOpts.place_cost_exp: 1.000000
PlacerOpts.place_chan_width: 250
PlacerOpts.inner_loop_recompute_divider: 0
PlacerOpts.recompute_crit_iter: 1
PlacerOpts.timing_tradeoff: 0.500000
PlacerOpts.td_place_exp_first: 1.000000
PlacerOpts.td_place_exp_last: 8.000000
PlacerOpts.delay_offset: 0.000000
PlacerOpts.delay_ramp_delta_threshold: -1
PlacerOpts.delay_ramp_slope: 0.000000
PlacerOpts.tsu_rel_margin: 1.000000
PlacerOpts.tsu_abs_margin: 0.000000
PlacerOpts.post_place_timing_report_file: 
PlacerOpts.allowed_tiles_for_delay_model: 
PlacerOpts.delay_model_reducer: MIN
PlacerOpts.delay_model_type: DELTA
PlacerOpts.rlim_escape_fraction: 0.000000
PlacerOpts.move_stats_file: 
PlacerOpts.placement_saves_per_temperature: 0
PlacerOpts.effort_scaling: CIRCUIT
PlacerOpts.place_delta_delay_matrix_calculation_method: ASTAR_ROUTE
PlaceOpts.seed: 1
AnnealSched.type: AUTO_SCHED
AnnealSched.inner_num: 0.500000

RouterOpts.route_type: DETAILED
RouterOpts.flat_routing: false
RouterOpts.has_choking_spot: false
RouterOpts.router_algorithm: TIMING_DRIVEN
RouterOpts.base_cost_type: DELAY_NORMALIZED_LENGTH
RouterOpts.fixed_channel_width: 250
RouterOpts.check_route: FULL
RouterOpts.acc_fac: 1.000000
RouterOpts.bb_factor: 3
RouterOpts.bend_cost: 0.000000
RouterOpts.first_iter_pres_fac: 0.000000
RouterOpts.initial_pres_fac: 0.500000
RouterOpts.pres_fac_mult: 1.300000
RouterOpts.max_router_iterations: 50
RouterOpts.min_incremental_reroute_fanout: 16
RouterOpts.do_check_rr_graph: true
RouterOpts.verify_binary_search: false
RouterOpts.min_channel_width_hint: 0
RouterOpts.read_rr_edge_metadata: false
RouterOpts.exit_after_first_routing_iteration: false
RouterOpts.astar_fac: 1.200000
RouterOpts.router_profiler_astar_fac: 1.200000
RouterOpts.criticality_exp: 1.000000
RouterOpts.max_criticality: 0.990000
RouterOpts.init_wirelength_abort_threshold: 0.850000
RouterOpts.save_routing_per_iteration: false
RouterOpts.congested_routing_iteration_threshold_frac: 1.000000
RouterOpts.high_fanout_threshold: 64
RouterOpts.router_debug_net: -2
RouterOpts.router_debug_sink_rr: -2
RouterOpts.router_debug_iteration: -2
RouterOpts.max_convergence_count: 1
RouterOpts.reconvergence_cpd_threshold: 0.990000
RouterOpts.update_lower_bound_delays: true
RouterOpts.first_iteration_timing_report_file: 
RouterOpts.incr_reroute_delay_ripup: AUTO
RouterOpts.route_bb_update: DYNAMIC
RouterOpts.lookahead_type: MAP
RouterOpts.initial_timing: LOOKAHEAD
RouterOpts.router_heap: BINARY_HEAP
RouterOpts.routing_failure_predictor = SAFE
RouterOpts.routing_budgets_algorithm = DISABLE

AnalysisOpts.gen_post_synthesis_netlist: false
AnalysisOpts.timing_report_npaths: 100
AnalysisOpts.timing_report_skew: false
AnalysisOpts.echo_dot_timing_graph_node: -1
AnalysisOpts.timing_report_detail: NETLIST
AnalysisOpts.post_synth_netlist_unconn_input_handling: UNCONNECTED
AnalysisOpts.post_synth_netlist_unconn_output_handling: UNCONNECTED

# Building complex block graph
# Building complex block graph took 4.91 seconds (max_rss 953.6 MiB, delta_rss +873.3 MiB)
Circuit file: /media/xiaokewan/TOSHIBA/Code_phd/mockturtle/experiments/benchmarks/blif_folder/c432.blif
# Load circuit
# Load circuit took 0.00 seconds (max_rss 953.6 MiB, delta_rss +0.0 MiB)
# Clean circuit
Absorbed 0 LUT buffers
Inferred    0 additional primitive pins as constant generators since they have no combinationally connected inputs
Inferred    0 additional primitive pins as constant generators due to constant inputs
Swept input(s)      : 0
Swept output(s)     : 0 (0 dangling, 0 constant)
Swept net(s)        : 0
Swept block(s)      : 0
Constant Pins Marked: 0
# Clean circuit took 0.00 seconds (max_rss 953.6 MiB, delta_rss +0.0 MiB)
# Compress circuit
# Compress circuit took 0.00 seconds (max_rss 953.6 MiB, delta_rss +0.0 MiB)
# Verify circuit
# Verify circuit took 0.00 seconds (max_rss 953.6 MiB, delta_rss +0.0 MiB)
Circuit Statistics:
  Blocks: 126
    .input :      36
    .output:       7
    6-LUT  :      83
  Nets  : 119
    Avg Fanout:     3.0
    Max Fanout:    11.0
    Min Fanout:     1.0
  Netlist Clocks: 0
# Build Timing Graph
  Timing Graph Nodes: 475
  Timing Graph Edges: 705
  Timing Graph Levels: 16
# Build Timing Graph took 0.00 seconds (max_rss 953.6 MiB, delta_rss +0.0 MiB)
Netlist contains 0 clocks
# Load Timing Constraints

SDC file 'c432.sdc' not found
Setting default timing constraints:
   * constrain all primay inputs and primary outputs on a virtual external clock 'virtual_io_clock'
   * optimize virtual clock to run as fast as possible
Timing constraints created 1 clocks
  Constrained Clock 'virtual_io_clock' (Virtual Clock)

# Load Timing Constraints took 0.00 seconds (max_rss 953.6 MiB, delta_rss +0.0 MiB)
# Packing
Warning 1: Block type 'M144K' grid location specification startx (33 = 33) falls outside device horizontal range [0,9]
Warning 2: Block type 'EMPTY' grid location specification startx (33 = 33) falls outside device horizontal range [0,9]
Begin packing '/media/xiaokewan/TOSHIBA/Code_phd/mockturtle/experiments/benchmarks/blif_folder/c432.blif'.

After removing unused inputs...
	total blocks: 126, total nets: 119, total inputs: 36, total outputs: 7
Begin prepacking.

There is one chain in this architecture called "LAB_carry_chain" with the following starting points:
	LAB[0]/alm[0]/lut[0]/lcell_comb[0].cin[0]


There is one chain in this architecture called "share_chain" with the following starting points:
	LAB[0]/alm[0]/lut[0]/lcell_comb[0].sharein[0]

0 attraction groups were created during prepacking.
Finish prepacking.
Using inter-cluster delay: 1.01382e-09
✅ Final Pin Utilization: io:1.00,1.00 LAB:0.80,1.00
Packing with pin utilization targets: io:1,1 PLL:1,1 LAB:0.8,1 DSP:1,1 M9K:1,1 M144K:1,1
Packing with high fanout thresholds: io:128 PLL:128 LAB:32 DSP:128 M9K:128 M144K:128
Starting Clustering - Clustering Progress: 
-------------------   --------------------------   ---------
Molecules processed   Number of clusters created   FPGA size
-------------------   --------------------------   ---------
     5/126       3%                            1     6 x 4     
    10/126       7%                            1     6 x 4     
    15/126      11%                            1     6 x 4     
    20/126      15%                            1     6 x 4     
    25/126      19%                            2     7 x 5     
    30/126      23%                            2     7 x 5     
    35/126      27%                            2     7 x 5     
    40/126      31%                            2     7 x 5     
    45/126      35%                            3     7 x 5     
    50/126      39%                            3     7 x 5     
    55/126      43%                            3     7 x 5     
    60/126      47%                            3     8 x 6     
    65/126      51%                            4     8 x 6     
    70/126      55%                            4     8 x 6     
    75/126      59%                            4     8 x 6     
    80/126      63%                            5     8 x 6     
    85/126      67%                            7     8 x 6     
    90/126      71%                           12     9 x 7     
    95/126      75%                           17    10 x 7     
   100/126      79%                           22    11 x 8     
   105/126      83%                           27    12 x 9     
   110/126      87%                           32    12 x 9     
   115/126      91%                           37    13 x 10    
   120/126      95%                           42    14 x 10    
   125/126      99%                           47    15 x 11    
Incr Slack updates 1 in 3.837e-06 sec
Full Max Req/Worst Slack updates 1 in 2.225e-06 sec
Incr Max Req/Worst Slack updates 0 in 0 sec
Incr Criticality updates 0 in 0 sec
Full Criticality updates 1 in 8.576e-06 sec
FPGA sized to 15 x 11 (auto)
Device Utilization: 0.17 (target 1.00)
	Block Utilization: 0.90 Type: io
	Block Utilization: 0.10 Type: LAB

Start the iterative improvement process
the iterative improvement process is done
Final Clustering Statistics: 
----------   --------   ------------------------------------   --------------------------
Block Type   # Blocks   Avg. # of input clocks and pins used   Avg. # of output pins used
----------   --------   ------------------------------------   --------------------------
     EMPTY          0                                      0                            0   
        io         43                               0.162791                     0.837209   
       PLL          0                                      0                            0   
       LAB          6                                   20.5                          5.5   
       DSP          0                                      0                            0   
       M9K          0                                      0                            0   
     M144K          0                                      0                            0   
Absorbed logical nets 50 out of 119 nets, 69 nets not absorbed.

Netlist conversion complete.

# Packing took 0.16 seconds (max_rss 953.6 MiB, delta_rss +0.0 MiB)
# Load packing
Begin loading packed FPGA netlist file.
Netlist generated from file 'c432.net'.
Detected 0 constant generators (to see names run with higher pack verbosity)
Finished loading packed FPGA netlist file (took 0.024958 seconds).
Warning 3: Treated 0 constant nets as global which will not be routed (to see net names increase packer verbosity).
# Load packing took 0.03 seconds (max_rss 976.6 MiB, delta_rss +23.1 MiB)
Warning 4: Netlist contains 0 global net to non-global architecture pin connections

Pb types usage...
  io         : 43
   pad       : 43
    inpad    : 36
    outpad   : 7
  LAB        : 6
   alm       : 43
    lut      : 83
     lut6    : 83
      lut    : 83

# Create Device
## Build Device Grid
FPGA sized to 15 x 11: 165 grid tiles (auto)

Resource usage...
	Netlist
		43	blocks of type: io
	Architecture
		48	blocks of type: io
	Netlist
		0	blocks of type: PLL
	Architecture
		16	blocks of type: PLL
	Netlist
		6	blocks of type: LAB
	Architecture
		63	blocks of type: LAB
	Netlist
		0	blocks of type: DSP
	Architecture
		1	blocks of type: DSP
	Netlist
		0	blocks of type: M9K
	Architecture
		7	blocks of type: M9K
	Netlist
		0	blocks of type: M144K
	Architecture
		0	blocks of type: M144K

Device Utilization: 0.17 (target 1.00)
	Physical Tile io:
	Block Utilization: 0.90 Logical Block: io
	Physical Tile PLL:
	Block Utilization: 0.00 Logical Block: PLL
	Physical Tile LAB:
	Block Utilization: 0.10 Logical Block: LAB
	Physical Tile DSP:
	Block Utilization: 0.00 Logical Block: DSP
	Physical Tile M9K:
	Block Utilization: 0.00 Logical Block: M9K

FPGA size limited by block type(s): io

## Build Device Grid took 0.00 seconds (max_rss 976.8 MiB, delta_rss +0.0 MiB)
## Build routing resource graph
SOURCE->OPIN and IPIN->SINK edge count:15117
OPIN->CHANX/CHANY edge count before creating direct connections: 100660
OPIN->CHANX/CHANY edge count after creating direct connections: 103704
CHAN->CHAN type edge count:284036
## Build routing resource graph took 0.26 seconds (max_rss 976.8 MiB, delta_rss +0.0 MiB)
  RR Graph Nodes: 41450
  RR Graph Edges: 402857
# Create Device took 0.27 seconds (max_rss 976.8 MiB, delta_rss +0.0 MiB)

# Computing router lookahead map
## Computing wire lookahead
## Computing wire lookahead took 0.27 seconds (max_rss 976.8 MiB, delta_rss +0.0 MiB)
## Computing src/opin lookahead
## Computing src/opin lookahead took 0.00 seconds (max_rss 976.8 MiB, delta_rss +0.0 MiB)
# Computing router lookahead map took 0.27 seconds (max_rss 976.8 MiB, delta_rss +0.0 MiB)
# Computing placement delta delay look-up
RR graph channel widths unchanged, skipping RR graph rebuild
## Computing delta delays
## Computing delta delays took 0.03 seconds (max_rss 976.8 MiB, delta_rss +0.0 MiB)
# Computing placement delta delay look-up took 0.03 seconds (max_rss 976.8 MiB, delta_rss +0.0 MiB)

Bounding box mode is Cube

Using simple RL 'Softmax agent' for choosing move and block types
# Placement
## Initial Placement
Initial placement iteration 0 has finished successfully
## Initial Placement took 0.00 seconds (max_rss 976.8 MiB, delta_rss +0.0 MiB)

There are 130 point to point connections in this circuit.


BB estimate of min-dist (placement) wire length: 907

Completed placement consistency check successfully.
Initial placement cost: 1 bb_cost: 3.62617 td_cost: 3.35414e-08
Initial placement estimated Critical Path Delay (CPD): 10.767 ns
Initial placement estimated setup Total Negative Slack (sTNS): -66.3825 ns
Initial placement estimated setup Worst Negative Slack (sWNS): -10.767 ns

Initial placement estimated setup slack histogram:
[ -1.1e-08:   -1e-08) 3 ( 42.9%) |*************************************************
[   -1e-08:   -1e-08) 0 (  0.0%) |
[   -1e-08: -9.6e-09) 1 ( 14.3%) |****************
[ -9.6e-09: -9.3e-09) 0 (  0.0%) |
[ -9.3e-09: -8.9e-09) 1 ( 14.3%) |****************
[ -8.9e-09: -8.5e-09) 1 ( 14.3%) |****************
[ -8.5e-09: -8.1e-09) 0 (  0.0%) |
[ -8.1e-09: -7.8e-09) 0 (  0.0%) |
[ -7.8e-09: -7.4e-09) 0 (  0.0%) |
[ -7.4e-09:   -7e-09) 1 ( 14.3%) |****************
Placement contains 0 placement macros involving 0 blocks (average macro size -nan)

Moves per temperature: 89
Warning 5: Starting t: 18 of 49 configurations accepted.

---- ------ ------- ------- ---------- ---------- ------- ---------- -------- ------- ------- ------ -------- --------- ------
Tnum   Time       T Av Cost Av BB Cost Av TD Cost     CPD       sTNS     sWNS Ac Rate Std Dev  R lim Crit Exp Tot Moves  Alpha
      (sec)                                          (ns)       (ns)     (ns)                                                 
---- ------ ------- ------- ---------- ---------- ------- ---------- -------- ------- ------- ------ -------- --------- ------
   1    0.0 1.2e-03   0.976       2.38 2.532e-08    9.229      -58.9   -9.229   0.326  0.0183   14.0     1.00        89  0.200
   2    0.0 1.1e-03   0.963       2.23 2.1054e-08   9.342      -58.3   -9.342   0.348  0.0182   12.4     1.86       178  0.950
   3    0.0 1.1e-03   0.988       2.23 1.8618e-08   9.233      -58.1   -9.233   0.281  0.0044   11.3     2.47       267  0.950
   4    0.0 1.0e-03   0.997       2.23 1.7158e-08   9.095      -57.6   -9.095   0.191  0.0024    9.5     3.44       356  0.950
   5    0.0 9.8e-04   0.997       2.24 1.5112e-08   9.008      -57.4   -9.008   0.258  0.0043    7.1     4.71       445  0.950
   6    0.0 9.3e-04   0.991       2.22 1.4621e-08   8.898        -57   -8.898   0.258  0.0078    5.8     5.40       534  0.950
   7    0.0 8.9e-04   0.993       2.22 1.3441e-08   8.987      -57.2   -8.987   0.270  0.0044    4.8     5.97       623  0.950
   8    0.0 8.4e-04   0.997       2.22 1.2685e-08   9.009      -57.2   -9.009   0.326  0.0023    4.0     6.41       712  0.950
   9    0.0 8.0e-04   0.991       2.22 1.2482e-08   8.946      -56.8   -8.946   0.281  0.0059    3.5     6.65       801  0.950
  10    0.0 7.6e-04   0.990       2.20 1.2711e-08   8.816        -56   -8.816   0.281  0.0062    2.9     6.95       890  0.950
  11    0.0 7.2e-04   1.000       2.19 1.2427e-08   8.834      -56.2   -8.834   0.281  0.0027    2.5     7.21       979  0.950
  12    0.0 6.9e-04   1.000       2.20 1.2133e-08   8.859      -56.1   -8.859   0.303  0.0008    2.1     7.42      1068  0.950
  13    0.0 6.5e-04   0.998       2.20 1.1988e-08   8.859        -56   -8.859   0.281  0.0013    1.8     7.57      1157  0.950
  14    0.0 6.2e-04   0.998       2.20 1.2485e-08   8.747      -55.7   -8.747   0.326  0.0014    1.5     7.72      1246  0.950
  15    0.0 5.9e-04   0.999       2.19 1.2349e-08   8.772      -55.6   -8.772   0.191  0.0006    1.3     7.82      1335  0.950
  16    0.0 5.6e-04   1.000       2.19 1.2235e-08   8.780      -55.7   -8.780   0.258  0.0009    1.0     8.00      1424  0.950
  17    0.0 5.3e-04   0.999       2.18 1.2314e-08   8.772      -55.7   -8.772   0.281  0.0008    1.0     8.00      1513  0.950
  18    0.0 5.0e-04   0.999       2.18 1.2079e-08   8.822      -55.8   -8.822   0.258  0.0024    1.0     8.00      1602  0.950
  19    0.0 4.8e-04   0.999       2.18 1.1689e-08   8.859        -56   -8.859   0.236  0.0008    1.0     8.00      1691  0.950
  20    0.0 4.5e-04   1.001       2.18 1.1683e-08   8.859        -56   -8.859   0.191  0.0010    1.0     8.00      1780  0.950
  21    0.0 4.3e-04   0.998       2.19 1.2168e-08   8.798      -55.6   -8.798   0.292  0.0017    1.0     8.00      1869  0.950
  22    0.0 4.1e-04   0.999       2.19 1.2138e-08   8.790      -55.6   -8.790   0.202  0.0003    1.0     8.00      1958  0.950
  23    0.0 3.9e-04   0.999       2.19 1.2173e-08   8.780      -55.7   -8.780   0.225  0.0005    1.0     8.00      2047  0.950
  24    0.0 3.7e-04   0.999       2.19 1.2171e-08   8.780      -55.6   -8.780   0.146  0.0006    1.0     8.00      2136  0.950
  25    0.0 3.0e-04   0.999       2.19 1.218e-08    8.790      -55.5   -8.790   0.202  0.0011    1.0     8.00      2225  0.800
Agent's 2nd state: 
Checkpoint saved: bb_costs=2.18528, TD costs=1.16219e-08, CPD=  8.865 (ns) 
  26    0.0 2.8e-04   0.997       2.19 1.1528e-08   8.865      -55.9   -8.865   0.180  0.0009    1.0     8.00      2314  0.950
  27    0.0 2.7e-04   0.999       2.19 1.1972e-08   8.774      -55.7   -8.774   0.191  0.0011    1.0     8.00      2403  0.950
  28    0.0 2.5e-04   0.999       2.19 1.1599e-08   8.816        -56   -8.816   0.146  0.0005    1.0     8.00      2492  0.950
  29    0.0 2.0e-04   0.999       2.19 1.1569e-08   8.816        -56   -8.816   0.157  0.0005    1.0     8.00      2581  0.800
  30    0.0 1.9e-04   0.999       2.19 1.1548e-08   8.816        -56   -8.816   0.146  0.0008    1.0     8.00      2670  0.950
  31    0.0 1.5e-04   0.999       2.19 1.1523e-08   8.816      -55.9   -8.816   0.112  0.0002    1.0     8.00      2759  0.800
  32    0.0 1.2e-04   0.997       2.19 1.15e-08     8.816      -55.9   -8.816   0.079  0.0017    1.0     8.00      2848  0.800
Checkpoint saved: bb_costs=2.18247, TD costs=1.15038e-08, CPD=  8.816 (ns) 
  33    0.0 9.9e-05   0.998       2.18 1.1501e-08   8.816      -55.9   -8.816   0.157  0.0010    1.0     8.00      2937  0.800
  34    0.0 9.4e-05   0.998       2.17 1.1532e-08   8.816        -56   -8.816   0.090  0.0008    1.0     8.00      3026  0.950
  35    0.0 7.5e-05   0.998       2.17 1.1532e-08   8.816        -56   -8.816   0.112  0.0007    1.0     8.00      3115  0.800
  36    0.0 0.0e+00   1.000       2.17 1.2189e-08   8.747      -55.5   -8.747   0.034  0.0000    1.0     8.00      3204  0.800
## Placement Quench took 0.00 seconds (max_rss 976.8 MiB)
post-quench CPD = 8.74707 (ns) 

BB estimate of min-dist (placement) wire length: 543

Completed placement consistency check successfully.

Swaps called: 3253

Aborted Move Reasons:
  No moves aborted

Placement estimated critical path delay (least slack): 8.74707 ns, Fmax: 114.324 MHz
Placement estimated setup Worst Negative Slack (sWNS): -8.74707 ns
Placement estimated setup Total Negative Slack (sTNS): -55.5169 ns

Placement estimated setup slack histogram:
[ -8.7e-09: -8.5e-09) 3 ( 42.9%) |*************************************************
[ -8.5e-09: -8.3e-09) 1 ( 14.3%) |****************
[ -8.3e-09: -8.1e-09) 0 (  0.0%) |
[ -8.1e-09: -7.8e-09) 0 (  0.0%) |
[ -7.8e-09: -7.6e-09) 1 ( 14.3%) |****************
[ -7.6e-09: -7.4e-09) 0 (  0.0%) |
[ -7.4e-09: -7.1e-09) 0 (  0.0%) |
[ -7.1e-09: -6.9e-09) 1 ( 14.3%) |****************
[ -6.9e-09: -6.7e-09) 0 (  0.0%) |
[ -6.7e-09: -6.4e-09) 1 ( 14.3%) |****************

Placement estimated geomean non-virtual intra-domain period: nan ns (nan MHz)
Placement estimated fanout-weighted geomean non-virtual intra-domain period: nan ns (nan MHz)

Placement cost: 0.999731, bb_cost: 2.17056, td_cost: 1.21908e-08, 

Placement resource usage:
  io  implemented as io : 43
  LAB implemented as LAB: 6

Placement number of temperatures: 36
Placement total # of swap attempts: 3253
	Swaps accepted:  721 (22.2 %)
	Swaps rejected: 2297 (70.6 %)
	Swaps aborted:  235 ( 7.2 %)


Placement perturbation distribution by block and move type: 
------------------ ----------------- ---------------- ---------------- --------------- ------------ 
    Block Type         Move Type       (%) of Total      Accepted(%)     Rejected(%)    Aborted(%)
------------------ ----------------- ---------------- ---------------- --------------- ------------ 
io                 Uniform                19.95            27.12           72.88          0.00         
                   Median                 18.81            28.92           58.82          12.25        
                   Centroid               17.31            25.22           63.23          11.55        
                   W. Centroid            18.78            26.02           63.34          10.64        
                   W. Median              3.50             21.93           56.14          21.93        
                   Crit. Uniform          1.60             7.69            92.31          0.00         
                   Feasible Region        2.18             19.72           73.24          7.04         

LAB                Uniform                5.96             7.73            92.27          0.00         
                   Median                 2.15             1.43            98.57          0.00         
                   Centroid               2.37             1.30            98.70          0.00         
                   W. Centroid            2.27             9.46            90.54          0.00         
                   W. Median              0.40             0.00            100.00         0.00         
                   Crit. Uniform          2.31             0.00            100.00         0.00         
                   Feasible Region        2.40             0.00            100.00         0.00         


Placement Quench timing analysis took 7.9589e-05 seconds (6.944e-05 STA, 1.0149e-05 slack) (1 full updates: 1 setup, 0 hold, 0 combined).
Placement Total  timing analysis took 0.00407368 seconds (0.00370954 STA, 0.000364132 slack) (38 full updates: 38 setup, 0 hold, 0 combined).
update_td_costs: connections 0 nets 0 sum_nets 0 total 0
# Placement took 0.02 seconds (max_rss 976.8 MiB, delta_rss +0.0 MiB)

# Routing
RR graph channel widths unchanged, skipping RR graph rebuild
Confirming router algorithm: TIMING_DRIVEN.
## Initializing router criticalities
Initial Net Connection Criticality Histogram:
[        0:      0.1)  0 (  0.0%) |
[      0.1:      0.2)  0 (  0.0%) |
[      0.2:      0.3)  0 (  0.0%) |
[      0.3:      0.4)  0 (  0.0%) |
[      0.4:      0.5)  0 (  0.0%) |
[      0.5:      0.6)  0 (  0.0%) |
[      0.6:      0.7)  2 (  1.5%) |*
[      0.7:      0.8) 26 ( 20.0%) |**************
[      0.8:      0.9) 13 ( 10.0%) |*******
[      0.9:        1) 89 ( 68.5%) |************************************************
## Initializing router criticalities took 0.00 seconds (max_rss 976.8 MiB, delta_rss +0.0 MiB)
---- ------ ------- ---- ------- ------- ------- ----------------- --------------- -------- ---------- ---------- ---------- ---------- --------
Iter   Time    pres  BBs    Heap  Re-Rtd  Re-Rtd Overused RR Nodes      Wirelength      CPD       sTNS       sWNS       hTNS       hWNS Est Succ
      (sec)     fac Updt    push    Nets   Conns                                       (ns)       (ns)       (ns)       (ns)       (ns)     Iter
---- ------ ------- ---- ------- ------- ------- ----------------- --------------- -------- ---------- ---------- ---------- ---------- --------
   1    0.0     0.0    0   39436      69     130      43 ( 0.104%)     626 ( 1.0%)    9.170     -57.87     -9.170      0.000      0.000      N/A
Incr Slack updates 38 in 0.00011307 sec
Full Max Req/Worst Slack updates 16 in 1.104e-05 sec
Incr Max Req/Worst Slack updates 22 in 1.4596e-05 sec
Incr Criticality updates 11 in 5.5134e-05 sec
Full Criticality updates 27 in 0.000134842 sec
   2    0.0     0.5    0   21658      37      74      12 ( 0.029%)     623 ( 1.0%)    9.170     -57.87     -9.170      0.000      0.000      N/A
   3    0.0     0.6    0    9821      21      44       8 ( 0.019%)     624 ( 1.0%)    9.170     -57.87     -9.170      0.000      0.000      N/A
   4    0.0     0.8    0   11001      12      29       6 ( 0.014%)     627 ( 1.0%)    9.170     -57.87     -9.170      0.000      0.000      N/A
   5    0.0     1.1    0    5697      10      23       5 ( 0.012%)     628 ( 1.0%)    9.170     -57.87     -9.170      0.000      0.000      N/A
   6    0.0     1.4    0    6204       9      22       3 ( 0.007%)     635 ( 1.0%)    9.170     -57.87     -9.170      0.000      0.000      N/A
   7    0.0     1.9    0    4976       5      11       2 ( 0.005%)     635 ( 1.0%)    9.170     -57.87     -9.170      0.000      0.000      N/A
   8    0.0     2.4    0    1232       3       7       1 ( 0.002%)     635 ( 1.0%)    9.172     -57.88     -9.172      0.000      0.000      N/A
   9    0.0     3.1    0     270       3       6       1 ( 0.002%)     635 ( 1.0%)    9.172     -57.88     -9.172      0.000      0.000      N/A
  10    0.0     4.1    0     216       2       4       1 ( 0.002%)     635 ( 1.0%)    9.172     -57.88     -9.172      0.000      0.000        9
  11    0.0     5.3    0     516       2       3       0 ( 0.000%)     637 ( 1.0%)    9.172     -57.88     -9.172      0.000      0.000        9
Restoring best routing
Critical path: 9.17236 ns
Successfully routed after 11 routing iterations.
Final Net Connection Criticality Histogram:
[        0:      0.1)  0 (  0.0%) |
[      0.1:      0.2)  0 (  0.0%) |
[      0.2:      0.3)  0 (  0.0%) |
[      0.3:      0.4)  0 (  0.0%) |
[      0.4:      0.5)  0 (  0.0%) |
[      0.5:      0.6)  0 (  0.0%) |
[      0.6:      0.7) 10 (  7.7%) |******
[      0.7:      0.8) 18 ( 13.8%) |**********
[      0.8:      0.9) 15 ( 11.5%) |********
[      0.9:        1) 87 ( 66.9%) |************************************************
Router Stats: total_nets_routed: 173 total_connections_routed: 353 total_heap_pushes: 101027 total_heap_pops: 14593 total_internal_heap_pushes: 0 total_internal_heap_pops: 0 total_external_heap_pushes: 101027 total_external_heap_pops: 14593 total_external_SOURCE_pushes: 353 total_external_SOURCE_pops: 255 total_internal_SOURCE_pushes: 0 total_internal_SOURCE_pops: 0 rt_node_SOURCE_pushes: 353 rt_node_SOURCE_high_fanout_pushes: 0 rt_node_SOURCE_entire_tree_pushes: 353 total_external_SINK_pushes: 920 total_external_SINK_pops: 836 total_internal_SINK_pushes: 0 total_internal_SINK_pops: 0 rt_node_SINK_pushes: 0 rt_node_SINK_high_fanout_pushes: 0 rt_node_SINK_entire_tree_pushes: 0 total_external_IPIN_pushes: 1087 total_external_IPIN_pops: 922 total_internal_IPIN_pushes: 0 total_internal_IPIN_pops: 0 rt_node_IPIN_pushes: 0 rt_node_IPIN_high_fanout_pushes: 0 rt_node_IPIN_entire_tree_pushes: 0 total_external_OPIN_pushes: 5674 total_external_OPIN_pops: 3943 total_internal_OPIN_pushes: 0 total_internal_OPIN_pops: 0 rt_node_OPIN_pushes: 196 rt_node_OPIN_high_fanout_pushes: 0 rt_node_OPIN_entire_tree_pushes: 196 total_external_CHANX_pushes: 45295 total_external_CHANX_pops: 5076 total_internal_CHANX_pushes: 0 total_internal_CHANX_pops: 0 rt_node_CHANX_pushes: 141 rt_node_CHANX_high_fanout_pushes: 0 rt_node_CHANX_entire_tree_pushes: 141 total_external_CHANY_pushes: 47698 total_external_CHANY_pops: 3561 total_internal_CHANY_pushes: 0 total_internal_CHANY_pops: 0 rt_node_CHANY_pushes: 234 rt_node_CHANY_high_fanout_pushes: 0 rt_node_CHANY_entire_tree_pushes: 234 total_number_of_adding_all_rt: 1398 total_number_of_adding_high_fanout_rt: 0 total_number_of_adding_all_rt_from_calling_high_fanout_rt: 0 
# Routing took 0.02 seconds (max_rss 976.8 MiB, delta_rss +0.0 MiB)

Checking to ensure routing is legal...
# Checking to ensure non-configurable edges are legal
# Checking to ensure non-configurable edges are legal took 0.00 seconds (max_rss 976.8 MiB, delta_rss +0.0 MiB)
Completed routing consistency check successfully.

Serial number (magic cookie) for the routing is: -16973563
Circuit successfully routed with a channel width factor of 250.
# Synchronize the packed netlist to routing optimization
## Annotating rr_node with routed nets
## Annotating rr_node with routed nets took 0.00 seconds (max_rss 976.8 MiB, delta_rss +0.0 MiB)
Found 260 mismatches between routing and packing results.
Fixed 120 routing traces due to mismatch between routing and packing results.
# Synchronize the packed netlist to routing optimization took 0.01 seconds (max_rss 976.8 MiB, delta_rss +0.0 MiB)
Final Clustering Statistics: 
----------   --------   ------------------------------------   --------------------------
Block Type   # Blocks   Avg. # of input clocks and pins used   Avg. # of output pins used
----------   --------   ------------------------------------   --------------------------
     EMPTY          0                                      0                            0   
        io         43                               0.162791                     0.837209   
       PLL          0                                      0                            0   
       LAB          6                                   20.5                          5.5   
       DSP          0                                      0                            0   
       M9K          0                                      0                            0   
     M144K          0                                      0                            0   
Absorbed logical nets 50 out of 119 nets, 69 nets not absorbed.


Average number of bends per net: 0.855072  Maximum # of bends: 3

Number of global nets: 0
Number of routed nets (nonglobal): 69
Wire length results (in units of 1 clb segments)...
	Total wirelength: 637, average net length: 9.23188
	Maximum net length: 33

Wire length results in terms of physical segments...
	Total wiring segments used: 173, average wire segments per net: 2.50725
	Maximum segments used by a net: 7
	Total local nets with reserved CLB opins: 0
Total number of nets absorbed: 10

Routing channel utilization histogram:
[        1:      inf)   0 (  0.0%) |
[      0.9:        1)   0 (  0.0%) |
[      0.8:      0.9)   0 (  0.0%) |
[      0.7:      0.8)   0 (  0.0%) |
[      0.5:      0.6)   0 (  0.0%) |
[      0.4:      0.5)   0 (  0.0%) |
[      0.3:      0.4)   0 (  0.0%) |
[      0.2:      0.3)   0 (  0.0%) |
[      0.1:      0.2)   0 (  0.0%) |
[        0:      0.1) 280 (100.0%) |***********************************************
Maximum routing channel utilization:     0.064 at (3,4)

X - Directed channels:   j max occ ave occ capacity
                      ---- ------- ------- --------
                         0       4   2.867      250
                         1       6   2.667      250
                         2       4   2.133      250
                         3       7   2.333      250
                         4      16   5.400      250
                         5       1   0.267      250
                         6       4   2.067      250
                         7       2   1.067      250
                         8       0   0.000      250
                         9       1   0.533      250
Y - Directed channels:   i max occ ave occ capacity
                      ---- ------- ------- --------
                         0       3   1.455      250
                         1       8   4.091      250
                         2      22   9.182      250
                         3      24  10.091      250
                         4       8   3.818      250
                         5       0   0.000      250
                         6       0   0.000      250
                         7       0   0.000      250
                         8       0   0.000      250
                         9       2   0.909      250
                        10       2   0.727      250
                        11       1   0.545      250
                        12       1   0.273      250
                        13       1   0.455      250

Total tracks in x-direction: 2500, in y-direction: 3500

Logic area (in minimum width transistor areas, excludes I/Os and empty grid tiles)...
	Total logic block area (Warning, need to add pitch of routing to blocks with height > 3): 0
	Total used logic block area: 0

Routing area (in minimum width transistor areas)...
	Total routing area: 2.42611e+06, per logic tile: 14703.7

Total Number of Wiring Segments by Direction: direction length number
                                              --------- ------ -------
                                                      X      4   8640
                                                      Y      4   9072
                                                      X     16    600
                                                      Y     16    716

X - Directed Wiring Segment usage by length: length utilization
                                             ------ -----------
                                             4     0.00775
                                            16        0.01

Y - Directed Wiring Segment usage by length: length utilization
                                             ------ -----------
                                             4       0.011
                                            16           0

Segment occupancy by length: Length utilization
                             ------ -----------
                             L4         0.00943
                             L16         0.00456

Segment occupancy by type: name type utilization
                           ---- ---- -----------
                             L4    0     0.00943
                            L16    1     0.00456

Final hold Worst Negative Slack (hWNS): 0 ns
Final hold Total Negative Slack (hTNS): 0 ns

Final hold slack histogram:
[  5.2e-09:  5.3e-09) 1 ( 14.3%) |**************************************************
[  5.3e-09:  5.3e-09) 1 ( 14.3%) |**************************************************
[  5.3e-09:  5.4e-09) 1 ( 14.3%) |**************************************************
[  5.4e-09:  5.5e-09) 1 ( 14.3%) |**************************************************
[  5.5e-09:  5.6e-09) 0 (  0.0%) |
[  5.6e-09:  5.6e-09) 0 (  0.0%) |
[  5.6e-09:  5.7e-09) 1 ( 14.3%) |**************************************************
[  5.7e-09:  5.8e-09) 1 ( 14.3%) |**************************************************
[  5.8e-09:  5.9e-09) 0 (  0.0%) |
[  5.9e-09:    6e-09) 1 ( 14.3%) |**************************************************

Final critical path delay (least slack): 9.17236 ns, Fmax: 109.023 MHz
Final setup Worst Negative Slack (sWNS): -9.17236 ns
Final setup Total Negative Slack (sTNS): -57.8758 ns

Final setup slack histogram:
[ -9.2e-09: -8.9e-09) 3 ( 42.9%) |*************************************************
[ -8.9e-09: -8.7e-09) 0 (  0.0%) |
[ -8.7e-09: -8.4e-09) 1 ( 14.3%) |****************
[ -8.4e-09: -8.2e-09) 0 (  0.0%) |
[ -8.2e-09: -7.9e-09) 0 (  0.0%) |
[ -7.9e-09: -7.7e-09) 1 ( 14.3%) |****************
[ -7.7e-09: -7.4e-09) 0 (  0.0%) |
[ -7.4e-09: -7.2e-09) 1 ( 14.3%) |****************
[ -7.2e-09: -6.9e-09) 0 (  0.0%) |
[ -6.9e-09: -6.7e-09) 1 ( 14.3%) |****************

Final geomean non-virtual intra-domain period: nan ns (nan MHz)
Final fanout-weighted geomean non-virtual intra-domain period: nan ns (nan MHz)

Incr Slack updates 1 in 3.066e-06 sec
Full Max Req/Worst Slack updates 1 in 1.764e-06 sec
Incr Max Req/Worst Slack updates 0 in 0 sec
Incr Criticality updates 0 in 0 sec
Full Criticality updates 1 in 7.354e-06 sec
Flow timing analysis took 0.00991875 seconds (0.00922916 STA, 0.000689592 slack) (52 full updates: 39 setup, 0 hold, 13 combined).
VPR succeeded
The entire flow of VPR took 6.72 seconds (max_rss 976.8 MiB)
Incr Slack updates 12 in 3.8052e-05 sec
Full Max Req/Worst Slack updates 1 in 1.914e-06 sec
Incr Max Req/Worst Slack updates 11 in 1.2302e-05 sec
Incr Criticality updates 9 in 4.4193e-05 sec
Full Criticality updates 3 in 2.0608e-05 sec
