#Timing report of worst 22 path(s)
# Unit scale: 1e-09 seconds
# Output precision: 3

#Path 1
Startpoint: G40.inpad[0] (.input clocked by virtual_io_clock)
Endpoint  : out:G3537.outpad[0] (.output clocked by virtual_io_clock)
Path Type : setup

Point                                                             Incr      Path
--------------------------------------------------------------------------------
clock virtual_io_clock (rise edge)                               0.000     0.000
clock source latency                                             0.000     0.000
input external delay                                             0.000     0.000
G40.inpad[0] (.input)                                            0.000     0.000
new_n118.in[3] (.names)                                          2.130     2.130
new_n118.out[0] (.names)                                         0.261     2.391
new_n117.in[4] (.names)                                          0.100     2.491
new_n117.out[0] (.names)                                         0.261     2.752
new_n116.in[4] (.names)                                          0.332     3.084
new_n116.out[0] (.names)                                         0.261     3.345
new_n133.in[1] (.names)                                          0.332     3.677
new_n133.out[0] (.names)                                         0.261     3.938
new_n130.in[3] (.names)                                          0.332     4.270
new_n130.out[0] (.names)                                         0.261     4.531
G3531.in[1] (.names)                                             0.332     4.864
G3531.out[0] (.names)                                            0.261     5.125
new_n285.in[0] (.names)                                          0.333     5.458
new_n285.out[0] (.names)                                         0.261     5.719
G3537.in[3] (.names)                                             0.100     5.819
G3537.out[0] (.names)                                            0.261     6.080
out:G3537.outpad[0] (.output)                                    3.630     9.709
data arrival time                                                          9.709

clock virtual_io_clock (rise edge)                               0.000     0.000
clock source latency                                             0.000     0.000
clock uncertainty                                                0.000     0.000
output external delay                                            0.000     0.000
data required time                                                         0.000
--------------------------------------------------------------------------------
data required time                                                         0.000
data arrival time                                                         -9.709
--------------------------------------------------------------------------------
slack (VIOLATED)                                                          -9.709


#Path 2
Startpoint: G40.inpad[0] (.input clocked by virtual_io_clock)
Endpoint  : out:G3538.outpad[0] (.output clocked by virtual_io_clock)
Path Type : setup

Point                                                             Incr      Path
--------------------------------------------------------------------------------
clock virtual_io_clock (rise edge)                               0.000     0.000
clock source latency                                             0.000     0.000
input external delay                                             0.000     0.000
G40.inpad[0] (.input)                                            0.000     0.000
new_n118.in[3] (.names)                                          2.130     2.130
new_n118.out[0] (.names)                                         0.261     2.391
new_n117.in[4] (.names)                                          0.100     2.491
new_n117.out[0] (.names)                                         0.261     2.752
new_n116.in[4] (.names)                                          0.332     3.084
new_n116.out[0] (.names)                                         0.261     3.345
new_n133.in[1] (.names)                                          0.332     3.677
new_n133.out[0] (.names)                                         0.261     3.938
new_n130.in[3] (.names)                                          0.332     4.270
new_n130.out[0] (.names)                                         0.261     4.531
G3531.in[1] (.names)                                             0.332     4.864
G3531.out[0] (.names)                                            0.261     5.125
new_n285.in[0] (.names)                                          0.333     5.458
new_n285.out[0] (.names)                                         0.261     5.719
G3538.in[1] (.names)                                             0.100     5.819
G3538.out[0] (.names)                                            0.261     6.080
out:G3538.outpad[0] (.output)                                    3.609     9.689
data arrival time                                                          9.689

clock virtual_io_clock (rise edge)                               0.000     0.000
clock source latency                                             0.000     0.000
clock uncertainty                                                0.000     0.000
output external delay                                            0.000     0.000
data required time                                                         0.000
--------------------------------------------------------------------------------
data required time                                                         0.000
data arrival time                                                         -9.689
--------------------------------------------------------------------------------
slack (VIOLATED)                                                          -9.689


#Path 3
Startpoint: G40.inpad[0] (.input clocked by virtual_io_clock)
Endpoint  : out:G3539.outpad[0] (.output clocked by virtual_io_clock)
Path Type : setup

Point                                                             Incr      Path
--------------------------------------------------------------------------------
clock virtual_io_clock (rise edge)                               0.000     0.000
clock source latency                                             0.000     0.000
input external delay                                             0.000     0.000
G40.inpad[0] (.input)                                            0.000     0.000
new_n118.in[3] (.names)                                          2.130     2.130
new_n118.out[0] (.names)                                         0.261     2.391
new_n117.in[4] (.names)                                          0.100     2.491
new_n117.out[0] (.names)                                         0.261     2.752
new_n116.in[4] (.names)                                          0.332     3.084
new_n116.out[0] (.names)                                         0.261     3.345
new_n133.in[1] (.names)                                          0.332     3.677
new_n133.out[0] (.names)                                         0.261     3.938
new_n130.in[3] (.names)                                          0.332     4.270
new_n130.out[0] (.names)                                         0.261     4.531
G3533.in[3] (.names)                                             0.332     4.864
G3533.out[0] (.names)                                            0.261     5.125
new_n75.in[1] (.names)                                           0.333     5.457
new_n75.out[0] (.names)                                          0.261     5.718
G3539.in[4] (.names)                                             0.100     5.818
G3539.out[0] (.names)                                            0.261     6.079
out:G3539.outpad[0] (.output)                                    3.599     9.679
data arrival time                                                          9.679

clock virtual_io_clock (rise edge)                               0.000     0.000
clock source latency                                             0.000     0.000
clock uncertainty                                                0.000     0.000
output external delay                                            0.000     0.000
data required time                                                         0.000
--------------------------------------------------------------------------------
data required time                                                         0.000
data arrival time                                                         -9.679
--------------------------------------------------------------------------------
slack (VIOLATED)                                                          -9.679


#Path 4
Startpoint: G40.inpad[0] (.input clocked by virtual_io_clock)
Endpoint  : out:G3540.outpad[0] (.output clocked by virtual_io_clock)
Path Type : setup

Point                                                             Incr      Path
--------------------------------------------------------------------------------
clock virtual_io_clock (rise edge)                               0.000     0.000
clock source latency                                             0.000     0.000
input external delay                                             0.000     0.000
G40.inpad[0] (.input)                                            0.000     0.000
new_n118.in[3] (.names)                                          2.130     2.130
new_n118.out[0] (.names)                                         0.261     2.391
new_n117.in[4] (.names)                                          0.100     2.491
new_n117.out[0] (.names)                                         0.261     2.752
new_n116.in[4] (.names)                                          0.332     3.084
new_n116.out[0] (.names)                                         0.261     3.345
new_n133.in[1] (.names)                                          0.332     3.677
new_n133.out[0] (.names)                                         0.261     3.938
new_n130.in[3] (.names)                                          0.332     4.270
new_n130.out[0] (.names)                                         0.261     4.531
G3533.in[3] (.names)                                             0.332     4.864
G3533.out[0] (.names)                                            0.261     5.125
new_n75.in[1] (.names)                                           0.333     5.457
new_n75.out[0] (.names)                                          0.261     5.718
G3540.in[0] (.names)                                             0.100     5.818
G3540.out[0] (.names)                                            0.261     6.079
out:G3540.outpad[0] (.output)                                    3.538     9.617
data arrival time                                                          9.617

clock virtual_io_clock (rise edge)                               0.000     0.000
clock source latency                                             0.000     0.000
clock uncertainty                                                0.000     0.000
output external delay                                            0.000     0.000
data required time                                                         0.000
--------------------------------------------------------------------------------
data required time                                                         0.000
data arrival time                                                         -9.617
--------------------------------------------------------------------------------
slack (VIOLATED)                                                          -9.617


#Path 5
Startpoint: G40.inpad[0] (.input clocked by virtual_io_clock)
Endpoint  : out:G3536.outpad[0] (.output clocked by virtual_io_clock)
Path Type : setup

Point                                                             Incr      Path
--------------------------------------------------------------------------------
clock virtual_io_clock (rise edge)                               0.000     0.000
clock source latency                                             0.000     0.000
input external delay                                             0.000     0.000
G40.inpad[0] (.input)                                            0.000     0.000
new_n118.in[3] (.names)                                          2.130     2.130
new_n118.out[0] (.names)                                         0.261     2.391
new_n117.in[4] (.names)                                          0.100     2.491
new_n117.out[0] (.names)                                         0.261     2.752
new_n116.in[4] (.names)                                          0.332     3.084
new_n116.out[0] (.names)                                         0.261     3.345
new_n131.in[1] (.names)                                          0.332     3.677
new_n131.out[0] (.names)                                         0.261     3.938
new_n208.in[1] (.names)                                          0.332     4.270
new_n208.out[0] (.names)                                         0.261     4.531
new_n207.in[0] (.names)                                          0.333     4.864
new_n207.out[0] (.names)                                         0.261     5.125
G3536.in[3] (.names)                                             0.196     5.321
G3536.out[0] (.names)                                            0.261     5.582
out:G3536.outpad[0] (.output)                                    3.674     9.256
data arrival time                                                          9.256

clock virtual_io_clock (rise edge)                               0.000     0.000
clock source latency                                             0.000     0.000
clock uncertainty                                                0.000     0.000
output external delay                                            0.000     0.000
data required time                                                         0.000
--------------------------------------------------------------------------------
data required time                                                         0.000
data arrival time                                                         -9.256
--------------------------------------------------------------------------------
slack (VIOLATED)                                                          -9.256


#Path 6
Startpoint: G40.inpad[0] (.input clocked by virtual_io_clock)
Endpoint  : out:G3530.outpad[0] (.output clocked by virtual_io_clock)
Path Type : setup

Point                                                             Incr      Path
--------------------------------------------------------------------------------
clock virtual_io_clock (rise edge)                               0.000     0.000
clock source latency                                             0.000     0.000
input external delay                                             0.000     0.000
G40.inpad[0] (.input)                                            0.000     0.000
new_n118.in[3] (.names)                                          2.130     2.130
new_n118.out[0] (.names)                                         0.261     2.391
new_n117.in[4] (.names)                                          0.100     2.491
new_n117.out[0] (.names)                                         0.261     2.752
new_n116.in[4] (.names)                                          0.332     3.084
new_n116.out[0] (.names)                                         0.261     3.345
new_n131.in[1] (.names)                                          0.332     3.677
new_n131.out[0] (.names)                                         0.261     3.938
new_n198.in[1] (.names)                                          0.196     4.134
new_n198.out[0] (.names)                                         0.261     4.395
new_n300.in[0] (.names)                                          0.333     4.728
new_n300.out[0] (.names)                                         0.261     4.989
G3530.in[2] (.names)                                             0.471     5.460
G3530.out[0] (.names)                                            0.261     5.721
out:G3530.outpad[0] (.output)                                    3.512     9.233
data arrival time                                                          9.233

clock virtual_io_clock (rise edge)                               0.000     0.000
clock source latency                                             0.000     0.000
clock uncertainty                                                0.000     0.000
output external delay                                            0.000     0.000
data required time                                                         0.000
--------------------------------------------------------------------------------
data required time                                                         0.000
data arrival time                                                         -9.233
--------------------------------------------------------------------------------
slack (VIOLATED)                                                          -9.233


#Path 7
Startpoint: G40.inpad[0] (.input clocked by virtual_io_clock)
Endpoint  : out:G3535.outpad[0] (.output clocked by virtual_io_clock)
Path Type : setup

Point                                                             Incr      Path
--------------------------------------------------------------------------------
clock virtual_io_clock (rise edge)                               0.000     0.000
clock source latency                                             0.000     0.000
input external delay                                             0.000     0.000
G40.inpad[0] (.input)                                            0.000     0.000
new_n118.in[3] (.names)                                          2.130     2.130
new_n118.out[0] (.names)                                         0.261     2.391
new_n117.in[4] (.names)                                          0.100     2.491
new_n117.out[0] (.names)                                         0.261     2.752
new_n116.in[4] (.names)                                          0.332     3.084
new_n116.out[0] (.names)                                         0.261     3.345
new_n131.in[1] (.names)                                          0.332     3.677
new_n131.out[0] (.names)                                         0.261     3.938
new_n208.in[1] (.names)                                          0.332     4.270
new_n208.out[0] (.names)                                         0.261     4.531
new_n207.in[0] (.names)                                          0.333     4.864
new_n207.out[0] (.names)                                         0.261     5.125
G3535.in[2] (.names)                                             0.100     5.225
G3535.out[0] (.names)                                            0.261     5.486
out:G3535.outpad[0] (.output)                                    3.696     9.181
data arrival time                                                          9.181

clock virtual_io_clock (rise edge)                               0.000     0.000
clock source latency                                             0.000     0.000
clock uncertainty                                                0.000     0.000
output external delay                                            0.000     0.000
data required time                                                         0.000
--------------------------------------------------------------------------------
data required time                                                         0.000
data arrival time                                                         -9.181
--------------------------------------------------------------------------------
slack (VIOLATED)                                                          -9.181


#Path 8
Startpoint: G40.inpad[0] (.input clocked by virtual_io_clock)
Endpoint  : out:G3534.outpad[0] (.output clocked by virtual_io_clock)
Path Type : setup

Point                                                             Incr      Path
--------------------------------------------------------------------------------
clock virtual_io_clock (rise edge)                               0.000     0.000
clock source latency                                             0.000     0.000
input external delay                                             0.000     0.000
G40.inpad[0] (.input)                                            0.000     0.000
new_n118.in[3] (.names)                                          2.130     2.130
new_n118.out[0] (.names)                                         0.261     2.391
new_n117.in[4] (.names)                                          0.100     2.491
new_n117.out[0] (.names)                                         0.261     2.752
new_n116.in[4] (.names)                                          0.332     3.084
new_n116.out[0] (.names)                                         0.261     3.345
new_n131.in[1] (.names)                                          0.332     3.677
new_n131.out[0] (.names)                                         0.261     3.938
new_n208.in[1] (.names)                                          0.332     4.270
new_n208.out[0] (.names)                                         0.261     4.531
new_n207.in[0] (.names)                                          0.333     4.864
new_n207.out[0] (.names)                                         0.261     5.125
G3534.in[3] (.names)                                             0.100     5.225
G3534.out[0] (.names)                                            0.261     5.486
out:G3534.outpad[0] (.output)                                    3.652     9.138
data arrival time                                                          9.138

clock virtual_io_clock (rise edge)                               0.000     0.000
clock source latency                                             0.000     0.000
clock uncertainty                                                0.000     0.000
output external delay                                            0.000     0.000
data required time                                                         0.000
--------------------------------------------------------------------------------
data required time                                                         0.000
data arrival time                                                         -9.138
--------------------------------------------------------------------------------
slack (VIOLATED)                                                          -9.138


#Path 9
Startpoint: G40.inpad[0] (.input clocked by virtual_io_clock)
Endpoint  : out:G3527.outpad[0] (.output clocked by virtual_io_clock)
Path Type : setup

Point                                                             Incr      Path
--------------------------------------------------------------------------------
clock virtual_io_clock (rise edge)                               0.000     0.000
clock source latency                                             0.000     0.000
input external delay                                             0.000     0.000
G40.inpad[0] (.input)                                            0.000     0.000
new_n118.in[3] (.names)                                          2.130     2.130
new_n118.out[0] (.names)                                         0.261     2.391
new_n117.in[4] (.names)                                          0.100     2.491
new_n117.out[0] (.names)                                         0.261     2.752
new_n116.in[4] (.names)                                          0.332     3.084
new_n116.out[0] (.names)                                         0.261     3.345
new_n133.in[1] (.names)                                          0.332     3.677
new_n133.out[0] (.names)                                         0.261     3.938
new_n130.in[3] (.names)                                          0.332     4.270
new_n130.out[0] (.names)                                         0.261     4.531
G3527.in[2] (.names)                                             0.333     4.865
G3527.out[0] (.names)                                            0.261     5.126
out:G3527.outpad[0] (.output)                                    3.700     8.826
data arrival time                                                          8.826

clock virtual_io_clock (rise edge)                               0.000     0.000
clock source latency                                             0.000     0.000
clock uncertainty                                                0.000     0.000
output external delay                                            0.000     0.000
data required time                                                         0.000
--------------------------------------------------------------------------------
data required time                                                         0.000
data arrival time                                                         -8.826
--------------------------------------------------------------------------------
slack (VIOLATED)                                                          -8.826


#Path 10
Startpoint: G40.inpad[0] (.input clocked by virtual_io_clock)
Endpoint  : out:G3533.outpad[0] (.output clocked by virtual_io_clock)
Path Type : setup

Point                                                             Incr      Path
--------------------------------------------------------------------------------
clock virtual_io_clock (rise edge)                               0.000     0.000
clock source latency                                             0.000     0.000
input external delay                                             0.000     0.000
G40.inpad[0] (.input)                                            0.000     0.000
new_n118.in[3] (.names)                                          2.130     2.130
new_n118.out[0] (.names)                                         0.261     2.391
new_n117.in[4] (.names)                                          0.100     2.491
new_n117.out[0] (.names)                                         0.261     2.752
new_n116.in[4] (.names)                                          0.332     3.084
new_n116.out[0] (.names)                                         0.261     3.345
new_n133.in[1] (.names)                                          0.332     3.677
new_n133.out[0] (.names)                                         0.261     3.938
new_n130.in[3] (.names)                                          0.332     4.270
new_n130.out[0] (.names)                                         0.261     4.531
G3533.in[3] (.names)                                             0.332     4.864
G3533.out[0] (.names)                                            0.261     5.125
out:G3533.outpad[0] (.output)                                    3.681     8.806
data arrival time                                                          8.806

clock virtual_io_clock (rise edge)                               0.000     0.000
clock source latency                                             0.000     0.000
clock uncertainty                                                0.000     0.000
output external delay                                            0.000     0.000
data required time                                                         0.000
--------------------------------------------------------------------------------
data required time                                                         0.000
data arrival time                                                         -8.806
--------------------------------------------------------------------------------
slack (VIOLATED)                                                          -8.806


#Path 11
Startpoint: G40.inpad[0] (.input clocked by virtual_io_clock)
Endpoint  : out:G3532.outpad[0] (.output clocked by virtual_io_clock)
Path Type : setup

Point                                                             Incr      Path
--------------------------------------------------------------------------------
clock virtual_io_clock (rise edge)                               0.000     0.000
clock source latency                                             0.000     0.000
input external delay                                             0.000     0.000
G40.inpad[0] (.input)                                            0.000     0.000
new_n118.in[3] (.names)                                          2.130     2.130
new_n118.out[0] (.names)                                         0.261     2.391
new_n117.in[4] (.names)                                          0.100     2.491
new_n117.out[0] (.names)                                         0.261     2.752
new_n116.in[4] (.names)                                          0.332     3.084
new_n116.out[0] (.names)                                         0.261     3.345
new_n133.in[1] (.names)                                          0.332     3.677
new_n133.out[0] (.names)                                         0.261     3.938
new_n130.in[3] (.names)                                          0.332     4.270
new_n130.out[0] (.names)                                         0.261     4.531
G3532.in[3] (.names)                                             0.332     4.864
G3532.out[0] (.names)                                            0.261     5.125
out:G3532.outpad[0] (.output)                                    3.580     8.705
data arrival time                                                          8.705

clock virtual_io_clock (rise edge)                               0.000     0.000
clock source latency                                             0.000     0.000
clock uncertainty                                                0.000     0.000
output external delay                                            0.000     0.000
data required time                                                         0.000
--------------------------------------------------------------------------------
data required time                                                         0.000
data arrival time                                                         -8.705
--------------------------------------------------------------------------------
slack (VIOLATED)                                                          -8.705


#Path 12
Startpoint: G40.inpad[0] (.input clocked by virtual_io_clock)
Endpoint  : out:G3531.outpad[0] (.output clocked by virtual_io_clock)
Path Type : setup

Point                                                             Incr      Path
--------------------------------------------------------------------------------
clock virtual_io_clock (rise edge)                               0.000     0.000
clock source latency                                             0.000     0.000
input external delay                                             0.000     0.000
G40.inpad[0] (.input)                                            0.000     0.000
new_n118.in[3] (.names)                                          2.130     2.130
new_n118.out[0] (.names)                                         0.261     2.391
new_n117.in[4] (.names)                                          0.100     2.491
new_n117.out[0] (.names)                                         0.261     2.752
new_n116.in[4] (.names)                                          0.332     3.084
new_n116.out[0] (.names)                                         0.261     3.345
new_n133.in[1] (.names)                                          0.332     3.677
new_n133.out[0] (.names)                                         0.261     3.938
new_n130.in[3] (.names)                                          0.332     4.270
new_n130.out[0] (.names)                                         0.261     4.531
G3531.in[1] (.names)                                             0.332     4.864
G3531.out[0] (.names)                                            0.261     5.125
out:G3531.outpad[0] (.output)                                    3.549     8.673
data arrival time                                                          8.673

clock virtual_io_clock (rise edge)                               0.000     0.000
clock source latency                                             0.000     0.000
clock uncertainty                                                0.000     0.000
output external delay                                            0.000     0.000
data required time                                                         0.000
--------------------------------------------------------------------------------
data required time                                                         0.000
data arrival time                                                         -8.673
--------------------------------------------------------------------------------
slack (VIOLATED)                                                          -8.673


#Path 13
Startpoint: G40.inpad[0] (.input clocked by virtual_io_clock)
Endpoint  : out:G3529.outpad[0] (.output clocked by virtual_io_clock)
Path Type : setup

Point                                                             Incr      Path
--------------------------------------------------------------------------------
clock virtual_io_clock (rise edge)                               0.000     0.000
clock source latency                                             0.000     0.000
input external delay                                             0.000     0.000
G40.inpad[0] (.input)                                            0.000     0.000
new_n118.in[3] (.names)                                          2.130     2.130
new_n118.out[0] (.names)                                         0.261     2.391
new_n117.in[4] (.names)                                          0.100     2.491
new_n117.out[0] (.names)                                         0.261     2.752
new_n116.in[4] (.names)                                          0.332     3.084
new_n116.out[0] (.names)                                         0.261     3.345
new_n131.in[1] (.names)                                          0.332     3.677
new_n131.out[0] (.names)                                         0.261     3.938
new_n269.in[1] (.names)                                          0.100     4.038
new_n269.out[0] (.names)                                         0.261     4.299
G3529.in[3] (.names)                                             0.333     4.632
G3529.out[0] (.names)                                            0.261     4.893
out:G3529.outpad[0] (.output)                                    3.526     8.419
data arrival time                                                          8.419

clock virtual_io_clock (rise edge)                               0.000     0.000
clock source latency                                             0.000     0.000
clock uncertainty                                                0.000     0.000
output external delay                                            0.000     0.000
data required time                                                         0.000
--------------------------------------------------------------------------------
data required time                                                         0.000
data arrival time                                                         -8.419
--------------------------------------------------------------------------------
slack (VIOLATED)                                                          -8.419


#Path 14
Startpoint: G41.inpad[0] (.input clocked by virtual_io_clock)
Endpoint  : out:G3528.outpad[0] (.output clocked by virtual_io_clock)
Path Type : setup

Point                                                             Incr      Path
--------------------------------------------------------------------------------
clock virtual_io_clock (rise edge)                               0.000     0.000
clock source latency                                             0.000     0.000
input external delay                                             0.000     0.000
G41.inpad[0] (.input)                                            0.000     0.000
new_n124.in[3] (.names)                                          2.121     2.121
new_n124.out[0] (.names)                                         0.261     2.382
new_n123.in[4] (.names)                                          0.100     2.482
new_n123.out[0] (.names)                                         0.261     2.743
new_n122.in[4] (.names)                                          0.332     3.074
new_n122.out[0] (.names)                                         0.261     3.335
new_n138.in[1] (.names)                                          0.196     3.531
new_n138.out[0] (.names)                                         0.261     3.792
new_n174.in[1] (.names)                                          0.196     3.988
new_n174.out[0] (.names)                                         0.261     4.249
G3528.in[4] (.names)                                             0.196     4.445
G3528.out[0] (.names)                                            0.261     4.706
out:G3528.outpad[0] (.output)                                    3.497     8.203
data arrival time                                                          8.203

clock virtual_io_clock (rise edge)                               0.000     0.000
clock source latency                                             0.000     0.000
clock uncertainty                                                0.000     0.000
output external delay                                            0.000     0.000
data required time                                                         0.000
--------------------------------------------------------------------------------
data required time                                                         0.000
data arrival time                                                         -8.203
--------------------------------------------------------------------------------
slack (VIOLATED)                                                          -8.203


#Path 15
Startpoint: G40.inpad[0] (.input clocked by virtual_io_clock)
Endpoint  : out:G3525.outpad[0] (.output clocked by virtual_io_clock)
Path Type : setup

Point                                                             Incr      Path
--------------------------------------------------------------------------------
clock virtual_io_clock (rise edge)                               0.000     0.000
clock source latency                                             0.000     0.000
input external delay                                             0.000     0.000
G40.inpad[0] (.input)                                            0.000     0.000
new_n118.in[3] (.names)                                          2.130     2.130
new_n118.out[0] (.names)                                         0.261     2.391
new_n117.in[4] (.names)                                          0.100     2.491
new_n117.out[0] (.names)                                         0.261     2.752
new_n116.in[4] (.names)                                          0.332     3.084
new_n116.out[0] (.names)                                         0.261     3.345
new_n131.in[1] (.names)                                          0.332     3.677
new_n131.out[0] (.names)                                         0.261     3.938
G3525.in[1] (.names)                                             0.332     4.270
G3525.out[0] (.names)                                            0.261     4.531
out:G3525.outpad[0] (.output)                                    3.563     8.093
data arrival time                                                          8.093

clock virtual_io_clock (rise edge)                               0.000     0.000
clock source latency                                             0.000     0.000
clock uncertainty                                                0.000     0.000
output external delay                                            0.000     0.000
data required time                                                         0.000
--------------------------------------------------------------------------------
data required time                                                         0.000
data arrival time                                                         -8.093
--------------------------------------------------------------------------------
slack (VIOLATED)                                                          -8.093


#Path 16
Startpoint: G40.inpad[0] (.input clocked by virtual_io_clock)
Endpoint  : out:G3526.outpad[0] (.output clocked by virtual_io_clock)
Path Type : setup

Point                                                             Incr      Path
--------------------------------------------------------------------------------
clock virtual_io_clock (rise edge)                               0.000     0.000
clock source latency                                             0.000     0.000
input external delay                                             0.000     0.000
G40.inpad[0] (.input)                                            0.000     0.000
new_n118.in[3] (.names)                                          2.130     2.130
new_n118.out[0] (.names)                                         0.261     2.391
new_n117.in[4] (.names)                                          0.100     2.491
new_n117.out[0] (.names)                                         0.261     2.752
new_n116.in[4] (.names)                                          0.332     3.084
new_n116.out[0] (.names)                                         0.261     3.345
new_n137.in[1] (.names)                                          0.196     3.541
new_n137.out[0] (.names)                                         0.261     3.802
G3526.in[0] (.names)                                             0.196     3.998
G3526.out[0] (.names)                                            0.261     4.259
out:G3526.outpad[0] (.output)                                    3.703     7.962
data arrival time                                                          7.962

clock virtual_io_clock (rise edge)                               0.000     0.000
clock source latency                                             0.000     0.000
clock uncertainty                                                0.000     0.000
output external delay                                            0.000     0.000
data required time                                                         0.000
--------------------------------------------------------------------------------
data required time                                                         0.000
data arrival time                                                         -7.962
--------------------------------------------------------------------------------
slack (VIOLATED)                                                          -7.962


#Path 17
Startpoint: G4.inpad[0] (.input clocked by virtual_io_clock)
Endpoint  : out:G3524.outpad[0] (.output clocked by virtual_io_clock)
Path Type : setup

Point                                                             Incr      Path
--------------------------------------------------------------------------------
clock virtual_io_clock (rise edge)                               0.000     0.000
clock source latency                                             0.000     0.000
input external delay                                             0.000     0.000
G4.inpad[0] (.input)                                             0.000     0.000
new_n83.in[1] (.names)                                           1.954     1.954
new_n83.out[0] (.names)                                          0.261     2.215
new_n217.in[2] (.names)                                          0.469     2.684
new_n217.out[0] (.names)                                         0.261     2.945
new_n216.in[4] (.names)                                          0.100     3.045
new_n216.out[0] (.names)                                         0.261     3.306
new_n223.in[3] (.names)                                          0.332     3.638
new_n223.out[0] (.names)                                         0.261     3.899
G3524.in[0] (.names)                                             0.100     3.999
G3524.out[0] (.names)                                            0.261     4.260
out:G3524.outpad[0] (.output)                                    3.610     7.870
data arrival time                                                          7.870

clock virtual_io_clock (rise edge)                               0.000     0.000
clock source latency                                             0.000     0.000
clock uncertainty                                                0.000     0.000
output external delay                                            0.000     0.000
data required time                                                         0.000
--------------------------------------------------------------------------------
data required time                                                         0.000
data arrival time                                                         -7.870
--------------------------------------------------------------------------------
slack (VIOLATED)                                                          -7.870


#Path 18
Startpoint: G35.inpad[0] (.input clocked by virtual_io_clock)
Endpoint  : out:G3521.outpad[0] (.output clocked by virtual_io_clock)
Path Type : setup

Point                                                             Incr      Path
--------------------------------------------------------------------------------
clock virtual_io_clock (rise edge)                               0.000     0.000
clock source latency                                             0.000     0.000
input external delay                                             0.000     0.000
G35.inpad[0] (.input)                                            0.000     0.000
new_n290.in[1] (.names)                                          2.037     2.037
new_n290.out[0] (.names)                                         0.261     2.298
new_n289.in[4] (.names)                                          0.100     2.398
new_n289.out[0] (.names)                                         0.261     2.659
new_n288.in[4] (.names)                                          0.100     2.759
new_n288.out[0] (.names)                                         0.261     3.020
G3521.in[2] (.names)                                             0.100     3.120
G3521.out[0] (.names)                                            0.261     3.381
out:G3521.outpad[0] (.output)                                    3.648     7.029
data arrival time                                                          7.029

clock virtual_io_clock (rise edge)                               0.000     0.000
clock source latency                                             0.000     0.000
clock uncertainty                                                0.000     0.000
output external delay                                            0.000     0.000
data required time                                                         0.000
--------------------------------------------------------------------------------
data required time                                                         0.000
data arrival time                                                         -7.029
--------------------------------------------------------------------------------
slack (VIOLATED)                                                          -7.029


#Path 19
Startpoint: G33.inpad[0] (.input clocked by virtual_io_clock)
Endpoint  : out:G3522.outpad[0] (.output clocked by virtual_io_clock)
Path Type : setup

Point                                                             Incr      Path
--------------------------------------------------------------------------------
clock virtual_io_clock (rise edge)                               0.000     0.000
clock source latency                                             0.000     0.000
input external delay                                             0.000     0.000
G33.inpad[0] (.input)                                            0.000     0.000
new_n171.in[0] (.names)                                          2.002     2.002
new_n171.out[0] (.names)                                         0.261     2.263
G3522.in[0] (.names)                                             0.100     2.363
G3522.out[0] (.names)                                            0.261     2.624
out:G3522.outpad[0] (.output)                                    3.663     6.287
data arrival time                                                          6.287

clock virtual_io_clock (rise edge)                               0.000     0.000
clock source latency                                             0.000     0.000
clock uncertainty                                                0.000     0.000
output external delay                                            0.000     0.000
data required time                                                         0.000
--------------------------------------------------------------------------------
data required time                                                         0.000
data arrival time                                                         -6.287
--------------------------------------------------------------------------------
slack (VIOLATED)                                                          -6.287


#Path 20
Startpoint: G10.inpad[0] (.input clocked by virtual_io_clock)
Endpoint  : out:G3523.outpad[0] (.output clocked by virtual_io_clock)
Path Type : setup

Point                                                             Incr      Path
--------------------------------------------------------------------------------
clock virtual_io_clock (rise edge)                               0.000     0.000
clock source latency                                             0.000     0.000
input external delay                                             0.000     0.000
G10.inpad[0] (.input)                                            0.000     0.000
new_n186.in[3] (.names)                                          1.999     1.999
new_n186.out[0] (.names)                                         0.261     2.260
G3523.in[0] (.names)                                             0.100     2.360
G3523.out[0] (.names)                                            0.261     2.621
out:G3523.outpad[0] (.output)                                    3.559     6.180
data arrival time                                                          6.180

clock virtual_io_clock (rise edge)                               0.000     0.000
clock source latency                                             0.000     0.000
clock uncertainty                                                0.000     0.000
output external delay                                            0.000     0.000
data required time                                                         0.000
--------------------------------------------------------------------------------
data required time                                                         0.000
data arrival time                                                         -6.180
--------------------------------------------------------------------------------
slack (VIOLATED)                                                          -6.180


#Path 21
Startpoint: G10.inpad[0] (.input clocked by virtual_io_clock)
Endpoint  : out:G3519.outpad[0] (.output clocked by virtual_io_clock)
Path Type : setup

Point                                                             Incr      Path
--------------------------------------------------------------------------------
clock virtual_io_clock (rise edge)                               0.000     0.000
clock source latency                                             0.000     0.000
input external delay                                             0.000     0.000
G10.inpad[0] (.input)                                            0.000     0.000
G3519.in[3] (.names)                                             1.994     1.994
G3519.out[0] (.names)                                            0.261     2.255
out:G3519.outpad[0] (.output)                                    3.745     6.000
data arrival time                                                          6.000

clock virtual_io_clock (rise edge)                               0.000     0.000
clock source latency                                             0.000     0.000
clock uncertainty                                                0.000     0.000
output external delay                                            0.000     0.000
data required time                                                         0.000
--------------------------------------------------------------------------------
data required time                                                         0.000
data arrival time                                                         -6.000
--------------------------------------------------------------------------------
slack (VIOLATED)                                                          -6.000


#Path 22
Startpoint: G12.inpad[0] (.input clocked by virtual_io_clock)
Endpoint  : out:G3520.outpad[0] (.output clocked by virtual_io_clock)
Path Type : setup

Point                                                             Incr      Path
--------------------------------------------------------------------------------
clock virtual_io_clock (rise edge)                               0.000     0.000
clock source latency                                             0.000     0.000
input external delay                                             0.000     0.000
G12.inpad[0] (.input)                                            0.000     0.000
G3520.in[0] (.names)                                             1.989     1.989
G3520.out[0] (.names)                                            0.261     2.250
out:G3520.outpad[0] (.output)                                    3.635     5.884
data arrival time                                                          5.884

clock virtual_io_clock (rise edge)                               0.000     0.000
clock source latency                                             0.000     0.000
clock uncertainty                                                0.000     0.000
output external delay                                            0.000     0.000
data required time                                                         0.000
--------------------------------------------------------------------------------
data required time                                                         0.000
data arrival time                                                         -5.884
--------------------------------------------------------------------------------
slack (VIOLATED)                                                          -5.884


#End of timing report
