#Timing report of worst 22 path(s)
# Unit scale: 1e-09 seconds
# Output precision: 3

#Path 1
Startpoint: G11.inpad[0] (.input clocked by virtual_io_clock)
Endpoint  : out:G3523.outpad[0] (.output clocked by virtual_io_clock)
Path Type : hold

Point                                                             Incr      Path
--------------------------------------------------------------------------------
clock virtual_io_clock (rise edge)                               0.000     0.000
clock source latency                                             0.000     0.000
input external delay                                             0.000     0.000
G11.inpad[0] (.input)                                            0.000     0.000
G3523.in[1] (.names)                                             1.560     1.560
G3523.out[0] (.names)                                            0.193     1.753
out:G3523.outpad[0] (.output)                                    3.336     5.089
data arrival time                                                          5.089

clock virtual_io_clock (rise edge)                               0.000     0.000
clock source latency                                             0.000     0.000
clock uncertainty                                                0.000     0.000
output external delay                                            0.000     0.000
data required time                                                         0.000
--------------------------------------------------------------------------------
data required time                                                        -0.000
data arrival time                                                          5.089
--------------------------------------------------------------------------------
slack (MET)                                                                5.089


#Path 2
Startpoint: G3.inpad[0] (.input clocked by virtual_io_clock)
Endpoint  : out:G3521.outpad[0] (.output clocked by virtual_io_clock)
Path Type : hold

Point                                                             Incr      Path
--------------------------------------------------------------------------------
clock virtual_io_clock (rise edge)                               0.000     0.000
clock source latency                                             0.000     0.000
input external delay                                             0.000     0.000
G3.inpad[0] (.input)                                             0.000     0.000
G3521.in[4] (.names)                                             1.631     1.631
G3521.out[0] (.names)                                            0.193     1.824
out:G3521.outpad[0] (.output)                                    3.425     5.249
data arrival time                                                          5.249

clock virtual_io_clock (rise edge)                               0.000     0.000
clock source latency                                             0.000     0.000
clock uncertainty                                                0.000     0.000
output external delay                                            0.000     0.000
data required time                                                         0.000
--------------------------------------------------------------------------------
data required time                                                        -0.000
data arrival time                                                          5.249
--------------------------------------------------------------------------------
slack (MET)                                                                5.249


#Path 3
Startpoint: G3.inpad[0] (.input clocked by virtual_io_clock)
Endpoint  : out:G3530.outpad[0] (.output clocked by virtual_io_clock)
Path Type : hold

Point                                                             Incr      Path
--------------------------------------------------------------------------------
clock virtual_io_clock (rise edge)                               0.000     0.000
clock source latency                                             0.000     0.000
input external delay                                             0.000     0.000
G3.inpad[0] (.input)                                             0.000     0.000
G3530.in[3] (.names)                                             1.770     1.770
G3530.out[0] (.names)                                            0.193     1.963
out:G3530.outpad[0] (.output)                                    3.289     5.252
data arrival time                                                          5.252

clock virtual_io_clock (rise edge)                               0.000     0.000
clock source latency                                             0.000     0.000
clock uncertainty                                                0.000     0.000
output external delay                                            0.000     0.000
data required time                                                         0.000
--------------------------------------------------------------------------------
data required time                                                        -0.000
data arrival time                                                          5.252
--------------------------------------------------------------------------------
slack (MET)                                                                5.252


#Path 4
Startpoint: G47.inpad[0] (.input clocked by virtual_io_clock)
Endpoint  : out:G3528.outpad[0] (.output clocked by virtual_io_clock)
Path Type : hold

Point                                                             Incr      Path
--------------------------------------------------------------------------------
clock virtual_io_clock (rise edge)                               0.000     0.000
clock source latency                                             0.000     0.000
input external delay                                             0.000     0.000
G47.inpad[0] (.input)                                            0.000     0.000
G3528.in[3] (.names)                                             1.837     1.837
G3528.out[0] (.names)                                            0.193     2.030
out:G3528.outpad[0] (.output)                                    3.274     5.304
data arrival time                                                          5.304

clock virtual_io_clock (rise edge)                               0.000     0.000
clock source latency                                             0.000     0.000
clock uncertainty                                                0.000     0.000
output external delay                                            0.000     0.000
data required time                                                         0.000
--------------------------------------------------------------------------------
data required time                                                        -0.000
data arrival time                                                          5.304
--------------------------------------------------------------------------------
slack (MET)                                                                5.304


#Path 5
Startpoint: G3.inpad[0] (.input clocked by virtual_io_clock)
Endpoint  : out:G3529.outpad[0] (.output clocked by virtual_io_clock)
Path Type : hold

Point                                                             Incr      Path
--------------------------------------------------------------------------------
clock virtual_io_clock (rise edge)                               0.000     0.000
clock source latency                                             0.000     0.000
input external delay                                             0.000     0.000
G3.inpad[0] (.input)                                             0.000     0.000
new_n142.in[0] (.names)                                          1.631     1.631
new_n142.out[0] (.names)                                         0.193     1.824
G3529.in[2] (.names)                                             0.064     1.888
G3529.out[0] (.names)                                            0.193     2.081
out:G3529.outpad[0] (.output)                                    3.303     5.384
data arrival time                                                          5.384

clock virtual_io_clock (rise edge)                               0.000     0.000
clock source latency                                             0.000     0.000
clock uncertainty                                                0.000     0.000
output external delay                                            0.000     0.000
data required time                                                         0.000
--------------------------------------------------------------------------------
data required time                                                        -0.000
data arrival time                                                          5.384
--------------------------------------------------------------------------------
slack (MET)                                                                5.384


#Path 6
Startpoint: G50.inpad[0] (.input clocked by virtual_io_clock)
Endpoint  : out:G3539.outpad[0] (.output clocked by virtual_io_clock)
Path Type : hold

Point                                                             Incr      Path
--------------------------------------------------------------------------------
clock virtual_io_clock (rise edge)                               0.000     0.000
clock source latency                                             0.000     0.000
input external delay                                             0.000     0.000
G50.inpad[0] (.input)                                            0.000     0.000
G3539.in[3] (.names)                                             1.836     1.836
G3539.out[0] (.names)                                            0.193     2.029
out:G3539.outpad[0] (.output)                                    3.376     5.405
data arrival time                                                          5.405

clock virtual_io_clock (rise edge)                               0.000     0.000
clock source latency                                             0.000     0.000
clock uncertainty                                                0.000     0.000
output external delay                                            0.000     0.000
data required time                                                         0.000
--------------------------------------------------------------------------------
data required time                                                        -0.000
data arrival time                                                          5.405
--------------------------------------------------------------------------------
slack (MET)                                                                5.405


#Path 7
Startpoint: G13.inpad[0] (.input clocked by virtual_io_clock)
Endpoint  : out:G3520.outpad[0] (.output clocked by virtual_io_clock)
Path Type : hold

Point                                                             Incr      Path
--------------------------------------------------------------------------------
clock virtual_io_clock (rise edge)                               0.000     0.000
clock source latency                                             0.000     0.000
input external delay                                             0.000     0.000
G13.inpad[0] (.input)                                            0.000     0.000
G3520.in[1] (.names)                                             1.806     1.806
G3520.out[0] (.names)                                            0.193     1.999
out:G3520.outpad[0] (.output)                                    3.412     5.411
data arrival time                                                          5.411

clock virtual_io_clock (rise edge)                               0.000     0.000
clock source latency                                             0.000     0.000
clock uncertainty                                                0.000     0.000
output external delay                                            0.000     0.000
data required time                                                         0.000
--------------------------------------------------------------------------------
data required time                                                        -0.000
data arrival time                                                          5.411
--------------------------------------------------------------------------------
slack (MET)                                                                5.411


#Path 8
Startpoint: G36.inpad[0] (.input clocked by virtual_io_clock)
Endpoint  : out:G3522.outpad[0] (.output clocked by virtual_io_clock)
Path Type : hold

Point                                                             Incr      Path
--------------------------------------------------------------------------------
clock virtual_io_clock (rise edge)                               0.000     0.000
clock source latency                                             0.000     0.000
input external delay                                             0.000     0.000
G36.inpad[0] (.input)                                            0.000     0.000
G3522.in[2] (.names)                                             1.796     1.796
G3522.out[0] (.names)                                            0.193     1.989
out:G3522.outpad[0] (.output)                                    3.440     5.430
data arrival time                                                          5.430

clock virtual_io_clock (rise edge)                               0.000     0.000
clock source latency                                             0.000     0.000
clock uncertainty                                                0.000     0.000
output external delay                                            0.000     0.000
data required time                                                         0.000
--------------------------------------------------------------------------------
data required time                                                        -0.000
data arrival time                                                          5.430
--------------------------------------------------------------------------------
slack (MET)                                                                5.430


#Path 9
Startpoint: G1.inpad[0] (.input clocked by virtual_io_clock)
Endpoint  : out:G3527.outpad[0] (.output clocked by virtual_io_clock)
Path Type : hold

Point                                                             Incr      Path
--------------------------------------------------------------------------------
clock virtual_io_clock (rise edge)                               0.000     0.000
clock source latency                                             0.000     0.000
input external delay                                             0.000     0.000
G1.inpad[0] (.input)                                             0.000     0.000
G3527.in[3] (.names)                                             1.782     1.782
G3527.out[0] (.names)                                            0.193     1.975
out:G3527.outpad[0] (.output)                                    3.477     5.453
data arrival time                                                          5.453

clock virtual_io_clock (rise edge)                               0.000     0.000
clock source latency                                             0.000     0.000
clock uncertainty                                                0.000     0.000
output external delay                                            0.000     0.000
data required time                                                         0.000
--------------------------------------------------------------------------------
data required time                                                        -0.000
data arrival time                                                          5.453
--------------------------------------------------------------------------------
slack (MET)                                                                5.453


#Path 10
Startpoint: G48.inpad[0] (.input clocked by virtual_io_clock)
Endpoint  : out:G3538.outpad[0] (.output clocked by virtual_io_clock)
Path Type : hold

Point                                                             Incr      Path
--------------------------------------------------------------------------------
clock virtual_io_clock (rise edge)                               0.000     0.000
clock source latency                                             0.000     0.000
input external delay                                             0.000     0.000
G48.inpad[0] (.input)                                            0.000     0.000
G3538.in[2] (.names)                                             1.921     1.921
G3538.out[0] (.names)                                            0.193     2.114
out:G3538.outpad[0] (.output)                                    3.386     5.500
data arrival time                                                          5.500

clock virtual_io_clock (rise edge)                               0.000     0.000
clock source latency                                             0.000     0.000
clock uncertainty                                                0.000     0.000
output external delay                                            0.000     0.000
data required time                                                         0.000
--------------------------------------------------------------------------------
data required time                                                        -0.000
data arrival time                                                          5.500
--------------------------------------------------------------------------------
slack (MET)                                                                5.500


#Path 11
Startpoint: G47.inpad[0] (.input clocked by virtual_io_clock)
Endpoint  : out:G3526.outpad[0] (.output clocked by virtual_io_clock)
Path Type : hold

Point                                                             Incr      Path
--------------------------------------------------------------------------------
clock virtual_io_clock (rise edge)                               0.000     0.000
clock source latency                                             0.000     0.000
input external delay                                             0.000     0.000
G47.inpad[0] (.input)                                            0.000     0.000
G3526.in[3] (.names)                                             1.836     1.836
G3526.out[0] (.names)                                            0.193     2.029
out:G3526.outpad[0] (.output)                                    3.480     5.509
data arrival time                                                          5.509

clock virtual_io_clock (rise edge)                               0.000     0.000
clock source latency                                             0.000     0.000
clock uncertainty                                                0.000     0.000
output external delay                                            0.000     0.000
data required time                                                         0.000
--------------------------------------------------------------------------------
data required time                                                        -0.000
data arrival time                                                          5.509
--------------------------------------------------------------------------------
slack (MET)                                                                5.509


#Path 12
Startpoint: G8.inpad[0] (.input clocked by virtual_io_clock)
Endpoint  : out:G3519.outpad[0] (.output clocked by virtual_io_clock)
Path Type : hold

Point                                                             Incr      Path
--------------------------------------------------------------------------------
clock virtual_io_clock (rise edge)                               0.000     0.000
clock source latency                                             0.000     0.000
input external delay                                             0.000     0.000
G8.inpad[0] (.input)                                             0.000     0.000
G3519.in[2] (.names)                                             1.795     1.795
G3519.out[0] (.names)                                            0.193     1.988
out:G3519.outpad[0] (.output)                                    3.522     5.510
data arrival time                                                          5.510

clock virtual_io_clock (rise edge)                               0.000     0.000
clock source latency                                             0.000     0.000
clock uncertainty                                                0.000     0.000
output external delay                                            0.000     0.000
data required time                                                         0.000
--------------------------------------------------------------------------------
data required time                                                        -0.000
data arrival time                                                          5.510
--------------------------------------------------------------------------------
slack (MET)                                                                5.510


#Path 13
Startpoint: G24.inpad[0] (.input clocked by virtual_io_clock)
Endpoint  : out:G3524.outpad[0] (.output clocked by virtual_io_clock)
Path Type : hold

Point                                                             Incr      Path
--------------------------------------------------------------------------------
clock virtual_io_clock (rise edge)                               0.000     0.000
clock source latency                                             0.000     0.000
input external delay                                             0.000     0.000
G24.inpad[0] (.input)                                            0.000     0.000
new_n109.in[1] (.names)                                          1.681     1.681
new_n109.out[0] (.names)                                         0.193     1.874
G3524.in[2] (.names)                                             0.064     1.938
G3524.out[0] (.names)                                            0.193     2.131
out:G3524.outpad[0] (.output)                                    3.387     5.518
data arrival time                                                          5.518

clock virtual_io_clock (rise edge)                               0.000     0.000
clock source latency                                             0.000     0.000
clock uncertainty                                                0.000     0.000
output external delay                                            0.000     0.000
data required time                                                         0.000
--------------------------------------------------------------------------------
data required time                                                        -0.000
data arrival time                                                          5.518
--------------------------------------------------------------------------------
slack (MET)                                                                5.518


#Path 14
Startpoint: G3.inpad[0] (.input clocked by virtual_io_clock)
Endpoint  : out:G3531.outpad[0] (.output clocked by virtual_io_clock)
Path Type : hold

Point                                                             Incr      Path
--------------------------------------------------------------------------------
clock virtual_io_clock (rise edge)                               0.000     0.000
clock source latency                                             0.000     0.000
input external delay                                             0.000     0.000
G3.inpad[0] (.input)                                             0.000     0.000
new_n142.in[0] (.names)                                          1.631     1.631
new_n142.out[0] (.names)                                         0.193     1.824
G3531.in[5] (.names)                                             0.265     2.088
G3531.out[0] (.names)                                            0.193     2.281
out:G3531.outpad[0] (.output)                                    3.326     5.607
data arrival time                                                          5.607

clock virtual_io_clock (rise edge)                               0.000     0.000
clock source latency                                             0.000     0.000
clock uncertainty                                                0.000     0.000
output external delay                                            0.000     0.000
data required time                                                         0.000
--------------------------------------------------------------------------------
data required time                                                        -0.000
data arrival time                                                          5.607
--------------------------------------------------------------------------------
slack (MET)                                                                5.607


#Path 15
Startpoint: G24.inpad[0] (.input clocked by virtual_io_clock)
Endpoint  : out:G3525.outpad[0] (.output clocked by virtual_io_clock)
Path Type : hold

Point                                                             Incr      Path
--------------------------------------------------------------------------------
clock virtual_io_clock (rise edge)                               0.000     0.000
clock source latency                                             0.000     0.000
input external delay                                             0.000     0.000
G24.inpad[0] (.input)                                            0.000     0.000
new_n221.in[0] (.names)                                          1.773     1.773
new_n221.out[0] (.names)                                         0.193     1.966
G3525.in[3] (.names)                                             0.128     2.094
G3525.out[0] (.names)                                            0.193     2.287
out:G3525.outpad[0] (.output)                                    3.340     5.626
data arrival time                                                          5.626

clock virtual_io_clock (rise edge)                               0.000     0.000
clock source latency                                             0.000     0.000
clock uncertainty                                                0.000     0.000
output external delay                                            0.000     0.000
data required time                                                         0.000
--------------------------------------------------------------------------------
data required time                                                        -0.000
data arrival time                                                          5.626
--------------------------------------------------------------------------------
slack (MET)                                                                5.626


#Path 16
Startpoint: G3.inpad[0] (.input clocked by virtual_io_clock)
Endpoint  : out:G3532.outpad[0] (.output clocked by virtual_io_clock)
Path Type : hold

Point                                                             Incr      Path
--------------------------------------------------------------------------------
clock virtual_io_clock (rise edge)                               0.000     0.000
clock source latency                                             0.000     0.000
input external delay                                             0.000     0.000
G3.inpad[0] (.input)                                             0.000     0.000
new_n142.in[0] (.names)                                          1.631     1.631
new_n142.out[0] (.names)                                         0.193     1.824
G3532.in[2] (.names)                                             0.265     2.088
G3532.out[0] (.names)                                            0.193     2.281
out:G3532.outpad[0] (.output)                                    3.357     5.639
data arrival time                                                          5.639

clock virtual_io_clock (rise edge)                               0.000     0.000
clock source latency                                             0.000     0.000
clock uncertainty                                                0.000     0.000
output external delay                                            0.000     0.000
data required time                                                         0.000
--------------------------------------------------------------------------------
data required time                                                        -0.000
data arrival time                                                          5.639
--------------------------------------------------------------------------------
slack (MET)                                                                5.639


#Path 17
Startpoint: G3.inpad[0] (.input clocked by virtual_io_clock)
Endpoint  : out:G3536.outpad[0] (.output clocked by virtual_io_clock)
Path Type : hold

Point                                                             Incr      Path
--------------------------------------------------------------------------------
clock virtual_io_clock (rise edge)                               0.000     0.000
clock source latency                                             0.000     0.000
input external delay                                             0.000     0.000
G3.inpad[0] (.input)                                             0.000     0.000
new_n141.in[1] (.names)                                          1.770     1.770
new_n141.out[0] (.names)                                         0.193     1.963
G3536.in[0] (.names)                                             0.064     2.027
G3536.out[0] (.names)                                            0.193     2.220
out:G3536.outpad[0] (.output)                                    3.451     5.671
data arrival time                                                          5.671

clock virtual_io_clock (rise edge)                               0.000     0.000
clock source latency                                             0.000     0.000
clock uncertainty                                                0.000     0.000
output external delay                                            0.000     0.000
data required time                                                         0.000
--------------------------------------------------------------------------------
data required time                                                        -0.000
data arrival time                                                          5.671
--------------------------------------------------------------------------------
slack (MET)                                                                5.671


#Path 18
Startpoint: G3.inpad[0] (.input clocked by virtual_io_clock)
Endpoint  : out:G3534.outpad[0] (.output clocked by virtual_io_clock)
Path Type : hold

Point                                                             Incr      Path
--------------------------------------------------------------------------------
clock virtual_io_clock (rise edge)                               0.000     0.000
clock source latency                                             0.000     0.000
input external delay                                             0.000     0.000
G3.inpad[0] (.input)                                             0.000     0.000
new_n142.in[0] (.names)                                          1.631     1.631
new_n142.out[0] (.names)                                         0.193     1.824
G3534.in[5] (.names)                                             0.265     2.088
G3534.out[0] (.names)                                            0.193     2.281
out:G3534.outpad[0] (.output)                                    3.429     5.711
data arrival time                                                          5.711

clock virtual_io_clock (rise edge)                               0.000     0.000
clock source latency                                             0.000     0.000
clock uncertainty                                                0.000     0.000
output external delay                                            0.000     0.000
data required time                                                         0.000
--------------------------------------------------------------------------------
data required time                                                        -0.000
data arrival time                                                          5.711
--------------------------------------------------------------------------------
slack (MET)                                                                5.711


#Path 19
Startpoint: G3.inpad[0] (.input clocked by virtual_io_clock)
Endpoint  : out:G3533.outpad[0] (.output clocked by virtual_io_clock)
Path Type : hold

Point                                                             Incr      Path
--------------------------------------------------------------------------------
clock virtual_io_clock (rise edge)                               0.000     0.000
clock source latency                                             0.000     0.000
input external delay                                             0.000     0.000
G3.inpad[0] (.input)                                             0.000     0.000
new_n142.in[0] (.names)                                          1.631     1.631
new_n142.out[0] (.names)                                         0.193     1.824
G3533.in[5] (.names)                                             0.265     2.088
G3533.out[0] (.names)                                            0.193     2.281
out:G3533.outpad[0] (.output)                                    3.458     5.740
data arrival time                                                          5.740

clock virtual_io_clock (rise edge)                               0.000     0.000
clock source latency                                             0.000     0.000
clock uncertainty                                                0.000     0.000
output external delay                                            0.000     0.000
data required time                                                         0.000
--------------------------------------------------------------------------------
data required time                                                        -0.000
data arrival time                                                          5.740
--------------------------------------------------------------------------------
slack (MET)                                                                5.740


#Path 20
Startpoint: G3.inpad[0] (.input clocked by virtual_io_clock)
Endpoint  : out:G3535.outpad[0] (.output clocked by virtual_io_clock)
Path Type : hold

Point                                                             Incr      Path
--------------------------------------------------------------------------------
clock virtual_io_clock (rise edge)                               0.000     0.000
clock source latency                                             0.000     0.000
input external delay                                             0.000     0.000
G3.inpad[0] (.input)                                             0.000     0.000
new_n142.in[0] (.names)                                          1.631     1.631
new_n142.out[0] (.names)                                         0.193     1.824
G3535.in[5] (.names)                                             0.265     2.088
G3535.out[0] (.names)                                            0.193     2.281
out:G3535.outpad[0] (.output)                                    3.473     5.754
data arrival time                                                          5.754

clock virtual_io_clock (rise edge)                               0.000     0.000
clock source latency                                             0.000     0.000
clock uncertainty                                                0.000     0.000
output external delay                                            0.000     0.000
data required time                                                         0.000
--------------------------------------------------------------------------------
data required time                                                        -0.000
data arrival time                                                          5.754
--------------------------------------------------------------------------------
slack (MET)                                                                5.754


#Path 21
Startpoint: G3.inpad[0] (.input clocked by virtual_io_clock)
Endpoint  : out:G3540.outpad[0] (.output clocked by virtual_io_clock)
Path Type : hold

Point                                                             Incr      Path
--------------------------------------------------------------------------------
clock virtual_io_clock (rise edge)                               0.000     0.000
clock source latency                                             0.000     0.000
input external delay                                             0.000     0.000
G3.inpad[0] (.input)                                             0.000     0.000
new_n142.in[0] (.names)                                          1.631     1.631
new_n142.out[0] (.names)                                         0.193     1.824
G3534.in[5] (.names)                                             0.265     2.088
G3534.out[0] (.names)                                            0.193     2.281
G3540.in[1] (.names)                                             0.064     2.345
G3540.out[0] (.names)                                            0.193     2.538
out:G3540.outpad[0] (.output)                                    3.315     5.854
data arrival time                                                          5.854

clock virtual_io_clock (rise edge)                               0.000     0.000
clock source latency                                             0.000     0.000
clock uncertainty                                                0.000     0.000
output external delay                                            0.000     0.000
data required time                                                         0.000
--------------------------------------------------------------------------------
data required time                                                        -0.000
data arrival time                                                          5.854
--------------------------------------------------------------------------------
slack (MET)                                                                5.854


#Path 22
Startpoint: G3.inpad[0] (.input clocked by virtual_io_clock)
Endpoint  : out:G3537.outpad[0] (.output clocked by virtual_io_clock)
Path Type : hold

Point                                                             Incr      Path
--------------------------------------------------------------------------------
clock virtual_io_clock (rise edge)                               0.000     0.000
clock source latency                                             0.000     0.000
input external delay                                             0.000     0.000
G3.inpad[0] (.input)                                             0.000     0.000
new_n141.in[1] (.names)                                          1.770     1.770
new_n141.out[0] (.names)                                         0.193     1.963
new_n284.in[2] (.names)                                          0.064     2.027
new_n284.out[0] (.names)                                         0.193     2.220
G3537.in[2] (.names)                                             0.064     2.284
G3537.out[0] (.names)                                            0.193     2.477
out:G3537.outpad[0] (.output)                                    3.407     5.884
data arrival time                                                          5.884

clock virtual_io_clock (rise edge)                               0.000     0.000
clock source latency                                             0.000     0.000
clock uncertainty                                                0.000     0.000
output external delay                                            0.000     0.000
data required time                                                         0.000
--------------------------------------------------------------------------------
data required time                                                        -0.000
data arrival time                                                          5.884
--------------------------------------------------------------------------------
slack (MET)                                                                5.884


#End of timing report
