#Packing pin usage report
Type: io
	Input Pin Usage:
		Max: 1.00 (0.02)
		Avg: 0.52 (0.01)
		Min: 0.00 (0.00)
		Histogram:
		[        0:      5.5) 21 (100.0%) |************************************************
		[      5.5:       11)  0 (  0.0%) |
		[       11:       16)  0 (  0.0%) |
		[       16:       22)  0 (  0.0%) |
		[       22:       28)  0 (  0.0%) |
		[       28:       33)  0 (  0.0%) |
		[       33:       38)  0 (  0.0%) |
		[       38:       44)  0 (  0.0%) |
		[       44:       50)  0 (  0.0%) |
		[       50:       55)  0 (  0.0%) |
	Output Pin Usage:
		Max: 1.00 (0.03)
		Avg: 0.48 (0.01)
		Min: 0.00 (0.00)
		Histogram:
		[        0:        4) 21 (100.0%) |************************************************
		[        4:        8)  0 (  0.0%) |
		[        8:       12)  0 (  0.0%) |
		[       12:       16)  0 (  0.0%) |
		[       16:       20)  0 (  0.0%) |
		[       20:       24)  0 (  0.0%) |
		[       24:       28)  0 (  0.0%) |
		[       28:       32)  0 (  0.0%) |
		[       32:       36)  0 (  0.0%) |
		[       36:       40)  0 (  0.0%) |

Type: LAB
	Input Pin Usage:
		Max: 16.00 (0.18)
		Avg: 12.29 (0.14)
		Min: 8.00 (0.09)
		Histogram:
		[        0:      9.1) 1 ( 14.3%) |********
		[      9.1:       18) 6 ( 85.7%) |*************************************************
		[       18:       27) 0 (  0.0%) |
		[       27:       36) 0 (  0.0%) |
		[       36:       46) 0 (  0.0%) |
		[       46:       55) 0 (  0.0%) |
		[       55:       64) 0 (  0.0%) |
		[       64:       73) 0 (  0.0%) |
		[       73:       82) 0 (  0.0%) |
		[       82:       91) 0 (  0.0%) |
	Output Pin Usage:
		Max: 5.00 (0.12)
		Avg: 4.43 (0.11)
		Min: 3.00 (0.07)
		Histogram:
		[        0:      4.2) 3 ( 42.9%) |*************************************
		[      4.2:      8.4) 4 ( 57.1%) |*************************************************
		[      8.4:       13) 0 (  0.0%) |
		[       13:       17) 0 (  0.0%) |
		[       17:       21) 0 (  0.0%) |
		[       21:       25) 0 (  0.0%) |
		[       25:       29) 0 (  0.0%) |
		[       29:       34) 0 (  0.0%) |
		[       34:       38) 0 (  0.0%) |
		[       38:       42) 0 (  0.0%) |

