#Timing report of worst 11 path(s)
# Unit scale: 1e-09 seconds
# Output precision: 3

#Path 1
Startpoint: pi0.inpad[0] (.input clocked by virtual_io_clock)
Endpoint  : out:po03.outpad[0] (.output clocked by virtual_io_clock)
Path Type : hold

Point                                                             Incr      Path
--------------------------------------------------------------------------------
clock virtual_io_clock (rise edge)                               0.000     0.000
clock source latency                                             0.000     0.000
input external delay                                             0.000     0.000
pi0.inpad[0] (.input)                                            0.000     0.000
po03.in[4] (.names)                                              1.536     1.536
po03.out[0] (.names)                                             0.193     1.729
out:po03.outpad[0] (.output)                                     3.018     4.748
data arrival time                                                          4.748

clock virtual_io_clock (rise edge)                               0.000     0.000
clock source latency                                             0.000     0.000
clock uncertainty                                                0.000     0.000
output external delay                                            0.000     0.000
data required time                                                         0.000
--------------------------------------------------------------------------------
data required time                                                        -0.000
data arrival time                                                          4.748
--------------------------------------------------------------------------------
slack (MET)                                                                4.748


#Path 2
Startpoint: pi6.inpad[0] (.input clocked by virtual_io_clock)
Endpoint  : out:po05.outpad[0] (.output clocked by virtual_io_clock)
Path Type : hold

Point                                                             Incr      Path
--------------------------------------------------------------------------------
clock virtual_io_clock (rise edge)                               0.000     0.000
clock source latency                                             0.000     0.000
input external delay                                             0.000     0.000
pi6.inpad[0] (.input)                                            0.000     0.000
po05.in[2] (.names)                                              1.516     1.516
po05.out[0] (.names)                                             0.193     1.709
out:po05.outpad[0] (.output)                                     3.102     4.811
data arrival time                                                          4.811

clock virtual_io_clock (rise edge)                               0.000     0.000
clock source latency                                             0.000     0.000
clock uncertainty                                                0.000     0.000
output external delay                                            0.000     0.000
data required time                                                         0.000
--------------------------------------------------------------------------------
data required time                                                        -0.000
data arrival time                                                          4.811
--------------------------------------------------------------------------------
slack (MET)                                                                4.811


#Path 3
Startpoint: pi7.inpad[0] (.input clocked by virtual_io_clock)
Endpoint  : out:po02.outpad[0] (.output clocked by virtual_io_clock)
Path Type : hold

Point                                                             Incr      Path
--------------------------------------------------------------------------------
clock virtual_io_clock (rise edge)                               0.000     0.000
clock source latency                                             0.000     0.000
input external delay                                             0.000     0.000
pi7.inpad[0] (.input)                                            0.000     0.000
po02.in[5] (.names)                                              1.633     1.633
po02.out[0] (.names)                                             0.193     1.826
out:po02.outpad[0] (.output)                                     3.012     4.838
data arrival time                                                          4.838

clock virtual_io_clock (rise edge)                               0.000     0.000
clock source latency                                             0.000     0.000
clock uncertainty                                                0.000     0.000
output external delay                                            0.000     0.000
data required time                                                         0.000
--------------------------------------------------------------------------------
data required time                                                        -0.000
data arrival time                                                          4.838
--------------------------------------------------------------------------------
slack (MET)                                                                4.838


#Path 4
Startpoint: pi6.inpad[0] (.input clocked by virtual_io_clock)
Endpoint  : out:po00.outpad[0] (.output clocked by virtual_io_clock)
Path Type : hold

Point                                                             Incr      Path
--------------------------------------------------------------------------------
clock virtual_io_clock (rise edge)                               0.000     0.000
clock source latency                                             0.000     0.000
input external delay                                             0.000     0.000
pi6.inpad[0] (.input)                                            0.000     0.000
po00.in[2] (.names)                                              1.538     1.538
po00.out[0] (.names)                                             0.193     1.731
out:po00.outpad[0] (.output)                                     3.132     4.862
data arrival time                                                          4.862

clock virtual_io_clock (rise edge)                               0.000     0.000
clock source latency                                             0.000     0.000
clock uncertainty                                                0.000     0.000
output external delay                                            0.000     0.000
data required time                                                         0.000
--------------------------------------------------------------------------------
data required time                                                        -0.000
data arrival time                                                          4.862
--------------------------------------------------------------------------------
slack (MET)                                                                4.862


#Path 5
Startpoint: pi1.inpad[0] (.input clocked by virtual_io_clock)
Endpoint  : out:po09.outpad[0] (.output clocked by virtual_io_clock)
Path Type : hold

Point                                                             Incr      Path
--------------------------------------------------------------------------------
clock virtual_io_clock (rise edge)                               0.000     0.000
clock source latency                                             0.000     0.000
input external delay                                             0.000     0.000
pi1.inpad[0] (.input)                                            0.000     0.000
po09.in[0] (.names)                                              1.560     1.560
po09.out[0] (.names)                                             0.193     1.753
out:po09.outpad[0] (.output)                                     3.171     4.924
data arrival time                                                          4.924

clock virtual_io_clock (rise edge)                               0.000     0.000
clock source latency                                             0.000     0.000
clock uncertainty                                                0.000     0.000
output external delay                                            0.000     0.000
data required time                                                         0.000
--------------------------------------------------------------------------------
data required time                                                        -0.000
data arrival time                                                          4.924
--------------------------------------------------------------------------------
slack (MET)                                                                4.924


#Path 6
Startpoint: pi7.inpad[0] (.input clocked by virtual_io_clock)
Endpoint  : out:po06.outpad[0] (.output clocked by virtual_io_clock)
Path Type : hold

Point                                                             Incr      Path
--------------------------------------------------------------------------------
clock virtual_io_clock (rise edge)                               0.000     0.000
clock source latency                                             0.000     0.000
input external delay                                             0.000     0.000
pi7.inpad[0] (.input)                                            0.000     0.000
po06.in[4] (.names)                                              1.633     1.633
po06.out[0] (.names)                                             0.193     1.826
out:po06.outpad[0] (.output)                                     3.100     4.927
data arrival time                                                          4.927

clock virtual_io_clock (rise edge)                               0.000     0.000
clock source latency                                             0.000     0.000
clock uncertainty                                                0.000     0.000
output external delay                                            0.000     0.000
data required time                                                         0.000
--------------------------------------------------------------------------------
data required time                                                        -0.000
data arrival time                                                          4.927
--------------------------------------------------------------------------------
slack (MET)                                                                4.927


#Path 7
Startpoint: pi7.inpad[0] (.input clocked by virtual_io_clock)
Endpoint  : out:po10.outpad[0] (.output clocked by virtual_io_clock)
Path Type : hold

Point                                                             Incr      Path
--------------------------------------------------------------------------------
clock virtual_io_clock (rise edge)                               0.000     0.000
clock source latency                                             0.000     0.000
input external delay                                             0.000     0.000
pi7.inpad[0] (.input)                                            0.000     0.000
po10.in[3] (.names)                                              1.633     1.633
po10.out[0] (.names)                                             0.193     1.826
out:po10.outpad[0] (.output)                                     3.196     5.022
data arrival time                                                          5.022

clock virtual_io_clock (rise edge)                               0.000     0.000
clock source latency                                             0.000     0.000
clock uncertainty                                                0.000     0.000
output external delay                                            0.000     0.000
data required time                                                         0.000
--------------------------------------------------------------------------------
data required time                                                        -0.000
data arrival time                                                          5.022
--------------------------------------------------------------------------------
slack (MET)                                                                5.022


#Path 8
Startpoint: pi4.inpad[0] (.input clocked by virtual_io_clock)
Endpoint  : out:po08.outpad[0] (.output clocked by virtual_io_clock)
Path Type : hold

Point                                                             Incr      Path
--------------------------------------------------------------------------------
clock virtual_io_clock (rise edge)                               0.000     0.000
clock source latency                                             0.000     0.000
input external delay                                             0.000     0.000
pi4.inpad[0] (.input)                                            0.000     0.000
po08.in[4] (.names)                                              1.672     1.672
po08.out[0] (.names)                                             0.193     1.865
out:po08.outpad[0] (.output)                                     3.172     5.037
data arrival time                                                          5.037

clock virtual_io_clock (rise edge)                               0.000     0.000
clock source latency                                             0.000     0.000
clock uncertainty                                                0.000     0.000
output external delay                                            0.000     0.000
data required time                                                         0.000
--------------------------------------------------------------------------------
data required time                                                        -0.000
data arrival time                                                          5.037
--------------------------------------------------------------------------------
slack (MET)                                                                5.037


#Path 9
Startpoint: pi3.inpad[0] (.input clocked by virtual_io_clock)
Endpoint  : out:po01.outpad[0] (.output clocked by virtual_io_clock)
Path Type : hold

Point                                                             Incr      Path
--------------------------------------------------------------------------------
clock virtual_io_clock (rise edge)                               0.000     0.000
clock source latency                                             0.000     0.000
input external delay                                             0.000     0.000
pi3.inpad[0] (.input)                                            0.000     0.000
po01.in[2] (.names)                                              1.560     1.560
po01.out[0] (.names)                                             0.193     1.753
out:po01.outpad[0] (.output)                                     3.294     5.047
data arrival time                                                          5.047

clock virtual_io_clock (rise edge)                               0.000     0.000
clock source latency                                             0.000     0.000
clock uncertainty                                                0.000     0.000
output external delay                                            0.000     0.000
data required time                                                         0.000
--------------------------------------------------------------------------------
data required time                                                        -0.000
data arrival time                                                          5.047
--------------------------------------------------------------------------------
slack (MET)                                                                5.047


#Path 10
Startpoint: pi6.inpad[0] (.input clocked by virtual_io_clock)
Endpoint  : out:po04.outpad[0] (.output clocked by virtual_io_clock)
Path Type : hold

Point                                                             Incr      Path
--------------------------------------------------------------------------------
clock virtual_io_clock (rise edge)                               0.000     0.000
clock source latency                                             0.000     0.000
input external delay                                             0.000     0.000
pi6.inpad[0] (.input)                                            0.000     0.000
po04.in[2] (.names)                                              1.516     1.516
po04.out[0] (.names)                                             0.193     1.709
out:po04.outpad[0] (.output)                                     3.396     5.105
data arrival time                                                          5.105

clock virtual_io_clock (rise edge)                               0.000     0.000
clock source latency                                             0.000     0.000
clock uncertainty                                                0.000     0.000
output external delay                                            0.000     0.000
data required time                                                         0.000
--------------------------------------------------------------------------------
data required time                                                        -0.000
data arrival time                                                          5.105
--------------------------------------------------------------------------------
slack (MET)                                                                5.105


#Path 11
Startpoint: pi4.inpad[0] (.input clocked by virtual_io_clock)
Endpoint  : out:po07.outpad[0] (.output clocked by virtual_io_clock)
Path Type : hold

Point                                                             Incr      Path
--------------------------------------------------------------------------------
clock virtual_io_clock (rise edge)                               0.000     0.000
clock source latency                                             0.000     0.000
input external delay                                             0.000     0.000
pi4.inpad[0] (.input)                                            0.000     0.000
po07.in[5] (.names)                                              1.672     1.672
po07.out[0] (.names)                                             0.193     1.865
out:po07.outpad[0] (.output)                                     3.313     5.178
data arrival time                                                          5.178

clock virtual_io_clock (rise edge)                               0.000     0.000
clock source latency                                             0.000     0.000
clock uncertainty                                                0.000     0.000
output external delay                                            0.000     0.000
data required time                                                         0.000
--------------------------------------------------------------------------------
data required time                                                        -0.000
data arrival time                                                          5.178
--------------------------------------------------------------------------------
slack (MET)                                                                5.178


#End of timing report
