#Packing pin usage report
Type: LAB
	Input Pin Usage:
		Max: 9.00 (0.13)
		Avg: 5.50 (0.08)
		Min: 0.00 (0.00)
		Histogram:
		[        0:      6.8) 2 ( 50.0%) |*************************************************
		[      6.8:       14) 2 ( 50.0%) |*************************************************
		[       14:       20) 0 (  0.0%) |
		[       20:       27) 0 (  0.0%) |
		[       27:       34) 0 (  0.0%) |
		[       34:       41) 0 (  0.0%) |
		[       41:       48) 0 (  0.0%) |
		[       48:       54) 0 (  0.0%) |
		[       54:       61) 0 (  0.0%) |
		[       61:       68) 0 (  0.0%) |
	Output Pin Usage:
		Max: 10.00 (0.24)
		Avg: 7.25 (0.18)
		Min: 1.00 (0.02)
		Histogram:
		[        0:      4.1) 1 ( 25.0%) |*************************
		[      4.1:      8.2) 1 ( 25.0%) |*************************
		[      8.2:       12) 2 ( 50.0%) |*************************************************
		[       12:       16) 0 (  0.0%) |
		[       16:       20) 0 (  0.0%) |
		[       20:       25) 0 (  0.0%) |
		[       25:       29) 0 (  0.0%) |
		[       29:       33) 0 (  0.0%) |
		[       33:       37) 0 (  0.0%) |
		[       37:       41) 0 (  0.0%) |

Type: io_cell
	Input Pin Usage:
		Max: 1.00 (0.03)
		Avg: 0.79 (0.02)
		Min: 0.00 (0.00)
		Histogram:
		[        0:      3.7) 33 (100.0%) |************************************************
		[      3.7:      7.4)  0 (  0.0%) |
		[      7.4:       11)  0 (  0.0%) |
		[       11:       15)  0 (  0.0%) |
		[       15:       18)  0 (  0.0%) |
		[       18:       22)  0 (  0.0%) |
		[       22:       26)  0 (  0.0%) |
		[       26:       30)  0 (  0.0%) |
		[       30:       33)  0 (  0.0%) |
		[       33:       37)  0 (  0.0%) |
	Output Pin Usage:
		Max: 1.00 (0.17)
		Avg: 0.21 (0.04)
		Min: 0.00 (0.00)
		Histogram:
		[        0:      0.6) 26 ( 78.8%) |************************************************
		[      0.6:      1.2)  7 ( 21.2%) |*************
		[      1.2:      1.8)  0 (  0.0%) |
		[      1.8:      2.4)  0 (  0.0%) |
		[      2.4:        3)  0 (  0.0%) |
		[        3:      3.6)  0 (  0.0%) |
		[      3.6:      4.2)  0 (  0.0%) |
		[      4.2:      4.8)  0 (  0.0%) |
		[      4.8:      5.4)  0 (  0.0%) |
		[      5.4:        6)  0 (  0.0%) |

