#Timing report of worst 25 path(s)
# Unit scale: 1e-09 seconds
# Output precision: 3

#Path 1
Startpoint: pi5.inpad[0] (.input clocked by virtual_io_clock)
Endpoint  : out:po22.outpad[0] (.output clocked by virtual_io_clock)
Path Type : setup

Point                                                             Incr      Path
--------------------------------------------------------------------------------
clock virtual_io_clock (rise edge)                               0.000     0.000
clock source latency                                             0.000     0.000
input external delay                                             0.000     0.000
pi5.inpad[0] (.input)                                            0.000     0.000
new_n60.in[0] (.names)                                           0.712     0.712
new_n60.out[0] (.names)                                          0.261     0.973
po22.in[0] (.names)                                              0.712     1.685
po22.out[0] (.names)                                             0.261     1.946
out:po22.outpad[0] (.output)                                     0.712     2.658
data arrival time                                                          2.658

clock virtual_io_clock (rise edge)                               0.000     0.000
clock source latency                                             0.000     0.000
clock uncertainty                                                0.000     0.000
output external delay                                            0.000     0.000
data required time                                                         0.000
--------------------------------------------------------------------------------
data required time                                                         0.000
data arrival time                                                         -2.658
--------------------------------------------------------------------------------
slack (VIOLATED)                                                          -2.658


#Path 2
Startpoint: pi6.inpad[0] (.input clocked by virtual_io_clock)
Endpoint  : out:po21.outpad[0] (.output clocked by virtual_io_clock)
Path Type : setup

Point                                                             Incr      Path
--------------------------------------------------------------------------------
clock virtual_io_clock (rise edge)                               0.000     0.000
clock source latency                                             0.000     0.000
input external delay                                             0.000     0.000
pi6.inpad[0] (.input)                                            0.000     0.000
new_n58.in[0] (.names)                                           0.712     0.712
new_n58.out[0] (.names)                                          0.261     0.973
po21.in[1] (.names)                                              0.712     1.685
po21.out[0] (.names)                                             0.261     1.946
out:po21.outpad[0] (.output)                                     0.712     2.658
data arrival time                                                          2.658

clock virtual_io_clock (rise edge)                               0.000     0.000
clock source latency                                             0.000     0.000
clock uncertainty                                                0.000     0.000
output external delay                                            0.000     0.000
data required time                                                         0.000
--------------------------------------------------------------------------------
data required time                                                         0.000
data arrival time                                                         -2.658
--------------------------------------------------------------------------------
slack (VIOLATED)                                                          -2.658


#Path 3
Startpoint: pi6.inpad[0] (.input clocked by virtual_io_clock)
Endpoint  : out:po04.outpad[0] (.output clocked by virtual_io_clock)
Path Type : setup

Point                                                             Incr      Path
--------------------------------------------------------------------------------
clock virtual_io_clock (rise edge)                               0.000     0.000
clock source latency                                             0.000     0.000
input external delay                                             0.000     0.000
pi6.inpad[0] (.input)                                            0.000     0.000
new_n40.in[0] (.names)                                           0.712     0.712
new_n40.out[0] (.names)                                          0.261     0.973
po04.in[3] (.names)                                              0.712     1.685
po04.out[0] (.names)                                             0.261     1.946
out:po04.outpad[0] (.output)                                     0.712     2.658
data arrival time                                                          2.658

clock virtual_io_clock (rise edge)                               0.000     0.000
clock source latency                                             0.000     0.000
clock uncertainty                                                0.000     0.000
output external delay                                            0.000     0.000
data required time                                                         0.000
--------------------------------------------------------------------------------
data required time                                                         0.000
data arrival time                                                         -2.658
--------------------------------------------------------------------------------
slack (VIOLATED)                                                          -2.658


#Path 4
Startpoint: pi0.inpad[0] (.input clocked by virtual_io_clock)
Endpoint  : out:po14.outpad[0] (.output clocked by virtual_io_clock)
Path Type : setup

Point                                                             Incr      Path
--------------------------------------------------------------------------------
clock virtual_io_clock (rise edge)                               0.000     0.000
clock source latency                                             0.000     0.000
input external delay                                             0.000     0.000
pi0.inpad[0] (.input)                                            0.000     0.000
po14.in[0] (.names)                                              0.712     0.712
po14.out[0] (.names)                                             0.261     0.973
out:po14.outpad[0] (.output)                                     0.712     1.685
data arrival time                                                          1.685

clock virtual_io_clock (rise edge)                               0.000     0.000
clock source latency                                             0.000     0.000
clock uncertainty                                                0.000     0.000
output external delay                                            0.000     0.000
data required time                                                         0.000
--------------------------------------------------------------------------------
data required time                                                         0.000
data arrival time                                                         -1.685
--------------------------------------------------------------------------------
slack (VIOLATED)                                                          -1.685


#Path 5
Startpoint: pi6.inpad[0] (.input clocked by virtual_io_clock)
Endpoint  : out:po05.outpad[0] (.output clocked by virtual_io_clock)
Path Type : setup

Point                                                             Incr      Path
--------------------------------------------------------------------------------
clock virtual_io_clock (rise edge)                               0.000     0.000
clock source latency                                             0.000     0.000
input external delay                                             0.000     0.000
pi6.inpad[0] (.input)                                            0.000     0.000
po05.in[0] (.names)                                              0.712     0.712
po05.out[0] (.names)                                             0.261     0.973
out:po05.outpad[0] (.output)                                     0.712     1.685
data arrival time                                                          1.685

clock virtual_io_clock (rise edge)                               0.000     0.000
clock source latency                                             0.000     0.000
clock uncertainty                                                0.000     0.000
output external delay                                            0.000     0.000
data required time                                                         0.000
--------------------------------------------------------------------------------
data required time                                                         0.000
data arrival time                                                         -1.685
--------------------------------------------------------------------------------
slack (VIOLATED)                                                          -1.685


#Path 6
Startpoint: pi5.inpad[0] (.input clocked by virtual_io_clock)
Endpoint  : out:po20.outpad[0] (.output clocked by virtual_io_clock)
Path Type : setup

Point                                                             Incr      Path
--------------------------------------------------------------------------------
clock virtual_io_clock (rise edge)                               0.000     0.000
clock source latency                                             0.000     0.000
input external delay                                             0.000     0.000
pi5.inpad[0] (.input)                                            0.000     0.000
po20.in[0] (.names)                                              0.712     0.712
po20.out[0] (.names)                                             0.261     0.973
out:po20.outpad[0] (.output)                                     0.712     1.685
data arrival time                                                          1.685

clock virtual_io_clock (rise edge)                               0.000     0.000
clock source latency                                             0.000     0.000
clock uncertainty                                                0.000     0.000
output external delay                                            0.000     0.000
data required time                                                         0.000
--------------------------------------------------------------------------------
data required time                                                         0.000
data arrival time                                                         -1.685
--------------------------------------------------------------------------------
slack (VIOLATED)                                                          -1.685


#Path 7
Startpoint: pi1.inpad[0] (.input clocked by virtual_io_clock)
Endpoint  : out:po25.outpad[0] (.output clocked by virtual_io_clock)
Path Type : setup

Point                                                             Incr      Path
--------------------------------------------------------------------------------
clock virtual_io_clock (rise edge)                               0.000     0.000
clock source latency                                             0.000     0.000
input external delay                                             0.000     0.000
pi1.inpad[0] (.input)                                            0.000     0.000
po25.in[0] (.names)                                              0.712     0.712
po25.out[0] (.names)                                             0.261     0.973
out:po25.outpad[0] (.output)                                     0.712     1.685
data arrival time                                                          1.685

clock virtual_io_clock (rise edge)                               0.000     0.000
clock source latency                                             0.000     0.000
clock uncertainty                                                0.000     0.000
output external delay                                            0.000     0.000
data required time                                                         0.000
--------------------------------------------------------------------------------
data required time                                                         0.000
data arrival time                                                         -1.685
--------------------------------------------------------------------------------
slack (VIOLATED)                                                          -1.685


#Path 8
Startpoint: pi2.inpad[0] (.input clocked by virtual_io_clock)
Endpoint  : out:po24.outpad[0] (.output clocked by virtual_io_clock)
Path Type : setup

Point                                                             Incr      Path
--------------------------------------------------------------------------------
clock virtual_io_clock (rise edge)                               0.000     0.000
clock source latency                                             0.000     0.000
input external delay                                             0.000     0.000
pi2.inpad[0] (.input)                                            0.000     0.000
po24.in[0] (.names)                                              0.712     0.712
po24.out[0] (.names)                                             0.261     0.973
out:po24.outpad[0] (.output)                                     0.712     1.685
data arrival time                                                          1.685

clock virtual_io_clock (rise edge)                               0.000     0.000
clock source latency                                             0.000     0.000
clock uncertainty                                                0.000     0.000
output external delay                                            0.000     0.000
data required time                                                         0.000
--------------------------------------------------------------------------------
data required time                                                         0.000
data arrival time                                                         -1.685
--------------------------------------------------------------------------------
slack (VIOLATED)                                                          -1.685


#Path 9
Startpoint: pi3.inpad[0] (.input clocked by virtual_io_clock)
Endpoint  : out:po19.outpad[0] (.output clocked by virtual_io_clock)
Path Type : setup

Point                                                             Incr      Path
--------------------------------------------------------------------------------
clock virtual_io_clock (rise edge)                               0.000     0.000
clock source latency                                             0.000     0.000
input external delay                                             0.000     0.000
pi3.inpad[0] (.input)                                            0.000     0.000
po19.in[0] (.names)                                              0.712     0.712
po19.out[0] (.names)                                             0.261     0.973
out:po19.outpad[0] (.output)                                     0.712     1.685
data arrival time                                                          1.685

clock virtual_io_clock (rise edge)                               0.000     0.000
clock source latency                                             0.000     0.000
clock uncertainty                                                0.000     0.000
output external delay                                            0.000     0.000
data required time                                                         0.000
--------------------------------------------------------------------------------
data required time                                                         0.000
data arrival time                                                         -1.685
--------------------------------------------------------------------------------
slack (VIOLATED)                                                          -1.685


#Path 10
Startpoint: pi0.inpad[0] (.input clocked by virtual_io_clock)
Endpoint  : out:po18.outpad[0] (.output clocked by virtual_io_clock)
Path Type : setup

Point                                                             Incr      Path
--------------------------------------------------------------------------------
clock virtual_io_clock (rise edge)                               0.000     0.000
clock source latency                                             0.000     0.000
input external delay                                             0.000     0.000
pi0.inpad[0] (.input)                                            0.000     0.000
po18.in[0] (.names)                                              0.712     0.712
po18.out[0] (.names)                                             0.261     0.973
out:po18.outpad[0] (.output)                                     0.712     1.685
data arrival time                                                          1.685

clock virtual_io_clock (rise edge)                               0.000     0.000
clock source latency                                             0.000     0.000
clock uncertainty                                                0.000     0.000
output external delay                                            0.000     0.000
data required time                                                         0.000
--------------------------------------------------------------------------------
data required time                                                         0.000
data arrival time                                                         -1.685
--------------------------------------------------------------------------------
slack (VIOLATED)                                                          -1.685


#Path 11
Startpoint: pi4.inpad[0] (.input clocked by virtual_io_clock)
Endpoint  : out:po17.outpad[0] (.output clocked by virtual_io_clock)
Path Type : setup

Point                                                             Incr      Path
--------------------------------------------------------------------------------
clock virtual_io_clock (rise edge)                               0.000     0.000
clock source latency                                             0.000     0.000
input external delay                                             0.000     0.000
pi4.inpad[0] (.input)                                            0.000     0.000
po17.in[0] (.names)                                              0.712     0.712
po17.out[0] (.names)                                             0.261     0.973
out:po17.outpad[0] (.output)                                     0.712     1.685
data arrival time                                                          1.685

clock virtual_io_clock (rise edge)                               0.000     0.000
clock source latency                                             0.000     0.000
clock uncertainty                                                0.000     0.000
output external delay                                            0.000     0.000
data required time                                                         0.000
--------------------------------------------------------------------------------
data required time                                                         0.000
data arrival time                                                         -1.685
--------------------------------------------------------------------------------
slack (VIOLATED)                                                          -1.685


#Path 12
Startpoint: pi1.inpad[0] (.input clocked by virtual_io_clock)
Endpoint  : out:po16.outpad[0] (.output clocked by virtual_io_clock)
Path Type : setup

Point                                                             Incr      Path
--------------------------------------------------------------------------------
clock virtual_io_clock (rise edge)                               0.000     0.000
clock source latency                                             0.000     0.000
input external delay                                             0.000     0.000
pi1.inpad[0] (.input)                                            0.000     0.000
po16.in[0] (.names)                                              0.712     0.712
po16.out[0] (.names)                                             0.261     0.973
out:po16.outpad[0] (.output)                                     0.712     1.685
data arrival time                                                          1.685

clock virtual_io_clock (rise edge)                               0.000     0.000
clock source latency                                             0.000     0.000
clock uncertainty                                                0.000     0.000
output external delay                                            0.000     0.000
data required time                                                         0.000
--------------------------------------------------------------------------------
data required time                                                         0.000
data arrival time                                                         -1.685
--------------------------------------------------------------------------------
slack (VIOLATED)                                                          -1.685


#Path 13
Startpoint: pi0.inpad[0] (.input clocked by virtual_io_clock)
Endpoint  : out:po15.outpad[0] (.output clocked by virtual_io_clock)
Path Type : setup

Point                                                             Incr      Path
--------------------------------------------------------------------------------
clock virtual_io_clock (rise edge)                               0.000     0.000
clock source latency                                             0.000     0.000
input external delay                                             0.000     0.000
pi0.inpad[0] (.input)                                            0.000     0.000
po15.in[0] (.names)                                              0.712     0.712
po15.out[0] (.names)                                             0.261     0.973
out:po15.outpad[0] (.output)                                     0.712     1.685
data arrival time                                                          1.685

clock virtual_io_clock (rise edge)                               0.000     0.000
clock source latency                                             0.000     0.000
clock uncertainty                                                0.000     0.000
output external delay                                            0.000     0.000
data required time                                                         0.000
--------------------------------------------------------------------------------
data required time                                                         0.000
data arrival time                                                         -1.685
--------------------------------------------------------------------------------
slack (VIOLATED)                                                          -1.685


#Path 14
Startpoint: pi0.inpad[0] (.input clocked by virtual_io_clock)
Endpoint  : out:po00.outpad[0] (.output clocked by virtual_io_clock)
Path Type : setup

Point                                                             Incr      Path
--------------------------------------------------------------------------------
clock virtual_io_clock (rise edge)                               0.000     0.000
clock source latency                                             0.000     0.000
input external delay                                             0.000     0.000
pi0.inpad[0] (.input)                                            0.000     0.000
po00.in[0] (.names)                                              0.712     0.712
po00.out[0] (.names)                                             0.261     0.973
out:po00.outpad[0] (.output)                                     0.712     1.685
data arrival time                                                          1.685

clock virtual_io_clock (rise edge)                               0.000     0.000
clock source latency                                             0.000     0.000
clock uncertainty                                                0.000     0.000
output external delay                                            0.000     0.000
data required time                                                         0.000
--------------------------------------------------------------------------------
data required time                                                         0.000
data arrival time                                                         -1.685
--------------------------------------------------------------------------------
slack (VIOLATED)                                                          -1.685


#Path 15
Startpoint: pi3.inpad[0] (.input clocked by virtual_io_clock)
Endpoint  : out:po13.outpad[0] (.output clocked by virtual_io_clock)
Path Type : setup

Point                                                             Incr      Path
--------------------------------------------------------------------------------
clock virtual_io_clock (rise edge)                               0.000     0.000
clock source latency                                             0.000     0.000
input external delay                                             0.000     0.000
pi3.inpad[0] (.input)                                            0.000     0.000
po13.in[0] (.names)                                              0.712     0.712
po13.out[0] (.names)                                             0.261     0.973
out:po13.outpad[0] (.output)                                     0.712     1.685
data arrival time                                                          1.685

clock virtual_io_clock (rise edge)                               0.000     0.000
clock source latency                                             0.000     0.000
clock uncertainty                                                0.000     0.000
output external delay                                            0.000     0.000
data required time                                                         0.000
--------------------------------------------------------------------------------
data required time                                                         0.000
data arrival time                                                         -1.685
--------------------------------------------------------------------------------
slack (VIOLATED)                                                          -1.685


#Path 16
Startpoint: pi0.inpad[0] (.input clocked by virtual_io_clock)
Endpoint  : out:po12.outpad[0] (.output clocked by virtual_io_clock)
Path Type : setup

Point                                                             Incr      Path
--------------------------------------------------------------------------------
clock virtual_io_clock (rise edge)                               0.000     0.000
clock source latency                                             0.000     0.000
input external delay                                             0.000     0.000
pi0.inpad[0] (.input)                                            0.000     0.000
po12.in[0] (.names)                                              0.712     0.712
po12.out[0] (.names)                                             0.261     0.973
out:po12.outpad[0] (.output)                                     0.712     1.685
data arrival time                                                          1.685

clock virtual_io_clock (rise edge)                               0.000     0.000
clock source latency                                             0.000     0.000
clock uncertainty                                                0.000     0.000
output external delay                                            0.000     0.000
data required time                                                         0.000
--------------------------------------------------------------------------------
data required time                                                         0.000
data arrival time                                                         -1.685
--------------------------------------------------------------------------------
slack (VIOLATED)                                                          -1.685


#Path 17
Startpoint: pi0.inpad[0] (.input clocked by virtual_io_clock)
Endpoint  : out:po11.outpad[0] (.output clocked by virtual_io_clock)
Path Type : setup

Point                                                             Incr      Path
--------------------------------------------------------------------------------
clock virtual_io_clock (rise edge)                               0.000     0.000
clock source latency                                             0.000     0.000
input external delay                                             0.000     0.000
pi0.inpad[0] (.input)                                            0.000     0.000
po11.in[0] (.names)                                              0.712     0.712
po11.out[0] (.names)                                             0.261     0.973
out:po11.outpad[0] (.output)                                     0.712     1.685
data arrival time                                                          1.685

clock virtual_io_clock (rise edge)                               0.000     0.000
clock source latency                                             0.000     0.000
clock uncertainty                                                0.000     0.000
output external delay                                            0.000     0.000
data required time                                                         0.000
--------------------------------------------------------------------------------
data required time                                                         0.000
data arrival time                                                         -1.685
--------------------------------------------------------------------------------
slack (VIOLATED)                                                          -1.685


#Path 18
Startpoint: pi0.inpad[0] (.input clocked by virtual_io_clock)
Endpoint  : out:po10.outpad[0] (.output clocked by virtual_io_clock)
Path Type : setup

Point                                                             Incr      Path
--------------------------------------------------------------------------------
clock virtual_io_clock (rise edge)                               0.000     0.000
clock source latency                                             0.000     0.000
input external delay                                             0.000     0.000
pi0.inpad[0] (.input)                                            0.000     0.000
po10.in[0] (.names)                                              0.712     0.712
po10.out[0] (.names)                                             0.261     0.973
out:po10.outpad[0] (.output)                                     0.712     1.685
data arrival time                                                          1.685

clock virtual_io_clock (rise edge)                               0.000     0.000
clock source latency                                             0.000     0.000
clock uncertainty                                                0.000     0.000
output external delay                                            0.000     0.000
data required time                                                         0.000
--------------------------------------------------------------------------------
data required time                                                         0.000
data arrival time                                                         -1.685
--------------------------------------------------------------------------------
slack (VIOLATED)                                                          -1.685


#Path 19
Startpoint: pi0.inpad[0] (.input clocked by virtual_io_clock)
Endpoint  : out:po09.outpad[0] (.output clocked by virtual_io_clock)
Path Type : setup

Point                                                             Incr      Path
--------------------------------------------------------------------------------
clock virtual_io_clock (rise edge)                               0.000     0.000
clock source latency                                             0.000     0.000
input external delay                                             0.000     0.000
pi0.inpad[0] (.input)                                            0.000     0.000
po09.in[0] (.names)                                              0.712     0.712
po09.out[0] (.names)                                             0.261     0.973
out:po09.outpad[0] (.output)                                     0.712     1.685
data arrival time                                                          1.685

clock virtual_io_clock (rise edge)                               0.000     0.000
clock source latency                                             0.000     0.000
clock uncertainty                                                0.000     0.000
output external delay                                            0.000     0.000
data required time                                                         0.000
--------------------------------------------------------------------------------
data required time                                                         0.000
data arrival time                                                         -1.685
--------------------------------------------------------------------------------
slack (VIOLATED)                                                          -1.685


#Path 20
Startpoint: pi0.inpad[0] (.input clocked by virtual_io_clock)
Endpoint  : out:po08.outpad[0] (.output clocked by virtual_io_clock)
Path Type : setup

Point                                                             Incr      Path
--------------------------------------------------------------------------------
clock virtual_io_clock (rise edge)                               0.000     0.000
clock source latency                                             0.000     0.000
input external delay                                             0.000     0.000
pi0.inpad[0] (.input)                                            0.000     0.000
po08.in[0] (.names)                                              0.712     0.712
po08.out[0] (.names)                                             0.261     0.973
out:po08.outpad[0] (.output)                                     0.712     1.685
data arrival time                                                          1.685

clock virtual_io_clock (rise edge)                               0.000     0.000
clock source latency                                             0.000     0.000
clock uncertainty                                                0.000     0.000
output external delay                                            0.000     0.000
data required time                                                         0.000
--------------------------------------------------------------------------------
data required time                                                         0.000
data arrival time                                                         -1.685
--------------------------------------------------------------------------------
slack (VIOLATED)                                                          -1.685


#Path 21
Startpoint: pi0.inpad[0] (.input clocked by virtual_io_clock)
Endpoint  : out:po07.outpad[0] (.output clocked by virtual_io_clock)
Path Type : setup

Point                                                             Incr      Path
--------------------------------------------------------------------------------
clock virtual_io_clock (rise edge)                               0.000     0.000
clock source latency                                             0.000     0.000
input external delay                                             0.000     0.000
pi0.inpad[0] (.input)                                            0.000     0.000
po07.in[0] (.names)                                              0.712     0.712
po07.out[0] (.names)                                             0.261     0.973
out:po07.outpad[0] (.output)                                     0.712     1.685
data arrival time                                                          1.685

clock virtual_io_clock (rise edge)                               0.000     0.000
clock source latency                                             0.000     0.000
clock uncertainty                                                0.000     0.000
output external delay                                            0.000     0.000
data required time                                                         0.000
--------------------------------------------------------------------------------
data required time                                                         0.000
data arrival time                                                         -1.685
--------------------------------------------------------------------------------
slack (VIOLATED)                                                          -1.685


#Path 22
Startpoint: pi0.inpad[0] (.input clocked by virtual_io_clock)
Endpoint  : out:po06.outpad[0] (.output clocked by virtual_io_clock)
Path Type : setup

Point                                                             Incr      Path
--------------------------------------------------------------------------------
clock virtual_io_clock (rise edge)                               0.000     0.000
clock source latency                                             0.000     0.000
input external delay                                             0.000     0.000
pi0.inpad[0] (.input)                                            0.000     0.000
po06.in[0] (.names)                                              0.712     0.712
po06.out[0] (.names)                                             0.261     0.973
out:po06.outpad[0] (.output)                                     0.712     1.685
data arrival time                                                          1.685

clock virtual_io_clock (rise edge)                               0.000     0.000
clock source latency                                             0.000     0.000
clock uncertainty                                                0.000     0.000
output external delay                                            0.000     0.000
data required time                                                         0.000
--------------------------------------------------------------------------------
data required time                                                         0.000
data arrival time                                                         -1.685
--------------------------------------------------------------------------------
slack (VIOLATED)                                                          -1.685


#Path 23
Startpoint: pi0.inpad[0] (.input clocked by virtual_io_clock)
Endpoint  : out:po03.outpad[0] (.output clocked by virtual_io_clock)
Path Type : setup

Point                                                             Incr      Path
--------------------------------------------------------------------------------
clock virtual_io_clock (rise edge)                               0.000     0.000
clock source latency                                             0.000     0.000
input external delay                                             0.000     0.000
pi0.inpad[0] (.input)                                            0.000     0.000
po03.in[0] (.names)                                              0.712     0.712
po03.out[0] (.names)                                             0.261     0.973
out:po03.outpad[0] (.output)                                     0.712     1.685
data arrival time                                                          1.685

clock virtual_io_clock (rise edge)                               0.000     0.000
clock source latency                                             0.000     0.000
clock uncertainty                                                0.000     0.000
output external delay                                            0.000     0.000
data required time                                                         0.000
--------------------------------------------------------------------------------
data required time                                                         0.000
data arrival time                                                         -1.685
--------------------------------------------------------------------------------
slack (VIOLATED)                                                          -1.685


#Path 24
Startpoint: pi0.inpad[0] (.input clocked by virtual_io_clock)
Endpoint  : out:po02.outpad[0] (.output clocked by virtual_io_clock)
Path Type : setup

Point                                                             Incr      Path
--------------------------------------------------------------------------------
clock virtual_io_clock (rise edge)                               0.000     0.000
clock source latency                                             0.000     0.000
input external delay                                             0.000     0.000
pi0.inpad[0] (.input)                                            0.000     0.000
po02.in[0] (.names)                                              0.712     0.712
po02.out[0] (.names)                                             0.261     0.973
out:po02.outpad[0] (.output)                                     0.712     1.685
data arrival time                                                          1.685

clock virtual_io_clock (rise edge)                               0.000     0.000
clock source latency                                             0.000     0.000
clock uncertainty                                                0.000     0.000
output external delay                                            0.000     0.000
data required time                                                         0.000
--------------------------------------------------------------------------------
data required time                                                         0.000
data arrival time                                                         -1.685
--------------------------------------------------------------------------------
slack (VIOLATED)                                                          -1.685


#Path 25
Startpoint: pi0.inpad[0] (.input clocked by virtual_io_clock)
Endpoint  : out:po01.outpad[0] (.output clocked by virtual_io_clock)
Path Type : setup

Point                                                             Incr      Path
--------------------------------------------------------------------------------
clock virtual_io_clock (rise edge)                               0.000     0.000
clock source latency                                             0.000     0.000
input external delay                                             0.000     0.000
pi0.inpad[0] (.input)                                            0.000     0.000
po01.in[0] (.names)                                              0.712     0.712
po01.out[0] (.names)                                             0.261     0.973
out:po01.outpad[0] (.output)                                     0.712     1.685
data arrival time                                                          1.685

clock virtual_io_clock (rise edge)                               0.000     0.000
clock source latency                                             0.000     0.000
clock uncertainty                                                0.000     0.000
output external delay                                            0.000     0.000
data required time                                                         0.000
--------------------------------------------------------------------------------
data required time                                                         0.000
data arrival time                                                         -1.685
--------------------------------------------------------------------------------
slack (VIOLATED)                                                          -1.685


#End of timing report
