#Timing report of worst 25 path(s)
# Unit scale: 1e-09 seconds
# Output precision: 3

#Path 1
Startpoint: pi2.inpad[0] (.input clocked by virtual_io_clock)
Endpoint  : out:po03.outpad[0] (.output clocked by virtual_io_clock)
Path Type : hold

Point                                                             Incr      Path
--------------------------------------------------------------------------------
clock virtual_io_clock (rise edge)                               0.000     0.000
clock source latency                                             0.000     0.000
input external delay                                             0.000     0.000
pi2.inpad[0] (.input)                                            0.000     0.000
po03.in[2] (.names)                                              0.234     0.234
po03.out[0] (.names)                                             0.193     0.427
out:po03.outpad[0] (.output)                                     0.145     0.572
data arrival time                                                          0.572

clock virtual_io_clock (rise edge)                               0.000     0.000
clock source latency                                             0.000     0.000
clock uncertainty                                                0.000     0.000
output external delay                                            0.000     0.000
data required time                                                         0.000
--------------------------------------------------------------------------------
data required time                                                        -0.000
data arrival time                                                          0.572
--------------------------------------------------------------------------------
slack (MET)                                                                0.572


#Path 2
Startpoint: pi2.inpad[0] (.input clocked by virtual_io_clock)
Endpoint  : out:po19.outpad[0] (.output clocked by virtual_io_clock)
Path Type : hold

Point                                                             Incr      Path
--------------------------------------------------------------------------------
clock virtual_io_clock (rise edge)                               0.000     0.000
clock source latency                                             0.000     0.000
input external delay                                             0.000     0.000
pi2.inpad[0] (.input)                                            0.000     0.000
po19.in[2] (.names)                                              0.234     0.234
po19.out[0] (.names)                                             0.193     0.427
out:po19.outpad[0] (.output)                                     0.145     0.572
data arrival time                                                          0.572

clock virtual_io_clock (rise edge)                               0.000     0.000
clock source latency                                             0.000     0.000
clock uncertainty                                                0.000     0.000
output external delay                                            0.000     0.000
data required time                                                         0.000
--------------------------------------------------------------------------------
data required time                                                        -0.000
data arrival time                                                          0.572
--------------------------------------------------------------------------------
slack (MET)                                                                0.572


#Path 3
Startpoint: pi3.inpad[0] (.input clocked by virtual_io_clock)
Endpoint  : out:po09.outpad[0] (.output clocked by virtual_io_clock)
Path Type : hold

Point                                                             Incr      Path
--------------------------------------------------------------------------------
clock virtual_io_clock (rise edge)                               0.000     0.000
clock source latency                                             0.000     0.000
input external delay                                             0.000     0.000
pi3.inpad[0] (.input)                                            0.000     0.000
po09.in[2] (.names)                                              0.234     0.234
po09.out[0] (.names)                                             0.193     0.427
out:po09.outpad[0] (.output)                                     0.202     0.629
data arrival time                                                          0.629

clock virtual_io_clock (rise edge)                               0.000     0.000
clock source latency                                             0.000     0.000
clock uncertainty                                                0.000     0.000
output external delay                                            0.000     0.000
data required time                                                         0.000
--------------------------------------------------------------------------------
data required time                                                        -0.000
data arrival time                                                          0.629
--------------------------------------------------------------------------------
slack (MET)                                                                0.629


#Path 4
Startpoint: pi2.inpad[0] (.input clocked by virtual_io_clock)
Endpoint  : out:po06.outpad[0] (.output clocked by virtual_io_clock)
Path Type : hold

Point                                                             Incr      Path
--------------------------------------------------------------------------------
clock virtual_io_clock (rise edge)                               0.000     0.000
clock source latency                                             0.000     0.000
input external delay                                             0.000     0.000
pi2.inpad[0] (.input)                                            0.000     0.000
po06.in[2] (.names)                                              0.234     0.234
po06.out[0] (.names)                                             0.193     0.427
out:po06.outpad[0] (.output)                                     0.240     0.667
data arrival time                                                          0.667

clock virtual_io_clock (rise edge)                               0.000     0.000
clock source latency                                             0.000     0.000
clock uncertainty                                                0.000     0.000
output external delay                                            0.000     0.000
data required time                                                         0.000
--------------------------------------------------------------------------------
data required time                                                        -0.000
data arrival time                                                          0.667
--------------------------------------------------------------------------------
slack (MET)                                                                0.667


#Path 5
Startpoint: pi2.inpad[0] (.input clocked by virtual_io_clock)
Endpoint  : out:po13.outpad[0] (.output clocked by virtual_io_clock)
Path Type : hold

Point                                                             Incr      Path
--------------------------------------------------------------------------------
clock virtual_io_clock (rise edge)                               0.000     0.000
clock source latency                                             0.000     0.000
input external delay                                             0.000     0.000
pi2.inpad[0] (.input)                                            0.000     0.000
po13.in[3] (.names)                                              0.234     0.234
po13.out[0] (.names)                                             0.193     0.427
out:po13.outpad[0] (.output)                                     0.240     0.667
data arrival time                                                          0.667

clock virtual_io_clock (rise edge)                               0.000     0.000
clock source latency                                             0.000     0.000
clock uncertainty                                                0.000     0.000
output external delay                                            0.000     0.000
data required time                                                         0.000
--------------------------------------------------------------------------------
data required time                                                        -0.000
data arrival time                                                          0.667
--------------------------------------------------------------------------------
slack (MET)                                                                0.667


#Path 6
Startpoint: pi0.inpad[0] (.input clocked by virtual_io_clock)
Endpoint  : out:po04.outpad[0] (.output clocked by virtual_io_clock)
Path Type : hold

Point                                                             Incr      Path
--------------------------------------------------------------------------------
clock virtual_io_clock (rise edge)                               0.000     0.000
clock source latency                                             0.000     0.000
input external delay                                             0.000     0.000
pi0.inpad[0] (.input)                                            0.000     0.000
po04.in[1] (.names)                                              0.234     0.234
po04.out[0] (.names)                                             0.193     0.427
out:po04.outpad[0] (.output)                                     0.246     0.673
data arrival time                                                          0.673

clock virtual_io_clock (rise edge)                               0.000     0.000
clock source latency                                             0.000     0.000
clock uncertainty                                                0.000     0.000
output external delay                                            0.000     0.000
data required time                                                         0.000
--------------------------------------------------------------------------------
data required time                                                        -0.000
data arrival time                                                          0.673
--------------------------------------------------------------------------------
slack (MET)                                                                0.673


#Path 7
Startpoint: pi3.inpad[0] (.input clocked by virtual_io_clock)
Endpoint  : out:po11.outpad[0] (.output clocked by virtual_io_clock)
Path Type : hold

Point                                                             Incr      Path
--------------------------------------------------------------------------------
clock virtual_io_clock (rise edge)                               0.000     0.000
clock source latency                                             0.000     0.000
input external delay                                             0.000     0.000
pi3.inpad[0] (.input)                                            0.000     0.000
po11.in[3] (.names)                                              0.234     0.234
po11.out[0] (.names)                                             0.193     0.427
out:po11.outpad[0] (.output)                                     0.246     0.673
data arrival time                                                          0.673

clock virtual_io_clock (rise edge)                               0.000     0.000
clock source latency                                             0.000     0.000
clock uncertainty                                                0.000     0.000
output external delay                                            0.000     0.000
data required time                                                         0.000
--------------------------------------------------------------------------------
data required time                                                        -0.000
data arrival time                                                          0.673
--------------------------------------------------------------------------------
slack (MET)                                                                0.673


#Path 8
Startpoint: pi3.inpad[0] (.input clocked by virtual_io_clock)
Endpoint  : out:po12.outpad[0] (.output clocked by virtual_io_clock)
Path Type : hold

Point                                                             Incr      Path
--------------------------------------------------------------------------------
clock virtual_io_clock (rise edge)                               0.000     0.000
clock source latency                                             0.000     0.000
input external delay                                             0.000     0.000
pi3.inpad[0] (.input)                                            0.000     0.000
po12.in[4] (.names)                                              0.234     0.234
po12.out[0] (.names)                                             0.193     0.427
out:po12.outpad[0] (.output)                                     0.250     0.677
data arrival time                                                          0.677

clock virtual_io_clock (rise edge)                               0.000     0.000
clock source latency                                             0.000     0.000
clock uncertainty                                                0.000     0.000
output external delay                                            0.000     0.000
data required time                                                         0.000
--------------------------------------------------------------------------------
data required time                                                        -0.000
data arrival time                                                          0.677
--------------------------------------------------------------------------------
slack (MET)                                                                0.677


#Path 9
Startpoint: pi0.inpad[0] (.input clocked by virtual_io_clock)
Endpoint  : out:po24.outpad[0] (.output clocked by virtual_io_clock)
Path Type : hold

Point                                                             Incr      Path
--------------------------------------------------------------------------------
clock virtual_io_clock (rise edge)                               0.000     0.000
clock source latency                                             0.000     0.000
input external delay                                             0.000     0.000
pi0.inpad[0] (.input)                                            0.000     0.000
po24.in[2] (.names)                                              0.234     0.234
po24.out[0] (.names)                                             0.193     0.427
out:po24.outpad[0] (.output)                                     0.250     0.677
data arrival time                                                          0.677

clock virtual_io_clock (rise edge)                               0.000     0.000
clock source latency                                             0.000     0.000
clock uncertainty                                                0.000     0.000
output external delay                                            0.000     0.000
data required time                                                         0.000
--------------------------------------------------------------------------------
data required time                                                        -0.000
data arrival time                                                          0.677
--------------------------------------------------------------------------------
slack (MET)                                                                0.677


#Path 10
Startpoint: pi4.inpad[0] (.input clocked by virtual_io_clock)
Endpoint  : out:po17.outpad[0] (.output clocked by virtual_io_clock)
Path Type : hold

Point                                                             Incr      Path
--------------------------------------------------------------------------------
clock virtual_io_clock (rise edge)                               0.000     0.000
clock source latency                                             0.000     0.000
input external delay                                             0.000     0.000
pi4.inpad[0] (.input)                                            0.000     0.000
po17.in[0] (.names)                                              0.234     0.234
po17.out[0] (.names)                                             0.193     0.427
out:po17.outpad[0] (.output)                                     0.250     0.677
data arrival time                                                          0.677

clock virtual_io_clock (rise edge)                               0.000     0.000
clock source latency                                             0.000     0.000
clock uncertainty                                                0.000     0.000
output external delay                                            0.000     0.000
data required time                                                         0.000
--------------------------------------------------------------------------------
data required time                                                        -0.000
data arrival time                                                          0.677
--------------------------------------------------------------------------------
slack (MET)                                                                0.677


#Path 11
Startpoint: pi3.inpad[0] (.input clocked by virtual_io_clock)
Endpoint  : out:po08.outpad[0] (.output clocked by virtual_io_clock)
Path Type : hold

Point                                                             Incr      Path
--------------------------------------------------------------------------------
clock virtual_io_clock (rise edge)                               0.000     0.000
clock source latency                                             0.000     0.000
input external delay                                             0.000     0.000
pi3.inpad[0] (.input)                                            0.000     0.000
po08.in[1] (.names)                                              0.234     0.234
po08.out[0] (.names)                                             0.193     0.427
out:po08.outpad[0] (.output)                                     0.259     0.686
data arrival time                                                          0.686

clock virtual_io_clock (rise edge)                               0.000     0.000
clock source latency                                             0.000     0.000
clock uncertainty                                                0.000     0.000
output external delay                                            0.000     0.000
data required time                                                         0.000
--------------------------------------------------------------------------------
data required time                                                        -0.000
data arrival time                                                          0.686
--------------------------------------------------------------------------------
slack (MET)                                                                0.686


#Path 12
Startpoint: pi2.inpad[0] (.input clocked by virtual_io_clock)
Endpoint  : out:po21.outpad[0] (.output clocked by virtual_io_clock)
Path Type : hold

Point                                                             Incr      Path
--------------------------------------------------------------------------------
clock virtual_io_clock (rise edge)                               0.000     0.000
clock source latency                                             0.000     0.000
input external delay                                             0.000     0.000
pi2.inpad[0] (.input)                                            0.000     0.000
po21.in[0] (.names)                                              0.348     0.348
po21.out[0] (.names)                                             0.193     0.541
out:po21.outpad[0] (.output)                                     0.151     0.692
data arrival time                                                          0.692

clock virtual_io_clock (rise edge)                               0.000     0.000
clock source latency                                             0.000     0.000
clock uncertainty                                                0.000     0.000
output external delay                                            0.000     0.000
data required time                                                         0.000
--------------------------------------------------------------------------------
data required time                                                        -0.000
data arrival time                                                          0.692
--------------------------------------------------------------------------------
slack (MET)                                                                0.692


#Path 13
Startpoint: pi2.inpad[0] (.input clocked by virtual_io_clock)
Endpoint  : out:po14.outpad[0] (.output clocked by virtual_io_clock)
Path Type : hold

Point                                                             Incr      Path
--------------------------------------------------------------------------------
clock virtual_io_clock (rise edge)                               0.000     0.000
clock source latency                                             0.000     0.000
input external delay                                             0.000     0.000
pi2.inpad[0] (.input)                                            0.000     0.000
po14.in[3] (.names)                                              0.234     0.234
po14.out[0] (.names)                                             0.193     0.427
out:po14.outpad[0] (.output)                                     0.291     0.718
data arrival time                                                          0.718

clock virtual_io_clock (rise edge)                               0.000     0.000
clock source latency                                             0.000     0.000
clock uncertainty                                                0.000     0.000
output external delay                                            0.000     0.000
data required time                                                         0.000
--------------------------------------------------------------------------------
data required time                                                        -0.000
data arrival time                                                          0.718
--------------------------------------------------------------------------------
slack (MET)                                                                0.718


#Path 14
Startpoint: pi3.inpad[0] (.input clocked by virtual_io_clock)
Endpoint  : out:po10.outpad[0] (.output clocked by virtual_io_clock)
Path Type : hold

Point                                                             Incr      Path
--------------------------------------------------------------------------------
clock virtual_io_clock (rise edge)                               0.000     0.000
clock source latency                                             0.000     0.000
input external delay                                             0.000     0.000
pi3.inpad[0] (.input)                                            0.000     0.000
po10.in[4] (.names)                                              0.234     0.234
po10.out[0] (.names)                                             0.193     0.427
out:po10.outpad[0] (.output)                                     0.329     0.756
data arrival time                                                          0.756

clock virtual_io_clock (rise edge)                               0.000     0.000
clock source latency                                             0.000     0.000
clock uncertainty                                                0.000     0.000
output external delay                                            0.000     0.000
data required time                                                         0.000
--------------------------------------------------------------------------------
data required time                                                        -0.000
data arrival time                                                          0.756
--------------------------------------------------------------------------------
slack (MET)                                                                0.756


#Path 15
Startpoint: pi3.inpad[0] (.input clocked by virtual_io_clock)
Endpoint  : out:po22.outpad[0] (.output clocked by virtual_io_clock)
Path Type : hold

Point                                                             Incr      Path
--------------------------------------------------------------------------------
clock virtual_io_clock (rise edge)                               0.000     0.000
clock source latency                                             0.000     0.000
input external delay                                             0.000     0.000
pi3.inpad[0] (.input)                                            0.000     0.000
po22.in[3] (.names)                                              0.234     0.234
po22.out[0] (.names)                                             0.193     0.427
out:po22.outpad[0] (.output)                                     0.339     0.766
data arrival time                                                          0.766

clock virtual_io_clock (rise edge)                               0.000     0.000
clock source latency                                             0.000     0.000
clock uncertainty                                                0.000     0.000
output external delay                                            0.000     0.000
data required time                                                         0.000
--------------------------------------------------------------------------------
data required time                                                        -0.000
data arrival time                                                          0.766
--------------------------------------------------------------------------------
slack (MET)                                                                0.766


#Path 16
Startpoint: pi2.inpad[0] (.input clocked by virtual_io_clock)
Endpoint  : out:po00.outpad[0] (.output clocked by virtual_io_clock)
Path Type : hold

Point                                                             Incr      Path
--------------------------------------------------------------------------------
clock virtual_io_clock (rise edge)                               0.000     0.000
clock source latency                                             0.000     0.000
input external delay                                             0.000     0.000
pi2.inpad[0] (.input)                                            0.000     0.000
po00.in[2] (.names)                                              0.234     0.234
po00.out[0] (.names)                                             0.193     0.427
out:po00.outpad[0] (.output)                                     0.339     0.766
data arrival time                                                          0.766

clock virtual_io_clock (rise edge)                               0.000     0.000
clock source latency                                             0.000     0.000
clock uncertainty                                                0.000     0.000
output external delay                                            0.000     0.000
data required time                                                         0.000
--------------------------------------------------------------------------------
data required time                                                        -0.000
data arrival time                                                          0.766
--------------------------------------------------------------------------------
slack (MET)                                                                0.766


#Path 17
Startpoint: pi4.inpad[0] (.input clocked by virtual_io_clock)
Endpoint  : out:po20.outpad[0] (.output clocked by virtual_io_clock)
Path Type : hold

Point                                                             Incr      Path
--------------------------------------------------------------------------------
clock virtual_io_clock (rise edge)                               0.000     0.000
clock source latency                                             0.000     0.000
input external delay                                             0.000     0.000
pi4.inpad[0] (.input)                                            0.000     0.000
po20.in[2] (.names)                                              0.234     0.234
po20.out[0] (.names)                                             0.193     0.427
out:po20.outpad[0] (.output)                                     0.348     0.775
data arrival time                                                          0.775

clock virtual_io_clock (rise edge)                               0.000     0.000
clock source latency                                             0.000     0.000
clock uncertainty                                                0.000     0.000
output external delay                                            0.000     0.000
data required time                                                         0.000
--------------------------------------------------------------------------------
data required time                                                        -0.000
data arrival time                                                          0.775
--------------------------------------------------------------------------------
slack (MET)                                                                0.775


#Path 18
Startpoint: pi3.inpad[0] (.input clocked by virtual_io_clock)
Endpoint  : out:po07.outpad[0] (.output clocked by virtual_io_clock)
Path Type : hold

Point                                                             Incr      Path
--------------------------------------------------------------------------------
clock virtual_io_clock (rise edge)                               0.000     0.000
clock source latency                                             0.000     0.000
input external delay                                             0.000     0.000
pi3.inpad[0] (.input)                                            0.000     0.000
po07.in[3] (.names)                                              0.234     0.234
po07.out[0] (.names)                                             0.193     0.427
out:po07.outpad[0] (.output)                                     0.348     0.775
data arrival time                                                          0.775

clock virtual_io_clock (rise edge)                               0.000     0.000
clock source latency                                             0.000     0.000
clock uncertainty                                                0.000     0.000
output external delay                                            0.000     0.000
data required time                                                         0.000
--------------------------------------------------------------------------------
data required time                                                        -0.000
data arrival time                                                          0.775
--------------------------------------------------------------------------------
slack (MET)                                                                0.775


#Path 19
Startpoint: pi4.inpad[0] (.input clocked by virtual_io_clock)
Endpoint  : out:po16.outpad[0] (.output clocked by virtual_io_clock)
Path Type : hold

Point                                                             Incr      Path
--------------------------------------------------------------------------------
clock virtual_io_clock (rise edge)                               0.000     0.000
clock source latency                                             0.000     0.000
input external delay                                             0.000     0.000
pi4.inpad[0] (.input)                                            0.000     0.000
po16.in[1] (.names)                                              0.234     0.234
po16.out[0] (.names)                                             0.193     0.427
out:po16.outpad[0] (.output)                                     0.373     0.800
data arrival time                                                          0.800

clock virtual_io_clock (rise edge)                               0.000     0.000
clock source latency                                             0.000     0.000
clock uncertainty                                                0.000     0.000
output external delay                                            0.000     0.000
data required time                                                         0.000
--------------------------------------------------------------------------------
data required time                                                        -0.000
data arrival time                                                          0.800
--------------------------------------------------------------------------------
slack (MET)                                                                0.800


#Path 20
Startpoint: pi2.inpad[0] (.input clocked by virtual_io_clock)
Endpoint  : out:po01.outpad[0] (.output clocked by virtual_io_clock)
Path Type : hold

Point                                                             Incr      Path
--------------------------------------------------------------------------------
clock virtual_io_clock (rise edge)                               0.000     0.000
clock source latency                                             0.000     0.000
input external delay                                             0.000     0.000
pi2.inpad[0] (.input)                                            0.000     0.000
po01.in[1] (.names)                                              0.234     0.234
po01.out[0] (.names)                                             0.193     0.427
out:po01.outpad[0] (.output)                                     0.383     0.810
data arrival time                                                          0.810

clock virtual_io_clock (rise edge)                               0.000     0.000
clock source latency                                             0.000     0.000
clock uncertainty                                                0.000     0.000
output external delay                                            0.000     0.000
data required time                                                         0.000
--------------------------------------------------------------------------------
data required time                                                        -0.000
data arrival time                                                          0.810
--------------------------------------------------------------------------------
slack (MET)                                                                0.810


#Path 21
Startpoint: pi2.inpad[0] (.input clocked by virtual_io_clock)
Endpoint  : out:po02.outpad[0] (.output clocked by virtual_io_clock)
Path Type : hold

Point                                                             Incr      Path
--------------------------------------------------------------------------------
clock virtual_io_clock (rise edge)                               0.000     0.000
clock source latency                                             0.000     0.000
input external delay                                             0.000     0.000
pi2.inpad[0] (.input)                                            0.000     0.000
po02.in[1] (.names)                                              0.234     0.234
po02.out[0] (.names)                                             0.193     0.427
out:po02.outpad[0] (.output)                                     0.386     0.813
data arrival time                                                          0.813

clock virtual_io_clock (rise edge)                               0.000     0.000
clock source latency                                             0.000     0.000
clock uncertainty                                                0.000     0.000
output external delay                                            0.000     0.000
data required time                                                         0.000
--------------------------------------------------------------------------------
data required time                                                        -0.000
data arrival time                                                          0.813
--------------------------------------------------------------------------------
slack (MET)                                                                0.813


#Path 22
Startpoint: pi0.inpad[0] (.input clocked by virtual_io_clock)
Endpoint  : out:po18.outpad[0] (.output clocked by virtual_io_clock)
Path Type : hold

Point                                                             Incr      Path
--------------------------------------------------------------------------------
clock virtual_io_clock (rise edge)                               0.000     0.000
clock source latency                                             0.000     0.000
input external delay                                             0.000     0.000
pi0.inpad[0] (.input)                                            0.000     0.000
po18.in[0] (.names)                                              0.234     0.234
po18.out[0] (.names)                                             0.193     0.427
out:po18.outpad[0] (.output)                                     0.436     0.863
data arrival time                                                          0.863

clock virtual_io_clock (rise edge)                               0.000     0.000
clock source latency                                             0.000     0.000
clock uncertainty                                                0.000     0.000
output external delay                                            0.000     0.000
data required time                                                         0.000
--------------------------------------------------------------------------------
data required time                                                        -0.000
data arrival time                                                          0.863
--------------------------------------------------------------------------------
slack (MET)                                                                0.863


#Path 23
Startpoint: pi6.inpad[0] (.input clocked by virtual_io_clock)
Endpoint  : out:po05.outpad[0] (.output clocked by virtual_io_clock)
Path Type : hold

Point                                                             Incr      Path
--------------------------------------------------------------------------------
clock virtual_io_clock (rise edge)                               0.000     0.000
clock source latency                                             0.000     0.000
input external delay                                             0.000     0.000
pi6.inpad[0] (.input)                                            0.000     0.000
po05.in[0] (.names)                                              0.234     0.234
po05.out[0] (.names)                                             0.193     0.427
out:po05.outpad[0] (.output)                                     0.519     0.946
data arrival time                                                          0.946

clock virtual_io_clock (rise edge)                               0.000     0.000
clock source latency                                             0.000     0.000
clock uncertainty                                                0.000     0.000
output external delay                                            0.000     0.000
data required time                                                         0.000
--------------------------------------------------------------------------------
data required time                                                        -0.000
data arrival time                                                          0.946
--------------------------------------------------------------------------------
slack (MET)                                                                0.946


#Path 24
Startpoint: pi3.inpad[0] (.input clocked by virtual_io_clock)
Endpoint  : out:po15.outpad[0] (.output clocked by virtual_io_clock)
Path Type : hold

Point                                                             Incr      Path
--------------------------------------------------------------------------------
clock virtual_io_clock (rise edge)                               0.000     0.000
clock source latency                                             0.000     0.000
input external delay                                             0.000     0.000
pi3.inpad[0] (.input)                                            0.000     0.000
po15.in[3] (.names)                                              0.234     0.234
po15.out[0] (.names)                                             0.193     0.427
out:po15.outpad[0] (.output)                                     0.548     0.975
data arrival time                                                          0.975

clock virtual_io_clock (rise edge)                               0.000     0.000
clock source latency                                             0.000     0.000
clock uncertainty                                                0.000     0.000
output external delay                                            0.000     0.000
data required time                                                         0.000
--------------------------------------------------------------------------------
data required time                                                        -0.000
data arrival time                                                          0.975
--------------------------------------------------------------------------------
slack (MET)                                                                0.975


#Path 25
Startpoint: pi0.inpad[0] (.input clocked by virtual_io_clock)
Endpoint  : out:po25.outpad[0] (.output clocked by virtual_io_clock)
Path Type : hold

Point                                                             Incr      Path
--------------------------------------------------------------------------------
clock virtual_io_clock (rise edge)                               0.000     0.000
clock source latency                                             0.000     0.000
input external delay                                             0.000     0.000
pi0.inpad[0] (.input)                                            0.000     0.000
po25.in[3] (.names)                                              0.234     0.234
po25.out[0] (.names)                                             0.193     0.427
out:po25.outpad[0] (.output)                                     0.599     1.026
data arrival time                                                          1.026

clock virtual_io_clock (rise edge)                               0.000     0.000
clock source latency                                             0.000     0.000
clock uncertainty                                                0.000     0.000
output external delay                                            0.000     0.000
data required time                                                         0.000
--------------------------------------------------------------------------------
data required time                                                        -0.000
data arrival time                                                          1.026
--------------------------------------------------------------------------------
slack (MET)                                                                1.026


#End of timing report
