#Timing report of worst 25 path(s)
# Unit scale: 1e-09 seconds
# Output precision: 3

#Path 1
Startpoint: pi5.inpad[0] (.input clocked by virtual_io_clock)
Endpoint  : out:po22.outpad[0] (.output clocked by virtual_io_clock)
Path Type : setup

Point                                                             Incr      Path
--------------------------------------------------------------------------------
clock virtual_io_clock (rise edge)                               0.000     0.000
clock source latency                                             0.000     0.000
input external delay                                             0.000     0.000
pi5.inpad[0] (.input)                                            0.000     0.000
new_n60.in[0] (.names)                                           0.428     0.428
new_n60.out[0] (.names)                                          0.261     0.689
po22.in[0] (.names)                                              0.201     0.890
po22.out[0] (.names)                                             0.261     1.151
out:po22.outpad[0] (.output)                                     0.339     1.490
data arrival time                                                          1.490

clock virtual_io_clock (rise edge)                               0.000     0.000
clock source latency                                             0.000     0.000
clock uncertainty                                                0.000     0.000
output external delay                                            0.000     0.000
data required time                                                         0.000
--------------------------------------------------------------------------------
data required time                                                         0.000
data arrival time                                                         -1.490
--------------------------------------------------------------------------------
slack (VIOLATED)                                                          -1.490


#Path 2
Startpoint: pi1.inpad[0] (.input clocked by virtual_io_clock)
Endpoint  : out:po04.outpad[0] (.output clocked by virtual_io_clock)
Path Type : setup

Point                                                             Incr      Path
--------------------------------------------------------------------------------
clock virtual_io_clock (rise edge)                               0.000     0.000
clock source latency                                             0.000     0.000
input external delay                                             0.000     0.000
pi1.inpad[0] (.input)                                            0.000     0.000
new_n40.in[5] (.names)                                           0.373     0.373
new_n40.out[0] (.names)                                          0.261     0.634
po04.in[3] (.names)                                              0.201     0.835
po04.out[0] (.names)                                             0.261     1.096
out:po04.outpad[0] (.output)                                     0.246     1.342
data arrival time                                                          1.342

clock virtual_io_clock (rise edge)                               0.000     0.000
clock source latency                                             0.000     0.000
clock uncertainty                                                0.000     0.000
output external delay                                            0.000     0.000
data required time                                                         0.000
--------------------------------------------------------------------------------
data required time                                                         0.000
data arrival time                                                         -1.342
--------------------------------------------------------------------------------
slack (VIOLATED)                                                          -1.342


#Path 3
Startpoint: pi3.inpad[0] (.input clocked by virtual_io_clock)
Endpoint  : out:po02.outpad[0] (.output clocked by virtual_io_clock)
Path Type : setup

Point                                                             Incr      Path
--------------------------------------------------------------------------------
clock virtual_io_clock (rise edge)                               0.000     0.000
clock source latency                                             0.000     0.000
input external delay                                             0.000     0.000
pi3.inpad[0] (.input)                                            0.000     0.000
po02.in[3] (.names)                                              0.637     0.637
po02.out[0] (.names)                                             0.261     0.898
out:po02.outpad[0] (.output)                                     0.386     1.284
data arrival time                                                          1.284

clock virtual_io_clock (rise edge)                               0.000     0.000
clock source latency                                             0.000     0.000
clock uncertainty                                                0.000     0.000
output external delay                                            0.000     0.000
data required time                                                         0.000
--------------------------------------------------------------------------------
data required time                                                         0.000
data arrival time                                                         -1.284
--------------------------------------------------------------------------------
slack (VIOLATED)                                                          -1.284


#Path 4
Startpoint: pi3.inpad[0] (.input clocked by virtual_io_clock)
Endpoint  : out:po01.outpad[0] (.output clocked by virtual_io_clock)
Path Type : setup

Point                                                             Incr      Path
--------------------------------------------------------------------------------
clock virtual_io_clock (rise edge)                               0.000     0.000
clock source latency                                             0.000     0.000
input external delay                                             0.000     0.000
pi3.inpad[0] (.input)                                            0.000     0.000
po01.in[3] (.names)                                              0.637     0.637
po01.out[0] (.names)                                             0.261     0.898
out:po01.outpad[0] (.output)                                     0.383     1.281
data arrival time                                                          1.281

clock virtual_io_clock (rise edge)                               0.000     0.000
clock source latency                                             0.000     0.000
clock uncertainty                                                0.000     0.000
output external delay                                            0.000     0.000
data required time                                                         0.000
--------------------------------------------------------------------------------
data required time                                                         0.000
data arrival time                                                         -1.281
--------------------------------------------------------------------------------
slack (VIOLATED)                                                          -1.281


#Path 5
Startpoint: pi1.inpad[0] (.input clocked by virtual_io_clock)
Endpoint  : out:po15.outpad[0] (.output clocked by virtual_io_clock)
Path Type : setup

Point                                                             Incr      Path
--------------------------------------------------------------------------------
clock virtual_io_clock (rise edge)                               0.000     0.000
clock source latency                                             0.000     0.000
input external delay                                             0.000     0.000
pi1.inpad[0] (.input)                                            0.000     0.000
po15.in[1] (.names)                                              0.468     0.468
po15.out[0] (.names)                                             0.261     0.729
out:po15.outpad[0] (.output)                                     0.548     1.277
data arrival time                                                          1.277

clock virtual_io_clock (rise edge)                               0.000     0.000
clock source latency                                             0.000     0.000
clock uncertainty                                                0.000     0.000
output external delay                                            0.000     0.000
data required time                                                         0.000
--------------------------------------------------------------------------------
data required time                                                         0.000
data arrival time                                                         -1.277
--------------------------------------------------------------------------------
slack (VIOLATED)                                                          -1.277


#Path 6
Startpoint: pi1.inpad[0] (.input clocked by virtual_io_clock)
Endpoint  : out:po05.outpad[0] (.output clocked by virtual_io_clock)
Path Type : setup

Point                                                             Incr      Path
--------------------------------------------------------------------------------
clock virtual_io_clock (rise edge)                               0.000     0.000
clock source latency                                             0.000     0.000
input external delay                                             0.000     0.000
pi1.inpad[0] (.input)                                            0.000     0.000
po05.in[4] (.names)                                              0.468     0.468
po05.out[0] (.names)                                             0.261     0.729
out:po05.outpad[0] (.output)                                     0.519     1.248
data arrival time                                                          1.248

clock virtual_io_clock (rise edge)                               0.000     0.000
clock source latency                                             0.000     0.000
clock uncertainty                                                0.000     0.000
output external delay                                            0.000     0.000
data required time                                                         0.000
--------------------------------------------------------------------------------
data required time                                                         0.000
data arrival time                                                         -1.248
--------------------------------------------------------------------------------
slack (VIOLATED)                                                          -1.248


#Path 7
Startpoint: pi1.inpad[0] (.input clocked by virtual_io_clock)
Endpoint  : out:po21.outpad[0] (.output clocked by virtual_io_clock)
Path Type : setup

Point                                                             Incr      Path
--------------------------------------------------------------------------------
clock virtual_io_clock (rise edge)                               0.000     0.000
clock source latency                                             0.000     0.000
input external delay                                             0.000     0.000
pi1.inpad[0] (.input)                                            0.000     0.000
new_n58.in[3] (.names)                                           0.373     0.373
new_n58.out[0] (.names)                                          0.261     0.634
po21.in[1] (.names)                                              0.201     0.835
po21.out[0] (.names)                                             0.261     1.096
out:po21.outpad[0] (.output)                                     0.151     1.247
data arrival time                                                          1.247

clock virtual_io_clock (rise edge)                               0.000     0.000
clock source latency                                             0.000     0.000
clock uncertainty                                                0.000     0.000
output external delay                                            0.000     0.000
data required time                                                         0.000
--------------------------------------------------------------------------------
data required time                                                         0.000
data arrival time                                                         -1.247
--------------------------------------------------------------------------------
slack (VIOLATED)                                                          -1.247


#Path 8
Startpoint: pi3.inpad[0] (.input clocked by virtual_io_clock)
Endpoint  : out:po00.outpad[0] (.output clocked by virtual_io_clock)
Path Type : setup

Point                                                             Incr      Path
--------------------------------------------------------------------------------
clock virtual_io_clock (rise edge)                               0.000     0.000
clock source latency                                             0.000     0.000
input external delay                                             0.000     0.000
pi3.inpad[0] (.input)                                            0.000     0.000
po00.in[3] (.names)                                              0.637     0.637
po00.out[0] (.names)                                             0.261     0.898
out:po00.outpad[0] (.output)                                     0.339     1.237
data arrival time                                                          1.237

clock virtual_io_clock (rise edge)                               0.000     0.000
clock source latency                                             0.000     0.000
clock uncertainty                                                0.000     0.000
output external delay                                            0.000     0.000
data required time                                                         0.000
--------------------------------------------------------------------------------
data required time                                                         0.000
data arrival time                                                         -1.237
--------------------------------------------------------------------------------
slack (VIOLATED)                                                          -1.237


#Path 9
Startpoint: pi1.inpad[0] (.input clocked by virtual_io_clock)
Endpoint  : out:po25.outpad[0] (.output clocked by virtual_io_clock)
Path Type : setup

Point                                                             Incr      Path
--------------------------------------------------------------------------------
clock virtual_io_clock (rise edge)                               0.000     0.000
clock source latency                                             0.000     0.000
input external delay                                             0.000     0.000
pi1.inpad[0] (.input)                                            0.000     0.000
po25.in[0] (.names)                                              0.373     0.373
po25.out[0] (.names)                                             0.261     0.634
out:po25.outpad[0] (.output)                                     0.599     1.233
data arrival time                                                          1.233

clock virtual_io_clock (rise edge)                               0.000     0.000
clock source latency                                             0.000     0.000
clock uncertainty                                                0.000     0.000
output external delay                                            0.000     0.000
data required time                                                         0.000
--------------------------------------------------------------------------------
data required time                                                         0.000
data arrival time                                                         -1.233
--------------------------------------------------------------------------------
slack (VIOLATED)                                                          -1.233


#Path 10
Startpoint: pi3.inpad[0] (.input clocked by virtual_io_clock)
Endpoint  : out:po14.outpad[0] (.output clocked by virtual_io_clock)
Path Type : setup

Point                                                             Incr      Path
--------------------------------------------------------------------------------
clock virtual_io_clock (rise edge)                               0.000     0.000
clock source latency                                             0.000     0.000
input external delay                                             0.000     0.000
pi3.inpad[0] (.input)                                            0.000     0.000
po14.in[1] (.names)                                              0.637     0.637
po14.out[0] (.names)                                             0.261     0.898
out:po14.outpad[0] (.output)                                     0.291     1.189
data arrival time                                                          1.189

clock virtual_io_clock (rise edge)                               0.000     0.000
clock source latency                                             0.000     0.000
clock uncertainty                                                0.000     0.000
output external delay                                            0.000     0.000
data required time                                                         0.000
--------------------------------------------------------------------------------
data required time                                                         0.000
data arrival time                                                         -1.189
--------------------------------------------------------------------------------
slack (VIOLATED)                                                          -1.189


#Path 11
Startpoint: pi3.inpad[0] (.input clocked by virtual_io_clock)
Endpoint  : out:po06.outpad[0] (.output clocked by virtual_io_clock)
Path Type : setup

Point                                                             Incr      Path
--------------------------------------------------------------------------------
clock virtual_io_clock (rise edge)                               0.000     0.000
clock source latency                                             0.000     0.000
input external delay                                             0.000     0.000
pi3.inpad[0] (.input)                                            0.000     0.000
po06.in[3] (.names)                                              0.637     0.637
po06.out[0] (.names)                                             0.261     0.898
out:po06.outpad[0] (.output)                                     0.240     1.138
data arrival time                                                          1.138

clock virtual_io_clock (rise edge)                               0.000     0.000
clock source latency                                             0.000     0.000
clock uncertainty                                                0.000     0.000
output external delay                                            0.000     0.000
data required time                                                         0.000
--------------------------------------------------------------------------------
data required time                                                         0.000
data arrival time                                                         -1.138
--------------------------------------------------------------------------------
slack (VIOLATED)                                                          -1.138


#Path 12
Startpoint: pi3.inpad[0] (.input clocked by virtual_io_clock)
Endpoint  : out:po13.outpad[0] (.output clocked by virtual_io_clock)
Path Type : setup

Point                                                             Incr      Path
--------------------------------------------------------------------------------
clock virtual_io_clock (rise edge)                               0.000     0.000
clock source latency                                             0.000     0.000
input external delay                                             0.000     0.000
pi3.inpad[0] (.input)                                            0.000     0.000
po13.in[0] (.names)                                              0.637     0.637
po13.out[0] (.names)                                             0.261     0.898
out:po13.outpad[0] (.output)                                     0.240     1.138
data arrival time                                                          1.138

clock virtual_io_clock (rise edge)                               0.000     0.000
clock source latency                                             0.000     0.000
clock uncertainty                                                0.000     0.000
output external delay                                            0.000     0.000
data required time                                                         0.000
--------------------------------------------------------------------------------
data required time                                                         0.000
data arrival time                                                         -1.138
--------------------------------------------------------------------------------
slack (VIOLATED)                                                          -1.138


#Path 13
Startpoint: pi1.inpad[0] (.input clocked by virtual_io_clock)
Endpoint  : out:po07.outpad[0] (.output clocked by virtual_io_clock)
Path Type : setup

Point                                                             Incr      Path
--------------------------------------------------------------------------------
clock virtual_io_clock (rise edge)                               0.000     0.000
clock source latency                                             0.000     0.000
input external delay                                             0.000     0.000
pi1.inpad[0] (.input)                                            0.000     0.000
po07.in[1] (.names)                                              0.468     0.468
po07.out[0] (.names)                                             0.261     0.729
out:po07.outpad[0] (.output)                                     0.348     1.077
data arrival time                                                          1.077

clock virtual_io_clock (rise edge)                               0.000     0.000
clock source latency                                             0.000     0.000
clock uncertainty                                                0.000     0.000
output external delay                                            0.000     0.000
data required time                                                         0.000
--------------------------------------------------------------------------------
data required time                                                         0.000
data arrival time                                                         -1.077
--------------------------------------------------------------------------------
slack (VIOLATED)                                                          -1.077


#Path 14
Startpoint: pi1.inpad[0] (.input clocked by virtual_io_clock)
Endpoint  : out:po18.outpad[0] (.output clocked by virtual_io_clock)
Path Type : setup

Point                                                             Incr      Path
--------------------------------------------------------------------------------
clock virtual_io_clock (rise edge)                               0.000     0.000
clock source latency                                             0.000     0.000
input external delay                                             0.000     0.000
pi1.inpad[0] (.input)                                            0.000     0.000
po18.in[4] (.names)                                              0.373     0.373
po18.out[0] (.names)                                             0.261     0.634
out:po18.outpad[0] (.output)                                     0.436     1.070
data arrival time                                                          1.070

clock virtual_io_clock (rise edge)                               0.000     0.000
clock source latency                                             0.000     0.000
clock uncertainty                                                0.000     0.000
output external delay                                            0.000     0.000
data required time                                                         0.000
--------------------------------------------------------------------------------
data required time                                                         0.000
data arrival time                                                         -1.070
--------------------------------------------------------------------------------
slack (VIOLATED)                                                          -1.070


#Path 15
Startpoint: pi1.inpad[0] (.input clocked by virtual_io_clock)
Endpoint  : out:po10.outpad[0] (.output clocked by virtual_io_clock)
Path Type : setup

Point                                                             Incr      Path
--------------------------------------------------------------------------------
clock virtual_io_clock (rise edge)                               0.000     0.000
clock source latency                                             0.000     0.000
input external delay                                             0.000     0.000
pi1.inpad[0] (.input)                                            0.000     0.000
po10.in[3] (.names)                                              0.468     0.468
po10.out[0] (.names)                                             0.261     0.729
out:po10.outpad[0] (.output)                                     0.329     1.058
data arrival time                                                          1.058

clock virtual_io_clock (rise edge)                               0.000     0.000
clock source latency                                             0.000     0.000
clock uncertainty                                                0.000     0.000
output external delay                                            0.000     0.000
data required time                                                         0.000
--------------------------------------------------------------------------------
data required time                                                         0.000
data arrival time                                                         -1.058
--------------------------------------------------------------------------------
slack (VIOLATED)                                                          -1.058


#Path 16
Startpoint: pi3.inpad[0] (.input clocked by virtual_io_clock)
Endpoint  : out:po19.outpad[0] (.output clocked by virtual_io_clock)
Path Type : setup

Point                                                             Incr      Path
--------------------------------------------------------------------------------
clock virtual_io_clock (rise edge)                               0.000     0.000
clock source latency                                             0.000     0.000
input external delay                                             0.000     0.000
pi3.inpad[0] (.input)                                            0.000     0.000
po19.in[0] (.names)                                              0.637     0.637
po19.out[0] (.names)                                             0.261     0.898
out:po19.outpad[0] (.output)                                     0.145     1.043
data arrival time                                                          1.043

clock virtual_io_clock (rise edge)                               0.000     0.000
clock source latency                                             0.000     0.000
clock uncertainty                                                0.000     0.000
output external delay                                            0.000     0.000
data required time                                                         0.000
--------------------------------------------------------------------------------
data required time                                                         0.000
data arrival time                                                         -1.043
--------------------------------------------------------------------------------
slack (VIOLATED)                                                          -1.043


#Path 17
Startpoint: pi3.inpad[0] (.input clocked by virtual_io_clock)
Endpoint  : out:po03.outpad[0] (.output clocked by virtual_io_clock)
Path Type : setup

Point                                                             Incr      Path
--------------------------------------------------------------------------------
clock virtual_io_clock (rise edge)                               0.000     0.000
clock source latency                                             0.000     0.000
input external delay                                             0.000     0.000
pi3.inpad[0] (.input)                                            0.000     0.000
po03.in[3] (.names)                                              0.637     0.637
po03.out[0] (.names)                                             0.261     0.898
out:po03.outpad[0] (.output)                                     0.145     1.043
data arrival time                                                          1.043

clock virtual_io_clock (rise edge)                               0.000     0.000
clock source latency                                             0.000     0.000
clock uncertainty                                                0.000     0.000
output external delay                                            0.000     0.000
data required time                                                         0.000
--------------------------------------------------------------------------------
data required time                                                         0.000
data arrival time                                                         -1.043
--------------------------------------------------------------------------------
slack (VIOLATED)                                                          -1.043


#Path 18
Startpoint: pi1.inpad[0] (.input clocked by virtual_io_clock)
Endpoint  : out:po16.outpad[0] (.output clocked by virtual_io_clock)
Path Type : setup

Point                                                             Incr      Path
--------------------------------------------------------------------------------
clock virtual_io_clock (rise edge)                               0.000     0.000
clock source latency                                             0.000     0.000
input external delay                                             0.000     0.000
pi1.inpad[0] (.input)                                            0.000     0.000
po16.in[0] (.names)                                              0.373     0.373
po16.out[0] (.names)                                             0.261     0.634
out:po16.outpad[0] (.output)                                     0.373     1.007
data arrival time                                                          1.007

clock virtual_io_clock (rise edge)                               0.000     0.000
clock source latency                                             0.000     0.000
clock uncertainty                                                0.000     0.000
output external delay                                            0.000     0.000
data required time                                                         0.000
--------------------------------------------------------------------------------
data required time                                                         0.000
data arrival time                                                         -1.007
--------------------------------------------------------------------------------
slack (VIOLATED)                                                          -1.007


#Path 19
Startpoint: pi1.inpad[0] (.input clocked by virtual_io_clock)
Endpoint  : out:po08.outpad[0] (.output clocked by virtual_io_clock)
Path Type : setup

Point                                                             Incr      Path
--------------------------------------------------------------------------------
clock virtual_io_clock (rise edge)                               0.000     0.000
clock source latency                                             0.000     0.000
input external delay                                             0.000     0.000
pi1.inpad[0] (.input)                                            0.000     0.000
po08.in[4] (.names)                                              0.468     0.468
po08.out[0] (.names)                                             0.261     0.729
out:po08.outpad[0] (.output)                                     0.259     0.988
data arrival time                                                          0.988

clock virtual_io_clock (rise edge)                               0.000     0.000
clock source latency                                             0.000     0.000
clock uncertainty                                                0.000     0.000
output external delay                                            0.000     0.000
data required time                                                         0.000
--------------------------------------------------------------------------------
data required time                                                         0.000
data arrival time                                                         -0.988
--------------------------------------------------------------------------------
slack (VIOLATED)                                                          -0.988


#Path 20
Startpoint: pi1.inpad[0] (.input clocked by virtual_io_clock)
Endpoint  : out:po20.outpad[0] (.output clocked by virtual_io_clock)
Path Type : setup

Point                                                             Incr      Path
--------------------------------------------------------------------------------
clock virtual_io_clock (rise edge)                               0.000     0.000
clock source latency                                             0.000     0.000
input external delay                                             0.000     0.000
pi1.inpad[0] (.input)                                            0.000     0.000
po20.in[1] (.names)                                              0.373     0.373
po20.out[0] (.names)                                             0.261     0.634
out:po20.outpad[0] (.output)                                     0.348     0.982
data arrival time                                                          0.982

clock virtual_io_clock (rise edge)                               0.000     0.000
clock source latency                                             0.000     0.000
clock uncertainty                                                0.000     0.000
output external delay                                            0.000     0.000
data required time                                                         0.000
--------------------------------------------------------------------------------
data required time                                                         0.000
data arrival time                                                         -0.982
--------------------------------------------------------------------------------
slack (VIOLATED)                                                          -0.982


#Path 21
Startpoint: pi1.inpad[0] (.input clocked by virtual_io_clock)
Endpoint  : out:po12.outpad[0] (.output clocked by virtual_io_clock)
Path Type : setup

Point                                                             Incr      Path
--------------------------------------------------------------------------------
clock virtual_io_clock (rise edge)                               0.000     0.000
clock source latency                                             0.000     0.000
input external delay                                             0.000     0.000
pi1.inpad[0] (.input)                                            0.000     0.000
po12.in[1] (.names)                                              0.468     0.468
po12.out[0] (.names)                                             0.261     0.729
out:po12.outpad[0] (.output)                                     0.250     0.979
data arrival time                                                          0.979

clock virtual_io_clock (rise edge)                               0.000     0.000
clock source latency                                             0.000     0.000
clock uncertainty                                                0.000     0.000
output external delay                                            0.000     0.000
data required time                                                         0.000
--------------------------------------------------------------------------------
data required time                                                         0.000
data arrival time                                                         -0.979
--------------------------------------------------------------------------------
slack (VIOLATED)                                                          -0.979


#Path 22
Startpoint: pi1.inpad[0] (.input clocked by virtual_io_clock)
Endpoint  : out:po11.outpad[0] (.output clocked by virtual_io_clock)
Path Type : setup

Point                                                             Incr      Path
--------------------------------------------------------------------------------
clock virtual_io_clock (rise edge)                               0.000     0.000
clock source latency                                             0.000     0.000
input external delay                                             0.000     0.000
pi1.inpad[0] (.input)                                            0.000     0.000
po11.in[1] (.names)                                              0.468     0.468
po11.out[0] (.names)                                             0.261     0.729
out:po11.outpad[0] (.output)                                     0.246     0.975
data arrival time                                                          0.975

clock virtual_io_clock (rise edge)                               0.000     0.000
clock source latency                                             0.000     0.000
clock uncertainty                                                0.000     0.000
output external delay                                            0.000     0.000
data required time                                                         0.000
--------------------------------------------------------------------------------
data required time                                                         0.000
data arrival time                                                         -0.975
--------------------------------------------------------------------------------
slack (VIOLATED)                                                          -0.975


#Path 23
Startpoint: pi1.inpad[0] (.input clocked by virtual_io_clock)
Endpoint  : out:po09.outpad[0] (.output clocked by virtual_io_clock)
Path Type : setup

Point                                                             Incr      Path
--------------------------------------------------------------------------------
clock virtual_io_clock (rise edge)                               0.000     0.000
clock source latency                                             0.000     0.000
input external delay                                             0.000     0.000
pi1.inpad[0] (.input)                                            0.000     0.000
po09.in[3] (.names)                                              0.468     0.468
po09.out[0] (.names)                                             0.261     0.729
out:po09.outpad[0] (.output)                                     0.202     0.931
data arrival time                                                          0.931

clock virtual_io_clock (rise edge)                               0.000     0.000
clock source latency                                             0.000     0.000
clock uncertainty                                                0.000     0.000
output external delay                                            0.000     0.000
data required time                                                         0.000
--------------------------------------------------------------------------------
data required time                                                         0.000
data arrival time                                                         -0.931
--------------------------------------------------------------------------------
slack (VIOLATED)                                                          -0.931


#Path 24
Startpoint: pi1.inpad[0] (.input clocked by virtual_io_clock)
Endpoint  : out:po17.outpad[0] (.output clocked by virtual_io_clock)
Path Type : setup

Point                                                             Incr      Path
--------------------------------------------------------------------------------
clock virtual_io_clock (rise edge)                               0.000     0.000
clock source latency                                             0.000     0.000
input external delay                                             0.000     0.000
pi1.inpad[0] (.input)                                            0.000     0.000
po17.in[1] (.names)                                              0.373     0.373
po17.out[0] (.names)                                             0.261     0.634
out:po17.outpad[0] (.output)                                     0.250     0.884
data arrival time                                                          0.884

clock virtual_io_clock (rise edge)                               0.000     0.000
clock source latency                                             0.000     0.000
clock uncertainty                                                0.000     0.000
output external delay                                            0.000     0.000
data required time                                                         0.000
--------------------------------------------------------------------------------
data required time                                                         0.000
data arrival time                                                         -0.884
--------------------------------------------------------------------------------
slack (VIOLATED)                                                          -0.884


#Path 25
Startpoint: pi1.inpad[0] (.input clocked by virtual_io_clock)
Endpoint  : out:po24.outpad[0] (.output clocked by virtual_io_clock)
Path Type : setup

Point                                                             Incr      Path
--------------------------------------------------------------------------------
clock virtual_io_clock (rise edge)                               0.000     0.000
clock source latency                                             0.000     0.000
input external delay                                             0.000     0.000
pi1.inpad[0] (.input)                                            0.000     0.000
po24.in[3] (.names)                                              0.373     0.373
po24.out[0] (.names)                                             0.261     0.634
out:po24.outpad[0] (.output)                                     0.250     0.884
data arrival time                                                          0.884

clock virtual_io_clock (rise edge)                               0.000     0.000
clock source latency                                             0.000     0.000
clock uncertainty                                                0.000     0.000
output external delay                                            0.000     0.000
data required time                                                         0.000
--------------------------------------------------------------------------------
data required time                                                         0.000
data arrival time                                                         -0.884
--------------------------------------------------------------------------------
slack (VIOLATED)                                                          -0.884


#End of timing report
