#Packing pin usage report
Type: io
	Input Pin Usage:
		Max: 1.00 (0.02)
		Avg: 0.41 (0.01)
		Min: 0.00 (0.00)
		Histogram:
		[        0:      5.5) 301 (100.0%) |***********************************************
		[      5.5:       11)   0 (  0.0%) |
		[       11:       16)   0 (  0.0%) |
		[       16:       22)   0 (  0.0%) |
		[       22:       28)   0 (  0.0%) |
		[       28:       33)   0 (  0.0%) |
		[       33:       38)   0 (  0.0%) |
		[       38:       44)   0 (  0.0%) |
		[       44:       50)   0 (  0.0%) |
		[       50:       55)   0 (  0.0%) |
	Output Pin Usage:
		Max: 1.00 (0.03)
		Avg: 0.59 (0.01)
		Min: 0.00 (0.00)
		Histogram:
		[        0:        4) 301 (100.0%) |***********************************************
		[        4:        8)   0 (  0.0%) |
		[        8:       12)   0 (  0.0%) |
		[       12:       16)   0 (  0.0%) |
		[       16:       20)   0 (  0.0%) |
		[       20:       24)   0 (  0.0%) |
		[       24:       28)   0 (  0.0%) |
		[       28:       32)   0 (  0.0%) |
		[       32:       36)   0 (  0.0%) |
		[       36:       40)   0 (  0.0%) |

Type: LAB
	Input Pin Usage:
		Max: 53.00 (0.58)
		Avg: 26.23 (0.29)
		Min: 1.00 (0.01)
		Histogram:
		[        0:      9.1) 7 ( 31.8%) |*************************************************
		[      9.1:       18) 1 (  4.5%) |*******
		[       18:       27) 3 ( 13.6%) |*********************
		[       27:       36) 2 (  9.1%) |**************
		[       36:       46) 4 ( 18.2%) |****************************
		[       46:       55) 5 ( 22.7%) |***********************************
		[       55:       64) 0 (  0.0%) |
		[       64:       73) 0 (  0.0%) |
		[       73:       82) 0 (  0.0%) |
		[       82:       91) 0 (  0.0%) |
	Output Pin Usage:
		Max: 19.00 (0.45)
		Avg: 9.86 (0.23)
		Min: 1.00 (0.02)
		Histogram:
		[        0:      4.2) 7 ( 31.8%) |*************************************************
		[      4.2:      8.4) 0 (  0.0%) |
		[      8.4:       13) 6 ( 27.3%) |******************************************
		[       13:       17) 7 ( 31.8%) |*************************************************
		[       17:       21) 2 (  9.1%) |**************
		[       21:       25) 0 (  0.0%) |
		[       25:       29) 0 (  0.0%) |
		[       29:       34) 0 (  0.0%) |
		[       34:       38) 0 (  0.0%) |
		[       38:       42) 0 (  0.0%) |

