#Packing pin usage report
Type: io
	Input Pin Usage:
		Max: 1.00 (0.02)
		Avg: 0.34 (0.01)
		Min: 0.00 (0.00)
		Histogram:
		[        0:      5.5) 315 (100.0%) |***********************************************
		[      5.5:       11)   0 (  0.0%) |
		[       11:       16)   0 (  0.0%) |
		[       16:       22)   0 (  0.0%) |
		[       22:       28)   0 (  0.0%) |
		[       28:       33)   0 (  0.0%) |
		[       33:       38)   0 (  0.0%) |
		[       38:       44)   0 (  0.0%) |
		[       44:       50)   0 (  0.0%) |
		[       50:       55)   0 (  0.0%) |
	Output Pin Usage:
		Max: 1.00 (0.03)
		Avg: 0.66 (0.02)
		Min: 0.00 (0.00)
		Histogram:
		[        0:        4) 315 (100.0%) |***********************************************
		[        4:        8)   0 (  0.0%) |
		[        8:       12)   0 (  0.0%) |
		[       12:       16)   0 (  0.0%) |
		[       16:       20)   0 (  0.0%) |
		[       20:       24)   0 (  0.0%) |
		[       24:       28)   0 (  0.0%) |
		[       28:       32)   0 (  0.0%) |
		[       32:       36)   0 (  0.0%) |
		[       36:       40)   0 (  0.0%) |

Type: LAB
	Input Pin Usage:
		Max: 49.00 (0.54)
		Avg: 23.04 (0.25)
		Min: 0.00 (0.00)
		Histogram:
		[        0:      9.1) 8 ( 29.6%) |*************************************************
		[      9.1:       18) 0 (  0.0%) |
		[       18:       27) 7 ( 25.9%) |*******************************************
		[       27:       36) 6 ( 22.2%) |*************************************
		[       36:       46) 5 ( 18.5%) |*******************************
		[       46:       55) 1 (  3.7%) |******
		[       55:       64) 0 (  0.0%) |
		[       64:       73) 0 (  0.0%) |
		[       73:       82) 0 (  0.0%) |
		[       82:       91) 0 (  0.0%) |
	Output Pin Usage:
		Max: 17.00 (0.40)
		Avg: 8.85 (0.21)
		Min: 1.00 (0.02)
		Histogram:
		[        0:      4.2) 9 ( 33.3%) |********************************************
		[      4.2:      8.4) 3 ( 11.1%) |***************
		[      8.4:       13) 4 ( 14.8%) |********************
		[       13:       17) 10 ( 37.0%) |*************************************************
		[       17:       21) 1 (  3.7%) |*****
		[       21:       25) 0 (  0.0%) |
		[       25:       29) 0 (  0.0%) |
		[       29:       34) 0 (  0.0%) |
		[       34:       38) 0 (  0.0%) |
		[       38:       42) 0 (  0.0%) |

