#Packing pin usage report
Type: LAB
	Input Pin Usage:
		Max: 48.00 (0.71)
		Avg: 44.73 (0.66)
		Min: 8.00 (0.12)
		Histogram:
		[        0:      6.8)   0 (  0.0%) |
		[      6.8:       14)  11 (  3.6%) |***
		[       14:       20)   5 (  1.6%) |*
		[       20:       27)   1 (  0.3%) |
		[       27:       34)   7 (  2.3%) |**
		[       34:       41)   4 (  1.3%) |*
		[       41:       48) 110 ( 35.7%) |******************************
		[       48:       54) 170 ( 55.2%) |***********************************************
		[       54:       61)   0 (  0.0%) |
		[       61:       68)   0 (  0.0%) |
	Output Pin Usage:
		Max: 10.00 (0.24)
		Avg: 8.84 (0.22)
		Min: 3.00 (0.07)
		Histogram:
		[        0:      4.1)   5 (  1.6%) |*
		[      4.1:      8.2) 143 ( 46.4%) |******************************************
		[      8.2:       12) 160 ( 51.9%) |***********************************************
		[       12:       16)   0 (  0.0%) |
		[       16:       20)   0 (  0.0%) |
		[       20:       25)   0 (  0.0%) |
		[       25:       29)   0 (  0.0%) |
		[       29:       33)   0 (  0.0%) |
		[       33:       37)   0 (  0.0%) |
		[       37:       41)   0 (  0.0%) |

Type: io_cell
	Input Pin Usage:
		Max: 1.00 (0.03)
		Avg: 0.34 (0.01)
		Min: 0.00 (0.00)
		Histogram:
		[        0:      3.7) 385 (100.0%) |***********************************************
		[      3.7:      7.4)   0 (  0.0%) |
		[      7.4:       11)   0 (  0.0%) |
		[       11:       15)   0 (  0.0%) |
		[       15:       18)   0 (  0.0%) |
		[       18:       22)   0 (  0.0%) |
		[       22:       26)   0 (  0.0%) |
		[       26:       30)   0 (  0.0%) |
		[       30:       33)   0 (  0.0%) |
		[       33:       37)   0 (  0.0%) |
	Output Pin Usage:
		Max: 1.00 (0.17)
		Avg: 0.66 (0.11)
		Min: 0.00 (0.00)
		Histogram:
		[        0:      0.6) 129 ( 33.5%) |************************
		[      0.6:      1.2) 256 ( 66.5%) |***********************************************
		[      1.2:      1.8)   0 (  0.0%) |
		[      1.8:      2.4)   0 (  0.0%) |
		[      2.4:        3)   0 (  0.0%) |
		[        3:      3.6)   0 (  0.0%) |
		[      3.6:      4.2)   0 (  0.0%) |
		[      4.2:      4.8)   0 (  0.0%) |
		[      4.8:      5.4)   0 (  0.0%) |
		[      5.4:        6)   0 (  0.0%) |

