#Packing pin usage report
Type: io
	Input Pin Usage:
		Max: 1.00 (0.02)
		Avg: 0.16 (0.00)
		Min: 0.00 (0.00)
		Histogram:
		[        0:      5.5) 440 (100.0%) |***********************************************
		[      5.5:       11)   0 (  0.0%) |
		[       11:       16)   0 (  0.0%) |
		[       16:       22)   0 (  0.0%) |
		[       22:       28)   0 (  0.0%) |
		[       28:       33)   0 (  0.0%) |
		[       33:       38)   0 (  0.0%) |
		[       38:       44)   0 (  0.0%) |
		[       44:       50)   0 (  0.0%) |
		[       50:       55)   0 (  0.0%) |
	Output Pin Usage:
		Max: 1.00 (0.03)
		Avg: 0.84 (0.02)
		Min: 0.00 (0.00)
		Histogram:
		[        0:        4) 440 (100.0%) |***********************************************
		[        4:        8)   0 (  0.0%) |
		[        8:       12)   0 (  0.0%) |
		[       12:       16)   0 (  0.0%) |
		[       16:       20)   0 (  0.0%) |
		[       20:       24)   0 (  0.0%) |
		[       24:       28)   0 (  0.0%) |
		[       28:       32)   0 (  0.0%) |
		[       32:       36)   0 (  0.0%) |
		[       36:       40)   0 (  0.0%) |

Type: LAB
	Input Pin Usage:
		Max: 51.00 (0.56)
		Avg: 37.83 (0.42)
		Min: 0.00 (0.00)
		Histogram:
		[        0:      9.1)  4 (  5.8%) |*****
		[      9.1:       18)  1 (  1.4%) |*
		[       18:       27)  4 (  5.8%) |*****
		[       27:       36) 10 ( 14.5%) |**************
		[       36:       46) 35 ( 50.7%) |************************************************
		[       46:       55) 15 ( 21.7%) |*********************
		[       55:       64)  0 (  0.0%) |
		[       64:       73)  0 (  0.0%) |
		[       73:       82)  0 (  0.0%) |
		[       82:       91)  0 (  0.0%) |
	Output Pin Usage:
		Max: 13.00 (0.31)
		Avg: 6.96 (0.17)
		Min: 1.00 (0.02)
		Histogram:
		[        0:      4.2) 16 ( 23.2%) |***************************
		[      4.2:      8.4) 28 ( 40.6%) |************************************************
		[      8.4:       13) 24 ( 34.8%) |*****************************************
		[       13:       17)  1 (  1.4%) |**
		[       17:       21)  0 (  0.0%) |
		[       21:       25)  0 (  0.0%) |
		[       25:       29)  0 (  0.0%) |
		[       29:       34)  0 (  0.0%) |
		[       34:       38)  0 (  0.0%) |
		[       38:       42)  0 (  0.0%) |

