#Packing pin usage report
Type: io
	Input Pin Usage:
		Max: 1.00 (0.02)
		Avg: 0.46 (0.01)
		Min: 0.00 (0.00)
		Histogram:
		[        0:      5.5) 1457 (100.0%) |**********************************************
		[      5.5:       11)    0 (  0.0%) |
		[       11:       16)    0 (  0.0%) |
		[       16:       22)    0 (  0.0%) |
		[       22:       28)    0 (  0.0%) |
		[       28:       33)    0 (  0.0%) |
		[       33:       38)    0 (  0.0%) |
		[       38:       44)    0 (  0.0%) |
		[       44:       50)    0 (  0.0%) |
		[       50:       55)    0 (  0.0%) |
	Output Pin Usage:
		Max: 1.00 (0.03)
		Avg: 0.54 (0.01)
		Min: 0.00 (0.00)
		Histogram:
		[        0:        4) 1457 (100.0%) |**********************************************
		[        4:        8)    0 (  0.0%) |
		[        8:       12)    0 (  0.0%) |
		[       12:       16)    0 (  0.0%) |
		[       16:       20)    0 (  0.0%) |
		[       20:       24)    0 (  0.0%) |
		[       24:       28)    0 (  0.0%) |
		[       28:       32)    0 (  0.0%) |
		[       32:       36)    0 (  0.0%) |
		[       36:       40)    0 (  0.0%) |

Type: LAB
	Input Pin Usage:
		Max: 49.00 (0.54)
		Avg: 21.33 (0.23)
		Min: 0.00 (0.00)
		Histogram:
		[        0:      9.1) 39 ( 17.5%) |***************************
		[      9.1:       18) 70 ( 31.4%) |************************************************
		[       18:       27) 47 ( 21.1%) |********************************
		[       27:       36) 38 ( 17.0%) |**************************
		[       36:       46) 27 ( 12.1%) |*******************
		[       46:       55)  2 (  0.9%) |*
		[       55:       64)  0 (  0.0%) |
		[       64:       73)  0 (  0.0%) |
		[       73:       82)  0 (  0.0%) |
		[       82:       91)  0 (  0.0%) |
	Output Pin Usage:
		Max: 20.00 (0.48)
		Avg: 8.59 (0.20)
		Min: 1.00 (0.02)
		Histogram:
		[        0:      4.2) 38 ( 17.0%) |*********************
		[      4.2:      8.4) 85 ( 38.1%) |************************************************
		[      8.4:       13) 63 ( 28.3%) |************************************
		[       13:       17) 21 (  9.4%) |************
		[       17:       21) 16 (  7.2%) |*********
		[       21:       25)  0 (  0.0%) |
		[       25:       29)  0 (  0.0%) |
		[       29:       34)  0 (  0.0%) |
		[       34:       38)  0 (  0.0%) |
		[       38:       42)  0 (  0.0%) |

