#Timing report of worst 32 path(s)
# Unit scale: 1e-09 seconds
# Output precision: 3

#Path 1
Startpoint: pi31.inpad[0] (.input clocked by virtual_io_clock)
Endpoint  : out:po15.outpad[0] (.output clocked by virtual_io_clock)
Path Type : hold

Point                                                             Incr      Path
--------------------------------------------------------------------------------
clock virtual_io_clock (rise edge)                               0.000     0.000
clock source latency                                             0.000     0.000
input external delay                                             0.000     0.000
pi31.inpad[0] (.input)                                           0.000     0.000
po15.in[1] (.names)                                              1.812     1.812
po15.out[0] (.names)                                             0.193     2.005
out:po15.outpad[0] (.output)                                     3.148     5.153
data arrival time                                                          5.153

clock virtual_io_clock (rise edge)                               0.000     0.000
clock source latency                                             0.000     0.000
clock uncertainty                                                0.000     0.000
output external delay                                            0.000     0.000
data required time                                                         0.000
--------------------------------------------------------------------------------
data required time                                                        -0.000
data arrival time                                                          5.153
--------------------------------------------------------------------------------
slack (MET)                                                                5.153


#Path 2
Startpoint: pi31.inpad[0] (.input clocked by virtual_io_clock)
Endpoint  : out:po06.outpad[0] (.output clocked by virtual_io_clock)
Path Type : hold

Point                                                             Incr      Path
--------------------------------------------------------------------------------
clock virtual_io_clock (rise edge)                               0.000     0.000
clock source latency                                             0.000     0.000
input external delay                                             0.000     0.000
pi31.inpad[0] (.input)                                           0.000     0.000
po06.in[1] (.names)                                              1.690     1.690
po06.out[0] (.names)                                             0.193     1.883
out:po06.outpad[0] (.output)                                     3.305     5.189
data arrival time                                                          5.189

clock virtual_io_clock (rise edge)                               0.000     0.000
clock source latency                                             0.000     0.000
clock uncertainty                                                0.000     0.000
output external delay                                            0.000     0.000
data required time                                                         0.000
--------------------------------------------------------------------------------
data required time                                                        -0.000
data arrival time                                                          5.189
--------------------------------------------------------------------------------
slack (MET)                                                                5.189


#Path 3
Startpoint: pi29.inpad[0] (.input clocked by virtual_io_clock)
Endpoint  : out:po05.outpad[0] (.output clocked by virtual_io_clock)
Path Type : hold

Point                                                             Incr      Path
--------------------------------------------------------------------------------
clock virtual_io_clock (rise edge)                               0.000     0.000
clock source latency                                             0.000     0.000
input external delay                                             0.000     0.000
pi29.inpad[0] (.input)                                           0.000     0.000
po05.in[3] (.names)                                              1.650     1.650
po05.out[0] (.names)                                             0.193     1.843
out:po05.outpad[0] (.output)                                     3.428     5.271
data arrival time                                                          5.271

clock virtual_io_clock (rise edge)                               0.000     0.000
clock source latency                                             0.000     0.000
clock uncertainty                                                0.000     0.000
output external delay                                            0.000     0.000
data required time                                                         0.000
--------------------------------------------------------------------------------
data required time                                                        -0.000
data arrival time                                                          5.271
--------------------------------------------------------------------------------
slack (MET)                                                                5.271


#Path 4
Startpoint: pi31.inpad[0] (.input clocked by virtual_io_clock)
Endpoint  : out:po17.outpad[0] (.output clocked by virtual_io_clock)
Path Type : hold

Point                                                             Incr      Path
--------------------------------------------------------------------------------
clock virtual_io_clock (rise edge)                               0.000     0.000
clock source latency                                             0.000     0.000
input external delay                                             0.000     0.000
pi31.inpad[0] (.input)                                           0.000     0.000
new_n450.in[1] (.names)                                          1.533     1.533
new_n450.out[0] (.names)                                         0.193     1.726
po17.in[5] (.names)                                              0.064     1.790
po17.out[0] (.names)                                             0.193     1.983
out:po17.outpad[0] (.output)                                     3.295     5.278
data arrival time                                                          5.278

clock virtual_io_clock (rise edge)                               0.000     0.000
clock source latency                                             0.000     0.000
clock uncertainty                                                0.000     0.000
output external delay                                            0.000     0.000
data required time                                                         0.000
--------------------------------------------------------------------------------
data required time                                                        -0.000
data arrival time                                                          5.278
--------------------------------------------------------------------------------
slack (MET)                                                                5.278


#Path 5
Startpoint: pi29.inpad[0] (.input clocked by virtual_io_clock)
Endpoint  : out:po20.outpad[0] (.output clocked by virtual_io_clock)
Path Type : hold

Point                                                             Incr      Path
--------------------------------------------------------------------------------
clock virtual_io_clock (rise edge)                               0.000     0.000
clock source latency                                             0.000     0.000
input external delay                                             0.000     0.000
pi29.inpad[0] (.input)                                           0.000     0.000
new_n383.in[1] (.names)                                          1.650     1.650
new_n383.out[0] (.names)                                         0.193     1.843
po20.in[0] (.names)                                              0.128     1.971
po20.out[0] (.names)                                             0.193     2.164
out:po20.outpad[0] (.output)                                     3.156     5.320
data arrival time                                                          5.320

clock virtual_io_clock (rise edge)                               0.000     0.000
clock source latency                                             0.000     0.000
clock uncertainty                                                0.000     0.000
output external delay                                            0.000     0.000
data required time                                                         0.000
--------------------------------------------------------------------------------
data required time                                                        -0.000
data arrival time                                                          5.320
--------------------------------------------------------------------------------
slack (MET)                                                                5.320


#Path 6
Startpoint: pi31.inpad[0] (.input clocked by virtual_io_clock)
Endpoint  : out:po12.outpad[0] (.output clocked by virtual_io_clock)
Path Type : hold

Point                                                             Incr      Path
--------------------------------------------------------------------------------
clock virtual_io_clock (rise edge)                               0.000     0.000
clock source latency                                             0.000     0.000
input external delay                                             0.000     0.000
pi31.inpad[0] (.input)                                           0.000     0.000
po12.in[1] (.names)                                              1.690     1.690
po12.out[0] (.names)                                             0.193     1.883
out:po12.outpad[0] (.output)                                     3.452     5.335
data arrival time                                                          5.335

clock virtual_io_clock (rise edge)                               0.000     0.000
clock source latency                                             0.000     0.000
clock uncertainty                                                0.000     0.000
output external delay                                            0.000     0.000
data required time                                                         0.000
--------------------------------------------------------------------------------
data required time                                                        -0.000
data arrival time                                                          5.335
--------------------------------------------------------------------------------
slack (MET)                                                                5.335


#Path 7
Startpoint: pi31.inpad[0] (.input clocked by virtual_io_clock)
Endpoint  : out:po09.outpad[0] (.output clocked by virtual_io_clock)
Path Type : hold

Point                                                             Incr      Path
--------------------------------------------------------------------------------
clock virtual_io_clock (rise edge)                               0.000     0.000
clock source latency                                             0.000     0.000
input external delay                                             0.000     0.000
pi31.inpad[0] (.input)                                           0.000     0.000
po09.in[1] (.names)                                              1.690     1.690
po09.out[0] (.names)                                             0.193     1.883
out:po09.outpad[0] (.output)                                     3.468     5.351
data arrival time                                                          5.351

clock virtual_io_clock (rise edge)                               0.000     0.000
clock source latency                                             0.000     0.000
clock uncertainty                                                0.000     0.000
output external delay                                            0.000     0.000
data required time                                                         0.000
--------------------------------------------------------------------------------
data required time                                                        -0.000
data arrival time                                                          5.351
--------------------------------------------------------------------------------
slack (MET)                                                                5.351


#Path 8
Startpoint: pi29.inpad[0] (.input clocked by virtual_io_clock)
Endpoint  : out:po02.outpad[0] (.output clocked by virtual_io_clock)
Path Type : hold

Point                                                             Incr      Path
--------------------------------------------------------------------------------
clock virtual_io_clock (rise edge)                               0.000     0.000
clock source latency                                             0.000     0.000
input external delay                                             0.000     0.000
pi29.inpad[0] (.input)                                           0.000     0.000
new_n383.in[1] (.names)                                          1.650     1.650
new_n383.out[0] (.names)                                         0.193     1.843
po02.in[1] (.names)                                              0.064     1.907
po02.out[0] (.names)                                             0.193     2.100
out:po02.outpad[0] (.output)                                     3.274     5.374
data arrival time                                                          5.374

clock virtual_io_clock (rise edge)                               0.000     0.000
clock source latency                                             0.000     0.000
clock uncertainty                                                0.000     0.000
output external delay                                            0.000     0.000
data required time                                                         0.000
--------------------------------------------------------------------------------
data required time                                                        -0.000
data arrival time                                                          5.374
--------------------------------------------------------------------------------
slack (MET)                                                                5.374


#Path 9
Startpoint: pi31.inpad[0] (.input clocked by virtual_io_clock)
Endpoint  : out:po19.outpad[0] (.output clocked by virtual_io_clock)
Path Type : hold

Point                                                             Incr      Path
--------------------------------------------------------------------------------
clock virtual_io_clock (rise edge)                               0.000     0.000
clock source latency                                             0.000     0.000
input external delay                                             0.000     0.000
pi31.inpad[0] (.input)                                           0.000     0.000
new_n450.in[1] (.names)                                          1.533     1.533
new_n450.out[0] (.names)                                         0.193     1.726
new_n422.in[0] (.names)                                          0.064     1.790
new_n422.out[0] (.names)                                         0.193     1.983
po19.in[1] (.names)                                              0.064     2.047
po19.out[0] (.names)                                             0.193     2.240
out:po19.outpad[0] (.output)                                     3.145     5.385
data arrival time                                                          5.385

clock virtual_io_clock (rise edge)                               0.000     0.000
clock source latency                                             0.000     0.000
clock uncertainty                                                0.000     0.000
output external delay                                            0.000     0.000
data required time                                                         0.000
--------------------------------------------------------------------------------
data required time                                                        -0.000
data arrival time                                                          5.385
--------------------------------------------------------------------------------
slack (MET)                                                                5.385


#Path 10
Startpoint: pi31.inpad[0] (.input clocked by virtual_io_clock)
Endpoint  : out:po18.outpad[0] (.output clocked by virtual_io_clock)
Path Type : hold

Point                                                             Incr      Path
--------------------------------------------------------------------------------
clock virtual_io_clock (rise edge)                               0.000     0.000
clock source latency                                             0.000     0.000
input external delay                                             0.000     0.000
pi31.inpad[0] (.input)                                           0.000     0.000
new_n450.in[1] (.names)                                          1.533     1.533
new_n450.out[0] (.names)                                         0.193     1.726
new_n422.in[0] (.names)                                          0.064     1.790
new_n422.out[0] (.names)                                         0.193     1.983
po18.in[1] (.names)                                              0.064     2.047
po18.out[0] (.names)                                             0.193     2.240
out:po18.outpad[0] (.output)                                     3.150     5.391
data arrival time                                                          5.391

clock virtual_io_clock (rise edge)                               0.000     0.000
clock source latency                                             0.000     0.000
clock uncertainty                                                0.000     0.000
output external delay                                            0.000     0.000
data required time                                                         0.000
--------------------------------------------------------------------------------
data required time                                                        -0.000
data arrival time                                                          5.391
--------------------------------------------------------------------------------
slack (MET)                                                                5.391


#Path 11
Startpoint: pi29.inpad[0] (.input clocked by virtual_io_clock)
Endpoint  : out:po21.outpad[0] (.output clocked by virtual_io_clock)
Path Type : hold

Point                                                             Incr      Path
--------------------------------------------------------------------------------
clock virtual_io_clock (rise edge)                               0.000     0.000
clock source latency                                             0.000     0.000
input external delay                                             0.000     0.000
pi29.inpad[0] (.input)                                           0.000     0.000
new_n383.in[1] (.names)                                          1.650     1.650
new_n383.out[0] (.names)                                         0.193     1.843
po21.in[0] (.names)                                              0.128     1.971
po21.out[0] (.names)                                             0.193     2.164
out:po21.outpad[0] (.output)                                     3.241     5.404
data arrival time                                                          5.404

clock virtual_io_clock (rise edge)                               0.000     0.000
clock source latency                                             0.000     0.000
clock uncertainty                                                0.000     0.000
output external delay                                            0.000     0.000
data required time                                                         0.000
--------------------------------------------------------------------------------
data required time                                                        -0.000
data arrival time                                                          5.404
--------------------------------------------------------------------------------
slack (MET)                                                                5.404


#Path 12
Startpoint: pi31.inpad[0] (.input clocked by virtual_io_clock)
Endpoint  : out:po03.outpad[0] (.output clocked by virtual_io_clock)
Path Type : hold

Point                                                             Incr      Path
--------------------------------------------------------------------------------
clock virtual_io_clock (rise edge)                               0.000     0.000
clock source latency                                             0.000     0.000
input external delay                                             0.000     0.000
pi31.inpad[0] (.input)                                           0.000     0.000
po03.in[1] (.names)                                              1.690     1.690
po03.out[0] (.names)                                             0.193     1.883
out:po03.outpad[0] (.output)                                     3.523     5.406
data arrival time                                                          5.406

clock virtual_io_clock (rise edge)                               0.000     0.000
clock source latency                                             0.000     0.000
clock uncertainty                                                0.000     0.000
output external delay                                            0.000     0.000
data required time                                                         0.000
--------------------------------------------------------------------------------
data required time                                                        -0.000
data arrival time                                                          5.406
--------------------------------------------------------------------------------
slack (MET)                                                                5.406


#Path 13
Startpoint: pi31.inpad[0] (.input clocked by virtual_io_clock)
Endpoint  : out:po04.outpad[0] (.output clocked by virtual_io_clock)
Path Type : hold

Point                                                             Incr      Path
--------------------------------------------------------------------------------
clock virtual_io_clock (rise edge)                               0.000     0.000
clock source latency                                             0.000     0.000
input external delay                                             0.000     0.000
pi31.inpad[0] (.input)                                           0.000     0.000
po04.in[1] (.names)                                              1.690     1.690
po04.out[0] (.names)                                             0.193     1.883
out:po04.outpad[0] (.output)                                     3.526     5.409
data arrival time                                                          5.409

clock virtual_io_clock (rise edge)                               0.000     0.000
clock source latency                                             0.000     0.000
clock uncertainty                                                0.000     0.000
output external delay                                            0.000     0.000
data required time                                                         0.000
--------------------------------------------------------------------------------
data required time                                                        -0.000
data arrival time                                                          5.409
--------------------------------------------------------------------------------
slack (MET)                                                                5.409


#Path 14
Startpoint: pi17.inpad[0] (.input clocked by virtual_io_clock)
Endpoint  : out:po24.outpad[0] (.output clocked by virtual_io_clock)
Path Type : hold

Point                                                             Incr      Path
--------------------------------------------------------------------------------
clock virtual_io_clock (rise edge)                               0.000     0.000
clock source latency                                             0.000     0.000
input external delay                                             0.000     0.000
pi17.inpad[0] (.input)                                           0.000     0.000
new_n524.in[4] (.names)                                          1.698     1.698
new_n524.out[0] (.names)                                         0.193     1.891
po24.in[5] (.names)                                              0.064     1.955
po24.out[0] (.names)                                             0.193     2.148
out:po24.outpad[0] (.output)                                     3.274     5.423
data arrival time                                                          5.423

clock virtual_io_clock (rise edge)                               0.000     0.000
clock source latency                                             0.000     0.000
clock uncertainty                                                0.000     0.000
output external delay                                            0.000     0.000
data required time                                                         0.000
--------------------------------------------------------------------------------
data required time                                                        -0.000
data arrival time                                                          5.423
--------------------------------------------------------------------------------
slack (MET)                                                                5.423


#Path 15
Startpoint: pi31.inpad[0] (.input clocked by virtual_io_clock)
Endpoint  : out:po16.outpad[0] (.output clocked by virtual_io_clock)
Path Type : hold

Point                                                             Incr      Path
--------------------------------------------------------------------------------
clock virtual_io_clock (rise edge)                               0.000     0.000
clock source latency                                             0.000     0.000
input external delay                                             0.000     0.000
pi31.inpad[0] (.input)                                           0.000     0.000
new_n449.in[1] (.names)                                          1.690     1.690
new_n449.out[0] (.names)                                         0.193     1.883
po16.in[2] (.names)                                              0.064     1.947
po16.out[0] (.names)                                             0.193     2.140
out:po16.outpad[0] (.output)                                     3.317     5.457
data arrival time                                                          5.457

clock virtual_io_clock (rise edge)                               0.000     0.000
clock source latency                                             0.000     0.000
clock uncertainty                                                0.000     0.000
output external delay                                            0.000     0.000
data required time                                                         0.000
--------------------------------------------------------------------------------
data required time                                                        -0.000
data arrival time                                                          5.457
--------------------------------------------------------------------------------
slack (MET)                                                                5.457


#Path 16
Startpoint: pi17.inpad[0] (.input clocked by virtual_io_clock)
Endpoint  : out:po25.outpad[0] (.output clocked by virtual_io_clock)
Path Type : hold

Point                                                             Incr      Path
--------------------------------------------------------------------------------
clock virtual_io_clock (rise edge)                               0.000     0.000
clock source latency                                             0.000     0.000
input external delay                                             0.000     0.000
pi17.inpad[0] (.input)                                           0.000     0.000
new_n538.in[3] (.names)                                          1.704     1.704
new_n538.out[0] (.names)                                         0.193     1.897
po25.in[1] (.names)                                              0.064     1.961
po25.out[0] (.names)                                             0.193     2.154
out:po25.outpad[0] (.output)                                     3.403     5.557
data arrival time                                                          5.557

clock virtual_io_clock (rise edge)                               0.000     0.000
clock source latency                                             0.000     0.000
clock uncertainty                                                0.000     0.000
output external delay                                            0.000     0.000
data required time                                                         0.000
--------------------------------------------------------------------------------
data required time                                                        -0.000
data arrival time                                                          5.557
--------------------------------------------------------------------------------
slack (MET)                                                                5.557


#Path 17
Startpoint: pi25.inpad[0] (.input clocked by virtual_io_clock)
Endpoint  : out:po01.outpad[0] (.output clocked by virtual_io_clock)
Path Type : hold

Point                                                             Incr      Path
--------------------------------------------------------------------------------
clock virtual_io_clock (rise edge)                               0.000     0.000
clock source latency                                             0.000     0.000
input external delay                                             0.000     0.000
pi25.inpad[0] (.input)                                           0.000     0.000
new_n67.in[0] (.names)                                           1.691     1.691
new_n67.out[0] (.names)                                          0.193     1.884
po01.in[2] (.names)                                              0.064     1.948
po01.out[0] (.names)                                             0.193     2.141
out:po01.outpad[0] (.output)                                     3.420     5.561
data arrival time                                                          5.561

clock virtual_io_clock (rise edge)                               0.000     0.000
clock source latency                                             0.000     0.000
clock uncertainty                                                0.000     0.000
output external delay                                            0.000     0.000
data required time                                                         0.000
--------------------------------------------------------------------------------
data required time                                                        -0.000
data arrival time                                                          5.561
--------------------------------------------------------------------------------
slack (MET)                                                                5.561


#Path 18
Startpoint: pi26.inpad[0] (.input clocked by virtual_io_clock)
Endpoint  : out:po31.outpad[0] (.output clocked by virtual_io_clock)
Path Type : hold

Point                                                             Incr      Path
--------------------------------------------------------------------------------
clock virtual_io_clock (rise edge)                               0.000     0.000
clock source latency                                             0.000     0.000
input external delay                                             0.000     0.000
pi26.inpad[0] (.input)                                           0.000     0.000
new_n579.in[1] (.names)                                          1.799     1.799
new_n579.out[0] (.names)                                         0.193     1.992
po31.in[4] (.names)                                              0.128     2.120
po31.out[0] (.names)                                             0.193     2.313
out:po31.outpad[0] (.output)                                     3.304     5.618
data arrival time                                                          5.618

clock virtual_io_clock (rise edge)                               0.000     0.000
clock source latency                                             0.000     0.000
clock uncertainty                                                0.000     0.000
output external delay                                            0.000     0.000
data required time                                                         0.000
--------------------------------------------------------------------------------
data required time                                                        -0.000
data arrival time                                                          5.618
--------------------------------------------------------------------------------
slack (MET)                                                                5.618


#Path 19
Startpoint: pi26.inpad[0] (.input clocked by virtual_io_clock)
Endpoint  : out:po30.outpad[0] (.output clocked by virtual_io_clock)
Path Type : hold

Point                                                             Incr      Path
--------------------------------------------------------------------------------
clock virtual_io_clock (rise edge)                               0.000     0.000
clock source latency                                             0.000     0.000
input external delay                                             0.000     0.000
pi26.inpad[0] (.input)                                           0.000     0.000
new_n579.in[1] (.names)                                          1.799     1.799
new_n579.out[0] (.names)                                         0.193     1.992
po30.in[1] (.names)                                              0.128     2.120
po30.out[0] (.names)                                             0.193     2.313
out:po30.outpad[0] (.output)                                     3.346     5.659
data arrival time                                                          5.659

clock virtual_io_clock (rise edge)                               0.000     0.000
clock source latency                                             0.000     0.000
clock uncertainty                                                0.000     0.000
output external delay                                            0.000     0.000
data required time                                                         0.000
--------------------------------------------------------------------------------
data required time                                                        -0.000
data arrival time                                                          5.659
--------------------------------------------------------------------------------
slack (MET)                                                                5.659


#Path 20
Startpoint: pi23.inpad[0] (.input clocked by virtual_io_clock)
Endpoint  : out:po23.outpad[0] (.output clocked by virtual_io_clock)
Path Type : hold

Point                                                             Incr      Path
--------------------------------------------------------------------------------
clock virtual_io_clock (rise edge)                               0.000     0.000
clock source latency                                             0.000     0.000
input external delay                                             0.000     0.000
pi23.inpad[0] (.input)                                           0.000     0.000
new_n511.in[1] (.names)                                          1.833     1.833
new_n511.out[0] (.names)                                         0.193     2.026
po23.in[2] (.names)                                              0.064     2.090
po23.out[0] (.names)                                             0.193     2.283
out:po23.outpad[0] (.output)                                     3.385     5.668
data arrival time                                                          5.668

clock virtual_io_clock (rise edge)                               0.000     0.000
clock source latency                                             0.000     0.000
clock uncertainty                                                0.000     0.000
output external delay                                            0.000     0.000
data required time                                                         0.000
--------------------------------------------------------------------------------
data required time                                                        -0.000
data arrival time                                                          5.668
--------------------------------------------------------------------------------
slack (MET)                                                                5.668


#Path 21
Startpoint: pi23.inpad[0] (.input clocked by virtual_io_clock)
Endpoint  : out:po22.outpad[0] (.output clocked by virtual_io_clock)
Path Type : hold

Point                                                             Incr      Path
--------------------------------------------------------------------------------
clock virtual_io_clock (rise edge)                               0.000     0.000
clock source latency                                             0.000     0.000
input external delay                                             0.000     0.000
pi23.inpad[0] (.input)                                           0.000     0.000
new_n511.in[1] (.names)                                          1.833     1.833
new_n511.out[0] (.names)                                         0.193     2.026
po22.in[2] (.names)                                              0.064     2.090
po22.out[0] (.names)                                             0.193     2.283
out:po22.outpad[0] (.output)                                     3.388     5.671
data arrival time                                                          5.671

clock virtual_io_clock (rise edge)                               0.000     0.000
clock source latency                                             0.000     0.000
clock uncertainty                                                0.000     0.000
output external delay                                            0.000     0.000
data required time                                                         0.000
--------------------------------------------------------------------------------
data required time                                                        -0.000
data arrival time                                                          5.671
--------------------------------------------------------------------------------
slack (MET)                                                                5.671


#Path 22
Startpoint: pi15.inpad[0] (.input clocked by virtual_io_clock)
Endpoint  : out:po27.outpad[0] (.output clocked by virtual_io_clock)
Path Type : hold

Point                                                             Incr      Path
--------------------------------------------------------------------------------
clock virtual_io_clock (rise edge)                               0.000     0.000
clock source latency                                             0.000     0.000
input external delay                                             0.000     0.000
pi15.inpad[0] (.input)                                           0.000     0.000
new_n549.in[5] (.names)                                          1.670     1.670
new_n549.out[0] (.names)                                         0.193     1.863
new_n560.in[0] (.names)                                          0.064     1.927
new_n560.out[0] (.names)                                         0.193     2.120
po27.in[1] (.names)                                              0.064     2.184
po27.out[0] (.names)                                             0.193     2.377
out:po27.outpad[0] (.output)                                     3.311     5.688
data arrival time                                                          5.688

clock virtual_io_clock (rise edge)                               0.000     0.000
clock source latency                                             0.000     0.000
clock uncertainty                                                0.000     0.000
output external delay                                            0.000     0.000
data required time                                                         0.000
--------------------------------------------------------------------------------
data required time                                                        -0.000
data arrival time                                                          5.688
--------------------------------------------------------------------------------
slack (MET)                                                                5.688


#Path 23
Startpoint: pi25.inpad[0] (.input clocked by virtual_io_clock)
Endpoint  : out:po00.outpad[0] (.output clocked by virtual_io_clock)
Path Type : hold

Point                                                             Incr      Path
--------------------------------------------------------------------------------
clock virtual_io_clock (rise edge)                               0.000     0.000
clock source latency                                             0.000     0.000
input external delay                                             0.000     0.000
pi25.inpad[0] (.input)                                           0.000     0.000
new_n67.in[0] (.names)                                           1.691     1.691
new_n67.out[0] (.names)                                          0.193     1.884
po00.in[2] (.names)                                              0.265     2.148
po00.out[0] (.names)                                             0.193     2.341
out:po00.outpad[0] (.output)                                     3.386     5.728
data arrival time                                                          5.728

clock virtual_io_clock (rise edge)                               0.000     0.000
clock source latency                                             0.000     0.000
clock uncertainty                                                0.000     0.000
output external delay                                            0.000     0.000
data required time                                                         0.000
--------------------------------------------------------------------------------
data required time                                                        -0.000
data arrival time                                                          5.728
--------------------------------------------------------------------------------
slack (MET)                                                                5.728


#Path 24
Startpoint: pi31.inpad[0] (.input clocked by virtual_io_clock)
Endpoint  : out:po07.outpad[0] (.output clocked by virtual_io_clock)
Path Type : hold

Point                                                             Incr      Path
--------------------------------------------------------------------------------
clock virtual_io_clock (rise edge)                               0.000     0.000
clock source latency                                             0.000     0.000
input external delay                                             0.000     0.000
pi31.inpad[0] (.input)                                           0.000     0.000
new_n443.in[1] (.names)                                          1.676     1.676
new_n443.out[0] (.names)                                         0.193     1.869
po07.in[2] (.names)                                              0.265     2.134
po07.out[0] (.names)                                             0.193     2.327
out:po07.outpad[0] (.output)                                     3.405     5.731
data arrival time                                                          5.731

clock virtual_io_clock (rise edge)                               0.000     0.000
clock source latency                                             0.000     0.000
clock uncertainty                                                0.000     0.000
output external delay                                            0.000     0.000
data required time                                                         0.000
--------------------------------------------------------------------------------
data required time                                                        -0.000
data arrival time                                                          5.731
--------------------------------------------------------------------------------
slack (MET)                                                                5.731


#Path 25
Startpoint: pi30.inpad[0] (.input clocked by virtual_io_clock)
Endpoint  : out:po08.outpad[0] (.output clocked by virtual_io_clock)
Path Type : hold

Point                                                             Incr      Path
--------------------------------------------------------------------------------
clock virtual_io_clock (rise edge)                               0.000     0.000
clock source latency                                             0.000     0.000
input external delay                                             0.000     0.000
pi30.inpad[0] (.input)                                           0.000     0.000
new_n408.in[1] (.names)                                          1.649     1.649
new_n408.out[0] (.names)                                         0.193     1.842
po08.in[4] (.names)                                              0.265     2.107
po08.out[0] (.names)                                             0.193     2.300
out:po08.outpad[0] (.output)                                     3.450     5.750
data arrival time                                                          5.750

clock virtual_io_clock (rise edge)                               0.000     0.000
clock source latency                                             0.000     0.000
clock uncertainty                                                0.000     0.000
output external delay                                            0.000     0.000
data required time                                                         0.000
--------------------------------------------------------------------------------
data required time                                                        -0.000
data arrival time                                                          5.750
--------------------------------------------------------------------------------
slack (MET)                                                                5.750


#Path 26
Startpoint: pi26.inpad[0] (.input clocked by virtual_io_clock)
Endpoint  : out:po28.outpad[0] (.output clocked by virtual_io_clock)
Path Type : hold

Point                                                             Incr      Path
--------------------------------------------------------------------------------
clock virtual_io_clock (rise edge)                               0.000     0.000
clock source latency                                             0.000     0.000
input external delay                                             0.000     0.000
pi26.inpad[0] (.input)                                           0.000     0.000
new_n566.in[4] (.names)                                          1.799     1.799
new_n566.out[0] (.names)                                         0.193     1.992
po28.in[3] (.names)                                              0.128     2.120
po28.out[0] (.names)                                             0.193     2.313
out:po28.outpad[0] (.output)                                     3.441     5.754
data arrival time                                                          5.754

clock virtual_io_clock (rise edge)                               0.000     0.000
clock source latency                                             0.000     0.000
clock uncertainty                                                0.000     0.000
output external delay                                            0.000     0.000
data required time                                                         0.000
--------------------------------------------------------------------------------
data required time                                                        -0.000
data arrival time                                                          5.754
--------------------------------------------------------------------------------
slack (MET)                                                                5.754


#Path 27
Startpoint: pi08.inpad[0] (.input clocked by virtual_io_clock)
Endpoint  : out:po11.outpad[0] (.output clocked by virtual_io_clock)
Path Type : hold

Point                                                             Incr      Path
--------------------------------------------------------------------------------
clock virtual_io_clock (rise edge)                               0.000     0.000
clock source latency                                             0.000     0.000
input external delay                                             0.000     0.000
pi08.inpad[0] (.input)                                           0.000     0.000
new_n435.in[1] (.names)                                          1.654     1.654
new_n435.out[0] (.names)                                         0.193     1.847
po11.in[1] (.names)                                              0.402     2.249
po11.out[0] (.names)                                             0.193     2.442
out:po11.outpad[0] (.output)                                     3.321     5.763
data arrival time                                                          5.763

clock virtual_io_clock (rise edge)                               0.000     0.000
clock source latency                                             0.000     0.000
clock uncertainty                                                0.000     0.000
output external delay                                            0.000     0.000
data required time                                                         0.000
--------------------------------------------------------------------------------
data required time                                                        -0.000
data arrival time                                                          5.763
--------------------------------------------------------------------------------
slack (MET)                                                                5.763


#Path 28
Startpoint: pi24.inpad[0] (.input clocked by virtual_io_clock)
Endpoint  : out:po29.outpad[0] (.output clocked by virtual_io_clock)
Path Type : hold

Point                                                             Incr      Path
--------------------------------------------------------------------------------
clock virtual_io_clock (rise edge)                               0.000     0.000
clock source latency                                             0.000     0.000
input external delay                                             0.000     0.000
pi24.inpad[0] (.input)                                           0.000     0.000
new_n576.in[2] (.names)                                          1.801     1.801
new_n576.out[0] (.names)                                         0.193     1.994
po29.in[2] (.names)                                              0.264     2.258
po29.out[0] (.names)                                             0.193     2.451
out:po29.outpad[0] (.output)                                     3.322     5.773
data arrival time                                                          5.773

clock virtual_io_clock (rise edge)                               0.000     0.000
clock source latency                                             0.000     0.000
clock uncertainty                                                0.000     0.000
output external delay                                            0.000     0.000
data required time                                                         0.000
--------------------------------------------------------------------------------
data required time                                                        -0.000
data arrival time                                                          5.773
--------------------------------------------------------------------------------
slack (MET)                                                                5.773


#Path 29
Startpoint: pi30.inpad[0] (.input clocked by virtual_io_clock)
Endpoint  : out:po14.outpad[0] (.output clocked by virtual_io_clock)
Path Type : hold

Point                                                             Incr      Path
--------------------------------------------------------------------------------
clock virtual_io_clock (rise edge)                               0.000     0.000
clock source latency                                             0.000     0.000
input external delay                                             0.000     0.000
pi30.inpad[0] (.input)                                           0.000     0.000
new_n414.in[1] (.names)                                          1.802     1.802
new_n414.out[0] (.names)                                         0.193     1.995
po14.in[4] (.names)                                              0.264     2.259
po14.out[0] (.names)                                             0.193     2.452
out:po14.outpad[0] (.output)                                     3.326     5.778
data arrival time                                                          5.778

clock virtual_io_clock (rise edge)                               0.000     0.000
clock source latency                                             0.000     0.000
clock uncertainty                                                0.000     0.000
output external delay                                            0.000     0.000
data required time                                                         0.000
--------------------------------------------------------------------------------
data required time                                                        -0.000
data arrival time                                                          5.778
--------------------------------------------------------------------------------
slack (MET)                                                                5.778


#Path 30
Startpoint: pi08.inpad[0] (.input clocked by virtual_io_clock)
Endpoint  : out:po10.outpad[0] (.output clocked by virtual_io_clock)
Path Type : hold

Point                                                             Incr      Path
--------------------------------------------------------------------------------
clock virtual_io_clock (rise edge)                               0.000     0.000
clock source latency                                             0.000     0.000
input external delay                                             0.000     0.000
pi08.inpad[0] (.input)                                           0.000     0.000
new_n435.in[1] (.names)                                          1.654     1.654
new_n435.out[0] (.names)                                         0.193     1.847
po10.in[1] (.names)                                              0.402     2.249
po10.out[0] (.names)                                             0.193     2.442
out:po10.outpad[0] (.output)                                     3.381     5.823
data arrival time                                                          5.823

clock virtual_io_clock (rise edge)                               0.000     0.000
clock source latency                                             0.000     0.000
clock uncertainty                                                0.000     0.000
output external delay                                            0.000     0.000
data required time                                                         0.000
--------------------------------------------------------------------------------
data required time                                                        -0.000
data arrival time                                                          5.823
--------------------------------------------------------------------------------
slack (MET)                                                                5.823


#Path 31
Startpoint: pi17.inpad[0] (.input clocked by virtual_io_clock)
Endpoint  : out:po26.outpad[0] (.output clocked by virtual_io_clock)
Path Type : hold

Point                                                             Incr      Path
--------------------------------------------------------------------------------
clock virtual_io_clock (rise edge)                               0.000     0.000
clock source latency                                             0.000     0.000
input external delay                                             0.000     0.000
pi17.inpad[0] (.input)                                           0.000     0.000
new_n539.in[0] (.names)                                          1.704     1.704
new_n539.out[0] (.names)                                         0.193     1.897
po26.in[2] (.names)                                              0.401     2.298
po26.out[0] (.names)                                             0.193     2.491
out:po26.outpad[0] (.output)                                     3.359     5.851
data arrival time                                                          5.851

clock virtual_io_clock (rise edge)                               0.000     0.000
clock source latency                                             0.000     0.000
clock uncertainty                                                0.000     0.000
output external delay                                            0.000     0.000
data required time                                                         0.000
--------------------------------------------------------------------------------
data required time                                                        -0.000
data arrival time                                                          5.851
--------------------------------------------------------------------------------
slack (MET)                                                                5.851


#Path 32
Startpoint: pi31.inpad[0] (.input clocked by virtual_io_clock)
Endpoint  : out:po13.outpad[0] (.output clocked by virtual_io_clock)
Path Type : hold

Point                                                             Incr      Path
--------------------------------------------------------------------------------
clock virtual_io_clock (rise edge)                               0.000     0.000
clock source latency                                             0.000     0.000
input external delay                                             0.000     0.000
pi31.inpad[0] (.input)                                           0.000     0.000
new_n430.in[2] (.names)                                          1.812     1.812
new_n430.out[0] (.names)                                         0.193     2.005
po13.in[1] (.names)                                              0.265     2.270
po13.out[0] (.names)                                             0.193     2.463
out:po13.outpad[0] (.output)                                     3.397     5.860
data arrival time                                                          5.860

clock virtual_io_clock (rise edge)                               0.000     0.000
clock source latency                                             0.000     0.000
clock uncertainty                                                0.000     0.000
output external delay                                            0.000     0.000
data required time                                                         0.000
--------------------------------------------------------------------------------
data required time                                                        -0.000
data arrival time                                                          5.860
--------------------------------------------------------------------------------
slack (MET)                                                                5.860


#End of timing report
