#Timing report of worst 32 path(s)
# Unit scale: 1e-09 seconds
# Output precision: 3

#Path 1
Startpoint: pi03.inpad[0] (.input clocked by virtual_io_clock)
Endpoint  : out:po30.outpad[0] (.output clocked by virtual_io_clock)
Path Type : setup

Point                                                             Incr      Path
--------------------------------------------------------------------------------
clock virtual_io_clock (rise edge)                               0.000     0.000
clock source latency                                             0.000     0.000
input external delay                                             0.000     0.000
pi03.inpad[0] (.input)                                           0.000     0.000
new_n299.in[0] (.names)                                          2.052     2.052
new_n299.out[0] (.names)                                         0.261     2.313
new_n296.in[2] (.names)                                          0.331     2.644
new_n296.out[0] (.names)                                         0.261     2.905
new_n326.in[1] (.names)                                          0.100     3.005
new_n326.out[0] (.names)                                         0.261     3.266
new_n397.in[3] (.names)                                          0.332     3.598
new_n397.out[0] (.names)                                         0.261     3.859
new_n396.in[5] (.names)                                          0.100     3.959
new_n396.out[0] (.names)                                         0.261     4.220
new_n429.in[1] (.names)                                          0.332     4.552
new_n429.out[0] (.names)                                         0.261     4.813
new_n427.in[1] (.names)                                          0.332     5.145
new_n427.out[0] (.names)                                         0.261     5.406
new_n425.in[0] (.names)                                          0.332     5.738
new_n425.out[0] (.names)                                         0.261     5.999
new_n422.in[2] (.names)                                          0.468     6.467
new_n422.out[0] (.names)                                         0.261     6.728
new_n420.in[1] (.names)                                          0.100     6.828
new_n420.out[0] (.names)                                         0.261     7.089
new_n275.in[3] (.names)                                          0.196     7.285
new_n275.out[0] (.names)                                         0.261     7.546
new_n510.in[2] (.names)                                          0.332     7.877
new_n510.out[0] (.names)                                         0.261     8.138
new_n537.in[3] (.names)                                          0.196     8.334
new_n537.out[0] (.names)                                         0.261     8.595
new_n559.in[1] (.names)                                          0.332     8.927
new_n559.out[0] (.names)                                         0.261     9.188
new_n574.in[1] (.names)                                          0.100     9.288
new_n574.out[0] (.names)                                         0.261     9.549
po30.in[2] (.names)                                              0.100     9.649
po30.out[0] (.names)                                             0.261     9.910
out:po30.outpad[0] (.output)                                     3.569    13.479
data arrival time                                                         13.479

clock virtual_io_clock (rise edge)                               0.000     0.000
clock source latency                                             0.000     0.000
clock uncertainty                                                0.000     0.000
output external delay                                            0.000     0.000
data required time                                                         0.000
--------------------------------------------------------------------------------
data required time                                                         0.000
data arrival time                                                        -13.479
--------------------------------------------------------------------------------
slack (VIOLATED)                                                         -13.479


#Path 2
Startpoint: pi03.inpad[0] (.input clocked by virtual_io_clock)
Endpoint  : out:po29.outpad[0] (.output clocked by virtual_io_clock)
Path Type : setup

Point                                                             Incr      Path
--------------------------------------------------------------------------------
clock virtual_io_clock (rise edge)                               0.000     0.000
clock source latency                                             0.000     0.000
input external delay                                             0.000     0.000
pi03.inpad[0] (.input)                                           0.000     0.000
new_n299.in[0] (.names)                                          2.052     2.052
new_n299.out[0] (.names)                                         0.261     2.313
new_n296.in[2] (.names)                                          0.331     2.644
new_n296.out[0] (.names)                                         0.261     2.905
new_n326.in[1] (.names)                                          0.100     3.005
new_n326.out[0] (.names)                                         0.261     3.266
new_n397.in[3] (.names)                                          0.332     3.598
new_n397.out[0] (.names)                                         0.261     3.859
new_n396.in[5] (.names)                                          0.100     3.959
new_n396.out[0] (.names)                                         0.261     4.220
new_n429.in[1] (.names)                                          0.332     4.552
new_n429.out[0] (.names)                                         0.261     4.813
new_n427.in[1] (.names)                                          0.332     5.145
new_n427.out[0] (.names)                                         0.261     5.406
new_n425.in[0] (.names)                                          0.332     5.738
new_n425.out[0] (.names)                                         0.261     5.999
new_n422.in[2] (.names)                                          0.468     6.467
new_n422.out[0] (.names)                                         0.261     6.728
new_n420.in[1] (.names)                                          0.100     6.828
new_n420.out[0] (.names)                                         0.261     7.089
new_n275.in[3] (.names)                                          0.196     7.285
new_n275.out[0] (.names)                                         0.261     7.546
new_n510.in[2] (.names)                                          0.332     7.877
new_n510.out[0] (.names)                                         0.261     8.138
new_n537.in[3] (.names)                                          0.196     8.334
new_n537.out[0] (.names)                                         0.261     8.595
new_n559.in[1] (.names)                                          0.332     8.927
new_n559.out[0] (.names)                                         0.261     9.188
new_n574.in[1] (.names)                                          0.100     9.288
new_n574.out[0] (.names)                                         0.261     9.549
po29.in[0] (.names)                                              0.100     9.649
po29.out[0] (.names)                                             0.261     9.910
out:po29.outpad[0] (.output)                                     3.545    13.455
data arrival time                                                         13.455

clock virtual_io_clock (rise edge)                               0.000     0.000
clock source latency                                             0.000     0.000
clock uncertainty                                                0.000     0.000
output external delay                                            0.000     0.000
data required time                                                         0.000
--------------------------------------------------------------------------------
data required time                                                         0.000
data arrival time                                                        -13.455
--------------------------------------------------------------------------------
slack (VIOLATED)                                                         -13.455


#Path 3
Startpoint: pi03.inpad[0] (.input clocked by virtual_io_clock)
Endpoint  : out:po31.outpad[0] (.output clocked by virtual_io_clock)
Path Type : setup

Point                                                             Incr      Path
--------------------------------------------------------------------------------
clock virtual_io_clock (rise edge)                               0.000     0.000
clock source latency                                             0.000     0.000
input external delay                                             0.000     0.000
pi03.inpad[0] (.input)                                           0.000     0.000
new_n299.in[0] (.names)                                          2.052     2.052
new_n299.out[0] (.names)                                         0.261     2.313
new_n296.in[2] (.names)                                          0.331     2.644
new_n296.out[0] (.names)                                         0.261     2.905
new_n326.in[1] (.names)                                          0.100     3.005
new_n326.out[0] (.names)                                         0.261     3.266
new_n397.in[3] (.names)                                          0.332     3.598
new_n397.out[0] (.names)                                         0.261     3.859
new_n396.in[5] (.names)                                          0.100     3.959
new_n396.out[0] (.names)                                         0.261     4.220
new_n429.in[1] (.names)                                          0.332     4.552
new_n429.out[0] (.names)                                         0.261     4.813
new_n427.in[1] (.names)                                          0.332     5.145
new_n427.out[0] (.names)                                         0.261     5.406
new_n425.in[0] (.names)                                          0.332     5.738
new_n425.out[0] (.names)                                         0.261     5.999
new_n422.in[2] (.names)                                          0.468     6.467
new_n422.out[0] (.names)                                         0.261     6.728
new_n420.in[1] (.names)                                          0.100     6.828
new_n420.out[0] (.names)                                         0.261     7.089
new_n275.in[3] (.names)                                          0.196     7.285
new_n275.out[0] (.names)                                         0.261     7.546
new_n510.in[2] (.names)                                          0.332     7.877
new_n510.out[0] (.names)                                         0.261     8.138
new_n537.in[3] (.names)                                          0.196     8.334
new_n537.out[0] (.names)                                         0.261     8.595
new_n559.in[1] (.names)                                          0.332     8.927
new_n559.out[0] (.names)                                         0.261     9.188
new_n574.in[1] (.names)                                          0.100     9.288
new_n574.out[0] (.names)                                         0.261     9.549
po31.in[0] (.names)                                              0.100     9.649
po31.out[0] (.names)                                             0.261     9.910
out:po31.outpad[0] (.output)                                     3.527    13.437
data arrival time                                                         13.437

clock virtual_io_clock (rise edge)                               0.000     0.000
clock source latency                                             0.000     0.000
clock uncertainty                                                0.000     0.000
output external delay                                            0.000     0.000
data required time                                                         0.000
--------------------------------------------------------------------------------
data required time                                                         0.000
data arrival time                                                        -13.437
--------------------------------------------------------------------------------
slack (VIOLATED)                                                         -13.437


#Path 4
Startpoint: pi03.inpad[0] (.input clocked by virtual_io_clock)
Endpoint  : out:po28.outpad[0] (.output clocked by virtual_io_clock)
Path Type : setup

Point                                                             Incr      Path
--------------------------------------------------------------------------------
clock virtual_io_clock (rise edge)                               0.000     0.000
clock source latency                                             0.000     0.000
input external delay                                             0.000     0.000
pi03.inpad[0] (.input)                                           0.000     0.000
new_n299.in[0] (.names)                                          2.052     2.052
new_n299.out[0] (.names)                                         0.261     2.313
new_n296.in[2] (.names)                                          0.331     2.644
new_n296.out[0] (.names)                                         0.261     2.905
new_n326.in[1] (.names)                                          0.100     3.005
new_n326.out[0] (.names)                                         0.261     3.266
new_n397.in[3] (.names)                                          0.332     3.598
new_n397.out[0] (.names)                                         0.261     3.859
new_n396.in[5] (.names)                                          0.100     3.959
new_n396.out[0] (.names)                                         0.261     4.220
new_n429.in[1] (.names)                                          0.332     4.552
new_n429.out[0] (.names)                                         0.261     4.813
new_n427.in[1] (.names)                                          0.332     5.145
new_n427.out[0] (.names)                                         0.261     5.406
new_n425.in[0] (.names)                                          0.332     5.738
new_n425.out[0] (.names)                                         0.261     5.999
new_n422.in[2] (.names)                                          0.468     6.467
new_n422.out[0] (.names)                                         0.261     6.728
new_n420.in[1] (.names)                                          0.100     6.828
new_n420.out[0] (.names)                                         0.261     7.089
new_n275.in[3] (.names)                                          0.196     7.285
new_n275.out[0] (.names)                                         0.261     7.546
new_n510.in[2] (.names)                                          0.332     7.877
new_n510.out[0] (.names)                                         0.261     8.138
new_n537.in[3] (.names)                                          0.196     8.334
new_n537.out[0] (.names)                                         0.261     8.595
new_n559.in[1] (.names)                                          0.332     8.927
new_n559.out[0] (.names)                                         0.261     9.188
po28.in[0] (.names)                                              0.100     9.288
po28.out[0] (.names)                                             0.261     9.549
out:po28.outpad[0] (.output)                                     3.664    13.212
data arrival time                                                         13.212

clock virtual_io_clock (rise edge)                               0.000     0.000
clock source latency                                             0.000     0.000
clock uncertainty                                                0.000     0.000
output external delay                                            0.000     0.000
data required time                                                         0.000
--------------------------------------------------------------------------------
data required time                                                         0.000
data arrival time                                                        -13.212
--------------------------------------------------------------------------------
slack (VIOLATED)                                                         -13.212


#Path 5
Startpoint: pi03.inpad[0] (.input clocked by virtual_io_clock)
Endpoint  : out:po27.outpad[0] (.output clocked by virtual_io_clock)
Path Type : setup

Point                                                             Incr      Path
--------------------------------------------------------------------------------
clock virtual_io_clock (rise edge)                               0.000     0.000
clock source latency                                             0.000     0.000
input external delay                                             0.000     0.000
pi03.inpad[0] (.input)                                           0.000     0.000
new_n299.in[0] (.names)                                          2.052     2.052
new_n299.out[0] (.names)                                         0.261     2.313
new_n296.in[2] (.names)                                          0.331     2.644
new_n296.out[0] (.names)                                         0.261     2.905
new_n326.in[1] (.names)                                          0.100     3.005
new_n326.out[0] (.names)                                         0.261     3.266
new_n397.in[3] (.names)                                          0.332     3.598
new_n397.out[0] (.names)                                         0.261     3.859
new_n396.in[5] (.names)                                          0.100     3.959
new_n396.out[0] (.names)                                         0.261     4.220
new_n429.in[1] (.names)                                          0.332     4.552
new_n429.out[0] (.names)                                         0.261     4.813
new_n427.in[1] (.names)                                          0.332     5.145
new_n427.out[0] (.names)                                         0.261     5.406
new_n425.in[0] (.names)                                          0.332     5.738
new_n425.out[0] (.names)                                         0.261     5.999
new_n422.in[2] (.names)                                          0.468     6.467
new_n422.out[0] (.names)                                         0.261     6.728
new_n420.in[1] (.names)                                          0.100     6.828
new_n420.out[0] (.names)                                         0.261     7.089
new_n275.in[3] (.names)                                          0.196     7.285
new_n275.out[0] (.names)                                         0.261     7.546
new_n510.in[2] (.names)                                          0.332     7.877
new_n510.out[0] (.names)                                         0.261     8.138
new_n537.in[3] (.names)                                          0.196     8.334
new_n537.out[0] (.names)                                         0.261     8.595
new_n559.in[1] (.names)                                          0.332     8.927
new_n559.out[0] (.names)                                         0.261     9.188
po27.in[0] (.names)                                              0.100     9.288
po27.out[0] (.names)                                             0.261     9.549
out:po27.outpad[0] (.output)                                     3.534    13.083
data arrival time                                                         13.083

clock virtual_io_clock (rise edge)                               0.000     0.000
clock source latency                                             0.000     0.000
clock uncertainty                                                0.000     0.000
output external delay                                            0.000     0.000
data required time                                                         0.000
--------------------------------------------------------------------------------
data required time                                                         0.000
data arrival time                                                        -13.083
--------------------------------------------------------------------------------
slack (VIOLATED)                                                         -13.083


#Path 6
Startpoint: pi03.inpad[0] (.input clocked by virtual_io_clock)
Endpoint  : out:po26.outpad[0] (.output clocked by virtual_io_clock)
Path Type : setup

Point                                                             Incr      Path
--------------------------------------------------------------------------------
clock virtual_io_clock (rise edge)                               0.000     0.000
clock source latency                                             0.000     0.000
input external delay                                             0.000     0.000
pi03.inpad[0] (.input)                                           0.000     0.000
new_n299.in[0] (.names)                                          2.052     2.052
new_n299.out[0] (.names)                                         0.261     2.313
new_n296.in[2] (.names)                                          0.331     2.644
new_n296.out[0] (.names)                                         0.261     2.905
new_n326.in[1] (.names)                                          0.100     3.005
new_n326.out[0] (.names)                                         0.261     3.266
new_n397.in[3] (.names)                                          0.332     3.598
new_n397.out[0] (.names)                                         0.261     3.859
new_n396.in[5] (.names)                                          0.100     3.959
new_n396.out[0] (.names)                                         0.261     4.220
new_n429.in[1] (.names)                                          0.332     4.552
new_n429.out[0] (.names)                                         0.261     4.813
new_n427.in[1] (.names)                                          0.332     5.145
new_n427.out[0] (.names)                                         0.261     5.406
new_n425.in[0] (.names)                                          0.332     5.738
new_n425.out[0] (.names)                                         0.261     5.999
new_n422.in[2] (.names)                                          0.468     6.467
new_n422.out[0] (.names)                                         0.261     6.728
new_n420.in[1] (.names)                                          0.100     6.828
new_n420.out[0] (.names)                                         0.261     7.089
new_n275.in[3] (.names)                                          0.196     7.285
new_n275.out[0] (.names)                                         0.261     7.546
new_n510.in[2] (.names)                                          0.332     7.877
new_n510.out[0] (.names)                                         0.261     8.138
new_n537.in[3] (.names)                                          0.196     8.334
new_n537.out[0] (.names)                                         0.261     8.595
po26.in[0] (.names)                                              0.469     9.064
po26.out[0] (.names)                                             0.261     9.325
out:po26.outpad[0] (.output)                                     3.582    12.907
data arrival time                                                         12.907

clock virtual_io_clock (rise edge)                               0.000     0.000
clock source latency                                             0.000     0.000
clock uncertainty                                                0.000     0.000
output external delay                                            0.000     0.000
data required time                                                         0.000
--------------------------------------------------------------------------------
data required time                                                         0.000
data arrival time                                                        -12.907
--------------------------------------------------------------------------------
slack (VIOLATED)                                                         -12.907


#Path 7
Startpoint: pi03.inpad[0] (.input clocked by virtual_io_clock)
Endpoint  : out:po25.outpad[0] (.output clocked by virtual_io_clock)
Path Type : setup

Point                                                             Incr      Path
--------------------------------------------------------------------------------
clock virtual_io_clock (rise edge)                               0.000     0.000
clock source latency                                             0.000     0.000
input external delay                                             0.000     0.000
pi03.inpad[0] (.input)                                           0.000     0.000
new_n299.in[0] (.names)                                          2.052     2.052
new_n299.out[0] (.names)                                         0.261     2.313
new_n296.in[2] (.names)                                          0.331     2.644
new_n296.out[0] (.names)                                         0.261     2.905
new_n326.in[1] (.names)                                          0.100     3.005
new_n326.out[0] (.names)                                         0.261     3.266
new_n397.in[3] (.names)                                          0.332     3.598
new_n397.out[0] (.names)                                         0.261     3.859
new_n396.in[5] (.names)                                          0.100     3.959
new_n396.out[0] (.names)                                         0.261     4.220
new_n429.in[1] (.names)                                          0.332     4.552
new_n429.out[0] (.names)                                         0.261     4.813
new_n427.in[1] (.names)                                          0.332     5.145
new_n427.out[0] (.names)                                         0.261     5.406
new_n425.in[0] (.names)                                          0.332     5.738
new_n425.out[0] (.names)                                         0.261     5.999
new_n422.in[2] (.names)                                          0.468     6.467
new_n422.out[0] (.names)                                         0.261     6.728
new_n420.in[1] (.names)                                          0.100     6.828
new_n420.out[0] (.names)                                         0.261     7.089
new_n275.in[3] (.names)                                          0.196     7.285
new_n275.out[0] (.names)                                         0.261     7.546
new_n510.in[2] (.names)                                          0.332     7.877
new_n510.out[0] (.names)                                         0.261     8.138
new_n537.in[3] (.names)                                          0.196     8.334
new_n537.out[0] (.names)                                         0.261     8.595
po25.in[0] (.names)                                              0.332     8.927
po25.out[0] (.names)                                             0.261     9.188
out:po25.outpad[0] (.output)                                     3.626    12.814
data arrival time                                                         12.814

clock virtual_io_clock (rise edge)                               0.000     0.000
clock source latency                                             0.000     0.000
clock uncertainty                                                0.000     0.000
output external delay                                            0.000     0.000
data required time                                                         0.000
--------------------------------------------------------------------------------
data required time                                                         0.000
data arrival time                                                        -12.814
--------------------------------------------------------------------------------
slack (VIOLATED)                                                         -12.814


#Path 8
Startpoint: pi03.inpad[0] (.input clocked by virtual_io_clock)
Endpoint  : out:po22.outpad[0] (.output clocked by virtual_io_clock)
Path Type : setup

Point                                                             Incr      Path
--------------------------------------------------------------------------------
clock virtual_io_clock (rise edge)                               0.000     0.000
clock source latency                                             0.000     0.000
input external delay                                             0.000     0.000
pi03.inpad[0] (.input)                                           0.000     0.000
new_n299.in[0] (.names)                                          2.052     2.052
new_n299.out[0] (.names)                                         0.261     2.313
new_n296.in[2] (.names)                                          0.331     2.644
new_n296.out[0] (.names)                                         0.261     2.905
new_n326.in[1] (.names)                                          0.100     3.005
new_n326.out[0] (.names)                                         0.261     3.266
new_n397.in[3] (.names)                                          0.332     3.598
new_n397.out[0] (.names)                                         0.261     3.859
new_n396.in[5] (.names)                                          0.100     3.959
new_n396.out[0] (.names)                                         0.261     4.220
new_n429.in[1] (.names)                                          0.332     4.552
new_n429.out[0] (.names)                                         0.261     4.813
new_n427.in[1] (.names)                                          0.332     5.145
new_n427.out[0] (.names)                                         0.261     5.406
new_n425.in[0] (.names)                                          0.332     5.738
new_n425.out[0] (.names)                                         0.261     5.999
new_n422.in[2] (.names)                                          0.468     6.467
new_n422.out[0] (.names)                                         0.261     6.728
new_n420.in[1] (.names)                                          0.100     6.828
new_n420.out[0] (.names)                                         0.261     7.089
new_n275.in[3] (.names)                                          0.196     7.285
new_n275.out[0] (.names)                                         0.261     7.546
new_n510.in[2] (.names)                                          0.332     7.877
new_n510.out[0] (.names)                                         0.261     8.138
po22.in[1] (.names)                                              0.196     8.334
po22.out[0] (.names)                                             0.261     8.595
out:po22.outpad[0] (.output)                                     3.611    12.206
data arrival time                                                         12.206

clock virtual_io_clock (rise edge)                               0.000     0.000
clock source latency                                             0.000     0.000
clock uncertainty                                                0.000     0.000
output external delay                                            0.000     0.000
data required time                                                         0.000
--------------------------------------------------------------------------------
data required time                                                         0.000
data arrival time                                                        -12.206
--------------------------------------------------------------------------------
slack (VIOLATED)                                                         -12.206


#Path 9
Startpoint: pi03.inpad[0] (.input clocked by virtual_io_clock)
Endpoint  : out:po23.outpad[0] (.output clocked by virtual_io_clock)
Path Type : setup

Point                                                             Incr      Path
--------------------------------------------------------------------------------
clock virtual_io_clock (rise edge)                               0.000     0.000
clock source latency                                             0.000     0.000
input external delay                                             0.000     0.000
pi03.inpad[0] (.input)                                           0.000     0.000
new_n299.in[0] (.names)                                          2.052     2.052
new_n299.out[0] (.names)                                         0.261     2.313
new_n296.in[2] (.names)                                          0.331     2.644
new_n296.out[0] (.names)                                         0.261     2.905
new_n326.in[1] (.names)                                          0.100     3.005
new_n326.out[0] (.names)                                         0.261     3.266
new_n397.in[3] (.names)                                          0.332     3.598
new_n397.out[0] (.names)                                         0.261     3.859
new_n396.in[5] (.names)                                          0.100     3.959
new_n396.out[0] (.names)                                         0.261     4.220
new_n429.in[1] (.names)                                          0.332     4.552
new_n429.out[0] (.names)                                         0.261     4.813
new_n427.in[1] (.names)                                          0.332     5.145
new_n427.out[0] (.names)                                         0.261     5.406
new_n425.in[0] (.names)                                          0.332     5.738
new_n425.out[0] (.names)                                         0.261     5.999
new_n422.in[2] (.names)                                          0.468     6.467
new_n422.out[0] (.names)                                         0.261     6.728
new_n420.in[1] (.names)                                          0.100     6.828
new_n420.out[0] (.names)                                         0.261     7.089
new_n275.in[3] (.names)                                          0.196     7.285
new_n275.out[0] (.names)                                         0.261     7.546
new_n510.in[2] (.names)                                          0.332     7.877
new_n510.out[0] (.names)                                         0.261     8.138
po23.in[1] (.names)                                              0.196     8.334
po23.out[0] (.names)                                             0.261     8.595
out:po23.outpad[0] (.output)                                     3.608    12.203
data arrival time                                                         12.203

clock virtual_io_clock (rise edge)                               0.000     0.000
clock source latency                                             0.000     0.000
clock uncertainty                                                0.000     0.000
output external delay                                            0.000     0.000
data required time                                                         0.000
--------------------------------------------------------------------------------
data required time                                                         0.000
data arrival time                                                        -12.203
--------------------------------------------------------------------------------
slack (VIOLATED)                                                         -12.203


#Path 10
Startpoint: pi03.inpad[0] (.input clocked by virtual_io_clock)
Endpoint  : out:po24.outpad[0] (.output clocked by virtual_io_clock)
Path Type : setup

Point                                                             Incr      Path
--------------------------------------------------------------------------------
clock virtual_io_clock (rise edge)                               0.000     0.000
clock source latency                                             0.000     0.000
input external delay                                             0.000     0.000
pi03.inpad[0] (.input)                                           0.000     0.000
new_n299.in[0] (.names)                                          2.052     2.052
new_n299.out[0] (.names)                                         0.261     2.313
new_n296.in[2] (.names)                                          0.331     2.644
new_n296.out[0] (.names)                                         0.261     2.905
new_n326.in[1] (.names)                                          0.100     3.005
new_n326.out[0] (.names)                                         0.261     3.266
new_n397.in[3] (.names)                                          0.332     3.598
new_n397.out[0] (.names)                                         0.261     3.859
new_n396.in[5] (.names)                                          0.100     3.959
new_n396.out[0] (.names)                                         0.261     4.220
new_n429.in[1] (.names)                                          0.332     4.552
new_n429.out[0] (.names)                                         0.261     4.813
new_n427.in[1] (.names)                                          0.332     5.145
new_n427.out[0] (.names)                                         0.261     5.406
new_n425.in[0] (.names)                                          0.332     5.738
new_n425.out[0] (.names)                                         0.261     5.999
new_n422.in[2] (.names)                                          0.468     6.467
new_n422.out[0] (.names)                                         0.261     6.728
new_n420.in[1] (.names)                                          0.100     6.828
new_n420.out[0] (.names)                                         0.261     7.089
new_n275.in[3] (.names)                                          0.196     7.285
new_n275.out[0] (.names)                                         0.261     7.546
new_n510.in[2] (.names)                                          0.332     7.877
new_n510.out[0] (.names)                                         0.261     8.138
po24.in[3] (.names)                                              0.196     8.334
po24.out[0] (.names)                                             0.261     8.595
out:po24.outpad[0] (.output)                                     3.497    12.093
data arrival time                                                         12.093

clock virtual_io_clock (rise edge)                               0.000     0.000
clock source latency                                             0.000     0.000
clock uncertainty                                                0.000     0.000
output external delay                                            0.000     0.000
data required time                                                         0.000
--------------------------------------------------------------------------------
data required time                                                         0.000
data arrival time                                                        -12.093
--------------------------------------------------------------------------------
slack (VIOLATED)                                                         -12.093


#Path 11
Startpoint: pi03.inpad[0] (.input clocked by virtual_io_clock)
Endpoint  : out:po01.outpad[0] (.output clocked by virtual_io_clock)
Path Type : setup

Point                                                             Incr      Path
--------------------------------------------------------------------------------
clock virtual_io_clock (rise edge)                               0.000     0.000
clock source latency                                             0.000     0.000
input external delay                                             0.000     0.000
pi03.inpad[0] (.input)                                           0.000     0.000
new_n299.in[0] (.names)                                          2.052     2.052
new_n299.out[0] (.names)                                         0.261     2.313
new_n296.in[2] (.names)                                          0.331     2.644
new_n296.out[0] (.names)                                         0.261     2.905
new_n326.in[1] (.names)                                          0.100     3.005
new_n326.out[0] (.names)                                         0.261     3.266
new_n397.in[3] (.names)                                          0.332     3.598
new_n397.out[0] (.names)                                         0.261     3.859
new_n396.in[5] (.names)                                          0.100     3.959
new_n396.out[0] (.names)                                         0.261     4.220
new_n429.in[1] (.names)                                          0.332     4.552
new_n429.out[0] (.names)                                         0.261     4.813
new_n427.in[1] (.names)                                          0.332     5.145
new_n427.out[0] (.names)                                         0.261     5.406
new_n425.in[0] (.names)                                          0.332     5.738
new_n425.out[0] (.names)                                         0.261     5.999
new_n422.in[2] (.names)                                          0.468     6.467
new_n422.out[0] (.names)                                         0.261     6.728
new_n420.in[1] (.names)                                          0.100     6.828
new_n420.out[0] (.names)                                         0.261     7.089
new_n275.in[3] (.names)                                          0.196     7.285
new_n275.out[0] (.names)                                         0.261     7.546
po01.in[0] (.names)                                              0.332     7.877
po01.out[0] (.names)                                             0.261     8.138
out:po01.outpad[0] (.output)                                     3.643    11.781
data arrival time                                                         11.781

clock virtual_io_clock (rise edge)                               0.000     0.000
clock source latency                                             0.000     0.000
clock uncertainty                                                0.000     0.000
output external delay                                            0.000     0.000
data required time                                                         0.000
--------------------------------------------------------------------------------
data required time                                                         0.000
data arrival time                                                        -11.781
--------------------------------------------------------------------------------
slack (VIOLATED)                                                         -11.781


#Path 12
Startpoint: pi03.inpad[0] (.input clocked by virtual_io_clock)
Endpoint  : out:po00.outpad[0] (.output clocked by virtual_io_clock)
Path Type : setup

Point                                                             Incr      Path
--------------------------------------------------------------------------------
clock virtual_io_clock (rise edge)                               0.000     0.000
clock source latency                                             0.000     0.000
input external delay                                             0.000     0.000
pi03.inpad[0] (.input)                                           0.000     0.000
new_n299.in[0] (.names)                                          2.052     2.052
new_n299.out[0] (.names)                                         0.261     2.313
new_n296.in[2] (.names)                                          0.331     2.644
new_n296.out[0] (.names)                                         0.261     2.905
new_n326.in[1] (.names)                                          0.100     3.005
new_n326.out[0] (.names)                                         0.261     3.266
new_n397.in[3] (.names)                                          0.332     3.598
new_n397.out[0] (.names)                                         0.261     3.859
new_n396.in[5] (.names)                                          0.100     3.959
new_n396.out[0] (.names)                                         0.261     4.220
new_n429.in[1] (.names)                                          0.332     4.552
new_n429.out[0] (.names)                                         0.261     4.813
new_n427.in[1] (.names)                                          0.332     5.145
new_n427.out[0] (.names)                                         0.261     5.406
new_n425.in[0] (.names)                                          0.332     5.738
new_n425.out[0] (.names)                                         0.261     5.999
new_n422.in[2] (.names)                                          0.468     6.467
new_n422.out[0] (.names)                                         0.261     6.728
new_n420.in[1] (.names)                                          0.100     6.828
new_n420.out[0] (.names)                                         0.261     7.089
new_n275.in[3] (.names)                                          0.196     7.285
new_n275.out[0] (.names)                                         0.261     7.546
po00.in[0] (.names)                                              0.196     7.742
po00.out[0] (.names)                                             0.261     8.003
out:po00.outpad[0] (.output)                                     3.609    11.612
data arrival time                                                         11.612

clock virtual_io_clock (rise edge)                               0.000     0.000
clock source latency                                             0.000     0.000
clock uncertainty                                                0.000     0.000
output external delay                                            0.000     0.000
data required time                                                         0.000
--------------------------------------------------------------------------------
data required time                                                         0.000
data arrival time                                                        -11.612
--------------------------------------------------------------------------------
slack (VIOLATED)                                                         -11.612


#Path 13
Startpoint: pi03.inpad[0] (.input clocked by virtual_io_clock)
Endpoint  : out:po02.outpad[0] (.output clocked by virtual_io_clock)
Path Type : setup

Point                                                             Incr      Path
--------------------------------------------------------------------------------
clock virtual_io_clock (rise edge)                               0.000     0.000
clock source latency                                             0.000     0.000
input external delay                                             0.000     0.000
pi03.inpad[0] (.input)                                           0.000     0.000
new_n299.in[0] (.names)                                          2.052     2.052
new_n299.out[0] (.names)                                         0.261     2.313
new_n296.in[2] (.names)                                          0.331     2.644
new_n296.out[0] (.names)                                         0.261     2.905
new_n326.in[1] (.names)                                          0.100     3.005
new_n326.out[0] (.names)                                         0.261     3.266
new_n397.in[3] (.names)                                          0.332     3.598
new_n397.out[0] (.names)                                         0.261     3.859
new_n396.in[5] (.names)                                          0.100     3.959
new_n396.out[0] (.names)                                         0.261     4.220
new_n429.in[1] (.names)                                          0.332     4.552
new_n429.out[0] (.names)                                         0.261     4.813
new_n427.in[1] (.names)                                          0.332     5.145
new_n427.out[0] (.names)                                         0.261     5.406
new_n425.in[0] (.names)                                          0.332     5.738
new_n425.out[0] (.names)                                         0.261     5.999
new_n422.in[2] (.names)                                          0.468     6.467
new_n422.out[0] (.names)                                         0.261     6.728
new_n420.in[1] (.names)                                          0.100     6.828
new_n420.out[0] (.names)                                         0.261     7.089
po02.in[3] (.names)                                              0.196     7.285
po02.out[0] (.names)                                             0.261     7.546
out:po02.outpad[0] (.output)                                     3.497    11.043
data arrival time                                                         11.043

clock virtual_io_clock (rise edge)                               0.000     0.000
clock source latency                                             0.000     0.000
clock uncertainty                                                0.000     0.000
output external delay                                            0.000     0.000
data required time                                                         0.000
--------------------------------------------------------------------------------
data required time                                                         0.000
data arrival time                                                        -11.043
--------------------------------------------------------------------------------
slack (VIOLATED)                                                         -11.043


#Path 14
Startpoint: pi00.inpad[0] (.input clocked by virtual_io_clock)
Endpoint  : out:po21.outpad[0] (.output clocked by virtual_io_clock)
Path Type : setup

Point                                                             Incr      Path
--------------------------------------------------------------------------------
clock virtual_io_clock (rise edge)                               0.000     0.000
clock source latency                                             0.000     0.000
input external delay                                             0.000     0.000
pi00.inpad[0] (.input)                                           0.000     0.000
new_n85.in[0] (.names)                                           2.010     2.010
new_n85.out[0] (.names)                                          0.261     2.271
new_n92.in[5] (.names)                                           0.332     2.603
new_n92.out[0] (.names)                                          0.261     2.864
new_n105.in[1] (.names)                                          0.332     3.196
new_n105.out[0] (.names)                                         0.261     3.457
new_n138.in[3] (.names)                                          0.332     3.789
new_n138.out[0] (.names)                                         0.261     4.050
new_n161.in[3] (.names)                                          0.332     4.383
new_n161.out[0] (.names)                                         0.261     4.644
new_n215.in[3] (.names)                                          0.332     4.975
new_n215.out[0] (.names)                                         0.261     5.236
new_n244.in[3] (.names)                                          0.100     5.336
new_n244.out[0] (.names)                                         0.261     5.597
new_n280.in[0] (.names)                                          0.333     5.930
new_n280.out[0] (.names)                                         0.261     6.191
new_n311.in[0] (.names)                                          0.100     6.291
new_n311.out[0] (.names)                                         0.261     6.552
new_n347.in[0] (.names)                                          0.196     6.748
new_n347.out[0] (.names)                                         0.261     7.009
po21.in[3] (.names)                                              0.196     7.205
po21.out[0] (.names)                                             0.261     7.466
out:po21.outpad[0] (.output)                                     3.464    10.930
data arrival time                                                         10.930

clock virtual_io_clock (rise edge)                               0.000     0.000
clock source latency                                             0.000     0.000
clock uncertainty                                                0.000     0.000
output external delay                                            0.000     0.000
data required time                                                         0.000
--------------------------------------------------------------------------------
data required time                                                         0.000
data arrival time                                                        -10.930
--------------------------------------------------------------------------------
slack (VIOLATED)                                                         -10.930


#Path 15
Startpoint: pi03.inpad[0] (.input clocked by virtual_io_clock)
Endpoint  : out:po20.outpad[0] (.output clocked by virtual_io_clock)
Path Type : setup

Point                                                             Incr      Path
--------------------------------------------------------------------------------
clock virtual_io_clock (rise edge)                               0.000     0.000
clock source latency                                             0.000     0.000
input external delay                                             0.000     0.000
pi03.inpad[0] (.input)                                           0.000     0.000
new_n299.in[0] (.names)                                          2.052     2.052
new_n299.out[0] (.names)                                         0.261     2.313
new_n296.in[2] (.names)                                          0.331     2.644
new_n296.out[0] (.names)                                         0.261     2.905
new_n326.in[1] (.names)                                          0.100     3.005
new_n326.out[0] (.names)                                         0.261     3.266
new_n397.in[3] (.names)                                          0.332     3.598
new_n397.out[0] (.names)                                         0.261     3.859
new_n396.in[5] (.names)                                          0.100     3.959
new_n396.out[0] (.names)                                         0.261     4.220
new_n429.in[1] (.names)                                          0.332     4.552
new_n429.out[0] (.names)                                         0.261     4.813
new_n427.in[1] (.names)                                          0.332     5.145
new_n427.out[0] (.names)                                         0.261     5.406
new_n425.in[0] (.names)                                          0.332     5.738
new_n425.out[0] (.names)                                         0.261     5.999
new_n422.in[2] (.names)                                          0.468     6.467
new_n422.out[0] (.names)                                         0.261     6.728
new_n420.in[1] (.names)                                          0.100     6.828
new_n420.out[0] (.names)                                         0.261     7.089
po20.in[2] (.names)                                              0.100     7.189
po20.out[0] (.names)                                             0.261     7.450
out:po20.outpad[0] (.output)                                     3.379    10.828
data arrival time                                                         10.828

clock virtual_io_clock (rise edge)                               0.000     0.000
clock source latency                                             0.000     0.000
clock uncertainty                                                0.000     0.000
output external delay                                            0.000     0.000
data required time                                                         0.000
--------------------------------------------------------------------------------
data required time                                                         0.000
data arrival time                                                        -10.828
--------------------------------------------------------------------------------
slack (VIOLATED)                                                         -10.828


#Path 16
Startpoint: pi03.inpad[0] (.input clocked by virtual_io_clock)
Endpoint  : out:po18.outpad[0] (.output clocked by virtual_io_clock)
Path Type : setup

Point                                                             Incr      Path
--------------------------------------------------------------------------------
clock virtual_io_clock (rise edge)                               0.000     0.000
clock source latency                                             0.000     0.000
input external delay                                             0.000     0.000
pi03.inpad[0] (.input)                                           0.000     0.000
new_n299.in[0] (.names)                                          2.052     2.052
new_n299.out[0] (.names)                                         0.261     2.313
new_n296.in[2] (.names)                                          0.331     2.644
new_n296.out[0] (.names)                                         0.261     2.905
new_n326.in[1] (.names)                                          0.100     3.005
new_n326.out[0] (.names)                                         0.261     3.266
new_n397.in[3] (.names)                                          0.332     3.598
new_n397.out[0] (.names)                                         0.261     3.859
new_n396.in[5] (.names)                                          0.100     3.959
new_n396.out[0] (.names)                                         0.261     4.220
new_n429.in[1] (.names)                                          0.332     4.552
new_n429.out[0] (.names)                                         0.261     4.813
new_n427.in[1] (.names)                                          0.332     5.145
new_n427.out[0] (.names)                                         0.261     5.406
new_n425.in[0] (.names)                                          0.332     5.738
new_n425.out[0] (.names)                                         0.261     5.999
new_n422.in[2] (.names)                                          0.468     6.467
new_n422.out[0] (.names)                                         0.261     6.728
po18.in[1] (.names)                                              0.100     6.828
po18.out[0] (.names)                                             0.261     7.089
out:po18.outpad[0] (.output)                                     3.373    10.462
data arrival time                                                         10.462

clock virtual_io_clock (rise edge)                               0.000     0.000
clock source latency                                             0.000     0.000
clock uncertainty                                                0.000     0.000
output external delay                                            0.000     0.000
data required time                                                         0.000
--------------------------------------------------------------------------------
data required time                                                         0.000
data arrival time                                                        -10.462
--------------------------------------------------------------------------------
slack (VIOLATED)                                                         -10.462


#Path 17
Startpoint: pi03.inpad[0] (.input clocked by virtual_io_clock)
Endpoint  : out:po19.outpad[0] (.output clocked by virtual_io_clock)
Path Type : setup

Point                                                             Incr      Path
--------------------------------------------------------------------------------
clock virtual_io_clock (rise edge)                               0.000     0.000
clock source latency                                             0.000     0.000
input external delay                                             0.000     0.000
pi03.inpad[0] (.input)                                           0.000     0.000
new_n299.in[0] (.names)                                          2.052     2.052
new_n299.out[0] (.names)                                         0.261     2.313
new_n296.in[2] (.names)                                          0.331     2.644
new_n296.out[0] (.names)                                         0.261     2.905
new_n326.in[1] (.names)                                          0.100     3.005
new_n326.out[0] (.names)                                         0.261     3.266
new_n397.in[3] (.names)                                          0.332     3.598
new_n397.out[0] (.names)                                         0.261     3.859
new_n396.in[5] (.names)                                          0.100     3.959
new_n396.out[0] (.names)                                         0.261     4.220
new_n429.in[1] (.names)                                          0.332     4.552
new_n429.out[0] (.names)                                         0.261     4.813
new_n427.in[1] (.names)                                          0.332     5.145
new_n427.out[0] (.names)                                         0.261     5.406
new_n425.in[0] (.names)                                          0.332     5.738
new_n425.out[0] (.names)                                         0.261     5.999
new_n422.in[2] (.names)                                          0.468     6.467
new_n422.out[0] (.names)                                         0.261     6.728
po19.in[1] (.names)                                              0.100     6.828
po19.out[0] (.names)                                             0.261     7.089
out:po19.outpad[0] (.output)                                     3.368    10.456
data arrival time                                                         10.456

clock virtual_io_clock (rise edge)                               0.000     0.000
clock source latency                                             0.000     0.000
clock uncertainty                                                0.000     0.000
output external delay                                            0.000     0.000
data required time                                                         0.000
--------------------------------------------------------------------------------
data required time                                                         0.000
data arrival time                                                        -10.456
--------------------------------------------------------------------------------
slack (VIOLATED)                                                         -10.456


#Path 18
Startpoint: pi03.inpad[0] (.input clocked by virtual_io_clock)
Endpoint  : out:po17.outpad[0] (.output clocked by virtual_io_clock)
Path Type : setup

Point                                                             Incr      Path
--------------------------------------------------------------------------------
clock virtual_io_clock (rise edge)                               0.000     0.000
clock source latency                                             0.000     0.000
input external delay                                             0.000     0.000
pi03.inpad[0] (.input)                                           0.000     0.000
new_n299.in[0] (.names)                                          2.052     2.052
new_n299.out[0] (.names)                                         0.261     2.313
new_n296.in[2] (.names)                                          0.331     2.644
new_n296.out[0] (.names)                                         0.261     2.905
new_n326.in[1] (.names)                                          0.100     3.005
new_n326.out[0] (.names)                                         0.261     3.266
new_n397.in[3] (.names)                                          0.332     3.598
new_n397.out[0] (.names)                                         0.261     3.859
new_n396.in[5] (.names)                                          0.100     3.959
new_n396.out[0] (.names)                                         0.261     4.220
new_n429.in[1] (.names)                                          0.332     4.552
new_n429.out[0] (.names)                                         0.261     4.813
new_n427.in[1] (.names)                                          0.332     5.145
new_n427.out[0] (.names)                                         0.261     5.406
new_n425.in[0] (.names)                                          0.332     5.738
new_n425.out[0] (.names)                                         0.261     5.999
po17.in[1] (.names)                                              0.468     6.467
po17.out[0] (.names)                                             0.261     6.728
out:po17.outpad[0] (.output)                                     3.518    10.246
data arrival time                                                         10.246

clock virtual_io_clock (rise edge)                               0.000     0.000
clock source latency                                             0.000     0.000
clock uncertainty                                                0.000     0.000
output external delay                                            0.000     0.000
data required time                                                         0.000
--------------------------------------------------------------------------------
data required time                                                         0.000
data arrival time                                                        -10.246
--------------------------------------------------------------------------------
slack (VIOLATED)                                                         -10.246


#Path 19
Startpoint: pi03.inpad[0] (.input clocked by virtual_io_clock)
Endpoint  : out:po16.outpad[0] (.output clocked by virtual_io_clock)
Path Type : setup

Point                                                             Incr      Path
--------------------------------------------------------------------------------
clock virtual_io_clock (rise edge)                               0.000     0.000
clock source latency                                             0.000     0.000
input external delay                                             0.000     0.000
pi03.inpad[0] (.input)                                           0.000     0.000
new_n299.in[0] (.names)                                          2.052     2.052
new_n299.out[0] (.names)                                         0.261     2.313
new_n296.in[2] (.names)                                          0.331     2.644
new_n296.out[0] (.names)                                         0.261     2.905
new_n326.in[1] (.names)                                          0.100     3.005
new_n326.out[0] (.names)                                         0.261     3.266
new_n397.in[3] (.names)                                          0.332     3.598
new_n397.out[0] (.names)                                         0.261     3.859
new_n396.in[5] (.names)                                          0.100     3.959
new_n396.out[0] (.names)                                         0.261     4.220
new_n429.in[1] (.names)                                          0.332     4.552
new_n429.out[0] (.names)                                         0.261     4.813
new_n427.in[1] (.names)                                          0.332     5.145
new_n427.out[0] (.names)                                         0.261     5.406
new_n425.in[0] (.names)                                          0.332     5.738
new_n425.out[0] (.names)                                         0.261     5.999
po16.in[1] (.names)                                              0.332     6.331
po16.out[0] (.names)                                             0.261     6.592
out:po16.outpad[0] (.output)                                     3.540    10.132
data arrival time                                                         10.132

clock virtual_io_clock (rise edge)                               0.000     0.000
clock source latency                                             0.000     0.000
clock uncertainty                                                0.000     0.000
output external delay                                            0.000     0.000
data required time                                                         0.000
--------------------------------------------------------------------------------
data required time                                                         0.000
data arrival time                                                        -10.132
--------------------------------------------------------------------------------
slack (VIOLATED)                                                         -10.132


#Path 20
Startpoint: pi21.inpad[0] (.input clocked by virtual_io_clock)
Endpoint  : out:po15.outpad[0] (.output clocked by virtual_io_clock)
Path Type : setup

Point                                                             Incr      Path
--------------------------------------------------------------------------------
clock virtual_io_clock (rise edge)                               0.000     0.000
clock source latency                                             0.000     0.000
input external delay                                             0.000     0.000
pi21.inpad[0] (.input)                                           0.000     0.000
new_n228.in[4] (.names)                                          2.142     2.142
new_n228.out[0] (.names)                                         0.261     2.403
new_n227.in[0] (.names)                                          0.332     2.735
new_n227.out[0] (.names)                                         0.261     2.996
new_n254.in[1] (.names)                                          0.100     3.096
new_n254.out[0] (.names)                                         0.261     3.357
new_n290.in[0] (.names)                                          0.333     3.690
new_n290.out[0] (.names)                                         0.261     3.951
new_n321.in[0] (.names)                                          0.100     4.051
new_n321.out[0] (.names)                                         0.261     4.312
new_n392.in[3] (.names)                                          0.333     4.645
new_n392.out[0] (.names)                                         0.261     4.906
new_n426.in[5] (.names)                                          0.100     5.006
new_n426.out[0] (.names)                                         0.261     5.267
po15.in[2] (.names)                                              0.332     5.599
po15.out[0] (.names)                                             0.261     5.860
out:po15.outpad[0] (.output)                                     3.371     9.231
data arrival time                                                          9.231

clock virtual_io_clock (rise edge)                               0.000     0.000
clock source latency                                             0.000     0.000
clock uncertainty                                                0.000     0.000
output external delay                                            0.000     0.000
data required time                                                         0.000
--------------------------------------------------------------------------------
data required time                                                         0.000
data arrival time                                                         -9.231
--------------------------------------------------------------------------------
slack (VIOLATED)                                                          -9.231


#Path 21
Startpoint: pi05.inpad[0] (.input clocked by virtual_io_clock)
Endpoint  : out:po13.outpad[0] (.output clocked by virtual_io_clock)
Path Type : setup

Point                                                             Incr      Path
--------------------------------------------------------------------------------
clock virtual_io_clock (rise edge)                               0.000     0.000
clock source latency                                             0.000     0.000
input external delay                                             0.000     0.000
pi05.inpad[0] (.input)                                           0.000     0.000
new_n441.in[1] (.names)                                          2.009     2.009
new_n441.out[0] (.names)                                         0.261     2.270
new_n440.in[0] (.names)                                          0.477     2.747
new_n440.out[0] (.names)                                         0.261     3.008
new_n437.in[2] (.names)                                          0.100     3.108
new_n437.out[0] (.names)                                         0.261     3.369
new_n435.in[0] (.names)                                          0.100     3.469
new_n435.out[0] (.names)                                         0.261     3.730
new_n432.in[2] (.names)                                          0.333     4.063
new_n432.out[0] (.names)                                         0.261     4.324
new_n430.in[0] (.names)                                          0.100     4.424
new_n430.out[0] (.names)                                         0.261     4.685
po13.in[1] (.names)                                              0.333     5.018
po13.out[0] (.names)                                             0.261     5.279
out:po13.outpad[0] (.output)                                     3.620     8.899
data arrival time                                                          8.899

clock virtual_io_clock (rise edge)                               0.000     0.000
clock source latency                                             0.000     0.000
clock uncertainty                                                0.000     0.000
output external delay                                            0.000     0.000
data required time                                                         0.000
--------------------------------------------------------------------------------
data required time                                                         0.000
data arrival time                                                         -8.899
--------------------------------------------------------------------------------
slack (VIOLATED)                                                          -8.899


#Path 22
Startpoint: pi05.inpad[0] (.input clocked by virtual_io_clock)
Endpoint  : out:po14.outpad[0] (.output clocked by virtual_io_clock)
Path Type : setup

Point                                                             Incr      Path
--------------------------------------------------------------------------------
clock virtual_io_clock (rise edge)                               0.000     0.000
clock source latency                                             0.000     0.000
input external delay                                             0.000     0.000
pi05.inpad[0] (.input)                                           0.000     0.000
new_n441.in[1] (.names)                                          2.009     2.009
new_n441.out[0] (.names)                                         0.261     2.270
new_n440.in[0] (.names)                                          0.477     2.747
new_n440.out[0] (.names)                                         0.261     3.008
new_n437.in[2] (.names)                                          0.100     3.108
new_n437.out[0] (.names)                                         0.261     3.369
new_n435.in[0] (.names)                                          0.100     3.469
new_n435.out[0] (.names)                                         0.261     3.730
new_n432.in[2] (.names)                                          0.333     4.063
new_n432.out[0] (.names)                                         0.261     4.324
new_n430.in[0] (.names)                                          0.100     4.424
new_n430.out[0] (.names)                                         0.261     4.685
po14.in[1] (.names)                                              0.333     5.018
po14.out[0] (.names)                                             0.261     5.279
out:po14.outpad[0] (.output)                                     3.549     8.828
data arrival time                                                          8.828

clock virtual_io_clock (rise edge)                               0.000     0.000
clock source latency                                             0.000     0.000
clock uncertainty                                                0.000     0.000
output external delay                                            0.000     0.000
data required time                                                         0.000
--------------------------------------------------------------------------------
data required time                                                         0.000
data arrival time                                                         -8.828
--------------------------------------------------------------------------------
slack (VIOLATED)                                                          -8.828


#Path 23
Startpoint: pi05.inpad[0] (.input clocked by virtual_io_clock)
Endpoint  : out:po12.outpad[0] (.output clocked by virtual_io_clock)
Path Type : setup

Point                                                             Incr      Path
--------------------------------------------------------------------------------
clock virtual_io_clock (rise edge)                               0.000     0.000
clock source latency                                             0.000     0.000
input external delay                                             0.000     0.000
pi05.inpad[0] (.input)                                           0.000     0.000
new_n441.in[1] (.names)                                          2.009     2.009
new_n441.out[0] (.names)                                         0.261     2.270
new_n440.in[0] (.names)                                          0.477     2.747
new_n440.out[0] (.names)                                         0.261     3.008
new_n437.in[2] (.names)                                          0.100     3.108
new_n437.out[0] (.names)                                         0.261     3.369
new_n435.in[0] (.names)                                          0.100     3.469
new_n435.out[0] (.names)                                         0.261     3.730
new_n432.in[2] (.names)                                          0.333     4.063
new_n432.out[0] (.names)                                         0.261     4.324
po12.in[3] (.names)                                              0.342     4.667
po12.out[0] (.names)                                             0.261     4.928
out:po12.outpad[0] (.output)                                     3.675     8.602
data arrival time                                                          8.602

clock virtual_io_clock (rise edge)                               0.000     0.000
clock source latency                                             0.000     0.000
clock uncertainty                                                0.000     0.000
output external delay                                            0.000     0.000
data required time                                                         0.000
--------------------------------------------------------------------------------
data required time                                                         0.000
data arrival time                                                         -8.602
--------------------------------------------------------------------------------
slack (VIOLATED)                                                          -8.602


#Path 24
Startpoint: pi05.inpad[0] (.input clocked by virtual_io_clock)
Endpoint  : out:po10.outpad[0] (.output clocked by virtual_io_clock)
Path Type : setup

Point                                                             Incr      Path
--------------------------------------------------------------------------------
clock virtual_io_clock (rise edge)                               0.000     0.000
clock source latency                                             0.000     0.000
input external delay                                             0.000     0.000
pi05.inpad[0] (.input)                                           0.000     0.000
new_n441.in[1] (.names)                                          2.009     2.009
new_n441.out[0] (.names)                                         0.261     2.270
new_n440.in[0] (.names)                                          0.477     2.747
new_n440.out[0] (.names)                                         0.261     3.008
new_n437.in[2] (.names)                                          0.100     3.108
new_n437.out[0] (.names)                                         0.261     3.369
new_n435.in[0] (.names)                                          0.100     3.469
new_n435.out[0] (.names)                                         0.261     3.730
po10.in[1] (.names)                                              0.470     4.200
po10.out[0] (.names)                                             0.261     4.461
out:po10.outpad[0] (.output)                                     3.604     8.065
data arrival time                                                          8.065

clock virtual_io_clock (rise edge)                               0.000     0.000
clock source latency                                             0.000     0.000
clock uncertainty                                                0.000     0.000
output external delay                                            0.000     0.000
data required time                                                         0.000
--------------------------------------------------------------------------------
data required time                                                         0.000
data arrival time                                                         -8.065
--------------------------------------------------------------------------------
slack (VIOLATED)                                                          -8.065


#Path 25
Startpoint: pi05.inpad[0] (.input clocked by virtual_io_clock)
Endpoint  : out:po11.outpad[0] (.output clocked by virtual_io_clock)
Path Type : setup

Point                                                             Incr      Path
--------------------------------------------------------------------------------
clock virtual_io_clock (rise edge)                               0.000     0.000
clock source latency                                             0.000     0.000
input external delay                                             0.000     0.000
pi05.inpad[0] (.input)                                           0.000     0.000
new_n441.in[1] (.names)                                          2.009     2.009
new_n441.out[0] (.names)                                         0.261     2.270
new_n440.in[0] (.names)                                          0.477     2.747
new_n440.out[0] (.names)                                         0.261     3.008
new_n437.in[2] (.names)                                          0.100     3.108
new_n437.out[0] (.names)                                         0.261     3.369
new_n435.in[0] (.names)                                          0.100     3.469
new_n435.out[0] (.names)                                         0.261     3.730
po11.in[1] (.names)                                              0.470     4.200
po11.out[0] (.names)                                             0.261     4.461
out:po11.outpad[0] (.output)                                     3.544     8.005
data arrival time                                                          8.005

clock virtual_io_clock (rise edge)                               0.000     0.000
clock source latency                                             0.000     0.000
clock uncertainty                                                0.000     0.000
output external delay                                            0.000     0.000
data required time                                                         0.000
--------------------------------------------------------------------------------
data required time                                                         0.000
data arrival time                                                         -8.005
--------------------------------------------------------------------------------
slack (VIOLATED)                                                          -8.005


#Path 26
Startpoint: pi05.inpad[0] (.input clocked by virtual_io_clock)
Endpoint  : out:po09.outpad[0] (.output clocked by virtual_io_clock)
Path Type : setup

Point                                                             Incr      Path
--------------------------------------------------------------------------------
clock virtual_io_clock (rise edge)                               0.000     0.000
clock source latency                                             0.000     0.000
input external delay                                             0.000     0.000
pi05.inpad[0] (.input)                                           0.000     0.000
new_n441.in[1] (.names)                                          2.009     2.009
new_n441.out[0] (.names)                                         0.261     2.270
new_n440.in[0] (.names)                                          0.477     2.747
new_n440.out[0] (.names)                                         0.261     3.008
new_n437.in[2] (.names)                                          0.100     3.108
new_n437.out[0] (.names)                                         0.261     3.369
po09.in[3] (.names)                                              0.341     3.710
po09.out[0] (.names)                                             0.261     3.971
out:po09.outpad[0] (.output)                                     3.691     7.663
data arrival time                                                          7.663

clock virtual_io_clock (rise edge)                               0.000     0.000
clock source latency                                             0.000     0.000
clock uncertainty                                                0.000     0.000
output external delay                                            0.000     0.000
data required time                                                         0.000
--------------------------------------------------------------------------------
data required time                                                         0.000
data arrival time                                                         -7.663
--------------------------------------------------------------------------------
slack (VIOLATED)                                                          -7.663


#Path 27
Startpoint: pi05.inpad[0] (.input clocked by virtual_io_clock)
Endpoint  : out:po08.outpad[0] (.output clocked by virtual_io_clock)
Path Type : setup

Point                                                             Incr      Path
--------------------------------------------------------------------------------
clock virtual_io_clock (rise edge)                               0.000     0.000
clock source latency                                             0.000     0.000
input external delay                                             0.000     0.000
pi05.inpad[0] (.input)                                           0.000     0.000
new_n441.in[1] (.names)                                          2.009     2.009
new_n441.out[0] (.names)                                         0.261     2.270
new_n440.in[0] (.names)                                          0.477     2.747
new_n440.out[0] (.names)                                         0.261     3.008
po08.in[1] (.names)                                              0.341     3.349
po08.out[0] (.names)                                             0.261     3.610
out:po08.outpad[0] (.output)                                     3.673     7.283
data arrival time                                                          7.283

clock virtual_io_clock (rise edge)                               0.000     0.000
clock source latency                                             0.000     0.000
clock uncertainty                                                0.000     0.000
output external delay                                            0.000     0.000
data required time                                                         0.000
--------------------------------------------------------------------------------
data required time                                                         0.000
data arrival time                                                         -7.283
--------------------------------------------------------------------------------
slack (VIOLATED)                                                          -7.283


#Path 28
Startpoint: pi05.inpad[0] (.input clocked by virtual_io_clock)
Endpoint  : out:po07.outpad[0] (.output clocked by virtual_io_clock)
Path Type : setup

Point                                                             Incr      Path
--------------------------------------------------------------------------------
clock virtual_io_clock (rise edge)                               0.000     0.000
clock source latency                                             0.000     0.000
input external delay                                             0.000     0.000
pi05.inpad[0] (.input)                                           0.000     0.000
new_n441.in[1] (.names)                                          2.009     2.009
new_n441.out[0] (.names)                                         0.261     2.270
new_n440.in[0] (.names)                                          0.477     2.747
new_n440.out[0] (.names)                                         0.261     3.008
po07.in[1] (.names)                                              0.341     3.349
po07.out[0] (.names)                                             0.261     3.610
out:po07.outpad[0] (.output)                                     3.628     7.238
data arrival time                                                          7.238

clock virtual_io_clock (rise edge)                               0.000     0.000
clock source latency                                             0.000     0.000
clock uncertainty                                                0.000     0.000
output external delay                                            0.000     0.000
data required time                                                         0.000
--------------------------------------------------------------------------------
data required time                                                         0.000
data arrival time                                                         -7.238
--------------------------------------------------------------------------------
slack (VIOLATED)                                                          -7.238


#Path 29
Startpoint: pi05.inpad[0] (.input clocked by virtual_io_clock)
Endpoint  : out:po06.outpad[0] (.output clocked by virtual_io_clock)
Path Type : setup

Point                                                             Incr      Path
--------------------------------------------------------------------------------
clock virtual_io_clock (rise edge)                               0.000     0.000
clock source latency                                             0.000     0.000
input external delay                                             0.000     0.000
pi05.inpad[0] (.input)                                           0.000     0.000
new_n441.in[1] (.names)                                          2.009     2.009
new_n441.out[0] (.names)                                         0.261     2.270
po06.in[2] (.names)                                              0.100     2.370
po06.out[0] (.names)                                             0.261     2.631
out:po06.outpad[0] (.output)                                     3.528     6.160
data arrival time                                                          6.160

clock virtual_io_clock (rise edge)                               0.000     0.000
clock source latency                                             0.000     0.000
clock uncertainty                                                0.000     0.000
output external delay                                            0.000     0.000
data required time                                                         0.000
--------------------------------------------------------------------------------
data required time                                                         0.000
data arrival time                                                         -6.160
--------------------------------------------------------------------------------
slack (VIOLATED)                                                          -6.160


#Path 30
Startpoint: pi05.inpad[0] (.input clocked by virtual_io_clock)
Endpoint  : out:po04.outpad[0] (.output clocked by virtual_io_clock)
Path Type : setup

Point                                                             Incr      Path
--------------------------------------------------------------------------------
clock virtual_io_clock (rise edge)                               0.000     0.000
clock source latency                                             0.000     0.000
input external delay                                             0.000     0.000
pi05.inpad[0] (.input)                                           0.000     0.000
po04.in[0] (.names)                                              2.009     2.009
po04.out[0] (.names)                                             0.261     2.270
out:po04.outpad[0] (.output)                                     3.749     6.019
data arrival time                                                          6.019

clock virtual_io_clock (rise edge)                               0.000     0.000
clock source latency                                             0.000     0.000
clock uncertainty                                                0.000     0.000
output external delay                                            0.000     0.000
data required time                                                         0.000
--------------------------------------------------------------------------------
data required time                                                         0.000
data arrival time                                                         -6.019
--------------------------------------------------------------------------------
slack (VIOLATED)                                                          -6.019


#Path 31
Startpoint: pi06.inpad[0] (.input clocked by virtual_io_clock)
Endpoint  : out:po03.outpad[0] (.output clocked by virtual_io_clock)
Path Type : setup

Point                                                             Incr      Path
--------------------------------------------------------------------------------
clock virtual_io_clock (rise edge)                               0.000     0.000
clock source latency                                             0.000     0.000
input external delay                                             0.000     0.000
pi06.inpad[0] (.input)                                           0.000     0.000
po03.in[0] (.names)                                              1.997     1.997
po03.out[0] (.names)                                             0.261     2.258
out:po03.outpad[0] (.output)                                     3.746     6.004
data arrival time                                                          6.004

clock virtual_io_clock (rise edge)                               0.000     0.000
clock source latency                                             0.000     0.000
clock uncertainty                                                0.000     0.000
output external delay                                            0.000     0.000
data required time                                                         0.000
--------------------------------------------------------------------------------
data required time                                                         0.000
data arrival time                                                         -6.004
--------------------------------------------------------------------------------
slack (VIOLATED)                                                          -6.004


#Path 32
Startpoint: pi05.inpad[0] (.input clocked by virtual_io_clock)
Endpoint  : out:po05.outpad[0] (.output clocked by virtual_io_clock)
Path Type : setup

Point                                                             Incr      Path
--------------------------------------------------------------------------------
clock virtual_io_clock (rise edge)                               0.000     0.000
clock source latency                                             0.000     0.000
input external delay                                             0.000     0.000
pi05.inpad[0] (.input)                                           0.000     0.000
po05.in[1] (.names)                                              2.009     2.009
po05.out[0] (.names)                                             0.261     2.270
out:po05.outpad[0] (.output)                                     3.651     5.921
data arrival time                                                          5.921

clock virtual_io_clock (rise edge)                               0.000     0.000
clock source latency                                             0.000     0.000
clock uncertainty                                                0.000     0.000
output external delay                                            0.000     0.000
data required time                                                         0.000
--------------------------------------------------------------------------------
data required time                                                         0.000
data arrival time                                                         -5.921
--------------------------------------------------------------------------------
slack (VIOLATED)                                                          -5.921


#End of timing report
