#Timing report of worst 7 path(s)
# Unit scale: 1e-09 seconds
# Output precision: 3

#Path 1
Startpoint: pi06.inpad[0] (.input clocked by virtual_io_clock)
Endpoint  : out:po2.outpad[0] (.output clocked by virtual_io_clock)
Path Type : setup

Point                                                             Incr      Path
--------------------------------------------------------------------------------
clock virtual_io_clock (rise edge)                               0.000     0.000
clock source latency                                             0.000     0.000
input external delay                                             0.000     0.000
pi06.inpad[0] (.input)                                           0.000     0.000
new_n47.in[0] (.names)                                           1.014     1.014
new_n47.out[0] (.names)                                          0.261     1.275
new_n46.in[0] (.names)                                           1.014     2.289
new_n46.out[0] (.names)                                          0.261     2.550
po2.in[0] (.names)                                               1.014     3.563
po2.out[0] (.names)                                              0.261     3.824
out:po2.outpad[0] (.output)                                      1.014     4.838
data arrival time                                                          4.838

clock virtual_io_clock (rise edge)                               0.000     0.000
clock source latency                                             0.000     0.000
clock uncertainty                                                0.000     0.000
output external delay                                            0.000     0.000
data required time                                                         0.000
--------------------------------------------------------------------------------
data required time                                                         0.000
data arrival time                                                         -4.838
--------------------------------------------------------------------------------
slack (VIOLATED)                                                          -4.838


#Path 2
Startpoint: pi03.inpad[0] (.input clocked by virtual_io_clock)
Endpoint  : out:po0.outpad[0] (.output clocked by virtual_io_clock)
Path Type : setup

Point                                                             Incr      Path
--------------------------------------------------------------------------------
clock virtual_io_clock (rise edge)                               0.000     0.000
clock source latency                                             0.000     0.000
input external delay                                             0.000     0.000
pi03.inpad[0] (.input)                                           0.000     0.000
new_n25.in[0] (.names)                                           1.014     1.014
new_n25.out[0] (.names)                                          0.261     1.275
new_n24.in[0] (.names)                                           1.014     2.289
new_n24.out[0] (.names)                                          0.261     2.550
po0.in[2] (.names)                                               1.014     3.563
po0.out[0] (.names)                                              0.261     3.824
out:po0.outpad[0] (.output)                                      1.014     4.838
data arrival time                                                          4.838

clock virtual_io_clock (rise edge)                               0.000     0.000
clock source latency                                             0.000     0.000
clock uncertainty                                                0.000     0.000
output external delay                                            0.000     0.000
data required time                                                         0.000
--------------------------------------------------------------------------------
data required time                                                         0.000
data arrival time                                                         -4.838
--------------------------------------------------------------------------------
slack (VIOLATED)                                                          -4.838


#Path 3
Startpoint: pi05.inpad[0] (.input clocked by virtual_io_clock)
Endpoint  : out:po5.outpad[0] (.output clocked by virtual_io_clock)
Path Type : setup

Point                                                             Incr      Path
--------------------------------------------------------------------------------
clock virtual_io_clock (rise edge)                               0.000     0.000
clock source latency                                             0.000     0.000
input external delay                                             0.000     0.000
pi05.inpad[0] (.input)                                           0.000     0.000
new_n65.in[0] (.names)                                           1.014     1.014
new_n65.out[0] (.names)                                          0.261     1.275
new_n63.in[1] (.names)                                           1.014     2.289
new_n63.out[0] (.names)                                          0.261     2.550
po5.in[2] (.names)                                               1.014     3.563
po5.out[0] (.names)                                              0.261     3.824
out:po5.outpad[0] (.output)                                      1.014     4.838
data arrival time                                                          4.838

clock virtual_io_clock (rise edge)                               0.000     0.000
clock source latency                                             0.000     0.000
clock uncertainty                                                0.000     0.000
output external delay                                            0.000     0.000
data required time                                                         0.000
--------------------------------------------------------------------------------
data required time                                                         0.000
data arrival time                                                         -4.838
--------------------------------------------------------------------------------
slack (VIOLATED)                                                          -4.838


#Path 4
Startpoint: pi07.inpad[0] (.input clocked by virtual_io_clock)
Endpoint  : out:po4.outpad[0] (.output clocked by virtual_io_clock)
Path Type : setup

Point                                                             Incr      Path
--------------------------------------------------------------------------------
clock virtual_io_clock (rise edge)                               0.000     0.000
clock source latency                                             0.000     0.000
input external delay                                             0.000     0.000
pi07.inpad[0] (.input)                                           0.000     0.000
new_n57.in[0] (.names)                                           1.014     1.014
new_n57.out[0] (.names)                                          0.261     1.275
new_n56.in[0] (.names)                                           1.014     2.289
new_n56.out[0] (.names)                                          0.261     2.550
po4.in[0] (.names)                                               1.014     3.563
po4.out[0] (.names)                                              0.261     3.824
out:po4.outpad[0] (.output)                                      1.014     4.838
data arrival time                                                          4.838

clock virtual_io_clock (rise edge)                               0.000     0.000
clock source latency                                             0.000     0.000
clock uncertainty                                                0.000     0.000
output external delay                                            0.000     0.000
data required time                                                         0.000
--------------------------------------------------------------------------------
data required time                                                         0.000
data arrival time                                                         -4.838
--------------------------------------------------------------------------------
slack (VIOLATED)                                                          -4.838


#Path 5
Startpoint: pi06.inpad[0] (.input clocked by virtual_io_clock)
Endpoint  : out:po1.outpad[0] (.output clocked by virtual_io_clock)
Path Type : setup

Point                                                             Incr      Path
--------------------------------------------------------------------------------
clock virtual_io_clock (rise edge)                               0.000     0.000
clock source latency                                             0.000     0.000
input external delay                                             0.000     0.000
pi06.inpad[0] (.input)                                           0.000     0.000
new_n35.in[0] (.names)                                           1.014     1.014
new_n35.out[0] (.names)                                          0.261     1.275
new_n34.in[0] (.names)                                           1.014     2.289
new_n34.out[0] (.names)                                          0.261     2.550
po1.in[0] (.names)                                               1.014     3.563
po1.out[0] (.names)                                              0.261     3.824
out:po1.outpad[0] (.output)                                      1.014     4.838
data arrival time                                                          4.838

clock virtual_io_clock (rise edge)                               0.000     0.000
clock source latency                                             0.000     0.000
clock uncertainty                                                0.000     0.000
output external delay                                            0.000     0.000
data required time                                                         0.000
--------------------------------------------------------------------------------
data required time                                                         0.000
data arrival time                                                         -4.838
--------------------------------------------------------------------------------
slack (VIOLATED)                                                          -4.838


#Path 6
Startpoint: pi02.inpad[0] (.input clocked by virtual_io_clock)
Endpoint  : out:po3.outpad[0] (.output clocked by virtual_io_clock)
Path Type : setup

Point                                                             Incr      Path
--------------------------------------------------------------------------------
clock virtual_io_clock (rise edge)                               0.000     0.000
clock source latency                                             0.000     0.000
input external delay                                             0.000     0.000
pi02.inpad[0] (.input)                                           0.000     0.000
new_n54.in[0] (.names)                                           1.014     1.014
new_n54.out[0] (.names)                                          0.261     1.275
po3.in[0] (.names)                                               1.014     2.289
po3.out[0] (.names)                                              0.261     2.550
out:po3.outpad[0] (.output)                                      1.014     3.563
data arrival time                                                          3.563

clock virtual_io_clock (rise edge)                               0.000     0.000
clock source latency                                             0.000     0.000
clock uncertainty                                                0.000     0.000
output external delay                                            0.000     0.000
data required time                                                         0.000
--------------------------------------------------------------------------------
data required time                                                         0.000
data arrival time                                                         -3.563
--------------------------------------------------------------------------------
slack (VIOLATED)                                                          -3.563


#Path 7
Startpoint: pi03.inpad[0] (.input clocked by virtual_io_clock)
Endpoint  : out:po6.outpad[0] (.output clocked by virtual_io_clock)
Path Type : setup

Point                                                             Incr      Path
--------------------------------------------------------------------------------
clock virtual_io_clock (rise edge)                               0.000     0.000
clock source latency                                             0.000     0.000
input external delay                                             0.000     0.000
pi03.inpad[0] (.input)                                           0.000     0.000
new_n68.in[0] (.names)                                           1.014     1.014
new_n68.out[0] (.names)                                          0.261     1.275
po6.in[3] (.names)                                               1.014     2.289
po6.out[0] (.names)                                              0.261     2.550
out:po6.outpad[0] (.output)                                      1.014     3.563
data arrival time                                                          3.563

clock virtual_io_clock (rise edge)                               0.000     0.000
clock source latency                                             0.000     0.000
clock uncertainty                                                0.000     0.000
output external delay                                            0.000     0.000
data required time                                                         0.000
--------------------------------------------------------------------------------
data required time                                                         0.000
data arrival time                                                         -3.563
--------------------------------------------------------------------------------
slack (VIOLATED)                                                          -3.563


#End of timing report
