#Timing report of worst 7 path(s)
# Unit scale: 1e-09 seconds
# Output precision: 3

#Path 1
Startpoint: pi08.inpad[0] (.input clocked by virtual_io_clock)
Endpoint  : out:po5.outpad[0] (.output clocked by virtual_io_clock)
Path Type : hold

Point                                                             Incr      Path
--------------------------------------------------------------------------------
clock virtual_io_clock (rise edge)                               0.000     0.000
clock source latency                                             0.000     0.000
input external delay                                             0.000     0.000
pi08.inpad[0] (.input)                                           0.000     0.000
po5.in[0] (.names)                                               1.513     1.513
po5.out[0] (.names)                                              0.193     1.706
out:po5.outpad[0] (.output)                                      3.149     4.855
data arrival time                                                          4.855

clock virtual_io_clock (rise edge)                               0.000     0.000
clock source latency                                             0.000     0.000
clock uncertainty                                                0.000     0.000
output external delay                                            0.000     0.000
data required time                                                         0.000
--------------------------------------------------------------------------------
data required time                                                        -0.000
data arrival time                                                          4.855
--------------------------------------------------------------------------------
slack (MET)                                                                4.855


#Path 2
Startpoint: pi07.inpad[0] (.input clocked by virtual_io_clock)
Endpoint  : out:po6.outpad[0] (.output clocked by virtual_io_clock)
Path Type : hold

Point                                                             Incr      Path
--------------------------------------------------------------------------------
clock virtual_io_clock (rise edge)                               0.000     0.000
clock source latency                                             0.000     0.000
input external delay                                             0.000     0.000
pi07.inpad[0] (.input)                                           0.000     0.000
po6.in[0] (.names)                                               1.564     1.564
po6.out[0] (.names)                                              0.193     1.757
out:po6.outpad[0] (.output)                                      3.175     4.932
data arrival time                                                          4.932

clock virtual_io_clock (rise edge)                               0.000     0.000
clock source latency                                             0.000     0.000
clock uncertainty                                                0.000     0.000
output external delay                                            0.000     0.000
data required time                                                         0.000
--------------------------------------------------------------------------------
data required time                                                        -0.000
data arrival time                                                          4.932
--------------------------------------------------------------------------------
slack (MET)                                                                4.932


#Path 3
Startpoint: pi09.inpad[0] (.input clocked by virtual_io_clock)
Endpoint  : out:po3.outpad[0] (.output clocked by virtual_io_clock)
Path Type : hold

Point                                                             Incr      Path
--------------------------------------------------------------------------------
clock virtual_io_clock (rise edge)                               0.000     0.000
clock source latency                                             0.000     0.000
input external delay                                             0.000     0.000
pi09.inpad[0] (.input)                                           0.000     0.000
po3.in[2] (.names)                                               1.513     1.513
po3.out[0] (.names)                                              0.193     1.706
out:po3.outpad[0] (.output)                                      3.259     4.965
data arrival time                                                          4.965

clock virtual_io_clock (rise edge)                               0.000     0.000
clock source latency                                             0.000     0.000
clock uncertainty                                                0.000     0.000
output external delay                                            0.000     0.000
data required time                                                         0.000
--------------------------------------------------------------------------------
data required time                                                        -0.000
data arrival time                                                          4.965
--------------------------------------------------------------------------------
slack (MET)                                                                4.965


#Path 4
Startpoint: pi07.inpad[0] (.input clocked by virtual_io_clock)
Endpoint  : out:po0.outpad[0] (.output clocked by virtual_io_clock)
Path Type : hold

Point                                                             Incr      Path
--------------------------------------------------------------------------------
clock virtual_io_clock (rise edge)                               0.000     0.000
clock source latency                                             0.000     0.000
input external delay                                             0.000     0.000
pi07.inpad[0] (.input)                                           0.000     0.000
po0.in[0] (.names)                                               1.564     1.564
po0.out[0] (.names)                                              0.193     1.757
out:po0.outpad[0] (.output)                                      3.264     5.022
data arrival time                                                          5.022

clock virtual_io_clock (rise edge)                               0.000     0.000
clock source latency                                             0.000     0.000
clock uncertainty                                                0.000     0.000
output external delay                                            0.000     0.000
data required time                                                         0.000
--------------------------------------------------------------------------------
data required time                                                        -0.000
data arrival time                                                          5.022
--------------------------------------------------------------------------------
slack (MET)                                                                5.022


#Path 5
Startpoint: pi08.inpad[0] (.input clocked by virtual_io_clock)
Endpoint  : out:po4.outpad[0] (.output clocked by virtual_io_clock)
Path Type : hold

Point                                                             Incr      Path
--------------------------------------------------------------------------------
clock virtual_io_clock (rise edge)                               0.000     0.000
clock source latency                                             0.000     0.000
input external delay                                             0.000     0.000
pi08.inpad[0] (.input)                                           0.000     0.000
po4.in[4] (.names)                                               1.513     1.513
po4.out[0] (.names)                                              0.193     1.706
out:po4.outpad[0] (.output)                                      3.369     5.075
data arrival time                                                          5.075

clock virtual_io_clock (rise edge)                               0.000     0.000
clock source latency                                             0.000     0.000
clock uncertainty                                                0.000     0.000
output external delay                                            0.000     0.000
data required time                                                         0.000
--------------------------------------------------------------------------------
data required time                                                        -0.000
data arrival time                                                          5.075
--------------------------------------------------------------------------------
slack (MET)                                                                5.075


#Path 6
Startpoint: pi09.inpad[0] (.input clocked by virtual_io_clock)
Endpoint  : out:po2.outpad[0] (.output clocked by virtual_io_clock)
Path Type : hold

Point                                                             Incr      Path
--------------------------------------------------------------------------------
clock virtual_io_clock (rise edge)                               0.000     0.000
clock source latency                                             0.000     0.000
input external delay                                             0.000     0.000
pi09.inpad[0] (.input)                                           0.000     0.000
po2.in[2] (.names)                                               1.689     1.689
po2.out[0] (.names)                                              0.193     1.882
out:po2.outpad[0] (.output)                                      3.292     5.174
data arrival time                                                          5.174

clock virtual_io_clock (rise edge)                               0.000     0.000
clock source latency                                             0.000     0.000
clock uncertainty                                                0.000     0.000
output external delay                                            0.000     0.000
data required time                                                         0.000
--------------------------------------------------------------------------------
data required time                                                        -0.000
data arrival time                                                          5.174
--------------------------------------------------------------------------------
slack (MET)                                                                5.174


#Path 7
Startpoint: pi10.inpad[0] (.input clocked by virtual_io_clock)
Endpoint  : out:po1.outpad[0] (.output clocked by virtual_io_clock)
Path Type : hold

Point                                                             Incr      Path
--------------------------------------------------------------------------------
clock virtual_io_clock (rise edge)                               0.000     0.000
clock source latency                                             0.000     0.000
input external delay                                             0.000     0.000
pi10.inpad[0] (.input)                                           0.000     0.000
po1.in[3] (.names)                                               1.631     1.631
po1.out[0] (.names)                                              0.193     1.824
out:po1.outpad[0] (.output)                                      3.352     5.176
data arrival time                                                          5.176

clock virtual_io_clock (rise edge)                               0.000     0.000
clock source latency                                             0.000     0.000
clock uncertainty                                                0.000     0.000
output external delay                                            0.000     0.000
data required time                                                         0.000
--------------------------------------------------------------------------------
data required time                                                        -0.000
data arrival time                                                          5.176
--------------------------------------------------------------------------------
slack (MET)                                                                5.176


#End of timing report
