#Timing report of worst 32 path(s)
# Unit scale: 1e-09 seconds
# Output precision: 3

#Path 1
Startpoint: pi28.inpad[0] (.input clocked by virtual_io_clock)
Endpoint  : out:po24.outpad[0] (.output clocked by virtual_io_clock)
Path Type : setup

Point                                                             Incr      Path
--------------------------------------------------------------------------------
clock virtual_io_clock (rise edge)                               0.000     0.000
clock source latency                                             0.000     0.000
input external delay                                             0.000     0.000
pi28.inpad[0] (.input)                                           0.000     0.000
new_n80.in[0] (.names)                                           1.014     1.014
new_n80.out[0] (.names)                                          0.261     1.275
new_n85.in[2] (.names)                                           1.014     2.289
new_n85.out[0] (.names)                                          0.261     2.550
new_n139.in[0] (.names)                                          1.014     3.563
new_n139.out[0] (.names)                                         0.261     3.824
po24.in[2] (.names)                                              1.014     4.838
po24.out[0] (.names)                                             0.261     5.099
out:po24.outpad[0] (.output)                                     1.014     6.113
data arrival time                                                          6.113

clock virtual_io_clock (rise edge)                               0.000     0.000
clock source latency                                             0.000     0.000
clock uncertainty                                                0.000     0.000
output external delay                                            0.000     0.000
data required time                                                         0.000
--------------------------------------------------------------------------------
data required time                                                         0.000
data arrival time                                                         -6.113
--------------------------------------------------------------------------------
slack (VIOLATED)                                                          -6.113


#Path 2
Startpoint: pi01.inpad[0] (.input clocked by virtual_io_clock)
Endpoint  : out:po17.outpad[0] (.output clocked by virtual_io_clock)
Path Type : setup

Point                                                             Incr      Path
--------------------------------------------------------------------------------
clock virtual_io_clock (rise edge)                               0.000     0.000
clock source latency                                             0.000     0.000
input external delay                                             0.000     0.000
pi01.inpad[0] (.input)                                           0.000     0.000
new_n91.in[0] (.names)                                           1.014     1.014
new_n91.out[0] (.names)                                          0.261     1.275
new_n94.in[2] (.names)                                           1.014     2.289
new_n94.out[0] (.names)                                          0.261     2.550
new_n123.in[1] (.names)                                          1.014     3.563
new_n123.out[0] (.names)                                         0.261     3.824
po17.in[1] (.names)                                              1.014     4.838
po17.out[0] (.names)                                             0.261     5.099
out:po17.outpad[0] (.output)                                     1.014     6.113
data arrival time                                                          6.113

clock virtual_io_clock (rise edge)                               0.000     0.000
clock source latency                                             0.000     0.000
clock uncertainty                                                0.000     0.000
output external delay                                            0.000     0.000
data required time                                                         0.000
--------------------------------------------------------------------------------
data required time                                                         0.000
data arrival time                                                         -6.113
--------------------------------------------------------------------------------
slack (VIOLATED)                                                          -6.113


#Path 3
Startpoint: pi01.inpad[0] (.input clocked by virtual_io_clock)
Endpoint  : out:po16.outpad[0] (.output clocked by virtual_io_clock)
Path Type : setup

Point                                                             Incr      Path
--------------------------------------------------------------------------------
clock virtual_io_clock (rise edge)                               0.000     0.000
clock source latency                                             0.000     0.000
input external delay                                             0.000     0.000
pi01.inpad[0] (.input)                                           0.000     0.000
new_n91.in[0] (.names)                                           1.014     1.014
new_n91.out[0] (.names)                                          0.261     1.275
new_n94.in[2] (.names)                                           1.014     2.289
new_n94.out[0] (.names)                                          0.261     2.550
new_n123.in[1] (.names)                                          1.014     3.563
new_n123.out[0] (.names)                                         0.261     3.824
po16.in[1] (.names)                                              1.014     4.838
po16.out[0] (.names)                                             0.261     5.099
out:po16.outpad[0] (.output)                                     1.014     6.113
data arrival time                                                          6.113

clock virtual_io_clock (rise edge)                               0.000     0.000
clock source latency                                             0.000     0.000
clock uncertainty                                                0.000     0.000
output external delay                                            0.000     0.000
data required time                                                         0.000
--------------------------------------------------------------------------------
data required time                                                         0.000
data arrival time                                                         -6.113
--------------------------------------------------------------------------------
slack (VIOLATED)                                                          -6.113


#Path 4
Startpoint: pi01.inpad[0] (.input clocked by virtual_io_clock)
Endpoint  : out:po15.outpad[0] (.output clocked by virtual_io_clock)
Path Type : setup

Point                                                             Incr      Path
--------------------------------------------------------------------------------
clock virtual_io_clock (rise edge)                               0.000     0.000
clock source latency                                             0.000     0.000
input external delay                                             0.000     0.000
pi01.inpad[0] (.input)                                           0.000     0.000
new_n91.in[0] (.names)                                           1.014     1.014
new_n91.out[0] (.names)                                          0.261     1.275
new_n94.in[2] (.names)                                           1.014     2.289
new_n94.out[0] (.names)                                          0.261     2.550
new_n123.in[1] (.names)                                          1.014     3.563
new_n123.out[0] (.names)                                         0.261     3.824
po15.in[1] (.names)                                              1.014     4.838
po15.out[0] (.names)                                             0.261     5.099
out:po15.outpad[0] (.output)                                     1.014     6.113
data arrival time                                                          6.113

clock virtual_io_clock (rise edge)                               0.000     0.000
clock source latency                                             0.000     0.000
clock uncertainty                                                0.000     0.000
output external delay                                            0.000     0.000
data required time                                                         0.000
--------------------------------------------------------------------------------
data required time                                                         0.000
data arrival time                                                         -6.113
--------------------------------------------------------------------------------
slack (VIOLATED)                                                          -6.113


#Path 5
Startpoint: pi01.inpad[0] (.input clocked by virtual_io_clock)
Endpoint  : out:po14.outpad[0] (.output clocked by virtual_io_clock)
Path Type : setup

Point                                                             Incr      Path
--------------------------------------------------------------------------------
clock virtual_io_clock (rise edge)                               0.000     0.000
clock source latency                                             0.000     0.000
input external delay                                             0.000     0.000
pi01.inpad[0] (.input)                                           0.000     0.000
new_n91.in[0] (.names)                                           1.014     1.014
new_n91.out[0] (.names)                                          0.261     1.275
new_n94.in[2] (.names)                                           1.014     2.289
new_n94.out[0] (.names)                                          0.261     2.550
new_n123.in[1] (.names)                                          1.014     3.563
new_n123.out[0] (.names)                                         0.261     3.824
po14.in[1] (.names)                                              1.014     4.838
po14.out[0] (.names)                                             0.261     5.099
out:po14.outpad[0] (.output)                                     1.014     6.113
data arrival time                                                          6.113

clock virtual_io_clock (rise edge)                               0.000     0.000
clock source latency                                             0.000     0.000
clock uncertainty                                                0.000     0.000
output external delay                                            0.000     0.000
data required time                                                         0.000
--------------------------------------------------------------------------------
data required time                                                         0.000
data arrival time                                                         -6.113
--------------------------------------------------------------------------------
slack (VIOLATED)                                                          -6.113


#Path 6
Startpoint: pi01.inpad[0] (.input clocked by virtual_io_clock)
Endpoint  : out:po09.outpad[0] (.output clocked by virtual_io_clock)
Path Type : setup

Point                                                             Incr      Path
--------------------------------------------------------------------------------
clock virtual_io_clock (rise edge)                               0.000     0.000
clock source latency                                             0.000     0.000
input external delay                                             0.000     0.000
pi01.inpad[0] (.input)                                           0.000     0.000
new_n91.in[0] (.names)                                           1.014     1.014
new_n91.out[0] (.names)                                          0.261     1.275
new_n94.in[2] (.names)                                           1.014     2.289
new_n94.out[0] (.names)                                          0.261     2.550
new_n93.in[0] (.names)                                           1.014     3.563
new_n93.out[0] (.names)                                          0.261     3.824
po09.in[1] (.names)                                              1.014     4.838
po09.out[0] (.names)                                             0.261     5.099
out:po09.outpad[0] (.output)                                     1.014     6.113
data arrival time                                                          6.113

clock virtual_io_clock (rise edge)                               0.000     0.000
clock source latency                                             0.000     0.000
clock uncertainty                                                0.000     0.000
output external delay                                            0.000     0.000
data required time                                                         0.000
--------------------------------------------------------------------------------
data required time                                                         0.000
data arrival time                                                         -6.113
--------------------------------------------------------------------------------
slack (VIOLATED)                                                          -6.113


#Path 7
Startpoint: pi01.inpad[0] (.input clocked by virtual_io_clock)
Endpoint  : out:po07.outpad[0] (.output clocked by virtual_io_clock)
Path Type : setup

Point                                                             Incr      Path
--------------------------------------------------------------------------------
clock virtual_io_clock (rise edge)                               0.000     0.000
clock source latency                                             0.000     0.000
input external delay                                             0.000     0.000
pi01.inpad[0] (.input)                                           0.000     0.000
new_n91.in[0] (.names)                                           1.014     1.014
new_n91.out[0] (.names)                                          0.261     1.275
new_n94.in[2] (.names)                                           1.014     2.289
new_n94.out[0] (.names)                                          0.261     2.550
new_n93.in[0] (.names)                                           1.014     3.563
new_n93.out[0] (.names)                                          0.261     3.824
po07.in[1] (.names)                                              1.014     4.838
po07.out[0] (.names)                                             0.261     5.099
out:po07.outpad[0] (.output)                                     1.014     6.113
data arrival time                                                          6.113

clock virtual_io_clock (rise edge)                               0.000     0.000
clock source latency                                             0.000     0.000
clock uncertainty                                                0.000     0.000
output external delay                                            0.000     0.000
data required time                                                         0.000
--------------------------------------------------------------------------------
data required time                                                         0.000
data arrival time                                                         -6.113
--------------------------------------------------------------------------------
slack (VIOLATED)                                                          -6.113


#Path 8
Startpoint: pi01.inpad[0] (.input clocked by virtual_io_clock)
Endpoint  : out:po06.outpad[0] (.output clocked by virtual_io_clock)
Path Type : setup

Point                                                             Incr      Path
--------------------------------------------------------------------------------
clock virtual_io_clock (rise edge)                               0.000     0.000
clock source latency                                             0.000     0.000
input external delay                                             0.000     0.000
pi01.inpad[0] (.input)                                           0.000     0.000
new_n91.in[0] (.names)                                           1.014     1.014
new_n91.out[0] (.names)                                          0.261     1.275
new_n94.in[2] (.names)                                           1.014     2.289
new_n94.out[0] (.names)                                          0.261     2.550
new_n93.in[0] (.names)                                           1.014     3.563
new_n93.out[0] (.names)                                          0.261     3.824
po06.in[1] (.names)                                              1.014     4.838
po06.out[0] (.names)                                             0.261     5.099
out:po06.outpad[0] (.output)                                     1.014     6.113
data arrival time                                                          6.113

clock virtual_io_clock (rise edge)                               0.000     0.000
clock source latency                                             0.000     0.000
clock uncertainty                                                0.000     0.000
output external delay                                            0.000     0.000
data required time                                                         0.000
--------------------------------------------------------------------------------
data required time                                                         0.000
data arrival time                                                         -6.113
--------------------------------------------------------------------------------
slack (VIOLATED)                                                          -6.113


#Path 9
Startpoint: pi01.inpad[0] (.input clocked by virtual_io_clock)
Endpoint  : out:po05.outpad[0] (.output clocked by virtual_io_clock)
Path Type : setup

Point                                                             Incr      Path
--------------------------------------------------------------------------------
clock virtual_io_clock (rise edge)                               0.000     0.000
clock source latency                                             0.000     0.000
input external delay                                             0.000     0.000
pi01.inpad[0] (.input)                                           0.000     0.000
new_n91.in[0] (.names)                                           1.014     1.014
new_n91.out[0] (.names)                                          0.261     1.275
new_n94.in[2] (.names)                                           1.014     2.289
new_n94.out[0] (.names)                                          0.261     2.550
new_n93.in[0] (.names)                                           1.014     3.563
new_n93.out[0] (.names)                                          0.261     3.824
po05.in[1] (.names)                                              1.014     4.838
po05.out[0] (.names)                                             0.261     5.099
out:po05.outpad[0] (.output)                                     1.014     6.113
data arrival time                                                          6.113

clock virtual_io_clock (rise edge)                               0.000     0.000
clock source latency                                             0.000     0.000
clock uncertainty                                                0.000     0.000
output external delay                                            0.000     0.000
data required time                                                         0.000
--------------------------------------------------------------------------------
data required time                                                         0.000
data arrival time                                                         -6.113
--------------------------------------------------------------------------------
slack (VIOLATED)                                                          -6.113


#Path 10
Startpoint: pi28.inpad[0] (.input clocked by virtual_io_clock)
Endpoint  : out:po31.outpad[0] (.output clocked by virtual_io_clock)
Path Type : setup

Point                                                             Incr      Path
--------------------------------------------------------------------------------
clock virtual_io_clock (rise edge)                               0.000     0.000
clock source latency                                             0.000     0.000
input external delay                                             0.000     0.000
pi28.inpad[0] (.input)                                           0.000     0.000
new_n80.in[0] (.names)                                           1.014     1.014
new_n80.out[0] (.names)                                          0.261     1.275
new_n85.in[2] (.names)                                           1.014     2.289
new_n85.out[0] (.names)                                          0.261     2.550
new_n139.in[0] (.names)                                          1.014     3.563
new_n139.out[0] (.names)                                         0.261     3.824
po31.in[1] (.names)                                              1.014     4.838
po31.out[0] (.names)                                             0.261     5.099
out:po31.outpad[0] (.output)                                     1.014     6.113
data arrival time                                                          6.113

clock virtual_io_clock (rise edge)                               0.000     0.000
clock source latency                                             0.000     0.000
clock uncertainty                                                0.000     0.000
output external delay                                            0.000     0.000
data required time                                                         0.000
--------------------------------------------------------------------------------
data required time                                                         0.000
data arrival time                                                         -6.113
--------------------------------------------------------------------------------
slack (VIOLATED)                                                          -6.113


#Path 11
Startpoint: pi28.inpad[0] (.input clocked by virtual_io_clock)
Endpoint  : out:po30.outpad[0] (.output clocked by virtual_io_clock)
Path Type : setup

Point                                                             Incr      Path
--------------------------------------------------------------------------------
clock virtual_io_clock (rise edge)                               0.000     0.000
clock source latency                                             0.000     0.000
input external delay                                             0.000     0.000
pi28.inpad[0] (.input)                                           0.000     0.000
new_n80.in[0] (.names)                                           1.014     1.014
new_n80.out[0] (.names)                                          0.261     1.275
new_n85.in[2] (.names)                                           1.014     2.289
new_n85.out[0] (.names)                                          0.261     2.550
new_n139.in[0] (.names)                                          1.014     3.563
new_n139.out[0] (.names)                                         0.261     3.824
po30.in[1] (.names)                                              1.014     4.838
po30.out[0] (.names)                                             0.261     5.099
out:po30.outpad[0] (.output)                                     1.014     6.113
data arrival time                                                          6.113

clock virtual_io_clock (rise edge)                               0.000     0.000
clock source latency                                             0.000     0.000
clock uncertainty                                                0.000     0.000
output external delay                                            0.000     0.000
data required time                                                         0.000
--------------------------------------------------------------------------------
data required time                                                         0.000
data arrival time                                                         -6.113
--------------------------------------------------------------------------------
slack (VIOLATED)                                                          -6.113


#Path 12
Startpoint: pi28.inpad[0] (.input clocked by virtual_io_clock)
Endpoint  : out:po29.outpad[0] (.output clocked by virtual_io_clock)
Path Type : setup

Point                                                             Incr      Path
--------------------------------------------------------------------------------
clock virtual_io_clock (rise edge)                               0.000     0.000
clock source latency                                             0.000     0.000
input external delay                                             0.000     0.000
pi28.inpad[0] (.input)                                           0.000     0.000
new_n80.in[0] (.names)                                           1.014     1.014
new_n80.out[0] (.names)                                          0.261     1.275
new_n85.in[2] (.names)                                           1.014     2.289
new_n85.out[0] (.names)                                          0.261     2.550
new_n139.in[0] (.names)                                          1.014     3.563
new_n139.out[0] (.names)                                         0.261     3.824
po29.in[1] (.names)                                              1.014     4.838
po29.out[0] (.names)                                             0.261     5.099
out:po29.outpad[0] (.output)                                     1.014     6.113
data arrival time                                                          6.113

clock virtual_io_clock (rise edge)                               0.000     0.000
clock source latency                                             0.000     0.000
clock uncertainty                                                0.000     0.000
output external delay                                            0.000     0.000
data required time                                                         0.000
--------------------------------------------------------------------------------
data required time                                                         0.000
data arrival time                                                         -6.113
--------------------------------------------------------------------------------
slack (VIOLATED)                                                          -6.113


#Path 13
Startpoint: pi28.inpad[0] (.input clocked by virtual_io_clock)
Endpoint  : out:po28.outpad[0] (.output clocked by virtual_io_clock)
Path Type : setup

Point                                                             Incr      Path
--------------------------------------------------------------------------------
clock virtual_io_clock (rise edge)                               0.000     0.000
clock source latency                                             0.000     0.000
input external delay                                             0.000     0.000
pi28.inpad[0] (.input)                                           0.000     0.000
new_n80.in[0] (.names)                                           1.014     1.014
new_n80.out[0] (.names)                                          0.261     1.275
new_n85.in[2] (.names)                                           1.014     2.289
new_n85.out[0] (.names)                                          0.261     2.550
new_n139.in[0] (.names)                                          1.014     3.563
new_n139.out[0] (.names)                                         0.261     3.824
po28.in[1] (.names)                                              1.014     4.838
po28.out[0] (.names)                                             0.261     5.099
out:po28.outpad[0] (.output)                                     1.014     6.113
data arrival time                                                          6.113

clock virtual_io_clock (rise edge)                               0.000     0.000
clock source latency                                             0.000     0.000
clock uncertainty                                                0.000     0.000
output external delay                                            0.000     0.000
data required time                                                         0.000
--------------------------------------------------------------------------------
data required time                                                         0.000
data arrival time                                                         -6.113
--------------------------------------------------------------------------------
slack (VIOLATED)                                                          -6.113


#Path 14
Startpoint: pi28.inpad[0] (.input clocked by virtual_io_clock)
Endpoint  : out:po27.outpad[0] (.output clocked by virtual_io_clock)
Path Type : setup

Point                                                             Incr      Path
--------------------------------------------------------------------------------
clock virtual_io_clock (rise edge)                               0.000     0.000
clock source latency                                             0.000     0.000
input external delay                                             0.000     0.000
pi28.inpad[0] (.input)                                           0.000     0.000
new_n80.in[0] (.names)                                           1.014     1.014
new_n80.out[0] (.names)                                          0.261     1.275
new_n85.in[2] (.names)                                           1.014     2.289
new_n85.out[0] (.names)                                          0.261     2.550
new_n139.in[0] (.names)                                          1.014     3.563
new_n139.out[0] (.names)                                         0.261     3.824
po27.in[2] (.names)                                              1.014     4.838
po27.out[0] (.names)                                             0.261     5.099
out:po27.outpad[0] (.output)                                     1.014     6.113
data arrival time                                                          6.113

clock virtual_io_clock (rise edge)                               0.000     0.000
clock source latency                                             0.000     0.000
clock uncertainty                                                0.000     0.000
output external delay                                            0.000     0.000
data required time                                                         0.000
--------------------------------------------------------------------------------
data required time                                                         0.000
data arrival time                                                         -6.113
--------------------------------------------------------------------------------
slack (VIOLATED)                                                          -6.113


#Path 15
Startpoint: pi28.inpad[0] (.input clocked by virtual_io_clock)
Endpoint  : out:po26.outpad[0] (.output clocked by virtual_io_clock)
Path Type : setup

Point                                                             Incr      Path
--------------------------------------------------------------------------------
clock virtual_io_clock (rise edge)                               0.000     0.000
clock source latency                                             0.000     0.000
input external delay                                             0.000     0.000
pi28.inpad[0] (.input)                                           0.000     0.000
new_n80.in[0] (.names)                                           1.014     1.014
new_n80.out[0] (.names)                                          0.261     1.275
new_n85.in[2] (.names)                                           1.014     2.289
new_n85.out[0] (.names)                                          0.261     2.550
new_n139.in[0] (.names)                                          1.014     3.563
new_n139.out[0] (.names)                                         0.261     3.824
po26.in[2] (.names)                                              1.014     4.838
po26.out[0] (.names)                                             0.261     5.099
out:po26.outpad[0] (.output)                                     1.014     6.113
data arrival time                                                          6.113

clock virtual_io_clock (rise edge)                               0.000     0.000
clock source latency                                             0.000     0.000
clock uncertainty                                                0.000     0.000
output external delay                                            0.000     0.000
data required time                                                         0.000
--------------------------------------------------------------------------------
data required time                                                         0.000
data arrival time                                                         -6.113
--------------------------------------------------------------------------------
slack (VIOLATED)                                                          -6.113


#Path 16
Startpoint: pi28.inpad[0] (.input clocked by virtual_io_clock)
Endpoint  : out:po25.outpad[0] (.output clocked by virtual_io_clock)
Path Type : setup

Point                                                             Incr      Path
--------------------------------------------------------------------------------
clock virtual_io_clock (rise edge)                               0.000     0.000
clock source latency                                             0.000     0.000
input external delay                                             0.000     0.000
pi28.inpad[0] (.input)                                           0.000     0.000
new_n80.in[0] (.names)                                           1.014     1.014
new_n80.out[0] (.names)                                          0.261     1.275
new_n85.in[2] (.names)                                           1.014     2.289
new_n85.out[0] (.names)                                          0.261     2.550
new_n139.in[0] (.names)                                          1.014     3.563
new_n139.out[0] (.names)                                         0.261     3.824
po25.in[2] (.names)                                              1.014     4.838
po25.out[0] (.names)                                             0.261     5.099
out:po25.outpad[0] (.output)                                     1.014     6.113
data arrival time                                                          6.113

clock virtual_io_clock (rise edge)                               0.000     0.000
clock source latency                                             0.000     0.000
clock uncertainty                                                0.000     0.000
output external delay                                            0.000     0.000
data required time                                                         0.000
--------------------------------------------------------------------------------
data required time                                                         0.000
data arrival time                                                         -6.113
--------------------------------------------------------------------------------
slack (VIOLATED)                                                          -6.113


#Path 17
Startpoint: pi06.inpad[0] (.input clocked by virtual_io_clock)
Endpoint  : out:po00.outpad[0] (.output clocked by virtual_io_clock)
Path Type : setup

Point                                                             Incr      Path
--------------------------------------------------------------------------------
clock virtual_io_clock (rise edge)                               0.000     0.000
clock source latency                                             0.000     0.000
input external delay                                             0.000     0.000
pi06.inpad[0] (.input)                                           0.000     0.000
new_n78.in[0] (.names)                                           1.014     1.014
new_n78.out[0] (.names)                                          0.261     1.275
new_n77.in[2] (.names)                                           1.014     2.289
new_n77.out[0] (.names)                                          0.261     2.550
new_n76.in[0] (.names)                                           1.014     3.563
new_n76.out[0] (.names)                                          0.261     3.824
po00.in[2] (.names)                                              1.014     4.838
po00.out[0] (.names)                                             0.261     5.099
out:po00.outpad[0] (.output)                                     1.014     6.113
data arrival time                                                          6.113

clock virtual_io_clock (rise edge)                               0.000     0.000
clock source latency                                             0.000     0.000
clock uncertainty                                                0.000     0.000
output external delay                                            0.000     0.000
data required time                                                         0.000
--------------------------------------------------------------------------------
data required time                                                         0.000
data arrival time                                                         -6.113
--------------------------------------------------------------------------------
slack (VIOLATED)                                                          -6.113


#Path 18
Startpoint: pi28.inpad[0] (.input clocked by virtual_io_clock)
Endpoint  : out:po23.outpad[0] (.output clocked by virtual_io_clock)
Path Type : setup

Point                                                             Incr      Path
--------------------------------------------------------------------------------
clock virtual_io_clock (rise edge)                               0.000     0.000
clock source latency                                             0.000     0.000
input external delay                                             0.000     0.000
pi28.inpad[0] (.input)                                           0.000     0.000
new_n80.in[0] (.names)                                           1.014     1.014
new_n80.out[0] (.names)                                          0.261     1.275
new_n85.in[2] (.names)                                           1.014     2.289
new_n85.out[0] (.names)                                          0.261     2.550
new_n104.in[1] (.names)                                          1.014     3.563
new_n104.out[0] (.names)                                         0.261     3.824
po23.in[1] (.names)                                              1.014     4.838
po23.out[0] (.names)                                             0.261     5.099
out:po23.outpad[0] (.output)                                     1.014     6.113
data arrival time                                                          6.113

clock virtual_io_clock (rise edge)                               0.000     0.000
clock source latency                                             0.000     0.000
clock uncertainty                                                0.000     0.000
output external delay                                            0.000     0.000
data required time                                                         0.000
--------------------------------------------------------------------------------
data required time                                                         0.000
data arrival time                                                         -6.113
--------------------------------------------------------------------------------
slack (VIOLATED)                                                          -6.113


#Path 19
Startpoint: pi28.inpad[0] (.input clocked by virtual_io_clock)
Endpoint  : out:po22.outpad[0] (.output clocked by virtual_io_clock)
Path Type : setup

Point                                                             Incr      Path
--------------------------------------------------------------------------------
clock virtual_io_clock (rise edge)                               0.000     0.000
clock source latency                                             0.000     0.000
input external delay                                             0.000     0.000
pi28.inpad[0] (.input)                                           0.000     0.000
new_n80.in[0] (.names)                                           1.014     1.014
new_n80.out[0] (.names)                                          0.261     1.275
new_n85.in[2] (.names)                                           1.014     2.289
new_n85.out[0] (.names)                                          0.261     2.550
new_n104.in[1] (.names)                                          1.014     3.563
new_n104.out[0] (.names)                                         0.261     3.824
po22.in[1] (.names)                                              1.014     4.838
po22.out[0] (.names)                                             0.261     5.099
out:po22.outpad[0] (.output)                                     1.014     6.113
data arrival time                                                          6.113

clock virtual_io_clock (rise edge)                               0.000     0.000
clock source latency                                             0.000     0.000
clock uncertainty                                                0.000     0.000
output external delay                                            0.000     0.000
data required time                                                         0.000
--------------------------------------------------------------------------------
data required time                                                         0.000
data arrival time                                                         -6.113
--------------------------------------------------------------------------------
slack (VIOLATED)                                                          -6.113


#Path 20
Startpoint: pi28.inpad[0] (.input clocked by virtual_io_clock)
Endpoint  : out:po21.outpad[0] (.output clocked by virtual_io_clock)
Path Type : setup

Point                                                             Incr      Path
--------------------------------------------------------------------------------
clock virtual_io_clock (rise edge)                               0.000     0.000
clock source latency                                             0.000     0.000
input external delay                                             0.000     0.000
pi28.inpad[0] (.input)                                           0.000     0.000
new_n80.in[0] (.names)                                           1.014     1.014
new_n80.out[0] (.names)                                          0.261     1.275
new_n85.in[2] (.names)                                           1.014     2.289
new_n85.out[0] (.names)                                          0.261     2.550
new_n104.in[1] (.names)                                          1.014     3.563
new_n104.out[0] (.names)                                         0.261     3.824
po21.in[1] (.names)                                              1.014     4.838
po21.out[0] (.names)                                             0.261     5.099
out:po21.outpad[0] (.output)                                     1.014     6.113
data arrival time                                                          6.113

clock virtual_io_clock (rise edge)                               0.000     0.000
clock source latency                                             0.000     0.000
clock uncertainty                                                0.000     0.000
output external delay                                            0.000     0.000
data required time                                                         0.000
--------------------------------------------------------------------------------
data required time                                                         0.000
data arrival time                                                         -6.113
--------------------------------------------------------------------------------
slack (VIOLATED)                                                          -6.113


#Path 21
Startpoint: pi28.inpad[0] (.input clocked by virtual_io_clock)
Endpoint  : out:po20.outpad[0] (.output clocked by virtual_io_clock)
Path Type : setup

Point                                                             Incr      Path
--------------------------------------------------------------------------------
clock virtual_io_clock (rise edge)                               0.000     0.000
clock source latency                                             0.000     0.000
input external delay                                             0.000     0.000
pi28.inpad[0] (.input)                                           0.000     0.000
new_n80.in[0] (.names)                                           1.014     1.014
new_n80.out[0] (.names)                                          0.261     1.275
new_n85.in[2] (.names)                                           1.014     2.289
new_n85.out[0] (.names)                                          0.261     2.550
new_n104.in[1] (.names)                                          1.014     3.563
new_n104.out[0] (.names)                                         0.261     3.824
po20.in[2] (.names)                                              1.014     4.838
po20.out[0] (.names)                                             0.261     5.099
out:po20.outpad[0] (.output)                                     1.014     6.113
data arrival time                                                          6.113

clock virtual_io_clock (rise edge)                               0.000     0.000
clock source latency                                             0.000     0.000
clock uncertainty                                                0.000     0.000
output external delay                                            0.000     0.000
data required time                                                         0.000
--------------------------------------------------------------------------------
data required time                                                         0.000
data arrival time                                                         -6.113
--------------------------------------------------------------------------------
slack (VIOLATED)                                                          -6.113


#Path 22
Startpoint: pi28.inpad[0] (.input clocked by virtual_io_clock)
Endpoint  : out:po19.outpad[0] (.output clocked by virtual_io_clock)
Path Type : setup

Point                                                             Incr      Path
--------------------------------------------------------------------------------
clock virtual_io_clock (rise edge)                               0.000     0.000
clock source latency                                             0.000     0.000
input external delay                                             0.000     0.000
pi28.inpad[0] (.input)                                           0.000     0.000
new_n80.in[0] (.names)                                           1.014     1.014
new_n80.out[0] (.names)                                          0.261     1.275
new_n85.in[2] (.names)                                           1.014     2.289
new_n85.out[0] (.names)                                          0.261     2.550
new_n104.in[1] (.names)                                          1.014     3.563
new_n104.out[0] (.names)                                         0.261     3.824
po19.in[2] (.names)                                              1.014     4.838
po19.out[0] (.names)                                             0.261     5.099
out:po19.outpad[0] (.output)                                     1.014     6.113
data arrival time                                                          6.113

clock virtual_io_clock (rise edge)                               0.000     0.000
clock source latency                                             0.000     0.000
clock uncertainty                                                0.000     0.000
output external delay                                            0.000     0.000
data required time                                                         0.000
--------------------------------------------------------------------------------
data required time                                                         0.000
data arrival time                                                         -6.113
--------------------------------------------------------------------------------
slack (VIOLATED)                                                          -6.113


#Path 23
Startpoint: pi28.inpad[0] (.input clocked by virtual_io_clock)
Endpoint  : out:po18.outpad[0] (.output clocked by virtual_io_clock)
Path Type : setup

Point                                                             Incr      Path
--------------------------------------------------------------------------------
clock virtual_io_clock (rise edge)                               0.000     0.000
clock source latency                                             0.000     0.000
input external delay                                             0.000     0.000
pi28.inpad[0] (.input)                                           0.000     0.000
new_n80.in[0] (.names)                                           1.014     1.014
new_n80.out[0] (.names)                                          0.261     1.275
new_n85.in[2] (.names)                                           1.014     2.289
new_n85.out[0] (.names)                                          0.261     2.550
new_n104.in[1] (.names)                                          1.014     3.563
new_n104.out[0] (.names)                                         0.261     3.824
po18.in[2] (.names)                                              1.014     4.838
po18.out[0] (.names)                                             0.261     5.099
out:po18.outpad[0] (.output)                                     1.014     6.113
data arrival time                                                          6.113

clock virtual_io_clock (rise edge)                               0.000     0.000
clock source latency                                             0.000     0.000
clock uncertainty                                                0.000     0.000
output external delay                                            0.000     0.000
data required time                                                         0.000
--------------------------------------------------------------------------------
data required time                                                         0.000
data arrival time                                                         -6.113
--------------------------------------------------------------------------------
slack (VIOLATED)                                                          -6.113


#Path 24
Startpoint: pi28.inpad[0] (.input clocked by virtual_io_clock)
Endpoint  : out:po08.outpad[0] (.output clocked by virtual_io_clock)
Path Type : setup

Point                                                             Incr      Path
--------------------------------------------------------------------------------
clock virtual_io_clock (rise edge)                               0.000     0.000
clock source latency                                             0.000     0.000
input external delay                                             0.000     0.000
pi28.inpad[0] (.input)                                           0.000     0.000
new_n80.in[0] (.names)                                           1.014     1.014
new_n80.out[0] (.names)                                          0.261     1.275
new_n85.in[2] (.names)                                           1.014     2.289
new_n85.out[0] (.names)                                          0.261     2.550
new_n104.in[1] (.names)                                          1.014     3.563
new_n104.out[0] (.names)                                         0.261     3.824
po08.in[2] (.names)                                              1.014     4.838
po08.out[0] (.names)                                             0.261     5.099
out:po08.outpad[0] (.output)                                     1.014     6.113
data arrival time                                                          6.113

clock virtual_io_clock (rise edge)                               0.000     0.000
clock source latency                                             0.000     0.000
clock uncertainty                                                0.000     0.000
output external delay                                            0.000     0.000
data required time                                                         0.000
--------------------------------------------------------------------------------
data required time                                                         0.000
data arrival time                                                         -6.113
--------------------------------------------------------------------------------
slack (VIOLATED)                                                          -6.113


#Path 25
Startpoint: pi28.inpad[0] (.input clocked by virtual_io_clock)
Endpoint  : out:po01.outpad[0] (.output clocked by virtual_io_clock)
Path Type : setup

Point                                                             Incr      Path
--------------------------------------------------------------------------------
clock virtual_io_clock (rise edge)                               0.000     0.000
clock source latency                                             0.000     0.000
input external delay                                             0.000     0.000
pi28.inpad[0] (.input)                                           0.000     0.000
new_n80.in[0] (.names)                                           1.014     1.014
new_n80.out[0] (.names)                                          0.261     1.275
new_n85.in[2] (.names)                                           1.014     2.289
new_n85.out[0] (.names)                                          0.261     2.550
new_n104.in[1] (.names)                                          1.014     3.563
new_n104.out[0] (.names)                                         0.261     3.824
po01.in[1] (.names)                                              1.014     4.838
po01.out[0] (.names)                                             0.261     5.099
out:po01.outpad[0] (.output)                                     1.014     6.113
data arrival time                                                          6.113

clock virtual_io_clock (rise edge)                               0.000     0.000
clock source latency                                             0.000     0.000
clock uncertainty                                                0.000     0.000
output external delay                                            0.000     0.000
data required time                                                         0.000
--------------------------------------------------------------------------------
data required time                                                         0.000
data arrival time                                                         -6.113
--------------------------------------------------------------------------------
slack (VIOLATED)                                                          -6.113


#Path 26
Startpoint: pi06.inpad[0] (.input clocked by virtual_io_clock)
Endpoint  : out:po13.outpad[0] (.output clocked by virtual_io_clock)
Path Type : setup

Point                                                             Incr      Path
--------------------------------------------------------------------------------
clock virtual_io_clock (rise edge)                               0.000     0.000
clock source latency                                             0.000     0.000
input external delay                                             0.000     0.000
pi06.inpad[0] (.input)                                           0.000     0.000
new_n78.in[0] (.names)                                           1.014     1.014
new_n78.out[0] (.names)                                          0.261     1.275
new_n77.in[2] (.names)                                           1.014     2.289
new_n77.out[0] (.names)                                          0.261     2.550
new_n76.in[0] (.names)                                           1.014     3.563
new_n76.out[0] (.names)                                          0.261     3.824
po13.in[2] (.names)                                              1.014     4.838
po13.out[0] (.names)                                             0.261     5.099
out:po13.outpad[0] (.output)                                     1.014     6.113
data arrival time                                                          6.113

clock virtual_io_clock (rise edge)                               0.000     0.000
clock source latency                                             0.000     0.000
clock uncertainty                                                0.000     0.000
output external delay                                            0.000     0.000
data required time                                                         0.000
--------------------------------------------------------------------------------
data required time                                                         0.000
data arrival time                                                         -6.113
--------------------------------------------------------------------------------
slack (VIOLATED)                                                          -6.113


#Path 27
Startpoint: pi06.inpad[0] (.input clocked by virtual_io_clock)
Endpoint  : out:po12.outpad[0] (.output clocked by virtual_io_clock)
Path Type : setup

Point                                                             Incr      Path
--------------------------------------------------------------------------------
clock virtual_io_clock (rise edge)                               0.000     0.000
clock source latency                                             0.000     0.000
input external delay                                             0.000     0.000
pi06.inpad[0] (.input)                                           0.000     0.000
new_n78.in[0] (.names)                                           1.014     1.014
new_n78.out[0] (.names)                                          0.261     1.275
new_n77.in[2] (.names)                                           1.014     2.289
new_n77.out[0] (.names)                                          0.261     2.550
new_n76.in[0] (.names)                                           1.014     3.563
new_n76.out[0] (.names)                                          0.261     3.824
po12.in[2] (.names)                                              1.014     4.838
po12.out[0] (.names)                                             0.261     5.099
out:po12.outpad[0] (.output)                                     1.014     6.113
data arrival time                                                          6.113

clock virtual_io_clock (rise edge)                               0.000     0.000
clock source latency                                             0.000     0.000
clock uncertainty                                                0.000     0.000
output external delay                                            0.000     0.000
data required time                                                         0.000
--------------------------------------------------------------------------------
data required time                                                         0.000
data arrival time                                                         -6.113
--------------------------------------------------------------------------------
slack (VIOLATED)                                                          -6.113


#Path 28
Startpoint: pi06.inpad[0] (.input clocked by virtual_io_clock)
Endpoint  : out:po11.outpad[0] (.output clocked by virtual_io_clock)
Path Type : setup

Point                                                             Incr      Path
--------------------------------------------------------------------------------
clock virtual_io_clock (rise edge)                               0.000     0.000
clock source latency                                             0.000     0.000
input external delay                                             0.000     0.000
pi06.inpad[0] (.input)                                           0.000     0.000
new_n78.in[0] (.names)                                           1.014     1.014
new_n78.out[0] (.names)                                          0.261     1.275
new_n77.in[2] (.names)                                           1.014     2.289
new_n77.out[0] (.names)                                          0.261     2.550
new_n76.in[0] (.names)                                           1.014     3.563
new_n76.out[0] (.names)                                          0.261     3.824
po11.in[2] (.names)                                              1.014     4.838
po11.out[0] (.names)                                             0.261     5.099
out:po11.outpad[0] (.output)                                     1.014     6.113
data arrival time                                                          6.113

clock virtual_io_clock (rise edge)                               0.000     0.000
clock source latency                                             0.000     0.000
clock uncertainty                                                0.000     0.000
output external delay                                            0.000     0.000
data required time                                                         0.000
--------------------------------------------------------------------------------
data required time                                                         0.000
data arrival time                                                         -6.113
--------------------------------------------------------------------------------
slack (VIOLATED)                                                          -6.113


#Path 29
Startpoint: pi06.inpad[0] (.input clocked by virtual_io_clock)
Endpoint  : out:po10.outpad[0] (.output clocked by virtual_io_clock)
Path Type : setup

Point                                                             Incr      Path
--------------------------------------------------------------------------------
clock virtual_io_clock (rise edge)                               0.000     0.000
clock source latency                                             0.000     0.000
input external delay                                             0.000     0.000
pi06.inpad[0] (.input)                                           0.000     0.000
new_n78.in[0] (.names)                                           1.014     1.014
new_n78.out[0] (.names)                                          0.261     1.275
new_n77.in[2] (.names)                                           1.014     2.289
new_n77.out[0] (.names)                                          0.261     2.550
new_n76.in[0] (.names)                                           1.014     3.563
new_n76.out[0] (.names)                                          0.261     3.824
po10.in[2] (.names)                                              1.014     4.838
po10.out[0] (.names)                                             0.261     5.099
out:po10.outpad[0] (.output)                                     1.014     6.113
data arrival time                                                          6.113

clock virtual_io_clock (rise edge)                               0.000     0.000
clock source latency                                             0.000     0.000
clock uncertainty                                                0.000     0.000
output external delay                                            0.000     0.000
data required time                                                         0.000
--------------------------------------------------------------------------------
data required time                                                         0.000
data arrival time                                                         -6.113
--------------------------------------------------------------------------------
slack (VIOLATED)                                                          -6.113


#Path 30
Startpoint: pi06.inpad[0] (.input clocked by virtual_io_clock)
Endpoint  : out:po04.outpad[0] (.output clocked by virtual_io_clock)
Path Type : setup

Point                                                             Incr      Path
--------------------------------------------------------------------------------
clock virtual_io_clock (rise edge)                               0.000     0.000
clock source latency                                             0.000     0.000
input external delay                                             0.000     0.000
pi06.inpad[0] (.input)                                           0.000     0.000
new_n78.in[0] (.names)                                           1.014     1.014
new_n78.out[0] (.names)                                          0.261     1.275
new_n77.in[2] (.names)                                           1.014     2.289
new_n77.out[0] (.names)                                          0.261     2.550
new_n76.in[0] (.names)                                           1.014     3.563
new_n76.out[0] (.names)                                          0.261     3.824
po04.in[2] (.names)                                              1.014     4.838
po04.out[0] (.names)                                             0.261     5.099
out:po04.outpad[0] (.output)                                     1.014     6.113
data arrival time                                                          6.113

clock virtual_io_clock (rise edge)                               0.000     0.000
clock source latency                                             0.000     0.000
clock uncertainty                                                0.000     0.000
output external delay                                            0.000     0.000
data required time                                                         0.000
--------------------------------------------------------------------------------
data required time                                                         0.000
data arrival time                                                         -6.113
--------------------------------------------------------------------------------
slack (VIOLATED)                                                          -6.113


#Path 31
Startpoint: pi06.inpad[0] (.input clocked by virtual_io_clock)
Endpoint  : out:po03.outpad[0] (.output clocked by virtual_io_clock)
Path Type : setup

Point                                                             Incr      Path
--------------------------------------------------------------------------------
clock virtual_io_clock (rise edge)                               0.000     0.000
clock source latency                                             0.000     0.000
input external delay                                             0.000     0.000
pi06.inpad[0] (.input)                                           0.000     0.000
new_n78.in[0] (.names)                                           1.014     1.014
new_n78.out[0] (.names)                                          0.261     1.275
new_n77.in[2] (.names)                                           1.014     2.289
new_n77.out[0] (.names)                                          0.261     2.550
new_n76.in[0] (.names)                                           1.014     3.563
new_n76.out[0] (.names)                                          0.261     3.824
po03.in[2] (.names)                                              1.014     4.838
po03.out[0] (.names)                                             0.261     5.099
out:po03.outpad[0] (.output)                                     1.014     6.113
data arrival time                                                          6.113

clock virtual_io_clock (rise edge)                               0.000     0.000
clock source latency                                             0.000     0.000
clock uncertainty                                                0.000     0.000
output external delay                                            0.000     0.000
data required time                                                         0.000
--------------------------------------------------------------------------------
data required time                                                         0.000
data arrival time                                                         -6.113
--------------------------------------------------------------------------------
slack (VIOLATED)                                                          -6.113


#Path 32
Startpoint: pi06.inpad[0] (.input clocked by virtual_io_clock)
Endpoint  : out:po02.outpad[0] (.output clocked by virtual_io_clock)
Path Type : setup

Point                                                             Incr      Path
--------------------------------------------------------------------------------
clock virtual_io_clock (rise edge)                               0.000     0.000
clock source latency                                             0.000     0.000
input external delay                                             0.000     0.000
pi06.inpad[0] (.input)                                           0.000     0.000
new_n78.in[0] (.names)                                           1.014     1.014
new_n78.out[0] (.names)                                          0.261     1.275
new_n77.in[2] (.names)                                           1.014     2.289
new_n77.out[0] (.names)                                          0.261     2.550
new_n76.in[0] (.names)                                           1.014     3.563
new_n76.out[0] (.names)                                          0.261     3.824
po02.in[2] (.names)                                              1.014     4.838
po02.out[0] (.names)                                             0.261     5.099
out:po02.outpad[0] (.output)                                     1.014     6.113
data arrival time                                                          6.113

clock virtual_io_clock (rise edge)                               0.000     0.000
clock source latency                                             0.000     0.000
clock uncertainty                                                0.000     0.000
output external delay                                            0.000     0.000
data required time                                                         0.000
--------------------------------------------------------------------------------
data required time                                                         0.000
data arrival time                                                         -6.113
--------------------------------------------------------------------------------
slack (VIOLATED)                                                          -6.113


#End of timing report
