#Timing report of worst 32 path(s)
# Unit scale: 1e-09 seconds
# Output precision: 3

#Path 1
Startpoint: pi35.inpad[0] (.input clocked by virtual_io_clock)
Endpoint  : out:po15.outpad[0] (.output clocked by virtual_io_clock)
Path Type : hold

Point                                                             Incr      Path
--------------------------------------------------------------------------------
clock virtual_io_clock (rise edge)                               0.000     0.000
clock source latency                                             0.000     0.000
input external delay                                             0.000     0.000
pi35.inpad[0] (.input)                                           0.000     0.000
po15.in[4] (.names)                                              1.814     1.814
po15.out[0] (.names)                                             0.193     2.007
out:po15.outpad[0] (.output)                                     3.250     5.257
data arrival time                                                          5.257

clock virtual_io_clock (rise edge)                               0.000     0.000
clock source latency                                             0.000     0.000
clock uncertainty                                                0.000     0.000
output external delay                                            0.000     0.000
data required time                                                         0.000
--------------------------------------------------------------------------------
data required time                                                        -0.000
data arrival time                                                          5.257
--------------------------------------------------------------------------------
slack (MET)                                                                5.257


#Path 2
Startpoint: pi20.inpad[0] (.input clocked by virtual_io_clock)
Endpoint  : out:po29.outpad[0] (.output clocked by virtual_io_clock)
Path Type : hold

Point                                                             Incr      Path
--------------------------------------------------------------------------------
clock virtual_io_clock (rise edge)                               0.000     0.000
clock source latency                                             0.000     0.000
input external delay                                             0.000     0.000
pi20.inpad[0] (.input)                                           0.000     0.000
po29.in[4] (.names)                                              1.811     1.811
po29.out[0] (.names)                                             0.193     2.004
out:po29.outpad[0] (.output)                                     3.259     5.263
data arrival time                                                          5.263

clock virtual_io_clock (rise edge)                               0.000     0.000
clock source latency                                             0.000     0.000
clock uncertainty                                                0.000     0.000
output external delay                                            0.000     0.000
data required time                                                         0.000
--------------------------------------------------------------------------------
data required time                                                        -0.000
data arrival time                                                          5.263
--------------------------------------------------------------------------------
slack (MET)                                                                5.263


#Path 3
Startpoint: pi19.inpad[0] (.input clocked by virtual_io_clock)
Endpoint  : out:po28.outpad[0] (.output clocked by virtual_io_clock)
Path Type : hold

Point                                                             Incr      Path
--------------------------------------------------------------------------------
clock virtual_io_clock (rise edge)                               0.000     0.000
clock source latency                                             0.000     0.000
input external delay                                             0.000     0.000
pi19.inpad[0] (.input)                                           0.000     0.000
po28.in[4] (.names)                                              1.698     1.698
po28.out[0] (.names)                                             0.193     1.891
out:po28.outpad[0] (.output)                                     3.374     5.265
data arrival time                                                          5.265

clock virtual_io_clock (rise edge)                               0.000     0.000
clock source latency                                             0.000     0.000
clock uncertainty                                                0.000     0.000
output external delay                                            0.000     0.000
data required time                                                         0.000
--------------------------------------------------------------------------------
data required time                                                        -0.000
data arrival time                                                          5.265
--------------------------------------------------------------------------------
slack (MET)                                                                5.265


#Path 4
Startpoint: pi23.inpad[0] (.input clocked by virtual_io_clock)
Endpoint  : out:po03.outpad[0] (.output clocked by virtual_io_clock)
Path Type : hold

Point                                                             Incr      Path
--------------------------------------------------------------------------------
clock virtual_io_clock (rise edge)                               0.000     0.000
clock source latency                                             0.000     0.000
input external delay                                             0.000     0.000
pi23.inpad[0] (.input)                                           0.000     0.000
po03.in[4] (.names)                                              1.834     1.834
po03.out[0] (.names)                                             0.193     2.027
out:po03.outpad[0] (.output)                                     3.248     5.275
data arrival time                                                          5.275

clock virtual_io_clock (rise edge)                               0.000     0.000
clock source latency                                             0.000     0.000
clock uncertainty                                                0.000     0.000
output external delay                                            0.000     0.000
data required time                                                         0.000
--------------------------------------------------------------------------------
data required time                                                        -0.000
data arrival time                                                          5.275
--------------------------------------------------------------------------------
slack (MET)                                                                5.275


#Path 5
Startpoint: pi09.inpad[0] (.input clocked by virtual_io_clock)
Endpoint  : out:po08.outpad[0] (.output clocked by virtual_io_clock)
Path Type : hold

Point                                                             Incr      Path
--------------------------------------------------------------------------------
clock virtual_io_clock (rise edge)                               0.000     0.000
clock source latency                                             0.000     0.000
input external delay                                             0.000     0.000
pi09.inpad[0] (.input)                                           0.000     0.000
po08.in[4] (.names)                                              1.771     1.771
po08.out[0] (.names)                                             0.193     1.964
out:po08.outpad[0] (.output)                                     3.313     5.277
data arrival time                                                          5.277

clock virtual_io_clock (rise edge)                               0.000     0.000
clock source latency                                             0.000     0.000
clock uncertainty                                                0.000     0.000
output external delay                                            0.000     0.000
data required time                                                         0.000
--------------------------------------------------------------------------------
data required time                                                        -0.000
data arrival time                                                          5.277
--------------------------------------------------------------------------------
slack (MET)                                                                5.277


#Path 6
Startpoint: pi12.inpad[0] (.input clocked by virtual_io_clock)
Endpoint  : out:po22.outpad[0] (.output clocked by virtual_io_clock)
Path Type : hold

Point                                                             Incr      Path
--------------------------------------------------------------------------------
clock virtual_io_clock (rise edge)                               0.000     0.000
clock source latency                                             0.000     0.000
input external delay                                             0.000     0.000
pi12.inpad[0] (.input)                                           0.000     0.000
po22.in[4] (.names)                                              1.786     1.786
po22.out[0] (.names)                                             0.193     1.979
out:po22.outpad[0] (.output)                                     3.313     5.292
data arrival time                                                          5.292

clock virtual_io_clock (rise edge)                               0.000     0.000
clock source latency                                             0.000     0.000
clock uncertainty                                                0.000     0.000
output external delay                                            0.000     0.000
data required time                                                         0.000
--------------------------------------------------------------------------------
data required time                                                        -0.000
data arrival time                                                          5.292
--------------------------------------------------------------------------------
slack (MET)                                                                5.292


#Path 7
Startpoint: pi01.inpad[0] (.input clocked by virtual_io_clock)
Endpoint  : out:po05.outpad[0] (.output clocked by virtual_io_clock)
Path Type : hold

Point                                                             Incr      Path
--------------------------------------------------------------------------------
clock virtual_io_clock (rise edge)                               0.000     0.000
clock source latency                                             0.000     0.000
input external delay                                             0.000     0.000
pi01.inpad[0] (.input)                                           0.000     0.000
po05.in[4] (.names)                                              1.819     1.819
po05.out[0] (.names)                                             0.193     2.012
out:po05.outpad[0] (.output)                                     3.290     5.302
data arrival time                                                          5.302

clock virtual_io_clock (rise edge)                               0.000     0.000
clock source latency                                             0.000     0.000
clock uncertainty                                                0.000     0.000
output external delay                                            0.000     0.000
data required time                                                         0.000
--------------------------------------------------------------------------------
data required time                                                        -0.000
data arrival time                                                          5.302
--------------------------------------------------------------------------------
slack (MET)                                                                5.302


#Path 8
Startpoint: pi13.inpad[0] (.input clocked by virtual_io_clock)
Endpoint  : out:po23.outpad[0] (.output clocked by virtual_io_clock)
Path Type : hold

Point                                                             Incr      Path
--------------------------------------------------------------------------------
clock virtual_io_clock (rise edge)                               0.000     0.000
clock source latency                                             0.000     0.000
input external delay                                             0.000     0.000
pi13.inpad[0] (.input)                                           0.000     0.000
po23.in[4] (.names)                                              1.698     1.698
po23.out[0] (.names)                                             0.193     1.891
out:po23.outpad[0] (.output)                                     3.412     5.303
data arrival time                                                          5.303

clock virtual_io_clock (rise edge)                               0.000     0.000
clock source latency                                             0.000     0.000
clock uncertainty                                                0.000     0.000
output external delay                                            0.000     0.000
data required time                                                         0.000
--------------------------------------------------------------------------------
data required time                                                        -0.000
data arrival time                                                          5.303
--------------------------------------------------------------------------------
slack (MET)                                                                5.303


#Path 9
Startpoint: pi28.inpad[0] (.input clocked by virtual_io_clock)
Endpoint  : out:po24.outpad[0] (.output clocked by virtual_io_clock)
Path Type : hold

Point                                                             Incr      Path
--------------------------------------------------------------------------------
clock virtual_io_clock (rise edge)                               0.000     0.000
clock source latency                                             0.000     0.000
input external delay                                             0.000     0.000
pi28.inpad[0] (.input)                                           0.000     0.000
po24.in[4] (.names)                                              1.702     1.702
po24.out[0] (.names)                                             0.193     1.895
out:po24.outpad[0] (.output)                                     3.413     5.308
data arrival time                                                          5.308

clock virtual_io_clock (rise edge)                               0.000     0.000
clock source latency                                             0.000     0.000
clock uncertainty                                                0.000     0.000
output external delay                                            0.000     0.000
data required time                                                         0.000
--------------------------------------------------------------------------------
data required time                                                        -0.000
data arrival time                                                          5.308
--------------------------------------------------------------------------------
slack (MET)                                                                5.308


#Path 10
Startpoint: pi24.inpad[0] (.input clocked by virtual_io_clock)
Endpoint  : out:po07.outpad[0] (.output clocked by virtual_io_clock)
Path Type : hold

Point                                                             Incr      Path
--------------------------------------------------------------------------------
clock virtual_io_clock (rise edge)                               0.000     0.000
clock source latency                                             0.000     0.000
input external delay                                             0.000     0.000
pi24.inpad[0] (.input)                                           0.000     0.000
po07.in[4] (.names)                                              1.937     1.937
po07.out[0] (.names)                                             0.193     2.130
out:po07.outpad[0] (.output)                                     3.185     5.314
data arrival time                                                          5.314

clock virtual_io_clock (rise edge)                               0.000     0.000
clock source latency                                             0.000     0.000
clock uncertainty                                                0.000     0.000
output external delay                                            0.000     0.000
data required time                                                         0.000
--------------------------------------------------------------------------------
data required time                                                        -0.000
data arrival time                                                          5.314
--------------------------------------------------------------------------------
slack (MET)                                                                5.314


#Path 11
Startpoint: pi10.inpad[0] (.input clocked by virtual_io_clock)
Endpoint  : out:po01.outpad[0] (.output clocked by virtual_io_clock)
Path Type : hold

Point                                                             Incr      Path
--------------------------------------------------------------------------------
clock virtual_io_clock (rise edge)                               0.000     0.000
clock source latency                                             0.000     0.000
input external delay                                             0.000     0.000
pi10.inpad[0] (.input)                                           0.000     0.000
po01.in[4] (.names)                                              1.826     1.826
po01.out[0] (.names)                                             0.193     2.019
out:po01.outpad[0] (.output)                                     3.301     5.321
data arrival time                                                          5.321

clock virtual_io_clock (rise edge)                               0.000     0.000
clock source latency                                             0.000     0.000
clock uncertainty                                                0.000     0.000
output external delay                                            0.000     0.000
data required time                                                         0.000
--------------------------------------------------------------------------------
data required time                                                        -0.000
data arrival time                                                          5.321
--------------------------------------------------------------------------------
slack (MET)                                                                5.321


#Path 12
Startpoint: pi21.inpad[0] (.input clocked by virtual_io_clock)
Endpoint  : out:po30.outpad[0] (.output clocked by virtual_io_clock)
Path Type : hold

Point                                                             Incr      Path
--------------------------------------------------------------------------------
clock virtual_io_clock (rise edge)                               0.000     0.000
clock source latency                                             0.000     0.000
input external delay                                             0.000     0.000
pi21.inpad[0] (.input)                                           0.000     0.000
po30.in[4] (.names)                                              1.826     1.826
po30.out[0] (.names)                                             0.193     2.019
out:po30.outpad[0] (.output)                                     3.311     5.330
data arrival time                                                          5.330

clock virtual_io_clock (rise edge)                               0.000     0.000
clock source latency                                             0.000     0.000
clock uncertainty                                                0.000     0.000
output external delay                                            0.000     0.000
data required time                                                         0.000
--------------------------------------------------------------------------------
data required time                                                        -0.000
data arrival time                                                          5.330
--------------------------------------------------------------------------------
slack (MET)                                                                5.330


#Path 13
Startpoint: pi02.inpad[0] (.input clocked by virtual_io_clock)
Endpoint  : out:po10.outpad[0] (.output clocked by virtual_io_clock)
Path Type : hold

Point                                                             Incr      Path
--------------------------------------------------------------------------------
clock virtual_io_clock (rise edge)                               0.000     0.000
clock source latency                                             0.000     0.000
input external delay                                             0.000     0.000
pi02.inpad[0] (.input)                                           0.000     0.000
po10.in[4] (.names)                                              1.966     1.966
po10.out[0] (.names)                                             0.193     2.159
out:po10.outpad[0] (.output)                                     3.174     5.333
data arrival time                                                          5.333

clock virtual_io_clock (rise edge)                               0.000     0.000
clock source latency                                             0.000     0.000
clock uncertainty                                                0.000     0.000
output external delay                                            0.000     0.000
data required time                                                         0.000
--------------------------------------------------------------------------------
data required time                                                        -0.000
data arrival time                                                          5.333
--------------------------------------------------------------------------------
slack (MET)                                                                5.333


#Path 14
Startpoint: pi25.inpad[0] (.input clocked by virtual_io_clock)
Endpoint  : out:po12.outpad[0] (.output clocked by virtual_io_clock)
Path Type : hold

Point                                                             Incr      Path
--------------------------------------------------------------------------------
clock virtual_io_clock (rise edge)                               0.000     0.000
clock source latency                                             0.000     0.000
input external delay                                             0.000     0.000
pi25.inpad[0] (.input)                                           0.000     0.000
po12.in[4] (.names)                                              1.833     1.833
po12.out[0] (.names)                                             0.193     2.026
out:po12.outpad[0] (.output)                                     3.313     5.339
data arrival time                                                          5.339

clock virtual_io_clock (rise edge)                               0.000     0.000
clock source latency                                             0.000     0.000
clock uncertainty                                                0.000     0.000
output external delay                                            0.000     0.000
data required time                                                         0.000
--------------------------------------------------------------------------------
data required time                                                        -0.000
data arrival time                                                          5.339
--------------------------------------------------------------------------------
slack (MET)                                                                5.339


#Path 15
Startpoint: pi06.inpad[0] (.input clocked by virtual_io_clock)
Endpoint  : out:po18.outpad[0] (.output clocked by virtual_io_clock)
Path Type : hold

Point                                                             Incr      Path
--------------------------------------------------------------------------------
clock virtual_io_clock (rise edge)                               0.000     0.000
clock source latency                                             0.000     0.000
input external delay                                             0.000     0.000
pi06.inpad[0] (.input)                                           0.000     0.000
po18.in[4] (.names)                                              1.829     1.829
po18.out[0] (.names)                                             0.193     2.022
out:po18.outpad[0] (.output)                                     3.321     5.343
data arrival time                                                          5.343

clock virtual_io_clock (rise edge)                               0.000     0.000
clock source latency                                             0.000     0.000
clock uncertainty                                                0.000     0.000
output external delay                                            0.000     0.000
data required time                                                         0.000
--------------------------------------------------------------------------------
data required time                                                        -0.000
data arrival time                                                          5.343
--------------------------------------------------------------------------------
slack (MET)                                                                5.343


#Path 16
Startpoint: pi07.inpad[0] (.input clocked by virtual_io_clock)
Endpoint  : out:po19.outpad[0] (.output clocked by virtual_io_clock)
Path Type : hold

Point                                                             Incr      Path
--------------------------------------------------------------------------------
clock virtual_io_clock (rise edge)                               0.000     0.000
clock source latency                                             0.000     0.000
input external delay                                             0.000     0.000
pi07.inpad[0] (.input)                                           0.000     0.000
po19.in[4] (.names)                                              1.838     1.838
po19.out[0] (.names)                                             0.193     2.031
out:po19.outpad[0] (.output)                                     3.313     5.344
data arrival time                                                          5.344

clock virtual_io_clock (rise edge)                               0.000     0.000
clock source latency                                             0.000     0.000
clock uncertainty                                                0.000     0.000
output external delay                                            0.000     0.000
data required time                                                         0.000
--------------------------------------------------------------------------------
data required time                                                        -0.000
data arrival time                                                          5.344
--------------------------------------------------------------------------------
slack (MET)                                                                5.344


#Path 17
Startpoint: pi14.inpad[0] (.input clocked by virtual_io_clock)
Endpoint  : out:po04.outpad[0] (.output clocked by virtual_io_clock)
Path Type : hold

Point                                                             Incr      Path
--------------------------------------------------------------------------------
clock virtual_io_clock (rise edge)                               0.000     0.000
clock source latency                                             0.000     0.000
input external delay                                             0.000     0.000
pi14.inpad[0] (.input)                                           0.000     0.000
po04.in[4] (.names)                                              1.841     1.841
po04.out[0] (.names)                                             0.193     2.034
out:po04.outpad[0] (.output)                                     3.311     5.345
data arrival time                                                          5.345

clock virtual_io_clock (rise edge)                               0.000     0.000
clock source latency                                             0.000     0.000
clock uncertainty                                                0.000     0.000
output external delay                                            0.000     0.000
data required time                                                         0.000
--------------------------------------------------------------------------------
data required time                                                        -0.000
data arrival time                                                          5.345
--------------------------------------------------------------------------------
slack (MET)                                                                5.345


#Path 18
Startpoint: pi30.inpad[0] (.input clocked by virtual_io_clock)
Endpoint  : out:po26.outpad[0] (.output clocked by virtual_io_clock)
Path Type : hold

Point                                                             Incr      Path
--------------------------------------------------------------------------------
clock virtual_io_clock (rise edge)                               0.000     0.000
clock source latency                                             0.000     0.000
input external delay                                             0.000     0.000
pi30.inpad[0] (.input)                                           0.000     0.000
po26.in[4] (.names)                                              1.690     1.690
po26.out[0] (.names)                                             0.193     1.883
out:po26.outpad[0] (.output)                                     3.469     5.351
data arrival time                                                          5.351

clock virtual_io_clock (rise edge)                               0.000     0.000
clock source latency                                             0.000     0.000
clock uncertainty                                                0.000     0.000
output external delay                                            0.000     0.000
data required time                                                         0.000
--------------------------------------------------------------------------------
data required time                                                        -0.000
data arrival time                                                          5.351
--------------------------------------------------------------------------------
slack (MET)                                                                5.351


#Path 19
Startpoint: pi15.inpad[0] (.input clocked by virtual_io_clock)
Endpoint  : out:po09.outpad[0] (.output clocked by virtual_io_clock)
Path Type : hold

Point                                                             Incr      Path
--------------------------------------------------------------------------------
clock virtual_io_clock (rise edge)                               0.000     0.000
clock source latency                                             0.000     0.000
input external delay                                             0.000     0.000
pi15.inpad[0] (.input)                                           0.000     0.000
po09.in[4] (.names)                                              1.809     1.809
po09.out[0] (.names)                                             0.193     2.002
out:po09.outpad[0] (.output)                                     3.353     5.355
data arrival time                                                          5.355

clock virtual_io_clock (rise edge)                               0.000     0.000
clock source latency                                             0.000     0.000
clock uncertainty                                                0.000     0.000
output external delay                                            0.000     0.000
data required time                                                         0.000
--------------------------------------------------------------------------------
data required time                                                        -0.000
data arrival time                                                          5.355
--------------------------------------------------------------------------------
slack (MET)                                                                5.355


#Path 20
Startpoint: pi08.inpad[0] (.input clocked by virtual_io_clock)
Endpoint  : out:po20.outpad[0] (.output clocked by virtual_io_clock)
Path Type : hold

Point                                                             Incr      Path
--------------------------------------------------------------------------------
clock virtual_io_clock (rise edge)                               0.000     0.000
clock source latency                                             0.000     0.000
input external delay                                             0.000     0.000
pi08.inpad[0] (.input)                                           0.000     0.000
po20.in[4] (.names)                                              1.812     1.812
po20.out[0] (.names)                                             0.193     2.005
out:po20.outpad[0] (.output)                                     3.395     5.400
data arrival time                                                          5.400

clock virtual_io_clock (rise edge)                               0.000     0.000
clock source latency                                             0.000     0.000
clock uncertainty                                                0.000     0.000
output external delay                                            0.000     0.000
data required time                                                         0.000
--------------------------------------------------------------------------------
data required time                                                        -0.000
data arrival time                                                          5.400
--------------------------------------------------------------------------------
slack (MET)                                                                5.400


#Path 21
Startpoint: pi11.inpad[0] (.input clocked by virtual_io_clock)
Endpoint  : out:po21.outpad[0] (.output clocked by virtual_io_clock)
Path Type : hold

Point                                                             Incr      Path
--------------------------------------------------------------------------------
clock virtual_io_clock (rise edge)                               0.000     0.000
clock source latency                                             0.000     0.000
input external delay                                             0.000     0.000
pi11.inpad[0] (.input)                                           0.000     0.000
po21.in[4] (.names)                                              1.812     1.812
po21.out[0] (.names)                                             0.193     2.005
out:po21.outpad[0] (.output)                                     3.398     5.402
data arrival time                                                          5.402

clock virtual_io_clock (rise edge)                               0.000     0.000
clock source latency                                             0.000     0.000
clock uncertainty                                                0.000     0.000
output external delay                                            0.000     0.000
data required time                                                         0.000
--------------------------------------------------------------------------------
data required time                                                        -0.000
data arrival time                                                          5.402
--------------------------------------------------------------------------------
slack (MET)                                                                5.402


#Path 22
Startpoint: pi16.inpad[0] (.input clocked by virtual_io_clock)
Endpoint  : out:po13.outpad[0] (.output clocked by virtual_io_clock)
Path Type : hold

Point                                                             Incr      Path
--------------------------------------------------------------------------------
clock virtual_io_clock (rise edge)                               0.000     0.000
clock source latency                                             0.000     0.000
input external delay                                             0.000     0.000
pi16.inpad[0] (.input)                                           0.000     0.000
po13.in[4] (.names)                                              1.929     1.929
po13.out[0] (.names)                                             0.193     2.122
out:po13.outpad[0] (.output)                                     3.291     5.413
data arrival time                                                          5.413

clock virtual_io_clock (rise edge)                               0.000     0.000
clock source latency                                             0.000     0.000
clock uncertainty                                                0.000     0.000
output external delay                                            0.000     0.000
data required time                                                         0.000
--------------------------------------------------------------------------------
data required time                                                        -0.000
data arrival time                                                          5.413
--------------------------------------------------------------------------------
slack (MET)                                                                5.413


#Path 23
Startpoint: pi29.inpad[0] (.input clocked by virtual_io_clock)
Endpoint  : out:po25.outpad[0] (.output clocked by virtual_io_clock)
Path Type : hold

Point                                                             Incr      Path
--------------------------------------------------------------------------------
clock virtual_io_clock (rise edge)                               0.000     0.000
clock source latency                                             0.000     0.000
input external delay                                             0.000     0.000
pi29.inpad[0] (.input)                                           0.000     0.000
po25.in[4] (.names)                                              1.914     1.914
po25.out[0] (.names)                                             0.193     2.107
out:po25.outpad[0] (.output)                                     3.313     5.420
data arrival time                                                          5.420

clock virtual_io_clock (rise edge)                               0.000     0.000
clock source latency                                             0.000     0.000
clock uncertainty                                                0.000     0.000
output external delay                                            0.000     0.000
data required time                                                         0.000
--------------------------------------------------------------------------------
data required time                                                        -0.000
data arrival time                                                          5.420
--------------------------------------------------------------------------------
slack (MET)                                                                5.420


#Path 24
Startpoint: pi32.inpad[0] (.input clocked by virtual_io_clock)
Endpoint  : out:po02.outpad[0] (.output clocked by virtual_io_clock)
Path Type : hold

Point                                                             Incr      Path
--------------------------------------------------------------------------------
clock virtual_io_clock (rise edge)                               0.000     0.000
clock source latency                                             0.000     0.000
input external delay                                             0.000     0.000
pi32.inpad[0] (.input)                                           0.000     0.000
po02.in[4] (.names)                                              1.840     1.840
po02.out[0] (.names)                                             0.193     2.033
out:po02.outpad[0] (.output)                                     3.413     5.446
data arrival time                                                          5.446

clock virtual_io_clock (rise edge)                               0.000     0.000
clock source latency                                             0.000     0.000
clock uncertainty                                                0.000     0.000
output external delay                                            0.000     0.000
data required time                                                         0.000
--------------------------------------------------------------------------------
data required time                                                        -0.000
data arrival time                                                          5.446
--------------------------------------------------------------------------------
slack (MET)                                                                5.446


#Path 25
Startpoint: pi34.inpad[0] (.input clocked by virtual_io_clock)
Endpoint  : out:po11.outpad[0] (.output clocked by virtual_io_clock)
Path Type : hold

Point                                                             Incr      Path
--------------------------------------------------------------------------------
clock virtual_io_clock (rise edge)                               0.000     0.000
clock source latency                                             0.000     0.000
input external delay                                             0.000     0.000
pi34.inpad[0] (.input)                                           0.000     0.000
po11.in[4] (.names)                                              1.948     1.948
po11.out[0] (.names)                                             0.193     2.141
out:po11.outpad[0] (.output)                                     3.311     5.453
data arrival time                                                          5.453

clock virtual_io_clock (rise edge)                               0.000     0.000
clock source latency                                             0.000     0.000
clock uncertainty                                                0.000     0.000
output external delay                                            0.000     0.000
data required time                                                         0.000
--------------------------------------------------------------------------------
data required time                                                        -0.000
data arrival time                                                          5.453
--------------------------------------------------------------------------------
slack (MET)                                                                5.453


#Path 26
Startpoint: pi22.inpad[0] (.input clocked by virtual_io_clock)
Endpoint  : out:po31.outpad[0] (.output clocked by virtual_io_clock)
Path Type : hold

Point                                                             Incr      Path
--------------------------------------------------------------------------------
clock virtual_io_clock (rise edge)                               0.000     0.000
clock source latency                                             0.000     0.000
input external delay                                             0.000     0.000
pi22.inpad[0] (.input)                                           0.000     0.000
po31.in[4] (.names)                                              1.845     1.845
po31.out[0] (.names)                                             0.193     2.038
out:po31.outpad[0] (.output)                                     3.422     5.460
data arrival time                                                          5.460

clock virtual_io_clock (rise edge)                               0.000     0.000
clock source latency                                             0.000     0.000
clock uncertainty                                                0.000     0.000
output external delay                                            0.000     0.000
data required time                                                         0.000
--------------------------------------------------------------------------------
data required time                                                        -0.000
data arrival time                                                          5.460
--------------------------------------------------------------------------------
slack (MET)                                                                5.460


#Path 27
Startpoint: pi03.inpad[0] (.input clocked by virtual_io_clock)
Endpoint  : out:po14.outpad[0] (.output clocked by virtual_io_clock)
Path Type : hold

Point                                                             Incr      Path
--------------------------------------------------------------------------------
clock virtual_io_clock (rise edge)                               0.000     0.000
clock source latency                                             0.000     0.000
input external delay                                             0.000     0.000
pi03.inpad[0] (.input)                                           0.000     0.000
po14.in[4] (.names)                                              1.959     1.959
po14.out[0] (.names)                                             0.193     2.152
out:po14.outpad[0] (.output)                                     3.310     5.462
data arrival time                                                          5.462

clock virtual_io_clock (rise edge)                               0.000     0.000
clock source latency                                             0.000     0.000
clock uncertainty                                                0.000     0.000
output external delay                                            0.000     0.000
data required time                                                         0.000
--------------------------------------------------------------------------------
data required time                                                        -0.000
data arrival time                                                          5.462
--------------------------------------------------------------------------------
slack (MET)                                                                5.462


#Path 28
Startpoint: pi31.inpad[0] (.input clocked by virtual_io_clock)
Endpoint  : out:po27.outpad[0] (.output clocked by virtual_io_clock)
Path Type : hold

Point                                                             Incr      Path
--------------------------------------------------------------------------------
clock virtual_io_clock (rise edge)                               0.000     0.000
clock source latency                                             0.000     0.000
input external delay                                             0.000     0.000
pi31.inpad[0] (.input)                                           0.000     0.000
po27.in[4] (.names)                                              1.812     1.812
po27.out[0] (.names)                                             0.193     2.005
out:po27.outpad[0] (.output)                                     3.471     5.476
data arrival time                                                          5.476

clock virtual_io_clock (rise edge)                               0.000     0.000
clock source latency                                             0.000     0.000
clock uncertainty                                                0.000     0.000
output external delay                                            0.000     0.000
data required time                                                         0.000
--------------------------------------------------------------------------------
data required time                                                        -0.000
data arrival time                                                          5.476
--------------------------------------------------------------------------------
slack (MET)                                                                5.476


#Path 29
Startpoint: pi00.inpad[0] (.input clocked by virtual_io_clock)
Endpoint  : out:po00.outpad[0] (.output clocked by virtual_io_clock)
Path Type : hold

Point                                                             Incr      Path
--------------------------------------------------------------------------------
clock virtual_io_clock (rise edge)                               0.000     0.000
clock source latency                                             0.000     0.000
input external delay                                             0.000     0.000
pi00.inpad[0] (.input)                                           0.000     0.000
po00.in[4] (.names)                                              1.840     1.840
po00.out[0] (.names)                                             0.193     2.033
out:po00.outpad[0] (.output)                                     3.475     5.509
data arrival time                                                          5.509

clock virtual_io_clock (rise edge)                               0.000     0.000
clock source latency                                             0.000     0.000
clock uncertainty                                                0.000     0.000
output external delay                                            0.000     0.000
data required time                                                         0.000
--------------------------------------------------------------------------------
data required time                                                        -0.000
data arrival time                                                          5.509
--------------------------------------------------------------------------------
slack (MET)                                                                5.509


#Path 30
Startpoint: pi17.inpad[0] (.input clocked by virtual_io_clock)
Endpoint  : out:po17.outpad[0] (.output clocked by virtual_io_clock)
Path Type : hold

Point                                                             Incr      Path
--------------------------------------------------------------------------------
clock virtual_io_clock (rise edge)                               0.000     0.000
clock source latency                                             0.000     0.000
input external delay                                             0.000     0.000
pi17.inpad[0] (.input)                                           0.000     0.000
po17.in[4] (.names)                                              1.931     1.931
po17.out[0] (.names)                                             0.193     2.124
out:po17.outpad[0] (.output)                                     3.457     5.581
data arrival time                                                          5.581

clock virtual_io_clock (rise edge)                               0.000     0.000
clock source latency                                             0.000     0.000
clock uncertainty                                                0.000     0.000
output external delay                                            0.000     0.000
data required time                                                         0.000
--------------------------------------------------------------------------------
data required time                                                        -0.000
data arrival time                                                          5.581
--------------------------------------------------------------------------------
slack (MET)                                                                5.581


#Path 31
Startpoint: pi33.inpad[0] (.input clocked by virtual_io_clock)
Endpoint  : out:po06.outpad[0] (.output clocked by virtual_io_clock)
Path Type : hold

Point                                                             Incr      Path
--------------------------------------------------------------------------------
clock virtual_io_clock (rise edge)                               0.000     0.000
clock source latency                                             0.000     0.000
input external delay                                             0.000     0.000
pi33.inpad[0] (.input)                                           0.000     0.000
po06.in[4] (.names)                                              1.952     1.952
po06.out[0] (.names)                                             0.193     2.145
out:po06.outpad[0] (.output)                                     3.472     5.617
data arrival time                                                          5.617

clock virtual_io_clock (rise edge)                               0.000     0.000
clock source latency                                             0.000     0.000
clock uncertainty                                                0.000     0.000
output external delay                                            0.000     0.000
data required time                                                         0.000
--------------------------------------------------------------------------------
data required time                                                        -0.000
data arrival time                                                          5.617
--------------------------------------------------------------------------------
slack (MET)                                                                5.617


#Path 32
Startpoint: pi26.inpad[0] (.input clocked by virtual_io_clock)
Endpoint  : out:po16.outpad[0] (.output clocked by virtual_io_clock)
Path Type : hold

Point                                                             Incr      Path
--------------------------------------------------------------------------------
clock virtual_io_clock (rise edge)                               0.000     0.000
clock source latency                                             0.000     0.000
input external delay                                             0.000     0.000
pi26.inpad[0] (.input)                                           0.000     0.000
po16.in[4] (.names)                                              1.962     1.962
po16.out[0] (.names)                                             0.193     2.155
out:po16.outpad[0] (.output)                                     3.495     5.650
data arrival time                                                          5.650

clock virtual_io_clock (rise edge)                               0.000     0.000
clock source latency                                             0.000     0.000
clock uncertainty                                                0.000     0.000
output external delay                                            0.000     0.000
data required time                                                         0.000
--------------------------------------------------------------------------------
data required time                                                        -0.000
data arrival time                                                          5.650
--------------------------------------------------------------------------------
slack (MET)                                                                5.650


#End of timing report
