VPR FPGA Placement and Routing.
Version: 8.1.0-dev+unkown
Revision: unkown
Compiled: 2025-02-16T14:22:44
Compiler: GNU 11.4.0 on Linux-6.8.0-47-generic x86_64
Build Info: release IPO VTR_ASSERT_LEVEL=2

University of Toronto
verilogtorouting.org
vtr-users@googlegroups.com
This is free open source code under MIT license.

VPR was run with the following command-line:
vpr /home/xiaokewan/Software/vtr-verilog-to-routing-master/vtr_flow/arch/titan/stratixiv_arch.timing.xml /media/xiaokewan/TOSHIBA/Code_phd/mockturtle/experiments/benchmarks/blif_folder/c1355_dup.blif --route_chan_width 250

Using up to 1 parallel worker(s)

Architecture file: /home/xiaokewan/Software/vtr-verilog-to-routing-master/vtr_flow/arch/titan/stratixiv_arch.timing.xml
Circuit name: c1355_dup

# Loading Architecture Description
# Loading Architecture Description took 0.39 seconds (max_rss 80.1 MiB, delta_rss +64.9 MiB)

Timing analysis: ON
Circuit netlist file: c1355_dup.net
Circuit placement file: c1355_dup.place
Circuit routing file: c1355_dup.route
Circuit SDC file: c1355_dup.sdc
Vpr floorplanning constraints file: not specified

Packer: ENABLED
Placer: ENABLED
Router: ENABLED
Analysis: ENABLED

VPR was run with the following options:

NetlistOpts.abosrb_buffer_luts            : true
NetlistOpts.sweep_dangling_primary_ios    : true
NetlistOpts.sweep_dangling_nets           : true
NetlistOpts.sweep_dangling_blocks         : true
NetlistOpts.sweep_constant_primary_outputs: false
NetlistOpts.netlist_verbosity             : 1
NetlistOpts.const_gen_inference           : COMB_SEQ

PackerOpts.allow_unrelated_clustering: auto
PackerOpts.alpha_clustering: 0.750000
PackerOpts.beta_clustering: 0.900000
PackerOpts.cluster_seed_type: BLEND2
PackerOpts.connection_driven: true
PackerOpts.global_clocks: true
PackerOpts.hill_climbing_flag: false
PackerOpts.inter_cluster_net_delay: 1.000000
PackerOpts.timing_driven: true
PackerOpts.target_external_pin_util: auto

PlacerOpts.place_freq: PLACE_ONCE
PlacerOpts.place_algorithm: CRITICALITY_TIMING_PLACE
PlacerOpts.pad_loc_type: FREE
PlacerOpts.constraints_file: No constraints file given
PlacerOpts.place_cost_exp: 1.000000
PlacerOpts.place_chan_width: 250
PlacerOpts.inner_loop_recompute_divider: 0
PlacerOpts.recompute_crit_iter: 1
PlacerOpts.timing_tradeoff: 0.500000
PlacerOpts.td_place_exp_first: 1.000000
PlacerOpts.td_place_exp_last: 8.000000
PlacerOpts.delay_offset: 0.000000
PlacerOpts.delay_ramp_delta_threshold: -1
PlacerOpts.delay_ramp_slope: 0.000000
PlacerOpts.tsu_rel_margin: 1.000000
PlacerOpts.tsu_abs_margin: 0.000000
PlacerOpts.post_place_timing_report_file: 
PlacerOpts.allowed_tiles_for_delay_model: 
PlacerOpts.delay_model_reducer: MIN
PlacerOpts.delay_model_type: DELTA
PlacerOpts.rlim_escape_fraction: 0.000000
PlacerOpts.move_stats_file: 
PlacerOpts.placement_saves_per_temperature: 0
PlacerOpts.effort_scaling: CIRCUIT
PlacerOpts.place_delta_delay_matrix_calculation_method: ASTAR_ROUTE
PlaceOpts.seed: 1
AnnealSched.type: AUTO_SCHED
AnnealSched.inner_num: 0.500000

RouterOpts.route_type: DETAILED
RouterOpts.flat_routing: false
RouterOpts.has_choking_spot: false
RouterOpts.router_algorithm: TIMING_DRIVEN
RouterOpts.base_cost_type: DELAY_NORMALIZED_LENGTH
RouterOpts.fixed_channel_width: 250
RouterOpts.check_route: FULL
RouterOpts.acc_fac: 1.000000
RouterOpts.bb_factor: 3
RouterOpts.bend_cost: 0.000000
RouterOpts.first_iter_pres_fac: 0.000000
RouterOpts.initial_pres_fac: 0.500000
RouterOpts.pres_fac_mult: 1.300000
RouterOpts.max_router_iterations: 50
RouterOpts.min_incremental_reroute_fanout: 16
RouterOpts.do_check_rr_graph: true
RouterOpts.verify_binary_search: false
RouterOpts.min_channel_width_hint: 0
RouterOpts.read_rr_edge_metadata: false
RouterOpts.exit_after_first_routing_iteration: false
RouterOpts.astar_fac: 1.200000
RouterOpts.router_profiler_astar_fac: 1.200000
RouterOpts.criticality_exp: 1.000000
RouterOpts.max_criticality: 0.990000
RouterOpts.init_wirelength_abort_threshold: 0.850000
RouterOpts.save_routing_per_iteration: false
RouterOpts.congested_routing_iteration_threshold_frac: 1.000000
RouterOpts.high_fanout_threshold: 64
RouterOpts.router_debug_net: -2
RouterOpts.router_debug_sink_rr: -2
RouterOpts.router_debug_iteration: -2
RouterOpts.max_convergence_count: 1
RouterOpts.reconvergence_cpd_threshold: 0.990000
RouterOpts.update_lower_bound_delays: true
RouterOpts.first_iteration_timing_report_file: 
RouterOpts.incr_reroute_delay_ripup: AUTO
RouterOpts.route_bb_update: DYNAMIC
RouterOpts.lookahead_type: MAP
RouterOpts.initial_timing: LOOKAHEAD
RouterOpts.router_heap: BINARY_HEAP
RouterOpts.routing_failure_predictor = SAFE
RouterOpts.routing_budgets_algorithm = DISABLE

AnalysisOpts.gen_post_synthesis_netlist: false
AnalysisOpts.timing_report_npaths: 100
AnalysisOpts.timing_report_skew: false
AnalysisOpts.echo_dot_timing_graph_node: -1
AnalysisOpts.timing_report_detail: NETLIST
AnalysisOpts.post_synth_netlist_unconn_input_handling: UNCONNECTED
AnalysisOpts.post_synth_netlist_unconn_output_handling: UNCONNECTED

# Building complex block graph
# Building complex block graph took 5.20 seconds (max_rss 953.6 MiB, delta_rss +873.5 MiB)
Circuit file: /media/xiaokewan/TOSHIBA/Code_phd/mockturtle/experiments/benchmarks/blif_folder/c1355_dup.blif
# Load circuit
Found constant-zero generator 'new_n81'
Found constant-zero generator 'new_n87'
Found constant-zero generator 'new_n89'
Found constant-zero generator 'new_n97'
Found constant-zero generator 'new_n101'
Found constant-zero generator 'new_n107'
Found constant-zero generator 'new_n108'
Found constant-zero generator 'new_n110'
# Load circuit took 0.00 seconds (max_rss 953.6 MiB, delta_rss +0.0 MiB)
# Clean circuit
Absorbed 0 LUT buffers
Inferred    0 additional primitive pins as constant generators since they have no combinationally connected inputs
Inferred    0 additional primitive pins as constant generators due to constant inputs
Swept input(s)      : 0
Swept output(s)     : 0 (0 dangling, 0 constant)
Swept net(s)        : 0
Swept block(s)      : 0
Constant Pins Marked: 0
# Clean circuit took 0.00 seconds (max_rss 953.6 MiB, delta_rss +0.0 MiB)
# Compress circuit
# Compress circuit took 0.00 seconds (max_rss 953.6 MiB, delta_rss +0.0 MiB)
# Verify circuit
# Verify circuit took 0.00 seconds (max_rss 953.6 MiB, delta_rss +0.0 MiB)
Circuit Statistics:
  Blocks: 145
    .input :      41
    .output:      32
    0-LUT  :       8
    6-LUT  :      64
  Nets  : 113
    Avg Fanout:     2.9
    Max Fanout:    17.0
    Min Fanout:     1.0
  Netlist Clocks: 0
# Build Timing Graph
  Timing Graph Nodes: 437
  Timing Graph Edges: 616
  Timing Graph Levels: 10
# Build Timing Graph took 0.00 seconds (max_rss 953.6 MiB, delta_rss +0.0 MiB)
Netlist contains 0 clocks
# Load Timing Constraints

SDC file 'c1355_dup.sdc' not found
Setting default timing constraints:
   * constrain all primay inputs and primary outputs on a virtual external clock 'virtual_io_clock'
   * optimize virtual clock to run as fast as possible
Timing constraints created 1 clocks
  Constrained Clock 'virtual_io_clock' (Virtual Clock)

# Load Timing Constraints took 0.00 seconds (max_rss 953.6 MiB, delta_rss +0.0 MiB)
# Packing
Warning 1: Block type 'M144K' grid location specification startx (33 = 33) falls outside device horizontal range [0,9]
Warning 2: Block type 'EMPTY' grid location specification startx (33 = 33) falls outside device horizontal range [0,9]
Begin packing '/media/xiaokewan/TOSHIBA/Code_phd/mockturtle/experiments/benchmarks/blif_folder/c1355_dup.blif'.

After removing unused inputs...
	total blocks: 145, total nets: 113, total inputs: 41, total outputs: 32
Begin prepacking.

There is one chain in this architecture called "LAB_carry_chain" with the following starting points:
	LAB[0]/alm[0]/lut[0]/lcell_comb[0].cin[0]


There is one chain in this architecture called "share_chain" with the following starting points:
	LAB[0]/alm[0]/lut[0]/lcell_comb[0].sharein[0]

0 attraction groups were created during prepacking.
Finish prepacking.
Using inter-cluster delay: 1.01382e-09
✅ Final Pin Utilization: io:1.00,1.00 LAB:0.80,1.00
Packing with pin utilization targets: io:1,1 PLL:1,1 LAB:0.8,1 DSP:1,1 M9K:1,1 M144K:1,1
Packing with high fanout thresholds: io:128 PLL:128 LAB:32 DSP:128 M9K:128 M144K:128
Starting Clustering - Clustering Progress: 
-------------------   --------------------------   ---------
Molecules processed   Number of clusters created   FPGA size
-------------------   --------------------------   ---------
     5/145       3%                            1     6 x 4     
    10/145       6%                            1     6 x 4     
    15/145      10%                            1     6 x 4     
    20/145      13%                            1     6 x 4     
    25/145      17%                            2     7 x 5     
    30/145      20%                            2     7 x 5     
    35/145      24%                            2     7 x 5     
    40/145      27%                            2     7 x 5     
    45/145      31%                            3     7 x 5     
    50/145      34%                            3     7 x 5     
    55/145      37%                            3     7 x 5     
    60/145      41%                            3     8 x 6     
    65/145      44%                            4     8 x 6     
    70/145      48%                            4     8 x 6     
    75/145      51%                            6     8 x 6     
    80/145      55%                           11     9 x 7     
    85/145      58%                           16    11 x 8     
    90/145      62%                           21    11 x 8     
    95/145      65%                           26    12 x 9     
   100/145      68%                           31    12 x 9     
   105/145      72%                           36    13 x 10    
   110/145      75%                           41    14 x 10    
   115/145      79%                           46    15 x 11    
   120/145      82%                           51    15 x 11    
   125/145      86%                           56    16 x 12    
   130/145      89%                           61    17 x 13    
   135/145      93%                           66    17 x 13    
   140/145      96%                           71    18 x 13    
   145/145     100%                           76    19 x 14    
Incr Slack updates 1 in 4.659e-06 sec
Full Max Req/Worst Slack updates 1 in 2.274e-06 sec
Incr Max Req/Worst Slack updates 0 in 0 sec
Incr Criticality updates 0 in 0 sec
Full Criticality updates 1 in 6.792e-06 sec
FPGA sized to 19 x 14 (auto)
Device Utilization: 0.15 (target 1.00)
	Block Utilization: 0.96 Type: io
	Block Utilization: 0.03 Type: LAB

Start the iterative improvement process
the iterative improvement process is done
Final Clustering Statistics: 
----------   --------   ------------------------------------   --------------------------
Block Type   # Blocks   Avg. # of input clocks and pins used   Avg. # of output pins used
----------   --------   ------------------------------------   --------------------------
     EMPTY          0                                      0                            0   
        io         73                               0.438356                     0.561644   
       PLL          0                                      0                            0   
       LAB          4                                   32.5                        13.75   
       DSP          0                                      0                            0   
       M9K          0                                      0                            0   
     M144K          0                                      0                            0   
Absorbed logical nets 17 out of 113 nets, 96 nets not absorbed.

Netlist conversion complete.

# Packing took 0.16 seconds (max_rss 953.6 MiB, delta_rss +0.0 MiB)
# Load packing
Begin loading packed FPGA netlist file.
Netlist generated from file 'c1355_dup.net'.
Detected 8 constant generators (to see names run with higher pack verbosity)
Finished loading packed FPGA netlist file (took 0.026569 seconds).
Warning 3: Treated 6 constant nets as global which will not be routed (to see net names increase packer verbosity).
# Load packing took 0.03 seconds (max_rss 976.2 MiB, delta_rss +22.7 MiB)
Warning 4: Netlist contains 16 global net to non-global architecture pin connections

Pb types usage...
  io         : 73
   pad       : 73
    inpad    : 41
    outpad   : 32
  LAB        : 4
   alm       : 37
    lut      : 72
     lut6    : 72
      lut    : 72

# Create Device
## Build Device Grid
FPGA sized to 19 x 14: 266 grid tiles (auto)

Resource usage...
	Netlist
		73	blocks of type: io
	Architecture
		76	blocks of type: io
	Netlist
		0	blocks of type: PLL
	Architecture
		16	blocks of type: PLL
	Netlist
		4	blocks of type: LAB
	Architecture
		130	blocks of type: LAB
	Netlist
		0	blocks of type: DSP
	Architecture
		2	blocks of type: DSP
	Netlist
		0	blocks of type: M9K
	Architecture
		10	blocks of type: M9K
	Netlist
		0	blocks of type: M144K
	Architecture
		0	blocks of type: M144K

Device Utilization: 0.15 (target 1.00)
	Physical Tile io:
	Block Utilization: 0.96 Logical Block: io
	Physical Tile PLL:
	Block Utilization: 0.00 Logical Block: PLL
	Physical Tile LAB:
	Block Utilization: 0.03 Logical Block: LAB
	Physical Tile DSP:
	Block Utilization: 0.00 Logical Block: DSP
	Physical Tile M9K:
	Block Utilization: 0.00 Logical Block: M9K

FPGA size limited by block type(s): io

## Build Device Grid took 0.00 seconds (max_rss 976.7 MiB, delta_rss +0.0 MiB)
## Build routing resource graph
SOURCE->OPIN and IPIN->SINK edge count:27710
OPIN->CHANX/CHANY edge count before creating direct connections: 167720
OPIN->CHANX/CHANY edge count after creating direct connections: 173986
CHAN->CHAN type edge count:474182
## Build routing resource graph took 0.51 seconds (max_rss 976.7 MiB, delta_rss +0.0 MiB)
  RR Graph Nodes: 69836
  RR Graph Edges: 675878
# Create Device took 0.52 seconds (max_rss 976.7 MiB, delta_rss +0.0 MiB)

# Computing router lookahead map
## Computing wire lookahead
## Computing wire lookahead took 1.01 seconds (max_rss 976.7 MiB, delta_rss +0.0 MiB)
## Computing src/opin lookahead
## Computing src/opin lookahead took 0.00 seconds (max_rss 976.7 MiB, delta_rss +0.0 MiB)
# Computing router lookahead map took 1.01 seconds (max_rss 976.7 MiB, delta_rss +0.0 MiB)
# Computing placement delta delay look-up
RR graph channel widths unchanged, skipping RR graph rebuild
## Computing delta delays
## Computing delta delays took 0.10 seconds (max_rss 976.7 MiB, delta_rss +0.0 MiB)
# Computing placement delta delay look-up took 0.10 seconds (max_rss 976.7 MiB, delta_rss +0.0 MiB)

Bounding box mode is Cube

Using simple RL 'Softmax agent' for choosing move and block types
# Placement
## Initial Placement
Initial placement iteration 0 has finished successfully
## Initial Placement took 0.00 seconds (max_rss 976.7 MiB, delta_rss +0.0 MiB)

There are 152 point to point connections in this circuit.


BB estimate of min-dist (placement) wire length: 1061

Completed placement consistency check successfully.
Initial placement cost: 1 bb_cost: 4.24214 td_cost: 4.90442e-08
Initial placement estimated Critical Path Delay (CPD): 7.51362 ns
Initial placement estimated setup Total Negative Slack (sTNS): -233.959 ns
Initial placement estimated setup Worst Negative Slack (sWNS): -7.51362 ns

Initial placement estimated setup slack histogram:
[ -7.5e-09: -7.5e-09) 5 ( 15.6%) |***********************************
[ -7.5e-09: -7.4e-09) 2 (  6.2%) |**************
[ -7.4e-09: -7.4e-09) 1 (  3.1%) |*******
[ -7.4e-09: -7.3e-09) 5 ( 15.6%) |***********************************
[ -7.3e-09: -7.3e-09) 2 (  6.2%) |**************
[ -7.3e-09: -7.3e-09) 7 ( 21.9%) |*************************************************
[ -7.3e-09: -7.2e-09) 2 (  6.2%) |**************
[ -7.2e-09: -7.2e-09) 1 (  3.1%) |*******
[ -7.2e-09: -7.1e-09) 5 ( 15.6%) |***********************************
[ -7.1e-09: -7.1e-09) 2 (  6.2%) |**************
Placement contains 0 placement macros involving 0 blocks (average macro size -nan)

Moves per temperature: 163
Warning 5: Starting t: 28 of 77 configurations accepted.

---- ------ ------- ------- ---------- ---------- ------- ---------- -------- ------- ------- ------ -------- --------- ------
Tnum   Time       T Av Cost Av BB Cost Av TD Cost     CPD       sTNS     sWNS Ac Rate Std Dev  R lim Crit Exp Tot Moves  Alpha
      (sec)                                          (ns)       (ns)     (ns)                                                 
---- ------ ------- ------- ---------- ---------- ------- ---------- -------- ------- ------- ------ -------- --------- ------
   1    0.0 1.9e-04   0.983       4.09 4.5595e-08   7.404       -231   -7.404   0.331  0.0060   18.0     1.00       163  0.200
   2    0.0 1.8e-04   0.992       4.04 4.2944e-08   7.320       -230   -7.320   0.239  0.0040   16.0     1.81       326  0.950
   3    0.0 1.7e-04   0.994       4.06 3.8844e-08   7.357       -230   -7.357   0.196  0.0032   12.8     3.13       489  0.950
   4    0.0 1.6e-04   0.996       4.01 3.6014e-08   7.355       -228   -7.355   0.166  0.0036    9.7     4.42       652  0.950
   5    0.0 1.6e-04   0.993       3.96 3.444e-08    7.364       -231   -7.364   0.221  0.0023    7.0     5.51       815  0.950
   6    0.0 1.5e-04   0.999       3.96 3.4284e-08   7.309       -229   -7.309   0.141  0.0006    5.5     6.15       978  0.950
   7    0.0 1.4e-04   0.995       3.95 3.3264e-08   7.309       -229   -7.309   0.172  0.0025    3.9     6.83      1141  0.950
   8    0.0 1.3e-04   0.998       3.95 3.2256e-08   7.300       -228   -7.300   0.184  0.0014    2.8     7.25      1304  0.950
   9    0.0 1.3e-04   0.998       3.94 3.1133e-08   7.325       -228   -7.325   0.184  0.0006    2.1     7.55      1467  0.950
  10    0.0 1.2e-04   1.000       3.94 3.1133e-08   7.309       -228   -7.309   0.141  0.0002    1.6     7.77      1630  0.950
  11    0.0 1.1e-04   1.000       3.94 3.0924e-08   7.309       -228   -7.309   0.190  0.0002    1.1     7.96      1793  0.950
  12    0.0 1.1e-04   1.000       3.94 3.0284e-08   7.325       -228   -7.325   0.153  0.0001    1.0     8.00      1956  0.950
  13    0.0 1.0e-04   1.000       3.94 3.0297e-08   7.325       -228   -7.325   0.209  0.0002    1.0     8.00      2119  0.950
  14    0.0 9.8e-05   0.999       3.94 3.0339e-08   7.325       -228   -7.325   0.141  0.0006    1.0     8.00      2282  0.950
  15    0.0 7.8e-05   1.000       3.94 3.1139e-08   7.300       -228   -7.300   0.141  0.0002    1.0     8.00      2445  0.800
Agent's 2nd state: 
Checkpoint saved: bb_costs=3.93651, TD costs=3.08109e-08, CPD=  7.309 (ns) 
  16    0.0 6.3e-05   1.000       3.94 3.0799e-08   7.309       -228   -7.309   0.129  0.0003    1.0     8.00      2608  0.800
  17    0.0 0.0e+00   1.000       3.94 3.0086e-08   7.325       -228   -7.325   0.092  0.0004    1.0     8.00      2771  0.800
## Placement Quench took 0.00 seconds (max_rss 976.7 MiB)
post-quench CPD = 7.32507 (ns) 

Checkpoint restored

BB estimate of min-dist (placement) wire length: 984

Completed placement consistency check successfully.

Swaps called: 2848

Aborted Move Reasons:
  No moves aborted

Placement estimated critical path delay (least slack): 7.30904 ns, Fmax: 136.817 MHz
Placement estimated setup Worst Negative Slack (sWNS): -7.30904 ns
Placement estimated setup Total Negative Slack (sTNS): -227.793 ns

Placement estimated setup slack histogram:
[ -7.3e-09: -7.3e-09) 2 (  6.2%) |**********
[ -7.3e-09: -7.2e-09) 1 (  3.1%) |*****
[ -7.2e-09: -7.2e-09) 4 ( 12.5%) |********************
[ -7.2e-09: -7.2e-09) 0 (  0.0%) |
[ -7.2e-09: -7.2e-09) 0 (  0.0%) |
[ -7.2e-09: -7.1e-09) 10 ( 31.2%) |*************************************************
[ -7.1e-09: -7.1e-09) 2 (  6.2%) |**********
[ -7.1e-09: -7.1e-09) 5 ( 15.6%) |*************************
[ -7.1e-09:   -7e-09) 4 ( 12.5%) |********************
[   -7e-09:   -7e-09) 4 ( 12.5%) |********************

Placement estimated geomean non-virtual intra-domain period: nan ns (nan MHz)
Placement estimated fanout-weighted geomean non-virtual intra-domain period: nan ns (nan MHz)

Placement cost: 1, bb_cost: 3.93651, td_cost: 3.08109e-08, 

Placement resource usage:
  io  implemented as io : 73
  LAB implemented as LAB: 4

Placement number of temperatures: 17
Placement total # of swap attempts: 2848
	Swaps accepted:  522 (18.3 %)
	Swaps rejected: 2188 (76.8 %)
	Swaps aborted:  138 ( 4.8 %)


Placement perturbation distribution by block and move type: 
------------------ ----------------- ---------------- ---------------- --------------- ------------ 
    Block Type         Move Type       (%) of Total      Accepted(%)     Rejected(%)    Aborted(%)
------------------ ----------------- ---------------- ---------------- --------------- ------------ 
io                 Uniform                22.02            20.73           79.27          0.00         
                   Median                 23.14            18.51           75.27          6.22         
                   Centroid               21.98            20.61           71.88          7.51         
                   W. Centroid            22.23            19.27           73.30          7.42         
                   W. Median              1.26             13.89           77.78          8.33         
                   Crit. Uniform          1.09             19.35           80.65          0.00         
                   Feasible Region        0.95             18.52           81.48          0.00         

LAB                Uniform                1.54             2.27            97.73          0.00         
                   Median                 1.19             2.94            97.06          0.00         
                   Centroid               1.51             0.00            100.00         0.00         
                   W. Centroid            1.30             2.70            97.30          0.00         
                   W. Median              0.11             0.00            100.00         0.00         
                   Crit. Uniform          0.88             0.00            100.00         0.00         
                   Feasible Region        0.81             0.00            100.00         0.00         


Placement Quench timing analysis took 8.7833e-05 seconds (7.7494e-05 STA, 1.0339e-05 slack) (1 full updates: 1 setup, 0 hold, 0 combined).
Placement Total  timing analysis took 0.00359052 seconds (0.00335091 STA, 0.000239615 slack) (20 full updates: 20 setup, 0 hold, 0 combined).
update_td_costs: connections 0 nets 0 sum_nets 0 total 0
# Placement took 0.03 seconds (max_rss 976.7 MiB, delta_rss +0.0 MiB)

# Routing
RR graph channel widths unchanged, skipping RR graph rebuild
Confirming router algorithm: TIMING_DRIVEN.
## Initializing router criticalities
Initial Net Connection Criticality Histogram:
[        0:      0.1)  10 (  6.2%) |****
[      0.1:      0.2)   0 (  0.0%) |
[      0.2:      0.3)   0 (  0.0%) |
[      0.3:      0.4)   0 (  0.0%) |
[      0.4:      0.5)   0 (  0.0%) |
[      0.5:      0.6)   0 (  0.0%) |
[      0.6:      0.7)   0 (  0.0%) |
[      0.7:      0.8)   4 (  2.5%) |*
[      0.8:      0.9)  18 ( 11.1%) |*******
[      0.9:        1) 130 ( 80.2%) |***********************************************
## Initializing router criticalities took 0.00 seconds (max_rss 976.7 MiB, delta_rss +0.0 MiB)
---- ------ ------- ---- ------- ------- ------- ----------------- --------------- -------- ---------- ---------- ---------- ---------- --------
Iter   Time    pres  BBs    Heap  Re-Rtd  Re-Rtd Overused RR Nodes      Wirelength      CPD       sTNS       sWNS       hTNS       hWNS Est Succ
      (sec)     fac Updt    push    Nets   Conns                                       (ns)       (ns)       (ns)       (ns)       (ns)     Iter
---- ------ ------- ---- ------- ------- ------- ----------------- --------------- -------- ---------- ---------- ---------- ---------- --------
   1    0.0     0.0    0   96349      90     152      62 ( 0.089%)    1174 ( 1.1%)    7.535     -234.3     -7.535      0.000      0.000      N/A
Incr Slack updates 20 in 7.4059e-05 sec
Full Max Req/Worst Slack updates 9 in 1.2433e-05 sec
Incr Max Req/Worst Slack updates 11 in 1.1641e-05 sec
Incr Criticality updates 3 in 1.6631e-05 sec
Full Criticality updates 17 in 9.6047e-05 sec
   2    0.0     0.5    1   33338      49      94      18 ( 0.026%)    1163 ( 1.1%)    7.535     -234.9     -7.535      0.000      0.000      N/A
   3    0.0     0.6    0    3044      22      50      15 ( 0.021%)    1156 ( 1.1%)    7.535     -234.3     -7.535      0.000      0.000      N/A
   4    0.0     0.8    0    3174      23      50      14 ( 0.020%)    1163 ( 1.1%)    7.535     -234.3     -7.535      0.000      0.000      N/A
   5    0.0     1.1    0    2864      19      41       9 ( 0.013%)    1163 ( 1.1%)    7.535     -234.3     -7.535      0.000      0.000      N/A
   6    0.0     1.4    0    1739      16      34       9 ( 0.013%)    1163 ( 1.1%)    7.535     -234.3     -7.535      0.000      0.000      N/A
   7    0.0     1.9    0    1801      16      34      11 ( 0.016%)    1163 ( 1.1%)    7.535     -234.3     -7.535      0.000      0.000      N/A
   8    0.0     2.4    0    1777      15      33       7 ( 0.010%)    1180 ( 1.1%)    7.535     -234.3     -7.535      0.000      0.000      N/A
   9    0.0     3.1    0    1730      12      28       4 ( 0.006%)    1184 ( 1.1%)    7.535     -234.3     -7.535      0.000      0.000      N/A
  10    0.0     4.1    0    1059       8      18       4 ( 0.006%)    1184 ( 1.1%)    7.535     -234.3     -7.535      0.000      0.000       18
  11    0.0     5.3    0    1222       8      22       6 ( 0.009%)    1181 ( 1.1%)    7.535     -234.3     -7.535      0.000      0.000       15
  12    0.0     6.9    0    1015       6      16       1 ( 0.001%)    1195 ( 1.1%)    7.535     -234.3     -7.535      0.000      0.000       20
  13    0.0     9.0    0     261       2       6       1 ( 0.001%)    1203 ( 1.1%)    7.535     -234.3     -7.535      0.000      0.000       14
  14    0.0    11.6    0     357       2       5       1 ( 0.001%)    1216 ( 1.1%)    7.535     -234.3     -7.535      0.000      0.000       13
  15    0.0    15.1    0     316       2       6       0 ( 0.000%)    1206 ( 1.1%)    7.535     -234.3     -7.535      0.000      0.000       14
Restoring best routing
Critical path: 7.53505 ns
Successfully routed after 15 routing iterations.
Final Net Connection Criticality Histogram:
[        0:      0.1)  10 (  6.2%) |****
[      0.1:      0.2)   0 (  0.0%) |
[      0.2:      0.3)   0 (  0.0%) |
[      0.3:      0.4)   0 (  0.0%) |
[      0.4:      0.5)   0 (  0.0%) |
[      0.5:      0.6)   0 (  0.0%) |
[      0.6:      0.7)   0 (  0.0%) |
[      0.7:      0.8)  14 (  8.6%) |*****
[      0.8:      0.9)   7 (  4.3%) |***
[      0.9:        1) 131 ( 80.9%) |***********************************************
Router Stats: total_nets_routed: 290 total_connections_routed: 589 total_heap_pushes: 150046 total_heap_pops: 28392 total_internal_heap_pushes: 0 total_internal_heap_pops: 0 total_external_heap_pushes: 150046 total_external_heap_pops: 28392 total_external_SOURCE_pushes: 589 total_external_SOURCE_pops: 381 total_internal_SOURCE_pushes: 0 total_internal_SOURCE_pops: 0 rt_node_SOURCE_pushes: 589 rt_node_SOURCE_high_fanout_pushes: 0 rt_node_SOURCE_entire_tree_pushes: 589 total_external_SINK_pushes: 3261 total_external_SINK_pops: 3093 total_internal_SINK_pushes: 0 total_internal_SINK_pops: 0 rt_node_SINK_pushes: 0 rt_node_SINK_high_fanout_pushes: 0 rt_node_SINK_entire_tree_pushes: 0 total_external_IPIN_pushes: 3395 total_external_IPIN_pops: 3261 total_internal_IPIN_pushes: 0 total_internal_IPIN_pops: 0 rt_node_IPIN_pushes: 0 rt_node_IPIN_high_fanout_pushes: 0 rt_node_IPIN_entire_tree_pushes: 0 total_external_OPIN_pushes: 4173 total_external_OPIN_pops: 3635 total_internal_OPIN_pushes: 0 total_internal_OPIN_pops: 0 rt_node_OPIN_pushes: 299 rt_node_OPIN_high_fanout_pushes: 0 rt_node_OPIN_entire_tree_pushes: 299 total_external_CHANX_pushes: 67358 total_external_CHANX_pops: 9129 total_internal_CHANX_pushes: 0 total_internal_CHANX_pops: 0 rt_node_CHANX_pushes: 488 rt_node_CHANX_high_fanout_pushes: 0 rt_node_CHANX_entire_tree_pushes: 488 total_external_CHANY_pushes: 71270 total_external_CHANY_pops: 8893 total_internal_CHANY_pushes: 0 total_internal_CHANY_pops: 0 rt_node_CHANY_pushes: 449 rt_node_CHANY_high_fanout_pushes: 0 rt_node_CHANY_entire_tree_pushes: 449 total_number_of_adding_all_rt: 2621 total_number_of_adding_high_fanout_rt: 0 total_number_of_adding_all_rt_from_calling_high_fanout_rt: 0 
# Routing took 0.04 seconds (max_rss 976.7 MiB, delta_rss +0.0 MiB)

Checking to ensure routing is legal...
# Checking to ensure non-configurable edges are legal
# Checking to ensure non-configurable edges are legal took 0.00 seconds (max_rss 976.7 MiB, delta_rss +0.0 MiB)
Completed routing consistency check successfully.

Serial number (magic cookie) for the routing is: -31938807
Circuit successfully routed with a channel width factor of 250.
# Synchronize the packed netlist to routing optimization
## Annotating rr_node with routed nets
## Annotating rr_node with routed nets took 0.00 seconds (max_rss 976.7 MiB, delta_rss +0.0 MiB)
Found 278 mismatches between routing and packing results.
Fixed 129 routing traces due to mismatch between routing and packing results.
# Synchronize the packed netlist to routing optimization took 0.01 seconds (max_rss 976.7 MiB, delta_rss +0.0 MiB)
Final Clustering Statistics: 
----------   --------   ------------------------------------   --------------------------
Block Type   # Blocks   Avg. # of input clocks and pins used   Avg. # of output pins used
----------   --------   ------------------------------------   --------------------------
     EMPTY          0                                      0                            0   
        io         73                               0.438356                     0.561644   
       PLL          0                                      0                            0   
       LAB          4                                   32.5                        13.75   
       DSP          0                                      0                            0   
       M9K          0                                      0                            0   
     M144K          0                                      0                            0   
Absorbed logical nets 17 out of 113 nets, 96 nets not absorbed.


Average number of bends per net: 1.32222  Maximum # of bends: 4

Number of global nets: 6
Number of routed nets (nonglobal): 90
Wire length results (in units of 1 clb segments)...
	Total wirelength: 1206, average net length: 13.4000
	Maximum net length: 34

Wire length results in terms of physical segments...
	Total wiring segments used: 316, average wire segments per net: 3.51111
	Maximum segments used by a net: 8
	Total local nets with reserved CLB opins: 0
Total number of nets absorbed: 0

Routing channel utilization histogram:
[        1:      inf)   0 (  0.0%) |
[      0.9:        1)   0 (  0.0%) |
[      0.8:      0.9)   0 (  0.0%) |
[      0.7:      0.8)   0 (  0.0%) |
[      0.5:      0.6)   0 (  0.0%) |
[      0.4:      0.5)   0 (  0.0%) |
[      0.3:      0.4)   0 (  0.0%) |
[      0.2:      0.3)   0 (  0.0%) |
[      0.1:      0.2)   0 (  0.0%) |
[        0:      0.1) 468 (100.0%) |***********************************************
Maximum routing channel utilization:      0.06 at (8,5)

X - Directed channels:   j max occ ave occ capacity
                      ---- ------- ------- --------
                         0       3   1.684      250
                         1      12   5.053      250
                         2       1   0.211      250
                         3       4   2.000      250
                         4       2   1.316      250
                         5      15   5.737      250
                         6       0   0.000      250
                         7      14   5.053      250
                         8      14   5.526      250
                         9       2   1.211      250
                        10       2   1.263      250
                        11       3   1.421      250
                        12       7   2.737      250
Y - Directed channels:   i max occ ave occ capacity
                      ---- ------- ------- --------
                         0       4   1.714      250
                         1       1   0.500      250
                         2       0   0.000      250
                         3       2   0.571      250
                         4       1   0.643      250
                         5       2   0.857      250
                         6       5   2.714      250
                         7      25  10.857      250
                         8      27  12.929      250
                         9       6   2.071      250
                        10       2   1.071      250
                        11       4   2.071      250
                        12       2   0.714      250
                        13       1   0.429      250
                        14       2   0.714      250
                        15       2   0.857      250
                        16       2   0.714      250
                        17       4   1.643      250

Total tracks in x-direction: 3250, in y-direction: 4500

Logic area (in minimum width transistor areas, excludes I/Os and empty grid tiles)...
	Total logic block area (Warning, need to add pitch of routing to blocks with height > 3): 0
	Total used logic block area: 0

Routing area (in minimum width transistor areas)...
	Total routing area: 4.02388e+06, per logic tile: 15127.4

Total Number of Wiring Segments by Direction: direction length number
                                              --------- ------ -------
                                                      X      4  14040
                                                      Y      4  14580
                                                      X     16    884
                                                      Y     16   1032

X - Directed Wiring Segment usage by length: length utilization
                                             ------ -----------
                                             4      0.0103
                                            16      0.0136

Y - Directed Wiring Segment usage by length: length utilization
                                             ------ -----------
                                             4      0.0108
                                            16     0.00291

Segment occupancy by length: Length utilization
                             ------ -----------
                             L4          0.0105
                             L16         0.00783

Segment occupancy by type: name type utilization
                           ---- ---- -----------
                             L4    0      0.0105
                            L16    1     0.00783

Final hold Worst Negative Slack (hWNS): 0 ns
Final hold Total Negative Slack (hTNS): 0 ns

Final hold slack histogram:
[  5.3e-09:  5.3e-09) 6 ( 18.8%) |******************************************
[  5.3e-09:  5.3e-09) 7 ( 21.9%) |*************************************************
[  5.3e-09:  5.4e-09) 6 ( 18.8%) |******************************************
[  5.4e-09:  5.4e-09) 3 (  9.4%) |*********************
[  5.4e-09:  5.5e-09) 3 (  9.4%) |*********************
[  5.5e-09:  5.5e-09) 3 (  9.4%) |*********************
[  5.5e-09:  5.5e-09) 1 (  3.1%) |*******
[  5.5e-09:  5.6e-09) 0 (  0.0%) |
[  5.6e-09:  5.6e-09) 1 (  3.1%) |*******
[  5.6e-09:  5.6e-09) 2 (  6.2%) |**************

Final critical path delay (least slack): 7.53505 ns, Fmax: 132.713 MHz
Final setup Worst Negative Slack (sWNS): -7.53505 ns
Final setup Total Negative Slack (sTNS): -234.312 ns

Final setup slack histogram:
[ -7.5e-09: -7.5e-09) 1 (  3.1%) |********
[ -7.5e-09: -7.5e-09) 6 ( 18.8%) |*************************************************
[ -7.5e-09: -7.4e-09) 2 (  6.2%) |****************
[ -7.4e-09: -7.4e-09) 2 (  6.2%) |****************
[ -7.4e-09: -7.3e-09) 4 ( 12.5%) |*********************************
[ -7.3e-09: -7.3e-09) 5 ( 15.6%) |*****************************************
[ -7.3e-09: -7.2e-09) 2 (  6.2%) |****************
[ -7.2e-09: -7.2e-09) 5 ( 15.6%) |*****************************************
[ -7.2e-09: -7.2e-09) 3 (  9.4%) |*************************
[ -7.2e-09: -7.1e-09) 2 (  6.2%) |****************

Final geomean non-virtual intra-domain period: nan ns (nan MHz)
Final fanout-weighted geomean non-virtual intra-domain period: nan ns (nan MHz)

Incr Slack updates 1 in 3.427e-06 sec
Full Max Req/Worst Slack updates 1 in 6.472e-06 sec
Incr Max Req/Worst Slack updates 0 in 0 sec
Incr Criticality updates 0 in 0 sec
Full Criticality updates 1 in 1.5689e-05 sec
Flow timing analysis took 0.0113918 seconds (0.0106173 STA, 0.000774474 slack) (38 full updates: 21 setup, 0 hold, 17 combined).
VPR succeeded
The entire flow of VPR took 8.28 seconds (max_rss 976.7 MiB)
Incr Slack updates 16 in 5.5572e-05 sec
Full Max Req/Worst Slack updates 1 in 3.216e-06 sec
Incr Max Req/Worst Slack updates 15 in 2.8092e-05 sec
Incr Criticality updates 13 in 5.6215e-05 sec
Full Criticality updates 3 in 5.1417e-05 sec
