#Packing pin usage report
Type: io
	Input Pin Usage:
		Max: 1.00 (0.02)
		Avg: 0.51 (0.01)
		Min: 0.00 (0.00)
		Histogram:
		[        0:      5.5) 2435 (100.0%) |**********************************************
		[      5.5:       11)    0 (  0.0%) |
		[       11:       16)    0 (  0.0%) |
		[       16:       22)    0 (  0.0%) |
		[       22:       28)    0 (  0.0%) |
		[       28:       33)    0 (  0.0%) |
		[       33:       38)    0 (  0.0%) |
		[       38:       44)    0 (  0.0%) |
		[       44:       50)    0 (  0.0%) |
		[       50:       55)    0 (  0.0%) |
	Output Pin Usage:
		Max: 1.00 (0.03)
		Avg: 0.49 (0.01)
		Min: 0.00 (0.00)
		Histogram:
		[        0:        4) 2435 (100.0%) |**********************************************
		[        4:        8)    0 (  0.0%) |
		[        8:       12)    0 (  0.0%) |
		[       12:       16)    0 (  0.0%) |
		[       16:       20)    0 (  0.0%) |
		[       20:       24)    0 (  0.0%) |
		[       24:       28)    0 (  0.0%) |
		[       28:       32)    0 (  0.0%) |
		[       32:       36)    0 (  0.0%) |
		[       36:       40)    0 (  0.0%) |

Type: LAB
	Input Pin Usage:
		Max: 58.00 (0.64)
		Avg: 35.41 (0.39)
		Min: 0.00 (0.00)
		Histogram:
		[        0:      9.1)  50 (  7.0%) |********
		[      9.1:       18)  10 (  1.4%) |**
		[       18:       27)  48 (  6.7%) |********
		[       27:       36) 217 ( 30.2%) |**********************************
		[       36:       46) 299 ( 41.6%) |***********************************************
		[       46:       55)  88 ( 12.3%) |**************
		[       55:       64)   6 (  0.8%) |*
		[       64:       73)   0 (  0.0%) |
		[       73:       82)   0 (  0.0%) |
		[       82:       91)   0 (  0.0%) |
	Output Pin Usage:
		Max: 20.00 (0.48)
		Avg: 9.96 (0.24)
		Min: 1.00 (0.02)
		Histogram:
		[        0:      4.2) 106 ( 14.8%) |*********************
		[      4.2:      8.4) 152 ( 21.2%) |******************************
		[      8.4:       13) 239 ( 33.3%) |***********************************************
		[       13:       17) 161 ( 22.4%) |********************************
		[       17:       21)  60 (  8.4%) |************
		[       21:       25)   0 (  0.0%) |
		[       25:       29)   0 (  0.0%) |
		[       29:       34)   0 (  0.0%) |
		[       34:       38)   0 (  0.0%) |
		[       38:       42)   0 (  0.0%) |

