#Packing pin usage report
Type: io
	Input Pin Usage:
		Max: 1.00 (0.02)
		Avg: 0.51 (0.01)
		Min: 0.00 (0.00)
		Histogram:
		[        0:      5.5) 2424 (100.0%) |**********************************************
		[      5.5:       11)    0 (  0.0%) |
		[       11:       16)    0 (  0.0%) |
		[       16:       22)    0 (  0.0%) |
		[       22:       28)    0 (  0.0%) |
		[       28:       33)    0 (  0.0%) |
		[       33:       38)    0 (  0.0%) |
		[       38:       44)    0 (  0.0%) |
		[       44:       50)    0 (  0.0%) |
		[       50:       55)    0 (  0.0%) |
	Output Pin Usage:
		Max: 1.00 (0.03)
		Avg: 0.49 (0.01)
		Min: 0.00 (0.00)
		Histogram:
		[        0:        4) 2424 (100.0%) |**********************************************
		[        4:        8)    0 (  0.0%) |
		[        8:       12)    0 (  0.0%) |
		[       12:       16)    0 (  0.0%) |
		[       16:       20)    0 (  0.0%) |
		[       20:       24)    0 (  0.0%) |
		[       24:       28)    0 (  0.0%) |
		[       28:       32)    0 (  0.0%) |
		[       32:       36)    0 (  0.0%) |
		[       36:       40)    0 (  0.0%) |

Type: LAB
	Input Pin Usage:
		Max: 58.00 (0.64)
		Avg: 36.83 (0.40)
		Min: 0.00 (0.00)
		Histogram:
		[        0:      9.1)  17 (  6.9%) |*******
		[      9.1:       18)   6 (  2.4%) |**
		[       18:       27)  13 (  5.3%) |*****
		[       27:       36)  49 ( 20.0%) |*******************
		[       36:       46) 120 ( 49.0%) |***********************************************
		[       46:       55)  38 ( 15.5%) |***************
		[       55:       64)   2 (  0.8%) |*
		[       64:       73)   0 (  0.0%) |
		[       73:       82)   0 (  0.0%) |
		[       82:       91)   0 (  0.0%) |
	Output Pin Usage:
		Max: 20.00 (0.48)
		Avg: 10.08 (0.24)
		Min: 1.00 (0.02)
		Histogram:
		[        0:      4.2) 41 ( 16.7%) |********************************
		[      4.2:      8.4) 57 ( 23.3%) |********************************************
		[      8.4:       13) 62 ( 25.3%) |************************************************
		[       13:       17) 51 ( 20.8%) |***************************************
		[       17:       21) 34 ( 13.9%) |**************************
		[       21:       25)  0 (  0.0%) |
		[       25:       29)  0 (  0.0%) |
		[       29:       34)  0 (  0.0%) |
		[       34:       38)  0 (  0.0%) |
		[       38:       42)  0 (  0.0%) |

