VPR FPGA Placement and Routing.
Version: 8.1.0-dev+unkown
Revision: unkown
Compiled: 2025-02-16T14:22:44
Compiler: GNU 11.4.0 on Linux-6.8.0-47-generic x86_64
Build Info: release IPO VTR_ASSERT_LEVEL=2

University of Toronto
verilogtorouting.org
vtr-users@googlegroups.com
This is free open source code under MIT license.

VPR was run with the following command-line:
vpr /home/xiaokewan/Software/vtr-verilog-to-routing-master/vtr_flow/arch/titan/stratixiv_arch.timing.xml /media/xiaokewan/TOSHIBA/Code_phd/mockturtle/experiments/benchmarks/blif_folder/iwls05_mem_ctrl_dup.blif --route_chan_width 250

Using up to 1 parallel worker(s)

Architecture file: /home/xiaokewan/Software/vtr-verilog-to-routing-master/vtr_flow/arch/titan/stratixiv_arch.timing.xml
Circuit name: iwls05_mem_ctrl_dup

# Loading Architecture Description
# Loading Architecture Description took 0.35 seconds (max_rss 80.6 MiB, delta_rss +65.1 MiB)

Timing analysis: ON
Circuit netlist file: iwls05_mem_ctrl_dup.net
Circuit placement file: iwls05_mem_ctrl_dup.place
Circuit routing file: iwls05_mem_ctrl_dup.route
Circuit SDC file: iwls05_mem_ctrl_dup.sdc
Vpr floorplanning constraints file: not specified

Packer: ENABLED
Placer: ENABLED
Router: ENABLED
Analysis: ENABLED

VPR was run with the following options:

NetlistOpts.abosrb_buffer_luts            : true
NetlistOpts.sweep_dangling_primary_ios    : true
NetlistOpts.sweep_dangling_nets           : true
NetlistOpts.sweep_dangling_blocks         : true
NetlistOpts.sweep_constant_primary_outputs: false
NetlistOpts.netlist_verbosity             : 1
NetlistOpts.const_gen_inference           : COMB_SEQ

PackerOpts.allow_unrelated_clustering: auto
PackerOpts.alpha_clustering: 0.750000
PackerOpts.beta_clustering: 0.900000
PackerOpts.cluster_seed_type: BLEND2
PackerOpts.connection_driven: true
PackerOpts.global_clocks: true
PackerOpts.hill_climbing_flag: false
PackerOpts.inter_cluster_net_delay: 1.000000
PackerOpts.timing_driven: true
PackerOpts.target_external_pin_util: auto

PlacerOpts.place_freq: PLACE_ONCE
PlacerOpts.place_algorithm: CRITICALITY_TIMING_PLACE
PlacerOpts.pad_loc_type: FREE
PlacerOpts.constraints_file: No constraints file given
PlacerOpts.place_cost_exp: 1.000000
PlacerOpts.place_chan_width: 250
PlacerOpts.inner_loop_recompute_divider: 0
PlacerOpts.recompute_crit_iter: 1
PlacerOpts.timing_tradeoff: 0.500000
PlacerOpts.td_place_exp_first: 1.000000
PlacerOpts.td_place_exp_last: 8.000000
PlacerOpts.delay_offset: 0.000000
PlacerOpts.delay_ramp_delta_threshold: -1
PlacerOpts.delay_ramp_slope: 0.000000
PlacerOpts.tsu_rel_margin: 1.000000
PlacerOpts.tsu_abs_margin: 0.000000
PlacerOpts.post_place_timing_report_file: 
PlacerOpts.allowed_tiles_for_delay_model: 
PlacerOpts.delay_model_reducer: MIN
PlacerOpts.delay_model_type: DELTA
PlacerOpts.rlim_escape_fraction: 0.000000
PlacerOpts.move_stats_file: 
PlacerOpts.placement_saves_per_temperature: 0
PlacerOpts.effort_scaling: CIRCUIT
PlacerOpts.place_delta_delay_matrix_calculation_method: ASTAR_ROUTE
PlaceOpts.seed: 1
AnnealSched.type: AUTO_SCHED
AnnealSched.inner_num: 0.500000

RouterOpts.route_type: DETAILED
RouterOpts.flat_routing: false
RouterOpts.has_choking_spot: false
RouterOpts.router_algorithm: TIMING_DRIVEN
RouterOpts.base_cost_type: DELAY_NORMALIZED_LENGTH
RouterOpts.fixed_channel_width: 250
RouterOpts.check_route: FULL
RouterOpts.acc_fac: 1.000000
RouterOpts.bb_factor: 3
RouterOpts.bend_cost: 0.000000
RouterOpts.first_iter_pres_fac: 0.000000
RouterOpts.initial_pres_fac: 0.500000
RouterOpts.pres_fac_mult: 1.300000
RouterOpts.max_router_iterations: 50
RouterOpts.min_incremental_reroute_fanout: 16
RouterOpts.do_check_rr_graph: true
RouterOpts.verify_binary_search: false
RouterOpts.min_channel_width_hint: 0
RouterOpts.read_rr_edge_metadata: false
RouterOpts.exit_after_first_routing_iteration: false
RouterOpts.astar_fac: 1.200000
RouterOpts.router_profiler_astar_fac: 1.200000
RouterOpts.criticality_exp: 1.000000
RouterOpts.max_criticality: 0.990000
RouterOpts.init_wirelength_abort_threshold: 0.850000
RouterOpts.save_routing_per_iteration: false
RouterOpts.congested_routing_iteration_threshold_frac: 1.000000
RouterOpts.high_fanout_threshold: 64
RouterOpts.router_debug_net: -2
RouterOpts.router_debug_sink_rr: -2
RouterOpts.router_debug_iteration: -2
RouterOpts.max_convergence_count: 1
RouterOpts.reconvergence_cpd_threshold: 0.990000
RouterOpts.update_lower_bound_delays: true
RouterOpts.first_iteration_timing_report_file: 
RouterOpts.incr_reroute_delay_ripup: AUTO
RouterOpts.route_bb_update: DYNAMIC
RouterOpts.lookahead_type: MAP
RouterOpts.initial_timing: LOOKAHEAD
RouterOpts.router_heap: BINARY_HEAP
RouterOpts.routing_failure_predictor = SAFE
RouterOpts.routing_budgets_algorithm = DISABLE

AnalysisOpts.gen_post_synthesis_netlist: false
AnalysisOpts.timing_report_npaths: 100
AnalysisOpts.timing_report_skew: false
AnalysisOpts.echo_dot_timing_graph_node: -1
AnalysisOpts.timing_report_detail: NETLIST
AnalysisOpts.post_synth_netlist_unconn_input_handling: UNCONNECTED
AnalysisOpts.post_synth_netlist_unconn_output_handling: UNCONNECTED

# Building complex block graph
# Building complex block graph took 3.99 seconds (max_rss 954.5 MiB, delta_rss +873.9 MiB)
Circuit file: /media/xiaokewan/TOSHIBA/Code_phd/mockturtle/experiments/benchmarks/blif_folder/iwls05_mem_ctrl_dup.blif
# Load circuit
Found constant-zero generator 'new_n3642'
Found constant-zero generator 'new_n3655'
Found constant-zero generator 'new_n3722'
Found constant-zero generator 'new_n3905'
Found constant-zero generator 'new_n4052'
Found constant-zero generator 'new_n4119'
Found constant-zero generator 'new_n4327'
Found constant-zero generator 'new_n4335'
Found constant-zero generator 'new_n5905'
Found constant-zero generator 'new_n6117'
Found constant-zero generator 'new_n6443'
Found constant-zero generator 'new_n6490'
Found constant-zero generator 'new_n6531'
Found constant-zero generator 'new_n7082'
Found constant-one generator 'po0166'
Found constant-zero generator 'po1151'
# Load circuit took 0.07 seconds (max_rss 954.5 MiB, delta_rss +0.0 MiB)
# Clean circuit
Absorbed 226 LUT buffers
Inferred    0 additional primitive pins as constant generators since they have no combinationally connected inputs
Inferred    0 additional primitive pins as constant generators due to constant inputs
Inferred    0 additional primitive pins as constant generators since they have no combinationally connected inputs
Inferred    0 additional primitive pins as constant generators due to constant inputs
Inferred    0 additional primitive pins as constant generators since they have no combinationally connected inputs
Inferred    0 additional primitive pins as constant generators due to constant inputs
Swept input(s)      : 1083
Swept output(s)     : 0 (0 dangling, 0 constant)
Swept net(s)        : 1083
Swept block(s)      : 0
Constant Pins Marked: 0
# Clean circuit took 0.00 seconds (max_rss 954.5 MiB, delta_rss +0.0 MiB)
# Compress circuit
# Compress circuit took 0.00 seconds (max_rss 954.5 MiB, delta_rss +0.0 MiB)
# Verify circuit
# Verify circuit took 0.00 seconds (max_rss 954.5 MiB, delta_rss +0.0 MiB)
Circuit Statistics:
  Blocks: 6467
    .input :    1198
    .output:    1226
    0-LUT  :      16
    6-LUT  :    4027
  Nets  : 5241
    Avg Fanout:     3.7
    Max Fanout:   692.0
    Min Fanout:     1.0
  Netlist Clocks: 0
# Build Timing Graph
  Timing Graph Nodes: 24874
  Timing Graph Edges: 38040
  Timing Graph Levels: 20
# Build Timing Graph took 0.01 seconds (max_rss 954.5 MiB, delta_rss +0.0 MiB)
Netlist contains 0 clocks
# Load Timing Constraints

SDC file 'iwls05_mem_ctrl_dup.sdc' not found
Setting default timing constraints:
   * constrain all primay inputs and primary outputs on a virtual external clock 'virtual_io_clock'
   * optimize virtual clock to run as fast as possible
Timing constraints created 1 clocks
  Constrained Clock 'virtual_io_clock' (Virtual Clock)

# Load Timing Constraints took 0.00 seconds (max_rss 954.5 MiB, delta_rss +0.0 MiB)
# Packing
Warning 1: Block type 'M144K' grid location specification startx (33 = 33) falls outside device horizontal range [0,9]
Warning 2: Block type 'EMPTY' grid location specification startx (33 = 33) falls outside device horizontal range [0,9]
Begin packing '/media/xiaokewan/TOSHIBA/Code_phd/mockturtle/experiments/benchmarks/blif_folder/iwls05_mem_ctrl_dup.blif'.

After removing unused inputs...
	total blocks: 6467, total nets: 5241, total inputs: 1198, total outputs: 1226
Begin prepacking.

There is one chain in this architecture called "LAB_carry_chain" with the following starting points:
	LAB[0]/alm[0]/lut[0]/lcell_comb[0].cin[0]


There is one chain in this architecture called "share_chain" with the following starting points:
	LAB[0]/alm[0]/lut[0]/lcell_comb[0].sharein[0]

0 attraction groups were created during prepacking.
Finish prepacking.
Using inter-cluster delay: 1.01382e-09
✅ Final Pin Utilization: io:1.00,1.00 LAB:0.80,1.00
Packing with pin utilization targets: io:1,1 PLL:1,1 LAB:0.8,1 DSP:1,1 M9K:1,1 M144K:1,1
Packing with high fanout thresholds: io:128 PLL:128 LAB:32 DSP:128 M9K:128 M144K:128
Starting Clustering - Clustering Progress: 
-------------------   --------------------------   ---------
Molecules processed   Number of clusters created   FPGA size
-------------------   --------------------------   ---------
   258/6467      3%                           13    11 x 8     
   516/6467      7%                           27    12 x 9     
   774/6467     11%                           40    13 x 10    
  1032/6467     15%                           54    15 x 11    
  1290/6467     19%                           67    16 x 12    
  1548/6467     23%                           82    17 x 13    
  1806/6467     27%                           97    17 x 13    
  2064/6467     31%                          112    19 x 14    
  2322/6467     35%                          127    19 x 14    
  2580/6467     39%                          143    20 x 15    
  2838/6467     43%                          157    21 x 16    
  3096/6467     47%                          172    21 x 16    
  3354/6467     51%                          187    22 x 16    
  3612/6467     55%                          209    23 x 17    
  3870/6467     59%                          224    24 x 18    
  4128/6467     63%                          329    24 x 18    
  4386/6467     67%                          587    58 x 43    
  4644/6467     71%                          845    95 x 70    
  4902/6467     75%                         1103   132 x 98    
  5160/6467     79%                         1361   169 x 125   
  5418/6467     83%                         1619   206 x 153   
  5676/6467     87%                         1877   243 x 180   
  5934/6467     91%                         2135   280 x 207   
  6192/6467     95%                         2393   317 x 235   
  6450/6467     99%                         2651   354 x 262   
Incr Slack updates 1 in 0.000291323 sec
Full Max Req/Worst Slack updates 1 in 1.4587e-05 sec
Incr Max Req/Worst Slack updates 0 in 0 sec
Incr Criticality updates 0 in 0 sec
Full Criticality updates 1 in 0.00121332 sec
FPGA sized to 356 x 264 (auto)
Device Utilization: 0.02 (target 1.00)
	Block Utilization: 1.00 Type: io
	Block Utilization: 0.00 Type: LAB

Start the iterative improvement process
the iterative improvement process is done
Final Clustering Statistics: 
----------   --------   ------------------------------------   --------------------------
Block Type   # Blocks   Avg. # of input clocks and pins used   Avg. # of output pins used
----------   --------   ------------------------------------   --------------------------
     EMPTY          0                                      0                            0   
        io       2424                               0.505776                     0.494224   
       PLL          0                                      0                            0   
       LAB        245                                36.8286                      10.0816   
       DSP          0                                      0                            0   
       M9K          0                                      0                            0   
     M144K          0                                      0                            0   
Absorbed logical nets 1573 out of 5241 nets, 3668 nets not absorbed.

Netlist conversion complete.

# Packing took 73.26 seconds (max_rss 1000.8 MiB, delta_rss +46.3 MiB)
# Load packing
Begin loading packed FPGA netlist file.
Netlist generated from file 'iwls05_mem_ctrl_dup.net'.
Detected 16 constant generators (to see names run with higher pack verbosity)
Finished loading packed FPGA netlist file (took 0.247438 seconds).
Warning 3: Treated 16 constant nets as global which will not be routed (to see net names increase packer verbosity).
# Load packing took 0.31 seconds (max_rss 1038.9 MiB, delta_rss +38.1 MiB)
Warning 4: Netlist contains 77 global net to non-global architecture pin connections
Warning 5: Logic block #241 (new_n4327) has only 1 output pin 'new_n4327.data_out[6]'. It may be a constant generator.
Warning 6: Logic block #242 (new_n4335) has only 1 output pin 'new_n4335.data_out[6]'. It may be a constant generator.
Warning 7: Logic block #243 (po0166) has only 1 output pin 'po0166.data_out[6]'. It may be a constant generator.
Warning 8: Logic block #244 (po1151) has only 1 output pin 'po1151.data_out[6]'. It may be a constant generator.

Pb types usage...
  io         : 2424
   pad       : 2424
    inpad    : 1198
    outpad   : 1226
  LAB        : 245
   alm       : 2244
    lut      : 4043
     lut6    : 4043
      lut    : 4043

# Create Device
## Build Device Grid
FPGA sized to 356 x 264: 93984 grid tiles (auto)

Resource usage...
	Netlist
		2424	blocks of type: io
	Architecture
		2424	blocks of type: io
	Netlist
		0	blocks of type: PLL
	Architecture
		16	blocks of type: PLL
	Netlist
		245	blocks of type: LAB
	Architecture
		83720	blocks of type: LAB
	Netlist
		0	blocks of type: DSP
	Architecture
		585	blocks of type: DSP
	Netlist
		0	blocks of type: M9K
	Architecture
		3380	blocks of type: M9K
	Netlist
		0	blocks of type: M144K
	Architecture
		256	blocks of type: M144K

Device Utilization: 0.02 (target 1.00)
	Physical Tile io:
	Block Utilization: 1.00 Logical Block: io
	Physical Tile PLL:
	Block Utilization: 0.00 Logical Block: PLL
	Physical Tile LAB:
	Block Utilization: 0.00 Logical Block: LAB
	Physical Tile DSP:
	Block Utilization: 0.00 Logical Block: DSP
	Physical Tile M9K:
	Block Utilization: 0.00 Logical Block: M9K
	Physical Tile M144K:
	Block Utilization: 0.00 Logical Block: M144K

FPGA size limited by block type(s): io

## Build Device Grid took 0.72 seconds (max_rss 1039.1 MiB, delta_rss +0.0 MiB)
## Build routing resource graph
SOURCE->OPIN and IPIN->SINK edge count:12337607
OPIN->CHANX/CHANY edge count before creating direct connections: 60952700
OPIN->CHANX/CHANY edge count after creating direct connections: 64710476
CHAN->CHAN type edge count:174552020
## Build routing resource graph took 130.64 seconds (max_rss 9631.8 MiB, delta_rss +8592.8 MiB)
  RR Graph Nodes: 24859282
  RR Graph Edges: 251600103
# Create Device took 134.76 seconds (max_rss 9631.8 MiB, delta_rss +8592.8 MiB)

# Computing router lookahead map
## Computing wire lookahead
## Computing wire lookahead took 1508.23 seconds (max_rss 9631.8 MiB, delta_rss +0.0 MiB)
## Computing src/opin lookahead
## Computing src/opin lookahead took 0.00 seconds (max_rss 9631.8 MiB, delta_rss +0.0 MiB)
# Computing router lookahead map took 1508.23 seconds (max_rss 9631.8 MiB, delta_rss +0.0 MiB)
# Computing placement delta delay look-up
RR graph channel widths unchanged, skipping RR graph rebuild
## Computing delta delays
## Computing delta delays took 13016.90 seconds (max_rss 9631.8 MiB, delta_rss +0.0 MiB)
# Computing placement delta delay look-up took 13017.35 seconds (max_rss 9631.8 MiB, delta_rss +0.0 MiB)

Bounding box mode is Cube

Using simple RL 'Softmax agent' for choosing move and block types
# Placement
## Initial Placement
Initial placement iteration 0 has finished successfully
## Initial Placement took 0.01 seconds (max_rss 9631.8 MiB, delta_rss +0.0 MiB)

There are 10186 point to point connections in this circuit.


BB estimate of min-dist (placement) wire length: 741430

Completed placement consistency check successfully.
Initial placement cost: 1 bb_cost: 2965.72 td_cost: 1.16527e-05
Initial placement estimated Critical Path Delay (CPD): 40.1379 ns
Initial placement estimated setup Total Negative Slack (sTNS): -22724.8 ns
Initial placement estimated setup Worst Negative Slack (sWNS): -40.1379 ns

Initial placement estimated setup slack histogram:
[   -4e-08: -3.7e-08)   6 (  0.5%) |*
[ -3.7e-08: -3.3e-08)  60 (  4.9%) |*********
[ -3.3e-08: -2.9e-08) 113 (  9.2%) |*****************
[ -2.9e-08: -2.6e-08)  51 (  4.2%) |********
[ -2.6e-08: -2.2e-08) 122 ( 10.0%) |*******************
[ -2.2e-08: -1.9e-08) 147 ( 12.0%) |***********************
[ -1.9e-08: -1.5e-08) 305 ( 24.9%) |***********************************************
[ -1.5e-08: -1.2e-08) 205 ( 16.7%) |********************************
[ -1.2e-08: -8.2e-09)  47 (  3.8%) |*******
[ -8.2e-09: -4.7e-09) 168 ( 13.7%) |**************************
Placement contains 0 placement macros involving 0 blocks (average macro size -nan)

Moves per temperature: 18506
Warning 9: Starting t: 727 of 2669 configurations accepted.

---- ------ ------- ------- ---------- ---------- ------- ---------- -------- ------- ------- ------ -------- --------- ------
Tnum   Time       T Av Cost Av BB Cost Av TD Cost     CPD       sTNS     sWNS Ac Rate Std Dev  R lim Crit Exp Tot Moves  Alpha
      (sec)                                          (ns)       (ns)     (ns)                                                 
---- ------ ------- ------- ---------- ---------- ------- ---------- -------- ------- ------- ------ -------- --------- ------
   1    0.0 5.4e-04   0.978    2449.86 9.0277e-06  42.595  -2.12e+04  -42.595   0.867  0.0284  355.0     1.00     18506  0.200
   2    0.0 4.9e-04   0.975    2268.18 1.3192e-05  26.300   -1.9e+04  -26.300   0.866  0.0093  355.0     1.00     37012  0.900
   3    0.0 4.4e-04   0.980    2236.13 1.3941e-05  24.674  -1.93e+04  -24.674   0.855  0.0084  355.0     1.00     55518  0.900
   4    0.0 3.9e-04   0.997    2225.04 1.4169e-05  23.950  -1.92e+04  -23.950   0.839  0.0051  355.0     1.00     74024  0.900
   5    0.0 3.5e-04   0.994    2211.76 1.3837e-05  23.866  -1.86e+04  -23.866   0.826  0.0044  355.0     1.00     92530  0.900
   6    0.0 3.2e-04   0.981    2198.70 1.3996e-05  23.495   -1.9e+04  -23.495   0.812  0.0058  355.0     1.00    111036  0.900
   7    0.0 2.9e-04   0.984    2179.42 1.4322e-05  22.347  -1.85e+04  -22.347   0.793  0.0041  355.0     1.00    129542  0.900
   8    0.0 2.7e-04   0.984    2169.10 1.3311e-05  24.245  -1.92e+04  -24.245   0.784  0.0068  355.0     1.00    148048  0.950
   9    0.0 2.6e-04   0.986    2158.90 1.317e-05   24.169   -1.9e+04  -24.169   0.769  0.0065  355.0     1.00    166554  0.950
  10    0.0 2.5e-04   0.988    2156.59 1.3188e-05  23.437  -1.87e+04  -23.437   0.746  0.0036  355.0     1.00    185060  0.950
  11    0.0 2.3e-04   0.983    2132.69 1.2799e-05  23.938  -1.87e+04  -23.938   0.746  0.0054  355.0     1.00    203566  0.950
  12    0.0 2.2e-04   0.989    2114.31 1.2513e-05  24.012  -1.85e+04  -24.012   0.734  0.0099  355.0     1.00    222072  0.950
  13    0.0 2.1e-04   0.993    2100.36 1.2418e-05  23.588  -1.86e+04  -23.588   0.715  0.0030  355.0     1.00    240578  0.950
  14    0.0 2.0e-04   0.983    2093.94 1.2365e-05  23.538  -1.86e+04  -23.538   0.702  0.0063  355.0     1.00    259084  0.950
  15    0.0 1.9e-04   0.999    2090.45 1.2381e-05  23.335  -1.85e+04  -23.335   0.702  0.0023  355.0     1.00    277590  0.950
  16    0.0 1.8e-04   0.988    2080.43 1.1477e-05  25.508  -1.88e+04  -25.508   0.694  0.0039  355.0     1.00    296096  0.950
  17    0.0 1.7e-04   0.985    2066.38 1.1389e-05  25.010  -1.87e+04  -25.010   0.676  0.0052  355.0     1.00    314602  0.950
  18    0.0 1.6e-04   0.981    2044.85 1.1563e-05  24.168  -1.84e+04  -24.168   0.672  0.0079  355.0     1.00    333108  0.950
  19    0.0 1.5e-04   0.983    2031.18 1.1203e-05  24.450  -1.85e+04  -24.450   0.647  0.0049  355.0     1.00    351614  0.950
  20    0.0 1.5e-04   0.976    2001.10 1.0658e-05  25.062  -1.83e+04  -25.062   0.627  0.0090  355.0     1.00    370120  0.950
  21    0.0 1.4e-04   0.988    1972.30 1.0371e-05  25.020  -1.83e+04  -25.020   0.612  0.0095  355.0     1.00    388626  0.950
  22    0.0 1.3e-04   0.978    1916.88 9.6349e-06  25.886  -1.82e+04  -25.886   0.592  0.0076  355.0     1.00    407132  0.950
  23    0.0 1.3e-04   0.984    1889.80 9.6295e-06  25.618  -1.83e+04  -25.618   0.581  0.0075  355.0     1.00    425638  0.950
  24    0.0 1.2e-04   0.978    1842.82 9.3439e-06  25.472  -1.79e+04  -25.472   0.570  0.0103  355.0     1.00    444144  0.950
  25    0.0 1.1e-04   0.977    1796.87 9.1111e-06  25.698   -1.8e+04  -25.698   0.550  0.0092  355.0     1.00    462650  0.950
  26    0.0 1.1e-04   0.981    1765.31 9.0525e-06  25.031  -1.78e+04  -25.031   0.530  0.0078  355.0     1.00    481156  0.950
  27    0.0 1.0e-04   0.985    1746.37 8.3759e-06  26.652  -1.78e+04  -26.652   0.536  0.0062  355.0     1.00    499662  0.950
  28    0.0 9.8e-05   0.982    1717.57 8.7234e-06  24.755  -1.74e+04  -24.755   0.527  0.0070  355.0     1.00    518168  0.950
  29    0.0 9.3e-05   0.980    1683.72 8.1485e-06  25.877  -1.74e+04  -25.877   0.505  0.0090  355.0     1.00    536674  0.950
  30    0.0 8.8e-05   0.987    1656.98 7.9515e-06  25.798  -1.69e+04  -25.798   0.502  0.0054  355.0     1.00    555180  0.950
  31    0.0 8.4e-05   0.985    1632.60 7.9292e-06  25.675  -1.74e+04  -25.675   0.486  0.0068  355.0     1.00    573686  0.950
  32    0.0 7.9e-05   0.986    1609.35 7.9844e-06  25.017   -1.7e+04  -25.017   0.471  0.0063  355.0     1.00    592192  0.950
  33    0.0 7.6e-05   0.991    1590.44 7.5259e-06  25.977  -1.69e+04  -25.977   0.452  0.0055  355.0     1.00    610698  0.950
  34    0.0 7.2e-05   0.993    1569.03 7.7344e-06  24.673  -1.64e+04  -24.673   0.443  0.0035  355.0     1.00    629204  0.950
  35    0.0 6.8e-05   0.991    1557.56 7.5589e-06  25.022  -1.66e+04  -25.022   0.432  0.0034  355.0     1.00    647710  0.950
  36    0.0 6.5e-05   0.990    1550.73 7.0347e-06  26.078  -1.64e+04  -26.078   0.422  0.0057  352.2     1.05    666216  0.950
  37    0.0 6.2e-05   0.988    1531.28 6.5958e-06  25.525  -1.68e+04  -25.525   0.406  0.0053  346.0     1.18    684722  0.950
  38    0.0 5.8e-05   0.990    1524.00 6.0403e-06  24.306  -1.62e+04  -24.306   0.400  0.0041  334.3     1.41    703228  0.950
  39    0.0 5.6e-05   0.983    1512.99 5.3853e-06  24.369  -1.66e+04  -24.369   0.391  0.0072  320.8     1.68    721734  0.950
  40    0.0 5.3e-05   0.986    1499.04 4.1203e-06  24.935  -1.61e+04  -24.935   0.381  0.0056  304.9     1.99    740240  0.950
  41    0.0 5.0e-05   0.983    1487.24 3.9233e-06  23.453  -1.62e+04  -23.453   0.367  0.0076  287.0     2.34    758746  0.950
  42    0.0 4.8e-05   0.982    1474.49 3.128e-06   23.724   -1.6e+04  -23.724   0.351  0.0074  266.2     2.76    777252  0.950
  43    0.0 4.5e-05   0.982    1462.35 2.3824e-06  23.580  -1.57e+04  -23.580   0.347  0.0076  242.6     3.22    795758  0.950
  44    0.0 4.3e-05   0.981    1457.49 1.9579e-06  23.587  -1.56e+04  -23.587   0.347  0.0071  220.0     3.67    814264  0.950
  45    0.0 4.1e-05   0.979    1454.13 1.903e-06   22.431  -1.55e+04  -22.431   0.339  0.0089  199.5     4.08    832770  0.950
  46    0.0 3.9e-05   0.979    1443.97 1.5299e-06  23.056  -1.59e+04  -23.056   0.325  0.0074  179.4     4.47    851276  0.950
  47    0.0 3.7e-05   0.978    1441.07 1.2789e-06  22.755  -1.52e+04  -22.755   0.328  0.0079  158.7     4.88    869782  0.950
  48    0.0 3.5e-05   0.976    1434.07 1.0694e-06  22.755  -1.52e+04  -22.755   0.324  0.0089  140.9     5.23    888288  0.950
  49    0.0 3.3e-05   0.978    1428.18 8.9902e-07  23.020  -1.53e+04  -23.020   0.316  0.0088  124.5     5.56    906794  0.950
  50    0.0 3.2e-05   0.974    1427.00 1.0783e-06  21.692  -1.53e+04  -21.692   0.304  0.0101  109.1     5.86    925300  0.950
  51    0.0 3.0e-05   0.976    1419.59 1.2195e-06  20.655  -1.52e+04  -20.655   0.308  0.0104   94.2     6.16    943806  0.950
  52    0.0 2.8e-05   0.977    1414.19 1.1294e-06  20.591   -1.5e+04  -20.591   0.309  0.0092   81.8     6.40    962312  0.950
  53    0.0 2.7e-05   0.973    1408.40 1.1713e-06  20.271  -1.53e+04  -20.271   0.292  0.0114   71.0     6.62    980818  0.950
  54    0.0 2.6e-05   0.973    1401.77 9.507e-07   20.722  -1.49e+04  -20.722   0.294  0.0109   60.6     6.82    999324  0.950
  55    0.0 2.4e-05   0.985    1402.10 9.4139e-07  20.583   -1.5e+04  -20.583   0.402  0.0066   51.7     7.00   1017830  0.950
  56    0.0 2.3e-05   0.981    1396.29 1.0088e-06  20.178  -1.49e+04  -20.178   0.400  0.0087   49.7     7.04   1036336  0.950
  57    0.0 2.2e-05   0.981    1387.13 9.3811e-07  20.521  -1.53e+04  -20.521   0.390  0.0085   47.7     7.08   1054842  0.950
  58    0.0 2.1e-05   0.982    1379.80 1.2346e-06  19.539  -1.51e+04  -19.539   0.380  0.0088   45.3     7.12   1073348  0.950
  59    0.0 2.0e-05   0.982    1370.47 1.0772e-06  19.800  -1.49e+04  -19.800   0.379  0.0071   42.6     7.18   1091854  0.950
  60    0.0 1.9e-05   0.985    1368.70 1.0492e-06  19.702  -1.48e+04  -19.702   0.371  0.0062   40.0     7.23   1110360  0.950
  61    0.0 1.8e-05   0.979    1362.89 5.4467e-07  21.747   -1.5e+04  -21.747   0.372  0.0090   37.3     7.28   1128866  0.950
  62    0.0 1.7e-05   0.979    1355.90 8.003e-07   20.624   -1.5e+04  -20.624   0.360  0.0100   34.7     7.33   1147372  0.950
  63    0.0 1.6e-05   0.983    1353.85 7.6446e-07  21.261  -1.54e+04  -21.261   0.352  0.0080   32.0     7.39   1165878  0.950
  64    0.0 1.5e-05   0.986    1348.42 7.5341e-07  20.353  -1.47e+04  -20.353   0.354  0.0058   29.1     7.44   1184384  0.950
  65    0.0 1.5e-05   0.978    1354.85 6.4943e-07  21.786  -1.55e+04  -21.786   0.359  0.0078   26.6     7.49   1202890  0.950
  66    0.0 1.4e-05   0.981    1349.40 7.3518e-07  21.221  -1.55e+04  -21.221   0.358  0.0091   24.5     7.54   1221396  0.950
  67    0.0 1.3e-05   0.981    1344.75 6.3503e-07  22.015  -1.57e+04  -22.015   0.343  0.0083   22.5     7.58   1239902  0.950
  68    0.0 1.3e-05   0.981    1341.24 7.2574e-07  21.268  -1.54e+04  -21.268   0.348  0.0078   20.3     7.62   1258408  0.950
  69    0.0 1.2e-05   0.980    1334.81 6.3944e-07  21.741  -1.56e+04  -21.741   0.352  0.0086   18.4     7.65   1276914  0.950
  70    0.0 1.1e-05   0.966    1331.53 6.3635e-07  22.581  -1.54e+04  -22.581   0.348  0.0138   16.8     7.69   1295420  0.950
  71    0.0 1.1e-05   0.964    1326.43 6.1467e-07  22.016  -1.56e+04  -22.016   0.340  0.0096   15.3     7.72   1313926  0.950
  72    0.0 1.0e-05   0.973    1323.36 6.3138e-07  21.798  -1.54e+04  -21.798   0.345  0.0105   13.8     7.75   1332432  0.950
  73    0.0 9.7e-06   0.975    1320.78 4.4268e-07  22.927  -1.55e+04  -22.927   0.341  0.0117   12.4     7.77   1350938  0.950
  74    0.0 9.2e-06   0.969    1322.58 5.6366e-07  22.112  -1.53e+04  -22.112   0.344  0.0114   11.2     7.80   1369444  0.950
  75    0.0 8.8e-06   0.966    1319.62 4.7731e-07  23.145  -1.56e+04  -23.145   0.329  0.0138   10.1     7.82   1387950  0.950
  76    0.0 8.3e-06   0.962    1316.43 6.1078e-07  21.853  -1.53e+04  -21.853   0.337  0.0150    9.0     7.84   1406456  0.950
  77    0.0 7.9e-06   0.975    1315.08 5.9107e-07  21.939  -1.54e+04  -21.939   0.338  0.0114    8.1     7.86   1424962  0.950
  78    0.0 7.5e-06   0.966    1314.17 5.3899e-07  22.869  -1.54e+04  -22.869   0.339  0.0158    7.3     7.88   1443468  0.950
  79    0.0 7.1e-06   0.968    1315.45 6.1788e-07  22.472  -1.55e+04  -22.472   0.329  0.0123    6.5     7.89   1461974  0.950
  80    0.0 6.8e-06   0.964    1312.15 4.4239e-07  22.890  -1.54e+04  -22.890   0.338  0.0163    5.8     7.90   1480480  0.950
  81    0.0 6.4e-06   0.967    1310.68 4.8143e-07  23.641   -1.6e+04  -23.641   0.336  0.0111    5.2     7.92   1498986  0.950
  82    0.0 6.1e-06   0.958    1310.55 6.4323e-07  22.190  -1.54e+04  -22.190   0.333  0.0145    4.7     7.93   1517492  0.950
  83    0.0 5.8e-06   0.960    1306.70 5.7855e-07  21.851  -1.55e+04  -21.851   0.330  0.0130    4.2     7.94   1535998  0.950
  84    0.0 5.5e-06   0.961    1308.31 5.8583e-07  22.553  -1.52e+04  -22.553   0.330  0.0142    3.7     7.95   1554504  0.950
  85    0.0 5.2e-06   0.967    1310.21 6.664e-07   22.179  -1.54e+04  -22.179   0.324  0.0137    3.3     7.95   1573010  0.950
  86    0.0 5.0e-06   0.960    1311.21 5.4234e-07  22.943  -1.55e+04  -22.943   0.348  0.0124    2.9     7.96   1591516  0.950
  87    0.0 4.7e-06   0.962    1308.73 6.8043e-07  21.982  -1.52e+04  -21.982   0.347  0.0146    2.7     7.97   1610022  0.950
  88    0.0 4.5e-06   0.969    1307.17 6.7053e-07  21.964  -1.53e+04  -21.964   0.338  0.0122    2.4     7.97   1628528  0.950
  89    0.0 4.3e-06   0.940    1303.86 3.0822e-07  25.536   -1.6e+04  -25.536   0.343  0.0183    2.2     7.98   1647034  0.950
  90    0.0 4.1e-06   0.966    1304.24 3.1017e-07  24.636  -1.54e+04  -24.636   0.318  0.0146    2.0     7.98   1665540  0.950
  91    0.0 3.9e-06   0.964    1303.31 7.2969e-07  21.819  -1.56e+04  -21.819   0.298  0.0126    1.7     7.99   1684046  0.950
  92    0.0 3.7e-06   0.950    1303.72 6.072e-07   21.810  -1.54e+04  -21.810   0.297  0.0157    1.5     7.99   1702552  0.950
  93    0.0 3.5e-06   0.948    1303.72 2.8119e-07  24.729  -1.53e+04  -24.729   0.294  0.0192    1.3     7.99   1721058  0.950
  94    0.0 3.3e-06   0.959    1304.53 4.449e-07   22.775  -1.54e+04  -22.775   0.293  0.0120    1.1     8.00   1739564  0.950
  95    0.0 3.1e-06   0.956    1306.20 6.4872e-07  22.027  -1.54e+04  -22.027   0.288  0.0150    1.0     8.00   1758070  0.950
  96    0.0 3.0e-06   0.951    1306.08 4.1645e-07  23.080  -1.55e+04  -23.080   0.286  0.0165    1.0     8.00   1776576  0.950
  97    0.0 2.8e-06   0.957    1306.35 4.1164e-07  24.436   -1.6e+04  -24.436   0.282  0.0186    1.0     8.00   1795082  0.950
  98    0.0 2.7e-06   0.940    1307.24 4.1381e-07  23.248  -1.56e+04  -23.248   0.285  0.0222    1.0     8.00   1813588  0.950
  99    0.0 2.6e-06   0.950    1299.49 3.6427e-07  24.923  -1.59e+04  -24.923   0.284  0.0166    1.0     8.00   1832094  0.950
 100    0.0 2.4e-06   0.949    1303.88 2.4154e-07  25.082  -1.55e+04  -25.082   0.283  0.0158    1.0     8.00   1850600  0.950
 101    0.0 2.3e-06   0.953    1302.51 3.0167e-07  24.683  -1.55e+04  -24.683   0.276  0.0166    1.0     8.00   1869106  0.950
 102    0.0 2.2e-06   0.964    1301.10 2.9319e-07  24.926  -1.55e+04  -24.926   0.256  0.0141    1.0     8.00   1887612  0.950
 103    0.0 2.1e-06   0.966    1301.54 5.3101e-07  23.375  -1.59e+04  -23.375   0.259  0.0107    1.0     8.00   1906118  0.950
 104    0.0 2.0e-06   0.947    1301.88 5.4918e-07  22.020  -1.55e+04  -22.020   0.247  0.0191    1.0     8.00   1924624  0.950
 105    0.0 1.9e-06   0.959    1300.76 5.332e-07   23.375  -1.59e+04  -23.375   0.251  0.0136    1.0     8.00   1943130  0.950
 106    0.0 1.8e-06   0.955    1301.66 5.0984e-07  23.052   -1.6e+04  -23.052   0.247  0.0160    1.0     8.00   1961636  0.950
 107    0.0 1.7e-06   0.953    1302.64 6.8876e-07  21.989  -1.54e+04  -21.989   0.242  0.0202    1.0     8.00   1980142  0.950
 108    0.0 1.6e-06   0.950    1302.96 4.6301e-07  23.388   -1.6e+04  -23.388   0.245  0.0160    1.0     8.00   1998648  0.950
 109    0.0 1.5e-06   0.958    1300.89 7.1899e-07  22.513  -1.59e+04  -22.513   0.231  0.0152    1.0     8.00   2017154  0.950
 110    0.0 1.5e-06   0.949    1300.69 4.3623e-07  22.867  -1.55e+04  -22.867   0.234  0.0222    1.0     8.00   2035660  0.950
 111    0.0 1.4e-06   0.949    1300.62 6.134e-07   21.773  -1.54e+04  -21.773   0.218  0.0151    1.0     8.00   2054166  0.950
 112    0.0 1.3e-06   0.960    1301.25 5.6177e-07  21.957  -1.53e+04  -21.957   0.221  0.0151    1.0     8.00   2072672  0.950
 113    0.1 0.0e+00   0.967    1300.09 6.8563e-07  22.052  -1.55e+04  -22.052   0.069  0.0162    1.0     8.00   2091178  0.950
## Placement Quench took 0.06 seconds (max_rss 9631.8 MiB)
post-quench CPD = 21.8973 (ns) 

BB estimate of min-dist (placement) wire length: 324969

Completed placement consistency check successfully.

Swaps called: 2093847

Aborted Move Reasons:
  No moves aborted

Placement estimated critical path delay (least slack): 21.8973 ns, Fmax: 45.6677 MHz
Placement estimated setup Worst Negative Slack (sWNS): -21.8973 ns
Placement estimated setup Total Negative Slack (sTNS): -15608.1 ns

Placement estimated setup slack histogram:
[ -2.2e-08:   -2e-08)  14 (  1.1%) |***
[   -2e-08: -1.8e-08) 104 (  8.5%) |********************
[ -1.8e-08: -1.7e-08) 223 ( 18.2%) |*******************************************
[ -1.7e-08: -1.5e-08) 199 ( 16.3%) |***************************************
[ -1.5e-08: -1.3e-08) 105 (  8.6%) |********************
[ -1.3e-08: -1.1e-08) 130 ( 10.6%) |*************************
[ -1.1e-08: -9.7e-09) 130 ( 10.6%) |*************************
[ -9.7e-09:   -8e-09)  54 (  4.4%) |***********
[   -8e-09: -6.3e-09)  24 (  2.0%) |*****
[ -6.3e-09: -4.5e-09) 241 ( 19.7%) |***********************************************

Placement estimated geomean non-virtual intra-domain period: nan ns (nan MHz)
Placement estimated fanout-weighted geomean non-virtual intra-domain period: nan ns (nan MHz)

Placement cost: 0.945636, bb_cost: 1299.87, td_cost: 7.17839e-07, 

Placement resource usage:
  io  implemented as io : 2424
  LAB implemented as LAB: 245

Placement number of temperatures: 113
Placement total # of swap attempts: 2093847
	Swaps accepted:  887045 (42.4 %)
	Swaps rejected: 1113353 (53.2 %)
	Swaps aborted:   93449 ( 4.5 %)


Placement perturbation distribution by block and move type: 
------------------ ----------------- ---------------- ---------------- --------------- ------------ 
    Block Type         Move Type       (%) of Total      Accepted(%)     Rejected(%)    Aborted(%)
------------------ ----------------- ---------------- ---------------- --------------- ------------ 
io                 Uniform                22.67            32.52           67.48          0.00         
                   Median                 22.56            47.77           43.41          8.82         
                   Centroid               22.57            49.25           45.47          5.28         
                   W. Centroid            22.61            49.29           45.47          5.24         
                   W. Median              0.12             9.54            68.97          21.49        
                   Crit. Uniform          0.04             1.51            98.49          0.00         
                   Feasible Region        0.04             2.51            74.78          22.71        

LAB                Uniform                2.29             3.74            96.26          0.00         
                   Median                 2.30             33.49           63.83          2.68         
                   Centroid               2.30             22.64           77.36          0.00         
                   W. Centroid            2.30             24.22           75.78          0.00         
                   W. Median              0.01             2.14            92.53          5.34         
                   Crit. Uniform          0.09             0.49            99.51          0.00         
                   Feasible Region        0.09             0.31            99.69          0.00         


Placement Quench timing analysis took 0.0173264 seconds (0.0166625 STA, 0.000663915 slack) (1 full updates: 1 setup, 0 hold, 0 combined).
Placement Total  timing analysis took 2.01568 seconds (1.94103 STA, 0.0746514 slack) (115 full updates: 115 setup, 0 hold, 0 combined).
update_td_costs: connections 0 nets 0 sum_nets 0 total 0
# Placement took 5.38 seconds (max_rss 9631.8 MiB, delta_rss +0.0 MiB)

# Routing
RR graph channel widths unchanged, skipping RR graph rebuild
Confirming router algorithm: TIMING_DRIVEN.
## Initializing router criticalities
Initial Net Connection Criticality Histogram:
[        0:      0.1)   63 (  0.6%) |*
[      0.1:      0.2)    0 (  0.0%) |
[      0.2:      0.3)    0 (  0.0%) |
[      0.3:      0.4)  357 (  3.5%) |******
[      0.4:      0.5)  539 (  5.3%) |*********
[      0.5:      0.6) 1919 ( 18.7%) |********************************
[      0.6:      0.7) 1701 ( 16.6%) |****************************
[      0.7:      0.8) 1094 ( 10.7%) |******************
[      0.8:      0.9) 1784 ( 17.4%) |*****************************
[      0.9:        1) 2792 ( 27.2%) |**********************************************
## Initializing router criticalities took 0.10 seconds (max_rss 9631.8 MiB, delta_rss +0.0 MiB)
---- ------ ------- ---- ------- ------- ------- ----------------- --------------- -------- ---------- ---------- ---------- ---------- --------
Iter   Time    pres  BBs    Heap  Re-Rtd  Re-Rtd Overused RR Nodes      Wirelength      CPD       sTNS       sWNS       hTNS       hWNS Est Succ
      (sec)     fac Updt    push    Nets   Conns                                       (ns)       (ns)       (ns)       (ns)       (ns)     Iter
---- ------ ------- ---- ------- ------- ------- ----------------- --------------- -------- ---------- ---------- ---------- ---------- --------
   1    0.6     0.0    0 7499989    3652   10186    7743 ( 0.031%)  363105 ( 0.8%)   22.857 -1.648e+04    -22.857      0.000      0.000      N/A
Incr Slack updates 115 in 0.0154168 sec
Full Max Req/Worst Slack updates 80 in 0.00107039 sec
Incr Max Req/Worst Slack updates 35 in 0.000643402 sec
Incr Criticality updates 1 in 0.000258968 sec
Full Criticality updates 114 in 0.0536648 sec
   2    0.5     0.5   56 5857722    2603    8650    2257 ( 0.009%)  355133 ( 0.8%)   22.849 -1.655e+04    -22.849      0.000      0.000      N/A
   3    0.3     0.6    8 2985748    1342    5560    1341 ( 0.005%)  357325 ( 0.8%)   22.796 -1.656e+04    -22.796      0.000      0.000      N/A
   4    0.2     0.8    1 2252565     941    4481     964 ( 0.004%)  356545 ( 0.8%)   22.796 -1.659e+04    -22.796      0.000      0.000      N/A
   5    0.2     1.1    1 1597828     683    3341     630 ( 0.003%)  356784 ( 0.8%)   22.796 -1.659e+04    -22.796      0.000      0.000      N/A
   6    0.2     1.4    0 1286091     507    2581     420 ( 0.002%)  356587 ( 0.8%)   22.796 -1.658e+04    -22.796      0.000      0.000      N/A
   7    0.1     1.9    1  907169     358    1791     241 ( 0.001%)  356906 ( 0.8%)   22.854 -1.660e+04    -22.854      0.000      0.000      N/A
   8    0.1     2.4    0  692173     281    1332     140 ( 0.001%)  356743 ( 0.8%)   22.854 -1.661e+04    -22.854      0.000      0.000      N/A
   9    0.1     3.1    0  391962     165     779      61 ( 0.000%)  356858 ( 0.8%)   22.854 -1.660e+04    -22.854      0.000      0.000      N/A
  10    0.1     4.1    1  274953     102     497      27 ( 0.000%)  356944 ( 0.8%)   22.854 -1.661e+04    -22.854      0.000      0.000       16
  11    0.1     5.3    0  205079      64     364      11 ( 0.000%)  356925 ( 0.8%)   22.854 -1.660e+04    -22.854      0.000      0.000       15
  12    0.1     6.9    0  137341      41     198       5 ( 0.000%)  356929 ( 0.8%)   22.857 -1.661e+04    -22.857      0.000      0.000       14
  13    0.1     9.0    0  114421      33     165       2 ( 0.000%)  356969 ( 0.8%)   22.857 -1.660e+04    -22.857      0.000      0.000       14
  14    0.1    11.6    0  104948      28     151       1 ( 0.000%)  356953 ( 0.8%)   22.857 -1.660e+04    -22.857      0.000      0.000       14
  15    0.1    15.1    0  110392      28     167       1 ( 0.000%)  357005 ( 0.8%)   22.857 -1.660e+04    -22.857      0.000      0.000       14
  16    0.1    19.7    0  100747      28     151       0 ( 0.000%)  356981 ( 0.8%)   22.857 -1.660e+04    -22.857      0.000      0.000       14
Restoring best routing
Critical path: 22.857 ns
Successfully routed after 16 routing iterations.
Final Net Connection Criticality Histogram:
[        0:      0.1)   63 (  0.6%) |*
[      0.1:      0.2)    0 (  0.0%) |
[      0.2:      0.3)  475 (  4.6%) |********
[      0.3:      0.4)  386 (  3.8%) |******
[      0.4:      0.5) 1457 ( 14.2%) |************************
[      0.5:      0.6) 1665 ( 16.2%) |***************************
[      0.6:      0.7) 2795 ( 27.3%) |**********************************************
[      0.7:      0.8) 2367 ( 23.1%) |***************************************
[      0.8:      0.9)  906 (  8.8%) |***************
[      0.9:        1)  135 (  1.3%) |**
Router Stats: total_nets_routed: 10856 total_connections_routed: 40394 total_heap_pushes: 24519128 total_heap_pops: 2446864 total_internal_heap_pushes: 0 total_internal_heap_pops: 0 total_external_heap_pushes: 24519128 total_external_heap_pops: 2446864 total_external_SOURCE_pushes: 38656 total_external_SOURCE_pops: 27958 total_internal_SOURCE_pushes: 0 total_internal_SOURCE_pops: 0 rt_node_SOURCE_pushes: 38656 rt_node_SOURCE_high_fanout_pushes: 0 rt_node_SOURCE_entire_tree_pushes: 38656 total_external_SINK_pushes: 197141 total_external_SINK_pops: 185089 total_internal_SINK_pushes: 0 total_internal_SINK_pops: 0 rt_node_SINK_pushes: 0 rt_node_SINK_high_fanout_pushes: 0 rt_node_SINK_entire_tree_pushes: 0 total_external_IPIN_pushes: 213615 total_external_IPIN_pops: 197234 total_internal_IPIN_pushes: 0 total_internal_IPIN_pops: 0 rt_node_IPIN_pushes: 0 rt_node_IPIN_high_fanout_pushes: 0 rt_node_IPIN_entire_tree_pushes: 0 total_external_OPIN_pushes: 961336 total_external_OPIN_pops: 929686 total_internal_OPIN_pushes: 0 total_internal_OPIN_pops: 0 rt_node_OPIN_pushes: 46435 rt_node_OPIN_high_fanout_pushes: 0 rt_node_OPIN_entire_tree_pushes: 46435 total_external_CHANX_pushes: 11454023 total_external_CHANX_pops: 601222 total_internal_CHANX_pushes: 0 total_internal_CHANX_pops: 0 rt_node_CHANX_pushes: 283815 rt_node_CHANX_high_fanout_pushes: 18519 rt_node_CHANX_entire_tree_pushes: 265296 total_external_CHANY_pushes: 11654357 total_external_CHANY_pops: 505675 total_internal_CHANY_pushes: 0 total_internal_CHANY_pops: 0 rt_node_CHANY_pushes: 365920 rt_node_CHANY_high_fanout_pushes: 19933 rt_node_CHANY_entire_tree_pushes: 345987 total_number_of_adding_all_rt: 1379473 total_number_of_adding_high_fanout_rt: 1766 total_number_of_adding_all_rt_from_calling_high_fanout_rt: 2233 
# Routing took 3.17 seconds (max_rss 9631.8 MiB, delta_rss +0.0 MiB)

Checking to ensure routing is legal...
# Checking to ensure non-configurable edges are legal
# Checking to ensure non-configurable edges are legal took 0.60 seconds (max_rss 9631.8 MiB, delta_rss +0.0 MiB)
Completed routing consistency check successfully.

Serial number (magic cookie) for the routing is: 1252626889
Circuit successfully routed with a channel width factor of 250.
# Synchronize the packed netlist to routing optimization
## Annotating rr_node with routed nets
## Annotating rr_node with routed nets took 0.03 seconds (max_rss 9631.8 MiB, delta_rss +0.0 MiB)
Found 17278 mismatches between routing and packing results.
Fixed 8895 routing traces due to mismatch between routing and packing results.
# Synchronize the packed netlist to routing optimization took 0.12 seconds (max_rss 9631.8 MiB, delta_rss +0.0 MiB)
Final Clustering Statistics: 
----------   --------   ------------------------------------   --------------------------
Block Type   # Blocks   Avg. # of input clocks and pins used   Avg. # of output pins used
----------   --------   ------------------------------------   --------------------------
     EMPTY          0                                      0                            0   
        io       2424                               0.505776                     0.494224   
       PLL          0                                      0                            0   
       LAB        245                                36.8286                      10.0816   
       DSP          0                                      0                            0   
       M9K          0                                      0                            0   
     M144K          0                                      0                            0   
Absorbed logical nets 1573 out of 5241 nets, 3668 nets not absorbed.


Average number of bends per net: 3.03888  Maximum # of bends: 47

Number of global nets: 16
Number of routed nets (nonglobal): 3652
Wire length results (in units of 1 clb segments)...
	Total wirelength: 356981, average net length: 97.7495
	Maximum net length: 1369

Wire length results in terms of physical segments...
	Total wiring segments used: 39753, average wire segments per net: 10.8853
	Maximum segments used by a net: 127
	Total local nets with reserved CLB opins: 0
Total number of nets absorbed: 146

Routing channel utilization histogram:
[        1:      inf)      0 (  0.0%) |
[      0.9:        1)      0 (  0.0%) |
[      0.8:      0.9)      0 (  0.0%) |
[      0.7:      0.8)      0 (  0.0%) |
[      0.5:      0.6)      4 (  0.0%) |
[      0.4:      0.5)     42 (  0.0%) |
[      0.3:      0.4)     86 (  0.0%) |
[      0.2:      0.3)     98 (  0.1%) |
[      0.1:      0.2)    398 (  0.2%) |
[        0:      0.1) 186102 ( 99.7%) |********************************************
Maximum routing channel utilization:      0.53 at (121,226)

X - Directed channels:   j max occ ave occ capacity
                      ---- ------- ------- --------
                         0       8   2.736      250
                         1      23   5.848      250
                         2      23   2.011      250
                         3       7   1.025      250
                         4       5   0.792      250
                         5       2   0.674      250
                         6       3   0.416      250
                         7       3   0.340      250
                         8       2   0.374      250
                         9       3   0.278      250
                        10       8   0.073      250
                        11       5   0.823      250
                        12       2   0.177      250
                        13       5   0.997      250
                        14       2   0.048      250
                        15      11   0.551      250
                        16      11   0.542      250
                        17       6   1.674      250
                        18       2   0.081      250
                        19       5   0.171      250
                        20       2   0.199      250
                        21       4   0.295      250
                        22       4   0.556      250
                        23       3   0.020      250
                        24       1   0.062      250
                        25       9   0.154      250
                        26       1   0.143      250
                        27       5   0.025      250
                        28       3   0.183      250
                        29       3   0.208      250
                        30       2   0.020      250
                        31       3   0.121      250
                        32       2   0.163      250
                        33       5   0.798      250
                        34       1   0.112      250
                        35      14   0.247      250
                        36       2   0.028      250
                        37       4   0.216      250
                        38       4   0.101      250
                        39       1   0.104      250
                        40       2   0.011      250
                        41       3   0.017      250
                        42       2   0.059      250
                        43       2   0.028      250
                        44       3   0.037      250
                        45       3   0.129      250
                        46       5   0.590      250
                        47       3   0.051      250
                        48       6   0.517      250
                        49       7   1.199      250
                        50      27   1.511      250
                        51       3   0.640      250
                        52       3   0.441      250
                        53       4   0.368      250
                        54       2   0.219      250
                        55       2   0.017      250
                        56       3   0.020      250
                        57       2   0.025      250
                        58       2   0.011      250
                        59       3   0.031      250
                        60       2   0.025      250
                        61       2   0.202      250
                        62       2   0.112      250
                        63       4   0.351      250
                        64       3   0.213      250
                        65       2   0.233      250
                        66       2   0.233      250
                        67       3   0.354      250
                        68       2   0.275      250
                        69       1   0.053      250
                        70       2   0.107      250
                        71       2   0.020      250
                        72       3   0.374      250
                        73       2   0.011      250
                        74       2   0.101      250
                        75       3   0.098      250
                        76       3   0.197      250
                        77       2   0.118      250
                        78       2   0.126      250
                        79       3   0.022      250
                        80       3   0.104      250
                        81       2   0.166      250
                        82       3   0.326      250
                        83       2   0.062      250
                        84       3   0.329      250
                        85       1   0.110      250
                        86       2   0.017      250
                        87       4   0.031      250
                        88       3   0.076      250
                        89       3   0.062      250
                        90       2   0.017      250
                        91       3   0.107      250
                        92       1   0.146      250
                        93       3   0.376      250
                        94       3   0.107      250
                        95       6   0.124      250
                        96       6   0.211      250
                        97       6   1.219      250
                        98       3   0.084      250
                        99       4   0.340      250
                       100       4   0.635      250
                       101       2   0.272      250
                       102       5   0.910      250
                       103       8   0.792      250
                       104       3   0.306      250
                       105       3   0.317      250
                       106       3   0.079      250
                       107       6   0.478      250
                       108       3   0.390      250
                       109      10   0.795      250
                       110      25   0.761      250
                       111       3   0.239      250
                       112       4   0.340      250
                       113       2   0.528      250
                       114       4   0.382      250
                       115       2   0.365      250
                       116       6   0.503      250
                       117       3   0.208      250
                       118       2   0.326      250
                       119       2   0.118      250
                       120       2   0.256      250
                       121       2   0.320      250
                       122       3   0.537      250
                       123       2   0.199      250
                       124       4   0.756      250
                       125       3   0.174      250
                       126       2   0.385      250
                       127       1   0.022      250
                       128       4   0.952      250
                       129       3   0.581      250
                       130       2   0.258      250
                       131       2   0.096      250
                       132       4   0.618      250
                       133       3   0.188      250
                       134       2   0.385      250
                       135       2   0.385      250
                       136       6   1.419      250
                       137       4   0.222      250
                       138       3   0.205      250
                       139       2   0.312      250
                       140       3   0.831      250
                       141       2   0.343      250
                       142       4   0.997      250
                       143       4   0.447      250
                       144       7   1.483      250
                       145       4   0.882      250
                       146       5   0.733      250
                       147       5   0.899      250
                       148      24   1.640      250
                       149       3   0.958      250
                       150       4   0.416      250
                       151       5   0.596      250
                       152       5   0.958      250
                       153       4   0.632      250
                       154       2   0.101      250
                       155       5   0.534      250
                       156       7   1.713      250
                       157       5   1.393      250
                       158       7   0.767      250
                       159      10   1.640      250
                       160      26   3.053      250
                       161       5   1.233      250
                       162       5   1.340      250
                       163       5   2.031      250
                       164       6   1.919      250
                       165       6   1.076      250
                       166       2   0.376      250
                       167       4   0.694      250
                       168       5   1.017      250
                       169       5   1.056      250
                       170       4   0.205      250
                       171       3   0.169      250
                       172       6   2.301      250
                       173       7   2.463      250
                       174       7   2.247      250
                       175       7   2.539      250
                       176      12   4.674      250
                       177      16   5.435      250
                       178      16   6.455      250
                       179      40   7.514      250
                       180      40  10.025      250
                       181      45  10.924      250
                       182      35   9.096      250
                       183      27   7.506      250
                       184      32   6.185      250
                       185       9   2.506      250
                       186      10   3.742      250
                       187      10   3.146      250
                       188       7   1.978      250
                       189       6   1.475      250
                       190       7   2.489      250
                       191      15   1.652      250
                       192       5   2.059      250
                       193       4   1.303      250
                       194      19   4.039      250
                       195       3   1.354      250
                       196       5   1.390      250
                       197       6   2.587      250
                       198       3   0.910      250
                       199       7   1.747      250
                       200      23   2.888      250
                       201       7   1.430      250
                       202       4   0.767      250
                       203       7   1.933      250
                       204       3   0.334      250
                       205       4   1.624      250
                       206       4   1.365      250
                       207       5   1.534      250
                       208       4   1.374      250
                       209       7   2.202      250
                       210      10   3.399      250
                       211      11   2.601      250
                       212      10   3.346      250
                       213      35   5.146      250
                       214      26   2.888      250
                       215      37   5.815      250
                       216      22   5.188      250
                       217      10   5.031      250
                       218       8   3.705      250
                       219      33  11.598      250
                       220      27   6.958      250
                       221      51   5.694      250
                       222      69   9.868      250
                       223      87  12.098      250
                       224      98   6.298      250
                       225      89   6.958      250
                       226     133  16.382      250
                       227     114   9.042      250
                       228     115   6.944      250
                       229     114  10.236      250
                       230     124   8.635      250
                       231      85   6.034      250
                       232      59   4.070      250
                       233      58   2.924      250
                       234      43   3.503      250
                       235      40   1.618      250
                       236       4   0.826      250
                       237       5   1.281      250
                       238       8   3.264      250
                       239       6   1.949      250
                       240       3   1.267      250
                       241      11   3.149      250
                       242      30   6.615      250
                       243       9   2.334      250
                       244       8   3.081      250
                       245      12   5.907      250
                       246       7   2.416      250
                       247       5   0.899      250
                       248       3   0.719      250
                       249       5   2.301      250
                       250       4   1.213      250
                       251       3   0.801      250
                       252       3   0.112      250
                       253      12   0.643      250
                       254       7   1.528      250
                       255       6   1.666      250
                       256       3   0.427      250
                       257       6   1.716      250
                       258      19   5.115      250
                       259       9   3.098      250
                       260      10   4.258      250
                       261      46  10.624      250
                       262      25  11.938      250
Y - Directed channels:   i max occ ave occ capacity
                      ---- ------- ------- --------
                         0      22   7.852      250
                         1      57  11.920      250
                         2      39   8.155      250
                         3      16   2.061      250
                         4       9   1.913      250
                         5       3   1.136      250
                         6       4   0.894      250
                         7       2   0.477      250
                         8       6   0.981      250
                         9       2   0.572      250
                        10       3   0.072      250
                        11       3   0.064      250
                        12       2   0.178      250
                        13       3   0.511      250
                        14       3   0.557      250
                        15       1   0.008      250
                        16       2   0.322      250
                        17       2   0.197      250
                        18       2   0.258      250
                        19       3   0.580      250
                        20       5   1.364      250
                        21       3   0.678      250
                        22       3   0.447      250
                        23       2   0.258      250
                        24       4   0.269      250
                        25       4   0.932      250
                        26      21   0.538      250
                        27      19   0.473      250
                        28       3   0.053      250
                        29       2   0.273      250
                        30       4   0.201      250
                        31       3   0.432      250
                        32       2   0.322      250
                        33       2   0.080      250
                        34       3   0.398      250
                        35       3   0.515      250
                        36       2   0.462      250
                        37       3   0.508      250
                        38       2   0.220      250
                        39       7   0.557      250
                        40      15   1.413      250
                        41      19   0.886      250
                        42       6   0.212      250
                        43       3   0.223      250
                        44       4   0.667      250
                        45       5   0.235      250
                        46       3   0.303      250
                        47       9   0.534      250
                        48      20   3.602      250
                        49       2   0.030      250
                        50       5   0.814      250
                        51       2   0.288      250
                        52       5   1.102      250
                        53       4   0.860      250
                        54      26   2.580      250
                        55      27   5.814      250
                        56      19   2.557      250
                        57       3   0.610      250
                        58       5   1.549      250
                        59       4   1.246      250
                        60       5   1.326      250
                        61       3   0.216      250
                        62       4   0.345      250
                        63      18   1.436      250
                        64      20   1.371      250
                        65       3   0.337      250
                        66       2   0.220      250
                        67       6   1.129      250
                        68       5   0.511      250
                        69       5   0.705      250
                        70      12   2.920      250
                        71      17   3.405      250
                        72       2   0.159      250
                        73       4   0.212      250
                        74       5   0.583      250
                        75       4   1.258      250
                        76       5   0.644      250
                        77       3   0.553      250
                        78      13   0.913      250
                        79      17   1.451      250
                        80       3   0.576      250
                        81       6   1.572      250
                        82       5   0.481      250
                        83       4   0.686      250
                        84       2   0.023      250
                        85       7   0.402      250
                        86       3   0.458      250
                        87       4   0.553      250
                        88       5   0.625      250
                        89       4   1.693      250
                        90       5   1.784      250
                        91       5   0.765      250
                        92       3   0.860      250
                        93      32   3.883      250
                        94      17   2.352      250
                        95       2   0.788      250
                        96       6   2.375      250
                        97       3   1.117      250
                        98       4   0.633      250
                        99       6   0.928      250
                       100       5   0.542      250
                       101       5   1.708      250
                       102       3   1.068      250
                       103       5   1.902      250
                       104       8   2.640      250
                       105       6   1.303      250
                       106       6   2.019      250
                       107       5   2.955      250
                       108       7   1.833      250
                       109       3   1.133      250
                       110      26   6.125      250
                       111      15   4.295      250
                       112       8   2.148      250
                       113      11   3.186      250
                       114      22   3.470      250
                       115      64   3.977      250
                       116      99   9.019      250
                       117     111   9.746      250
                       118      85   8.383      250
                       119      94   6.708      250
                       120     158  17.655      250
                       121     164  21.004      250
                       122     155  17.504      250
                       123     141  15.652      250
                       124     144  10.985      250
                       125      78   7.098      250
                       126      72   6.735      250
                       127      79   4.788      250
                       128      23   4.557      250
                       129       4   0.739      250
                       130       7   3.920      250
                       131       5   2.337      250
                       132       3   0.811      250
                       133       3   1.117      250
                       134       2   0.523      250
                       135      22   2.977      250
                       136      25   3.080      250
                       137       2   0.356      250
                       138       4   1.697      250
                       139      22   1.496      250
                       140      16   1.330      250
                       141       3   0.765      250
                       142       3   0.652      250
                       143       3   0.784      250
                       144       3   0.292      250
                       145       2   0.091      250
                       146       2   0.333      250
                       147       3   0.739      250
                       148       2   0.193      250
                       149       3   0.928      250
                       150       5   2.527      250
                       151       5   1.371      250
                       152       6   2.284      250
                       153      20   3.087      250
                       154      19   3.038      250
                       155      19   5.004      250
                       156      22   5.383      250
                       157       7   3.795      250
                       158      24   4.348      250
                       159      27   4.750      250
                       160       3   0.856      250
                       161       4   2.133      250
                       162       6   1.174      250
                       163       3   0.712      250
                       164       2   0.102      250
                       165       2   0.432      250
                       166       3   0.402      250
                       167       7   2.981      250
                       168       9   3.564      250
                       169       3   1.867      250
                       170       7   1.951      250
                       171      15   3.129      250
                       172      23   4.133      250
                       173       3   0.470      250
                       174       6   1.705      250
                       175       5   0.841      250
                       176       2   0.394      250
                       177       2   0.379      250
                       178       1   0.136      250
                       179       2   0.258      250
                       180       2   0.511      250
                       181       2   0.402      250
                       182      24   3.068      250
                       183      21   3.777      250
                       184       4   2.136      250
                       185       6   3.670      250
                       186       4   1.390      250
                       187       4   1.121      250
                       188       9   1.201      250
                       189      22   4.799      250
                       190      26   4.936      250
                       191      20   2.045      250
                       192      20   2.538      250
                       193       5   1.114      250
                       194       3   1.489      250
                       195       3   0.557      250
                       196       2   0.697      250
                       197       2   0.538      250
                       198       3   1.030      250
                       199       3   0.557      250
                       200       5   1.246      250
                       201      11   2.822      250
                       202      22   5.678      250
                       203      27   2.015      250
                       204       7   2.470      250
                       205       5   0.955      250
                       206       3   0.909      250
                       207       6   0.833      250
                       208      25   3.538      250
                       209      25   5.117      250
                       210       4   0.693      250
                       211       5   0.606      250
                       212       5   1.769      250
                       213       2   0.803      250
                       214       1   0.076      250
                       215       4   0.337      250
                       216       2   0.227      250
                       217       5   0.765      250
                       218      22   2.318      250
                       219      16   2.114      250
                       220       4   0.227      250
                       221      23   3.057      250
                       222      26   5.189      250
                       223       4   1.212      250
                       224       4   1.280      250
                       225       3   0.557      250
                       226       2   0.485      250
                       227       2   0.364      250
                       228       2   0.697      250
                       229       5   0.303      250
                       230       3   0.644      250
                       231       2   0.564      250
                       232      25   2.992      250
                       233      20   3.087      250
                       234       2   0.303      250
                       235       7   2.500      250
                       236      25   5.447      250
                       237      22   4.223      250
                       238       3   1.265      250
                       239      37   9.405      250
                       240      40   8.481      250
                       241       5   2.595      250
                       242       5   0.966      250
                       243       7   3.598      250
                       244      18   3.004      250
                       245      15   4.523      250
                       246      11   1.992      250
                       247      22   4.678      250
                       248       6   1.572      250
                       249      19   4.220      250
                       250      28   5.564      250
                       251       5   2.193      250
                       252      22   2.318      250
                       253      31   5.663      250
                       254       7   2.795      250
                       255      20   4.841      250
                       256      29   4.398      250
                       257      20   3.345      250
                       258       5   1.227      250
                       259      10   1.818      250
                       260      30   4.405      250
                       261      16   3.076      250
                       262      33   4.485      250
                       263      45   7.345      250
                       264       6   1.568      250
                       265       3   1.117      250
                       266       7   4.049      250
                       267      10   4.890      250
                       268       4   0.701      250
                       269      20   2.917      250
                       270      32   6.064      250
                       271      22   4.466      250
                       272      17   2.837      250
                       273      12   3.432      250
                       274       8   2.871      250
                       275      22   3.072      250
                       276      21   3.265      250
                       277       5   1.758      250
                       278       5   1.455      250
                       279       8   4.383      250
                       280       4   1.322      250
                       281       5   2.004      250
                       282       4   0.591      250
                       283       4   1.436      250
                       284       3   0.186      250
                       285       3   1.155      250
                       286       4   1.231      250
                       287       5   1.019      250
                       288       6   0.947      250
                       289       4   0.576      250
                       290       3   0.530      250
                       291       4   0.303      250
                       292       3   0.769      250
                       293       3   0.636      250
                       294       1   0.197      250
                       295       4   1.030      250
                       296       2   0.008      250
                       297       3   0.235      250
                       298       2   0.205      250
                       299       2   0.216      250
                       300       2   0.280      250
                       301       3   0.223      250
                       302       4   0.295      250
                       303       2   0.295      250
                       304       5   0.375      250
                       305       3   1.004      250
                       306       3   0.742      250
                       307       2   0.254      250
                       308       3   0.481      250
                       309       3   0.485      250
                       310       3   0.496      250
                       311       4   0.595      250
                       312       2   0.038      250
                       313       4   0.360      250
                       314      14   2.299      250
                       315      16   2.583      250
                       316       4   0.564      250
                       317      22   4.303      250
                       318      18   2.970      250
                       319      20   1.436      250
                       320      14   0.784      250
                       321       7   1.602      250
                       322       4   0.689      250
                       323      20   1.826      250
                       324      20   0.818      250
                       325       3   0.598      250
                       326       2   0.227      250
                       327       3   0.614      250
                       328       2   0.034      250
                       329       3   0.102      250
                       330       3   0.932      250
                       331       3   0.833      250
                       332       4   0.095      250
                       333       5   0.735      250
                       334       3   0.890      250
                       335       7   1.883      250
                       336       6   1.667      250
                       337       8   2.208      250
                       338       4   0.462      250
                       339       2   0.095      250
                       340       4   0.337      250
                       341       2   0.409      250
                       342       2   0.159      250
                       343       2   0.511      250
                       344       2   0.602      250
                       345       4   0.962      250
                       346       5   0.511      250
                       347       4   1.064      250
                       348       6   0.432      250
                       349       8   3.326      250
                       350       8   2.867      250
                       351      11   3.515      250
                       352      24   6.057      250
                       353      61  19.886      250
                       354      15   6.292      250

Total tracks in x-direction: 65750, in y-direction: 88750

Logic area (in minimum width transistor areas, excludes I/Os and empty grid tiles)...
	Total logic block area (Warning, need to add pitch of routing to blocks with height > 3): 0
	Total used logic block area: 0

Routing area (in minimum width transistor areas)...
	Total routing area: 1.49788e+09, per logic tile: 15937.6

Total Number of Wiring Segments by Direction: direction length number
                                              --------- ------ -------
                                                      X      4 5070114
                                                      Y      4 5080050
                                                      X     16 206224
                                                      Y     16 208960

X - Directed Wiring Segment usage by length: length utilization
                                             ------ -----------
                                             4       0.002
                                            16      0.0377

Y - Directed Wiring Segment usage by length: length utilization
                                             ------ -----------
                                             4     0.00248
                                            16      0.0442

Segment occupancy by length: Length utilization
                             ------ -----------
                             L4         0.00224
                             L16          0.0409

Segment occupancy by type: name type utilization
                           ---- ---- -----------
                             L4    0     0.00224
                            L16    1      0.0409

Final hold Worst Negative Slack (hWNS): 0 ns
Final hold Total Negative Slack (hTNS): 0 ns

Final hold slack histogram:
[  4.3e-09:  5.3e-09) 319 ( 26.1%) |***********************************************
[  5.3e-09:  6.3e-09) 162 ( 13.2%) |************************
[  6.3e-09:  7.2e-09) 108 (  8.8%) |****************
[  7.2e-09:  8.2e-09) 135 ( 11.0%) |********************
[  8.2e-09:  9.2e-09) 149 ( 12.2%) |**********************
[  9.2e-09:    1e-08) 132 ( 10.8%) |*******************
[    1e-08:  1.1e-08) 153 ( 12.5%) |***********************
[  1.1e-08:  1.2e-08)  42 (  3.4%) |******
[  1.2e-08:  1.3e-08)  23 (  1.9%) |***
[  1.3e-08:  1.4e-08)   1 (  0.1%) |

Final critical path delay (least slack): 22.857 ns, Fmax: 43.7503 MHz
Final setup Worst Negative Slack (sWNS): -22.857 ns
Final setup Total Negative Slack (sTNS): -16604.7 ns

Final setup slack histogram:
[ -2.3e-08: -2.1e-08)  15 (  1.2%) |***
[ -2.1e-08: -1.9e-08) 116 (  9.5%) |**********************
[ -1.9e-08: -1.7e-08) 245 ( 20.0%) |***********************************************
[ -1.7e-08: -1.6e-08) 187 ( 15.3%) |************************************
[ -1.6e-08: -1.4e-08) 107 (  8.7%) |*********************
[ -1.4e-08: -1.2e-08) 159 ( 13.0%) |*******************************
[ -1.2e-08:   -1e-08)  92 (  7.5%) |******************
[   -1e-08: -8.2e-09)  41 (  3.3%) |********
[ -8.2e-09: -6.4e-09)  25 (  2.0%) |*****
[ -6.4e-09: -4.6e-09) 237 ( 19.4%) |*********************************************

Final geomean non-virtual intra-domain period: nan ns (nan MHz)
Final fanout-weighted geomean non-virtual intra-domain period: nan ns (nan MHz)

Incr Slack updates 1 in 0.000195144 sec
Full Max Req/Worst Slack updates 1 in 1.377e-05 sec
Incr Max Req/Worst Slack updates 0 in 0 sec
Incr Criticality updates 0 in 0 sec
Full Criticality updates 1 in 0.000996028 sec
Flow timing analysis took 2.73824 seconds (2.64505 STA, 0.0931892 slack) (134 full updates: 116 setup, 0 hold, 18 combined).
VPR succeeded
The entire flow of VPR took 14749.50 seconds (max_rss 9631.8 MiB)
Incr Slack updates 17 in 0.00236967 sec
Full Max Req/Worst Slack updates 3 in 4.0784e-05 sec
Incr Max Req/Worst Slack updates 14 in 0.00029216 sec
Incr Criticality updates 11 in 0.00292186 sec
Full Criticality updates 6 in 0.00355872 sec
