#Packing pin usage report
Type: LAB
	Input Pin Usage:
		Max: 48.00 (0.71)
		Avg: 30.50 (0.45)
		Min: 0.00 (0.00)
		Histogram:
		[        0:      6.8)  8 (  3.1%) |****
		[      6.8:       14)  6 (  2.3%) |***
		[       14:       20) 13 (  5.0%) |*******
		[       20:       27) 49 ( 19.0%) |**************************
		[       27:       34) 92 ( 35.7%) |************************************************
		[       34:       41) 60 ( 23.3%) |*******************************
		[       41:       48) 29 ( 11.2%) |***************
		[       48:       54)  1 (  0.4%) |*
		[       54:       61)  0 (  0.0%) |
		[       61:       68)  0 (  0.0%) |
	Output Pin Usage:
		Max: 10.00 (0.24)
		Avg: 9.55 (0.23)
		Min: 1.00 (0.02)
		Histogram:
		[        0:      4.1)  13 (  5.0%) |***
		[      4.1:      8.2)   5 (  1.9%) |*
		[      8.2:       12) 240 ( 93.0%) |***********************************************
		[       12:       16)   0 (  0.0%) |
		[       16:       20)   0 (  0.0%) |
		[       20:       25)   0 (  0.0%) |
		[       25:       29)   0 (  0.0%) |
		[       29:       33)   0 (  0.0%) |
		[       33:       37)   0 (  0.0%) |
		[       37:       41)   0 (  0.0%) |

Type: io_cell
	Input Pin Usage:
		Max: 1.00 (0.03)
		Avg: 0.52 (0.01)
		Min: 0.00 (0.00)
		Histogram:
		[        0:      3.7) 777 (100.0%) |***********************************************
		[      3.7:      7.4)   0 (  0.0%) |
		[      7.4:       11)   0 (  0.0%) |
		[       11:       15)   0 (  0.0%) |
		[       15:       18)   0 (  0.0%) |
		[       18:       22)   0 (  0.0%) |
		[       22:       26)   0 (  0.0%) |
		[       26:       30)   0 (  0.0%) |
		[       30:       33)   0 (  0.0%) |
		[       33:       37)   0 (  0.0%) |
	Output Pin Usage:
		Max: 1.00 (0.17)
		Avg: 0.48 (0.08)
		Min: 0.00 (0.00)
		Histogram:
		[        0:      0.6) 404 ( 52.0%) |***********************************************
		[      0.6:      1.2) 373 ( 48.0%) |*******************************************
		[      1.2:      1.8)   0 (  0.0%) |
		[      1.8:      2.4)   0 (  0.0%) |
		[      2.4:        3)   0 (  0.0%) |
		[        3:      3.6)   0 (  0.0%) |
		[      3.6:      4.2)   0 (  0.0%) |
		[      4.2:      4.8)   0 (  0.0%) |
		[      4.8:      5.4)   0 (  0.0%) |
		[      5.4:        6)   0 (  0.0%) |

