VPR FPGA Placement and Routing.
Version: 8.1.0-dev+unkown
Revision: unkown
Compiled: 2025-02-16T14:22:44
Compiler: GNU 11.4.0 on Linux-6.8.0-47-generic x86_64
Build Info: release IPO VTR_ASSERT_LEVEL=2

University of Toronto
verilogtorouting.org
vtr-users@googlegroups.com
This is free open source code under MIT license.

VPR was run with the following command-line:
vpr /home/xiaokewan/Software/vtr-verilog-to-routing-master/vtr_flow/arch/titan/stratix10_arch.timing.xml /media/xiaokewan/TOSHIBA/Code_phd/mockturtle/experiments/benchmarks/blif_folder/tv80_dup.blif --route_chan_width 250

Using up to 1 parallel worker(s)

Architecture file: /home/xiaokewan/Software/vtr-verilog-to-routing-master/vtr_flow/arch/titan/stratix10_arch.timing.xml
Circuit name: tv80_dup

# Loading Architecture Description
Warning 1: Model 'fourteennm_fp_mac.opmode{sp_mult_add}.input_type{comb}.output_type{comb}' output port 'dftout' has no timing specification (no clock specified to create a sequential output port, not combinationally connected to any inputs, not a clock output)
Warning 2: Model 'fourteennm_fp_mac.opmode{sp_vector1}.input_type{comb}.output_type{comb}' output port 'dftout' has no timing specification (no clock specified to create a sequential output port, not combinationally connected to any inputs, not a clock output)
Warning 3: Model 'fourteennm_fp_mac.opmode{sp_vector2}.input_type{comb}.output_type{comb}' output port 'dftout' has no timing specification (no clock specified to create a sequential output port, not combinationally connected to any inputs, not a clock output)
# Loading Architecture Description took 0.25 seconds (max_rss 46.3 MiB, delta_rss +31.5 MiB)

Timing analysis: ON
Circuit netlist file: tv80_dup.net
Circuit placement file: tv80_dup.place
Circuit routing file: tv80_dup.route
Circuit SDC file: tv80_dup.sdc
Vpr floorplanning constraints file: not specified

Packer: ENABLED
Placer: ENABLED
Router: ENABLED
Analysis: ENABLED

VPR was run with the following options:

NetlistOpts.abosrb_buffer_luts            : true
NetlistOpts.sweep_dangling_primary_ios    : true
NetlistOpts.sweep_dangling_nets           : true
NetlistOpts.sweep_dangling_blocks         : true
NetlistOpts.sweep_constant_primary_outputs: false
NetlistOpts.netlist_verbosity             : 1
NetlistOpts.const_gen_inference           : COMB_SEQ

PackerOpts.allow_unrelated_clustering: auto
PackerOpts.alpha_clustering: 0.750000
PackerOpts.beta_clustering: 0.900000
PackerOpts.cluster_seed_type: BLEND2
PackerOpts.connection_driven: true
PackerOpts.global_clocks: true
PackerOpts.hill_climbing_flag: false
PackerOpts.inter_cluster_net_delay: 1.000000
PackerOpts.timing_driven: true
PackerOpts.target_external_pin_util: auto

PlacerOpts.place_freq: PLACE_ONCE
PlacerOpts.place_algorithm: CRITICALITY_TIMING_PLACE
PlacerOpts.pad_loc_type: FREE
PlacerOpts.constraints_file: No constraints file given
PlacerOpts.place_cost_exp: 1.000000
PlacerOpts.place_chan_width: 250
PlacerOpts.inner_loop_recompute_divider: 0
PlacerOpts.recompute_crit_iter: 1
PlacerOpts.timing_tradeoff: 0.500000
PlacerOpts.td_place_exp_first: 1.000000
PlacerOpts.td_place_exp_last: 8.000000
PlacerOpts.delay_offset: 0.000000
PlacerOpts.delay_ramp_delta_threshold: -1
PlacerOpts.delay_ramp_slope: 0.000000
PlacerOpts.tsu_rel_margin: 1.000000
PlacerOpts.tsu_abs_margin: 0.000000
PlacerOpts.post_place_timing_report_file: 
PlacerOpts.allowed_tiles_for_delay_model: 
PlacerOpts.delay_model_reducer: MIN
PlacerOpts.delay_model_type: DELTA
PlacerOpts.rlim_escape_fraction: 0.000000
PlacerOpts.move_stats_file: 
PlacerOpts.placement_saves_per_temperature: 0
PlacerOpts.effort_scaling: CIRCUIT
PlacerOpts.place_delta_delay_matrix_calculation_method: ASTAR_ROUTE
PlaceOpts.seed: 1
AnnealSched.type: AUTO_SCHED
AnnealSched.inner_num: 0.500000

RouterOpts.route_type: DETAILED
RouterOpts.flat_routing: false
RouterOpts.has_choking_spot: false
RouterOpts.router_algorithm: TIMING_DRIVEN
RouterOpts.base_cost_type: DELAY_NORMALIZED_LENGTH
RouterOpts.fixed_channel_width: 250
RouterOpts.check_route: FULL
RouterOpts.acc_fac: 1.000000
RouterOpts.bb_factor: 3
RouterOpts.bend_cost: 0.000000
RouterOpts.first_iter_pres_fac: 0.000000
RouterOpts.initial_pres_fac: 0.500000
RouterOpts.pres_fac_mult: 1.300000
RouterOpts.max_router_iterations: 50
RouterOpts.min_incremental_reroute_fanout: 16
RouterOpts.do_check_rr_graph: true
RouterOpts.verify_binary_search: false
RouterOpts.min_channel_width_hint: 0
RouterOpts.read_rr_edge_metadata: false
RouterOpts.exit_after_first_routing_iteration: false
RouterOpts.astar_fac: 1.200000
RouterOpts.router_profiler_astar_fac: 1.200000
RouterOpts.criticality_exp: 1.000000
RouterOpts.max_criticality: 0.990000
RouterOpts.init_wirelength_abort_threshold: 0.850000
RouterOpts.save_routing_per_iteration: false
RouterOpts.congested_routing_iteration_threshold_frac: 1.000000
RouterOpts.high_fanout_threshold: 64
RouterOpts.router_debug_net: -2
RouterOpts.router_debug_sink_rr: -2
RouterOpts.router_debug_iteration: -2
RouterOpts.max_convergence_count: 1
RouterOpts.reconvergence_cpd_threshold: 0.990000
RouterOpts.update_lower_bound_delays: true
RouterOpts.first_iteration_timing_report_file: 
RouterOpts.incr_reroute_delay_ripup: AUTO
RouterOpts.route_bb_update: DYNAMIC
RouterOpts.lookahead_type: MAP
RouterOpts.initial_timing: LOOKAHEAD
RouterOpts.router_heap: BINARY_HEAP
RouterOpts.routing_failure_predictor = SAFE
RouterOpts.routing_budgets_algorithm = DISABLE

AnalysisOpts.gen_post_synthesis_netlist: false
AnalysisOpts.timing_report_npaths: 100
AnalysisOpts.timing_report_skew: false
AnalysisOpts.echo_dot_timing_graph_node: -1
AnalysisOpts.timing_report_detail: NETLIST
AnalysisOpts.post_synth_netlist_unconn_input_handling: UNCONNECTED
AnalysisOpts.post_synth_netlist_unconn_output_handling: UNCONNECTED

# Building complex block graph
Warning 4: MLAB[0].control_in[0] unconnected pin in architecture.
Warning 5: MLAB[0].control_in[1] unconnected pin in architecture.
Warning 6: MLAB[0].control_in[2] unconnected pin in architecture.
Warning 7: MLAB[0].control_in[3] unconnected pin in architecture.
Warning 8: MLAB[0].control_in[4] unconnected pin in architecture.
Warning 9: MLAB[0].cin[0] unconnected pin in architecture.
Warning 10: MLAB[0].cout[0] unconnected pin in architecture.
# Building complex block graph took 0.95 seconds (max_rss 334.9 MiB, delta_rss +288.6 MiB)
Circuit file: /media/xiaokewan/TOSHIBA/Code_phd/mockturtle/experiments/benchmarks/blif_folder/tv80_dup.blif
# Load circuit
Found constant-zero generator 'new_n1149'
Found constant-zero generator 'new_n1175'
Found constant-one generator 'new_n1743'
Found constant-zero generator 'new_n1937'
Found constant-zero generator 'new_n2261'
Found constant-zero generator 'new_n2326'
Found constant-zero generator 'new_n2327'
Found constant-zero generator 'new_n2364'
Found constant-zero generator 'new_n2371'
Found constant-zero generator 'new_n2464'
Found constant-zero generator 'new_n2481'
Found constant-zero generator 'new_n2538'
Found constant-zero generator 'new_n2643'
Found constant-zero generator 'new_n2936'
Found constant-zero generator 'new_n3340'
Found constant-zero generator 'new_n3341'
Found constant-one generator 'po032'
# Load circuit took 0.05 seconds (max_rss 334.9 MiB, delta_rss +0.0 MiB)
# Clean circuit
Absorbed 42 LUT buffers
Inferred    0 additional primitive pins as constant generators since they have no combinationally connected inputs
Inferred    0 additional primitive pins as constant generators due to constant inputs
Inferred    0 additional primitive pins as constant generators since they have no combinationally connected inputs
Inferred    0 additional primitive pins as constant generators due to constant inputs
Inferred    0 additional primitive pins as constant generators since they have no combinationally connected inputs
Inferred    0 additional primitive pins as constant generators due to constant inputs
Swept input(s)      : 359
Swept output(s)     : 0 (0 dangling, 0 constant)
Swept net(s)        : 359
Swept block(s)      : 0
Constant Pins Marked: 0
# Clean circuit took 0.00 seconds (max_rss 334.9 MiB, delta_rss +0.0 MiB)
# Compress circuit
# Compress circuit took 0.00 seconds (max_rss 334.9 MiB, delta_rss +0.0 MiB)
# Verify circuit
# Verify circuit took 0.00 seconds (max_rss 334.9 MiB, delta_rss +0.0 MiB)
Circuit Statistics:
  Blocks: 3241
    .input :     373
    .output:     404
    0-LUT  :      17
    6-LUT  :    2447
  Nets  : 2837
    Avg Fanout:     4.1
    Max Fanout:   199.0
    Min Fanout:     1.0
  Netlist Clocks: 0
# Build Timing Graph
  Timing Graph Nodes: 14389
  Timing Graph Edges: 22700
  Timing Graph Levels: 26
# Build Timing Graph took 0.01 seconds (max_rss 334.9 MiB, delta_rss +0.0 MiB)
Netlist contains 0 clocks
# Load Timing Constraints

SDC file 'tv80_dup.sdc' not found
Setting default timing constraints:
   * constrain all primay inputs and primary outputs on a virtual external clock 'virtual_io_clock'
   * optimize virtual clock to run as fast as possible
Timing constraints created 1 clocks
  Constrained Clock 'virtual_io_clock' (Virtual Clock)

# Load Timing Constraints took 0.00 seconds (max_rss 334.9 MiB, delta_rss +0.0 MiB)
# Packing
Warning 11: Block type 'DSP' grid location specification startx (20 = 20) falls outside device horizontal range [0,9]
Begin packing '/media/xiaokewan/TOSHIBA/Code_phd/mockturtle/experiments/benchmarks/blif_folder/tv80_dup.blif'.

After removing unused inputs...
	total blocks: 3241, total nets: 2837, total inputs: 373, total outputs: 404
Begin prepacking.

There is one chain in this architecture called "LAB_carry_chain" with the following starting points:
	LAB[0]/alm[0]/comb_block[0]/lut[0]/lcell_comb[0].cin[0]
	LAB[0]/alm[0]/comb_block[0]/lut[0]/lcell_comb[0].cin[0]

0 attraction groups were created during prepacking.
Finish prepacking.
Using inter-cluster delay: 7.12e-10
✅ Final Pin Utilization: io:1.00,1.00 LAB:0.80,1.00
Packing with pin utilization targets: iolane:1,1 LAB:0.8,1 LABMLAB:1,1 PLL_OCT_CLK_CTRL:1,1 DSP:1,1 M20K:1,1
Packing with high fanout thresholds: iolane:128 LAB:32 LABMLAB:128 PLL_OCT_CLK_CTRL:128 DSP:128 M20K:128
Starting Clustering - Clustering Progress: 
-------------------   --------------------------   ---------
Molecules processed   Number of clusters created   FPGA size
-------------------   --------------------------   ---------
   129/3241      3%                           13     8 x 6     
   258/3241      7%                           26    10 x 7     
   387/3241     11%                           39    12 x 9     
   516/3241     15%                           52    13 x 10    
   645/3241     19%                           65    13 x 10    
   774/3241     23%                           78    15 x 11    
   903/3241     27%                           91    15 x 11    
  1032/3241     31%                          104    16 x 12    
  1161/3241     35%                          116    17 x 13    
  1290/3241     39%                          129    18 x 13    
  1419/3241     43%                          142    19 x 14    
  1548/3241     47%                          155    19 x 14    
  1677/3241     51%                          168    19 x 14    
  1806/3241     55%                          181    20 x 15    
  1935/3241     59%                          194    21 x 16    
  2064/3241     63%                          207    21 x 16    
  2193/3241     67%                          220    23 x 17    
  2322/3241     71%                          233    23 x 17    
  2451/3241     75%                          251    24 x 18    
  2580/3241     79%                          373    61 x 45    
  2709/3241     83%                          502   142 x 105   
  2838/3241     87%                          631   204 x 151   
  2967/3241     91%                          760   285 x 211   
  3096/3241     95%                          889   347 x 257   
  3225/3241     99%                         1018   430 x 319   

Logic Element (alm) detailed count:
  Total number of Logic Elements used : 2464
  LEs used for logic and registers    : 0
  LEs used for logic only             : 2464
  LEs used for registers only         : 0

Incr Slack updates 1 in 0.000114273 sec
Full Max Req/Worst Slack updates 1 in 5.621e-06 sec
Incr Max Req/Worst Slack updates 0 in 0 sec
Incr Criticality updates 0 in 0 sec
Full Criticality updates 1 in 0.00032636 sec
FPGA sized to 436 x 323 (auto)
Device Utilization: 0.00 (target 1.00)
	Block Utilization: 0.00 Type: LAB
	Block Utilization: 0.99 Type: io_cell

Start the iterative improvement process
the iterative improvement process is done
Final Clustering Statistics: 
----------   --------   ------------------------------------   --------------------------
Block Type   # Blocks   Avg. # of input clocks and pins used   Avg. # of output pins used
----------   --------   ------------------------------------   --------------------------
     EMPTY          0                                      0                            0   
       PLL          0                                      0                            0   
clock_gate          0                                      0                            0   
 clock_div          0                                      0                            0   
       LAB        258                                30.4961                      9.55039   
      MLAB          0                                      0                            0   
       OCT          0                                      0                            0   
   io_cell        777                               0.519949                     0.480051   
       DSP          0                                      0                            0   
      M20K          0                                      0                            0   
Absorbed logical nets 0 out of 2837 nets, 2837 nets not absorbed.

Netlist conversion complete.

# Packing took 40.58 seconds (max_rss 377.1 MiB, delta_rss +42.1 MiB)
# Load packing
Begin loading packed FPGA netlist file.
Netlist generated from file 'tv80_dup.net'.
Detected 17 constant generators (to see names run with higher pack verbosity)
Finished loading packed FPGA netlist file (took 0.156286 seconds).
Warning 12: Treated 17 constant nets as global which will not be routed (to see net names increase packer verbosity).
# Load packing took 0.16 seconds (max_rss 415.3 MiB, delta_rss +38.2 MiB)
Warning 13: Netlist contains 114 global net to non-global architecture pin connections
Warning 14: Logic block #254 (new_n1175) has only 1 output pin 'new_n1175.data_out[0]'. It may be a constant generator.
Warning 15: Logic block #255 (new_n1743) has only 1 output pin 'new_n1743.data_out[0]'. It may be a constant generator.
Warning 16: Logic block #256 (new_n2538) has only 1 output pin 'new_n2538.data_out[0]'. It may be a constant generator.
Warning 17: Logic block #257 (po032) has only 1 output pin 'po032.data_out[0]'. It may be a constant generator.
Cluster level netlist and block usage statistics
Netlist num_nets: 2837
Netlist num_blocks: 1035
Netlist EMPTY blocks: 0.
Netlist PLL blocks: 0.
Netlist clock_gate blocks: 0.
Netlist clock_div blocks: 0.
Netlist LAB blocks: 258.
Netlist MLAB blocks: 0.
Netlist OCT blocks: 0.
Netlist io_cell blocks: 777.
Netlist DSP blocks: 0.
Netlist M20K blocks: 0.
Netlist inputs pins: 373
Netlist output pins: 404

Pb types usage...
  LAB             : 258
   alm            : 2464
    comb_block    : 2464
     lut          : 2464
      lut6        : 2464
       lut        : 2464
  io_cell         : 777
   pad            : 777
    inpad         : 373
    outpad        : 404

# Create Device
## Build Device Grid
FPGA sized to 436 x 323: 140828 grid tiles (auto)

Resource usage...
	Netlist
		0	blocks of type: PLL
	Architecture
		72	blocks of type: PLL_OCT_CLK_CTRL
	Netlist
		0	blocks of type: clock_gate
	Architecture
		72	blocks of type: PLL_OCT_CLK_CTRL
	Netlist
		0	blocks of type: clock_div
	Architecture
		72	blocks of type: PLL_OCT_CLK_CTRL
	Netlist
		258	blocks of type: LAB
	Architecture
		90582	blocks of type: LAB
		27644	blocks of type: LABMLAB
	Netlist
		0	blocks of type: MLAB
	Architecture
		27644	blocks of type: LABMLAB
	Netlist
		0	blocks of type: OCT
	Architecture
		72	blocks of type: PLL_OCT_CLK_CTRL
	Netlist
		777	blocks of type: io_cell
	Architecture
		784	blocks of type: iolane
	Netlist
		0	blocks of type: DSP
	Architecture
		6720	blocks of type: DSP
	Netlist
		0	blocks of type: M20K
	Architecture
		13760	blocks of type: M20K

Device Utilization: 0.00 (target 1.00)
	Physical Tile iolane:
	Block Utilization: 0.99 Logical Block: io_cell
	Physical Tile LAB:
	Block Utilization: 0.00 Logical Block: LAB
	Physical Tile LABMLAB:
	Block Utilization: 0.00 Logical Block: MLAB
	Block Utilization: 0.01 Logical Block: LAB
	Physical Tile PLL_OCT_CLK_CTRL:
	Block Utilization: 0.00 Logical Block: OCT
	Block Utilization: 0.00 Logical Block: clock_gate
	Block Utilization: 0.00 Logical Block: clock_div
	Block Utilization: 0.00 Logical Block: PLL
	Physical Tile DSP:
	Block Utilization: 0.00 Logical Block: DSP
	Physical Tile M20K:
	Block Utilization: 0.00 Logical Block: M20K

FPGA size limited by block type(s): io_cell

## Build Device Grid took 1.57 seconds (max_rss 415.5 MiB, delta_rss +0.0 MiB)
## Build routing resource graph
SOURCE->OPIN and IPIN->SINK edge count:18539362
OPIN->CHANX/CHANY edge count before creating direct connections: 104831040
OPIN->CHAN## Build routing resource graph took 204.85 seconds (max_rss 12125.9 MiB, delta_rss +11710.5 MiB)
  RR Graph Nodes: 36029224
  RR Graph Edges: 388254897
# Create Device took 210.84 seconds (max_rss 12125.9 MiB, delta_rss +11710.5 MiB)

# Computing router lookahead map
## Computing wire lookahead
## Computing wire lookahead took 3175.44 seconds (max_rss 12125.9 MiB, delta_rss +0.0 MiB)
## Computing src/opin lookahead
## Computing src/opin lookahead tookax_rss 12125.9 MiB, delta_rss +11710.5 MiB)
  RR Graph Nodes: 36029224
  RR Graph Edges: 388254897
# Create Device took 210.84 seconds (max_rss 12125.9 MiB, delta_rss +11710.5 MiB)

# Computing router lookahead map
## Computing wire lookahead
## Computing wire lookahead took 3175.44 seconds (max_rss 12125.9 MiB, delta_rss +0.0 MiB)
## Computing src/opin lookahead
## Computing src/opin lookahead took 0.00 seconds (max_rss 12125.9 MiB, delta_rss +0.0 MiB)
# Computing router lookahead map took 3175.44 seconds (max_rss 12125.9 MiB, delta_rss +0.0 MiB)
# Computing placement delta delay look-up
RR graph channel widths unchanged, skipping RR graph rebuild
## Computing delta delays
## Computing delta delays took 96.06 seconds (max_rss 12125.9 MiB, delta_rss +0.0 MiB)
# Computing placement delta delay look-up took 96.25 seconds (max_rss 12125.9 MiB, delta_rss +0.0 MiB)

Bounding box mode is Cube

Using simple RL 'Softmax agent' for choosing move and block types
# Placement
## Initial Placement
Initial placement iteration 0 has finished successfully
## Initial Placement took 0.01 seconds (max_rss 12125.9 MiB, delta_rss +0.0 MiB)

There are 8174 point to point connections in this circuit.


BB estimate of min-dist (placement) wire length: 359498

Completed placement consistency check successfully.
Initial placement cost: 1 bb_cost: 2083.33 td_cost: 4.16236e-06
Initial placement estimated Critical Path Delay (CPD): 29.942 ns
Initial placement estimated setup Total Negative Slack (sTNS): -6665.22 ns
Initial placement estimated setup Worst Negative Slack (sWNS): -29.942 ns

Initial placement estimated setup slack histogram:
[   -3e-08: -2.7e-08)   9 (  2.2%) |***
[ -2.7e-08: -2.4e-08)  11 (  2.7%) |****
[ -2.4e-08: -2.1e-08) 132 ( 32.8%) |***********************************************
[ -2.1e-08: -1.8e-08)  79 ( 19.6%) |****************************
[ -1.8e-08: -1.5e-08)  37 (  9.2%) |*************
[ -1.5e-08: -1.2e-08)  19 (  4.7%) |*******
[ -1.2e-08:   -9e-09)  30 (  7.4%) |***********
[   -9e-09:   -6e-09)  39 (  9.7%) |**************
[   -6e-09:   -3e-09)  24 (  6.0%) |*********
[   -3e-09:        0)  23 (  5.7%) |********
Placement contains 0 placement macros involving 0 blocks (average macro size -nan)

Moves per temperature: 5233
Warning 20: Starting t: 369 of 1035 configurations accepted.

---- ------ ------- ------- ---------- ---------- ------- ---------- -------- ------- ------- ------ -------- --------- ------
Tnum   Time       T Av Cost Av BB Cost Av TD Cost     CPD       sTNS     sWNS Ac Rate Std Dev  R lim Crit    2    0.0 8.1e-04   0.980    1277.72 4.0909e-06  17.136  -4.51e+03  -17.136   0.753  0.0147  435.0     1.00     10466  0.950
   3    0.0 7.7e-04   0.993    1255.90 3.9119e-06  17.168  -4.43e+03  -17.168   0.734  0.0037  435.0     1.00     15699  0.950
   4    0.0 7.4e-04   0.980    1249.75 3.8863e-06  17.473  -4.62e+03  -17.473   0.743  0.0082  435.0     1.00     20932  0.950
   5    0.0 7.0e-04   0.989    1232.67 3.7398e-06  17.669  -4.47e+03  -17.669   0.715  0.0056  435.0     1.00     26165  0.950
   6    0.0 6.6e-04   0.999    1243.93 3.932e-06   16.675  -4.47e+03  -16.675   0.727  0.0033  435.0     1.00     31398  0.950
   7    0.0 6.3e-04   0.987    1244.34 3.755e-06   17.753  -4.53e+03  -17.753   0.714  0.0060  435.0     1.00     36631  0.950
   8    0.0 6.0e-04   0.979    1228.43 3.9143e-06  16.389  -4.41e+03  -16.389   0.698  0.0077  435.0     1.00     41864  0.950
   9    0.0 5.7e-04   0.984    1210.82 3.6594e-06  17.545  -4.61e+03  -17.545   0.693  0.0052  435.0     1.00     47097  0.950
  10    0.0 5.4e-04   0.986    1208.38 3.6673e-06  17.321  -4.46e+03  -17.321   0.692  0.0061  435.0     1.00     52330  0.950
  11    0.0 5.1e-04   0.995    1211.22 3.5591e-06  18.005  -4.75e+03  -18.005   0.670  0.0057  435.0     1.00     57563  0.950
  12    0.0 4.9e-04   0.979    1218.47 3.8743e-06  15.904  -4.24e+03  -15.904   0.654  0.0092  435.0     1.00     62796  0.950
  13    0.0 4.6e-04   0.998    1207.01 3.7464e-06  16.065  -4.26e+03  -16.065   0.642  0.0031  435.0     1.00     68029  0.950
  14    0.0 4.4e-04   0.989    1204.06 3.6786e-06  16.339  -4.19e+03  -16.339   0.619  0.0026  435.0     1.00     73262  0.950
  15    0.0 4.2e-04   0.981    1194.96 3.5725e-06  16.378  -4.21e+03  -16.378   0.616  0.0066  435.0     1.00     78495  0.950
  16    0.0 4.0e-04   0.987    1186.54 3.4112e-06  17.486  -4.59e+03  -17.486   0.614  0.0040  435.0     1.00     83728  0.950
  17    0.0 3.8e-04   0.981    1173.61 3.6171e-06  15.734  -4.19e+03  -15.734   0.579  0.0084  435.0     1.00     88961  0.950
  18    0.0 3.6e-04   0.991    1163.41 3.7055e-06  15.013     -4e+03  -15.013   0.569  0.0041  435.0     1.00     94194  0.950
  19    0.0 3.4e-04   0.988    1164.81 3.432e-06   16.404  -4.32e+03  -16.404   0.559  0.0047  435.0     1.00     99427  0.950
  20    0.0 3.2e-04   0.991    1156.10 3.3965e-06  16.851  -4.38e+03  -16.851   0.548  0.0084  435.0     1.00    104660  0.950
  21    0.0 3.1e-04   0.999    1155.76 3.308e-06   17.110  -4.31e+03  -17.110   0.537  0.0029  435.0     1.00    109893  0.950
  22    0.0 2.9e-04   0.984    1146.41 3.3807e-06  16.433  -4.23e+03  -16.433   0.515  0.0069  435.0     1.00    115126  0.950
  23    0.0 2.8e-04   0.984    1135.33 3.4641e-06  15.247  -4.05e+03  -15.247   0.504  0.0071  435.0     1.00    120359  0.950
  24    0.0 2.6e-04   0.994    1125.72 3.3802e-06  15.421  -3.92e+03  -15.421   0.478  0.0026  435.0     1.00    125592  0.950
  25    0.0 2.5e-04   0.988    1121.99 3.4411e-06  15.114  -3.93e+03  -15.114   0.465  0.0062  435.0     1.00    130825  0.950
  26    0.0 2.4e-04   0.992    1115.06 3.4269e-06  15.104  -3.91e+03  -15.104   0.464  0.0032  435.0     1.00    136058  0.950
  27    0.0 2.3e-04   0.991    1109.50 3.1977e-06  16.219  -4.17e+03  -16.219   0.448  0.0075  435.0     1.00    141291  0.950
  28    0.0 2.1e-04   0.991    1099.54 3.3651e-06  14.889  -4.01e+03  -14.889   0.444  0.0043  435.0     1.00    146524  0.950
  29    0.0 2.0e-04   0.991    1096.97 3.3829e-06  14.508   -3.9e+03  -14.508   0.424  0.0036  435.0     1.00    151757  0.950
  30    0.0 1.9e-04   0.988    1098.91 3.1612e-06  14.720  -3.93e+03  -14.720   0.410  0.0048  428.0     1.11    156990  0.950
  31    0.0 1.8e-04   0.991    1096.19 2.9513e-06  14.547  -3.88e+03  -14.547   0.439  0.0047  415.0     1.32    162223  0.950
  32    0.0 1.7e-04   0.986    1088.45 2.9189e-06  14.385  -3.87e+03  -14.385   0.397  0.0051  414.6     1.33    167456  0.950
  33    0.0 1.7e-04   0.991    1080.22 2.5527e-06  14.495  -3.86e+03  -14.495   0.393  0.0048  396.9     1.62    172689  0.950
  34    0.0 1.6e-04   0.982    1075.57 2.1215e-06  14.945  -3.94e+03  -14.945   0.381  0.0071  378.2     1.92    177922  0.950
  35    0.0 1.5e-04   0.987    1071.07 1.8574e-06  14.832  -3.97e+03  -14.832   0.372  0.0056  355.9     2.28    183155  0.950
  36    0.0 1.4e-04   0.986    1069.73 1.6529e-06  14.237  -3.71e+03  -14.237   0.362  0.0058  331.8     2.66    188388  0.950
  37    0.0 1.4e-04   0.982    1070.76 1.591e-06   13.515  -3.68e+03  -13.515   0.349  0.0074  305.8     3.08    193621  0.950
  38    0.0 1.3e-04   0.976    1066.19 1.2469e-06  14.218  -3.84e+03  -14.218   0.333  0.0090  278.0     3.53    198854  0.950
  39    0.0 1.2e-04   0.980    1065.79 1.0567e-06  14.017  -3.69e+03  -14.017   0.332  0.0092  248.1     4.01    204087  0.950
  40    0.0 1.2e-04   0.976    1068.23 9.1683e-07  13.930  -3.63e+03  -13.930   0.314  0.0084  221.4     4.45    209320  0.950
  41    0.0 1.1e-04   0.974    1067.37 9.9393e-07  13.374  -3.61e+03  -13.374   0.313  0.0104  193.5     4.90    214553  0.950
  42    0.0 1.0e-04   0.971    1064.45 9.3021e-07  13.263  -3.65e+03  -13.263   0.308  0.0132  168.9     5.29    219786  0.950
  43    0.0 9.9e-05   0.970    1063.23 6.5851e-07  13.646  -3.59e+03  -13.646   0.303  0.0121  146.7     5.65    225019  0.950
  44    0.0 9.4e-05   0.968    1057.45 6.6807e-07  13.439  -3.61e+03  -13.439   0.293  0.0135  126.6     5.97    230252  0.950
  45    0.0 9.0e-05   0.965    1056.11 5.7008e-07  13.483  -3.55e+03  -13.483   0.285  0.0159  108.0     6.27    235485  0.950
  46    0.0 8.5e-05   0.965    1050.21 6.9341e-07  12.793  -3.54e+03  -12.793   0.257  0.0149   91.2     6.54    240718  0.950
  47    0.0 8.1e-05   0.969    1048.57 6.4884e-07  12.894  -3.49e+03  -12.894   0.242  0.0138   74.6     6.81    245951  0.950
  48    0.0 7.7e-05   0.969    1047.32 5.827e-07   13.007  -3.54e+03  -13.007   0.293  0.0134   59.8     7.05    251184  0.950
  49    0.0 7.3e-05   0.976    1050.56 6.655e-07   12.384  -3.47e+03  -12.384   0.279  0.0123   51.0     7.19    256417  0.950
  50    0.0 6.9e-05   0.970    1049.37 4.4697e-07  13.065  -3.49e+03  -13.065   0.265  0.0137   42.8     7.33    261650  0.950
  51    0.0 6.6e-05   0.972    1045.57 6.3724e-07  12.271  -3.45e+03  -12.271   0.276  0.0130   35.3     7.45    266883  0.950
  52    0.0 6.3e-05   0.969    1049.90 4.0724e-07  13.016  -3.48e+03  -13.016   0.277  0.0134   29.5     7.54    272116  0.950
  53    0.0 6.0e-05   0.978    1047.87 6.0557e-07  12.448  -3.45e+03  -12.448   0.272  0.0111   24.7     7.62    277349  0.950
  54    0.0 5.7e-05   0.976    1045.64 3.9523e-07  13.093  -3.48e+03  -13.093   0.278  0.0118   20.5     7.68    282582  0.950
  55    0.0 5.4e-05   0.975    1049.17 6.5136e-07  11.971  -3.45e+03  -11.971   0.257  0.0105   17.2     7.74    287815  0.950
  56    0.0 5.1e-05   0.981    1050.09 5.8237e-07  12.221  -3.44e+03  -12.221   0.273  0.0086   14.1     7.79    293048  0.950
  57    0.0 4.8e-05   0.974    1048.37 4.4936e-07  12.557  -3.47e+03  -12.557   0.256  0.0124   11.7     7.83    298281  0.950
  58    0.0 4.6e-05   0.977    1045.16 5.1878e-07  12.184   -3.4e+03  -12.184   0.254  0.0088    9.6     7.86    303514  0.950
  59    0.0 4.4e-05   0.978    1043.11 5.4444e-07  12.193  -3.42e+03  -12.193   0.257  0.0101    7.8     7.89    308747  0.950
  60    0.0 4.2e-05   0.980    1040.85 6.1676e-07  11.891  -3.42e+03  -11.891   0.261  0.0102    6.4     7.91    313980  0.950
  61    0.0 3.9e-05   0.978    1040.35 5.6206e-07  11.956  -3.44e+03  -11.956   0.255  0.0094    5.2     7.93    319213  0.950
  62    0.0 3.8e-05   0.980    1037.27 5.9907e-07  11.845  -3.42e+03  -11.845   0.264  0.0094    4.3     7.95    324446  0.950
  63    0.0 3.6e-05   0.978    1038.81 5.1984e-07  12.100  -3.44e+03  -12.100   0.242  0.0087    3.5     7.96    329679  0.950
  64    0.0 3.4e-05   0.976    1037.62 6.6267e-07  11.559  -3.37e+03  -11.559   0.259  0.0098    2.8     7.97    334912  0.950
  65    0.0 3.2e-05   0.982    1035.55 6.1253e-07  11.654  -3.39e+03  -11.654   0.264  0.0082    2.3     7.98    340145  0.950
  66    0.0 3.1e-05   0.977    1035.61 5.6756e-07  11.793  -3.37e+03  -11.793   0.282  0.0090    1.9     7.99    345378  0.950
  67    0.0 2.9e-05   0.982    1037.27 4.7655e-07  12.034  -3.39e+03  -12.034   0.281  0.0076    1.6     7.99    350611  0.950
  68    0.0 2.8e-05   0.980    1036.65 6.9156e-07  11.377  -3.39e+03  -11.377   0.278  0.0088    1.3     7.99    355844  0.950
  69    0.0 2.6e-05   0.982    1038.42 6.6193e-07  11.563  -3.39e+03  -11.563   0.270  0.0086    1.1     8.00    361077  0.950
  70    0.0 2.5e-05   0.979    1037.66 6.4623e-07  11.431  -3.39e+03  -11.431   0.267  0.0087    1.0     8.00    366310  0.950
  71    0.0 2.4e-05   0.980    1035.25 5.159e-07   11.748  -3.38e+03  -11.748   0.258  0.0091    1.0     8.00    371543  0.950
  72    0.0 2.2e-05   0.977    1035.66 5.0658e-07  11.868  -3.34e+03  -11.868   0.255  0.0100    1.0     8.00    376776  0.950
  73    0.0 2.1e-05   0.983    1035.93 5.9955e-07  11.555  -3.37e+03  -11.555   0.252  0.0079    1.0     8.00    382009  0.950
  74    0.0 2.0e-05   0.981    1034.54 6.1238e-07  11.547  -3.36e+03  -11.547   0.250  0.0084    1.0     8.00    387242  0.950
  75    0.0 1.9e-05   0.982    1035.93 5.757e-07   11.665   -3.4e+03  -11.665   0.248  0.0079    1.0     8.00    392475  0.950
  76    0.0 1.8e-05   0.980    1034.21 6.3166e-07  11.473  -3.37e+03  -11.473   0.238  0.0091    1.0     8.00    397708  0.950
  77    0.0 1.7e-05   0.977    1034.03 6.2879e-07  11.459  -3.38e+03  -11.459   0.236  0.0104    1.0     8.00    402941  0.950
  78    0.0 1.7e-05   0.979    1033.72 7.0744e-07  11.380  -3.36e+03  -11.380   0.240  0.0083    1.0     8.00    408174  0.950
  79    0.0 1.6e-05   0.976    1033.58 5.8875e-07  11.818  -3.43e+03  -11.818   0.227  0.0107    1.0     8.00    413407  0.950
  80    0.0 1.5e-05   0.982    1032.29 6.0975e-07  11.616  -3.39e+03  -11.616   0.222  0.0088    1.0     8.00    418640  0.950
  81    0.0 1.4e-05   0.978    1032.00 6.4433e-07  11.474  -3.37e+03  -11.474   0.231  0.0108    1.0     8.00    423873  0.950
  82    0.0 1.3e-05   0.979    1030.42 3.7299e-07  12.417  -3.41e+03  -12.417   0.213  0.0113    1.0     8.00    429106  0.950
  83    0.0 1.3e-05   0.976    1031.52 6.0029e-07  11.581  -3.38e+03  -11.581   0.216  0.0108    1.0     8.00    434339  0.950
  84    0.0 1.2e-05   0.981    1032.27 6.2363e-07  11.516   -3.4e+03  -11.516   0.211  0.0094    1.0     8.00    439572  0.950
  85    0.0 1.2e-05   0.977    1030.74 5.3055e-07  11.758  -3.36e+03  -11.758   0.223  0.0086    1.0     8.00    444805  0.950
  86    0.0 1.1e-05   0.976    1031.56 4.5067e-07  12.125   -3.4e+03  -12.125   0.204  0.0107    1.0     8.00    450038  0.950
  87    0.0 1.0e-05   0.978    1028.99 5.9172e-07  11.564  -3.36e+03  -11.564   0.206  0.0104    1.0     8.00    455271  0.950
  88    0.0 9.9e-06   0.981    1028.30 5.8773e-07  11.494  -3.34e+03  -11.494   0.207  0.0086    1.0     8.00    460504  0.950
  89    0.0 9.4e-06   0.981    1028.44 4.9496e-07  11.761  -3.36e+03  -11.761   0.200  0.0082    1.0     8.00    465737  0.950
  90    0.0 8.9e-06   0.982    1028.85 5.7947e-07  11.587  -3.36e+03  -11.587   0.195  0.0086    1.0     8.00    470970  0.950
  91    0.0 8.5e-06   0.981    1029.17 5.7982e-07  11.408  -3.35e+03  -11.408   0.191  0.0085    1.0     8.00    476203  0.950
  92    0.0 8.1e-06   0.986    1028.55 5.2372e-07  11.625  -3.34e+03  -11.625   0.184  0.0070    1.0     8.00    481436  0.950
  93    0.0 7.7e-06   0.974    1032.21 4.9703e-07  12.165  -3.55e+03  -12.165   0.189  0.0105    1.0     8.00    486669  0.950
  94    0.0 7.3e-06   0.975    1028.86 5.5e-07     11.537  -3.34e+03  -11.537   0.180  0.0116    1.0     8.00    491902  0.950
  95    0.0 6.9e-06   0.981    1028.93 6.5156e-07  11.250  -3.34e+03  -11.250   0.188  0.0087    1.0     8.00    497135  0.950
  96    0.0 6.6e-06   0.980    1028.74 6.1137e-07  11.353  -3.34e+03  -11.353   0.174  0.0094    1.0     8.00    502368  0.950
  97    0.0 6.2e-06   0.980    1026.85 4.7786e-07  11.714  -3.33e+03  -11.714   0.171  0.0091    1.0     8.00    507601  0.950
  98    0.0 5.9e-06   0.985    1026.44 6.0469e-07  11.319  -3.38e+03  -11.319   0.162  0.0079    1.0     8.00    512834  0.950
  99    0.0 5.6e-06   0.983    1027.09 6.2204e-07  11.253  -3.33e+03  -11.253   0.162  0.0075    1.0     8.00    518067  0.950
 100    0.0 5.3e-06   0.979    1025.89 5.9948e-07  11.463  -3.35e+03  -11.463   0.164  0.0085    1.0     8.00    523300  0.950
 101    0.0 5.1e-06   0.983    1025.56 5.5877e-07  11.581  -3.34e+03  -11.581   0.161  0.0087    1.0     8.00    528533  0.950
 102    0.0 4.8e-06   0.981    1027.53 4.8283e-07  11.733  -3.35e+03  -11.733   0.155  0.0083    1.0     8.00    533766  0.950
 103    0.0 4.6e-06   0.984    1025.78 3.9318e-07  12.143  -3.33e+03  -12.143   0.162  0.0079    1.0     8.00    538999  0.950
 104    0.0 4.4e-06   0.981    1024.18 5.1492e-07  11.714  -3.33e+03  -11.714   0.154  0.0083    1.0     8.00    544232  0.950
 105    0.0 4.1e-06   0.979    1023.85 4.328e-07   12.064  -3.33e+03  -12.064   0.140  0.0096    1.0     8.00    549465  0.950
 106    0.0 3.3e-06   0.979    1024.34 5.956e-07   11.452  -3.34e+03  -11.452   0.144  0.0095    1.0     8.00    554698  0.800
Agent's 2nd state: 
Checkpoint saved: bb_costs=1023.1, TD costs=5.62131e-07, CPD= 11.682 (ns) 
 107    0.0 2.6e-06   0.983    1024.04 5.4227e-07  11.682  -3.35e+03  -11.682   0.104  0.0075    1.0     8.00    559931  0.800
 108    0.0 2.1e-06   0.982    1024.92 5.7313e-07  11.679  -3.33e+03  -11.679   0.097  0.0075    1.0     8.00    565164  0.800
 109    0.0 0.0e+00   0.979    1025.15 5.2752e-07  11.714   -3.4e+03  -11.714   0.078  0.0094    1.0     8.00    570397  0.800
## Placement Quench took 0.02 seconds (max_rss 12125.9 MiB)
post-quench CPD = 11.647 (ns) 

BB estimate of min-dist (placement) wire length: 183287

Completed placement consistency check successfully.

Swaps called: 571432

Aborted Move Reasons:
  No moves aborted

Placement estimated critical path delay (least slack): 11.647 ns, Fmax: 85.859 MHz
Placement estimated setup Worst Negative Slack (sWNS)## Placement Quench took 0.02 seconds (max_rss 12125.9 MiB)
post-quench CPD = 11.647 (ns) 

BB estimate of min-dist (placement) wire length: 183287

Completed placement consistency check successfully.

Swaps called: 571432

Aborted Move Reasons:
  No moves aborted

Placement estimated critical path delay (least slack): 11.647 ns, Fmax: 85.859 MHz
Placement estimated setup Worst Negative Slack (sWNS): -11.647 ns
Placement estimated setup Total Negative Slack (sTNS): -3326.55 ns

Placement estimated setup slack histogram:
[ -1.2e-08:   -1e-08)  31 (  7.7%) |********
[   -1e-08: -9.3e-09) 179 ( 44.4%) |***********************************************
[ -9.3e-09: -8.2e-09)  82 ( 20.3%) |**********************
[ -8.2e-09:   -7e-09)  38 (  9.4%) |**********
[   -7e-09: -5.8e-09)  18 (  4.5%) |*****
[ -5.8e-09: -4.7e-09)  12 (  3.0%) |***
[ -4.7e-09: -3.5e-09)   1 (  0.2%) |
[ -3.5e-09: -2.3e-09)   1 (  0.2%) |
[ -2.3e-09: -1.2e-09)   0 (  0.0%) |
[ -1.2e-09:        0)  41 ( 10.2%) |***********

Placement estimated geomean non-virtual intra-domain period: nan ns (nan MHz)
Placement estimated fanout-weighted geomean non-virtual intra-domain period: nan ns (nan MHz)

Placement cost: 0.966175, bb_cost: 1024.62, td_cost: 5.61428e-07, 

Placement resource usage:
  LAB     implemented as LAB    : 202
  LAB     implemented as LABMLAB: 56
  io_cell implemented as iolane : 777

Placement number of temperatures: 109
Placement total # of swap attempts: 571432
	Swaps accepted: 195800 (34.3 %)
	Swaps rejected: 277113 (48.5 %)
	Swaps aborted:  98519 (17.2 %)


Placement perturbation distribution by block and move type: 
------------------ ----------------- ---------------- ---------------- --------------- ------------ 
    Block Type         Move Type       (%) of Total      Accepted(%)     Rejected(%)    Aborted(%)
------------------ ----------------- ---------------- ---------------- --------------- ------------ 
LAB                Uniform                6.10             6.27            93.73          0.01         
                   Median                 6.16             38.63           57.35          4.01         
                   Centroid               6.09             26.34           70.48          3.18         
                   W. Centroid            6.15             27.20           69.79          3.01         
                   W. Median              0.10             2.06            89.00          8.93         
                   Crit. Uniform          0.35             0.60            99.40          0.00         
                   Feasible Region        0.34             0.89            97.34          1.77         

io_cell            Uniform                19.03            49.54           50.46          0.00         
                   Median                 18.43            32.21           33.78          34.01        
                   Centroid               18.39            34.75           37.30          27.94        
                   W. Centroid            18.46            34.81           37.94          27.25        
                   W. Median              0.28             10.82           33.09          56.09        
                   Crit. Uniform          0.05             4.56            95.44          0.00         
                   Feasible Region        0.05             2.74            93.15          4.11         


Placement Quench timing analysis took 0.00472277 seconds (0.00419049 STA, 0.000532284 slack) (1 full updates: 1 setup, 0 hold, 0 combined).
Placement Total  timing analysis took 0.515749 seconds (0.460497 STA, 0.0552515 slack) (111 full updates: 111 setup, 0 hold, 0 combined).
update_t[      0.2:      0.3)  188 (  2.3%) |****
[      0.3:      0.4)  602 (  7.3%) |*************
[      0.4:      0.5)  884 ( 10.7%) |*******************
[      0.5:      0.6) 1011 ( 12.2%) |*********************
[      0.6:      0.7) 1493 ( 18.0%) |*******************************
[      0.7:      0.8) 2197 ( 26.6%) |**********************************************
[      0.8:      0.9) 1278 ( 15.4%) |************************* 188 (  2.3%) |****
[      0.3:      0.4)  602 (  7.3%) |*************
[      0.4:      0.5)  884 ( 10.7%) |*******************
[      0.5:      0.6) 1011 ( 12.2%) |*********************
[      0.6:      0.7) 1493 ( 18.0%) |*******************************
[      0.7:      0.8) 2197 ( 26.6%) |**********************************************
[      0.8:      0.9) 1278 ( 15.4%) |***************************
[      0.9:        1)  338 (  4.1%) |*******
## Initializing router criticalities took 0.04 seconds (max_rss 12125.9 MiB, delta_rss +0.0 MiB)
---- ------ ------- ---- ------- ------- ------- ----------------- --------------- -------- ---------- ---------- ---------- ---------- --------
Iter   Time    pres  BBs    Heap  Re-Rtd  Re-Rtd Overused RR Nodes      Wirelength      CPD       sTNS       sWNS       hTNS       hWNS Est Succ
      (sec)     fac Updt    push Incr Slack updates 111 in 0.0102524 sec
Full Max Req/Worst Slack updates 75 in 0.000397102 sec
Incr Max Req/Worst Slack updates 36 in 0.00023696 sec
Incr Criticality updates 0 in 0 sec
Full Criticality updates 111 in 0.0426233 sec
   2    0.4     0.5   40 4155714    2418    7563    2520 ( 0.007%)  186945 ( 0.4%)   12.161     -3532.    -12.161      0.000      0.000      N/A
   3    0.3     0.6   21 3483889    1392    5937    1598 ( 0.004%)  187337 ( 0.4%)   12.024     -3565.    -12.024      0.000      0.000      N/A
   4    0.3     0.8   14 2943745    1090    5141    1109 ( 0.003%)  187566 ( 0.4%)   11.980     -3556.    -11.980      0.000      0.000      N/A
   5    0.2     1.1    4 2351697     814    4175     669 ( 0.002%)  187838 ( 0.4%)   11.980     -3551.    -11.980      0.000      0.000      N/A
   6    0.2     1.4    7 1617633     565    3056     370 ( 0.001%)  188471 ( 0.4%)   11.980     -3552.    -11.980      0.000      0.000      N/A
   7    0.1     1.9    2 1246442     411    2275     171 ( 0.000%)  188358 ( 0.4%)   11.980     -3551.    -11.980      0.000      0.000      N/A
   8    0.1     2.4    0  638923     213    1159      82 ( 0.000%)  188479 ( 0.4%)   11.980     -3553.    -11.980      0.000      0.000      N/A
   9    0.1     3.1    1  329261     100     575      27 ( 0.000%)  188548 ( 0.4%)   11.980     -3553.    -11.980      0.000      0.000      N/A
  10    0.1     4.1    0  104437      36     191       6 ( 0.000%)  188577 ( 0.4%)   11.980     -3553.    -11.980      0.000      0.000       13
  11    0.1     5.3    0   10818       6      19       0 ( 0.000%)  188580 ( 0.4%)   11.980     -3553.    -11.980      0.000      0.000       12
Restoring best routing
Critical path: 11.98 ns
Successfully routed after 11 routing iterations.
Final Net Connection Criticality Histogram:
[        0:      0.1)  137 (  1.7%) |***
[      0.1:      0.2)    2 (  0.0%) |
[      0.2:      0.3)   36 (  0.4%) |*
[      0.3:      0.4)  153 (  1.8%) |***
[      0.4:      0.5)  457 (  5.5%) |*********
[      0.5:      0.6)  869 ( 10.5%) |*****************
[Restoring best routing
Critical path: 11.98 ns
Successfully routed after 11 routing iterations.
Final Net Connection Criticality Histogram:
[        0:      0.1)  137 (  1.7%) |***
[      0.1:      0.2)    2 (  0.0%) |
[      0.2:      0.3)   36 (  0.4%) |*
[      0.3:      0.4)  153 (  1.8%) |***
[      0.4:      0.5)  457 (  5.5%) |*********
[      0.5:      0.6)  869 ( 10.5%) |*****************
[      0.6:      0.7) 1314 ( 15.9%) |**************************
[      0.7:      0.8) 1633 ( 19.7%) |********************************
[      0.8:      0.9) 2360 ( 28.5%) |**********************************************
[      0.9:        1) 1311 ( 15.8%) |**************************
Router Stats: total_nets_routed: 9865 total_connections_routed: 38265 total_heap_pushes: 21094775 total_heap_pops: 2257496 total_internal_heap_pushes: 0 total_internal_heap_pops: 0 total_external_heap_pushes: 21094775 total_external_heap_pops: 2257496 total_external_SOURCE_pushes: 37316 total_external_SOURCE_pops: 24945 total_internal_SOURCE_pushes: 0 total_internal_SOURCE_pops: 0 rt_node_SOURCE_pushes: 37316 rt_node_SOURCE_high_fanout_pushes: 12 rt_node_SOURCE_entire_tree_pushes: 37304 total_external_SINK_pushes: 196651 total_external_SINK_pops: 158831 total_internal_SINK_pushes: 0 total_internal_SINK_pops: 0 rt_node_SINK_pushes: 0 rt_node_SINK_high_fanout_pushes: 0 rt_node_SINK_entire_tree_pushes: 0 total_external_IPIN_pushes: 225009 total_external_IPIN_pops: 196698 total_internal_IPIN_pushes: 0 total_internal_IPIN_pops: 0 rt_node_IPIN_pushes: 0 rt_node_IPIN_high_fanout_pushes: 0 rt_node_IPIN_entire_tree_pushes: 0 total_external_OPIN_pushes: 909288 total_external_OPIN_pops: 748938 total_internal_OPIN_pushes: 0 total_internal_OPIN_pops: 0 rt_node_OPIN_pushes: 44918 rt_node_OPIN_high_fanout_pushes: 12 rt_node_OPIN_entire_tree_pushes: 44906 total_external_CHANX_pushes: 10330244 total_external_CHANX_pops: 883688 total_internal_CHANX_pushes: 0 total_internal_CHANX_pops: 0 rt_node_CHANX_pushes: 188581 rt_node_CHANX_high_fanout_pushes: 7429 rt_node_CHANX_entire_tree_pushes: 181152 total_external_CHANY_pushes: 9396267 total_external_CHANY_pops: 244396 total_internal_CHANY_pushes: 0 total_internal_CHANY_pops: 0 rt_node_CHANY_pushes: 218360 rt_node_CHANY_high_fanout_pushes: 8735 rt_node_CHANY_entire_tree_pushes: 209625 total_number_of_adding_all_rt: 942650 total_number_of_adding_high_fanout_rt: 967 total_number_of_adding_all_rt_from_calling_high_fanout_rt: 473 
# Routing took 2.30 seconds (max_rss 12125.9 MiB, delta_rss +0.0 MiB)

Checking to ensure routing is legal...
# Checking to ensure non-configurable edges are legal
# Checking to ensure non-configurable edges are legal took 0.86 seconds (max_rss 12125.9 MiB, delta_rss +0.0 MiB)
Completed routing consistency check successfully.

Serial number (magic cookie) for the routing is: 1656267966
Circuit successfully routed with a channel width factor of 250.
# Synchronize the packed netlist to routing optimization
## Annotating rr_node with routed nets
## Annotating rr_node with routed nets took 0.01 seconds (max_rss 12125.9 MiB, delta_rss +0.0 MiB)
Found 15950 mismatches between routing and packing results.
Fixed 7758 routing traces due to mismatch between routing and packing results.
# Synchronize the packed netlist to routing optimization took 0.06 seconds (max_rss 12125.9 MiB, delta_rss +       PLL          0                                      0                            0   
clock_gate          0                                      0                            0   
 clock_div          0                                      0                            0   
       LAB        258                                30.4961                      9.55039   
      MLAB          0                                      0                            0   
       OCT          0                                      0                            0   
   io_cell        777                               0.519949                     0.480051   
       DSP          0                                      0                            0   
      M20K          0                                      0                            0   
Absorbed logical nets 0 out of 2837 nets, 2837 nets not absorbed.


Average number of bends per net: 2.45319  Maximum # of bends: 48

Number of global nets: 17
Number of routed nets (nonglobal): 2820
Wire length results (in units of 1 clb segments)...
	Total wirelength: 188580, average net length: 66.8723
	Maximum net length: 627

Wire length results in terms of physical segments...
	Total wiring seAbsorbed logical nets 0 out of 2837 nets, 2837 nets not absorbed.


Average number of bends per net: 2.45319  Maximum # of bends: 48

Number of global nets: 17
Number of routed nets (nonglobal): 2820
Wire length results (in units of 1 clb segments)...
	Total wirelength: 188580, average net length: 66.8723
	Maximum net length: 627

Wire length results in terms of physical segments...
	Total wiring segments used: 18853, average wire segments per net: 6.68546
	Maximum segments used by a net: 127
	Total local nets with reserved CLB opins: 0
Total number of nets absorbed: 1093

Routing channel utilization histogram:
[        1:      inf)      0 (  0.0%) |
[      0.9:        1)      0 (  0.0%) |
[      0.8:      0.9)      0 (  0.0%) |
[      0.7:      0.8)      0 (  0.0%) |
[      0.5:      0.6)      0 (  0.0%) |
[      0.4:      0.5)      0 (  0.0%) |
[      0.3:      0.4)    136 (  0.0%) |
[      0.2:      0.3)    336 (  0.1%) |
[      0.1:      0.2)    492 (  0.2%) |
[        0:      0.1) 279176 ( 99.7%) |********************************************
Maximum routing channel utilization:      0.37 at (110,144)

X - Directed channels:   j max occ ave occ capacity
                      ---- ------- ------- --------
                         0       0   0.000      250
                         1       0   0.000      250
                         2       0   0.000      250
                         3       0   0.000      250
                         4       0   0.000      250
                         5       0   0.000      250
                         6       0   0.000      250
                         7       0   0.000      250
                         8       0   0.000      250
                         9       0   0.000      250
                        10       0   0.000      250
                        11       0   0.000      250
                        12       2   0.014      250
                        13       0   0.000      250
                        14       4   0.037      250
                        15       1   0.009      250
                        16       3   0.083      250
                        17       3   0.023      250
                        18       6   0.954      250
                        19       2   0.073      250
                        20       2   0.023      250
                        21       3   0.101      250
                        22       3   0.046      250
                        23       3   0.128      250
                        24       3   0.028      250
                        25       2   0.119      250
                        26       5   0.312      250
                        27       1   0.009      250
                        28       5   0.601      250
                        29       1   0.064      250
                        30       3   0.463      250
                        31       2   0.064      250
                        32       4   0.665      250
                        33       3   0.312      250
                        34       3   0.092      250
                        35       2   0.060      250
                        36       2   0.110      250
                        37       2   0.064      250
                        38       4   1.376      250
                        39       0   0.000      250
                        40       3   0.606      250
                        41       1   0.032      250
                        42       0   0.000      250
                        43       1   0.009      250
                        44       1   0.440      250
                        45       0   0.000      250
                        46       1   0.170      250
                                      55       2   0.023      250
                        56       5   1.615      250
                        57       4   0.638      250
                        58       4   0.495      250
                        59       6   0.390      250
                        60       7   2.133      250
                        61       3   0.679      250
                        62       4   0.188                    55       2   0.023      250
                        56       5   1.615      250
                        57       4   0.638      250
                        58       4   0.495      250
                        59       6   0.390      250
                        60       7   2.133      250
                        61       3   0.679      250
                        62       4   0.188      250
                        63       1   0.055      250
                        64       3   0.450      250
                        65       1   0.050      250
                        66       5   1.271      250
                        67       3   0.243      250
                        68       4   1.404      250
                        69       2   0.119      250
                        70       4   0.344      250
                        71       3   0.183      250
                        72       3   0.170      250
                        73       3   0.500      250
                        74       2   0.110      250
                        75       2   0.069      250
                        76       0   0.000      250
                        77       1   0.055      250
                        78       0   0.000      250
                        79       0   0.000      250
                        80       0   0.000      250
                        81       0   0.000      250
                        82       1   0.005      250
                        83       2   0.170      250
                        84       2   0.330      250
                        85       1   0.009      250
                        86       4   0.683      250
                        87       3   0.560      250
                        88       4   0.417      250
                        89       3   0.266      250
                        90       4   0.555      250
                        91       1   0.028      250
                        92       3   0.436      250
                        93       1   0.005      250
                        94       4   1.193      250
                        95       2   0.078      250
                        96       5   0.706      250
                        97       2   0.229      250
                        98       3   0.578      250
                        99       1   0.119      250
                       100       6   1.174      250
                       101       3   0.344      250
                       102       4   1.289      250
                       103       5   1.349      250
                       104       8   3.023      250
                       105       5   1.954      250
                       106       6   1.018      250
                       107       3   0.459      250
                       108       4   0.775      250
                       109       2   0.275      250
                       110       2   0.495      250
                       111       0   0.000      250
                       112       3   0.716      250
                       113       0   0.000      250
                       114       4   1.000      250
                       115       1   0.220      250
                       116       2   0.495      250
                       117       1   0.440      250
                       118       2   0.725      250
                       119       1   0.220      250
                       120       2   0.550      250
                       121       4   1.170      250
                       122       6   1.954      250
                       123       4   0.844      250
                       124       7   2.009      250
                                     133       4   1.298      250
                       134       5   1.147      250
                       135       6   1.720      250
                       136       5   1.610      250
                       137       6   1.853      250
                       138       5   1.115      250
                       139       3   0.922      250
                       140      10   2.018      250
                       141       5250
                       134       5   1.147      250
                       135       6   1.720      250
                       136       5   1.610      250
                       137       6   1.853      250
                       138       5   1.115      250
                       139       3   0.922      250
                       140      10   2.018      250
                       141       5   0.381      250
                       142      20   1.890      250
                       143      48   1.472      250
                       144      92   3.968      250
                       145      71   3.289      250
                       146      83   5.459      250
                       147      70   3.959      250
                       148      62   7.023      250
                       149      85   8.514      250
                       150      86  11.271      250
                       151      90   8.908      250
                       152      88  11.606      250
                       153      87  10.087      250
                       154      79  10.358      250
                       155      68   5.807      250
                       156      46   6.849      250
                       157      37   3.037      250
                       158      16   4.431      250
                       159       7   0.940      250
                       160      12   2.853      250
                       161       3   0.119      250
                       162       5   1.509      250
                       163       4   1.078      250
                       164       7   1.670      250
                       165       2   0.239      250
                       166      15   2.454      250
                       167       5   0.817      250
                       168      20   2.697      250
                       169       5   1.216      250
                       170       6   1.899      250
                       171       5   2.073      250
                       172       6   2.303      250
                       173       4   1.239      250
                       174       5   1.445      250
                       175       6   0.408      250
                       176       4   1.335      250
                       177       3   0.894      250
                       178       5   1.500      250
                       179       1   0.023      250
                       180       2   0.661      250
                       181       3   0.716      250
                       182       6   1.596      250
                       183       4   0.784      250
                       184       3   1.165      250
                       185       3   0.885      250
                       186       4   1.670      250
                       187       0   0.000      250
                       188       0   0.000      250
                       189       1   0.110      250
                       190       2   0.110      250
                       191       0   0.000      250
                       192       1   0.064      250
                       193       1   0.009      250
                       194       6   1.225      250
                       195       2   0.417      250
                       196       5   1.578      250
                       197       4   0.431      250
                       198       5   1.739      250
                       199       4   0.890      250
                       200       6   2.170      250
                       201       4   0.670      250
                       202       6   1.991      250
                       203       3   1.000      250
                                     212       5   0.404      250
                       213       0   0.000      250
                       214       4   0.913      250
                       215       2   0.087      250
                       216       2   0.174      250
                       217       1   0.055      250
                       218       2   0.505      250
                       219       2   0.225      250
                       0.404      250
                       213       0   0.000      250
                       214       4   0.913      250
                       215       2   0.087      250
                       216       2   0.174      250
                       217       1   0.055      250
                       218       2   0.505      250
                       219       2   0.225      250
                       220       4   0.725      250
                       221       0   0.000      250
                       222       1   0.055      250
                       223       0   0.000      250
                       224       2   0.550      250
                       225       0   0.000      250
                       226       3   0.284      250
                       227       0   0.000      250
                       228       3   0.514      250
                       229       2   0.440      250
                       230       6   1.555      250
                       231       4   0.353      250
                       232       4   0.821      250
                       233       3   0.266      250
                       234       5   0.647      250
                       235       2   0.073      250
                       236       3   0.041      250
                       237       3   0.023      250
                       238       3   0.225      250
                       239       1   0.009      250
                       240       5   0.780      250
                       241       2   0.018      250
                       242       3   0.454      250
                       243       1   0.009      250
                       244       7   1.096      250
                       245       3   0.303      250
                       246       7   2.133      250
                       247       3   0.321      250
                       248       6   1.124      250
                       249       3   0.179      250
                       250       5   1.372      250
                       251       1   0.450      250
                       252       2   0.720      250
                       253       1   0.060      250
                       254       3   0.550      250
                       255       2   0.385      250
                       256       2   0.826      250
                       257       1   0.064      250
                       258       1   0.110      250
                       259       0   0.000      250
                       260       0   0.000      250
                       261       1   0.009      250
                       262       2   0.275      250
                       263       1   0.005      250
                       264       1   0.018      250
                       265       3   0.037      250
                       266       5   0.427      250
                       267       2   0.119      250
                       268       3   0.271      250
                       269       3   0.119      250
                       270       5   0.761      250
                       271       1   0.005      250
                       272       3   0.174      250
                       273       2   0.505      250
                       274       4   1.261      250
                       275       3   0.128      250
                       276       6   1.064      250
                       277       4   0.128      250
                       278       6   1.092      250
                       279       2   0.174      250
                       280       5   0.784      250
                       281       1   0.005      250
                       282       3   0.716      250
                                     291       1   0.055      250
                       292       2   0.110      250
                       293       0   0.000      250
                       294       4   0.619      250
                       295       2   0.183      250
                       296       4   1.514      250
                       297       1   0.023      250
                       298       1   0.014      250
          91       1   0.055      250
                       292       2   0.110      250
                       293       0   0.000      250
                       294       4   0.619      250
                       295       2   0.183      250
                       296       4   1.514      250
                       297       1   0.023      250
                       298       1   0.014      250
                       299       4   0.142      250
                       300       2   0.161      250
                       301       2   0.073      250
                       302       3   0.890      250
                       303       1   0.005      250
                       304       7   0.908      250
                       305       1   0.009      250
                       306       5   0.110      250
                       307       2   0.128      250
                       308       2   0.037      250
                       309       2   0.069      250
                       310       4   0.206      250
                       311       1   0.064      250
                       312       5   0.216      250
                       313       1   0.014      250
                       314       5   0.133      250
                       315       2   0.023      250
                       316       5   0.541      250
                       317       2   0.009      250
                       318       3   0.023      250
                       319       1   0.005      250
                       320       2   0.014      250
                       321       1   0.055      250
Y - Directed channels:   i max occ ave occ capacity
                      ---- ------- ------- --------
                         0       0   0.000      120
                         1       0   0.000      120
                         2       0   0.000      120
                         3       0   0.000      120
                         4       0   0.000      120
                         5       0   0.000      120
                         6       0   0.000      120
                         7       0   0.000      120
                         8       0   0.000      120
                         9       0   0.000      120
                        10       0   0.000      120
                        11       0   0.000      120
                        12       0   0.000      120
                        13       0   0.000      120
                        14       0   0.000      120
                        15       0   0.000      120
                        16       0   0.000      120
                        17       0   0.000      120
                        18       0   0.000      120
                        19       0   0.000      120
                        20       0   0.000      120
                        21       0   0.000      120
                        22       0   0.000      120
                        23       0   0.000      120
                        24       0   0.000      120
                        25       0   0.000      120
                        26       0   0.000      120
                        27       0   0.000      120
                        28       0   0.000      120
                        29       0   0.000      120
                        30       0   0.000      120
                        31       0   0.000      120
                        32       0   0.000      120
                        33       0   0.000      120
                        34       0   0.000      120
                        35       0   0.000      120
                        36       0   0.000      120
                        37       0   0.000      120
                                      46       0   0.000      120
                        47       0   0.000      120
                        48       0   0.000      120
                        49       0   0.000      120
                        50       0   0.000      120
                        51       0   0.000      120
                        52       0   0.000      120
                        53       0   0.000      12            46       0   0.000      120
                        47       0   0.000      120
                        48       0   0.000      120
                        49       0   0.000      120
                        50       0   0.000      120
                        51       0   0.000      120
                        52       0   0.000      120
                        53       0   0.000      120
                        54       0   0.000      120
                        55       0   0.000      120
                        56       0   0.000      120
                        57       0   0.000      120
                        58       0   0.000      120
                        59       0   0.000      120
                        60       0   0.000      120
                        61       0   0.000      120
                        62       0   0.000      120
                        63       0   0.000      120
                        64       0   0.000      120
                        65       0   0.000      120
                        66       0   0.000      120
                        67       0   0.000      120
                        68       0   0.000      120
                        69       0   0.000      120
                        70       0   0.000      120
                        71       0   0.000      120
                        72       0   0.000      120
                        73       0   0.000      120
                        74       0   0.000      120
                        75       0   0.000      120
                        76       0   0.000      120
                        77       0   0.000      120
                        78       0   0.000      120
                        79       0   0.000      120
                        80       0   0.000      120
                        81       0   0.000      120
                        82       1   0.006      120
                        83       3   0.375      120
                        84       4   1.056      120
                        85       7   2.786      120
                        86      12   4.690      120
                        87      13   6.108      120
                        88       8   3.647      120
                        89       6   2.638      120
                        90       7   3.260      120
                        91       4   1.015      120
                        92       2   0.158      120
                        93       0   0.000      120
                        94       2   0.551      120
                        95       2   0.458      120
                        96       7   1.251      120
                        97       1   0.108      120
                        98       2   0.158      120
                        99       2   0.297      120
                       100       2   0.477      120
                       101      20   2.334      120
                       102      50   3.282      120
                       103      55   0.889      120
                       104      28   2.322      120
                       105      29   1.368      120
                       106      54   2.740      120
                       107      50   3.421      120
                       108      44   3.229      120
                       109      66   4.759      120
                       110      64   6.068      120
                       111      68   8.932      120
                       112      65   7.659      120
                       113      67   6.093      120
                       114      42   4.598      120
                       115      31   1.873      120
                       116      29   1.409      120
                                     125       5   0.313      120
                       126      26   2.567      120
                       127      37   0.870      120
                       128      33   1.625      120
                       129      21   1.594      120
                       130      32   1.743      120
                       131      53   2.780      120
                       132      42   2                       125       5   0.313      120
                       126      26   2.567      120
                       127      37   0.870      120
                       128      33   1.625      120
                       129      21   1.594      120
                       130      32   1.743      120
                       131      53   2.780      120
                       132      42   2.031      120
                       133      52   3.523      120
                       134      35   2.718      120
                       135      44   2.663      120
                       136      57   3.115      120
                       137      51   2.950      120
                       138      45   2.115      120
                       139      31   1.009      120
                       140      30   1.536      120
                       141      52   2.115      120
                       142      59   2.019      120
                       143      56   2.399      120
                       144      36   2.610      120
                       145      27   0.604      120
                       146      35   1.350      120
                       147      46   1.232      120
                       148      52   1.427      120
                       149      52   1.625      120
                       150      58   2.430      120
                       151      56   2.613      120
                       152      63   3.378      120
                       153      65   2.820      120
                       154      43   2.576      120
                       155      45   2.628      120
                       156      49   3.062      120
                       157      31   2.904      120
                       158      10   1.173      120
                       159       7   1.229      120
                       160       7   1.511      120
                       161       4   0.570      120
                       162       2   0.229      120
                       163       2   0.303      120
                       164       2   0.693      120
                       165       2   0.198      120
                       166       4   0.991      120
                       167       2   0.446      120
                       168       2   0.347      120
                       169       1   0.056      120
                       170       4   1.690      120
                       171       2   0.297      120
                       172       2   0.594      120
                       173       2   0.396      120
                       174       2   0.396      120
                       175       2   0.149      120
                       176       5   1.009      120
                       177       4   0.752      120
                       178       3   1.053      120
                       179       5   1.337      120
                       180       3   0.545      120
                       181       1   0.149      120
                       182       1   0.248      120
                       183       1   0.056      120
                       184       1   0.297      120
                       185       1   0.050      120
                       186       1   0.149      120
                       187       1   0.050      120
                       188       0   0.000      120
                       189       0   0.000      120
                       190       0   0.000      120
                       191       2   0.099      120
                       192       1   0.149      120
                       193       0   0.000      120
                       194       3   0.892      120
                                     203       4   0.446      120
                       204       3   0.991      120
                       205       2   0.248      120
                       206       2   0.198      120
                       207       1   0.248      120
                       208       2   0.248      120
                       209       1   0.297      120
                       210       0   0.000      120
                       21146      120
                       204       3   0.991      120
                       205       2   0.248      120
                       206       2   0.198      120
                       207       1   0.248      120
                       208       2   0.248      120
                       209       1   0.297      120
                       210       0   0.000      120
                       211       0   0.000      120
                       212       0   0.000      120
                       213       0   0.000      120
                       214       0   0.000      120
                       215       0   0.000      120
                       216       0   0.000      120
                       217       0   0.000      120
                       218       1   0.050      120
                       219       0   0.000      120
                       220       0   0.000      120
                       221       0   0.000      120
                       222       0   0.000      120
                       223       0   0.000      120
                       224       1   0.050      120
                       225       2   0.415      120
                       226       2   0.495      120
                       227       0   0.000      120
                       228       4   0.446      120
                       229       1   0.050      120
                       230       0   0.000      120
                       231       1   0.009      120
                       232       1   0.155      120
                       233       9   0.186      120
                       234       7   0.084      120
                       235       3   0.034      120
                       236       3   0.155      120
                       237       1   0.006      120
                       238       1   0.006      120
                       239       0   0.000      120
                       240       1   0.015      120
                       241       0   0.000      120
                       242       3   0.334      120
                       243       2   0.279      120
                       244       1   0.025      120
                       245       0   0.000      120
                       246       0   0.000      120
                       247       1   0.019      120
                       248       0   0.000      120
                       249       0   0.000      120
                       250       0   0.000      120
                       251       1   0.198      120
                       252       5   1.288      120
                       253       2   0.396      120
                       254       3   0.594      120
                       255       3   0.693      120
                       256       0   0.000      120
                       257       2   0.693      120
                       258       1   0.347      120
                       259       0   0.000      120
                       260       2   0.248      120
                       261       1   0.396      120
                       262       1   0.006      120
                       263       0   0.000      120
                       264       0   0.000      120
                       265       0   0.000      120
                       266       0   0.000      120
                       267       0   0.000      120
                       268       0   0.000      120
                       269       0   0.000      120
                       270       0   0.000      120
                       271       0   0.000      120
                       272       1   0.254      120
                       273       2   0.347      120
                                     282       2   0.297      120
                       283       0   0.000      120
                       284       0   0.000      120
                       285       0   0.000      120
                       286       1   0.149      120
                       287       0   0.000      120
                       288       0   0.000      120
                       289       1   0.297      120
                   2   0.297      120
                       283       0   0.000      120
                       284       0   0.000      120
                       285       0   0.000      120
                       286       1   0.149      120
                       287       0   0.000      120
                       288       0   0.000      120
                       289       1   0.297      120
                       290       0   0.000      120
                       291       0   0.000      120
                       292       1   0.149      120
                       293       0   0.000      120
                       294       0   0.000      120
                       295       1   0.006      120
                       296       0   0.000      120
                       297       1   0.198      120
                       298       4   0.991      120
                       299       5   0.892      120
                       300       3   0.997      120
                       301       2   0.545      120
                       302       3   0.396      120
                       303       2   0.248      120
                       304       0   0.000      120
                       305       0   0.000      120
                       306       0   0.000      120
                       307       0   0.000      120
                       308       2   0.248      120
                       309       0   0.000      120
                       310       1   0.149      120
                       311       0   0.000      120
                       312       0   0.000      120
                       313       0   0.000      120
                       314       0   0.000      120
                       315       0   0.000      120
                       316       0   0.000      120
                       317       0   0.000      120
                       318       0   0.000      120
                       319       1   0.495      120
                       320       3   0.495      120
                       321       4   0.749      120
                       322       5   1.146      120
                       323       5   2.427      120
                       324       3   0.991      120
                       325       2   0.198      120
                       326       2   0.149      120
                       327       2   0.303      120
                       328       1   0.050      120
                       329       0   0.000      120
                       330       0   0.000      120
                       331       0   0.000      120
                       332       2   0.399      120
                       333       1   0.446      120
                       334       1   0.068      120
                       335       2   0.149      120
                       336       1   0.099      120
                       337       1   0.062      120
                       338       1   0.263      120
                       339       1   0.015      120
                       340       2   0.248      120
                       341       1   0.074      120
                       342       2   0.074      120
                       343       2   0.053      120
                       344       3   0.681      120
                       345       3   0.749      120
                       346       6   1.666      120
                       347      12   4.594      120
                       348       8   3.452      120
                       349       4   0.981      120
                       350       3   0.799      120
                       351       1   0.028      120
                       352       0   0.000      120
                                     361       0   0.000      120
                       362       0   0.000      120
                       363       0   0.000      120
                       364       0   0.000      120
                       365       0   0.000      120
                       366       0   0.000      120
                       367       0   0.000      120
                       368       0   0.000      120
         361       0   0.000      120
                       362       0   0.000      120
                       363       0   0.000      120
                       364       0   0.000      120
                       365       0   0.000      120
                       366       0   0.000      120
                       367       0   0.000      120
                       368       0   0.000      120
                       369       0   0.000      120
                       370       0   0.000      120
                       371       0   0.000      120
                       372       0   0.000      120
                       373       0   0.000      120
                       374       0   0.000      120
                       375       0   0.000      120
                       376       0   0.000      120
                       377       0   0.000      120
                       378       0   0.000      120
                       379       0   0.000      120
                       380       0   0.000      120
                       381       0   0.000      120
                       382       0   0.000      120
                       383       0   0.000      120
                       384       0   0.000      120
                       385       0   0.000      120
                       386       0   0.000      120
                       387       0   0.000      120
                       388       0   0.000      120
                       389       0   0.000      120
                       390       0   0.000      120
                       391       0   0.000      120
                       392       0   0.000      120
                       393       0   0.000      120
                       394       0   0.000      120
                       395       0   0.000      120
                       396       0   0.000      120
                       397       0   0.000      120
                       398       0   0.000      120
                       399       0   0.000      120
                       400       0   0.000      120
                       401       0   0.000      120
                       402       0   0.000      120
                       403       0   0.000      120
                       404       0   0.000      120
                       405       0   0.000      120
                       406       0   0.000      120
                       407       0   0.000      120
                       408       0   0.000      120
                       409       0   0.000      120
                       410       0   0.000      120
                       411       0   0.000      120
                       412       0   0.000      120
                       413       0   0.000      120
                       414       0   0.000      120
                       415       0   0.000      120
                       416       0   0.000      120
                       417       0   0.000      120
                       418       0   0.000      120
                       419       0   0.000      120
                       420       0   0.000      120
                       421       0   0.000      120
                       422       0   0.000      120
                       423       0   0.000      120
                       424       0   0.000      120
                       425       0   0.000      120
                       426       0   0.000      120
                       427       0   0.000      120
                       428       0   0.000      120
                       429       0   0.000      120
                       430       0   0.000      120
                       431       0   0.000   	Total used logic block area: 0

Routing area (in minimum width transistor areas)...
	Total routing area: 2.03513e+09, per logic tile: 14451.2

Total Number of Wiring Segments by Direction: direction length number
                                              --------- ------ -------
                                                      X      2 1820910
                                                      Y      2 1120560
rea: 0

Routing area (in minimum width transistor areas)...
	Total routing area: 2.03513e+09, per logic tile: 14451.2

Total Number of Wiring Segments by Direction: direction length number
                                              --------- ------ -------
                                                      X      2 1820910
                                                      Y      2 1120560
                                                      Y      3 2060740
                                                      X      4 2462496
                                                      Y      4 1409400
                                                      X     10 1768808
                                                      Y     16 182700
                                                      X     24 183938

X - Directed Wiring Segment usage by length: length utilization
                                             ------ -----------
                                             2     0.00114
                                             4    0.000919
                                            10     0.00078
                                            24        0.02

Y - Directed Wiring Segment usage by length: length utilization
                                             ------ -----------
                                             2     0.00265
                                             3     0.00058
                                             4     0.00124
                                            16      0.0194

Segment occupancy by length: Length utilization
                             ------ -----------
                             L2         0.00171
                             L3         0.00058
                             L4         0.00104
                             L10         0.00078
                             L16          0.0194
                             L24            0.02

Segment occupancy by type: name type utilization
                           ---- ---- -----------
                             H2    0     0.00114
                             H4    1    0.000919
                            H10    2     0.00078
                            H24    3        0.02
                             V2    4     0.00265
                             V3    5     0.00058
                             V4    6     0.00124
                            V16    7      0.0194

Final hold Worst Negative Slack (hWNS): 0 ns
Final hold Total Negative Slack (hTNS): 0 ns

Final hold slack histogram:
[  8.9e-11:  7.6e-10)  38 (  9.4%) |******************
[  7.6e-10:  1.4e-09)   3 (  0.7%) |*
[  1.4e-09:  2.1e-09)   0 (  0.0%) |
[  2.1e-09:  2.8e-09)   4 (  1.0%) |**
[  2.8e-09:  3.4e-09)  35 (  8.7%) |****************
[  3.4e-09:  4.1e-09)  82 ( 20.3%) |**************************************
[  4.1e-09:  4.8e-09)  83 ( 20.6%) |***************************************
[  4.8e-09:  5.5e-09) 101 ( 25.1%) |***********************************************
[  5.5e-09:  6.1e-09)  49 ( 12.2%) |***********************
[  6.1e-09:  6.8e-09)   8 (  2.0%) |****

Final critical path delay (least slack): 11.98 ns, Fmax: 83.4724 MHz
Final setup Worst Negative Slack (sWNS): -11.98 ns
Final setup Total Negative Slack (sTNS): -3553.01 ns

Final setup slack histogram:
[ -1.2e-08: -1.1e-08)  63 ( 15.6%) |*****************
[ -1.1e-08: -9.6e-09) 176 ( 43.7%) |***********************************************
[ -9.6e-09: -8.4e-09)  72 ( 17.9%) |*******************
[ -8.4e-09: -7.2e-09)  29 (  7.2%) |********
[ -7.2e-09:   -6e-09)  19 (  4.7%) |*****
[   -6e-09: -4.8e-09)   1 (  0.2%) |
[ -4.8e-09: -3.7e-09)   2 (  0.5%) |*
[Incr Criticality updates 0 in 0 sec
Full Criticality updates 1 in 0.00022996 sec
Flow timing analysis took 0.671532 seconds (0.609352 STA, 0.0621803 slack) (125 full updates: 112 setup, 0 hold, 13 combined).
VPR succeeded
The entire flow of VPR took 3531.35 seconds (max_rss 12125.9 MiB)
Incr Slack updates 12 in 0.00100873 sec
Full Max Req/Worst Slack updates 4 in 2.2222e-05 sec
Incr Max Req/Worst Slack updates 8 in 6.7ates 0 in 0 sec
Full Criticality updates 1 in 0.00022996 sec
Flow timing analysis took 0.671532 seconds (0.609352 STA, 0.0621803 slack) (125 full updates: 112 setup, 0 hold, 13 combined).
VPR succeeded
The entire flow of VPR took 3531.35 seconds (max_rss 12125.9 MiB)
Incr Slack updates 12 in 0.00100873 sec
Full Max Req/Worst Slack updates 4 in 2.2222e-05 sec
Incr Max Req/Worst Slack updates 8 in 6.7185e-05 sec
Incr Criticality updates 7 in 0.0011287 sec
Full Criticality updates 5 in 0.00129549 sec
