#Timing report of worst 32 path(s)
# Unit scale: 1e-09 seconds
# Output precision: 3

#Path 1
Startpoint: G16.inpad[0] (.input clocked by virtual_io_clock)
Endpoint  : out:G6288.outpad[0] (.output clocked by virtual_io_clock)
Path Type : setup

Point                                                             Incr      Path
--------------------------------------------------------------------------------
clock virtual_io_clock (rise edge)                               0.000     0.000
clock source latency                                             0.000     0.000
input external delay                                             0.000     0.000
G16.inpad[0] (.input)                                            0.000     0.000
new_n85.in[0] (.names)                                           1.014     1.014
new_n85.out[0] (.names)                                          0.261     1.275
new_n91.in[1] (.names)                                           1.014     2.289
new_n91.out[0] (.names)                                          0.261     2.550
new_n102.in[0] (.names)                                          1.014     3.563
new_n102.out[0] (.names)                                         0.261     3.824
new_n101.in[0] (.names)                                          1.014     4.838
new_n101.out[0] (.names)                                         0.261     5.099
new_n115.in[1] (.names)                                          1.014     6.113
new_n115.out[0] (.names)                                         0.261     6.374
new_n114.in[0] (.names)                                          1.014     7.388
new_n114.out[0] (.names)                                         0.261     7.649
new_n460.in[0] (.names)                                          1.014     8.663
new_n460.out[0] (.names)                                         0.261     8.924
new_n496.in[0] (.names)                                          1.014     9.938
new_n496.out[0] (.names)                                         0.261    10.199
new_n495.in[0] (.names)                                          1.014    11.212
new_n495.out[0] (.names)                                         0.261    11.473
new_n494.in[4] (.names)                                          1.014    12.487
new_n494.out[0] (.names)                                         0.261    12.748
new_n493.in[4] (.names)                                          1.014    13.762
new_n493.out[0] (.names)                                         0.261    14.023
new_n492.in[4] (.names)                                          1.014    15.037
new_n492.out[0] (.names)                                         0.261    15.298
new_n537.in[0] (.names)                                          1.014    16.312
new_n537.out[0] (.names)                                         0.261    16.573
new_n559.in[1] (.names)                                          1.014    17.586
new_n559.out[0] (.names)                                         0.261    17.847
new_n574.in[1] (.names)                                          1.014    18.861
new_n574.out[0] (.names)                                         0.261    19.122
G6288.in[0] (.names)                                             1.014    20.136
G6288.out[0] (.names)                                            0.261    20.397
out:G6288.outpad[0] (.output)                                    1.014    21.411
data arrival time                                                         21.411

clock virtual_io_clock (rise edge)                               0.000     0.000
clock source latency                                             0.000     0.000
clock uncertainty                                                0.000     0.000
output external delay                                            0.000     0.000
data required time                                                         0.000
--------------------------------------------------------------------------------
data required time                                                         0.000
data arrival time                                                        -21.411
--------------------------------------------------------------------------------
slack (VIOLATED)                                                         -21.411


#Path 2
Startpoint: G16.inpad[0] (.input clocked by virtual_io_clock)
Endpoint  : out:G6287.outpad[0] (.output clocked by virtual_io_clock)
Path Type : setup

Point                                                             Incr      Path
--------------------------------------------------------------------------------
clock virtual_io_clock (rise edge)                               0.000     0.000
clock source latency                                             0.000     0.000
input external delay                                             0.000     0.000
G16.inpad[0] (.input)                                            0.000     0.000
new_n85.in[0] (.names)                                           1.014     1.014
new_n85.out[0] (.names)                                          0.261     1.275
new_n91.in[1] (.names)                                           1.014     2.289
new_n91.out[0] (.names)                                          0.261     2.550
new_n102.in[0] (.names)                                          1.014     3.563
new_n102.out[0] (.names)                                         0.261     3.824
new_n101.in[0] (.names)                                          1.014     4.838
new_n101.out[0] (.names)                                         0.261     5.099
new_n115.in[1] (.names)                                          1.014     6.113
new_n115.out[0] (.names)                                         0.261     6.374
new_n114.in[0] (.names)                                          1.014     7.388
new_n114.out[0] (.names)                                         0.261     7.649
new_n460.in[0] (.names)                                          1.014     8.663
new_n460.out[0] (.names)                                         0.261     8.924
new_n496.in[0] (.names)                                          1.014     9.938
new_n496.out[0] (.names)                                         0.261    10.199
new_n495.in[0] (.names)                                          1.014    11.212
new_n495.out[0] (.names)                                         0.261    11.473
new_n494.in[4] (.names)                                          1.014    12.487
new_n494.out[0] (.names)                                         0.261    12.748
new_n493.in[4] (.names)                                          1.014    13.762
new_n493.out[0] (.names)                                         0.261    14.023
new_n492.in[4] (.names)                                          1.014    15.037
new_n492.out[0] (.names)                                         0.261    15.298
new_n537.in[0] (.names)                                          1.014    16.312
new_n537.out[0] (.names)                                         0.261    16.573
new_n559.in[1] (.names)                                          1.014    17.586
new_n559.out[0] (.names)                                         0.261    17.847
new_n574.in[1] (.names)                                          1.014    18.861
new_n574.out[0] (.names)                                         0.261    19.122
G6287.in[2] (.names)                                             1.014    20.136
G6287.out[0] (.names)                                            0.261    20.397
out:G6287.outpad[0] (.output)                                    1.014    21.411
data arrival time                                                         21.411

clock virtual_io_clock (rise edge)                               0.000     0.000
clock source latency                                             0.000     0.000
clock uncertainty                                                0.000     0.000
output external delay                                            0.000     0.000
data required time                                                         0.000
--------------------------------------------------------------------------------
data required time                                                         0.000
data arrival time                                                        -21.411
--------------------------------------------------------------------------------
slack (VIOLATED)                                                         -21.411


#Path 3
Startpoint: G16.inpad[0] (.input clocked by virtual_io_clock)
Endpoint  : out:G6286.outpad[0] (.output clocked by virtual_io_clock)
Path Type : setup

Point                                                             Incr      Path
--------------------------------------------------------------------------------
clock virtual_io_clock (rise edge)                               0.000     0.000
clock source latency                                             0.000     0.000
input external delay                                             0.000     0.000
G16.inpad[0] (.input)                                            0.000     0.000
new_n85.in[0] (.names)                                           1.014     1.014
new_n85.out[0] (.names)                                          0.261     1.275
new_n91.in[1] (.names)                                           1.014     2.289
new_n91.out[0] (.names)                                          0.261     2.550
new_n102.in[0] (.names)                                          1.014     3.563
new_n102.out[0] (.names)                                         0.261     3.824
new_n101.in[0] (.names)                                          1.014     4.838
new_n101.out[0] (.names)                                         0.261     5.099
new_n115.in[1] (.names)                                          1.014     6.113
new_n115.out[0] (.names)                                         0.261     6.374
new_n114.in[0] (.names)                                          1.014     7.388
new_n114.out[0] (.names)                                         0.261     7.649
new_n460.in[0] (.names)                                          1.014     8.663
new_n460.out[0] (.names)                                         0.261     8.924
new_n496.in[0] (.names)                                          1.014     9.938
new_n496.out[0] (.names)                                         0.261    10.199
new_n495.in[0] (.names)                                          1.014    11.212
new_n495.out[0] (.names)                                         0.261    11.473
new_n494.in[4] (.names)                                          1.014    12.487
new_n494.out[0] (.names)                                         0.261    12.748
new_n493.in[4] (.names)                                          1.014    13.762
new_n493.out[0] (.names)                                         0.261    14.023
new_n492.in[4] (.names)                                          1.014    15.037
new_n492.out[0] (.names)                                         0.261    15.298
new_n537.in[0] (.names)                                          1.014    16.312
new_n537.out[0] (.names)                                         0.261    16.573
new_n559.in[1] (.names)                                          1.014    17.586
new_n559.out[0] (.names)                                         0.261    17.847
new_n574.in[1] (.names)                                          1.014    18.861
new_n574.out[0] (.names)                                         0.261    19.122
G6286.in[0] (.names)                                             1.014    20.136
G6286.out[0] (.names)                                            0.261    20.397
out:G6286.outpad[0] (.output)                                    1.014    21.411
data arrival time                                                         21.411

clock virtual_io_clock (rise edge)                               0.000     0.000
clock source latency                                             0.000     0.000
clock uncertainty                                                0.000     0.000
output external delay                                            0.000     0.000
data required time                                                         0.000
--------------------------------------------------------------------------------
data required time                                                         0.000
data arrival time                                                        -21.411
--------------------------------------------------------------------------------
slack (VIOLATED)                                                         -21.411


#Path 4
Startpoint: G16.inpad[0] (.input clocked by virtual_io_clock)
Endpoint  : out:G6285.outpad[0] (.output clocked by virtual_io_clock)
Path Type : setup

Point                                                             Incr      Path
--------------------------------------------------------------------------------
clock virtual_io_clock (rise edge)                               0.000     0.000
clock source latency                                             0.000     0.000
input external delay                                             0.000     0.000
G16.inpad[0] (.input)                                            0.000     0.000
new_n85.in[0] (.names)                                           1.014     1.014
new_n85.out[0] (.names)                                          0.261     1.275
new_n91.in[1] (.names)                                           1.014     2.289
new_n91.out[0] (.names)                                          0.261     2.550
new_n102.in[0] (.names)                                          1.014     3.563
new_n102.out[0] (.names)                                         0.261     3.824
new_n101.in[0] (.names)                                          1.014     4.838
new_n101.out[0] (.names)                                         0.261     5.099
new_n115.in[1] (.names)                                          1.014     6.113
new_n115.out[0] (.names)                                         0.261     6.374
new_n114.in[0] (.names)                                          1.014     7.388
new_n114.out[0] (.names)                                         0.261     7.649
new_n460.in[0] (.names)                                          1.014     8.663
new_n460.out[0] (.names)                                         0.261     8.924
new_n496.in[0] (.names)                                          1.014     9.938
new_n496.out[0] (.names)                                         0.261    10.199
new_n495.in[0] (.names)                                          1.014    11.212
new_n495.out[0] (.names)                                         0.261    11.473
new_n494.in[4] (.names)                                          1.014    12.487
new_n494.out[0] (.names)                                         0.261    12.748
new_n493.in[4] (.names)                                          1.014    13.762
new_n493.out[0] (.names)                                         0.261    14.023
new_n492.in[4] (.names)                                          1.014    15.037
new_n492.out[0] (.names)                                         0.261    15.298
new_n537.in[0] (.names)                                          1.014    16.312
new_n537.out[0] (.names)                                         0.261    16.573
new_n559.in[1] (.names)                                          1.014    17.586
new_n559.out[0] (.names)                                         0.261    17.847
G6285.in[0] (.names)                                             1.014    18.861
G6285.out[0] (.names)                                            0.261    19.122
out:G6285.outpad[0] (.output)                                    1.014    20.136
data arrival time                                                         20.136

clock virtual_io_clock (rise edge)                               0.000     0.000
clock source latency                                             0.000     0.000
clock uncertainty                                                0.000     0.000
output external delay                                            0.000     0.000
data required time                                                         0.000
--------------------------------------------------------------------------------
data required time                                                         0.000
data arrival time                                                        -20.136
--------------------------------------------------------------------------------
slack (VIOLATED)                                                         -20.136


#Path 5
Startpoint: G16.inpad[0] (.input clocked by virtual_io_clock)
Endpoint  : out:G6284.outpad[0] (.output clocked by virtual_io_clock)
Path Type : setup

Point                                                             Incr      Path
--------------------------------------------------------------------------------
clock virtual_io_clock (rise edge)                               0.000     0.000
clock source latency                                             0.000     0.000
input external delay                                             0.000     0.000
G16.inpad[0] (.input)                                            0.000     0.000
new_n85.in[0] (.names)                                           1.014     1.014
new_n85.out[0] (.names)                                          0.261     1.275
new_n91.in[1] (.names)                                           1.014     2.289
new_n91.out[0] (.names)                                          0.261     2.550
new_n102.in[0] (.names)                                          1.014     3.563
new_n102.out[0] (.names)                                         0.261     3.824
new_n101.in[0] (.names)                                          1.014     4.838
new_n101.out[0] (.names)                                         0.261     5.099
new_n115.in[1] (.names)                                          1.014     6.113
new_n115.out[0] (.names)                                         0.261     6.374
new_n114.in[0] (.names)                                          1.014     7.388
new_n114.out[0] (.names)                                         0.261     7.649
new_n460.in[0] (.names)                                          1.014     8.663
new_n460.out[0] (.names)                                         0.261     8.924
new_n496.in[0] (.names)                                          1.014     9.938
new_n496.out[0] (.names)                                         0.261    10.199
new_n495.in[0] (.names)                                          1.014    11.212
new_n495.out[0] (.names)                                         0.261    11.473
new_n494.in[4] (.names)                                          1.014    12.487
new_n494.out[0] (.names)                                         0.261    12.748
new_n493.in[4] (.names)                                          1.014    13.762
new_n493.out[0] (.names)                                         0.261    14.023
new_n492.in[4] (.names)                                          1.014    15.037
new_n492.out[0] (.names)                                         0.261    15.298
new_n537.in[0] (.names)                                          1.014    16.312
new_n537.out[0] (.names)                                         0.261    16.573
new_n559.in[1] (.names)                                          1.014    17.586
new_n559.out[0] (.names)                                         0.261    17.847
G6284.in[0] (.names)                                             1.014    18.861
G6284.out[0] (.names)                                            0.261    19.122
out:G6284.outpad[0] (.output)                                    1.014    20.136
data arrival time                                                         20.136

clock virtual_io_clock (rise edge)                               0.000     0.000
clock source latency                                             0.000     0.000
clock uncertainty                                                0.000     0.000
output external delay                                            0.000     0.000
data required time                                                         0.000
--------------------------------------------------------------------------------
data required time                                                         0.000
data arrival time                                                        -20.136
--------------------------------------------------------------------------------
slack (VIOLATED)                                                         -20.136


#Path 6
Startpoint: G16.inpad[0] (.input clocked by virtual_io_clock)
Endpoint  : out:G6283.outpad[0] (.output clocked by virtual_io_clock)
Path Type : setup

Point                                                             Incr      Path
--------------------------------------------------------------------------------
clock virtual_io_clock (rise edge)                               0.000     0.000
clock source latency                                             0.000     0.000
input external delay                                             0.000     0.000
G16.inpad[0] (.input)                                            0.000     0.000
new_n85.in[0] (.names)                                           1.014     1.014
new_n85.out[0] (.names)                                          0.261     1.275
new_n91.in[1] (.names)                                           1.014     2.289
new_n91.out[0] (.names)                                          0.261     2.550
new_n102.in[0] (.names)                                          1.014     3.563
new_n102.out[0] (.names)                                         0.261     3.824
new_n101.in[0] (.names)                                          1.014     4.838
new_n101.out[0] (.names)                                         0.261     5.099
new_n115.in[1] (.names)                                          1.014     6.113
new_n115.out[0] (.names)                                         0.261     6.374
new_n114.in[0] (.names)                                          1.014     7.388
new_n114.out[0] (.names)                                         0.261     7.649
new_n460.in[0] (.names)                                          1.014     8.663
new_n460.out[0] (.names)                                         0.261     8.924
new_n496.in[0] (.names)                                          1.014     9.938
new_n496.out[0] (.names)                                         0.261    10.199
new_n495.in[0] (.names)                                          1.014    11.212
new_n495.out[0] (.names)                                         0.261    11.473
new_n494.in[4] (.names)                                          1.014    12.487
new_n494.out[0] (.names)                                         0.261    12.748
new_n493.in[4] (.names)                                          1.014    13.762
new_n493.out[0] (.names)                                         0.261    14.023
new_n492.in[4] (.names)                                          1.014    15.037
new_n492.out[0] (.names)                                         0.261    15.298
new_n537.in[0] (.names)                                          1.014    16.312
new_n537.out[0] (.names)                                         0.261    16.573
G6283.in[0] (.names)                                             1.014    17.586
G6283.out[0] (.names)                                            0.261    17.847
out:G6283.outpad[0] (.output)                                    1.014    18.861
data arrival time                                                         18.861

clock virtual_io_clock (rise edge)                               0.000     0.000
clock source latency                                             0.000     0.000
clock uncertainty                                                0.000     0.000
output external delay                                            0.000     0.000
data required time                                                         0.000
--------------------------------------------------------------------------------
data required time                                                         0.000
data arrival time                                                        -18.861
--------------------------------------------------------------------------------
slack (VIOLATED)                                                         -18.861


#Path 7
Startpoint: G16.inpad[0] (.input clocked by virtual_io_clock)
Endpoint  : out:G6282.outpad[0] (.output clocked by virtual_io_clock)
Path Type : setup

Point                                                             Incr      Path
--------------------------------------------------------------------------------
clock virtual_io_clock (rise edge)                               0.000     0.000
clock source latency                                             0.000     0.000
input external delay                                             0.000     0.000
G16.inpad[0] (.input)                                            0.000     0.000
new_n85.in[0] (.names)                                           1.014     1.014
new_n85.out[0] (.names)                                          0.261     1.275
new_n91.in[1] (.names)                                           1.014     2.289
new_n91.out[0] (.names)                                          0.261     2.550
new_n102.in[0] (.names)                                          1.014     3.563
new_n102.out[0] (.names)                                         0.261     3.824
new_n101.in[0] (.names)                                          1.014     4.838
new_n101.out[0] (.names)                                         0.261     5.099
new_n115.in[1] (.names)                                          1.014     6.113
new_n115.out[0] (.names)                                         0.261     6.374
new_n114.in[0] (.names)                                          1.014     7.388
new_n114.out[0] (.names)                                         0.261     7.649
new_n460.in[0] (.names)                                          1.014     8.663
new_n460.out[0] (.names)                                         0.261     8.924
new_n496.in[0] (.names)                                          1.014     9.938
new_n496.out[0] (.names)                                         0.261    10.199
new_n495.in[0] (.names)                                          1.014    11.212
new_n495.out[0] (.names)                                         0.261    11.473
new_n494.in[4] (.names)                                          1.014    12.487
new_n494.out[0] (.names)                                         0.261    12.748
new_n493.in[4] (.names)                                          1.014    13.762
new_n493.out[0] (.names)                                         0.261    14.023
new_n492.in[4] (.names)                                          1.014    15.037
new_n492.out[0] (.names)                                         0.261    15.298
new_n537.in[0] (.names)                                          1.014    16.312
new_n537.out[0] (.names)                                         0.261    16.573
G6282.in[0] (.names)                                             1.014    17.586
G6282.out[0] (.names)                                            0.261    17.847
out:G6282.outpad[0] (.output)                                    1.014    18.861
data arrival time                                                         18.861

clock virtual_io_clock (rise edge)                               0.000     0.000
clock source latency                                             0.000     0.000
clock uncertainty                                                0.000     0.000
output external delay                                            0.000     0.000
data required time                                                         0.000
--------------------------------------------------------------------------------
data required time                                                         0.000
data arrival time                                                        -18.861
--------------------------------------------------------------------------------
slack (VIOLATED)                                                         -18.861


#Path 8
Startpoint: G16.inpad[0] (.input clocked by virtual_io_clock)
Endpoint  : out:G6281.outpad[0] (.output clocked by virtual_io_clock)
Path Type : setup

Point                                                             Incr      Path
--------------------------------------------------------------------------------
clock virtual_io_clock (rise edge)                               0.000     0.000
clock source latency                                             0.000     0.000
input external delay                                             0.000     0.000
G16.inpad[0] (.input)                                            0.000     0.000
new_n85.in[0] (.names)                                           1.014     1.014
new_n85.out[0] (.names)                                          0.261     1.275
new_n91.in[1] (.names)                                           1.014     2.289
new_n91.out[0] (.names)                                          0.261     2.550
new_n102.in[0] (.names)                                          1.014     3.563
new_n102.out[0] (.names)                                         0.261     3.824
new_n101.in[0] (.names)                                          1.014     4.838
new_n101.out[0] (.names)                                         0.261     5.099
new_n115.in[1] (.names)                                          1.014     6.113
new_n115.out[0] (.names)                                         0.261     6.374
new_n114.in[0] (.names)                                          1.014     7.388
new_n114.out[0] (.names)                                         0.261     7.649
new_n460.in[0] (.names)                                          1.014     8.663
new_n460.out[0] (.names)                                         0.261     8.924
new_n496.in[0] (.names)                                          1.014     9.938
new_n496.out[0] (.names)                                         0.261    10.199
new_n495.in[0] (.names)                                          1.014    11.212
new_n495.out[0] (.names)                                         0.261    11.473
new_n494.in[4] (.names)                                          1.014    12.487
new_n494.out[0] (.names)                                         0.261    12.748
new_n493.in[4] (.names)                                          1.014    13.762
new_n493.out[0] (.names)                                         0.261    14.023
new_n492.in[4] (.names)                                          1.014    15.037
new_n492.out[0] (.names)                                         0.261    15.298
G6281.in[0] (.names)                                             1.014    16.312
G6281.out[0] (.names)                                            0.261    16.573
out:G6281.outpad[0] (.output)                                    1.014    17.586
data arrival time                                                         17.586

clock virtual_io_clock (rise edge)                               0.000     0.000
clock source latency                                             0.000     0.000
clock uncertainty                                                0.000     0.000
output external delay                                            0.000     0.000
data required time                                                         0.000
--------------------------------------------------------------------------------
data required time                                                         0.000
data arrival time                                                        -17.586
--------------------------------------------------------------------------------
slack (VIOLATED)                                                         -17.586


#Path 9
Startpoint: G16.inpad[0] (.input clocked by virtual_io_clock)
Endpoint  : out:G6280.outpad[0] (.output clocked by virtual_io_clock)
Path Type : setup

Point                                                             Incr      Path
--------------------------------------------------------------------------------
clock virtual_io_clock (rise edge)                               0.000     0.000
clock source latency                                             0.000     0.000
input external delay                                             0.000     0.000
G16.inpad[0] (.input)                                            0.000     0.000
new_n85.in[0] (.names)                                           1.014     1.014
new_n85.out[0] (.names)                                          0.261     1.275
new_n91.in[1] (.names)                                           1.014     2.289
new_n91.out[0] (.names)                                          0.261     2.550
new_n102.in[0] (.names)                                          1.014     3.563
new_n102.out[0] (.names)                                         0.261     3.824
new_n101.in[0] (.names)                                          1.014     4.838
new_n101.out[0] (.names)                                         0.261     5.099
new_n115.in[1] (.names)                                          1.014     6.113
new_n115.out[0] (.names)                                         0.261     6.374
new_n114.in[0] (.names)                                          1.014     7.388
new_n114.out[0] (.names)                                         0.261     7.649
new_n460.in[0] (.names)                                          1.014     8.663
new_n460.out[0] (.names)                                         0.261     8.924
new_n496.in[0] (.names)                                          1.014     9.938
new_n496.out[0] (.names)                                         0.261    10.199
new_n495.in[0] (.names)                                          1.014    11.212
new_n495.out[0] (.names)                                         0.261    11.473
new_n494.in[4] (.names)                                          1.014    12.487
new_n494.out[0] (.names)                                         0.261    12.748
new_n493.in[4] (.names)                                          1.014    13.762
new_n493.out[0] (.names)                                         0.261    14.023
new_n492.in[4] (.names)                                          1.014    15.037
new_n492.out[0] (.names)                                         0.261    15.298
G6280.in[0] (.names)                                             1.014    16.312
G6280.out[0] (.names)                                            0.261    16.573
out:G6280.outpad[0] (.output)                                    1.014    17.586
data arrival time                                                         17.586

clock virtual_io_clock (rise edge)                               0.000     0.000
clock source latency                                             0.000     0.000
clock uncertainty                                                0.000     0.000
output external delay                                            0.000     0.000
data required time                                                         0.000
--------------------------------------------------------------------------------
data required time                                                         0.000
data arrival time                                                        -17.586
--------------------------------------------------------------------------------
slack (VIOLATED)                                                         -17.586


#Path 10
Startpoint: G16.inpad[0] (.input clocked by virtual_io_clock)
Endpoint  : out:G6279.outpad[0] (.output clocked by virtual_io_clock)
Path Type : setup

Point                                                             Incr      Path
--------------------------------------------------------------------------------
clock virtual_io_clock (rise edge)                               0.000     0.000
clock source latency                                             0.000     0.000
input external delay                                             0.000     0.000
G16.inpad[0] (.input)                                            0.000     0.000
new_n85.in[0] (.names)                                           1.014     1.014
new_n85.out[0] (.names)                                          0.261     1.275
new_n91.in[1] (.names)                                           1.014     2.289
new_n91.out[0] (.names)                                          0.261     2.550
new_n102.in[0] (.names)                                          1.014     3.563
new_n102.out[0] (.names)                                         0.261     3.824
new_n101.in[0] (.names)                                          1.014     4.838
new_n101.out[0] (.names)                                         0.261     5.099
new_n115.in[1] (.names)                                          1.014     6.113
new_n115.out[0] (.names)                                         0.261     6.374
new_n114.in[0] (.names)                                          1.014     7.388
new_n114.out[0] (.names)                                         0.261     7.649
new_n460.in[0] (.names)                                          1.014     8.663
new_n460.out[0] (.names)                                         0.261     8.924
new_n496.in[0] (.names)                                          1.014     9.938
new_n496.out[0] (.names)                                         0.261    10.199
new_n495.in[0] (.names)                                          1.014    11.212
new_n495.out[0] (.names)                                         0.261    11.473
new_n494.in[4] (.names)                                          1.014    12.487
new_n494.out[0] (.names)                                         0.261    12.748
new_n493.in[4] (.names)                                          1.014    13.762
new_n493.out[0] (.names)                                         0.261    14.023
new_n492.in[4] (.names)                                          1.014    15.037
new_n492.out[0] (.names)                                         0.261    15.298
G6279.in[0] (.names)                                             1.014    16.312
G6279.out[0] (.names)                                            0.261    16.573
out:G6279.outpad[0] (.output)                                    1.014    17.586
data arrival time                                                         17.586

clock virtual_io_clock (rise edge)                               0.000     0.000
clock source latency                                             0.000     0.000
clock uncertainty                                                0.000     0.000
output external delay                                            0.000     0.000
data required time                                                         0.000
--------------------------------------------------------------------------------
data required time                                                         0.000
data arrival time                                                        -17.586
--------------------------------------------------------------------------------
slack (VIOLATED)                                                         -17.586


#Path 11
Startpoint: G19.inpad[0] (.input clocked by virtual_io_clock)
Endpoint  : out:G6278.outpad[0] (.output clocked by virtual_io_clock)
Path Type : setup

Point                                                             Incr      Path
--------------------------------------------------------------------------------
clock virtual_io_clock (rise edge)                               0.000     0.000
clock source latency                                             0.000     0.000
input external delay                                             0.000     0.000
G19.inpad[0] (.input)                                            0.000     0.000
new_n110.in[0] (.names)                                          1.014     1.014
new_n110.out[0] (.names)                                         0.261     1.275
new_n124.in[0] (.names)                                          1.014     2.289
new_n124.out[0] (.names)                                         0.261     2.550
new_n141.in[0] (.names)                                          1.014     3.563
new_n141.out[0] (.names)                                         0.261     3.824
new_n164.in[0] (.names)                                          1.014     4.838
new_n164.out[0] (.names)                                         0.261     5.099
new_n187.in[0] (.names)                                          1.014     6.113
new_n187.out[0] (.names)                                         0.261     6.374
new_n216.in[0] (.names)                                          1.014     7.388
new_n216.out[0] (.names)                                         0.261     7.649
new_n244.in[0] (.names)                                          1.014     8.663
new_n244.out[0] (.names)                                         0.261     8.924
new_n280.in[0] (.names)                                          1.014     9.938
new_n280.out[0] (.names)                                         0.261    10.199
new_n311.in[0] (.names)                                          1.014    11.212
new_n311.out[0] (.names)                                         0.261    11.473
new_n347.in[0] (.names)                                          1.014    12.487
new_n347.out[0] (.names)                                         0.261    12.748
new_n275.in[0] (.names)                                          1.014    13.762
new_n275.out[0] (.names)                                         0.261    14.023
G6278.in[0] (.names)                                             1.014    15.037
G6278.out[0] (.names)                                            0.261    15.298
out:G6278.outpad[0] (.output)                                    1.014    16.312
data arrival time                                                         16.312

clock virtual_io_clock (rise edge)                               0.000     0.000
clock source latency                                             0.000     0.000
clock uncertainty                                                0.000     0.000
output external delay                                            0.000     0.000
data required time                                                         0.000
--------------------------------------------------------------------------------
data required time                                                         0.000
data arrival time                                                        -16.312
--------------------------------------------------------------------------------
slack (VIOLATED)                                                         -16.312


#Path 12
Startpoint: G19.inpad[0] (.input clocked by virtual_io_clock)
Endpoint  : out:G6277.outpad[0] (.output clocked by virtual_io_clock)
Path Type : setup

Point                                                             Incr      Path
--------------------------------------------------------------------------------
clock virtual_io_clock (rise edge)                               0.000     0.000
clock source latency                                             0.000     0.000
input external delay                                             0.000     0.000
G19.inpad[0] (.input)                                            0.000     0.000
new_n110.in[0] (.names)                                          1.014     1.014
new_n110.out[0] (.names)                                         0.261     1.275
new_n124.in[0] (.names)                                          1.014     2.289
new_n124.out[0] (.names)                                         0.261     2.550
new_n141.in[0] (.names)                                          1.014     3.563
new_n141.out[0] (.names)                                         0.261     3.824
new_n164.in[0] (.names)                                          1.014     4.838
new_n164.out[0] (.names)                                         0.261     5.099
new_n187.in[0] (.names)                                          1.014     6.113
new_n187.out[0] (.names)                                         0.261     6.374
new_n216.in[0] (.names)                                          1.014     7.388
new_n216.out[0] (.names)                                         0.261     7.649
new_n244.in[0] (.names)                                          1.014     8.663
new_n244.out[0] (.names)                                         0.261     8.924
new_n280.in[0] (.names)                                          1.014     9.938
new_n280.out[0] (.names)                                         0.261    10.199
new_n311.in[0] (.names)                                          1.014    11.212
new_n311.out[0] (.names)                                         0.261    11.473
new_n347.in[0] (.names)                                          1.014    12.487
new_n347.out[0] (.names)                                         0.261    12.748
new_n275.in[0] (.names)                                          1.014    13.762
new_n275.out[0] (.names)                                         0.261    14.023
G6277.in[0] (.names)                                             1.014    15.037
G6277.out[0] (.names)                                            0.261    15.298
out:G6277.outpad[0] (.output)                                    1.014    16.312
data arrival time                                                         16.312

clock virtual_io_clock (rise edge)                               0.000     0.000
clock source latency                                             0.000     0.000
clock uncertainty                                                0.000     0.000
output external delay                                            0.000     0.000
data required time                                                         0.000
--------------------------------------------------------------------------------
data required time                                                         0.000
data arrival time                                                        -16.312
--------------------------------------------------------------------------------
slack (VIOLATED)                                                         -16.312


#Path 13
Startpoint: G19.inpad[0] (.input clocked by virtual_io_clock)
Endpoint  : out:G6275.outpad[0] (.output clocked by virtual_io_clock)
Path Type : setup

Point                                                             Incr      Path
--------------------------------------------------------------------------------
clock virtual_io_clock (rise edge)                               0.000     0.000
clock source latency                                             0.000     0.000
input external delay                                             0.000     0.000
G19.inpad[0] (.input)                                            0.000     0.000
new_n126.in[0] (.names)                                          1.014     1.014
new_n126.out[0] (.names)                                         0.261     1.275
new_n144.in[0] (.names)                                          1.014     2.289
new_n144.out[0] (.names)                                         0.261     2.550
new_n166.in[0] (.names)                                          1.014     3.563
new_n166.out[0] (.names)                                         0.261     3.824
new_n190.in[0] (.names)                                          1.014     4.838
new_n190.out[0] (.names)                                         0.261     5.099
new_n218.in[0] (.names)                                          1.014     6.113
new_n218.out[0] (.names)                                         0.261     6.374
new_n247.in[0] (.names)                                          1.014     7.388
new_n247.out[0] (.names)                                         0.261     7.649
new_n282.in[0] (.names)                                          1.014     8.663
new_n282.out[0] (.names)                                         0.261     8.924
new_n314.in[0] (.names)                                          1.014     9.938
new_n314.out[0] (.names)                                         0.261    10.199
new_n349.in[1] (.names)                                          1.014    11.212
new_n349.out[0] (.names)                                         0.261    11.473
new_n383.in[2] (.names)                                          1.014    12.487
new_n383.out[0] (.names)                                         0.261    12.748
G6275.in[0] (.names)                                             1.014    13.762
G6275.out[0] (.names)                                            0.261    14.023
out:G6275.outpad[0] (.output)                                    1.014    15.037
data arrival time                                                         15.037

clock virtual_io_clock (rise edge)                               0.000     0.000
clock source latency                                             0.000     0.000
clock uncertainty                                                0.000     0.000
output external delay                                            0.000     0.000
data required time                                                         0.000
--------------------------------------------------------------------------------
data required time                                                         0.000
data arrival time                                                        -15.037
--------------------------------------------------------------------------------
slack (VIOLATED)                                                         -15.037


#Path 14
Startpoint: G19.inpad[0] (.input clocked by virtual_io_clock)
Endpoint  : out:G6274.outpad[0] (.output clocked by virtual_io_clock)
Path Type : setup

Point                                                             Incr      Path
--------------------------------------------------------------------------------
clock virtual_io_clock (rise edge)                               0.000     0.000
clock source latency                                             0.000     0.000
input external delay                                             0.000     0.000
G19.inpad[0] (.input)                                            0.000     0.000
new_n126.in[0] (.names)                                          1.014     1.014
new_n126.out[0] (.names)                                         0.261     1.275
new_n144.in[0] (.names)                                          1.014     2.289
new_n144.out[0] (.names)                                         0.261     2.550
new_n166.in[0] (.names)                                          1.014     3.563
new_n166.out[0] (.names)                                         0.261     3.824
new_n190.in[0] (.names)                                          1.014     4.838
new_n190.out[0] (.names)                                         0.261     5.099
new_n218.in[0] (.names)                                          1.014     6.113
new_n218.out[0] (.names)                                         0.261     6.374
new_n247.in[0] (.names)                                          1.014     7.388
new_n247.out[0] (.names)                                         0.261     7.649
new_n282.in[0] (.names)                                          1.014     8.663
new_n282.out[0] (.names)                                         0.261     8.924
new_n314.in[0] (.names)                                          1.014     9.938
new_n314.out[0] (.names)                                         0.261    10.199
new_n349.in[1] (.names)                                          1.014    11.212
new_n349.out[0] (.names)                                         0.261    11.473
new_n383.in[2] (.names)                                          1.014    12.487
new_n383.out[0] (.names)                                         0.261    12.748
G6274.in[0] (.names)                                             1.014    13.762
G6274.out[0] (.names)                                            0.261    14.023
out:G6274.outpad[0] (.output)                                    1.014    15.037
data arrival time                                                         15.037

clock virtual_io_clock (rise edge)                               0.000     0.000
clock source latency                                             0.000     0.000
clock uncertainty                                                0.000     0.000
output external delay                                            0.000     0.000
data required time                                                         0.000
--------------------------------------------------------------------------------
data required time                                                         0.000
data arrival time                                                        -15.037
--------------------------------------------------------------------------------
slack (VIOLATED)                                                         -15.037


#Path 15
Startpoint: G19.inpad[0] (.input clocked by virtual_io_clock)
Endpoint  : out:G6276.outpad[0] (.output clocked by virtual_io_clock)
Path Type : setup

Point                                                             Incr      Path
--------------------------------------------------------------------------------
clock virtual_io_clock (rise edge)                               0.000     0.000
clock source latency                                             0.000     0.000
input external delay                                             0.000     0.000
G19.inpad[0] (.input)                                            0.000     0.000
new_n110.in[0] (.names)                                          1.014     1.014
new_n110.out[0] (.names)                                         0.261     1.275
new_n124.in[0] (.names)                                          1.014     2.289
new_n124.out[0] (.names)                                         0.261     2.550
new_n141.in[0] (.names)                                          1.014     3.563
new_n141.out[0] (.names)                                         0.261     3.824
new_n164.in[0] (.names)                                          1.014     4.838
new_n164.out[0] (.names)                                         0.261     5.099
new_n187.in[0] (.names)                                          1.014     6.113
new_n187.out[0] (.names)                                         0.261     6.374
new_n216.in[0] (.names)                                          1.014     7.388
new_n216.out[0] (.names)                                         0.261     7.649
new_n244.in[0] (.names)                                          1.014     8.663
new_n244.out[0] (.names)                                         0.261     8.924
new_n280.in[0] (.names)                                          1.014     9.938
new_n280.out[0] (.names)                                         0.261    10.199
new_n311.in[0] (.names)                                          1.014    11.212
new_n311.out[0] (.names)                                         0.261    11.473
new_n347.in[0] (.names)                                          1.014    12.487
new_n347.out[0] (.names)                                         0.261    12.748
G6276.in[0] (.names)                                             1.014    13.762
G6276.out[0] (.names)                                            0.261    14.023
out:G6276.outpad[0] (.output)                                    1.014    15.037
data arrival time                                                         15.037

clock virtual_io_clock (rise edge)                               0.000     0.000
clock source latency                                             0.000     0.000
clock uncertainty                                                0.000     0.000
output external delay                                            0.000     0.000
data required time                                                         0.000
--------------------------------------------------------------------------------
data required time                                                         0.000
data arrival time                                                        -15.037
--------------------------------------------------------------------------------
slack (VIOLATED)                                                         -15.037


#Path 16
Startpoint: G19.inpad[0] (.input clocked by virtual_io_clock)
Endpoint  : out:G6273.outpad[0] (.output clocked by virtual_io_clock)
Path Type : setup

Point                                                             Incr      Path
--------------------------------------------------------------------------------
clock virtual_io_clock (rise edge)                               0.000     0.000
clock source latency                                             0.000     0.000
input external delay                                             0.000     0.000
G19.inpad[0] (.input)                                            0.000     0.000
new_n171.in[0] (.names)                                          1.014     1.014
new_n171.out[0] (.names)                                         0.261     1.275
new_n195.in[0] (.names)                                          1.014     2.289
new_n195.out[0] (.names)                                         0.261     2.550
new_n223.in[0] (.names)                                          1.014     3.563
new_n223.out[0] (.names)                                         0.261     3.824
new_n252.in[0] (.names)                                          1.014     4.838
new_n252.out[0] (.names)                                         0.261     5.099
new_n287.in[0] (.names)                                          1.014     6.113
new_n287.out[0] (.names)                                         0.261     6.374
new_n319.in[0] (.names)                                          1.014     7.388
new_n319.out[0] (.names)                                         0.261     7.649
new_n354.in[0] (.names)                                          1.014     8.663
new_n354.out[0] (.names)                                         0.261     8.924
new_n388.in[0] (.names)                                          1.014     9.938
new_n388.out[0] (.names)                                         0.261    10.199
new_n421.in[0] (.names)                                          1.014    11.212
new_n421.out[0] (.names)                                         0.261    11.473
G6273.in[0] (.names)                                             1.014    12.487
G6273.out[0] (.names)                                            0.261    12.748
out:G6273.outpad[0] (.output)                                    1.014    13.762
data arrival time                                                         13.762

clock virtual_io_clock (rise edge)                               0.000     0.000
clock source latency                                             0.000     0.000
clock uncertainty                                                0.000     0.000
output external delay                                            0.000     0.000
data required time                                                         0.000
--------------------------------------------------------------------------------
data required time                                                         0.000
data arrival time                                                        -13.762
--------------------------------------------------------------------------------
slack (VIOLATED)                                                         -13.762


#Path 17
Startpoint: G19.inpad[0] (.input clocked by virtual_io_clock)
Endpoint  : out:G6272.outpad[0] (.output clocked by virtual_io_clock)
Path Type : setup

Point                                                             Incr      Path
--------------------------------------------------------------------------------
clock virtual_io_clock (rise edge)                               0.000     0.000
clock source latency                                             0.000     0.000
input external delay                                             0.000     0.000
G19.inpad[0] (.input)                                            0.000     0.000
new_n171.in[0] (.names)                                          1.014     1.014
new_n171.out[0] (.names)                                         0.261     1.275
new_n195.in[0] (.names)                                          1.014     2.289
new_n195.out[0] (.names)                                         0.261     2.550
new_n223.in[0] (.names)                                          1.014     3.563
new_n223.out[0] (.names)                                         0.261     3.824
new_n252.in[0] (.names)                                          1.014     4.838
new_n252.out[0] (.names)                                         0.261     5.099
new_n287.in[0] (.names)                                          1.014     6.113
new_n287.out[0] (.names)                                         0.261     6.374
new_n319.in[0] (.names)                                          1.014     7.388
new_n319.out[0] (.names)                                         0.261     7.649
new_n354.in[0] (.names)                                          1.014     8.663
new_n354.out[0] (.names)                                         0.261     8.924
new_n388.in[0] (.names)                                          1.014     9.938
new_n388.out[0] (.names)                                         0.261    10.199
new_n421.in[0] (.names)                                          1.014    11.212
new_n421.out[0] (.names)                                         0.261    11.473
G6272.in[0] (.names)                                             1.014    12.487
G6272.out[0] (.names)                                            0.261    12.748
out:G6272.outpad[0] (.output)                                    1.014    13.762
data arrival time                                                         13.762

clock virtual_io_clock (rise edge)                               0.000     0.000
clock source latency                                             0.000     0.000
clock uncertainty                                                0.000     0.000
output external delay                                            0.000     0.000
data required time                                                         0.000
--------------------------------------------------------------------------------
data required time                                                         0.000
data arrival time                                                        -13.762
--------------------------------------------------------------------------------
slack (VIOLATED)                                                         -13.762


#Path 18
Startpoint: G19.inpad[0] (.input clocked by virtual_io_clock)
Endpoint  : out:G6271.outpad[0] (.output clocked by virtual_io_clock)
Path Type : setup

Point                                                             Incr      Path
--------------------------------------------------------------------------------
clock virtual_io_clock (rise edge)                               0.000     0.000
clock source latency                                             0.000     0.000
input external delay                                             0.000     0.000
G19.inpad[0] (.input)                                            0.000     0.000
new_n197.in[0] (.names)                                          1.014     1.014
new_n197.out[0] (.names)                                         0.261     1.275
new_n226.in[0] (.names)                                          1.014     2.289
new_n226.out[0] (.names)                                         0.261     2.550
new_n254.in[0] (.names)                                          1.014     3.563
new_n254.out[0] (.names)                                         0.261     3.824
new_n290.in[0] (.names)                                          1.014     4.838
new_n290.out[0] (.names)                                         0.261     5.099
new_n321.in[0] (.names)                                          1.014     6.113
new_n321.out[0] (.names)                                         0.261     6.374
new_n357.in[0] (.names)                                          1.014     7.388
new_n357.out[0] (.names)                                         0.261     7.649
new_n390.in[0] (.names)                                          1.014     8.663
new_n390.out[0] (.names)                                         0.261     8.924
new_n424.in[0] (.names)                                          1.014     9.938
new_n424.out[0] (.names)                                         0.261    10.199
G6271.in[0] (.names)                                             1.014    11.212
G6271.out[0] (.names)                                            0.261    11.473
out:G6271.outpad[0] (.output)                                    1.014    12.487
data arrival time                                                         12.487

clock virtual_io_clock (rise edge)                               0.000     0.000
clock source latency                                             0.000     0.000
clock uncertainty                                                0.000     0.000
output external delay                                            0.000     0.000
data required time                                                         0.000
--------------------------------------------------------------------------------
data required time                                                         0.000
data arrival time                                                        -12.487
--------------------------------------------------------------------------------
slack (VIOLATED)                                                         -12.487


#Path 19
Startpoint: G19.inpad[0] (.input clocked by virtual_io_clock)
Endpoint  : out:G6270.outpad[0] (.output clocked by virtual_io_clock)
Path Type : setup

Point                                                             Incr      Path
--------------------------------------------------------------------------------
clock virtual_io_clock (rise edge)                               0.000     0.000
clock source latency                                             0.000     0.000
input external delay                                             0.000     0.000
G19.inpad[0] (.input)                                            0.000     0.000
new_n197.in[0] (.names)                                          1.014     1.014
new_n197.out[0] (.names)                                         0.261     1.275
new_n226.in[0] (.names)                                          1.014     2.289
new_n226.out[0] (.names)                                         0.261     2.550
new_n254.in[0] (.names)                                          1.014     3.563
new_n254.out[0] (.names)                                         0.261     3.824
new_n290.in[0] (.names)                                          1.014     4.838
new_n290.out[0] (.names)                                         0.261     5.099
new_n321.in[0] (.names)                                          1.014     6.113
new_n321.out[0] (.names)                                         0.261     6.374
new_n357.in[0] (.names)                                          1.014     7.388
new_n357.out[0] (.names)                                         0.261     7.649
new_n390.in[0] (.names)                                          1.014     8.663
new_n390.out[0] (.names)                                         0.261     8.924
new_n424.in[0] (.names)                                          1.014     9.938
new_n424.out[0] (.names)                                         0.261    10.199
G6270.in[0] (.names)                                             1.014    11.212
G6270.out[0] (.names)                                            0.261    11.473
out:G6270.outpad[0] (.output)                                    1.014    12.487
data arrival time                                                         12.487

clock virtual_io_clock (rise edge)                               0.000     0.000
clock source latency                                             0.000     0.000
clock uncertainty                                                0.000     0.000
output external delay                                            0.000     0.000
data required time                                                         0.000
--------------------------------------------------------------------------------
data required time                                                         0.000
data arrival time                                                        -12.487
--------------------------------------------------------------------------------
slack (VIOLATED)                                                         -12.487


#Path 20
Startpoint: G19.inpad[0] (.input clocked by virtual_io_clock)
Endpoint  : out:G6269.outpad[0] (.output clocked by virtual_io_clock)
Path Type : setup

Point                                                             Incr      Path
--------------------------------------------------------------------------------
clock virtual_io_clock (rise edge)                               0.000     0.000
clock source latency                                             0.000     0.000
input external delay                                             0.000     0.000
G19.inpad[0] (.input)                                            0.000     0.000
new_n228.in[0] (.names)                                          1.014     1.014
new_n228.out[0] (.names)                                         0.261     1.275
new_n257.in[0] (.names)                                          1.014     2.289
new_n257.out[0] (.names)                                         0.261     2.550
new_n292.in[0] (.names)                                          1.014     3.563
new_n292.out[0] (.names)                                         0.261     3.824
new_n324.in[0] (.names)                                          1.014     4.838
new_n324.out[0] (.names)                                         0.261     5.099
new_n359.in[0] (.names)                                          1.014     6.113
new_n359.out[0] (.names)                                         0.261     6.374
new_n393.in[0] (.names)                                          1.014     7.388
new_n393.out[0] (.names)                                         0.261     7.649
new_n426.in[1] (.names)                                          1.014     8.663
new_n426.out[0] (.names)                                         0.261     8.924
G6269.in[2] (.names)                                             1.014     9.938
G6269.out[0] (.names)                                            0.261    10.199
out:G6269.outpad[0] (.output)                                    1.014    11.212
data arrival time                                                         11.212

clock virtual_io_clock (rise edge)                               0.000     0.000
clock source latency                                             0.000     0.000
clock uncertainty                                                0.000     0.000
output external delay                                            0.000     0.000
data required time                                                         0.000
--------------------------------------------------------------------------------
data required time                                                         0.000
data arrival time                                                        -11.212
--------------------------------------------------------------------------------
slack (VIOLATED)                                                         -11.212


#Path 21
Startpoint: G19.inpad[0] (.input clocked by virtual_io_clock)
Endpoint  : out:G6268.outpad[0] (.output clocked by virtual_io_clock)
Path Type : setup

Point                                                             Incr      Path
--------------------------------------------------------------------------------
clock virtual_io_clock (rise edge)                               0.000     0.000
clock source latency                                             0.000     0.000
input external delay                                             0.000     0.000
G19.inpad[0] (.input)                                            0.000     0.000
new_n259.in[0] (.names)                                          1.014     1.014
new_n259.out[0] (.names)                                         0.261     1.275
new_n295.in[0] (.names)                                          1.014     2.289
new_n295.out[0] (.names)                                         0.261     2.550
new_n326.in[0] (.names)                                          1.014     3.563
new_n326.out[0] (.names)                                         0.261     3.824
new_n362.in[0] (.names)                                          1.014     4.838
new_n362.out[0] (.names)                                         0.261     5.099
new_n395.in[0] (.names)                                          1.014     6.113
new_n395.out[0] (.names)                                         0.261     6.374
new_n429.in[0] (.names)                                          1.014     7.388
new_n429.out[0] (.names)                                         0.261     7.649
G6268.in[0] (.names)                                             1.014     8.663
G6268.out[0] (.names)                                            0.261     8.924
out:G6268.outpad[0] (.output)                                    1.014     9.938
data arrival time                                                          9.938

clock virtual_io_clock (rise edge)                               0.000     0.000
clock source latency                                             0.000     0.000
clock uncertainty                                                0.000     0.000
output external delay                                            0.000     0.000
data required time                                                         0.000
--------------------------------------------------------------------------------
data required time                                                         0.000
data arrival time                                                         -9.938
--------------------------------------------------------------------------------
slack (VIOLATED)                                                          -9.938


#Path 22
Startpoint: G19.inpad[0] (.input clocked by virtual_io_clock)
Endpoint  : out:G6267.outpad[0] (.output clocked by virtual_io_clock)
Path Type : setup

Point                                                             Incr      Path
--------------------------------------------------------------------------------
clock virtual_io_clock (rise edge)                               0.000     0.000
clock source latency                                             0.000     0.000
input external delay                                             0.000     0.000
G19.inpad[0] (.input)                                            0.000     0.000
new_n259.in[0] (.names)                                          1.014     1.014
new_n259.out[0] (.names)                                         0.261     1.275
new_n295.in[0] (.names)                                          1.014     2.289
new_n295.out[0] (.names)                                         0.261     2.550
new_n326.in[0] (.names)                                          1.014     3.563
new_n326.out[0] (.names)                                         0.261     3.824
new_n362.in[0] (.names)                                          1.014     4.838
new_n362.out[0] (.names)                                         0.261     5.099
new_n395.in[0] (.names)                                          1.014     6.113
new_n395.out[0] (.names)                                         0.261     6.374
new_n429.in[0] (.names)                                          1.014     7.388
new_n429.out[0] (.names)                                         0.261     7.649
G6267.in[0] (.names)                                             1.014     8.663
G6267.out[0] (.names)                                            0.261     8.924
out:G6267.outpad[0] (.output)                                    1.014     9.938
data arrival time                                                          9.938

clock virtual_io_clock (rise edge)                               0.000     0.000
clock source latency                                             0.000     0.000
clock uncertainty                                                0.000     0.000
output external delay                                            0.000     0.000
data required time                                                         0.000
--------------------------------------------------------------------------------
data required time                                                         0.000
data arrival time                                                         -9.938
--------------------------------------------------------------------------------
slack (VIOLATED)                                                          -9.938


#Path 23
Startpoint: G19.inpad[0] (.input clocked by virtual_io_clock)
Endpoint  : out:G6266.outpad[0] (.output clocked by virtual_io_clock)
Path Type : setup

Point                                                             Incr      Path
--------------------------------------------------------------------------------
clock virtual_io_clock (rise edge)                               0.000     0.000
clock source latency                                             0.000     0.000
input external delay                                             0.000     0.000
G19.inpad[0] (.input)                                            0.000     0.000
new_n297.in[0] (.names)                                          1.014     1.014
new_n297.out[0] (.names)                                         0.261     1.275
new_n329.in[0] (.names)                                          1.014     2.289
new_n329.out[0] (.names)                                         0.261     2.550
new_n364.in[0] (.names)                                          1.014     3.563
new_n364.out[0] (.names)                                         0.261     3.824
new_n398.in[0] (.names)                                          1.014     4.838
new_n398.out[0] (.names)                                         0.261     5.099
new_n431.in[1] (.names)                                          1.014     6.113
new_n431.out[0] (.names)                                         0.261     6.374
G6266.in[2] (.names)                                             1.014     7.388
G6266.out[0] (.names)                                            0.261     7.649
out:G6266.outpad[0] (.output)                                    1.014     8.663
data arrival time                                                          8.663

clock virtual_io_clock (rise edge)                               0.000     0.000
clock source latency                                             0.000     0.000
clock uncertainty                                                0.000     0.000
output external delay                                            0.000     0.000
data required time                                                         0.000
--------------------------------------------------------------------------------
data required time                                                         0.000
data arrival time                                                         -8.663
--------------------------------------------------------------------------------
slack (VIOLATED)                                                          -8.663


#Path 24
Startpoint: G19.inpad[0] (.input clocked by virtual_io_clock)
Endpoint  : out:G6265.outpad[0] (.output clocked by virtual_io_clock)
Path Type : setup

Point                                                             Incr      Path
--------------------------------------------------------------------------------
clock virtual_io_clock (rise edge)                               0.000     0.000
clock source latency                                             0.000     0.000
input external delay                                             0.000     0.000
G19.inpad[0] (.input)                                            0.000     0.000
new_n331.in[0] (.names)                                          1.014     1.014
new_n331.out[0] (.names)                                         0.261     1.275
new_n367.in[0] (.names)                                          1.014     2.289
new_n367.out[0] (.names)                                         0.261     2.550
new_n400.in[0] (.names)                                          1.014     3.563
new_n400.out[0] (.names)                                         0.261     3.824
new_n434.in[0] (.names)                                          1.014     4.838
new_n434.out[0] (.names)                                         0.261     5.099
G6265.in[0] (.names)                                             1.014     6.113
G6265.out[0] (.names)                                            0.261     6.374
out:G6265.outpad[0] (.output)                                    1.014     7.388
data arrival time                                                          7.388

clock virtual_io_clock (rise edge)                               0.000     0.000
clock source latency                                             0.000     0.000
clock uncertainty                                                0.000     0.000
output external delay                                            0.000     0.000
data required time                                                         0.000
--------------------------------------------------------------------------------
data required time                                                         0.000
data arrival time                                                         -7.388
--------------------------------------------------------------------------------
slack (VIOLATED)                                                          -7.388


#Path 25
Startpoint: G19.inpad[0] (.input clocked by virtual_io_clock)
Endpoint  : out:G6264.outpad[0] (.output clocked by virtual_io_clock)
Path Type : setup

Point                                                             Incr      Path
--------------------------------------------------------------------------------
clock virtual_io_clock (rise edge)                               0.000     0.000
clock source latency                                             0.000     0.000
input external delay                                             0.000     0.000
G19.inpad[0] (.input)                                            0.000     0.000
new_n331.in[0] (.names)                                          1.014     1.014
new_n331.out[0] (.names)                                         0.261     1.275
new_n367.in[0] (.names)                                          1.014     2.289
new_n367.out[0] (.names)                                         0.261     2.550
new_n400.in[0] (.names)                                          1.014     3.563
new_n400.out[0] (.names)                                         0.261     3.824
new_n434.in[0] (.names)                                          1.014     4.838
new_n434.out[0] (.names)                                         0.261     5.099
G6264.in[0] (.names)                                             1.014     6.113
G6264.out[0] (.names)                                            0.261     6.374
out:G6264.outpad[0] (.output)                                    1.014     7.388
data arrival time                                                          7.388

clock virtual_io_clock (rise edge)                               0.000     0.000
clock source latency                                             0.000     0.000
clock uncertainty                                                0.000     0.000
output external delay                                            0.000     0.000
data required time                                                         0.000
--------------------------------------------------------------------------------
data required time                                                         0.000
data arrival time                                                         -7.388
--------------------------------------------------------------------------------
slack (VIOLATED)                                                          -7.388


#Path 26
Startpoint: G19.inpad[0] (.input clocked by virtual_io_clock)
Endpoint  : out:G6263.outpad[0] (.output clocked by virtual_io_clock)
Path Type : setup

Point                                                             Incr      Path
--------------------------------------------------------------------------------
clock virtual_io_clock (rise edge)                               0.000     0.000
clock source latency                                             0.000     0.000
input external delay                                             0.000     0.000
G19.inpad[0] (.input)                                            0.000     0.000
new_n369.in[0] (.names)                                          1.014     1.014
new_n369.out[0] (.names)                                         0.261     1.275
new_n403.in[0] (.names)                                          1.014     2.289
new_n403.out[0] (.names)                                         0.261     2.550
new_n436.in[1] (.names)                                          1.014     3.563
new_n436.out[0] (.names)                                         0.261     3.824
G6263.in[2] (.names)                                             1.014     4.838
G6263.out[0] (.names)                                            0.261     5.099
out:G6263.outpad[0] (.output)                                    1.014     6.113
data arrival time                                                          6.113

clock virtual_io_clock (rise edge)                               0.000     0.000
clock source latency                                             0.000     0.000
clock uncertainty                                                0.000     0.000
output external delay                                            0.000     0.000
data required time                                                         0.000
--------------------------------------------------------------------------------
data required time                                                         0.000
data arrival time                                                         -6.113
--------------------------------------------------------------------------------
slack (VIOLATED)                                                          -6.113


#Path 27
Startpoint: G19.inpad[0] (.input clocked by virtual_io_clock)
Endpoint  : out:G6262.outpad[0] (.output clocked by virtual_io_clock)
Path Type : setup

Point                                                             Incr      Path
--------------------------------------------------------------------------------
clock virtual_io_clock (rise edge)                               0.000     0.000
clock source latency                                             0.000     0.000
input external delay                                             0.000     0.000
G19.inpad[0] (.input)                                            0.000     0.000
new_n405.in[0] (.names)                                          1.014     1.014
new_n405.out[0] (.names)                                         0.261     1.275
new_n439.in[0] (.names)                                          1.014     2.289
new_n439.out[0] (.names)                                         0.261     2.550
G6262.in[0] (.names)                                             1.014     3.563
G6262.out[0] (.names)                                            0.261     3.824
out:G6262.outpad[0] (.output)                                    1.014     4.838
data arrival time                                                          4.838

clock virtual_io_clock (rise edge)                               0.000     0.000
clock source latency                                             0.000     0.000
clock uncertainty                                                0.000     0.000
output external delay                                            0.000     0.000
data required time                                                         0.000
--------------------------------------------------------------------------------
data required time                                                         0.000
data arrival time                                                         -4.838
--------------------------------------------------------------------------------
slack (VIOLATED)                                                          -4.838


#Path 28
Startpoint: G19.inpad[0] (.input clocked by virtual_io_clock)
Endpoint  : out:G6261.outpad[0] (.output clocked by virtual_io_clock)
Path Type : setup

Point                                                             Incr      Path
--------------------------------------------------------------------------------
clock virtual_io_clock (rise edge)                               0.000     0.000
clock source latency                                             0.000     0.000
input external delay                                             0.000     0.000
G19.inpad[0] (.input)                                            0.000     0.000
new_n405.in[0] (.names)                                          1.014     1.014
new_n405.out[0] (.names)                                         0.261     1.275
new_n439.in[0] (.names)                                          1.014     2.289
new_n439.out[0] (.names)                                         0.261     2.550
G6261.in[0] (.names)                                             1.014     3.563
G6261.out[0] (.names)                                            0.261     3.824
out:G6261.outpad[0] (.output)                                    1.014     4.838
data arrival time                                                          4.838

clock virtual_io_clock (rise edge)                               0.000     0.000
clock source latency                                             0.000     0.000
clock uncertainty                                                0.000     0.000
output external delay                                            0.000     0.000
data required time                                                         0.000
--------------------------------------------------------------------------------
data required time                                                         0.000
data arrival time                                                         -4.838
--------------------------------------------------------------------------------
slack (VIOLATED)                                                          -4.838


#Path 29
Startpoint: G19.inpad[0] (.input clocked by virtual_io_clock)
Endpoint  : out:G6260.outpad[0] (.output clocked by virtual_io_clock)
Path Type : setup

Point                                                             Incr      Path
--------------------------------------------------------------------------------
clock virtual_io_clock (rise edge)                               0.000     0.000
clock source latency                                             0.000     0.000
input external delay                                             0.000     0.000
G19.inpad[0] (.input)                                            0.000     0.000
new_n441.in[0] (.names)                                          1.014     1.014
new_n441.out[0] (.names)                                         0.261     1.275
G6260.in[2] (.names)                                             1.014     2.289
G6260.out[0] (.names)                                            0.261     2.550
out:G6260.outpad[0] (.output)                                    1.014     3.563
data arrival time                                                          3.563

clock virtual_io_clock (rise edge)                               0.000     0.000
clock source latency                                             0.000     0.000
clock uncertainty                                                0.000     0.000
output external delay                                            0.000     0.000
data required time                                                         0.000
--------------------------------------------------------------------------------
data required time                                                         0.000
data arrival time                                                         -3.563
--------------------------------------------------------------------------------
slack (VIOLATED)                                                          -3.563


#Path 30
Startpoint: G17.inpad[0] (.input clocked by virtual_io_clock)
Endpoint  : out:G6257.outpad[0] (.output clocked by virtual_io_clock)
Path Type : setup

Point                                                             Incr      Path
--------------------------------------------------------------------------------
clock virtual_io_clock (rise edge)                               0.000     0.000
clock source latency                                             0.000     0.000
input external delay                                             0.000     0.000
G17.inpad[0] (.input)                                            0.000     0.000
G6257.in[0] (.names)                                             1.014     1.014
G6257.out[0] (.names)                                            0.261     1.275
out:G6257.outpad[0] (.output)                                    1.014     2.289
data arrival time                                                          2.289

clock virtual_io_clock (rise edge)                               0.000     0.000
clock source latency                                             0.000     0.000
clock uncertainty                                                0.000     0.000
output external delay                                            0.000     0.000
data required time                                                         0.000
--------------------------------------------------------------------------------
data required time                                                         0.000
data arrival time                                                         -2.289
--------------------------------------------------------------------------------
slack (VIOLATED)                                                          -2.289


#Path 31
Startpoint: G19.inpad[0] (.input clocked by virtual_io_clock)
Endpoint  : out:G6259.outpad[0] (.output clocked by virtual_io_clock)
Path Type : setup

Point                                                             Incr      Path
--------------------------------------------------------------------------------
clock virtual_io_clock (rise edge)                               0.000     0.000
clock source latency                                             0.000     0.000
input external delay                                             0.000     0.000
G19.inpad[0] (.input)                                            0.000     0.000
G6259.in[0] (.names)                                             1.014     1.014
G6259.out[0] (.names)                                            0.261     1.275
out:G6259.outpad[0] (.output)                                    1.014     2.289
data arrival time                                                          2.289

clock virtual_io_clock (rise edge)                               0.000     0.000
clock source latency                                             0.000     0.000
clock uncertainty                                                0.000     0.000
output external delay                                            0.000     0.000
data required time                                                         0.000
--------------------------------------------------------------------------------
data required time                                                         0.000
data arrival time                                                         -2.289
--------------------------------------------------------------------------------
slack (VIOLATED)                                                          -2.289


#Path 32
Startpoint: G18.inpad[0] (.input clocked by virtual_io_clock)
Endpoint  : out:G6258.outpad[0] (.output clocked by virtual_io_clock)
Path Type : setup

Point                                                             Incr      Path
--------------------------------------------------------------------------------
clock virtual_io_clock (rise edge)                               0.000     0.000
clock source latency                                             0.000     0.000
input external delay                                             0.000     0.000
G18.inpad[0] (.input)                                            0.000     0.000
G6258.in[0] (.names)                                             1.014     1.014
G6258.out[0] (.names)                                            0.261     1.275
out:G6258.outpad[0] (.output)                                    1.014     2.289
data arrival time                                                          2.289

clock virtual_io_clock (rise edge)                               0.000     0.000
clock source latency                                             0.000     0.000
clock uncertainty                                                0.000     0.000
output external delay                                            0.000     0.000
data required time                                                         0.000
--------------------------------------------------------------------------------
data required time                                                         0.000
data arrival time                                                         -2.289
--------------------------------------------------------------------------------
slack (VIOLATED)                                                          -2.289


#End of timing report
