#Timing report of worst 32 path(s)
# Unit scale: 1e-09 seconds
# Output precision: 3

#Path 1
Startpoint: G1.inpad[0] (.input clocked by virtual_io_clock)
Endpoint  : out:G6269.outpad[0] (.output clocked by virtual_io_clock)
Path Type : hold

Point                                                             Incr      Path
--------------------------------------------------------------------------------
clock virtual_io_clock (rise edge)                               0.000     0.000
clock source latency                                             0.000     0.000
input external delay                                             0.000     0.000
G1.inpad[0] (.input)                                             0.000     0.000
G6269.in[1] (.names)                                             1.812     1.812
G6269.out[0] (.names)                                            0.193     2.005
out:G6269.outpad[0] (.output)                                    3.148     5.153
data arrival time                                                          5.153

clock virtual_io_clock (rise edge)                               0.000     0.000
clock source latency                                             0.000     0.000
clock uncertainty                                                0.000     0.000
output external delay                                            0.000     0.000
data required time                                                         0.000
--------------------------------------------------------------------------------
data required time                                                        -0.000
data arrival time                                                          5.153
--------------------------------------------------------------------------------
slack (MET)                                                                5.153


#Path 2
Startpoint: G1.inpad[0] (.input clocked by virtual_io_clock)
Endpoint  : out:G6260.outpad[0] (.output clocked by virtual_io_clock)
Path Type : hold

Point                                                             Incr      Path
--------------------------------------------------------------------------------
clock virtual_io_clock (rise edge)                               0.000     0.000
clock source latency                                             0.000     0.000
input external delay                                             0.000     0.000
G1.inpad[0] (.input)                                             0.000     0.000
G6260.in[1] (.names)                                             1.690     1.690
G6260.out[0] (.names)                                            0.193     1.883
out:G6260.outpad[0] (.output)                                    3.305     5.189
data arrival time                                                          5.189

clock virtual_io_clock (rise edge)                               0.000     0.000
clock source latency                                             0.000     0.000
clock uncertainty                                                0.000     0.000
output external delay                                            0.000     0.000
data required time                                                         0.000
--------------------------------------------------------------------------------
data required time                                                        -0.000
data arrival time                                                          5.189
--------------------------------------------------------------------------------
slack (MET)                                                                5.189


#Path 3
Startpoint: G3.inpad[0] (.input clocked by virtual_io_clock)
Endpoint  : out:G6259.outpad[0] (.output clocked by virtual_io_clock)
Path Type : hold

Point                                                             Incr      Path
--------------------------------------------------------------------------------
clock virtual_io_clock (rise edge)                               0.000     0.000
clock source latency                                             0.000     0.000
input external delay                                             0.000     0.000
G3.inpad[0] (.input)                                             0.000     0.000
G6259.in[3] (.names)                                             1.650     1.650
G6259.out[0] (.names)                                            0.193     1.843
out:G6259.outpad[0] (.output)                                    3.428     5.271
data arrival time                                                          5.271

clock virtual_io_clock (rise edge)                               0.000     0.000
clock source latency                                             0.000     0.000
clock uncertainty                                                0.000     0.000
output external delay                                            0.000     0.000
data required time                                                         0.000
--------------------------------------------------------------------------------
data required time                                                        -0.000
data arrival time                                                          5.271
--------------------------------------------------------------------------------
slack (MET)                                                                5.271


#Path 4
Startpoint: G1.inpad[0] (.input clocked by virtual_io_clock)
Endpoint  : out:G6271.outpad[0] (.output clocked by virtual_io_clock)
Path Type : hold

Point                                                             Incr      Path
--------------------------------------------------------------------------------
clock virtual_io_clock (rise edge)                               0.000     0.000
clock source latency                                             0.000     0.000
input external delay                                             0.000     0.000
G1.inpad[0] (.input)                                             0.000     0.000
new_n450.in[1] (.names)                                          1.533     1.533
new_n450.out[0] (.names)                                         0.193     1.726
G6271.in[5] (.names)                                             0.064     1.790
G6271.out[0] (.names)                                            0.193     1.983
out:G6271.outpad[0] (.output)                                    3.295     5.278
data arrival time                                                          5.278

clock virtual_io_clock (rise edge)                               0.000     0.000
clock source latency                                             0.000     0.000
clock uncertainty                                                0.000     0.000
output external delay                                            0.000     0.000
data required time                                                         0.000
--------------------------------------------------------------------------------
data required time                                                        -0.000
data arrival time                                                          5.278
--------------------------------------------------------------------------------
slack (MET)                                                                5.278


#Path 5
Startpoint: G3.inpad[0] (.input clocked by virtual_io_clock)
Endpoint  : out:G6274.outpad[0] (.output clocked by virtual_io_clock)
Path Type : hold

Point                                                             Incr      Path
--------------------------------------------------------------------------------
clock virtual_io_clock (rise edge)                               0.000     0.000
clock source latency                                             0.000     0.000
input external delay                                             0.000     0.000
G3.inpad[0] (.input)                                             0.000     0.000
new_n383.in[1] (.names)                                          1.650     1.650
new_n383.out[0] (.names)                                         0.193     1.843
G6274.in[0] (.names)                                             0.128     1.971
G6274.out[0] (.names)                                            0.193     2.164
out:G6274.outpad[0] (.output)                                    3.156     5.320
data arrival time                                                          5.320

clock virtual_io_clock (rise edge)                               0.000     0.000
clock source latency                                             0.000     0.000
clock uncertainty                                                0.000     0.000
output external delay                                            0.000     0.000
data required time                                                         0.000
--------------------------------------------------------------------------------
data required time                                                        -0.000
data arrival time                                                          5.320
--------------------------------------------------------------------------------
slack (MET)                                                                5.320


#Path 6
Startpoint: G1.inpad[0] (.input clocked by virtual_io_clock)
Endpoint  : out:G6266.outpad[0] (.output clocked by virtual_io_clock)
Path Type : hold

Point                                                             Incr      Path
--------------------------------------------------------------------------------
clock virtual_io_clock (rise edge)                               0.000     0.000
clock source latency                                             0.000     0.000
input external delay                                             0.000     0.000
G1.inpad[0] (.input)                                             0.000     0.000
G6266.in[1] (.names)                                             1.690     1.690
G6266.out[0] (.names)                                            0.193     1.883
out:G6266.outpad[0] (.output)                                    3.452     5.335
data arrival time                                                          5.335

clock virtual_io_clock (rise edge)                               0.000     0.000
clock source latency                                             0.000     0.000
clock uncertainty                                                0.000     0.000
output external delay                                            0.000     0.000
data required time                                                         0.000
--------------------------------------------------------------------------------
data required time                                                        -0.000
data arrival time                                                          5.335
--------------------------------------------------------------------------------
slack (MET)                                                                5.335


#Path 7
Startpoint: G1.inpad[0] (.input clocked by virtual_io_clock)
Endpoint  : out:G6263.outpad[0] (.output clocked by virtual_io_clock)
Path Type : hold

Point                                                             Incr      Path
--------------------------------------------------------------------------------
clock virtual_io_clock (rise edge)                               0.000     0.000
clock source latency                                             0.000     0.000
input external delay                                             0.000     0.000
G1.inpad[0] (.input)                                             0.000     0.000
G6263.in[1] (.names)                                             1.690     1.690
G6263.out[0] (.names)                                            0.193     1.883
out:G6263.outpad[0] (.output)                                    3.468     5.351
data arrival time                                                          5.351

clock virtual_io_clock (rise edge)                               0.000     0.000
clock source latency                                             0.000     0.000
clock uncertainty                                                0.000     0.000
output external delay                                            0.000     0.000
data required time                                                         0.000
--------------------------------------------------------------------------------
data required time                                                        -0.000
data arrival time                                                          5.351
--------------------------------------------------------------------------------
slack (MET)                                                                5.351


#Path 8
Startpoint: G3.inpad[0] (.input clocked by virtual_io_clock)
Endpoint  : out:G6276.outpad[0] (.output clocked by virtual_io_clock)
Path Type : hold

Point                                                             Incr      Path
--------------------------------------------------------------------------------
clock virtual_io_clock (rise edge)                               0.000     0.000
clock source latency                                             0.000     0.000
input external delay                                             0.000     0.000
G3.inpad[0] (.input)                                             0.000     0.000
new_n383.in[1] (.names)                                          1.650     1.650
new_n383.out[0] (.names)                                         0.193     1.843
G6276.in[1] (.names)                                             0.064     1.907
G6276.out[0] (.names)                                            0.193     2.100
out:G6276.outpad[0] (.output)                                    3.274     5.374
data arrival time                                                          5.374

clock virtual_io_clock (rise edge)                               0.000     0.000
clock source latency                                             0.000     0.000
clock uncertainty                                                0.000     0.000
output external delay                                            0.000     0.000
data required time                                                         0.000
--------------------------------------------------------------------------------
data required time                                                        -0.000
data arrival time                                                          5.374
--------------------------------------------------------------------------------
slack (MET)                                                                5.374


#Path 9
Startpoint: G1.inpad[0] (.input clocked by virtual_io_clock)
Endpoint  : out:G6273.outpad[0] (.output clocked by virtual_io_clock)
Path Type : hold

Point                                                             Incr      Path
--------------------------------------------------------------------------------
clock virtual_io_clock (rise edge)                               0.000     0.000
clock source latency                                             0.000     0.000
input external delay                                             0.000     0.000
G1.inpad[0] (.input)                                             0.000     0.000
new_n450.in[1] (.names)                                          1.533     1.533
new_n450.out[0] (.names)                                         0.193     1.726
new_n422.in[0] (.names)                                          0.064     1.790
new_n422.out[0] (.names)                                         0.193     1.983
G6273.in[1] (.names)                                             0.064     2.047
G6273.out[0] (.names)                                            0.193     2.240
out:G6273.outpad[0] (.output)                                    3.145     5.385
data arrival time                                                          5.385

clock virtual_io_clock (rise edge)                               0.000     0.000
clock source latency                                             0.000     0.000
clock uncertainty                                                0.000     0.000
output external delay                                            0.000     0.000
data required time                                                         0.000
--------------------------------------------------------------------------------
data required time                                                        -0.000
data arrival time                                                          5.385
--------------------------------------------------------------------------------
slack (MET)                                                                5.385


#Path 10
Startpoint: G1.inpad[0] (.input clocked by virtual_io_clock)
Endpoint  : out:G6272.outpad[0] (.output clocked by virtual_io_clock)
Path Type : hold

Point                                                             Incr      Path
--------------------------------------------------------------------------------
clock virtual_io_clock (rise edge)                               0.000     0.000
clock source latency                                             0.000     0.000
input external delay                                             0.000     0.000
G1.inpad[0] (.input)                                             0.000     0.000
new_n450.in[1] (.names)                                          1.533     1.533
new_n450.out[0] (.names)                                         0.193     1.726
new_n422.in[0] (.names)                                          0.064     1.790
new_n422.out[0] (.names)                                         0.193     1.983
G6272.in[1] (.names)                                             0.064     2.047
G6272.out[0] (.names)                                            0.193     2.240
out:G6272.outpad[0] (.output)                                    3.150     5.391
data arrival time                                                          5.391

clock virtual_io_clock (rise edge)                               0.000     0.000
clock source latency                                             0.000     0.000
clock uncertainty                                                0.000     0.000
output external delay                                            0.000     0.000
data required time                                                         0.000
--------------------------------------------------------------------------------
data required time                                                        -0.000
data arrival time                                                          5.391
--------------------------------------------------------------------------------
slack (MET)                                                                5.391


#Path 11
Startpoint: G3.inpad[0] (.input clocked by virtual_io_clock)
Endpoint  : out:G6275.outpad[0] (.output clocked by virtual_io_clock)
Path Type : hold

Point                                                             Incr      Path
--------------------------------------------------------------------------------
clock virtual_io_clock (rise edge)                               0.000     0.000
clock source latency                                             0.000     0.000
input external delay                                             0.000     0.000
G3.inpad[0] (.input)                                             0.000     0.000
new_n383.in[1] (.names)                                          1.650     1.650
new_n383.out[0] (.names)                                         0.193     1.843
G6275.in[0] (.names)                                             0.128     1.971
G6275.out[0] (.names)                                            0.193     2.164
out:G6275.outpad[0] (.output)                                    3.241     5.404
data arrival time                                                          5.404

clock virtual_io_clock (rise edge)                               0.000     0.000
clock source latency                                             0.000     0.000
clock uncertainty                                                0.000     0.000
output external delay                                            0.000     0.000
data required time                                                         0.000
--------------------------------------------------------------------------------
data required time                                                        -0.000
data arrival time                                                          5.404
--------------------------------------------------------------------------------
slack (MET)                                                                5.404


#Path 12
Startpoint: G1.inpad[0] (.input clocked by virtual_io_clock)
Endpoint  : out:G6257.outpad[0] (.output clocked by virtual_io_clock)
Path Type : hold

Point                                                             Incr      Path
--------------------------------------------------------------------------------
clock virtual_io_clock (rise edge)                               0.000     0.000
clock source latency                                             0.000     0.000
input external delay                                             0.000     0.000
G1.inpad[0] (.input)                                             0.000     0.000
G6257.in[1] (.names)                                             1.690     1.690
G6257.out[0] (.names)                                            0.193     1.883
out:G6257.outpad[0] (.output)                                    3.523     5.406
data arrival time                                                          5.406

clock virtual_io_clock (rise edge)                               0.000     0.000
clock source latency                                             0.000     0.000
clock uncertainty                                                0.000     0.000
output external delay                                            0.000     0.000
data required time                                                         0.000
--------------------------------------------------------------------------------
data required time                                                        -0.000
data arrival time                                                          5.406
--------------------------------------------------------------------------------
slack (MET)                                                                5.406


#Path 13
Startpoint: G1.inpad[0] (.input clocked by virtual_io_clock)
Endpoint  : out:G6258.outpad[0] (.output clocked by virtual_io_clock)
Path Type : hold

Point                                                             Incr      Path
--------------------------------------------------------------------------------
clock virtual_io_clock (rise edge)                               0.000     0.000
clock source latency                                             0.000     0.000
input external delay                                             0.000     0.000
G1.inpad[0] (.input)                                             0.000     0.000
G6258.in[1] (.names)                                             1.690     1.690
G6258.out[0] (.names)                                            0.193     1.883
out:G6258.outpad[0] (.output)                                    3.526     5.409
data arrival time                                                          5.409

clock virtual_io_clock (rise edge)                               0.000     0.000
clock source latency                                             0.000     0.000
clock uncertainty                                                0.000     0.000
output external delay                                            0.000     0.000
data required time                                                         0.000
--------------------------------------------------------------------------------
data required time                                                        -0.000
data arrival time                                                          5.409
--------------------------------------------------------------------------------
slack (MET)                                                                5.409


#Path 14
Startpoint: G10.inpad[0] (.input clocked by virtual_io_clock)
Endpoint  : out:G6281.outpad[0] (.output clocked by virtual_io_clock)
Path Type : hold

Point                                                             Incr      Path
--------------------------------------------------------------------------------
clock virtual_io_clock (rise edge)                               0.000     0.000
clock source latency                                             0.000     0.000
input external delay                                             0.000     0.000
G10.inpad[0] (.input)                                            0.000     0.000
new_n524.in[4] (.names)                                          1.698     1.698
new_n524.out[0] (.names)                                         0.193     1.891
G6281.in[5] (.names)                                             0.064     1.955
G6281.out[0] (.names)                                            0.193     2.148
out:G6281.outpad[0] (.output)                                    3.274     5.423
data arrival time                                                          5.423

clock virtual_io_clock (rise edge)                               0.000     0.000
clock source latency                                             0.000     0.000
clock uncertainty                                                0.000     0.000
output external delay                                            0.000     0.000
data required time                                                         0.000
--------------------------------------------------------------------------------
data required time                                                        -0.000
data arrival time                                                          5.423
--------------------------------------------------------------------------------
slack (MET)                                                                5.423


#Path 15
Startpoint: G1.inpad[0] (.input clocked by virtual_io_clock)
Endpoint  : out:G6270.outpad[0] (.output clocked by virtual_io_clock)
Path Type : hold

Point                                                             Incr      Path
--------------------------------------------------------------------------------
clock virtual_io_clock (rise edge)                               0.000     0.000
clock source latency                                             0.000     0.000
input external delay                                             0.000     0.000
G1.inpad[0] (.input)                                             0.000     0.000
new_n449.in[1] (.names)                                          1.690     1.690
new_n449.out[0] (.names)                                         0.193     1.883
G6270.in[2] (.names)                                             0.064     1.947
G6270.out[0] (.names)                                            0.193     2.140
out:G6270.outpad[0] (.output)                                    3.317     5.457
data arrival time                                                          5.457

clock virtual_io_clock (rise edge)                               0.000     0.000
clock source latency                                             0.000     0.000
clock uncertainty                                                0.000     0.000
output external delay                                            0.000     0.000
data required time                                                         0.000
--------------------------------------------------------------------------------
data required time                                                        -0.000
data arrival time                                                          5.457
--------------------------------------------------------------------------------
slack (MET)                                                                5.457


#Path 16
Startpoint: G10.inpad[0] (.input clocked by virtual_io_clock)
Endpoint  : out:G6282.outpad[0] (.output clocked by virtual_io_clock)
Path Type : hold

Point                                                             Incr      Path
--------------------------------------------------------------------------------
clock virtual_io_clock (rise edge)                               0.000     0.000
clock source latency                                             0.000     0.000
input external delay                                             0.000     0.000
G10.inpad[0] (.input)                                            0.000     0.000
new_n538.in[3] (.names)                                          1.704     1.704
new_n538.out[0] (.names)                                         0.193     1.897
G6282.in[1] (.names)                                             0.064     1.961
G6282.out[0] (.names)                                            0.193     2.154
out:G6282.outpad[0] (.output)                                    3.403     5.557
data arrival time                                                          5.557

clock virtual_io_clock (rise edge)                               0.000     0.000
clock source latency                                             0.000     0.000
clock uncertainty                                                0.000     0.000
output external delay                                            0.000     0.000
data required time                                                         0.000
--------------------------------------------------------------------------------
data required time                                                        -0.000
data arrival time                                                          5.557
--------------------------------------------------------------------------------
slack (MET)                                                                5.557


#Path 17
Startpoint: G6.inpad[0] (.input clocked by virtual_io_clock)
Endpoint  : out:G6278.outpad[0] (.output clocked by virtual_io_clock)
Path Type : hold

Point                                                             Incr      Path
--------------------------------------------------------------------------------
clock virtual_io_clock (rise edge)                               0.000     0.000
clock source latency                                             0.000     0.000
input external delay                                             0.000     0.000
G6.inpad[0] (.input)                                             0.000     0.000
new_n67.in[0] (.names)                                           1.691     1.691
new_n67.out[0] (.names)                                          0.193     1.884
G6278.in[2] (.names)                                             0.064     1.948
G6278.out[0] (.names)                                            0.193     2.141
out:G6278.outpad[0] (.output)                                    3.420     5.561
data arrival time                                                          5.561

clock virtual_io_clock (rise edge)                               0.000     0.000
clock source latency                                             0.000     0.000
clock uncertainty                                                0.000     0.000
output external delay                                            0.000     0.000
data required time                                                         0.000
--------------------------------------------------------------------------------
data required time                                                        -0.000
data arrival time                                                          5.561
--------------------------------------------------------------------------------
slack (MET)                                                                5.561


#Path 18
Startpoint: G32.inpad[0] (.input clocked by virtual_io_clock)
Endpoint  : out:G6288.outpad[0] (.output clocked by virtual_io_clock)
Path Type : hold

Point                                                             Incr      Path
--------------------------------------------------------------------------------
clock virtual_io_clock (rise edge)                               0.000     0.000
clock source latency                                             0.000     0.000
input external delay                                             0.000     0.000
G32.inpad[0] (.input)                                            0.000     0.000
new_n579.in[1] (.names)                                          1.799     1.799
new_n579.out[0] (.names)                                         0.193     1.992
G6288.in[4] (.names)                                             0.128     2.120
G6288.out[0] (.names)                                            0.193     2.313
out:G6288.outpad[0] (.output)                                    3.304     5.618
data arrival time                                                          5.618

clock virtual_io_clock (rise edge)                               0.000     0.000
clock source latency                                             0.000     0.000
clock uncertainty                                                0.000     0.000
output external delay                                            0.000     0.000
data required time                                                         0.000
--------------------------------------------------------------------------------
data required time                                                        -0.000
data arrival time                                                          5.618
--------------------------------------------------------------------------------
slack (MET)                                                                5.618


#Path 19
Startpoint: G32.inpad[0] (.input clocked by virtual_io_clock)
Endpoint  : out:G6287.outpad[0] (.output clocked by virtual_io_clock)
Path Type : hold

Point                                                             Incr      Path
--------------------------------------------------------------------------------
clock virtual_io_clock (rise edge)                               0.000     0.000
clock source latency                                             0.000     0.000
input external delay                                             0.000     0.000
G32.inpad[0] (.input)                                            0.000     0.000
new_n579.in[1] (.names)                                          1.799     1.799
new_n579.out[0] (.names)                                         0.193     1.992
G6287.in[1] (.names)                                             0.128     2.120
G6287.out[0] (.names)                                            0.193     2.313
out:G6287.outpad[0] (.output)                                    3.346     5.659
data arrival time                                                          5.659

clock virtual_io_clock (rise edge)                               0.000     0.000
clock source latency                                             0.000     0.000
clock uncertainty                                                0.000     0.000
output external delay                                            0.000     0.000
data required time                                                         0.000
--------------------------------------------------------------------------------
data required time                                                        -0.000
data arrival time                                                          5.659
--------------------------------------------------------------------------------
slack (MET)                                                                5.659


#Path 20
Startpoint: G7.inpad[0] (.input clocked by virtual_io_clock)
Endpoint  : out:G6280.outpad[0] (.output clocked by virtual_io_clock)
Path Type : hold

Point                                                             Incr      Path
--------------------------------------------------------------------------------
clock virtual_io_clock (rise edge)                               0.000     0.000
clock source latency                                             0.000     0.000
input external delay                                             0.000     0.000
G7.inpad[0] (.input)                                             0.000     0.000
new_n511.in[1] (.names)                                          1.833     1.833
new_n511.out[0] (.names)                                         0.193     2.026
G6280.in[2] (.names)                                             0.064     2.090
G6280.out[0] (.names)                                            0.193     2.283
out:G6280.outpad[0] (.output)                                    3.385     5.668
data arrival time                                                          5.668

clock virtual_io_clock (rise edge)                               0.000     0.000
clock source latency                                             0.000     0.000
clock uncertainty                                                0.000     0.000
output external delay                                            0.000     0.000
data required time                                                         0.000
--------------------------------------------------------------------------------
data required time                                                        -0.000
data arrival time                                                          5.668
--------------------------------------------------------------------------------
slack (MET)                                                                5.668


#Path 21
Startpoint: G7.inpad[0] (.input clocked by virtual_io_clock)
Endpoint  : out:G6279.outpad[0] (.output clocked by virtual_io_clock)
Path Type : hold

Point                                                             Incr      Path
--------------------------------------------------------------------------------
clock virtual_io_clock (rise edge)                               0.000     0.000
clock source latency                                             0.000     0.000
input external delay                                             0.000     0.000
G7.inpad[0] (.input)                                             0.000     0.000
new_n511.in[1] (.names)                                          1.833     1.833
new_n511.out[0] (.names)                                         0.193     2.026
G6279.in[2] (.names)                                             0.064     2.090
G6279.out[0] (.names)                                            0.193     2.283
out:G6279.outpad[0] (.output)                                    3.388     5.671
data arrival time                                                          5.671

clock virtual_io_clock (rise edge)                               0.000     0.000
clock source latency                                             0.000     0.000
clock uncertainty                                                0.000     0.000
output external delay                                            0.000     0.000
data required time                                                         0.000
--------------------------------------------------------------------------------
data required time                                                        -0.000
data arrival time                                                          5.671
--------------------------------------------------------------------------------
slack (MET)                                                                5.671


#Path 22
Startpoint: G11.inpad[0] (.input clocked by virtual_io_clock)
Endpoint  : out:G6284.outpad[0] (.output clocked by virtual_io_clock)
Path Type : hold

Point                                                             Incr      Path
--------------------------------------------------------------------------------
clock virtual_io_clock (rise edge)                               0.000     0.000
clock source latency                                             0.000     0.000
input external delay                                             0.000     0.000
G11.inpad[0] (.input)                                            0.000     0.000
new_n549.in[5] (.names)                                          1.670     1.670
new_n549.out[0] (.names)                                         0.193     1.863
new_n560.in[0] (.names)                                          0.064     1.927
new_n560.out[0] (.names)                                         0.193     2.120
G6284.in[1] (.names)                                             0.064     2.184
G6284.out[0] (.names)                                            0.193     2.377
out:G6284.outpad[0] (.output)                                    3.311     5.688
data arrival time                                                          5.688

clock virtual_io_clock (rise edge)                               0.000     0.000
clock source latency                                             0.000     0.000
clock uncertainty                                                0.000     0.000
output external delay                                            0.000     0.000
data required time                                                         0.000
--------------------------------------------------------------------------------
data required time                                                        -0.000
data arrival time                                                          5.688
--------------------------------------------------------------------------------
slack (MET)                                                                5.688


#Path 23
Startpoint: G6.inpad[0] (.input clocked by virtual_io_clock)
Endpoint  : out:G6277.outpad[0] (.output clocked by virtual_io_clock)
Path Type : hold

Point                                                             Incr      Path
--------------------------------------------------------------------------------
clock virtual_io_clock (rise edge)                               0.000     0.000
clock source latency                                             0.000     0.000
input external delay                                             0.000     0.000
G6.inpad[0] (.input)                                             0.000     0.000
new_n67.in[0] (.names)                                           1.691     1.691
new_n67.out[0] (.names)                                          0.193     1.884
G6277.in[2] (.names)                                             0.265     2.148
G6277.out[0] (.names)                                            0.193     2.341
out:G6277.outpad[0] (.output)                                    3.386     5.728
data arrival time                                                          5.728

clock virtual_io_clock (rise edge)                               0.000     0.000
clock source latency                                             0.000     0.000
clock uncertainty                                                0.000     0.000
output external delay                                            0.000     0.000
data required time                                                         0.000
--------------------------------------------------------------------------------
data required time                                                        -0.000
data arrival time                                                          5.728
--------------------------------------------------------------------------------
slack (MET)                                                                5.728


#Path 24
Startpoint: G1.inpad[0] (.input clocked by virtual_io_clock)
Endpoint  : out:G6261.outpad[0] (.output clocked by virtual_io_clock)
Path Type : hold

Point                                                             Incr      Path
--------------------------------------------------------------------------------
clock virtual_io_clock (rise edge)                               0.000     0.000
clock source latency                                             0.000     0.000
input external delay                                             0.000     0.000
G1.inpad[0] (.input)                                             0.000     0.000
new_n443.in[1] (.names)                                          1.676     1.676
new_n443.out[0] (.names)                                         0.193     1.869
G6261.in[2] (.names)                                             0.265     2.134
G6261.out[0] (.names)                                            0.193     2.327
out:G6261.outpad[0] (.output)                                    3.405     5.731
data arrival time                                                          5.731

clock virtual_io_clock (rise edge)                               0.000     0.000
clock source latency                                             0.000     0.000
clock uncertainty                                                0.000     0.000
output external delay                                            0.000     0.000
data required time                                                         0.000
--------------------------------------------------------------------------------
data required time                                                        -0.000
data arrival time                                                          5.731
--------------------------------------------------------------------------------
slack (MET)                                                                5.731


#Path 25
Startpoint: G2.inpad[0] (.input clocked by virtual_io_clock)
Endpoint  : out:G6262.outpad[0] (.output clocked by virtual_io_clock)
Path Type : hold

Point                                                             Incr      Path
--------------------------------------------------------------------------------
clock virtual_io_clock (rise edge)                               0.000     0.000
clock source latency                                             0.000     0.000
input external delay                                             0.000     0.000
G2.inpad[0] (.input)                                             0.000     0.000
new_n408.in[1] (.names)                                          1.649     1.649
new_n408.out[0] (.names)                                         0.193     1.842
G6262.in[4] (.names)                                             0.265     2.107
G6262.out[0] (.names)                                            0.193     2.300
out:G6262.outpad[0] (.output)                                    3.450     5.750
data arrival time                                                          5.750

clock virtual_io_clock (rise edge)                               0.000     0.000
clock source latency                                             0.000     0.000
clock uncertainty                                                0.000     0.000
output external delay                                            0.000     0.000
data required time                                                         0.000
--------------------------------------------------------------------------------
data required time                                                        -0.000
data arrival time                                                          5.750
--------------------------------------------------------------------------------
slack (MET)                                                                5.750


#Path 26
Startpoint: G32.inpad[0] (.input clocked by virtual_io_clock)
Endpoint  : out:G6285.outpad[0] (.output clocked by virtual_io_clock)
Path Type : hold

Point                                                             Incr      Path
--------------------------------------------------------------------------------
clock virtual_io_clock (rise edge)                               0.000     0.000
clock source latency                                             0.000     0.000
input external delay                                             0.000     0.000
G32.inpad[0] (.input)                                            0.000     0.000
new_n566.in[4] (.names)                                          1.799     1.799
new_n566.out[0] (.names)                                         0.193     1.992
G6285.in[3] (.names)                                             0.128     2.120
G6285.out[0] (.names)                                            0.193     2.313
out:G6285.outpad[0] (.output)                                    3.441     5.754
data arrival time                                                          5.754

clock virtual_io_clock (rise edge)                               0.000     0.000
clock source latency                                             0.000     0.000
clock uncertainty                                                0.000     0.000
output external delay                                            0.000     0.000
data required time                                                         0.000
--------------------------------------------------------------------------------
data required time                                                        -0.000
data arrival time                                                          5.754
--------------------------------------------------------------------------------
slack (MET)                                                                5.754


#Path 27
Startpoint: G23.inpad[0] (.input clocked by virtual_io_clock)
Endpoint  : out:G6265.outpad[0] (.output clocked by virtual_io_clock)
Path Type : hold

Point                                                             Incr      Path
--------------------------------------------------------------------------------
clock virtual_io_clock (rise edge)                               0.000     0.000
clock source latency                                             0.000     0.000
input external delay                                             0.000     0.000
G23.inpad[0] (.input)                                            0.000     0.000
new_n435.in[1] (.names)                                          1.654     1.654
new_n435.out[0] (.names)                                         0.193     1.847
G6265.in[1] (.names)                                             0.402     2.249
G6265.out[0] (.names)                                            0.193     2.442
out:G6265.outpad[0] (.output)                                    3.321     5.763
data arrival time                                                          5.763

clock virtual_io_clock (rise edge)                               0.000     0.000
clock source latency                                             0.000     0.000
clock uncertainty                                                0.000     0.000
output external delay                                            0.000     0.000
data required time                                                         0.000
--------------------------------------------------------------------------------
data required time                                                        -0.000
data arrival time                                                          5.763
--------------------------------------------------------------------------------
slack (MET)                                                                5.763


#Path 28
Startpoint: G31.inpad[0] (.input clocked by virtual_io_clock)
Endpoint  : out:G6286.outpad[0] (.output clocked by virtual_io_clock)
Path Type : hold

Point                                                             Incr      Path
--------------------------------------------------------------------------------
clock virtual_io_clock (rise edge)                               0.000     0.000
clock source latency                                             0.000     0.000
input external delay                                             0.000     0.000
G31.inpad[0] (.input)                                            0.000     0.000
new_n576.in[2] (.names)                                          1.801     1.801
new_n576.out[0] (.names)                                         0.193     1.994
G6286.in[2] (.names)                                             0.264     2.258
G6286.out[0] (.names)                                            0.193     2.451
out:G6286.outpad[0] (.output)                                    3.322     5.773
data arrival time                                                          5.773

clock virtual_io_clock (rise edge)                               0.000     0.000
clock source latency                                             0.000     0.000
clock uncertainty                                                0.000     0.000
output external delay                                            0.000     0.000
data required time                                                         0.000
--------------------------------------------------------------------------------
data required time                                                        -0.000
data arrival time                                                          5.773
--------------------------------------------------------------------------------
slack (MET)                                                                5.773


#Path 29
Startpoint: G2.inpad[0] (.input clocked by virtual_io_clock)
Endpoint  : out:G6268.outpad[0] (.output clocked by virtual_io_clock)
Path Type : hold

Point                                                             Incr      Path
--------------------------------------------------------------------------------
clock virtual_io_clock (rise edge)                               0.000     0.000
clock source latency                                             0.000     0.000
input external delay                                             0.000     0.000
G2.inpad[0] (.input)                                             0.000     0.000
new_n414.in[1] (.names)                                          1.802     1.802
new_n414.out[0] (.names)                                         0.193     1.995
G6268.in[4] (.names)                                             0.264     2.259
G6268.out[0] (.names)                                            0.193     2.452
out:G6268.outpad[0] (.output)                                    3.326     5.778
data arrival time                                                          5.778

clock virtual_io_clock (rise edge)                               0.000     0.000
clock source latency                                             0.000     0.000
clock uncertainty                                                0.000     0.000
output external delay                                            0.000     0.000
data required time                                                         0.000
--------------------------------------------------------------------------------
data required time                                                        -0.000
data arrival time                                                          5.778
--------------------------------------------------------------------------------
slack (MET)                                                                5.778


#Path 30
Startpoint: G23.inpad[0] (.input clocked by virtual_io_clock)
Endpoint  : out:G6264.outpad[0] (.output clocked by virtual_io_clock)
Path Type : hold

Point                                                             Incr      Path
--------------------------------------------------------------------------------
clock virtual_io_clock (rise edge)                               0.000     0.000
clock source latency                                             0.000     0.000
input external delay                                             0.000     0.000
G23.inpad[0] (.input)                                            0.000     0.000
new_n435.in[1] (.names)                                          1.654     1.654
new_n435.out[0] (.names)                                         0.193     1.847
G6264.in[1] (.names)                                             0.402     2.249
G6264.out[0] (.names)                                            0.193     2.442
out:G6264.outpad[0] (.output)                                    3.381     5.823
data arrival time                                                          5.823

clock virtual_io_clock (rise edge)                               0.000     0.000
clock source latency                                             0.000     0.000
clock uncertainty                                                0.000     0.000
output external delay                                            0.000     0.000
data required time                                                         0.000
--------------------------------------------------------------------------------
data required time                                                        -0.000
data arrival time                                                          5.823
--------------------------------------------------------------------------------
slack (MET)                                                                5.823


#Path 31
Startpoint: G10.inpad[0] (.input clocked by virtual_io_clock)
Endpoint  : out:G6283.outpad[0] (.output clocked by virtual_io_clock)
Path Type : hold

Point                                                             Incr      Path
--------------------------------------------------------------------------------
clock virtual_io_clock (rise edge)                               0.000     0.000
clock source latency                                             0.000     0.000
input external delay                                             0.000     0.000
G10.inpad[0] (.input)                                            0.000     0.000
new_n539.in[0] (.names)                                          1.704     1.704
new_n539.out[0] (.names)                                         0.193     1.897
G6283.in[2] (.names)                                             0.401     2.298
G6283.out[0] (.names)                                            0.193     2.491
out:G6283.outpad[0] (.output)                                    3.359     5.851
data arrival time                                                          5.851

clock virtual_io_clock (rise edge)                               0.000     0.000
clock source latency                                             0.000     0.000
clock uncertainty                                                0.000     0.000
output external delay                                            0.000     0.000
data required time                                                         0.000
--------------------------------------------------------------------------------
data required time                                                        -0.000
data arrival time                                                          5.851
--------------------------------------------------------------------------------
slack (MET)                                                                5.851


#Path 32
Startpoint: G1.inpad[0] (.input clocked by virtual_io_clock)
Endpoint  : out:G6267.outpad[0] (.output clocked by virtual_io_clock)
Path Type : hold

Point                                                             Incr      Path
--------------------------------------------------------------------------------
clock virtual_io_clock (rise edge)                               0.000     0.000
clock source latency                                             0.000     0.000
input external delay                                             0.000     0.000
G1.inpad[0] (.input)                                             0.000     0.000
new_n430.in[2] (.names)                                          1.812     1.812
new_n430.out[0] (.names)                                         0.193     2.005
G6267.in[1] (.names)                                             0.265     2.270
G6267.out[0] (.names)                                            0.193     2.463
out:G6267.outpad[0] (.output)                                    3.397     5.860
data arrival time                                                          5.860

clock virtual_io_clock (rise edge)                               0.000     0.000
clock source latency                                             0.000     0.000
clock uncertainty                                                0.000     0.000
output external delay                                            0.000     0.000
data required time                                                         0.000
--------------------------------------------------------------------------------
data required time                                                        -0.000
data arrival time                                                          5.860
--------------------------------------------------------------------------------
slack (MET)                                                                5.860


#End of timing report
